#
# A fatal error has been detected by the Java Runtime Environment:
#
#  SIGSEGV (0xb) at pc=0x00007f64a252859d, pid=26051, tid=140070027028224
#
# JRE version: 6.0_24-b24
# Java VM: OpenJDK 64-Bit Server VM (20.0-b12 mixed mode linux-amd64 compressed oops)
# Derivative: IcedTea6 1.11.5
# Distribution: Ubuntu 12.04 LTS, package 6b24-1.11.5-0ubuntu1~12.04.1
# Problematic frame:
# C  [libXnVFeatures_1_5_2.so+0x8b59d]  Segmentation::detectionByPoint(bool, std::vector<Vector2D<int>, std::allocator<Vector2D<int> > > const*)+0x8d
#
# If you would like to submit a bug report, please include
# instructions how to reproduce the bug and visit:
#   https://bugs.launchpad.net/ubuntu/+source/openjdk-6/
# The crash happened outside the Java Virtual Machine in native code.
# See problematic frame for where to report the bug.
#

---------------  T H R E A D  ---------------

Current thread (0x00007f644c00d800):  JavaThread "Thread-3" [_thread_in_native, id=26091, stack(0x00007f6498246000,0x00007f6498347000)]

siginfo:si_signo=SIGSEGV: si_errno=0, si_code=2 (SEGV_ACCERR), si_addr=0x00007f64380a3444

Registers:
RAX=0x0000000000000102, RBX=0x00007f6438000c90, RCX=0x00007f6438096cc0, RDX=0x000000000000009e
RSP=0x00007f6498345580, RBP=0x00007f64636d9e60, RSI=0x00000000000063c2, RDI=0x00007f64636d9fe0
R8 =0x0000000000000000, R9 =0x0101010101010101, R10=0x00007f6463798a21, R11=0x00007f64b5e32c9c
R12=0x00007f64a2acad88, R13=0x00007f64983456e0, R14=0x00007f6462749050, R15=0x0000000000000000
RIP=0x00007f64a252859d, EFLAGS=0x0000000000010202, CSGSFS=0x0000000000000033, ERR=0x0000000000000004
  TRAPNO=0x000000000000000e

Top of Stack: (sp=0x00007f6498345580)
0x00007f6498345580:   00007f64380a02d0 7fffffff00000000
0x00007f6498345590:   00007f64380a02d0 00007f64636d9fe0
0x00007f64983455a0:   00007f64636db2e0 00007f64636d9e60
0x00007f64983455b0:   00007f64636d9fe0 00007f64636d4d80
0x00007f64983455c0:   00007f64983456e0 00007f6462749050
0x00007f64983455d0:   0000000000000000 00007f64a252fbc0
0x00007f64983455e0:   000000000039e22b 000000000039e22b
0x00007f64983455f0:   0000000000000000 3ff0000000000000
0x00007f6498345600:   00007f64a2acb5a8 0000000000000001
0x00007f6498345610:   0000000000000040 00007f6462749010
0x00007f6498345620:   00007f64636d4d80 00007f64636b3f88
0x00007f6498345630:   00007f6462749050 00007f6462749028
0x00007f6498345640:   00007f64983456e0 00007f64a251899b
0x00007f6498345650:   00007f64637ca190 0000000000000008
0x00007f6498345660:   000000000039bf72 000000000039bf72
0x00007f6498345670:   0000000000000000 3ff0000000000000
0x00007f6498345680:   0000000000000000 00007f64a24f28bd
0x00007f6498345690:   00007f6498345700 00007f64aa33c01c
0x00007f64983456a0:   0000000000000001 00007f64aa33c000
0x00007f64983456b0:   00007f64b0be5070 00007f64b02438f0
0x00007f64983456c0:   00007f644c00d800 00007f64a24ee03f
0x00007f64983456d0:   000000000000013c 00007f64a80f5489
0x00007f64983456e0:   00007f6438000c90 00007f6438000c98
0x00007f64983456f0:   00007f6438000c98 00007f6438000b71
0x00007f6498345700:   0000009e00000102 00007f64b0be5070
0x00007f6498345710:   00007f64b0be5070 00007f64b0be5070
0x00007f6498345720:   00007f64b1257820 0000000000000051
0x00007f6498345730:   00007f6451da2ec0 00007f64a24ee5bf
0x00007f6498345740:   00007f64a2ab2af0 00007f64b4d7e4ec
0x00007f6498345750:   00007f64a2ab4d10 0000000000000000
0x00007f6498345760:   0000000000305f1e 0009600000000001
0x00007f6498345770:   ffffffff00000001 00007f64983457b4 

Instructions: (pc=0x00007f64a252859d)
0x00007f64a252857d:   39 5d 08 0f 84 d2 01 00 00 8b 53 04 41 8b 74 24
0x00007f64a252858d:   3c 49 8b 4c 24 28 8b 03 0f af f2 48 8b 09 01 c6
0x00007f64a252859d:   66 83 3c 71 00 74 d4 48 63 8d 88 01 00 00 48 8b
0x00007f64a25285ad:   7c 24 18 48 69 c9 d8 03 00 00 48 8d 74 0f 10 48 

Register to memory mapping:

RAX=0x0000000000000102 is an unknown value
RBX=0x00007f6438000c90 is an unknown value
RCX=0x00007f6438096cc0 is an unknown value
RDX=0x000000000000009e is an unknown value
RSP=0x00007f6498345580 is pointing into the stack for thread: 0x00007f644c00d800
RBP=0x00007f64636d9e60 is an unknown value
RSI=0x00000000000063c2 is an unknown value
RDI=0x00007f64636d9fe0 is an unknown value
R8 =0x0000000000000000 is an unknown value
R9 =0x0101010101010101 is an unknown value
R10=0x00007f6463798a21 is an unknown value
R11=0x00007f64b5e32c9c: <offset 0x8bc9c> in /lib/x86_64-linux-gnu/libc.so.6 at 0x00007f64b5da7000
R12=0x00007f64a2acad88: <offset 0x62dd88> in /usr/lib/libXnVFeatures_1_5_2.so at 0x00007f64a249d000
R13=0x00007f64983456e0 is pointing into the stack for thread: 0x00007f644c00d800
R14=0x00007f6462749050 is an unknown value
R15=0x0000000000000000 is an unknown value


Stack: [0x00007f6498246000,0x00007f6498347000],  sp=0x00007f6498345580,  free space=1021k
Native frames: (J=compiled Java code, j=interpreted, Vv=VM code, C=native code)
C  [libXnVFeatures_1_5_2.so+0x8b59d]  Segmentation::detectionByPoint(bool, std::vector<Vector2D<int>, std::allocator<Vector2D<int> > > const*)+0x8d

Java frames: (J=compiled Java code, j=interpreted, Vv=VM code)
j  org.OpenNI.NativeMethods.xnWaitAnyUpdateAll(J)I+0
j  org.OpenNI.Context.waitAnyUpdateAll()V+4
j  edu.seas.upenn.ese519.OverlayPanel.run()V+12
j  java.lang.Thread.run()V+11
v  ~StubRoutines::call_stub

---------------  P R O C E S S  ---------------

Java Threads: ( => current thread )
  0x00007f644c00f000 JavaThread "Thread-4" [_thread_blocked, id=26092, stack(0x00007f6498145000,0x00007f6498246000)]
=>0x00007f644c00d800 JavaThread "Thread-3" [_thread_in_native, id=26091, stack(0x00007f6498246000,0x00007f6498347000)]
  0x00007f644c00c000 JavaThread "Thread-2" [_thread_blocked, id=26090, stack(0x00007f6498347000,0x00007f6498448000)]
  0x00007f644c00a800 JavaThread "Thread-1" [_thread_blocked, id=26089, stack(0x00007f6498448000,0x00007f6498549000)]
  0x00007f64b0007800 JavaThread "DestroyJavaVM" [_thread_blocked, id=26057, stack(0x00007f64b6881000,0x00007f64b6982000)]
  0x00007f6451dba000 JavaThread "AWT-EventQueue-0" [_thread_blocked, id=26085, stack(0x00007f6498dc0000,0x00007f6498ec1000)]
  0x00007f6451db6800 JavaThread "AWT-Shutdown" [_thread_blocked, id=26084, stack(0x00007f645641f000,0x00007f6456520000)]
  0x00007f64b021c000 JavaThread "AWT-XAWT" daemon [_thread_in_native, id=26073, stack(0x00007f64a8826000,0x00007f64a8927000)]
  0x00007f64b0128800 JavaThread "Java2D Disposer" daemon [_thread_blocked, id=26072, stack(0x00007f64a8bd8000,0x00007f64a8cd9000)]
  0x00007f64b009e000 JavaThread "Low Memory Detector" daemon [_thread_blocked, id=26070, stack(0x00007f64aa98e000,0x00007f64aaa8f000)]
  0x00007f64b009b800 JavaThread "C2 CompilerThread1" daemon [_thread_in_native, id=26069, stack(0x00007f64aaa8f000,0x00007f64aab90000)]
  0x00007f64b0098800 JavaThread "C2 CompilerThread0" daemon [_thread_blocked, id=26068, stack(0x00007f64aab90000,0x00007f64aac91000)]
  0x00007f64b0097800 JavaThread "Signal Dispatcher" daemon [_thread_blocked, id=26067, stack(0x00007f64aac91000,0x00007f64aad92000)]
  0x00007f64b0078000 JavaThread "Finalizer" daemon [_thread_blocked, id=26064, stack(0x00007f64ab206000,0x00007f64ab307000)]
  0x00007f64b0076000 JavaThread "Reference Handler" daemon [_thread_blocked, id=26063, stack(0x00007f64ab307000,0x00007f64ab408000)]

Other Threads:
  0x00007f64b006f000 VMThread [stack: 0x00007f64ab408000,0x00007f64ab509000] [id=26062]
  0x00007f64b00a0800 WatcherThread [stack: 0x00007f64aa88d000,0x00007f64aa98e000] [id=26071]

VM state:not at safepoint (normal execution)

VM Mutex/Monitor currently owned by a thread: None

Heap
 PSYoungGen      total 36736K, used 8709K [0x00000007d6f60000, 0x00000007d9860000, 0x0000000800000000)
  eden space 31488K, 27% used [0x00000007d6f60000,0x00000007d77e1458,0x00000007d8e20000)
  from space 5248K, 0% used [0x00000007d9340000,0x00000007d9340000,0x00000007d9860000)
  to   space 5248K, 0% used [0x00000007d8e20000,0x00000007d8e20000,0x00000007d9340000)
 PSOldGen        total 84032K, used 0K [0x0000000784e00000, 0x000000078a010000, 0x00000007d6f60000)
  object space 84032K, 0% used [0x0000000784e00000,0x0000000784e00000,0x000000078a010000)
 PSPermGen       total 21248K, used 12927K [0x000000077a800000, 0x000000077bcc0000, 0x0000000784e00000)
  object space 21248K, 60% used [0x000000077a800000,0x000000077b49fdf0,0x000000077bcc0000)

Code Cache  [0x00007f64ac5bc000, 0x00007f64ac82c000, 0x00007f64af5bc000)
 total_blobs=481 nmethods=32 adapters=404 free_code_cache=49732864 largest_free_block=6336

Dynamic libraries:
00400000-00409000 r-xp 00000000 07:00 2884059                            /usr/lib/jvm/java-6-openjdk-amd64/jre/bin/java
00608000-00609000 r--p 00008000 07:00 2884059                            /usr/lib/jvm/java-6-openjdk-amd64/jre/bin/java
00609000-0060a000 rw-p 00009000 07:00 2884059                            /usr/lib/jvm/java-6-openjdk-amd64/jre/bin/java
01dd0000-01df1000 rw-p 00000000 00:00 0                                  [heap]
77a800000-77bcc0000 rw-p 00000000 00:00 0 
77bcc0000-784e00000 rw-p 00000000 00:00 0 
784e00000-78a010000 rw-p 00000000 00:00 0 
78a010000-7d6f60000 rw-p 00000000 00:00 0 
7d6f60000-7d9860000 rw-p 00000000 00:00 0 
7d9860000-800000000 rw-p 00000000 00:00 0 
7f6438000000-7f643818a000 rw-p 00000000 00:00 0 
7f643818a000-7f643c000000 ---p 00000000 00:00 0 
7f643c000000-7f643c021000 rw-p 00000000 00:00 0 
7f643c021000-7f6440000000 ---p 00000000 00:00 0 
7f6440000000-7f6440021000 rw-p 00000000 00:00 0 
7f6440021000-7f6444000000 ---p 00000000 00:00 0 
7f6444000000-7f6444021000 rw-p 00000000 00:00 0 
7f6444021000-7f6448000000 ---p 00000000 00:00 0 
7f6448000000-7f6448021000 rw-p 00000000 00:00 0 
7f6448021000-7f644c000000 ---p 00000000 00:00 0 
7f644c000000-7f644c021000 rw-p 00000000 00:00 0 
7f644c021000-7f6450000000 ---p 00000000 00:00 0 
7f6450000000-7f6451e35000 rw-p 00000000 00:00 0 
7f6451e35000-7f6454000000 ---p 00000000 00:00 0 
7f645641f000-7f6456422000 ---p 00000000 00:00 0 
7f6456422000-7f6456520000 rwxp 00000000 00:00 0 
7f6456520000-7f6456603000 rw-p 00000000 00:00 0 
7f6456603000-7f6457c83000 r--s 00000000 00:12 1358066                    /run/shm/26075_045e.02ae@1.52_Image
7f6457c83000-7f645c000000 rw-p 00000000 00:00 0 
7f645c000000-7f645c029000 rw-p 00000000 00:00 0 
7f645c029000-7f6460000000 ---p 00000000 00:00 0 
7f646149f000-7f64637cb000 rw-p 00000000 00:00 0 
7f64637cb000-7f6463ed3000 r--s 00000000 00:12 1358064                    /run/shm/26075_045e.02ae@1.52_Depth
7f6463ed3000-7f6464000000 rw-p 00000000 00:00 0 
7f6464000000-7f6464021000 rw-p 00000000 00:00 0 
7f6464021000-7f6468000000 ---p 00000000 00:00 0 
7f6468000000-7f6468026000 rw-p 00000000 00:00 0 
7f6468026000-7f646c000000 ---p 00000000 00:00 0 
7f646c000000-7f646c021000 rw-p 00000000 00:00 0 
7f646c021000-7f6470000000 ---p 00000000 00:00 0 
7f6470000000-7f6470021000 rw-p 00000000 00:00 0 
7f6470021000-7f6474000000 ---p 00000000 00:00 0 
7f6474000000-7f647431f000 rw-p 00000000 00:00 0 
7f647431f000-7f6478000000 ---p 00000000 00:00 0 
7f6478000000-7f6478021000 rw-p 00000000 00:00 0 
7f6478021000-7f647c000000 ---p 00000000 00:00 0 
7f647c000000-7f647c021000 rw-p 00000000 00:00 0 
7f647c021000-7f6480000000 ---p 00000000 00:00 0 
7f6480000000-7f648039d000 rw-p 00000000 00:00 0 
7f648039d000-7f6484000000 ---p 00000000 00:00 0 
7f6484000000-7f6484021000 rw-p 00000000 00:00 0 
7f6484021000-7f6488000000 ---p 00000000 00:00 0 
7f6488000000-7f6488021000 rw-p 00000000 00:00 0 
7f6488021000-7f648c000000 ---p 00000000 00:00 0 
7f648c000000-7f648c021000 rw-p 00000000 00:00 0 
7f648c021000-7f6490000000 ---p 00000000 00:00 0 
7f6490000000-7f6490021000 rw-p 00000000 00:00 0 
7f6490021000-7f6494000000 ---p 00000000 00:00 0 
7f6494000000-7f6494021000 rw-p 00000000 00:00 0 
7f6494021000-7f6498000000 ---p 00000000 00:00 0 
7f6498145000-7f6498148000 ---p 00000000 00:00 0 
7f6498148000-7f6498246000 rwxp 00000000 00:00 0 
7f6498246000-7f6498249000 ---p 00000000 00:00 0 
7f6498249000-7f6498347000 rwxp 00000000 00:00 0 
7f6498347000-7f649834a000 ---p 00000000 00:00 0 
7f649834a000-7f6498448000 rwxp 00000000 00:00 0 
7f6498448000-7f649844b000 ---p 00000000 00:00 0 
7f649844b000-7f6498549000 rwxp 00000000 00:00 0 
7f6498549000-7f6498662000 rw-s 00000000 00:04 1469481148                 /SYSV00000000 (deleted)
7f6498662000-7f64989a1000 rw-s 00000000 00:04 1469448247                 /SYSV00000000 (deleted)
7f64989a1000-7f64989a9000 r-xp 00000000 07:00 2884097                    /usr/lib/jvm/java-6-openjdk-amd64/jre/lib/amd64/libnio.so
7f64989a9000-7f6498ba8000 ---p 00008000 07:00 2884097                    /usr/lib/jvm/java-6-openjdk-amd64/jre/lib/amd64/libnio.so
7f6498ba8000-7f6498ba9000 r--p 00007000 07:00 2884097                    /usr/lib/jvm/java-6-openjdk-amd64/jre/lib/amd64/libnio.so
7f6498ba9000-7f6498baa000 rw-p 00008000 07:00 2884097                    /usr/lib/jvm/java-6-openjdk-amd64/jre/lib/amd64/libnio.so
7f6498baa000-7f6498bbf000 r-xp 00000000 07:00 2884096                    /usr/lib/jvm/java-6-openjdk-amd64/jre/lib/amd64/libnet.so
7f6498bbf000-7f6498dbe000 ---p 00015000 07:00 2884096                    /usr/lib/jvm/java-6-openjdk-amd64/jre/lib/amd64/libnet.so
7f6498dbe000-7f6498dbf000 r--p 00014000 07:00 2884096                    /usr/lib/jvm/java-6-openjdk-amd64/jre/lib/amd64/libnet.so
7f6498dbf000-7f6498dc0000 rw-p 00015000 07:00 2884096                    /usr/lib/jvm/java-6-openjdk-amd64/jre/lib/amd64/libnet.so
7f6498dc0000-7f6498dc3000 ---p 00000000 00:00 0 
7f6498dc3000-7f6498ec1000 rwxp 00000000 00:00 0 
7f6498ec1000-7f6499404000 rw-p 00000000 00:00 0 
7f6499405000-7f649ab31000 rw-p 00000000 00:00 0 
7f649ab31000-7f649ab32000 ---p 00000000 00:00 0 
7f649ab32000-7f649b332000 rwxp 00000000 00:00 0 
7f649b332000-7f649b8f8000 rw-p 00000000 00:00 0 
7f649b8f8000-7f649c000000 r--s 00000000 00:12 1358064                    /run/shm/26075_045e.02ae@1.52_Depth
7f649c000000-7f649c021000 rw-p 00000000 00:00 0 
7f649c021000-7f64a0000000 ---p 00000000 00:00 0 
7f64a0061000-7f64a018e000 rw-p 00000000 00:00 0 
7f64a018e000-7f64a018f000 ---p 00000000 00:00 0 
7f64a018f000-7f64a098f000 rwxp 00000000 00:00 0 
7f64a098f000-7f64a0d90000 rw-p 00000000 00:00 0 
7f64a0d90000-7f64a0db7000 r-xp 00000000 07:00 2759918                    /usr/lib/libXnDeviceFile.so
7f64a0db7000-7f64a0fb7000 ---p 00027000 07:00 2759918                    /usr/lib/libXnDeviceFile.so
7f64a0fb7000-7f64a0fb9000 r--p 00027000 07:00 2759918                    /usr/lib/libXnDeviceFile.so
7f64a0fb9000-7f64a0fba000 rw-p 00029000 07:00 2759918                    /usr/lib/libXnDeviceFile.so
7f64a0fba000-7f64a1002000 r-xp 00000000 07:00 2759917                    /usr/lib/libXnDDK.so
7f64a1002000-7f64a1202000 ---p 00048000 07:00 2759917                    /usr/lib/libXnDDK.so
7f64a1202000-7f64a1205000 r--p 00048000 07:00 2759917                    /usr/lib/libXnDDK.so
7f64a1205000-7f64a1207000 rw-p 0004b000 07:00 2759917                    /usr/lib/libXnDDK.so
7f64a1207000-7f64a122b000 r-xp 00000000 07:00 2759920                    /usr/lib/libXnFormats.so
7f64a122b000-7f64a142b000 ---p 00024000 07:00 2759920                    /usr/lib/libXnFormats.so
7f64a142b000-7f64a142c000 r--p 00024000 07:00 2759920                    /usr/lib/libXnFormats.so
7f64a142c000-7f64a142d000 rw-p 00025000 07:00 2759920                    /usr/lib/libXnFormats.so
7f64a142d000-7f64a144d000 rw-p 00000000 00:00 0 
7f64a144d000-7f64a1450000 r-xp 00000000 07:00 2759916                    /usr/lib/libXnCore.so
7f64a1450000-7f64a164f000 ---p 00003000 07:00 2759916                    /usr/lib/libXnCore.so
7f64a164f000-7f64a1650000 r--p 00002000 07:00 2759916                    /usr/lib/libXnCore.so
7f64a1650000-7f64a1651000 rw-p 00003000 07:00 2759916                    /usr/lib/libXnCore.so
7f64a1651000-7f64a16da000 r-xp 00000000 07:00 2759919                    /usr/lib/libXnDeviceSensorV2KM.so
7f64a16da000-7f64a18d9000 ---p 00089000 07:00 2759919                    /usr/lib/libXnDeviceSensorV2KM.so
7f64a18d9000-7f64a18e9000 r--p 00088000 07:00 2759919                    /usr/lib/libXnDeviceSensorV2KM.so
7f64a18e9000-7f64a18ea000 rw-p 00098000 07:00 2759919                    /usr/lib/libXnDeviceSensorV2KM.so
7f64a18ea000-7f64a19de000 r-xp 00000000 07:00 2759934                    /usr/lib/libXnVHandGenerator_1_5_2.so
7f64a19de000-7f64a1bdd000 ---p 000f4000 07:00 2759934                    /usr/lib/libXnVHandGenerator_1_5_2.so
7f64a1bdd000-7f64a1be2000 r--p 000f3000 07:00 2759934                    /usr/lib/libXnVHandGenerator_1_5_2.so
7f64a1be2000-7f64a1be3000 rw-p 000f8000 07:00 2759934                    /usr/lib/libXnVHandGenerator_1_5_2.so
7f64a1be3000-7f64a1bf1000 rw-p 00000000 00:00 0 
7f64a1bf1000-7f64a1cc9000 r-xp 00000000 07:00 2759933                    /usr/lib/libXnVHandGenerator_1_4_2.so
7f64a1cc9000-7f64a1ec8000 ---p 000d8000 07:00 2759933                    /usr/lib/libXnVHandGenerator_1_4_2.so
7f64a1ec8000-7f64a1ecd000 r--p 000d7000 07:00 2759933                    /usr/lib/libXnVHandGenerator_1_4_2.so
7f64a1ecd000-7f64a1ece000 rw-p 000dc000 07:00 2759933                    /usr/lib/libXnVHandGenerator_1_4_2.so
7f64a1ece000-7f64a1ed1000 rw-p 00000000 00:00 0 
7f64a1ed1000-7f64a1fa9000 r-xp 00000000 07:00 2759932                    /usr/lib/libXnVHandGenerator_1_4_1.so
7f64a1fa9000-7f64a21a8000 ---p 000d8000 07:00 2759932                    /usr/lib/libXnVHandGenerator_1_4_1.so
7f64a21a8000-7f64a21ad000 r--p 000d7000 07:00 2759932                    /usr/lib/libXnVHandGenerator_1_4_1.so
7f64a21ad000-7f64a21ae000 rw-p 000dc000 07:00 2759932                    /usr/lib/libXnVHandGenerator_1_4_1.so
7f64a21ae000-7f64a21b1000 rw-p 00000000 00:00 0 
7f64a21b1000-7f64a2294000 r-xp 00000000 07:00 2759931                    /usr/lib/libXnVHandGenerator_1_3_1.so
7f64a2294000-7f64a2494000 ---p 000e3000 07:00 2759931                    /usr/lib/libXnVHandGenerator_1_3_1.so
7f64a2494000-7f64a2499000 r--p 000e3000 07:00 2759931                    /usr/lib/libXnVHandGenerator_1_3_1.so
7f64a2499000-7f64a249a000 rw-p 000e8000 07:00 2759931                    /usr/lib/libXnVHandGenerator_1_3_1.so
7f64a249a000-7f64a249d000 rw-p 00000000 00:00 0 
7f64a249d000-7f64a28b2000 r-xp 00000000 07:00 2759929                    /usr/lib/libXnVFeatures_1_5_2.so
7f64a28b2000-7f64a2ab2000 ---p 00415000 07:00 2759929                    /usr/lib/libXnVFeatures_1_5_2.so
7f64a2ab2000-7f64a2ac3000 r--p 00415000 07:00 2759929                    /usr/lib/libXnVFeatures_1_5_2.so
7f64a2ac3000-7f64a2ac5000 rw-p 00426000 07:00 2759929                    /usr/lib/libXnVFeatures_1_5_2.so
7f64a2ac5000-7f64a2ada000 rw-p 00000000 00:00 0 
7f64a2ada000-7f64a2cd1000 r-xp 00000000 07:00 2759928                    /usr/lib/libXnVFeatures_1_4_2.so
7f64a2cd1000-7f64a2ed0000 ---p 001f7000 07:00 2759928                    /usr/lib/libXnVFeatures_1_4_2.so
7f64a2ed0000-7f64a2ed6000 r--p 001f6000 07:00 2759928                    /usr/lib/libXnVFeatures_1_4_2.so
7f64a2ed6000-7f64a2ed7000 rw-p 001fc000 07:00 2759928                    /usr/lib/libXnVFeatures_1_4_2.so
7f64a2ed7000-7f64a2edd000 rw-p 00000000 00:00 0 
7f64a2edd000-7f64a30d4000 r-xp 00000000 07:00 2759927                    /usr/lib/libXnVFeatures_1_4_1.so
7f64a30d4000-7f64a32d3000 ---p 001f7000 07:00 2759927                    /usr/lib/libXnVFeatures_1_4_1.so
7f64a32d3000-7f64a32d9000 r--p 001f6000 07:00 2759927                    /usr/lib/libXnVFeatures_1_4_1.so
7f64a32d9000-7f64a32da000 rw-p 001fc000 07:00 2759927                    /usr/lib/libXnVFeatures_1_4_1.so
7f64a32da000-7f64a32e0000 rw-p 00000000 00:00 0 
7f64a32e0000-7f64a3525000 r-xp 00000000 07:00 2759926                    /usr/lib/libXnVFeatures_1_3_1.so
7f64a3525000-7f64a3725000 ---p 00245000 07:00 2759926                    /usr/lib/libXnVFeatures_1_3_1.so
7f64a3725000-7f64a372b000 r--p 00245000 07:00 2759926                    /usr/lib/libXnVFeatures_1_3_1.so
7f64a372b000-7f64a372c000 rw-p 0024b000 07:00 2759926                    /usr/lib/libXnVFeatures_1_3_1.so
7f64a372c000-7f64a3733000 rw-p 00000000 00:00 0 
7f64a3733000-7f64a3751000 r-xp 00000000 07:00 2760368                    /usr/lib/libnimRecorder.so
7f64a3751000-7f64a3950000 ---p 0001e000 07:00 2760368                    /usr/lib/libnimRecorder.so
7f64a3950000-7f64a3952000 r--p 0001d000 07:00 2760368                    /usr/lib/libnimRecorder.so
7f64a3952000-7f64a3953000 rw-p 0001f000 07:00 2760368                    /usr/lib/libnimRecorder.so
7f64a3953000-7f64a3989000 r-xp 00000000 07:00 2760366                    /usr/lib/libnimCodecs.so
7f64a3989000-7f64a3b89000 ---p 00036000 07:00 2760366                    /usr/lib/libnimCodecs.so
7f64a3b89000-7f64a3b8c000 r--p 00036000 07:00 2760366                    /usr/lib/libnimCodecs.so
7f64a3b8c000-7f64a3b8d000 rw-p 00039000 07:00 2760366                    /usr/lib/libnimCodecs.so
7f64a3b8d000-7f64a3bad000 rw-p 00000000 00:00 0 
7f64a3bad000-7f64a3be4000 r-xp 00000000 07:00 2760367                    /usr/lib/libnimMockNodes.so
7f64a3be4000-7f64a3de3000 ---p 00037000 07:00 2760367                    /usr/lib/libnimMockNodes.so
7f64a3de3000-7f64a3df0000 r--p 00036000 07:00 2760367                    /usr/lib/libnimMockNodes.so
7f64a3df0000-7f64a3df1000 rw-p 00043000 07:00 2760367                    /usr/lib/libnimMockNodes.so
7f64a3df1000-7f64a3dff000 r-xp 00000000 07:00 136665                     /lib/x86_64-linux-gnu/libusb-1.0.so.0.1.0
7f64a3dff000-7f64a3ffe000 ---p 0000e000 07:00 136665                     /lib/x86_64-linux-gnu/libusb-1.0.so.0.1.0
7f64a3ffe000-7f64a3fff000 r--p 0000d000 07:00 136665                     /lib/x86_64-linux-gnu/libusb-1.0.so.0.1.0
7f64a3fff000-7f64a4000000 rw-p 0000e000 07:00 136665                     /lib/x86_64-linux-gnu/libusb-1.0.so.0.1.0
7f64a4000000-7f64a4021000 rw-p 00000000 00:00 0 
7f64a4021000-7f64a8000000 ---p 00000000 00:00 0 
7f64a8006000-7f64a809d000 rw-p 00000000 00:00 0 
7f64a809d000-7f64a811a000 r-xp 00000000 07:00 2759909                    /usr/lib/libOpenNI.so
7f64a811a000-7f64a8319000 ---p 0007d000 07:00 2759909                    /usr/lib/libOpenNI.so
7f64a8319000-7f64a831c000 r--p 0007c000 07:00 2759909                    /usr/lib/libOpenNI.so
7f64a831c000-7f64a831f000 rw-p 0007f000 07:00 2759909                    /usr/lib/libOpenNI.so
7f64a831f000-7f64a8320000 rw-p 00000000 00:00 0 
7f64a8320000-7f64a8344000 r-xp 00000000 07:00 2759908                    /usr/lib/libOpenNI.jni.so
7f64a8344000-7f64a8543000 ---p 00024000 07:00 2759908                    /usr/lib/libOpenNI.jni.so
7f64a8543000-7f64a8544000 r--p 00023000 07:00 2759908                    /usr/lib/libOpenNI.jni.so
7f64a8544000-7f64a8547000 rw-p 00024000 07:00 2759908                    /usr/lib/libOpenNI.jni.so
7f64a8547000-7f64a854c000 r-xp 00000000 07:00 2766745                    /usr/lib/x86_64-linux-gnu/libXfixes.so.3.1.0
7f64a854c000-7f64a874b000 ---p 00005000 07:00 2766745                    /usr/lib/x86_64-linux-gnu/libXfixes.so.3.1.0
7f64a874b000-7f64a874c000 r--p 00004000 07:00 2766745                    /usr/lib/x86_64-linux-gnu/libXfixes.so.3.1.0
7f64a874c000-7f64a874d000 rw-p 00005000 07:00 2766745                    /usr/lib/x86_64-linux-gnu/libXfixes.so.3.1.0
7f64a874d000-7f64a874e000 r--s 00000000 07:00 2229118                    /var/cache/fontconfig/c05880de57d1f5e948fdfacc138775d9-le64.cache-3
7f64a874e000-7f64a8757000 r--s 00000000 07:00 2229112                    /var/cache/fontconfig/945677eb7aeaf62f1d50efc3fb3ec7d8-le64.cache-3
7f64a8757000-7f64a875b000 r--s 00000000 07:00 2229113                    /var/cache/fontconfig/99e8ed0e538f840c565b6ed5dad60d56-le64.cache-3
7f64a875b000-7f64a8763000 r--s 00000000 07:00 2229114                    /var/cache/fontconfig/a6d8cf8e4ec09cdbc8633c31745a07dd-le64.cache-3
7f64a8763000-7f64a8767000 r--s 00000000 07:00 2229098                    /var/cache/fontconfig/2cd17615ca594fa2959ae173292e504c-le64.cache-3
7f64a8767000-7f64a8768000 r--s 00000000 07:00 2229126                    /var/cache/fontconfig/e7071f4a29fa870f4323321c154eba04-le64.cache-3
7f64a8768000-7f64a8769000 r--s 00000000 07:00 2229096                    /var/cache/fontconfig/0d8c3b2ac0904cb8a57a757ad11a4a08-le64.cache-3
7f64a8769000-7f64a876f000 r--s 00000000 07:00 2229115                    /var/cache/fontconfig/a755afe4a08bf5b97852ceb7400b47bc-le64.cache-3
7f64a876f000-7f64a8778000 r--s 00000000 07:00 2229107                    /var/cache/fontconfig/6d41288fd70b0be22e8c3a91e032eec0-le64.cache-3
7f64a878f000-7f64a8826000 rw-p 00000000 00:00 0 
7f64a8826000-7f64a8927000 rwxp 00000000 00:00 0 
7f64a8927000-7f64a8928000 r--s 00000000 07:00 2229118                    /var/cache/fontconfig/c05880de57d1f5e948fdfacc138775d9-le64.cache-3
7f64a8928000-7f64a8931000 r--s 00000000 07:00 2229112                    /var/cache/fontconfig/945677eb7aeaf62f1d50efc3fb3ec7d8-le64.cache-3
7f64a8931000-7f64a8935000 r--s 00000000 07:00 2229113                    /var/cache/fontconfig/99e8ed0e538f840c565b6ed5dad60d56-le64.cache-3
7f64a8935000-7f64a893d000 r--s 00000000 07:00 2229114                    /var/cache/fontconfig/a6d8cf8e4ec09cdbc8633c31745a07dd-le64.cache-3
7f64a893d000-7f64a8941000 r--s 00000000 07:00 2229098                    /var/cache/fontconfig/2cd17615ca594fa2959ae173292e504c-le64.cache-3
7f64a8941000-7f64a8942000 r--s 00000000 07:00 2229126                    /var/cache/fontconfig/e7071f4a29fa870f4323321c154eba04-le64.cache-3
7f64a8942000-7f64a8943000 r--s 00000000 07:00 2229096                    /var/cache/fontconfig/0d8c3b2ac0904cb8a57a757ad11a4a08-le64.cache-3
7f64a8943000-7f64a8949000 r--s 00000000 07:00 2229115                    /var/cache/fontconfig/a755afe4a08bf5b97852ceb7400b47bc-le64.cache-3
7f64a8949000-7f64a8952000 r--s 00000000 07:00 2229107                    /var/cache/fontconfig/6d41288fd70b0be22e8c3a91e032eec0-le64.cache-3
7f64a8952000-7f64a8962000 r--s 00000000 07:00 2229094                    /var/cache/fontconfig/04aabc0a78ac019cf9454389977116d2-le64.cache-3
7f64a8962000-7f64a8965000 r--s 00000000 07:00 2229101                    /var/cache/fontconfig/385c0604a188198f04d133e54aba7fe7-le64.cache-3
7f64a8965000-7f64a8968000 r--s 00000000 07:00 2229111                    /var/cache/fontconfig/8801497958630a81b71ace7c5f9b32a8-le64.cache-3
7f64a8968000-7f64a896d000 r--s 00000000 07:00 2229116                    /var/cache/fontconfig/b47c4e1ecd0709278f4910c18777a504-le64.cache-3
7f64a896d000-7f64a897d000 r--s 00000000 07:00 2229122                    /var/cache/fontconfig/d52a8644073d54c13679302ca1180695-le64.cache-3
7f64a897e000-7f64a8987000 r-xp 00000000 07:00 2766737                    /usr/lib/x86_64-linux-gnu/libXcursor.so.1.0.2
7f64a8987000-7f64a8b86000 ---p 00009000 07:00 2766737                    /usr/lib/x86_64-linux-gnu/libXcursor.so.1.0.2
7f64a8b86000-7f64a8b87000 r--p 00008000 07:00 2766737                    /usr/lib/x86_64-linux-gnu/libXcursor.so.1.0.2
7f64a8b87000-7f64a8b88000 rw-p 00009000 07:00 2766737                    /usr/lib/x86_64-linux-gnu/libXcursor.so.1.0.2
7f64a8bad000-7f64a8bb4000 r--s 000fb000 07:00 2884213                    /usr/lib/jvm/java-6-openjdk-common/jre/lib/resources.jar
7f64a8bb4000-7f64a8bb9000 r--s 00000000 07:00 2229099                    /var/cache/fontconfig/3047814df9a2f067bd2d96a2b9c36e5a-le64.cache-3
7f64a8bb9000-7f64a8bc5000 r--s 00000000 07:00 2229095                    /var/cache/fontconfig/089dead882dea3570ffc31a9898cfb69-le64.cache-3
7f64a8bc5000-7f64a8bd8000 r--s 00000000 07:00 2229124                    /var/cache/fontconfig/e13b20fdb08344e0e664864cc2ede53d-le64.cache-3
7f64a8bd8000-7f64a8cd9000 rwxp 00000000 00:00 0 
7f64a8cd9000-7f64a8d6f000 r-xp 00000000 07:00 2767280                    /usr/lib/x86_64-linux-gnu/libfreetype.so.6.8.0
7f64a8d6f000-7f64a8f6e000 ---p 00096000 07:00 2767280                    /usr/lib/x86_64-linux-gnu/libfreetype.so.6.8.0
7f64a8f6e000-7f64a8f74000 r--p 00095000 07:00 2767280                    /usr/lib/x86_64-linux-gnu/libfreetype.so.6.8.0
7f64a8f74000-7f64a8f75000 rw-p 0009b000 07:00 2767280                    /usr/lib/x86_64-linux-gnu/libfreetype.so.6.8.0
7f64a8f75000-7f64a8faf000 r-xp 00000000 07:00 2884078                    /usr/lib/jvm/java-6-openjdk-amd64/jre/lib/amd64/libfontmanager.so
7f64a8faf000-7f64a91ae000 ---p 0003a000 07:00 2884078                    /usr/lib/jvm/java-6-openjdk-amd64/jre/lib/amd64/libfontmanager.so
7f64a91ae000-7f64a91b0000 r--p 00039000 07:00 2884078                    /usr/lib/jvm/java-6-openjdk-amd64/jre/lib/amd64/libfontmanager.so
7f64a91b0000-7f64a91b1000 rw-p 0003b000 07:00 2884078                    /usr/lib/jvm/java-6-openjdk-amd64/jre/lib/amd64/libfontmanager.so
7f64a91b1000-7f64a91b6000 r-xp 00000000 07:00 2766741                    /usr/lib/x86_64-linux-gnu/libXdmcp.so.6.0.0
7f64a91b6000-7f64a93b5000 ---p 00005000 07:00 2766741                    /usr/lib/x86_64-linux-gnu/libXdmcp.so.6.0.0
7f64a93b5000-7f64a93b6000 r--p 00004000 07:00 2766741                    /usr/lib/x86_64-linux-gnu/libXdmcp.so.6.0.0
7f64a93b6000-7f64a93b7000 rw-p 00005000 07:00 2766741                    /usr/lib/x86_64-linux-gnu/libXdmcp.so.6.0.0
7f64a93b7000-7f64a93b9000 r-xp 00000000 07:00 2766732                    /usr/lib/x86_64-linux-gnu/libXau.so.6.0.0
7f64a93b9000-7f64a95b8000 ---p 00002000 07:00 2766732                    /usr/lib/x86_64-linux-gnu/libXau.so.6.0.0
7f64a95b8000-7f64a95b9000 r--p 00001000 07:00 2766732                    /usr/lib/x86_64-linux-gnu/libXau.so.6.0.0
7f64a95b9000-7f64a95ba000 rw-p 00002000 07:00 2766732                    /usr/lib/x86_64-linux-gnu/libXau.so.6.0.0
7f64a95ba000-7f64a95d7000 r-xp 00000000 07:00 2767626                    /usr/lib/x86_64-linux-gnu/libxcb.so.1.1.0
7f64a95d7000-7f64a97d6000 ---p 0001d000 07:00 2767626                    /usr/lib/x86_64-linux-gnu/libxcb.so.1.1.0
7f64a97d6000-7f64a97d7000 r--p 0001c000 07:00 2767626                    /usr/lib/x86_64-linux-gnu/libxcb.so.1.1.0
7f64a97d7000-7f64a97d8000 rw-p 0001d000 07:00 2767626                    /usr/lib/x86_64-linux-gnu/libxcb.so.1.1.0
7f64a97d8000-7f64a97e6000 r-xp 00000000 07:00 2766749                    /usr/lib/x86_64-linux-gnu/libXi.so.6.1.0
7f64a97e6000-7f64a99e5000 ---p 0000e000 07:00 2766749                    /usr/lib/x86_64-linux-gnu/libXi.so.6.1.0
7f64a99e5000-7f64a99e6000 r--p 0000d000 07:00 2766749                    /usr/lib/x86_64-linux-gnu/libXi.so.6.1.0
7f64a99e6000-7f64a99e7000 rw-p 0000e000 07:00 2766749                    /usr/lib/x86_64-linux-gnu/libXi.so.6.1.0
7f64a99e7000-7f64a99ec000 r-xp 00000000 07:00 2766764                    /usr/lib/x86_64-linux-gnu/libXtst.so.6.1.0
7f64a99ec000-7f64a9beb000 ---p 00005000 07:00 2766764                    /usr/lib/x86_64-linux-gnu/libXtst.so.6.1.0
7f64a9beb000-7f64a9bec000 r--p 00004000 07:00 2766764                    /usr/lib/x86_64-linux-gnu/libXtst.so.6.1.0
7f64a9bec000-7f64a9bed000 rw-p 00005000 07:00 2766764                    /usr/lib/x86_64-linux-gnu/libXtst.so.6.1.0
7f64a9bed000-7f64a9bf6000 r-xp 00000000 07:00 2766760                    /usr/lib/x86_64-linux-gnu/libXrender.so.1.3.0
7f64a9bf6000-7f64a9df5000 ---p 00009000 07:00 2766760                    /usr/lib/x86_64-linux-gnu/libXrender.so.1.3.0
7f64a9df5000-7f64a9df6000 r--p 00008000 07:00 2766760                    /usr/lib/x86_64-linux-gnu/libXrender.so.1.3.0
7f64a9df6000-7f64a9df7000 rw-p 00009000 07:00 2766760                    /usr/lib/x86_64-linux-gnu/libXrender.so.1.3.0
7f64a9df7000-7f64a9f26000 r-xp 00000000 07:00 2766730                    /usr/lib/x86_64-linux-gnu/libX11.so.6.3.0
7f64a9f26000-7f64aa126000 ---p 0012f000 07:00 2766730                    /usr/lib/x86_64-linux-gnu/libX11.so.6.3.0
7f64aa126000-7f64aa127000 r--p 0012f000 07:00 2766730                    /usr/lib/x86_64-linux-gnu/libX11.so.6.3.0
7f64aa127000-7f64aa12b000 rw-p 00130000 07:00 2766730                    /usr/lib/x86_64-linux-gnu/libX11.so.6.3.0
7f64aa12b000-7f64aa13b000 r-xp 00000000 07:00 2766743                    /usr/lib/x86_64-linux-gnu/libXext.so.6.4.0
7f64aa13b000-7f64aa33a000 ---p 00010000 07:00 2766743                    /usr/lib/x86_64-linux-gnu/libXext.so.6.4.0
7f64aa33a000-7f64aa33b000 r--p 0000f000 07:00 2766743                    /usr/lib/x86_64-linux-gnu/libXext.so.6.4.0
7f64aa33b000-7f64aa33c000 rw-p 00010000 07:00 2766743                    /usr/lib/x86_64-linux-gnu/libXext.so.6.4.0
7f64aa33c000-7f64aa33d000 rw-s 00000000 00:12 1347094                    /run/shm/045e.02ae@1.52-SM
7f64aa33d000-7f64aa341000 r--s 00000000 07:00 2229109                    /var/cache/fontconfig/7ef2298fde41cc6eeb7af42e48b7d293-le64.cache-3
7f64aa341000-7f64aa351000 r--s 00000000 07:00 2229094                    /var/cache/fontconfig/04aabc0a78ac019cf9454389977116d2-le64.cache-3
7f64aa351000-7f64aa361000 r--s 00000000 07:00 2229122                    /var/cache/fontconfig/d52a8644073d54c13679302ca1180695-le64.cache-3
7f64aa361000-7f64aa3ac000 r-xp 00000000 07:00 2884115                    /usr/lib/jvm/java-6-openjdk-amd64/jre/lib/amd64/xawt/libmawt.so
7f64aa3ac000-7f64aa5ac000 ---p 0004b000 07:00 2884115                    /usr/lib/jvm/java-6-openjdk-amd64/jre/lib/amd64/xawt/libmawt.so
7f64aa5ac000-7f64aa5ad000 r--p 0004b000 07:00 2884115                    /usr/lib/jvm/java-6-openjdk-amd64/jre/lib/amd64/xawt/libmawt.so
7f64aa5ad000-7f64aa5b0000 rw-p 0004c000 07:00 2884115                    /usr/lib/jvm/java-6-openjdk-amd64/jre/lib/amd64/xawt/libmawt.so
7f64aa5b0000-7f64aa5b1000 rw-p 00000000 00:00 0 
7f64aa5b1000-7f64aa65d000 r-xp 00000000 07:00 2884076                    /usr/lib/jvm/java-6-openjdk-amd64/jre/lib/amd64/libawt.so
7f64aa65d000-7f64aa85c000 ---p 000ac000 07:00 2884076                    /usr/lib/jvm/java-6-openjdk-amd64/jre/lib/amd64/libawt.so
7f64aa85c000-7f64aa85d000 r--p 000ab000 07:00 2884076                    /usr/lib/jvm/java-6-openjdk-amd64/jre/lib/amd64/libawt.so
7f64aa85d000-7f64aa868000 rw-p 000ac000 07:00 2884076                    /usr/lib/jvm/java-6-openjdk-amd64/jre/lib/amd64/libawt.so
7f64aa868000-7f64aa88d000 rw-p 00000000 00:00 0 
7f64aa88d000-7f64aa88e000 ---p 00000000 00:00 0 
7f64aa88e000-7f64aaa8f000 rwxp 00000000 00:00 0 
7f64aaa8f000-7f64aaa90000 ---p 00000000 00:00 0 
7f64aaa90000-7f64aab90000 rwxp 00000000 00:00 0 
7f64aab90000-7f64aab91000 ---p 00000000 00:00 0 
7f64aab91000-7f64aad92000 rwxp 00000000 00:00 0 
7f64aad92000-7f64ab206000 r--p 00000000 07:00 2765053                    /usr/lib/locale/locale-archive
7f64ab206000-7f64ab408000 rwxp 00000000 00:00 0 
7f64ab408000-7f64ab409000 ---p 00000000 00:00 0 
7f64ab409000-7f64ab509000 rwxp 00000000 00:00 0 
7f64ab509000-7f64aba41000 rw-p 00000000 00:00 0 
7f64aba41000-7f64abbd3000 r--s 037c2000 07:00 2884073                    /usr/lib/jvm/java-6-openjdk-amd64/jre/lib/rt.jar
7f64abbd3000-7f64abbfb000 rw-p 00000000 00:00 0 
7f64abbfb000-7f64abbfc000 ---p 00000000 00:00 0 
7f64abbfc000-7f64abcfc000 rwxp 00000000 00:00 0 
7f64abcfc000-7f64abcfd000 ---p 00000000 00:00 0 
7f64abcfd000-7f64abdfd000 rwxp 00000000 00:00 0 
7f64abdfd000-7f64abdfe000 ---p 00000000 00:00 0 
7f64abdfe000-7f64abefe000 rwxp 00000000 00:00 0 
7f64abefe000-7f64abf28000 rw-p 00000000 00:00 0 
7f64abf28000-7f64ac18f000 rw-p 00000000 00:00 0 
7f64ac18f000-7f64ac19a000 rw-p 00000000 00:00 0 
7f64ac19a000-7f64ac1e2000 rw-p 00000000 00:00 0 
7f64ac1e2000-7f64ac20c000 rw-p 00000000 00:00 0 
7f64ac20c000-7f64ac472000 rw-p 00000000 00:00 0 
7f64ac472000-7f64ac488000 rw-p 00000000 00:00 0 
7f64ac488000-7f64ac5bb000 rw-p 00000000 00:00 0 
7f64ac5bb000-7f64ac5bc000 rw-p 00000000 00:00 0 
7f64ac5bc000-7f64ac82c000 rwxp 00000000 00:00 0 
7f64ac82c000-7f64af5bc000 rw-p 00000000 00:00 0 
7f64af5bc000-7f64af5c3000 r-xp 00000000 07:00 2884105                    /usr/lib/jvm/java-6-openjdk-amd64/jre/lib/amd64/libzip.so
7f64af5c3000-7f64af7c2000 ---p 00007000 07:00 2884105                    /usr/lib/jvm/java-6-openjdk-amd64/jre/lib/amd64/libzip.so
7f64af7c2000-7f64af7c3000 r--p 00006000 07:00 2884105                    /usr/lib/jvm/java-6-openjdk-amd64/jre/lib/amd64/libzip.so
7f64af7c3000-7f64af7c4000 rw-p 00007000 07:00 2884105                    /usr/lib/jvm/java-6-openjdk-amd64/jre/lib/amd64/libzip.so
7f64af7c4000-7f64af7d0000 r-xp 00000000 07:00 136638                     /lib/x86_64-linux-gnu/libnss_files-2.15.so
7f64af7d0000-7f64af9cf000 ---p 0000c000 07:00 136638                     /lib/x86_64-linux-gnu/libnss_files-2.15.so
7f64af9cf000-7f64af9d0000 r--p 0000b000 07:00 136638                     /lib/x86_64-linux-gnu/libnss_files-2.15.so
7f64af9d0000-7f64af9d1000 rw-p 0000c000 07:00 136638                     /lib/x86_64-linux-gnu/libnss_files-2.15.so
7f64af9d1000-7f64af9db000 r-xp 00000000 07:00 136640                     /lib/x86_64-linux-gnu/libnss_nis-2.15.so
7f64af9db000-7f64afbdb000 ---p 0000a000 07:00 136640                     /lib/x86_64-linux-gnu/libnss_nis-2.15.so
7f64afbdb000-7f64afbdc000 r--p 0000a000 07:00 136640                     /lib/x86_64-linux-gnu/libnss_nis-2.15.so
7f64afbdc000-7f64afbdd000 rw-p 0000b000 07:00 136640                     /lib/x86_64-linux-gnu/libnss_nis-2.15.so
7f64afbdd000-7f64afbf4000 r-xp 00000000 07:00 136635                     /lib/x86_64-linux-gnu/libnsl-2.15.so
7f64afbf4000-7f64afdf3000 ---p 00017000 07:00 136635                     /lib/x86_64-linux-gnu/libnsl-2.15.so
7f64afdf3000-7f64afdf4000 r--p 00016000 07:00 136635                     /lib/x86_64-linux-gnu/libnsl-2.15.so
7f64afdf4000-7f64afdf5000 rw-p 00017000 07:00 136635                     /lib/x86_64-linux-gnu/libnsl-2.15.so
7f64afdf5000-7f64afdf7000 rw-p 00000000 00:00 0 
7f64afdf7000-7f64afdff000 r-xp 00000000 07:00 136636                     /lib/x86_64-linux-gnu/libnss_compat-2.15.so
7f64afdff000-7f64afffe000 ---p 00008000 07:00 136636                     /lib/x86_64-linux-gnu/libnss_compat-2.15.so
7f64afffe000-7f64affff000 r--p 00007000 07:00 136636                     /lib/x86_64-linux-gnu/libnss_compat-2.15.so
7f64affff000-7f64b0000000 rw-p 00008000 07:00 136636                     /lib/x86_64-linux-gnu/libnss_compat-2.15.so
7f64b0000000-7f64b4000000 rw-p 00000000 00:00 0 
7f64b4000000-7f64b4001000 r--s 00000000 07:00 2229102                    /var/cache/fontconfig/4794a0821666d79190d59a36cb4f44b5-le64.cache-3
7f64b4001000-7f64b4002000 r--s 00000000 07:00 2229104                    /var/cache/fontconfig/56cf4f4769d0f4abc89a4895d7bd3ae1-le64.cache-3
7f64b4002000-7f64b4005000 r--s 00000000 07:00 2229101                    /var/cache/fontconfig/385c0604a188198f04d133e54aba7fe7-le64.cache-3
7f64b4005000-7f64b4006000 r--s 00000000 07:00 2229102                    /var/cache/fontconfig/4794a0821666d79190d59a36cb4f44b5-le64.cache-3
7f64b4006000-7f64b4009000 r--s 00000000 07:00 2229111                    /var/cache/fontconfig/8801497958630a81b71ace7c5f9b32a8-le64.cache-3
7f64b4009000-7f64b400e000 r--s 00000000 07:00 2229099                    /var/cache/fontconfig/3047814df9a2f067bd2d96a2b9c36e5a-le64.cache-3
7f64b400e000-7f64b401a000 r--s 00000000 07:00 2229095                    /var/cache/fontconfig/089dead882dea3570ffc31a9898cfb69-le64.cache-3
7f64b401a000-7f64b401b000 ---p 00000000 00:00 0 
7f64b401b000-7f64b411b000 rwxp 00000000 00:00 0 
7f64b411b000-7f64b4126000 rw-p 00000000 00:00 0 
7f64b4126000-7f64b416e000 rw-p 00000000 00:00 0 
7f64b416e000-7f64b419a000 r-xp 00000000 07:00 2884085                    /usr/lib/jvm/java-6-openjdk-amd64/jre/lib/amd64/libjava.so
7f64b419a000-7f64b4399000 ---p 0002c000 07:00 2884085                    /usr/lib/jvm/java-6-openjdk-amd64/jre/lib/amd64/libjava.so
7f64b4399000-7f64b439a000 r--p 0002b000 07:00 2884085                    /usr/lib/jvm/java-6-openjdk-amd64/jre/lib/amd64/libjava.so
7f64b439a000-7f64b439d000 rw-p 0002c000 07:00 2884085                    /usr/lib/jvm/java-6-openjdk-amd64/jre/lib/amd64/libjava.so
7f64b439d000-7f64b43ab000 r-xp 00000000 07:00 2884104                    /usr/lib/jvm/java-6-openjdk-amd64/jre/lib/amd64/libverify.so
7f64b43ab000-7f64b45aa000 ---p 0000e000 07:00 2884104                    /usr/lib/jvm/java-6-openjdk-amd64/jre/lib/amd64/libverify.so
7f64b45aa000-7f64b45ac000 r--p 0000d000 07:00 2884104                    /usr/lib/jvm/java-6-openjdk-amd64/jre/lib/amd64/libverify.so
7f64b45ac000-7f64b45ad000 rw-p 0000f000 07:00 2884104                    /usr/lib/jvm/java-6-openjdk-amd64/jre/lib/amd64/libverify.so
7f64b45ad000-7f64b45b4000 r-xp 00000000 07:00 136656                     /lib/x86_64-linux-gnu/librt-2.15.so
7f64b45b4000-7f64b47b3000 ---p 00007000 07:00 136656                     /lib/x86_64-linux-gnu/librt-2.15.so
7f64b47b3000-7f64b47b4000 r--p 00006000 07:00 136656                     /lib/x86_64-linux-gnu/librt-2.15.so
7f64b47b4000-7f64b47b5000 rw-p 00007000 07:00 136656                     /lib/x86_64-linux-gnu/librt-2.15.so
7f64b47b5000-7f64b47ca000 r-xp 00000000 07:00 136622                     /lib/x86_64-linux-gnu/libgcc_s.so.1
7f64b47ca000-7f64b49c9000 ---p 00015000 07:00 136622                     /lib/x86_64-linux-gnu/libgcc_s.so.1
7f64b49c9000-7f64b49ca000 r--p 00014000 07:00 136622                     /lib/x86_64-linux-gnu/libgcc_s.so.1
7f64b49ca000-7f64b49cb000 rw-p 00015000 07:00 136622                     /lib/x86_64-linux-gnu/libgcc_s.so.1
7f64b49cb000-7f64b4ac6000 r-xp 00000000 07:00 136628                     /lib/x86_64-linux-gnu/libm-2.15.so
7f64b4ac6000-7f64b4cc5000 ---p 000fb000 07:00 136628                     /lib/x86_64-linux-gnu/libm-2.15.so
7f64b4cc5000-7f64b4cc6000 r--p 000fa000 07:00 136628                     /lib/x86_64-linux-gnu/libm-2.15.so
7f64b4cc6000-7f64b4cc7000 rw-p 000fb000 07:00 136628                     /lib/x86_64-linux-gnu/libm-2.15.so
7f64b4cc7000-7f64b4da9000 r-xp 00000000 07:00 2767523                    /usr/lib/x86_64-linux-gnu/libstdc++.so.6.0.16
7f64b4da9000-7f64b4fa8000 ---p 000e2000 07:00 2767523                    /usr/lib/x86_64-linux-gnu/libstdc++.so.6.0.16
7f64b4fa8000-7f64b4fb0000 r--p 000e1000 07:00 2767523                    /usr/lib/x86_64-linux-gnu/libstdc++.so.6.0.16
7f64b4fb0000-7f64b4fb2000 rw-p 000e9000 07:00 2767523                    /usr/lib/x86_64-linux-gnu/libstdc++.so.6.0.16
7f64b4fb2000-7f64b4fc7000 rw-p 00000000 00:00 0 
7f64b4fc7000-7f64b58cc000 r-xp 00000000 07:00 2884114                    /usr/lib/jvm/java-6-openjdk-amd64/jre/lib/amd64/server/libjvm.so
7f64b58cc000-7f64b5acc000 ---p 00905000 07:00 2884114                    /usr/lib/jvm/java-6-openjdk-amd64/jre/lib/amd64/server/libjvm.so
7f64b5acc000-7f64b5b4c000 r--p 00905000 07:00 2884114                    /usr/lib/jvm/java-6-openjdk-amd64/jre/lib/amd64/server/libjvm.so
7f64b5b4c000-7f64b5b67000 rw-p 00985000 07:00 2884114                    /usr/lib/jvm/java-6-openjdk-amd64/jre/lib/amd64/server/libjvm.so
7f64b5b67000-7f64b5b90000 rw-p 00000000 00:00 0 
7f64b5b90000-7f64b5ba6000 r-xp 00000000 07:00 136669                     /lib/x86_64-linux-gnu/libz.so.1.2.3.4
7f64b5ba6000-7f64b5da5000 ---p 00016000 07:00 136669                     /lib/x86_64-linux-gnu/libz.so.1.2.3.4
7f64b5da5000-7f64b5da6000 r--p 00015000 07:00 136669                     /lib/x86_64-linux-gnu/libz.so.1.2.3.4
7f64b5da6000-7f64b5da7000 rw-p 00016000 07:00 136669                     /lib/x86_64-linux-gnu/libz.so.1.2.3.4
7f64b5da7000-7f64b5f5c000 r-xp 00000000 07:00 136611                     /lib/x86_64-linux-gnu/libc-2.15.so
7f64b5f5c000-7f64b615b000 ---p 001b5000 07:00 136611                     /lib/x86_64-linux-gnu/libc-2.15.so
7f64b615b000-7f64b615f000 r--p 001b4000 07:00 136611                     /lib/x86_64-linux-gnu/libc-2.15.so
7f64b615f000-7f64b6161000 rw-p 001b8000 07:00 136611                     /lib/x86_64-linux-gnu/libc-2.15.so
7f64b6161000-7f64b6166000 rw-p 00000000 00:00 0 
7f64b6166000-7f64b6168000 r-xp 00000000 07:00 136618                     /lib/x86_64-linux-gnu/libdl-2.15.so
7f64b6168000-7f64b6368000 ---p 00002000 07:00 136618                     /lib/x86_64-linux-gnu/libdl-2.15.so
7f64b6368000-7f64b6369000 r--p 00002000 07:00 136618                     /lib/x86_64-linux-gnu/libdl-2.15.so
7f64b6369000-7f64b636a000 rw-p 00003000 07:00 136618                     /lib/x86_64-linux-gnu/libdl-2.15.so
7f64b636a000-7f64b636e000 r-xp 00000000 07:00 2884111                    /usr/lib/jvm/java-6-openjdk-amd64/jre/lib/amd64/jli/libjli.so
7f64b636e000-7f64b656d000 ---p 00004000 07:00 2884111                    /usr/lib/jvm/java-6-openjdk-amd64/jre/lib/amd64/jli/libjli.so
7f64b656d000-7f64b656e000 r--p 00003000 07:00 2884111                    /usr/lib/jvm/java-6-openjdk-amd64/jre/lib/amd64/jli/libjli.so
7f64b656e000-7f64b656f000 rw-p 00004000 07:00 2884111                    /usr/lib/jvm/java-6-openjdk-amd64/jre/lib/amd64/jli/libjli.so
7f64b656f000-7f64b6587000 r-xp 00000000 07:00 136653                     /lib/x86_64-linux-gnu/libpthread-2.15.so
7f64b6587000-7f64b6786000 ---p 00018000 07:00 136653                     /lib/x86_64-linux-gnu/libpthread-2.15.so
7f64b6786000-7f64b6787000 r--p 00017000 07:00 136653                     /lib/x86_64-linux-gnu/libpthread-2.15.so
7f64b6787000-7f64b6788000 rw-p 00018000 07:00 136653                     /lib/x86_64-linux-gnu/libpthread-2.15.so
7f64b6788000-7f64b678c000 rw-p 00000000 00:00 0 
7f64b678c000-7f64b67ae000 r-xp 00000000 07:00 136601                     /lib/x86_64-linux-gnu/ld-2.15.so
7f64b67ae000-7f64b67c1000 r--s 00000000 07:00 2229124                    /var/cache/fontconfig/e13b20fdb08344e0e664864cc2ede53d-le64.cache-3
7f64b67c1000-7f64b67cb000 rw-p 00000000 00:00 0 
7f64b67cb000-7f64b6881000 rw-p 00000000 00:00 0 
7f64b6881000-7f64b6884000 ---p 00000000 00:00 0 
7f64b6884000-7f64b6982000 rwxp 00000000 00:00 0 
7f64b6982000-7f64b6987000 rw-p 00000000 00:00 0 
7f64b6987000-7f64b6988000 r--s 00000000 07:00 2229117                    /var/cache/fontconfig/b9d506c9ac06c20b433354fa67a72993-le64.cache-3
7f64b6988000-7f64b6989000 r--s 00000000 07:00 2229104                    /var/cache/fontconfig/56cf4f4769d0f4abc89a4895d7bd3ae1-le64.cache-3
7f64b6989000-7f64b698a000 r--s 00000000 07:00 2229117                    /var/cache/fontconfig/b9d506c9ac06c20b433354fa67a72993-le64.cache-3
7f64b698a000-7f64b698f000 r--s 00000000 07:00 2229116                    /var/cache/fontconfig/b47c4e1ecd0709278f4910c18777a504-le64.cache-3
7f64b698f000-7f64b6993000 r--s 00000000 07:00 2229109                    /var/cache/fontconfig/7ef2298fde41cc6eeb7af42e48b7d293-le64.cache-3
7f64b6993000-7f64b6994000 r--s 00007000 07:00 1188646                    /usr/share/java/java-atk-wrapper.jar
7f64b6994000-7f64b6996000 r--s 00001000 07:00 2884220                    /usr/lib/jvm/java-6-openjdk-common/jre/lib/ext/dnsns.jar
7f64b6996000-7f64b6999000 r--s 00031000 07:00 2884223                    /usr/lib/jvm/java-6-openjdk-common/jre/lib/ext/sunjce_provider.jar
7f64b6999000-7f64b699b000 r--s 0000f000 07:00 2884222                    /usr/lib/jvm/java-6-openjdk-common/jre/lib/ext/pulse-java.jar
7f64b699b000-7f64b699f000 r--s 00038000 07:00 2884224                    /usr/lib/jvm/java-6-openjdk-common/jre/lib/ext/sunpkcs11.jar
7f64b699f000-7f64b69a2000 r--s 00077000 07:00 2884221                    /usr/lib/jvm/java-6-openjdk-common/jre/lib/ext/localedata.jar
7f64b69a2000-7f64b69aa000 rw-s 00000000 07:00 691                        /tmp/hsperfdata_qyr1987/26051
7f64b69aa000-7f64b69ab000 rw-p 00000000 00:00 0 
7f64b69ab000-7f64b69ac000 r--p 00000000 00:00 0 
7f64b69ac000-7f64b69ae000 rw-p 00000000 00:00 0 
7f64b69ae000-7f64b69af000 r--p 00022000 07:00 136601                     /lib/x86_64-linux-gnu/ld-2.15.so
7f64b69af000-7f64b69b1000 rw-p 00023000 07:00 136601                     /lib/x86_64-linux-gnu/ld-2.15.so
7fff3d3f3000-7fff3d414000 rwxp 00000000 00:00 0                          [stack]
7fff3d496000-7fff3d497000 r-xp 00000000 00:00 0                          [vdso]
ffffffffff600000-ffffffffff601000 r-xp 00000000 00:00 0                  [vsyscall]

VM Arguments:
jvm_args: -Dfile.encoding=UTF-8 
java_command: edu.seas.upenn.ese519.MainFrame
Launcher Type: SUN_STANDARD

Environment Variables:
PATH=/home/qyr1987/bin:/usr/lib/lightdm/lightdm:/usr/local/sbin:/usr/local/bin:/usr/sbin:/usr/bin:/sbin:/bin:/usr/games
LD_LIBRARY_PATH=/usr/lib/jvm/java-6-openjdk-amd64/jre/lib/amd64/server:/usr/lib/jvm/java-6-openjdk-amd64/jre/lib/amd64:/usr/lib/jvm/java-6-openjdk-amd64/jre/../lib/amd64
SHELL=/bin/bash
DISPLAY=:0

Signal Handlers:
SIGSEGV: [libjvm.so+0x7852e0], sa_mask[0]=0x7ffbfeff, sa_flags=0x10000004
SIGBUS: [libjvm.so+0x7852e0], sa_mask[0]=0x7ffbfeff, sa_flags=0x10000004
SIGFPE: [libjvm.so+0x648d40], sa_mask[0]=0x7ffbfeff, sa_flags=0x10000004
SIGPIPE: [libjvm.so+0x648d40], sa_mask[0]=0x7ffbfeff, sa_flags=0x10000004
SIGXFSZ: [libjvm.so+0x648d40], sa_mask[0]=0x7ffbfeff, sa_flags=0x10000004
SIGILL: [libjvm.so+0x648d40], sa_mask[0]=0x7ffbfeff, sa_flags=0x10000004
SIGUSR1: SIG_DFL, sa_mask[0]=0x00000000, sa_flags=0x00000000
SIGUSR2: [libjvm.so+0x648ef0], sa_mask[0]=0x00000004, sa_flags=0x10000004
SIGHUP: [libjvm.so+0x64ba10], sa_mask[0]=0x7ffbfeff, sa_flags=0x10000004
SIGINT: [libjvm.so+0x64ba10], sa_mask[0]=0x7ffbfeff, sa_flags=0x10000004
SIGTERM: [libjvm.so+0x64ba10], sa_mask[0]=0x7ffbfeff, sa_flags=0x10000004
SIGQUIT: [libjvm.so+0x64ba10], sa_mask[0]=0x7ffbfeff, sa_flags=0x10000004


---------------  S Y S T E M  ---------------

OS:Ubuntu 12.04 (precise)
uname:Linux 3.2.0-33-generic #52-Ubuntu SMP Thu Oct 18 16:29:15 UTC 2012 x86_64
libc:glibc 2.15 NPTL 2.15 
rlimit: STACK 8192k, CORE 0k, NPROC 62854, NOFILE 4096, AS infinity
load average:0.39 0.41 0.36

/proc/meminfo:
MemTotal:        8062936 kB
MemFree:         1557568 kB
Buffers:         1493908 kB
Cached:          2004788 kB
SwapCached:          188 kB
Active:          3588016 kB
Inactive:        2432100 kB
Active(anon):    2163636 kB
Inactive(anon):   860828 kB
Active(file):    1424380 kB
Inactive(file):  1571272 kB
Unevictable:        2708 kB
Mlocked:              32 kB
SwapTotal:        262140 kB
SwapFree:         230184 kB
Dirty:               276 kB
Writeback:             0 kB
AnonPages:       2524088 kB
Mapped:           216664 kB
Shmem:            500368 kB
Slab:             309692 kB
SReclaimable:     233216 kB
SUnreclaim:        76476 kB
KernelStack:        4960 kB
PageTables:        48612 kB
NFS_Unstable:          0 kB
Bounce:                0 kB
WritebackTmp:          0 kB
CommitLimit:     4293608 kB
Committed_AS:    6536040 kB
VmallocTotal:   34359738367 kB
VmallocUsed:      414592 kB
VmallocChunk:   34359278008 kB
HardwareCorrupted:     0 kB
AnonHugePages:         0 kB
HugePages_Total:       0
HugePages_Free:        0
HugePages_Rsvd:        0
HugePages_Surp:        0
Hugepagesize:       2048 kB
DirectMap4k:      137216 kB
DirectMap2M:     8142848 kB


CPU:total 4 (2 cores per cpu, 2 threads per core) family 6 model 42 stepping 7, cmov, cx8, fxsr, mmx, sse, sse2, sse3, ssse3, sse4.1, sse4.2, popcnt, ht

Memory: 4k page, physical 8062936k(1557568k free), swap 262140k(230184k free)

vm_info: OpenJDK 64-Bit Server VM (20.0-b12) for linux-amd64 JRE (1.6.0_24-b24), built on Oct 24 2012 16:17:28 by "buildd" with gcc 4.6.3

time: Mon Nov 26 15:05:56 2012
elapsed time: 4 seconds

