#
# A fatal error has been detected by the Java Runtime Environment:
#
#  SIGSEGV (0xb) at pc=0x00007f3f7a737615, pid=27036, tid=139909501830912
#
# JRE version: 6.0_24-b24
# Java VM: OpenJDK 64-Bit Server VM (20.0-b12 mixed mode linux-amd64 compressed oops)
# Derivative: IcedTea6 1.11.5
# Distribution: Ubuntu 12.04 LTS, package 6b24-1.11.5-0ubuntu1~12.04.1
# Problematic frame:
# C  [libXnVFeatures_1_5_2.so+0x8b615]  Segmentation::detectionByPoint(bool, std::vector<Vector2D<int>, std::allocator<Vector2D<int> > > const*)+0x105
#
# If you would like to submit a bug report, please include
# instructions how to reproduce the bug and visit:
#   https://bugs.launchpad.net/ubuntu/+source/openjdk-6/
# The crash happened outside the Java Virtual Machine in native code.
# See problematic frame for where to report the bug.
#

---------------  T H R E A D  ---------------

Current thread (0x00007f3f30010000):  JavaThread "Thread-3" [_thread_in_native, id=27074, stack(0x00007f3f38184000,0x00007f3f38285000)]

siginfo:si_signo=SIGSEGV: si_errno=0, si_code=1 (SEGV_MAPERR), si_addr=0x00007f3d90c4f230

Registers:
RAX=0x00007f3f90c4f230, RBX=0x00007f3f1c000c90, RCX=0x000000000000000a, RDX=0xffffffff80000000
RSP=0x00007f3f38283300, RBP=0x00007f3f4a3cfe60, RSI=0x00007f3f1c096cc0, RDI=0x0000000080000000
R8 =0x0000000000000000, R9 =0x0000000080000000, R10=0x00007f3f4a48ea21, R11=0x00007f3f96085c9c
R12=0x00007f3f7acd9d88, R13=0x00007f3f38283460, R14=0x00007f3f4a42b060, R15=0x0000000000000000
RIP=0x00007f3f7a737615, EFLAGS=0x0000000000010a12, CSGSFS=0x0000000000000033, ERR=0x0000000000000004
  TRAPNO=0x000000000000000e

Top of Stack: (sp=0x00007f3f38283300)
0x00007f3f38283300:   00007f3f1c0a02f0 7fffffff00000000
0x00007f3f38283310:   00007f3f1c0a02f0 00007f3f4a3cffe0
0x00007f3f38283320:   00007f3f4a3d12e0 00007f3f4a3cfe60
0x00007f3f38283330:   00007f3f4a3cffe0 00007f3f4a3cad80
0x00007f3f38283340:   00007f3f38283460 00007f3f4943f050
0x00007f3f38283350:   0000000000000000 00007f3f7a73ebc0
0x00007f3f38283360:   00000000001fe21c 00000000001fe21c
0x00007f3f38283370:   0000000000000000 3ff0000000000000
0x00007f3f38283380:   00007f3f7acda5a8 0000000000000001
0x00007f3f38283390:   0000000000000040 00007f3f4943f010
0x00007f3f382833a0:   00007f3f4a3cad80 00007f3f4a3a9f88
0x00007f3f382833b0:   00007f3f4943f050 00007f3f4943f028
0x00007f3f382833c0:   00007f3f38283460 00007f3f7a72799b
0x00007f3f382833d0:   00007f3f4a4c0190 0000000000000008
0x00007f3f382833e0:   00000000001fbdf2 00000000001fbdf2
0x00007f3f382833f0:   0000000000000000 3ff0000000000000
0x00007f3f38283400:   0000000000000000 00007f3f7a7018bd
0x00007f3f38283410:   00007f3f38283480 00007f3f9400101c
0x00007f3f38283420:   0000000000000001 00007f3f94001000
0x00007f3f38283430:   00007f3f90bcee10 00007f3f9022d6e0
0x00007f3f38283440:   00007f3f30010000 00007f3f7a6fd03f
0x00007f3f38283450:   000000000000013c 00007f3f8834c489
0x00007f3f38283460:   00007f3f1c000c90 00007f3f1c000c98
0x00007f3f38283470:   00007f3f1c000c98 00007f3f1c000b71
0x00007f3f38283480:   0000009e00000102 00007f3f90bcee10
0x00007f3f38283490:   00007f3f90bcee10 00007f3f90bcee10
0x00007f3f382834a0:   00007f3f91241580 0000000000000051
0x00007f3f382834b0:   00007f3f35d8cc70 00007f3f7a6fd5bf
0x00007f3f382834c0:   00007f3f7acc1af0 00007f3f94fd14ec
0x00007f3f382834d0:   00007f3f7acc3d10 0000000000000000
0x00007f3f382834e0:   000000000015e4fd 0009600000000001
0x00007f3f382834f0:   ffffffff00000001 00007f3f38283534 

Instructions: (pc=0x00007f3f7a737615)
0x00007f3f7a7375f5:   e6 05 49 01 ee 41 8b 46 18 41 2b 46 0c 49 63 56
0x00007f3f7a737605:   1c f3 0f 2a c0 48 8b 85 50 a3 0e 00 48 8b 40 60
0x00007f3f7a737615:   f3 0f 59 04 90 f3 0f 2c c0 3d 1f 03 00 00 0f 8e
0x00007f3f7a737625:   4f ff ff ff 44 89 fe 48 89 ef 89 44 24 08 4c 89 

Register to memory mapping:

RAX=0x00007f3f90c4f230 is an unknown value
RBX=0x00007f3f1c000c90 is an unknown value
RCX=0x000000000000000a is an unknown value
RDX=0xffffffff80000000 is an unknown value
RSP=0x00007f3f38283300 is pointing into the stack for thread: 0x00007f3f30010000
RBP=0x00007f3f4a3cfe60 is an unknown value
RSI=0x00007f3f1c096cc0 is an unknown value
RDI=0x0000000080000000 is an unknown value
R8 =0x0000000000000000 is an unknown value
R9 =0x0000000080000000 is an unknown value
R10=0x00007f3f4a48ea21 is an unknown value
R11=0x00007f3f96085c9c: <offset 0x8bc9c> in /lib/x86_64-linux-gnu/libc.so.6 at 0x00007f3f95ffa000
R12=0x00007f3f7acd9d88: <offset 0x62dd88> in /usr/lib/libXnVFeatures_1_5_2.so at 0x00007f3f7a6ac000
R13=0x00007f3f38283460 is pointing into the stack for thread: 0x00007f3f30010000
R14=0x00007f3f4a42b060 is an unknown value
R15=0x0000000000000000 is an unknown value


Stack: [0x00007f3f38184000,0x00007f3f38285000],  sp=0x00007f3f38283300,  free space=1020k
Native frames: (J=compiled Java code, j=interpreted, Vv=VM code, C=native code)
C  [libXnVFeatures_1_5_2.so+0x8b615]  Segmentation::detectionByPoint(bool, std::vector<Vector2D<int>, std::allocator<Vector2D<int> > > const*)+0x105

Java frames: (J=compiled Java code, j=interpreted, Vv=VM code)
j  org.OpenNI.NativeMethods.xnWaitAnyUpdateAll(J)I+0
j  org.OpenNI.Context.waitAnyUpdateAll()V+4
j  edu.seas.upenn.ese519.OverlayPanel.run()V+12
j  java.lang.Thread.run()V+11
v  ~StubRoutines::call_stub

---------------  P R O C E S S  ---------------

Java Threads: ( => current thread )
  0x00007f3f30016800 JavaThread "Thread-4" [_thread_blocked, id=27075, stack(0x00007f3f38083000,0x00007f3f38184000)]
=>0x00007f3f30010000 JavaThread "Thread-3" [_thread_in_native, id=27074, stack(0x00007f3f38184000,0x00007f3f38285000)]
  0x00007f3f3000e800 JavaThread "Thread-2" [_thread_blocked, id=27073, stack(0x00007f3f38285000,0x00007f3f38386000)]
  0x00007f3f3000d000 JavaThread "Thread-1" [_thread_blocked, id=27072, stack(0x00007f3f38386000,0x00007f3f38487000)]
  0x00007f3f90007800 JavaThread "DestroyJavaVM" [_thread_blocked, id=27041, stack(0x00007f3f96ad4000,0x00007f3f96bd5000)]
  0x00007f3f35da4000 JavaThread "AWT-EventQueue-0" [_thread_blocked, id=27068, stack(0x00007f3f388a6000,0x00007f3f389a7000)]
  0x00007f3f35da0800 JavaThread "AWT-Shutdown" [_thread_blocked, id=27067, stack(0x00007f3f389a7000,0x00007f3f38aa8000)]
  0x00007f3f90204000 JavaThread "AWT-XAWT" daemon [_thread_in_native, id=27056, stack(0x00007f3f88a75000,0x00007f3f88b76000)]
  0x00007f3f9012c000 JavaThread "Java2D Disposer" daemon [_thread_blocked, id=27055, stack(0x00007f3f88e2d000,0x00007f3f88f2e000)]
  0x00007f3f9009e000 JavaThread "Low Memory Detector" daemon [_thread_blocked, id=27053, stack(0x00007f3f8abf2000,0x00007f3f8acf3000)]
  0x00007f3f9009b800 JavaThread "C2 CompilerThread1" daemon [_thread_blocked, id=27052, stack(0x00007f3f8acf3000,0x00007f3f8adf4000)]
  0x00007f3f90098800 JavaThread "C2 CompilerThread0" daemon [_thread_blocked, id=27051, stack(0x00007f3f8adf4000,0x00007f3f8aef5000)]
  0x00007f3f90097800 JavaThread "Signal Dispatcher" daemon [_thread_blocked, id=27050, stack(0x00007f3f8aef5000,0x00007f3f8aff6000)]
  0x00007f3f90078000 JavaThread "Finalizer" daemon [_thread_blocked, id=27048, stack(0x00007f3f8b46a000,0x00007f3f8b56b000)]
  0x00007f3f90076000 JavaThread "Reference Handler" daemon [_thread_blocked, id=27047, stack(0x00007f3f8b56b000,0x00007f3f8b66c000)]

Other Threads:
  0x00007f3f9006f000 VMThread [stack: 0x00007f3f8b66c000,0x00007f3f8b76d000] [id=27046]
  0x00007f3f900a0800 WatcherThread [stack: 0x00007f3f8aaf1000,0x00007f3f8abf2000] [id=27054]

VM state:not at safepoint (normal execution)

VM Mutex/Monitor currently owned by a thread: None

Heap
 PSYoungGen      total 36736K, used 9338K [0x00000007d6f60000, 0x00000007d9860000, 0x0000000800000000)
  eden space 31488K, 29% used [0x00000007d6f60000,0x00000007d787eb98,0x00000007d8e20000)
  from space 5248K, 0% used [0x00000007d9340000,0x00000007d9340000,0x00000007d9860000)
  to   space 5248K, 0% used [0x00000007d8e20000,0x00000007d8e20000,0x00000007d9340000)
 PSOldGen        total 84032K, used 0K [0x0000000784e00000, 0x000000078a010000, 0x00000007d6f60000)
  object space 84032K, 0% used [0x0000000784e00000,0x0000000784e00000,0x000000078a010000)
 PSPermGen       total 21248K, used 12920K [0x000000077a800000, 0x000000077bcc0000, 0x0000000784e00000)
  object space 21248K, 60% used [0x000000077a800000,0x000000077b49e100,0x000000077bcc0000)

Code Cache  [0x00007f3f8c7c5000, 0x00007f3f8ca35000, 0x00007f3f8f7c5000)
 total_blobs=477 nmethods=28 adapters=404 free_code_cache=49737280 largest_free_block=6336

Dynamic libraries:
00400000-00409000 r-xp 00000000 07:00 2884059                            /usr/lib/jvm/java-6-openjdk-amd64/jre/bin/java
00608000-00609000 r--p 00008000 07:00 2884059                            /usr/lib/jvm/java-6-openjdk-amd64/jre/bin/java
00609000-0060a000 rw-p 00009000 07:00 2884059                            /usr/lib/jvm/java-6-openjdk-amd64/jre/bin/java
0197a000-0199b000 rw-p 00000000 00:00 0                                  [heap]
77a800000-77bcc0000 rw-p 00000000 00:00 0 
77bcc0000-784e00000 rw-p 00000000 00:00 0 
784e00000-78a010000 rw-p 00000000 00:00 0 
78a010000-7d6f60000 rw-p 00000000 00:00 0 
7d6f60000-7d9860000 rw-p 00000000 00:00 0 
7d9860000-800000000 rw-p 00000000 00:00 0 
7f3f1c000000-7f3f1c18e000 rw-p 00000000 00:00 0 
7f3f1c18e000-7f3f20000000 ---p 00000000 00:00 0 
7f3f20000000-7f3f20021000 rw-p 00000000 00:00 0 
7f3f20021000-7f3f24000000 ---p 00000000 00:00 0 
7f3f24000000-7f3f24021000 rw-p 00000000 00:00 0 
7f3f24021000-7f3f28000000 ---p 00000000 00:00 0 
7f3f28000000-7f3f28021000 rw-p 00000000 00:00 0 
7f3f28021000-7f3f2c000000 ---p 00000000 00:00 0 
7f3f2c000000-7f3f2c021000 rw-p 00000000 00:00 0 
7f3f2c021000-7f3f30000000 ---p 00000000 00:00 0 
7f3f30000000-7f3f30021000 rw-p 00000000 00:00 0 
7f3f30021000-7f3f34000000 ---p 00000000 00:00 0 
7f3f34000000-7f3f35e1b000 rw-p 00000000 00:00 0 
7f3f35e1b000-7f3f38000000 ---p 00000000 00:00 0 
7f3f38083000-7f3f38086000 ---p 00000000 00:00 0 
7f3f38086000-7f3f38184000 rwxp 00000000 00:00 0 
7f3f38184000-7f3f38187000 ---p 00000000 00:00 0 
7f3f38187000-7f3f38285000 rwxp 00000000 00:00 0 
7f3f38285000-7f3f38288000 ---p 00000000 00:00 0 
7f3f38288000-7f3f38386000 rwxp 00000000 00:00 0 
7f3f38386000-7f3f38389000 ---p 00000000 00:00 0 
7f3f38389000-7f3f38487000 rwxp 00000000 00:00 0 
7f3f38487000-7f3f3848f000 r-xp 00000000 07:00 2884097                    /usr/lib/jvm/java-6-openjdk-amd64/jre/lib/amd64/libnio.so
7f3f3848f000-7f3f3868e000 ---p 00008000 07:00 2884097                    /usr/lib/jvm/java-6-openjdk-amd64/jre/lib/amd64/libnio.so
7f3f3868e000-7f3f3868f000 r--p 00007000 07:00 2884097                    /usr/lib/jvm/java-6-openjdk-amd64/jre/lib/amd64/libnio.so
7f3f3868f000-7f3f38690000 rw-p 00008000 07:00 2884097                    /usr/lib/jvm/java-6-openjdk-amd64/jre/lib/amd64/libnio.so
7f3f38690000-7f3f386a5000 r-xp 00000000 07:00 2884096                    /usr/lib/jvm/java-6-openjdk-amd64/jre/lib/amd64/libnet.so
7f3f386a5000-7f3f388a4000 ---p 00015000 07:00 2884096                    /usr/lib/jvm/java-6-openjdk-amd64/jre/lib/amd64/libnet.so
7f3f388a4000-7f3f388a5000 r--p 00014000 07:00 2884096                    /usr/lib/jvm/java-6-openjdk-amd64/jre/lib/amd64/libnet.so
7f3f388a5000-7f3f388a6000 rw-p 00015000 07:00 2884096                    /usr/lib/jvm/java-6-openjdk-amd64/jre/lib/amd64/libnet.so
7f3f388a6000-7f3f388a9000 ---p 00000000 00:00 0 
7f3f388a9000-7f3f389a7000 rwxp 00000000 00:00 0 
7f3f389a7000-7f3f389aa000 ---p 00000000 00:00 0 
7f3f389aa000-7f3f38aa8000 rwxp 00000000 00:00 0 
7f3f38aa8000-7f3f38b8b000 rw-p 00000000 00:00 0 
7f3f38b8b000-7f3f3a20b000 r--s 00000000 00:12 1367767                    /run/shm/27058_045e.02ae@1.52_Image
7f3f3a20b000-7f3f40000000 rw-p 00000000 00:00 0 
7f3f40000000-7f3f40029000 rw-p 00000000 00:00 0 
7f3f40029000-7f3f44000000 ---p 00000000 00:00 0 
7f3f44000000-7f3f44026000 rw-p 00000000 00:00 0 
7f3f44026000-7f3f48000000 ---p 00000000 00:00 0 
7f3f48035000-7f3f4a4c1000 rw-p 00000000 00:00 0 
7f3f4a4c1000-7f3f4abc9000 r--s 00000000 00:12 1366593                    /run/shm/27058_045e.02ae@1.52_Depth
7f3f4abc9000-7f3f4acf6000 rw-p 00000000 00:00 0 
7f3f4acf6000-7f3f4acf7000 ---p 00000000 00:00 0 
7f3f4acf7000-7f3f4b4f7000 rwxp 00000000 00:00 0 
7f3f4b4f7000-7f3f4b8f8000 rw-p 00000000 00:00 0 
7f3f4b8f8000-7f3f4c000000 r--s 00000000 00:12 1366593                    /run/shm/27058_045e.02ae@1.52_Depth
7f3f4c000000-7f3f4c021000 rw-p 00000000 00:00 0 
7f3f4c021000-7f3f50000000 ---p 00000000 00:00 0 
7f3f50000000-7f3f50021000 rw-p 00000000 00:00 0 
7f3f50021000-7f3f54000000 ---p 00000000 00:00 0 
7f3f54000000-7f3f54021000 rw-p 00000000 00:00 0 
7f3f54021000-7f3f58000000 ---p 00000000 00:00 0 
7f3f58000000-7f3f58021000 rw-p 00000000 00:00 0 
7f3f58021000-7f3f5c000000 ---p 00000000 00:00 0 
7f3f5c000000-7f3f5c31f000 rw-p 00000000 00:00 0 
7f3f5c31f000-7f3f60000000 ---p 00000000 00:00 0 
7f3f60000000-7f3f602ea000 rw-p 00000000 00:00 0 
7f3f602ea000-7f3f64000000 ---p 00000000 00:00 0 
7f3f64000000-7f3f64021000 rw-p 00000000 00:00 0 
7f3f64021000-7f3f68000000 ---p 00000000 00:00 0 
7f3f68000000-7f3f68021000 rw-p 00000000 00:00 0 
7f3f68021000-7f3f6c000000 ---p 00000000 00:00 0 
7f3f6c000000-7f3f6c021000 rw-p 00000000 00:00 0 
7f3f6c021000-7f3f70000000 ---p 00000000 00:00 0 
7f3f70000000-7f3f70021000 rw-p 00000000 00:00 0 
7f3f70021000-7f3f74000000 ---p 00000000 00:00 0 
7f3f74000000-7f3f74021000 rw-p 00000000 00:00 0 
7f3f74021000-7f3f78000000 ---p 00000000 00:00 0 
7f3f78014000-7f3f7839d000 rw-p 00000000 00:00 0 
7f3f7839d000-7f3f7839e000 ---p 00000000 00:00 0 
7f3f7839e000-7f3f78b9e000 rwxp 00000000 00:00 0 
7f3f78b9e000-7f3f78f9f000 rw-p 00000000 00:00 0 
7f3f78f9f000-7f3f78fc6000 r-xp 00000000 07:00 2759918                    /usr/lib/libXnDeviceFile.so
7f3f78fc6000-7f3f791c6000 ---p 00027000 07:00 2759918                    /usr/lib/libXnDeviceFile.so
7f3f791c6000-7f3f791c8000 r--p 00027000 07:00 2759918                    /usr/lib/libXnDeviceFile.so
7f3f791c8000-7f3f791c9000 rw-p 00029000 07:00 2759918                    /usr/lib/libXnDeviceFile.so
7f3f791c9000-7f3f79211000 r-xp 00000000 07:00 2759917                    /usr/lib/libXnDDK.so
7f3f79211000-7f3f79411000 ---p 00048000 07:00 2759917                    /usr/lib/libXnDDK.so
7f3f79411000-7f3f79414000 r--p 00048000 07:00 2759917                    /usr/lib/libXnDDK.so
7f3f79414000-7f3f79416000 rw-p 0004b000 07:00 2759917                    /usr/lib/libXnDDK.so
7f3f79416000-7f3f7943a000 r-xp 00000000 07:00 2759920                    /usr/lib/libXnFormats.so
7f3f7943a000-7f3f7963a000 ---p 00024000 07:00 2759920                    /usr/lib/libXnFormats.so
7f3f7963a000-7f3f7963b000 r--p 00024000 07:00 2759920                    /usr/lib/libXnFormats.so
7f3f7963b000-7f3f7963c000 rw-p 00025000 07:00 2759920                    /usr/lib/libXnFormats.so
7f3f7963c000-7f3f7965c000 rw-p 00000000 00:00 0 
7f3f7965c000-7f3f7965f000 r-xp 00000000 07:00 2759916                    /usr/lib/libXnCore.so
7f3f7965f000-7f3f7985e000 ---p 00003000 07:00 2759916                    /usr/lib/libXnCore.so
7f3f7985e000-7f3f7985f000 r--p 00002000 07:00 2759916                    /usr/lib/libXnCore.so
7f3f7985f000-7f3f79860000 rw-p 00003000 07:00 2759916                    /usr/lib/libXnCore.so
7f3f79860000-7f3f798e9000 r-xp 00000000 07:00 2759919                    /usr/lib/libXnDeviceSensorV2KM.so
7f3f798e9000-7f3f79ae8000 ---p 00089000 07:00 2759919                    /usr/lib/libXnDeviceSensorV2KM.so
7f3f79ae8000-7f3f79af8000 r--p 00088000 07:00 2759919                    /usr/lib/libXnDeviceSensorV2KM.so
7f3f79af8000-7f3f79af9000 rw-p 00098000 07:00 2759919                    /usr/lib/libXnDeviceSensorV2KM.so
7f3f79af9000-7f3f79bed000 r-xp 00000000 07:00 2759934                    /usr/lib/libXnVHandGenerator_1_5_2.so
7f3f79bed000-7f3f79dec000 ---p 000f4000 07:00 2759934                    /usr/lib/libXnVHandGenerator_1_5_2.so
7f3f79dec000-7f3f79df1000 r--p 000f3000 07:00 2759934                    /usr/lib/libXnVHandGenerator_1_5_2.so
7f3f79df1000-7f3f79df2000 rw-p 000f8000 07:00 2759934                    /usr/lib/libXnVHandGenerator_1_5_2.so
7f3f79df2000-7f3f79e00000 rw-p 00000000 00:00 0 
7f3f79e00000-7f3f79ed8000 r-xp 00000000 07:00 2759933                    /usr/lib/libXnVHandGenerator_1_4_2.so
7f3f79ed8000-7f3f7a0d7000 ---p 000d8000 07:00 2759933                    /usr/lib/libXnVHandGenerator_1_4_2.so
7f3f7a0d7000-7f3f7a0dc000 r--p 000d7000 07:00 2759933                    /usr/lib/libXnVHandGenerator_1_4_2.so
7f3f7a0dc000-7f3f7a0dd000 rw-p 000dc000 07:00 2759933                    /usr/lib/libXnVHandGenerator_1_4_2.so
7f3f7a0dd000-7f3f7a0e0000 rw-p 00000000 00:00 0 
7f3f7a0e0000-7f3f7a1b8000 r-xp 00000000 07:00 2759932                    /usr/lib/libXnVHandGenerator_1_4_1.so
7f3f7a1b8000-7f3f7a3b7000 ---p 000d8000 07:00 2759932                    /usr/lib/libXnVHandGenerator_1_4_1.so
7f3f7a3b7000-7f3f7a3bc000 r--p 000d7000 07:00 2759932                    /usr/lib/libXnVHandGenerator_1_4_1.so
7f3f7a3bc000-7f3f7a3bd000 rw-p 000dc000 07:00 2759932                    /usr/lib/libXnVHandGenerator_1_4_1.so
7f3f7a3bd000-7f3f7a3c0000 rw-p 00000000 00:00 0 
7f3f7a3c0000-7f3f7a4a3000 r-xp 00000000 07:00 2759931                    /usr/lib/libXnVHandGenerator_1_3_1.so
7f3f7a4a3000-7f3f7a6a3000 ---p 000e3000 07:00 2759931                    /usr/lib/libXnVHandGenerator_1_3_1.so
7f3f7a6a3000-7f3f7a6a8000 r--p 000e3000 07:00 2759931                    /usr/lib/libXnVHandGenerator_1_3_1.so
7f3f7a6a8000-7f3f7a6a9000 rw-p 000e8000 07:00 2759931                    /usr/lib/libXnVHandGenerator_1_3_1.so
7f3f7a6a9000-7f3f7a6ac000 rw-p 00000000 00:00 0 
7f3f7a6ac000-7f3f7aac1000 r-xp 00000000 07:00 2759929                    /usr/lib/libXnVFeatures_1_5_2.so
7f3f7aac1000-7f3f7acc1000 ---p 00415000 07:00 2759929                    /usr/lib/libXnVFeatures_1_5_2.so
7f3f7acc1000-7f3f7acd2000 r--p 00415000 07:00 2759929                    /usr/lib/libXnVFeatures_1_5_2.so
7f3f7acd2000-7f3f7acd4000 rw-p 00426000 07:00 2759929                    /usr/lib/libXnVFeatures_1_5_2.so
7f3f7acd4000-7f3f7ace9000 rw-p 00000000 00:00 0 
7f3f7ace9000-7f3f7aee0000 r-xp 00000000 07:00 2759928                    /usr/lib/libXnVFeatures_1_4_2.so
7f3f7aee0000-7f3f7b0df000 ---p 001f7000 07:00 2759928                    /usr/lib/libXnVFeatures_1_4_2.so
7f3f7b0df000-7f3f7b0e5000 r--p 001f6000 07:00 2759928                    /usr/lib/libXnVFeatures_1_4_2.so
7f3f7b0e5000-7f3f7b0e6000 rw-p 001fc000 07:00 2759928                    /usr/lib/libXnVFeatures_1_4_2.so
7f3f7b0e6000-7f3f7b0ec000 rw-p 00000000 00:00 0 
7f3f7b0ec000-7f3f7b2e3000 r-xp 00000000 07:00 2759927                    /usr/lib/libXnVFeatures_1_4_1.so
7f3f7b2e3000-7f3f7b4e2000 ---p 001f7000 07:00 2759927                    /usr/lib/libXnVFeatures_1_4_1.so
7f3f7b4e2000-7f3f7b4e8000 r--p 001f6000 07:00 2759927                    /usr/lib/libXnVFeatures_1_4_1.so
7f3f7b4e8000-7f3f7b4e9000 rw-p 001fc000 07:00 2759927                    /usr/lib/libXnVFeatures_1_4_1.so
7f3f7b4e9000-7f3f7b4ef000 rw-p 00000000 00:00 0 
7f3f7b4ef000-7f3f7b734000 r-xp 00000000 07:00 2759926                    /usr/lib/libXnVFeatures_1_3_1.so
7f3f7b734000-7f3f7b934000 ---p 00245000 07:00 2759926                    /usr/lib/libXnVFeatures_1_3_1.so
7f3f7b934000-7f3f7b93a000 r--p 00245000 07:00 2759926                    /usr/lib/libXnVFeatures_1_3_1.so
7f3f7b93a000-7f3f7b93b000 rw-p 0024b000 07:00 2759926                    /usr/lib/libXnVFeatures_1_3_1.so
7f3f7b93b000-7f3f7b942000 rw-p 00000000 00:00 0 
7f3f7b942000-7f3f7b960000 r-xp 00000000 07:00 2760368                    /usr/lib/libnimRecorder.so
7f3f7b960000-7f3f7bb5f000 ---p 0001e000 07:00 2760368                    /usr/lib/libnimRecorder.so
7f3f7bb5f000-7f3f7bb61000 r--p 0001d000 07:00 2760368                    /usr/lib/libnimRecorder.so
7f3f7bb61000-7f3f7bb62000 rw-p 0001f000 07:00 2760368                    /usr/lib/libnimRecorder.so
7f3f7bb62000-7f3f7bb98000 r-xp 00000000 07:00 2760366                    /usr/lib/libnimCodecs.so
7f3f7bb98000-7f3f7bd98000 ---p 00036000 07:00 2760366                    /usr/lib/libnimCodecs.so
7f3f7bd98000-7f3f7bd9b000 r--p 00036000 07:00 2760366                    /usr/lib/libnimCodecs.so
7f3f7bd9b000-7f3f7bd9c000 rw-p 00039000 07:00 2760366                    /usr/lib/libnimCodecs.so
7f3f7bd9c000-7f3f7bdbc000 rw-p 00000000 00:00 0 
7f3f7bdbc000-7f3f7bdf3000 r-xp 00000000 07:00 2760367                    /usr/lib/libnimMockNodes.so
7f3f7bdf3000-7f3f7bff2000 ---p 00037000 07:00 2760367                    /usr/lib/libnimMockNodes.so
7f3f7bff2000-7f3f7bfff000 r--p 00036000 07:00 2760367                    /usr/lib/libnimMockNodes.so
7f3f7bfff000-7f3f7c000000 rw-p 00043000 07:00 2760367                    /usr/lib/libnimMockNodes.so
7f3f7c000000-7f3f7c021000 rw-p 00000000 00:00 0 
7f3f7c021000-7f3f80000000 ---p 00000000 00:00 0 
7f3f80000000-7f3f80021000 rw-p 00000000 00:00 0 
7f3f80021000-7f3f84000000 ---p 00000000 00:00 0 
7f3f84000000-7f3f84021000 rw-p 00000000 00:00 0 
7f3f84021000-7f3f88000000 ---p 00000000 00:00 0 
7f3f8804e000-7f3f880e5000 rw-p 00000000 00:00 0 
7f3f880e5000-7f3f880f3000 r-xp 00000000 07:00 136665                     /lib/x86_64-linux-gnu/libusb-1.0.so.0.1.0
7f3f880f3000-7f3f882f2000 ---p 0000e000 07:00 136665                     /lib/x86_64-linux-gnu/libusb-1.0.so.0.1.0
7f3f882f2000-7f3f882f3000 r--p 0000d000 07:00 136665                     /lib/x86_64-linux-gnu/libusb-1.0.so.0.1.0
7f3f882f3000-7f3f882f4000 rw-p 0000e000 07:00 136665                     /lib/x86_64-linux-gnu/libusb-1.0.so.0.1.0
7f3f882f4000-7f3f88371000 r-xp 00000000 07:00 2759909                    /usr/lib/libOpenNI.so
7f3f88371000-7f3f88570000 ---p 0007d000 07:00 2759909                    /usr/lib/libOpenNI.so
7f3f88570000-7f3f88573000 r--p 0007c000 07:00 2759909                    /usr/lib/libOpenNI.so
7f3f88573000-7f3f88576000 rw-p 0007f000 07:00 2759909                    /usr/lib/libOpenNI.so
7f3f88576000-7f3f88577000 rw-p 00000000 00:00 0 
7f3f88577000-7f3f8859b000 r-xp 00000000 07:00 2759908                    /usr/lib/libOpenNI.jni.so
7f3f8859b000-7f3f8879a000 ---p 00024000 07:00 2759908                    /usr/lib/libOpenNI.jni.so
7f3f8879a000-7f3f8879b000 r--p 00023000 07:00 2759908                    /usr/lib/libOpenNI.jni.so
7f3f8879b000-7f3f8879e000 rw-p 00024000 07:00 2759908                    /usr/lib/libOpenNI.jni.so
7f3f8879e000-7f3f887a3000 r-xp 00000000 07:00 2766745                    /usr/lib/x86_64-linux-gnu/libXfixes.so.3.1.0
7f3f887a3000-7f3f889a2000 ---p 00005000 07:00 2766745                    /usr/lib/x86_64-linux-gnu/libXfixes.so.3.1.0
7f3f889a2000-7f3f889a3000 r--p 00004000 07:00 2766745                    /usr/lib/x86_64-linux-gnu/libXfixes.so.3.1.0
7f3f889a3000-7f3f889a4000 rw-p 00005000 07:00 2766745                    /usr/lib/x86_64-linux-gnu/libXfixes.so.3.1.0
7f3f889a4000-7f3f889a5000 r--s 00000000 07:00 2229118                    /var/cache/fontconfig/c05880de57d1f5e948fdfacc138775d9-le64.cache-3
7f3f889a5000-7f3f889ae000 r--s 00000000 07:00 2229112                    /var/cache/fontconfig/945677eb7aeaf62f1d50efc3fb3ec7d8-le64.cache-3
7f3f889ae000-7f3f889b2000 r--s 00000000 07:00 2229113                    /var/cache/fontconfig/99e8ed0e538f840c565b6ed5dad60d56-le64.cache-3
7f3f889b2000-7f3f889ba000 r--s 00000000 07:00 2229114                    /var/cache/fontconfig/a6d8cf8e4ec09cdbc8633c31745a07dd-le64.cache-3
7f3f889ba000-7f3f889be000 r--s 00000000 07:00 2229098                    /var/cache/fontconfig/2cd17615ca594fa2959ae173292e504c-le64.cache-3
7f3f889be000-7f3f889c4000 r--s 00000000 07:00 2229115                    /var/cache/fontconfig/a755afe4a08bf5b97852ceb7400b47bc-le64.cache-3
7f3f889c4000-7f3f889cd000 r--s 00000000 07:00 2229107                    /var/cache/fontconfig/6d41288fd70b0be22e8c3a91e032eec0-le64.cache-3
7f3f889de000-7f3f88a75000 rw-p 00000000 00:00 0 
7f3f88a75000-7f3f88b76000 rwxp 00000000 00:00 0 
7f3f88b76000-7f3f88b77000 r--s 00000000 07:00 2229118                    /var/cache/fontconfig/c05880de57d1f5e948fdfacc138775d9-le64.cache-3
7f3f88b77000-7f3f88b80000 r--s 00000000 07:00 2229112                    /var/cache/fontconfig/945677eb7aeaf62f1d50efc3fb3ec7d8-le64.cache-3
7f3f88b80000-7f3f88b84000 r--s 00000000 07:00 2229113                    /var/cache/fontconfig/99e8ed0e538f840c565b6ed5dad60d56-le64.cache-3
7f3f88b84000-7f3f88b8c000 r--s 00000000 07:00 2229114                    /var/cache/fontconfig/a6d8cf8e4ec09cdbc8633c31745a07dd-le64.cache-3
7f3f88b8c000-7f3f88b90000 r--s 00000000 07:00 2229098                    /var/cache/fontconfig/2cd17615ca594fa2959ae173292e504c-le64.cache-3
7f3f88b90000-7f3f88b91000 r--s 00000000 07:00 2229126                    /var/cache/fontconfig/e7071f4a29fa870f4323321c154eba04-le64.cache-3
7f3f88b91000-7f3f88b92000 r--s 00000000 07:00 2229096                    /var/cache/fontconfig/0d8c3b2ac0904cb8a57a757ad11a4a08-le64.cache-3
7f3f88b92000-7f3f88b98000 r--s 00000000 07:00 2229115                    /var/cache/fontconfig/a755afe4a08bf5b97852ceb7400b47bc-le64.cache-3
7f3f88b98000-7f3f88ba1000 r--s 00000000 07:00 2229107                    /var/cache/fontconfig/6d41288fd70b0be22e8c3a91e032eec0-le64.cache-3
7f3f88ba1000-7f3f88bb1000 r--s 00000000 07:00 2229094                    /var/cache/fontconfig/04aabc0a78ac019cf9454389977116d2-le64.cache-3
7f3f88bb1000-7f3f88bb4000 r--s 00000000 07:00 2229101                    /var/cache/fontconfig/385c0604a188198f04d133e54aba7fe7-le64.cache-3
7f3f88bb4000-7f3f88bb5000 r--s 00000000 07:00 2229102                    /var/cache/fontconfig/4794a0821666d79190d59a36cb4f44b5-le64.cache-3
7f3f88bb5000-7f3f88bb8000 r--s 00000000 07:00 2229111                    /var/cache/fontconfig/8801497958630a81b71ace7c5f9b32a8-le64.cache-3
7f3f88bb8000-7f3f88bbd000 r--s 00000000 07:00 2229099                    /var/cache/fontconfig/3047814df9a2f067bd2d96a2b9c36e5a-le64.cache-3
7f3f88bbd000-7f3f88bc2000 r--s 00000000 07:00 2229116                    /var/cache/fontconfig/b47c4e1ecd0709278f4910c18777a504-le64.cache-3
7f3f88bc2000-7f3f88bd2000 r--s 00000000 07:00 2229122                    /var/cache/fontconfig/d52a8644073d54c13679302ca1180695-le64.cache-3
7f3f88bd4000-7f3f88bdd000 r-xp 00000000 07:00 2766737                    /usr/lib/x86_64-linux-gnu/libXcursor.so.1.0.2
7f3f88bdd000-7f3f88ddc000 ---p 00009000 07:00 2766737                    /usr/lib/x86_64-linux-gnu/libXcursor.so.1.0.2
7f3f88ddc000-7f3f88ddd000 r--p 00008000 07:00 2766737                    /usr/lib/x86_64-linux-gnu/libXcursor.so.1.0.2
7f3f88ddd000-7f3f88dde000 rw-p 00009000 07:00 2766737                    /usr/lib/x86_64-linux-gnu/libXcursor.so.1.0.2
7f3f88dff000-7f3f88e03000 rw-s 00000000 00:04 1470136370                 /SYSV00000000 (deleted)
7f3f88e03000-7f3f88e0a000 r--s 000fb000 07:00 2884213                    /usr/lib/jvm/java-6-openjdk-common/jre/lib/resources.jar
7f3f88e0a000-7f3f88e16000 r--s 00000000 07:00 2229095                    /var/cache/fontconfig/089dead882dea3570ffc31a9898cfb69-le64.cache-3
7f3f88e16000-7f3f88e29000 r--s 00000000 07:00 2229124                    /var/cache/fontconfig/e13b20fdb08344e0e664864cc2ede53d-le64.cache-3
7f3f88e29000-7f3f88e2d000 r--s 00000000 07:00 2229109                    /var/cache/fontconfig/7ef2298fde41cc6eeb7af42e48b7d293-le64.cache-3
7f3f88e2d000-7f3f88f2e000 rwxp 00000000 00:00 0 
7f3f88f2e000-7f3f88fc4000 r-xp 00000000 07:00 2767280                    /usr/lib/x86_64-linux-gnu/libfreetype.so.6.8.0
7f3f88fc4000-7f3f891c3000 ---p 00096000 07:00 2767280                    /usr/lib/x86_64-linux-gnu/libfreetype.so.6.8.0
7f3f891c3000-7f3f891c9000 r--p 00095000 07:00 2767280                    /usr/lib/x86_64-linux-gnu/libfreetype.so.6.8.0
7f3f891c9000-7f3f891ca000 rw-p 0009b000 07:00 2767280                    /usr/lib/x86_64-linux-gnu/libfreetype.so.6.8.0
7f3f891ca000-7f3f89204000 r-xp 00000000 07:00 2884078                    /usr/lib/jvm/java-6-openjdk-amd64/jre/lib/amd64/libfontmanager.so
7f3f89204000-7f3f89403000 ---p 0003a000 07:00 2884078                    /usr/lib/jvm/java-6-openjdk-amd64/jre/lib/amd64/libfontmanager.so
7f3f89403000-7f3f89405000 r--p 00039000 07:00 2884078                    /usr/lib/jvm/java-6-openjdk-amd64/jre/lib/amd64/libfontmanager.so
7f3f89405000-7f3f89406000 rw-p 0003b000 07:00 2884078                    /usr/lib/jvm/java-6-openjdk-amd64/jre/lib/amd64/libfontmanager.so
7f3f89406000-7f3f8940b000 r-xp 00000000 07:00 2766741                    /usr/lib/x86_64-linux-gnu/libXdmcp.so.6.0.0
7f3f8940b000-7f3f8960a000 ---p 00005000 07:00 2766741                    /usr/lib/x86_64-linux-gnu/libXdmcp.so.6.0.0
7f3f8960a000-7f3f8960b000 r--p 00004000 07:00 2766741                    /usr/lib/x86_64-linux-gnu/libXdmcp.so.6.0.0
7f3f8960b000-7f3f8960c000 rw-p 00005000 07:00 2766741                    /usr/lib/x86_64-linux-gnu/libXdmcp.so.6.0.0
7f3f8960c000-7f3f8960e000 r-xp 00000000 07:00 2766732                    /usr/lib/x86_64-linux-gnu/libXau.so.6.0.0
7f3f8960e000-7f3f8980d000 ---p 00002000 07:00 2766732                    /usr/lib/x86_64-linux-gnu/libXau.so.6.0.0
7f3f8980d000-7f3f8980e000 r--p 00001000 07:00 2766732                    /usr/lib/x86_64-linux-gnu/libXau.so.6.0.0
7f3f8980e000-7f3f8980f000 rw-p 00002000 07:00 2766732                    /usr/lib/x86_64-linux-gnu/libXau.so.6.0.0
7f3f8980f000-7f3f8982c000 r-xp 00000000 07:00 2767626                    /usr/lib/x86_64-linux-gnu/libxcb.so.1.1.0
7f3f8982c000-7f3f89a2b000 ---p 0001d000 07:00 2767626                    /usr/lib/x86_64-linux-gnu/libxcb.so.1.1.0
7f3f89a2b000-7f3f89a2c000 r--p 0001c000 07:00 2767626                    /usr/lib/x86_64-linux-gnu/libxcb.so.1.1.0
7f3f89a2c000-7f3f89a2d000 rw-p 0001d000 07:00 2767626                    /usr/lib/x86_64-linux-gnu/libxcb.so.1.1.0
7f3f89a2d000-7f3f89a3b000 r-xp 00000000 07:00 2766749                    /usr/lib/x86_64-linux-gnu/libXi.so.6.1.0
7f3f89a3b000-7f3f89c3a000 ---p 0000e000 07:00 2766749                    /usr/lib/x86_64-linux-gnu/libXi.so.6.1.0
7f3f89c3a000-7f3f89c3b000 r--p 0000d000 07:00 2766749                    /usr/lib/x86_64-linux-gnu/libXi.so.6.1.0
7f3f89c3b000-7f3f89c3c000 rw-p 0000e000 07:00 2766749                    /usr/lib/x86_64-linux-gnu/libXi.so.6.1.0
7f3f89c3c000-7f3f89c41000 r-xp 00000000 07:00 2766764                    /usr/lib/x86_64-linux-gnu/libXtst.so.6.1.0
7f3f89c41000-7f3f89e40000 ---p 00005000 07:00 2766764                    /usr/lib/x86_64-linux-gnu/libXtst.so.6.1.0
7f3f89e40000-7f3f89e41000 r--p 00004000 07:00 2766764                    /usr/lib/x86_64-linux-gnu/libXtst.so.6.1.0
7f3f89e41000-7f3f89e42000 rw-p 00005000 07:00 2766764                    /usr/lib/x86_64-linux-gnu/libXtst.so.6.1.0
7f3f89e42000-7f3f89e4b000 r-xp 00000000 07:00 2766760                    /usr/lib/x86_64-linux-gnu/libXrender.so.1.3.0
7f3f89e4b000-7f3f8a04a000 ---p 00009000 07:00 2766760                    /usr/lib/x86_64-linux-gnu/libXrender.so.1.3.0
7f3f8a04a000-7f3f8a04b000 r--p 00008000 07:00 2766760                    /usr/lib/x86_64-linux-gnu/libXrender.so.1.3.0
7f3f8a04b000-7f3f8a04c000 rw-p 00009000 07:00 2766760                    /usr/lib/x86_64-linux-gnu/libXrender.so.1.3.0
7f3f8a04c000-7f3f8a17b000 r-xp 00000000 07:00 2766730                    /usr/lib/x86_64-linux-gnu/libX11.so.6.3.0
7f3f8a17b000-7f3f8a37b000 ---p 0012f000 07:00 2766730                    /usr/lib/x86_64-linux-gnu/libX11.so.6.3.0
7f3f8a37b000-7f3f8a37c000 r--p 0012f000 07:00 2766730                    /usr/lib/x86_64-linux-gnu/libX11.so.6.3.0
7f3f8a37c000-7f3f8a380000 rw-p 00130000 07:00 2766730                    /usr/lib/x86_64-linux-gnu/libX11.so.6.3.0
7f3f8a380000-7f3f8a390000 r-xp 00000000 07:00 2766743                    /usr/lib/x86_64-linux-gnu/libXext.so.6.4.0
7f3f8a390000-7f3f8a58f000 ---p 00010000 07:00 2766743                    /usr/lib/x86_64-linux-gnu/libXext.so.6.4.0
7f3f8a58f000-7f3f8a590000 r--p 0000f000 07:00 2766743                    /usr/lib/x86_64-linux-gnu/libXext.so.6.4.0
7f3f8a590000-7f3f8a591000 rw-p 00010000 07:00 2766743                    /usr/lib/x86_64-linux-gnu/libXext.so.6.4.0
7f3f8a591000-7f3f8a5a1000 r--s 00000000 07:00 2229094                    /var/cache/fontconfig/04aabc0a78ac019cf9454389977116d2-le64.cache-3
7f3f8a5a1000-7f3f8a5a6000 r--s 00000000 07:00 2229116                    /var/cache/fontconfig/b47c4e1ecd0709278f4910c18777a504-le64.cache-3
7f3f8a5a6000-7f3f8a5b6000 r--s 00000000 07:00 2229122                    /var/cache/fontconfig/d52a8644073d54c13679302ca1180695-le64.cache-3
7f3f8a5b6000-7f3f8a601000 r-xp 00000000 07:00 2884115                    /usr/lib/jvm/java-6-openjdk-amd64/jre/lib/amd64/xawt/libmawt.so
7f3f8a601000-7f3f8a801000 ---p 0004b000 07:00 2884115                    /usr/lib/jvm/java-6-openjdk-amd64/jre/lib/amd64/xawt/libmawt.so
7f3f8a801000-7f3f8a802000 r--p 0004b000 07:00 2884115                    /usr/lib/jvm/java-6-openjdk-amd64/jre/lib/amd64/xawt/libmawt.so
7f3f8a802000-7f3f8a805000 rw-p 0004c000 07:00 2884115                    /usr/lib/jvm/java-6-openjdk-amd64/jre/lib/amd64/xawt/libmawt.so
7f3f8a805000-7f3f8a806000 rw-p 00000000 00:00 0 
7f3f8a806000-7f3f8a8b2000 r-xp 00000000 07:00 2884076                    /usr/lib/jvm/java-6-openjdk-amd64/jre/lib/amd64/libawt.so
7f3f8a8b2000-7f3f8aab1000 ---p 000ac000 07:00 2884076                    /usr/lib/jvm/java-6-openjdk-amd64/jre/lib/amd64/libawt.so
7f3f8aab1000-7f3f8aab2000 r--p 000ab000 07:00 2884076                    /usr/lib/jvm/java-6-openjdk-amd64/jre/lib/amd64/libawt.so
7f3f8aab2000-7f3f8aabd000 rw-p 000ac000 07:00 2884076                    /usr/lib/jvm/java-6-openjdk-amd64/jre/lib/amd64/libawt.so
7f3f8aabd000-7f3f8aae2000 rw-p 00000000 00:00 0 
7f3f8aae2000-7f3f8aae3000 r--s 00007000 07:00 1188646                    /usr/share/java/java-atk-wrapper.jar
7f3f8aae3000-7f3f8aae5000 r--s 00001000 07:00 2884220                    /usr/lib/jvm/java-6-openjdk-common/jre/lib/ext/dnsns.jar
7f3f8aae5000-7f3f8aae8000 r--s 00031000 07:00 2884223                    /usr/lib/jvm/java-6-openjdk-common/jre/lib/ext/sunjce_provider.jar
7f3f8aae8000-7f3f8aaea000 r--s 0000f000 07:00 2884222                    /usr/lib/jvm/java-6-openjdk-common/jre/lib/ext/pulse-java.jar
7f3f8aaea000-7f3f8aaee000 r--s 00038000 07:00 2884224                    /usr/lib/jvm/java-6-openjdk-common/jre/lib/ext/sunpkcs11.jar
7f3f8aaee000-7f3f8aaf1000 r--s 00077000 07:00 2884221                    /usr/lib/jvm/java-6-openjdk-common/jre/lib/ext/localedata.jar
7f3f8aaf1000-7f3f8aaf2000 ---p 00000000 00:00 0 
7f3f8aaf2000-7f3f8acf3000 rwxp 00000000 00:00 0 
7f3f8acf3000-7f3f8acf4000 ---p 00000000 00:00 0 
7f3f8acf4000-7f3f8adf4000 rwxp 00000000 00:00 0 
7f3f8adf4000-7f3f8adf5000 ---p 00000000 00:00 0 
7f3f8adf5000-7f3f8aff6000 rwxp 00000000 00:00 0 
7f3f8aff6000-7f3f8b46a000 r--p 00000000 07:00 2765053                    /usr/lib/locale/locale-archive
7f3f8b46a000-7f3f8b66c000 rwxp 00000000 00:00 0 
7f3f8b66c000-7f3f8b66d000 ---p 00000000 00:00 0 
7f3f8b66d000-7f3f8b76d000 rwxp 00000000 00:00 0 
7f3f8b76d000-7f3f8bc72000 rw-p 00000000 00:00 0 
7f3f8bc72000-7f3f8be04000 r--s 037c2000 07:00 2884073                    /usr/lib/jvm/java-6-openjdk-amd64/jre/lib/rt.jar
7f3f8be04000-7f3f8be05000 ---p 00000000 00:00 0 
7f3f8be05000-7f3f8bf05000 rwxp 00000000 00:00 0 
7f3f8bf05000-7f3f8bf06000 ---p 00000000 00:00 0 
7f3f8bf06000-7f3f8c006000 rwxp 00000000 00:00 0 
7f3f8c006000-7f3f8c007000 ---p 00000000 00:00 0 
7f3f8c007000-7f3f8c107000 rwxp 00000000 00:00 0 
7f3f8c107000-7f3f8c131000 rw-p 00000000 00:00 0 
7f3f8c131000-7f3f8c398000 rw-p 00000000 00:00 0 
7f3f8c398000-7f3f8c3a3000 rw-p 00000000 00:00 0 
7f3f8c3a3000-7f3f8c3eb000 rw-p 00000000 00:00 0 
7f3f8c3eb000-7f3f8c415000 rw-p 00000000 00:00 0 
7f3f8c415000-7f3f8c67b000 rw-p 00000000 00:00 0 
7f3f8c67b000-7f3f8c691000 rw-p 00000000 00:00 0 
7f3f8c691000-7f3f8c7c4000 rw-p 00000000 00:00 0 
7f3f8c7c4000-7f3f8c7c5000 rw-p 00000000 00:00 0 
7f3f8c7c5000-7f3f8ca35000 rwxp 00000000 00:00 0 
7f3f8ca35000-7f3f8f7c5000 rw-p 00000000 00:00 0 
7f3f8f7c5000-7f3f8f7cc000 r-xp 00000000 07:00 2884105                    /usr/lib/jvm/java-6-openjdk-amd64/jre/lib/amd64/libzip.so
7f3f8f7cc000-7f3f8f9cb000 ---p 00007000 07:00 2884105                    /usr/lib/jvm/java-6-openjdk-amd64/jre/lib/amd64/libzip.so
7f3f8f9cb000-7f3f8f9cc000 r--p 00006000 07:00 2884105                    /usr/lib/jvm/java-6-openjdk-amd64/jre/lib/amd64/libzip.so
7f3f8f9cc000-7f3f8f9cd000 rw-p 00007000 07:00 2884105                    /usr/lib/jvm/java-6-openjdk-amd64/jre/lib/amd64/libzip.so
7f3f8f9cd000-7f3f8f9d9000 r-xp 00000000 07:00 136638                     /lib/x86_64-linux-gnu/libnss_files-2.15.so
7f3f8f9d9000-7f3f8fbd8000 ---p 0000c000 07:00 136638                     /lib/x86_64-linux-gnu/libnss_files-2.15.so
7f3f8fbd8000-7f3f8fbd9000 r--p 0000b000 07:00 136638                     /lib/x86_64-linux-gnu/libnss_files-2.15.so
7f3f8fbd9000-7f3f8fbda000 rw-p 0000c000 07:00 136638                     /lib/x86_64-linux-gnu/libnss_files-2.15.so
7f3f8fbda000-7f3f8fbe4000 r-xp 00000000 07:00 136640                     /lib/x86_64-linux-gnu/libnss_nis-2.15.so
7f3f8fbe4000-7f3f8fde4000 ---p 0000a000 07:00 136640                     /lib/x86_64-linux-gnu/libnss_nis-2.15.so
7f3f8fde4000-7f3f8fde5000 r--p 0000a000 07:00 136640                     /lib/x86_64-linux-gnu/libnss_nis-2.15.so
7f3f8fde5000-7f3f8fde6000 rw-p 0000b000 07:00 136640                     /lib/x86_64-linux-gnu/libnss_nis-2.15.so
7f3f8fde6000-7f3f8fdfd000 r-xp 00000000 07:00 136635                     /lib/x86_64-linux-gnu/libnsl-2.15.so
7f3f8fdfd000-7f3f8fffc000 ---p 00017000 07:00 136635                     /lib/x86_64-linux-gnu/libnsl-2.15.so
7f3f8fffc000-7f3f8fffd000 r--p 00016000 07:00 136635                     /lib/x86_64-linux-gnu/libnsl-2.15.so
7f3f8fffd000-7f3f8fffe000 rw-p 00017000 07:00 136635                     /lib/x86_64-linux-gnu/libnsl-2.15.so
7f3f8fffe000-7f3f90000000 rw-p 00000000 00:00 0 
7f3f90000000-7f3f94000000 rw-p 00000000 00:00 0 
7f3f94001000-7f3f94002000 rw-s 00000000 00:12 1347094                    /run/shm/045e.02ae@1.52-SM
7f3f94002000-7f3f94003000 r--s 00000000 07:00 2229104                    /var/cache/fontconfig/56cf4f4769d0f4abc89a4895d7bd3ae1-le64.cache-3
7f3f94003000-7f3f94006000 r--s 00000000 07:00 2229101                    /var/cache/fontconfig/385c0604a188198f04d133e54aba7fe7-le64.cache-3
7f3f94006000-7f3f94009000 r--s 00000000 07:00 2229111                    /var/cache/fontconfig/8801497958630a81b71ace7c5f9b32a8-le64.cache-3
7f3f94009000-7f3f94064000 rw-p 00000000 00:00 0 
7f3f94064000-7f3f94065000 ---p 00000000 00:00 0 
7f3f94065000-7f3f94165000 rwxp 00000000 00:00 0 
7f3f94165000-7f3f94170000 rw-p 00000000 00:00 0 
7f3f94170000-7f3f941b8000 rw-p 00000000 00:00 0 
7f3f941b8000-7f3f941c0000 r-xp 00000000 07:00 136636                     /lib/x86_64-linux-gnu/libnss_compat-2.15.so
7f3f941c0000-7f3f943bf000 ---p 00008000 07:00 136636                     /lib/x86_64-linux-gnu/libnss_compat-2.15.so
7f3f943bf000-7f3f943c0000 r--p 00007000 07:00 136636                     /lib/x86_64-linux-gnu/libnss_compat-2.15.so
7f3f943c0000-7f3f943c1000 rw-p 00008000 07:00 136636                     /lib/x86_64-linux-gnu/libnss_compat-2.15.so
7f3f943c1000-7f3f943ed000 r-xp 00000000 07:00 2884085                    /usr/lib/jvm/java-6-openjdk-amd64/jre/lib/amd64/libjava.so
7f3f943ed000-7f3f945ec000 ---p 0002c000 07:00 2884085                    /usr/lib/jvm/java-6-openjdk-amd64/jre/lib/amd64/libjava.so
7f3f945ec000-7f3f945ed000 r--p 0002b000 07:00 2884085                    /usr/lib/jvm/java-6-openjdk-amd64/jre/lib/amd64/libjava.so
7f3f945ed000-7f3f945f0000 rw-p 0002c000 07:00 2884085                    /usr/lib/jvm/java-6-openjdk-amd64/jre/lib/amd64/libjava.so
7f3f945f0000-7f3f945fe000 r-xp 00000000 07:00 2884104                    /usr/lib/jvm/java-6-openjdk-amd64/jre/lib/amd64/libverify.so
7f3f945fe000-7f3f947fd000 ---p 0000e000 07:00 2884104                    /usr/lib/jvm/java-6-openjdk-amd64/jre/lib/amd64/libverify.so
7f3f947fd000-7f3f947ff000 r--p 0000d000 07:00 2884104                    /usr/lib/jvm/java-6-openjdk-amd64/jre/lib/amd64/libverify.so
7f3f947ff000-7f3f94800000 rw-p 0000f000 07:00 2884104                    /usr/lib/jvm/java-6-openjdk-amd64/jre/lib/amd64/libverify.so
7f3f94800000-7f3f94807000 r-xp 00000000 07:00 136656                     /lib/x86_64-linux-gnu/librt-2.15.so
7f3f94807000-7f3f94a06000 ---p 00007000 07:00 136656                     /lib/x86_64-linux-gnu/librt-2.15.so
7f3f94a06000-7f3f94a07000 r--p 00006000 07:00 136656                     /lib/x86_64-linux-gnu/librt-2.15.so
7f3f94a07000-7f3f94a08000 rw-p 00007000 07:00 136656                     /lib/x86_64-linux-gnu/librt-2.15.so
7f3f94a08000-7f3f94a1d000 r-xp 00000000 07:00 136622                     /lib/x86_64-linux-gnu/libgcc_s.so.1
7f3f94a1d000-7f3f94c1c000 ---p 00015000 07:00 136622                     /lib/x86_64-linux-gnu/libgcc_s.so.1
7f3f94c1c000-7f3f94c1d000 r--p 00014000 07:00 136622                     /lib/x86_64-linux-gnu/libgcc_s.so.1
7f3f94c1d000-7f3f94c1e000 rw-p 00015000 07:00 136622                     /lib/x86_64-linux-gnu/libgcc_s.so.1
7f3f94c1e000-7f3f94d19000 r-xp 00000000 07:00 136628                     /lib/x86_64-linux-gnu/libm-2.15.so
7f3f94d19000-7f3f94f18000 ---p 000fb000 07:00 136628                     /lib/x86_64-linux-gnu/libm-2.15.so
7f3f94f18000-7f3f94f19000 r--p 000fa000 07:00 136628                     /lib/x86_64-linux-gnu/libm-2.15.so
7f3f94f19000-7f3f94f1a000 rw-p 000fb000 07:00 136628                     /lib/x86_64-linux-gnu/libm-2.15.so
7f3f94f1a000-7f3f94ffc000 r-xp 00000000 07:00 2767523                    /usr/lib/x86_64-linux-gnu/libstdc++.so.6.0.16
7f3f94ffc000-7f3f951fb000 ---p 000e2000 07:00 2767523                    /usr/lib/x86_64-linux-gnu/libstdc++.so.6.0.16
7f3f951fb000-7f3f95203000 r--p 000e1000 07:00 2767523                    /usr/lib/x86_64-linux-gnu/libstdc++.so.6.0.16
7f3f95203000-7f3f95205000 rw-p 000e9000 07:00 2767523                    /usr/lib/x86_64-linux-gnu/libstdc++.so.6.0.16
7f3f95205000-7f3f9521a000 rw-p 00000000 00:00 0 
7f3f9521a000-7f3f95b1f000 r-xp 00000000 07:00 2884114                    /usr/lib/jvm/java-6-openjdk-amd64/jre/lib/amd64/server/libjvm.so
7f3f95b1f000-7f3f95d1f000 ---p 00905000 07:00 2884114                    /usr/lib/jvm/java-6-openjdk-amd64/jre/lib/amd64/server/libjvm.so
7f3f95d1f000-7f3f95d9f000 r--p 00905000 07:00 2884114                    /usr/lib/jvm/java-6-openjdk-amd64/jre/lib/amd64/server/libjvm.so
7f3f95d9f000-7f3f95dba000 rw-p 00985000 07:00 2884114                    /usr/lib/jvm/java-6-openjdk-amd64/jre/lib/amd64/server/libjvm.so
7f3f95dba000-7f3f95de3000 rw-p 00000000 00:00 0 
7f3f95de3000-7f3f95df9000 r-xp 00000000 07:00 136669                     /lib/x86_64-linux-gnu/libz.so.1.2.3.4
7f3f95df9000-7f3f95ff8000 ---p 00016000 07:00 136669                     /lib/x86_64-linux-gnu/libz.so.1.2.3.4
7f3f95ff8000-7f3f95ff9000 r--p 00015000 07:00 136669                     /lib/x86_64-linux-gnu/libz.so.1.2.3.4
7f3f95ff9000-7f3f95ffa000 rw-p 00016000 07:00 136669                     /lib/x86_64-linux-gnu/libz.so.1.2.3.4
7f3f95ffa000-7f3f961af000 r-xp 00000000 07:00 136611                     /lib/x86_64-linux-gnu/libc-2.15.so
7f3f961af000-7f3f963ae000 ---p 001b5000 07:00 136611                     /lib/x86_64-linux-gnu/libc-2.15.so
7f3f963ae000-7f3f963b2000 r--p 001b4000 07:00 136611                     /lib/x86_64-linux-gnu/libc-2.15.so
7f3f963b2000-7f3f963b4000 rw-p 001b8000 07:00 136611                     /lib/x86_64-linux-gnu/libc-2.15.so
7f3f963b4000-7f3f963b9000 rw-p 00000000 00:00 0 
7f3f963b9000-7f3f963bb000 r-xp 00000000 07:00 136618                     /lib/x86_64-linux-gnu/libdl-2.15.so
7f3f963bb000-7f3f965bb000 ---p 00002000 07:00 136618                     /lib/x86_64-linux-gnu/libdl-2.15.so
7f3f965bb000-7f3f965bc000 r--p 00002000 07:00 136618                     /lib/x86_64-linux-gnu/libdl-2.15.so
7f3f965bc000-7f3f965bd000 rw-p 00003000 07:00 136618                     /lib/x86_64-linux-gnu/libdl-2.15.so
7f3f965bd000-7f3f965c1000 r-xp 00000000 07:00 2884111                    /usr/lib/jvm/java-6-openjdk-amd64/jre/lib/amd64/jli/libjli.so
7f3f965c1000-7f3f967c0000 ---p 00004000 07:00 2884111                    /usr/lib/jvm/java-6-openjdk-amd64/jre/lib/amd64/jli/libjli.so
7f3f967c0000-7f3f967c1000 r--p 00003000 07:00 2884111                    /usr/lib/jvm/java-6-openjdk-amd64/jre/lib/amd64/jli/libjli.so
7f3f967c1000-7f3f967c2000 rw-p 00004000 07:00 2884111                    /usr/lib/jvm/java-6-openjdk-amd64/jre/lib/amd64/jli/libjli.so
7f3f967c2000-7f3f967da000 r-xp 00000000 07:00 136653                     /lib/x86_64-linux-gnu/libpthread-2.15.so
7f3f967da000-7f3f969d9000 ---p 00018000 07:00 136653                     /lib/x86_64-linux-gnu/libpthread-2.15.so
7f3f969d9000-7f3f969da000 r--p 00017000 07:00 136653                     /lib/x86_64-linux-gnu/libpthread-2.15.so
7f3f969da000-7f3f969db000 rw-p 00018000 07:00 136653                     /lib/x86_64-linux-gnu/libpthread-2.15.so
7f3f969db000-7f3f969df000 rw-p 00000000 00:00 0 
7f3f969df000-7f3f96a01000 r-xp 00000000 07:00 136601                     /lib/x86_64-linux-gnu/ld-2.15.so
7f3f96a01000-7f3f96a02000 r--s 00000000 07:00 2229117                    /var/cache/fontconfig/b9d506c9ac06c20b433354fa67a72993-le64.cache-3
7f3f96a02000-7f3f96a03000 r--s 00000000 07:00 2229126                    /var/cache/fontconfig/e7071f4a29fa870f4323321c154eba04-le64.cache-3
7f3f96a03000-7f3f96a08000 r--s 00000000 07:00 2229099                    /var/cache/fontconfig/3047814df9a2f067bd2d96a2b9c36e5a-le64.cache-3
7f3f96a08000-7f3f96a14000 r--s 00000000 07:00 2229095                    /var/cache/fontconfig/089dead882dea3570ffc31a9898cfb69-le64.cache-3
7f3f96a14000-7f3f96a1e000 rw-p 00000000 00:00 0 
7f3f96a1e000-7f3f96ad4000 rw-p 00000000 00:00 0 
7f3f96ad4000-7f3f96ad7000 ---p 00000000 00:00 0 
7f3f96ad7000-7f3f96bd5000 rwxp 00000000 00:00 0 
7f3f96bd5000-7f3f96bda000 rw-p 00000000 00:00 0 
7f3f96bda000-7f3f96bdb000 r--s 00000000 07:00 2229096                    /var/cache/fontconfig/0d8c3b2ac0904cb8a57a757ad11a4a08-le64.cache-3
7f3f96bdb000-7f3f96bdc000 r--s 00000000 07:00 2229102                    /var/cache/fontconfig/4794a0821666d79190d59a36cb4f44b5-le64.cache-3
7f3f96bdc000-7f3f96bdd000 r--s 00000000 07:00 2229104                    /var/cache/fontconfig/56cf4f4769d0f4abc89a4895d7bd3ae1-le64.cache-3
7f3f96bdd000-7f3f96bde000 r--s 00000000 07:00 2229117                    /var/cache/fontconfig/b9d506c9ac06c20b433354fa67a72993-le64.cache-3
7f3f96bde000-7f3f96bf1000 r--s 00000000 07:00 2229124                    /var/cache/fontconfig/e13b20fdb08344e0e664864cc2ede53d-le64.cache-3
7f3f96bf1000-7f3f96bf5000 r--s 00000000 07:00 2229109                    /var/cache/fontconfig/7ef2298fde41cc6eeb7af42e48b7d293-le64.cache-3
7f3f96bf5000-7f3f96bfd000 rw-s 00000000 07:00 691                        /tmp/hsperfdata_qyr1987/27036
7f3f96bfd000-7f3f96bfe000 rw-p 00000000 00:00 0 
7f3f96bfe000-7f3f96bff000 r--p 00000000 00:00 0 
7f3f96bff000-7f3f96c01000 rw-p 00000000 00:00 0 
7f3f96c01000-7f3f96c02000 r--p 00022000 07:00 136601                     /lib/x86_64-linux-gnu/ld-2.15.so
7f3f96c02000-7f3f96c04000 rw-p 00023000 07:00 136601                     /lib/x86_64-linux-gnu/ld-2.15.so
7fff1a089000-7fff1a0a9000 rwxp 00000000 00:00 0                          [stack]
7fff1a0a9000-7fff1a0aa000 rw-p 00000000 00:00 0 
7fff1a1ff000-7fff1a200000 r-xp 00000000 00:00 0                          [vdso]
ffffffffff600000-ffffffffff601000 r-xp 00000000 00:00 0                  [vsyscall]

VM Arguments:
jvm_args: -Dfile.encoding=UTF-8 
java_command: edu.seas.upenn.ese519.MainFrame
Launcher Type: SUN_STANDARD

Environment Variables:
PATH=/home/qyr1987/bin:/usr/lib/lightdm/lightdm:/usr/local/sbin:/usr/local/bin:/usr/sbin:/usr/bin:/sbin:/bin:/usr/games
LD_LIBRARY_PATH=/usr/lib/jvm/java-6-openjdk-amd64/jre/lib/amd64/server:/usr/lib/jvm/java-6-openjdk-amd64/jre/lib/amd64:/usr/lib/jvm/java-6-openjdk-amd64/jre/../lib/amd64
SHELL=/bin/bash
DISPLAY=:0

Signal Handlers:
SIGSEGV: [libjvm.so+0x7852e0], sa_mask[0]=0x7ffbfeff, sa_flags=0x10000004
SIGBUS: [libjvm.so+0x7852e0], sa_mask[0]=0x7ffbfeff, sa_flags=0x10000004
SIGFPE: [libjvm.so+0x648d40], sa_mask[0]=0x7ffbfeff, sa_flags=0x10000004
SIGPIPE: [libjvm.so+0x648d40], sa_mask[0]=0x7ffbfeff, sa_flags=0x10000004
SIGXFSZ: [libjvm.so+0x648d40], sa_mask[0]=0x7ffbfeff, sa_flags=0x10000004
SIGILL: [libjvm.so+0x648d40], sa_mask[0]=0x7ffbfeff, sa_flags=0x10000004
SIGUSR1: SIG_DFL, sa_mask[0]=0x00000000, sa_flags=0x00000000
SIGUSR2: [libjvm.so+0x648ef0], sa_mask[0]=0x00000004, sa_flags=0x10000004
SIGHUP: [libjvm.so+0x64ba10], sa_mask[0]=0x7ffbfeff, sa_flags=0x10000004
SIGINT: [libjvm.so+0x64ba10], sa_mask[0]=0x7ffbfeff, sa_flags=0x10000004
SIGTERM: [libjvm.so+0x64ba10], sa_mask[0]=0x7ffbfeff, sa_flags=0x10000004
SIGQUIT: [libjvm.so+0x64ba10], sa_mask[0]=0x7ffbfeff, sa_flags=0x10000004


---------------  S Y S T E M  ---------------

OS:Ubuntu 12.04 (precise)
uname:Linux 3.2.0-33-generic #52-Ubuntu SMP Thu Oct 18 16:29:15 UTC 2012 x86_64
libc:glibc 2.15 NPTL 2.15 
rlimit: STACK 8192k, CORE 0k, NPROC 62854, NOFILE 4096, AS infinity
load average:0.12 0.29 0.36

/proc/meminfo:
MemTotal:        8062936 kB
MemFree:         1547812 kB
Buffers:         1497260 kB
Cached:          2014380 kB
SwapCached:          188 kB
Active:          3593388 kB
Inactive:        2435856 kB
Active(anon):    2160496 kB
Inactive(anon):   866688 kB
Active(file):    1432892 kB
Inactive(file):  1569168 kB
Unevictable:        2708 kB
Mlocked:              32 kB
SwapTotal:        262140 kB
SwapFree:         230184 kB
Dirty:               216 kB
Writeback:             0 kB
AnonPages:       2520052 kB
Mapped:           212212 kB
Shmem:            506904 kB
Slab:             309712 kB
SReclaimable:     233232 kB
SUnreclaim:        76480 kB
KernelStack:        4944 kB
PageTables:        48608 kB
NFS_Unstable:          0 kB
Bounce:                0 kB
WritebackTmp:          0 kB
CommitLimit:     4293608 kB
Committed_AS:    6539696 kB
VmallocTotal:   34359738367 kB
VmallocUsed:      414612 kB
VmallocChunk:   34359274980 kB
HardwareCorrupted:     0 kB
AnonHugePages:         0 kB
HugePages_Total:       0
HugePages_Free:        0
HugePages_Rsvd:        0
HugePages_Surp:        0
Hugepagesize:       2048 kB
DirectMap4k:      137216 kB
DirectMap2M:     8142848 kB


CPU:total 4 (2 cores per cpu, 2 threads per core) family 6 model 42 stepping 7, cmov, cx8, fxsr, mmx, sse, sse2, sse3, ssse3, sse4.1, sse4.2, popcnt, ht

Memory: 4k page, physical 8062936k(1547812k free), swap 262140k(230184k free)

vm_info: OpenJDK 64-Bit Server VM (20.0-b12) for linux-amd64 JRE (1.6.0_24-b24), built on Oct 24 2012 16:17:28 by "buildd" with gcc 4.6.3

time: Mon Nov 26 15:19:31 2012
elapsed time: 2 seconds

