#
# A fatal error has been detected by the Java Runtime Environment:
#
#  SIGSEGV (0xb) at pc=0x00007ffeb506e615, pid=26071, tid=140732274321152
#
# JRE version: 6.0_24-b24
# Java VM: OpenJDK 64-Bit Server VM (20.0-b12 mixed mode linux-amd64 compressed oops)
# Derivative: IcedTea6 1.11.5
# Distribution: Ubuntu 12.04 LTS, package 6b24-1.11.5-0ubuntu1~12.04.1
# Problematic frame:
# C  [libXnVFeatures_1_5_2.so+0x8b615]  Segmentation::detectionByPoint(bool, std::vector<Vector2D<int>, std::allocator<Vector2D<int> > > const*)+0x105
#
# If you would like to submit a bug report, please include
# instructions how to reproduce the bug and visit:
#   https://bugs.launchpad.net/ubuntu/+source/openjdk-6/
# The crash happened outside the Java Virtual Machine in native code.
# See problematic frame for where to report the bug.
#

---------------  T H R E A D  ---------------

Current thread (0x00007ffec0007800):  JavaThread "main" [_thread_in_native, id=26076, stack(0x00007ffec9282000,0x00007ffec9383000)]

siginfo:si_signo=SIGSEGV: si_errno=0, si_code=1 (SEGV_MAPERR), si_addr=0x00007ffcc0c62fe0

Registers:
RAX=0x00007ffec0c62fe0, RBX=0x00007ffe6dda7cc0, RCX=0x000000000000000a, RDX=0xffffffff80000000
RSP=0x00007ffec9381470, RBP=0x00007ffe77f0ee60, RSI=0x00007ffe6dda7e90, RDI=0x0000000080000000
R8 =0x0000000000000000, R9 =0x0000000080000000, R10=0x00007ffe77fcda21, R11=0x00007ffec8833c9c
R12=0x00007ffeb5610d88, R13=0x00007ffec93815d0, R14=0x00007ffe77f6a060, R15=0x0000000000000000
RIP=0x00007ffeb506e615, EFLAGS=0x0000000000010a12, CSGSFS=0x0000000000000033, ERR=0x0000000000000004
  TRAPNO=0x000000000000000e

Top of Stack: (sp=0x00007ffec9381470)
0x00007ffec9381470:   00007ffec03070d0 7fffffff00000000
0x00007ffec9381480:   00007ffec03070d0 00007ffe77f0efe0
0x00007ffec9381490:   00007ffe77f102e0 00007ffe77f0ee60
0x00007ffec93814a0:   00007ffe77f0efe0 00007ffe77f09d80
0x00007ffec93814b0:   00007ffec93815d0 00007ffe76f7e050
0x00007ffec93814c0:   0000000000000000 00007ffeb5075bc0
0x00007ffec93814d0:   00000000000ee0fa 00000000000ee0fa
0x00007ffec93814e0:   0000000000000000 3ff0000000000000
0x00007ffec93814f0:   00007ffeb56115a8 0000000000000001
0x00007ffec9381500:   0000000000000040 00007ffe76f7e010
0x00007ffec9381510:   00007ffe77f09d80 00007ffe77ee8f88
0x00007ffec9381520:   00007ffe76f7e050 00007ffe76f7e028
0x00007ffec9381530:   00007ffec93815d0 00007ffeb505e99b
0x00007ffec9381540:   00007ffe77fff190 0000000000000008
0x00007ffec9381550:   00000000000ed6f4 00000000000ed6f4
0x00007ffec9381560:   0000000000000000 3ff0000000000000
0x00007ffec9381570:   0000000000000000 00007ffeb50388bd
0x00007ffec9381580:   00007ffec93815f0 00007ffec400101c
0x00007ffec9381590:   0000000000000001 00007ffec4001000
0x00007ffec93815a0:   00007ffec0be2bc0 00007ffec0271720
0x00007ffec93815b0:   00007ffec0007800 00007ffeb503403f
0x00007ffec93815c0:   0000000000000196 00007ffeb6b9e489
0x00007ffec93815d0:   00007ffe6dda7cc0 00007ffe6dda7cc8
0x00007ffec93815e0:   00007ffe6dda7cc8 00007ffe6dda7d71
0x00007ffec93815f0:   000000cb0000005d 00007ffec0be2bc0
0x00007ffec9381600:   00007ffec0be2bc0 00007ffec0be2bc0
0x00007ffec9381610:   00007ffec1255330 0000000000000051
0x00007ffec9381620:   00007ffe6dda09d0 00007ffeb50345bf
0x00007ffec9381630:   00007ffeb55f8af0 00007ffec777f4ec
0x00007ffec9381640:   00007ffeb55fad10 0000000000000000
0x00007ffec9381650:   0000000000092a46 0009600000000001
0x00007ffec9381660:   ffffffff00000001 00007ffec93816a4 

Instructions: (pc=0x00007ffeb506e615)
0x00007ffeb506e5f5:   e6 05 49 01 ee 41 8b 46 18 41 2b 46 0c 49 63 56
0x00007ffeb506e605:   1c f3 0f 2a c0 48 8b 85 50 a3 0e 00 48 8b 40 60
0x00007ffeb506e615:   f3 0f 59 04 90 f3 0f 2c c0 3d 1f 03 00 00 0f 8e
0x00007ffeb506e625:   4f ff ff ff 44 89 fe 48 89 ef 89 44 24 08 4c 89 

Register to memory mapping:

RAX=0x00007ffec0c62fe0 is an unknown value
RBX=0x00007ffe6dda7cc0 is an unknown value
RCX=0x000000000000000a is an unknown value
RDX=0xffffffff80000000 is an unknown value
RSP=0x00007ffec9381470 is pointing into the stack for thread: 0x00007ffec0007800
RBP=0x00007ffe77f0ee60 is an unknown value
RSI=0x00007ffe6dda7e90 is an unknown value
RDI=0x0000000080000000 is an unknown value
R8 =0x0000000000000000 is an unknown value
R9 =0x0000000080000000 is an unknown value
R10=0x00007ffe77fcda21 is an unknown value
R11=0x00007ffec8833c9c: <offset 0x8bc9c> in /lib/x86_64-linux-gnu/libc.so.6 at 0x00007ffec87a8000
R12=0x00007ffeb5610d88: <offset 0x62dd88> in /usr/lib/libXnVFeatures_1_5_2.so at 0x00007ffeb4fe3000
R13=0x00007ffec93815d0 is pointing into the stack for thread: 0x00007ffec0007800
R14=0x00007ffe77f6a060 is an unknown value
R15=0x0000000000000000 is an unknown value


Stack: [0x00007ffec9282000,0x00007ffec9383000],  sp=0x00007ffec9381470,  free space=1021k
Native frames: (J=compiled Java code, j=interpreted, Vv=VM code, C=native code)
C  [libXnVFeatures_1_5_2.so+0x8b615]  Segmentation::detectionByPoint(bool, std::vector<Vector2D<int>, std::allocator<Vector2D<int> > > const*)+0x105

Java frames: (J=compiled Java code, j=interpreted, Vv=VM code)
j  org.OpenNI.NativeMethods.xnWaitAnyUpdateAll(J)I+0
j  org.OpenNI.Context.waitAnyUpdateAll()V+4
j  edu.seas.upenn.ese519.UserTracker.updateDepth()V+4
j  edu.seas.upenn.ese519.UserTrackerApplication.run()V+7
j  edu.seas.upenn.ese519.UserTrackerApplication.main([Ljava/lang/String;)V+62
v  ~StubRoutines::call_stub

---------------  P R O C E S S  ---------------

Java Threads: ( => current thread )
  0x00007ffe6dda6800 JavaThread "AWT-EventQueue-0" [_thread_blocked, id=26100, stack(0x00007ffe70536000,0x00007ffe70637000)]
  0x00007ffe6dda5000 JavaThread "AWT-Shutdown" [_thread_blocked, id=26099, stack(0x00007ffe70637000,0x00007ffe70738000)]
  0x00007ffec022d800 JavaThread "AWT-XAWT" daemon [_thread_in_vm, id=26090, stack(0x00007ffeb6ff0000,0x00007ffeb70f1000)]
  0x00007ffec011d000 JavaThread "Java2D Disposer" daemon [_thread_blocked, id=26089, stack(0x00007ffebc0bf000,0x00007ffebc1c0000)]
  0x00007ffec009e000 JavaThread "Low Memory Detector" daemon [_thread_blocked, id=26087, stack(0x00007ffec43a9000,0x00007ffec44aa000)]
  0x00007ffec009b800 JavaThread "C2 CompilerThread1" daemon [_thread_blocked, id=26086, stack(0x00007ffec44aa000,0x00007ffec45ab000)]
  0x00007ffec0098800 JavaThread "C2 CompilerThread0" daemon [_thread_blocked, id=26085, stack(0x00007ffec45ab000,0x00007ffec46ac000)]
  0x00007ffec0097800 JavaThread "Signal Dispatcher" daemon [_thread_blocked, id=26084, stack(0x00007ffec46ac000,0x00007ffec47ad000)]
  0x00007ffec0078000 JavaThread "Finalizer" daemon [_thread_blocked, id=26083, stack(0x00007ffec4c21000,0x00007ffec4d22000)]
  0x00007ffec0076000 JavaThread "Reference Handler" daemon [_thread_blocked, id=26082, stack(0x00007ffec4d22000,0x00007ffec4e23000)]
=>0x00007ffec0007800 JavaThread "main" [_thread_in_native, id=26076, stack(0x00007ffec9282000,0x00007ffec9383000)]

Other Threads:
  0x00007ffec006f800 VMThread [stack: 0x00007ffec4e23000,0x00007ffec4f24000] [id=26081]
  0x00007ffec00a8800 WatcherThread [stack: 0x00007ffec42a8000,0x00007ffec43a9000] [id=26088]

VM state:not at safepoint (normal execution)

VM Mutex/Monitor currently owned by a thread: None

Heap
 PSYoungGen      total 36736K, used 5318K [0x00000007d6f60000, 0x00000007d9860000, 0x0000000800000000)
  eden space 31488K, 16% used [0x00000007d6f60000,0x00000007d7491a70,0x00000007d8e20000)
  from space 5248K, 0% used [0x00000007d9340000,0x00000007d9340000,0x00000007d9860000)
  to   space 5248K, 0% used [0x00000007d8e20000,0x00000007d8e20000,0x00000007d9340000)
 PSOldGen        total 84032K, used 0K [0x0000000784e00000, 0x000000078a010000, 0x00000007d6f60000)
  object space 84032K, 0% used [0x0000000784e00000,0x0000000784e00000,0x000000078a010000)
 PSPermGen       total 21248K, used 10433K [0x000000077a800000, 0x000000077bcc0000, 0x0000000784e00000)
  object space 21248K, 49% used [0x000000077a800000,0x000000077b230570,0x000000077bcc0000)

Code Cache  [0x00007ffebd000000, 0x00007ffebd270000, 0x00007ffec0000000)
 total_blobs=410 nmethods=24 adapters=341 free_code_cache=49771968 largest_free_block=7040

Dynamic libraries:
00400000-00409000 r-xp 00000000 07:00 2884059                            /usr/lib/jvm/java-6-openjdk-amd64/jre/bin/java
00608000-00609000 r--p 00008000 07:00 2884059                            /usr/lib/jvm/java-6-openjdk-amd64/jre/bin/java
00609000-0060a000 rw-p 00009000 07:00 2884059                            /usr/lib/jvm/java-6-openjdk-amd64/jre/bin/java
019c5000-019e6000 rw-p 00000000 00:00 0                                  [heap]
77a800000-77bcc0000 rw-p 00000000 00:00 0 
77bcc0000-784e00000 rw-p 00000000 00:00 0 
784e00000-78a010000 rw-p 00000000 00:00 0 
78a010000-7d6f60000 rw-p 00000000 00:00 0 
7d6f60000-7d9860000 rw-p 00000000 00:00 0 
7d9860000-800000000 rw-p 00000000 00:00 0 
7ffe64000000-7ffe64021000 rw-p 00000000 00:00 0 
7ffe64021000-7ffe68000000 ---p 00000000 00:00 0 
7ffe68000000-7ffe68021000 rw-p 00000000 00:00 0 
7ffe68021000-7ffe6c000000 ---p 00000000 00:00 0 
7ffe6c000000-7ffe6df37000 rw-p 00000000 00:00 0 
7ffe6df37000-7ffe70000000 ---p 00000000 00:00 0 
7ffe70536000-7ffe70539000 ---p 00000000 00:00 0 
7ffe70539000-7ffe70637000 rwxp 00000000 00:00 0 
7ffe70637000-7ffe7063a000 ---p 00000000 00:00 0 
7ffe7063a000-7ffe70738000 rwxp 00000000 00:00 0 
7ffe70738000-7ffe78000000 rw-p 00000000 00:00 0 
7ffe78000000-7ffe78021000 rw-p 00000000 00:00 0 
7ffe78021000-7ffe7c000000 ---p 00000000 00:00 0 
7ffe7c000000-7ffe7c029000 rw-p 00000000 00:00 0 
7ffe7c029000-7ffe80000000 ---p 00000000 00:00 0 
7ffe80000000-7ffe80021000 rw-p 00000000 00:00 0 
7ffe80021000-7ffe84000000 ---p 00000000 00:00 0 
7ffe84000000-7ffe84021000 rw-p 00000000 00:00 0 
7ffe84021000-7ffe88000000 ---p 00000000 00:00 0 
7ffe88000000-7ffe88372000 rw-p 00000000 00:00 0 
7ffe88372000-7ffe8c000000 ---p 00000000 00:00 0 
7ffe8c000000-7ffe8c021000 rw-p 00000000 00:00 0 
7ffe8c021000-7ffe90000000 ---p 00000000 00:00 0 
7ffe90000000-7ffe90021000 rw-p 00000000 00:00 0 
7ffe90021000-7ffe94000000 ---p 00000000 00:00 0 
7ffe94000000-7ffe94333000 rw-p 00000000 00:00 0 
7ffe94333000-7ffe98000000 ---p 00000000 00:00 0 
7ffe98000000-7ffe98021000 rw-p 00000000 00:00 0 
7ffe98021000-7ffe9c000000 ---p 00000000 00:00 0 
7ffe9c000000-7ffe9c021000 rw-p 00000000 00:00 0 
7ffe9c021000-7ffea0000000 ---p 00000000 00:00 0 
7ffea0000000-7ffea0021000 rw-p 00000000 00:00 0 
7ffea0021000-7ffea4000000 ---p 00000000 00:00 0 
7ffea4000000-7ffea4021000 rw-p 00000000 00:00 0 
7ffea4021000-7ffea8000000 ---p 00000000 00:00 0 
7ffea8000000-7ffea8021000 rw-p 00000000 00:00 0 
7ffea8021000-7ffeac000000 ---p 00000000 00:00 0 
7ffeac072000-7ffeaccd3000 rw-p 00000000 00:00 0 
7ffeaccd3000-7ffeae353000 r--s 00000000 00:12 685051                     /run/shm/26092_045e.02ae@1.24_Image
7ffeae353000-7ffeae435000 rw-p 00000000 00:00 0 
7ffeae435000-7ffeaeb3d000 r--s 00000000 00:12 685050                     /run/shm/26092_045e.02ae@1.24_Depth
7ffeaeb3d000-7ffeaeb3e000 ---p 00000000 00:00 0 
7ffeaeb3e000-7ffeaf33e000 rwxp 00000000 00:00 0 
7ffeaf33e000-7ffeaf73f000 rw-p 00000000 00:00 0 
7ffeaf73f000-7ffeaf766000 r-xp 00000000 07:00 2759918                    /usr/lib/libXnDeviceFile.so
7ffeaf766000-7ffeaf966000 ---p 00027000 07:00 2759918                    /usr/lib/libXnDeviceFile.so
7ffeaf966000-7ffeaf968000 r--p 00027000 07:00 2759918                    /usr/lib/libXnDeviceFile.so
7ffeaf968000-7ffeaf969000 rw-p 00029000 07:00 2759918                    /usr/lib/libXnDeviceFile.so
7ffeaf969000-7ffeaf9b1000 r-xp 00000000 07:00 2759917                    /usr/lib/libXnDDK.so
7ffeaf9b1000-7ffeafbb1000 ---p 00048000 07:00 2759917                    /usr/lib/libXnDDK.so
7ffeafbb1000-7ffeafbb4000 r--p 00048000 07:00 2759917                    /usr/lib/libXnDDK.so
7ffeafbb4000-7ffeafbb6000 rw-p 0004b000 07:00 2759917                    /usr/lib/libXnDDK.so
7ffeafbb6000-7ffeafbda000 r-xp 00000000 07:00 2759920                    /usr/lib/libXnFormats.so
7ffeafbda000-7ffeafdda000 ---p 00024000 07:00 2759920                    /usr/lib/libXnFormats.so
7ffeafdda000-7ffeafddb000 r--p 00024000 07:00 2759920                    /usr/lib/libXnFormats.so
7ffeafddb000-7ffeafddc000 rw-p 00025000 07:00 2759920                    /usr/lib/libXnFormats.so
7ffeafddc000-7ffeafdfc000 rw-p 00000000 00:00 0 
7ffeafdfc000-7ffeafdff000 r-xp 00000000 07:00 2759916                    /usr/lib/libXnCore.so
7ffeafdff000-7ffeafffe000 ---p 00003000 07:00 2759916                    /usr/lib/libXnCore.so
7ffeafffe000-7ffeaffff000 r--p 00002000 07:00 2759916                    /usr/lib/libXnCore.so
7ffeaffff000-7ffeb0000000 rw-p 00003000 07:00 2759916                    /usr/lib/libXnCore.so
7ffeb0000000-7ffeb0021000 rw-p 00000000 00:00 0 
7ffeb0021000-7ffeb4000000 ---p 00000000 00:00 0 
7ffeb406a000-7ffeb4197000 rw-p 00000000 00:00 0 
7ffeb4197000-7ffeb4220000 r-xp 00000000 07:00 2759919                    /usr/lib/libXnDeviceSensorV2KM.so
7ffeb4220000-7ffeb441f000 ---p 00089000 07:00 2759919                    /usr/lib/libXnDeviceSensorV2KM.so
7ffeb441f000-7ffeb442f000 r--p 00088000 07:00 2759919                    /usr/lib/libXnDeviceSensorV2KM.so
7ffeb442f000-7ffeb4430000 rw-p 00098000 07:00 2759919                    /usr/lib/libXnDeviceSensorV2KM.so
7ffeb4430000-7ffeb4524000 r-xp 00000000 07:00 2759934                    /usr/lib/libXnVHandGenerator_1_5_2.so
7ffeb4524000-7ffeb4723000 ---p 000f4000 07:00 2759934                    /usr/lib/libXnVHandGenerator_1_5_2.so
7ffeb4723000-7ffeb4728000 r--p 000f3000 07:00 2759934                    /usr/lib/libXnVHandGenerator_1_5_2.so
7ffeb4728000-7ffeb4729000 rw-p 000f8000 07:00 2759934                    /usr/lib/libXnVHandGenerator_1_5_2.so
7ffeb4729000-7ffeb4737000 rw-p 00000000 00:00 0 
7ffeb4737000-7ffeb480f000 r-xp 00000000 07:00 2759933                    /usr/lib/libXnVHandGenerator_1_4_2.so
7ffeb480f000-7ffeb4a0e000 ---p 000d8000 07:00 2759933                    /usr/lib/libXnVHandGenerator_1_4_2.so
7ffeb4a0e000-7ffeb4a13000 r--p 000d7000 07:00 2759933                    /usr/lib/libXnVHandGenerator_1_4_2.so
7ffeb4a13000-7ffeb4a14000 rw-p 000dc000 07:00 2759933                    /usr/lib/libXnVHandGenerator_1_4_2.so
7ffeb4a14000-7ffeb4a17000 rw-p 00000000 00:00 0 
7ffeb4a17000-7ffeb4aef000 r-xp 00000000 07:00 2759932                    /usr/lib/libXnVHandGenerator_1_4_1.so
7ffeb4aef000-7ffeb4cee000 ---p 000d8000 07:00 2759932                    /usr/lib/libXnVHandGenerator_1_4_1.so
7ffeb4cee000-7ffeb4cf3000 r--p 000d7000 07:00 2759932                    /usr/lib/libXnVHandGenerator_1_4_1.so
7ffeb4cf3000-7ffeb4cf4000 rw-p 000dc000 07:00 2759932                    /usr/lib/libXnVHandGenerator_1_4_1.so
7ffeb4cf4000-7ffeb4cf7000 rw-p 00000000 00:00 0 
7ffeb4cf7000-7ffeb4dda000 r-xp 00000000 07:00 2759931                    /usr/lib/libXnVHandGenerator_1_3_1.so
7ffeb4dda000-7ffeb4fda000 ---p 000e3000 07:00 2759931                    /usr/lib/libXnVHandGenerator_1_3_1.so
7ffeb4fda000-7ffeb4fdf000 r--p 000e3000 07:00 2759931                    /usr/lib/libXnVHandGenerator_1_3_1.so
7ffeb4fdf000-7ffeb4fe0000 rw-p 000e8000 07:00 2759931                    /usr/lib/libXnVHandGenerator_1_3_1.so
7ffeb4fe0000-7ffeb4fe3000 rw-p 00000000 00:00 0 
7ffeb4fe3000-7ffeb53f8000 r-xp 00000000 07:00 2759929                    /usr/lib/libXnVFeatures_1_5_2.so
7ffeb53f8000-7ffeb55f8000 ---p 00415000 07:00 2759929                    /usr/lib/libXnVFeatures_1_5_2.so
7ffeb55f8000-7ffeb5609000 r--p 00415000 07:00 2759929                    /usr/lib/libXnVFeatures_1_5_2.so
7ffeb5609000-7ffeb560b000 rw-p 00426000 07:00 2759929                    /usr/lib/libXnVFeatures_1_5_2.so
7ffeb560b000-7ffeb5620000 rw-p 00000000 00:00 0 
7ffeb5620000-7ffeb5817000 r-xp 00000000 07:00 2759928                    /usr/lib/libXnVFeatures_1_4_2.so
7ffeb5817000-7ffeb5a16000 ---p 001f7000 07:00 2759928                    /usr/lib/libXnVFeatures_1_4_2.so
7ffeb5a16000-7ffeb5a1c000 r--p 001f6000 07:00 2759928                    /usr/lib/libXnVFeatures_1_4_2.so
7ffeb5a1c000-7ffeb5a1d000 rw-p 001fc000 07:00 2759928                    /usr/lib/libXnVFeatures_1_4_2.so
7ffeb5a1d000-7ffeb5a23000 rw-p 00000000 00:00 0 
7ffeb5a23000-7ffeb5c1a000 r-xp 00000000 07:00 2759927                    /usr/lib/libXnVFeatures_1_4_1.so
7ffeb5c1a000-7ffeb5e19000 ---p 001f7000 07:00 2759927                    /usr/lib/libXnVFeatures_1_4_1.so
7ffeb5e19000-7ffeb5e1f000 r--p 001f6000 07:00 2759927                    /usr/lib/libXnVFeatures_1_4_1.so
7ffeb5e1f000-7ffeb5e20000 rw-p 001fc000 07:00 2759927                    /usr/lib/libXnVFeatures_1_4_1.so
7ffeb5e20000-7ffeb5e26000 rw-p 00000000 00:00 0 
7ffeb5e26000-7ffeb606b000 r-xp 00000000 07:00 2759926                    /usr/lib/libXnVFeatures_1_3_1.so
7ffeb606b000-7ffeb626b000 ---p 00245000 07:00 2759926                    /usr/lib/libXnVFeatures_1_3_1.so
7ffeb626b000-7ffeb6271000 r--p 00245000 07:00 2759926                    /usr/lib/libXnVFeatures_1_3_1.so
7ffeb6271000-7ffeb6272000 rw-p 0024b000 07:00 2759926                    /usr/lib/libXnVFeatures_1_3_1.so
7ffeb6272000-7ffeb6279000 rw-p 00000000 00:00 0 
7ffeb6279000-7ffeb6297000 r-xp 00000000 07:00 2760368                    /usr/lib/libnimRecorder.so
7ffeb6297000-7ffeb6496000 ---p 0001e000 07:00 2760368                    /usr/lib/libnimRecorder.so
7ffeb6496000-7ffeb6498000 r--p 0001d000 07:00 2760368                    /usr/lib/libnimRecorder.so
7ffeb6498000-7ffeb6499000 rw-p 0001f000 07:00 2760368                    /usr/lib/libnimRecorder.so
7ffeb6499000-7ffeb64cf000 r-xp 00000000 07:00 2760366                    /usr/lib/libnimCodecs.so
7ffeb64cf000-7ffeb66cf000 ---p 00036000 07:00 2760366                    /usr/lib/libnimCodecs.so
7ffeb66cf000-7ffeb66d2000 r--p 00036000 07:00 2760366                    /usr/lib/libnimCodecs.so
7ffeb66d2000-7ffeb66d3000 rw-p 00039000 07:00 2760366                    /usr/lib/libnimCodecs.so
7ffeb66d3000-7ffeb66f3000 rw-p 00000000 00:00 0 
7ffeb66f3000-7ffeb672a000 r-xp 00000000 07:00 2760367                    /usr/lib/libnimMockNodes.so
7ffeb672a000-7ffeb6929000 ---p 00037000 07:00 2760367                    /usr/lib/libnimMockNodes.so
7ffeb6929000-7ffeb6936000 r--p 00036000 07:00 2760367                    /usr/lib/libnimMockNodes.so
7ffeb6936000-7ffeb6937000 rw-p 00043000 07:00 2760367                    /usr/lib/libnimMockNodes.so
7ffeb6937000-7ffeb6945000 r-xp 00000000 07:00 136665                     /lib/x86_64-linux-gnu/libusb-1.0.so.0.1.0
7ffeb6945000-7ffeb6b44000 ---p 0000e000 07:00 136665                     /lib/x86_64-linux-gnu/libusb-1.0.so.0.1.0
7ffeb6b44000-7ffeb6b45000 r--p 0000d000 07:00 136665                     /lib/x86_64-linux-gnu/libusb-1.0.so.0.1.0
7ffeb6b45000-7ffeb6b46000 rw-p 0000e000 07:00 136665                     /lib/x86_64-linux-gnu/libusb-1.0.so.0.1.0
7ffeb6b46000-7ffeb6bc3000 r-xp 00000000 07:00 2759909                    /usr/lib/libOpenNI.so
7ffeb6bc3000-7ffeb6dc2000 ---p 0007d000 07:00 2759909                    /usr/lib/libOpenNI.so
7ffeb6dc2000-7ffeb6dc5000 r--p 0007c000 07:00 2759909                    /usr/lib/libOpenNI.so
7ffeb6dc5000-7ffeb6dc8000 rw-p 0007f000 07:00 2759909                    /usr/lib/libOpenNI.so
7ffeb6dc8000-7ffeb6dc9000 rw-p 00000000 00:00 0 
7ffeb6dc9000-7ffeb6ded000 r-xp 00000000 07:00 2759908                    /usr/lib/libOpenNI.jni.so
7ffeb6ded000-7ffeb6fec000 ---p 00024000 07:00 2759908                    /usr/lib/libOpenNI.jni.so
7ffeb6fec000-7ffeb6fed000 r--p 00023000 07:00 2759908                    /usr/lib/libOpenNI.jni.so
7ffeb6fed000-7ffeb6ff0000 rw-p 00024000 07:00 2759908                    /usr/lib/libOpenNI.jni.so
7ffeb6ff0000-7ffeb70f1000 rwxp 00000000 00:00 0 
7ffeb70f1000-7ffeb70f6000 r-xp 00000000 07:00 2766745                    /usr/lib/x86_64-linux-gnu/libXfixes.so.3.1.0
7ffeb70f6000-7ffeb72f5000 ---p 00005000 07:00 2766745                    /usr/lib/x86_64-linux-gnu/libXfixes.so.3.1.0
7ffeb72f5000-7ffeb72f6000 r--p 00004000 07:00 2766745                    /usr/lib/x86_64-linux-gnu/libXfixes.so.3.1.0
7ffeb72f6000-7ffeb72f7000 rw-p 00005000 07:00 2766745                    /usr/lib/x86_64-linux-gnu/libXfixes.so.3.1.0
7ffeb72f7000-7ffeb7300000 r-xp 00000000 07:00 2766737                    /usr/lib/x86_64-linux-gnu/libXcursor.so.1.0.2
7ffeb7300000-7ffeb74ff000 ---p 00009000 07:00 2766737                    /usr/lib/x86_64-linux-gnu/libXcursor.so.1.0.2
7ffeb74ff000-7ffeb7500000 r--p 00008000 07:00 2766737                    /usr/lib/x86_64-linux-gnu/libXcursor.so.1.0.2
7ffeb7500000-7ffeb7501000 rw-p 00009000 07:00 2766737                    /usr/lib/x86_64-linux-gnu/libXcursor.so.1.0.2
7ffeb7501000-7ffeb7597000 r-xp 00000000 07:00 2767280                    /usr/lib/x86_64-linux-gnu/libfreetype.so.6.8.0
7ffeb7597000-7ffeb7796000 ---p 00096000 07:00 2767280                    /usr/lib/x86_64-linux-gnu/libfreetype.so.6.8.0
7ffeb7796000-7ffeb779c000 r--p 00095000 07:00 2767280                    /usr/lib/x86_64-linux-gnu/libfreetype.so.6.8.0
7ffeb779c000-7ffeb779d000 rw-p 0009b000 07:00 2767280                    /usr/lib/x86_64-linux-gnu/libfreetype.so.6.8.0
7ffeb779d000-7ffeb77d7000 r-xp 00000000 07:00 2884078                    /usr/lib/jvm/java-6-openjdk-amd64/jre/lib/amd64/libfontmanager.so
7ffeb77d7000-7ffeb79d6000 ---p 0003a000 07:00 2884078                    /usr/lib/jvm/java-6-openjdk-amd64/jre/lib/amd64/libfontmanager.so
7ffeb79d6000-7ffeb79d8000 r--p 00039000 07:00 2884078                    /usr/lib/jvm/java-6-openjdk-amd64/jre/lib/amd64/libfontmanager.so
7ffeb79d8000-7ffeb79d9000 rw-p 0003b000 07:00 2884078                    /usr/lib/jvm/java-6-openjdk-amd64/jre/lib/amd64/libfontmanager.so
7ffeb79d9000-7ffeb79de000 r-xp 00000000 07:00 2766741                    /usr/lib/x86_64-linux-gnu/libXdmcp.so.6.0.0
7ffeb79de000-7ffeb7bdd000 ---p 00005000 07:00 2766741                    /usr/lib/x86_64-linux-gnu/libXdmcp.so.6.0.0
7ffeb7bdd000-7ffeb7bde000 r--p 00004000 07:00 2766741                    /usr/lib/x86_64-linux-gnu/libXdmcp.so.6.0.0
7ffeb7bde000-7ffeb7bdf000 rw-p 00005000 07:00 2766741                    /usr/lib/x86_64-linux-gnu/libXdmcp.so.6.0.0
7ffeb7bdf000-7ffeb7be1000 r-xp 00000000 07:00 2766732                    /usr/lib/x86_64-linux-gnu/libXau.so.6.0.0
7ffeb7be1000-7ffeb7de0000 ---p 00002000 07:00 2766732                    /usr/lib/x86_64-linux-gnu/libXau.so.6.0.0
7ffeb7de0000-7ffeb7de1000 r--p 00001000 07:00 2766732                    /usr/lib/x86_64-linux-gnu/libXau.so.6.0.0
7ffeb7de1000-7ffeb7de2000 rw-p 00002000 07:00 2766732                    /usr/lib/x86_64-linux-gnu/libXau.so.6.0.0
7ffeb7de2000-7ffeb7dff000 r-xp 00000000 07:00 2767626                    /usr/lib/x86_64-linux-gnu/libxcb.so.1.1.0
7ffeb7dff000-7ffeb7ffe000 ---p 0001d000 07:00 2767626                    /usr/lib/x86_64-linux-gnu/libxcb.so.1.1.0
7ffeb7ffe000-7ffeb7fff000 r--p 0001c000 07:00 2767626                    /usr/lib/x86_64-linux-gnu/libxcb.so.1.1.0
7ffeb7fff000-7ffeb8000000 rw-p 0001d000 07:00 2767626                    /usr/lib/x86_64-linux-gnu/libxcb.so.1.1.0
7ffeb8000000-7ffeb8021000 rw-p 00000000 00:00 0 
7ffeb8021000-7ffebc000000 ---p 00000000 00:00 0 
7ffebc02a000-7ffebc031000 r--s 000fb000 07:00 2884213                    /usr/lib/jvm/java-6-openjdk-common/jre/lib/resources.jar
7ffebc031000-7ffebc032000 r--s 00000000 07:00 2229118                    /var/cache/fontconfig/c05880de57d1f5e948fdfacc138775d9-le64.cache-3
7ffebc032000-7ffebc03b000 r--s 00000000 07:00 2229112                    /var/cache/fontconfig/945677eb7aeaf62f1d50efc3fb3ec7d8-le64.cache-3
7ffebc03b000-7ffebc03f000 r--s 00000000 07:00 2229113                    /var/cache/fontconfig/99e8ed0e538f840c565b6ed5dad60d56-le64.cache-3
7ffebc03f000-7ffebc047000 r--s 00000000 07:00 2229114                    /var/cache/fontconfig/a6d8cf8e4ec09cdbc8633c31745a07dd-le64.cache-3
7ffebc047000-7ffebc04b000 r--s 00000000 07:00 2229098                    /var/cache/fontconfig/2cd17615ca594fa2959ae173292e504c-le64.cache-3
7ffebc04b000-7ffebc04c000 r--s 00000000 07:00 2229126                    /var/cache/fontconfig/e7071f4a29fa870f4323321c154eba04-le64.cache-3
7ffebc04c000-7ffebc04d000 r--s 00000000 07:00 2229096                    /var/cache/fontconfig/0d8c3b2ac0904cb8a57a757ad11a4a08-le64.cache-3
7ffebc04d000-7ffebc053000 r--s 00000000 07:00 2229115                    /var/cache/fontconfig/a755afe4a08bf5b97852ceb7400b47bc-le64.cache-3
7ffebc053000-7ffebc05c000 r--s 00000000 07:00 2229107                    /var/cache/fontconfig/6d41288fd70b0be22e8c3a91e032eec0-le64.cache-3
7ffebc05c000-7ffebc06c000 r--s 00000000 07:00 2229094                    /var/cache/fontconfig/04aabc0a78ac019cf9454389977116d2-le64.cache-3
7ffebc06c000-7ffebc06f000 r--s 00000000 07:00 2229101                    /var/cache/fontconfig/385c0604a188198f04d133e54aba7fe7-le64.cache-3
7ffebc06f000-7ffebc070000 r--s 00000000 07:00 2229102                    /var/cache/fontconfig/4794a0821666d79190d59a36cb4f44b5-le64.cache-3
7ffebc070000-7ffebc073000 r--s 00000000 07:00 2229111                    /var/cache/fontconfig/8801497958630a81b71ace7c5f9b32a8-le64.cache-3
7ffebc073000-7ffebc078000 r--s 00000000 07:00 2229099                    /var/cache/fontconfig/3047814df9a2f067bd2d96a2b9c36e5a-le64.cache-3
7ffebc078000-7ffebc079000 r--s 00000000 07:00 2229104                    /var/cache/fontconfig/56cf4f4769d0f4abc89a4895d7bd3ae1-le64.cache-3
7ffebc079000-7ffebc07a000 r--s 00000000 07:00 2229117                    /var/cache/fontconfig/b9d506c9ac06c20b433354fa67a72993-le64.cache-3
7ffebc07a000-7ffebc07f000 r--s 00000000 07:00 2229116                    /var/cache/fontconfig/b47c4e1ecd0709278f4910c18777a504-le64.cache-3
7ffebc07f000-7ffebc08f000 r--s 00000000 07:00 2229122                    /var/cache/fontconfig/d52a8644073d54c13679302ca1180695-le64.cache-3
7ffebc08f000-7ffebc09b000 r--s 00000000 07:00 2229095                    /var/cache/fontconfig/089dead882dea3570ffc31a9898cfb69-le64.cache-3
7ffebc09b000-7ffebc0ae000 r--s 00000000 07:00 2229124                    /var/cache/fontconfig/e13b20fdb08344e0e664864cc2ede53d-le64.cache-3
7ffebc0ae000-7ffebc0b2000 r--s 00000000 07:00 2229109                    /var/cache/fontconfig/7ef2298fde41cc6eeb7af42e48b7d293-le64.cache-3
7ffebc0b2000-7ffebc0bb000 r--s 00000000 07:00 2229112                    /var/cache/fontconfig/945677eb7aeaf62f1d50efc3fb3ec7d8-le64.cache-3
7ffebc0bb000-7ffebc0bf000 r--s 00000000 07:00 2229113                    /var/cache/fontconfig/99e8ed0e538f840c565b6ed5dad60d56-le64.cache-3
7ffebc0bf000-7ffebc1c0000 rwxp 00000000 00:00 0 
7ffebc1c0000-7ffebc1ce000 r-xp 00000000 07:00 2766749                    /usr/lib/x86_64-linux-gnu/libXi.so.6.1.0
7ffebc1ce000-7ffebc3cd000 ---p 0000e000 07:00 2766749                    /usr/lib/x86_64-linux-gnu/libXi.so.6.1.0
7ffebc3cd000-7ffebc3ce000 r--p 0000d000 07:00 2766749                    /usr/lib/x86_64-linux-gnu/libXi.so.6.1.0
7ffebc3ce000-7ffebc3cf000 rw-p 0000e000 07:00 2766749                    /usr/lib/x86_64-linux-gnu/libXi.so.6.1.0
7ffebc3cf000-7ffebc3d4000 r-xp 00000000 07:00 2766764                    /usr/lib/x86_64-linux-gnu/libXtst.so.6.1.0
7ffebc3d4000-7ffebc5d3000 ---p 00005000 07:00 2766764                    /usr/lib/x86_64-linux-gnu/libXtst.so.6.1.0
7ffebc5d3000-7ffebc5d4000 r--p 00004000 07:00 2766764                    /usr/lib/x86_64-linux-gnu/libXtst.so.6.1.0
7ffebc5d4000-7ffebc5d5000 rw-p 00005000 07:00 2766764                    /usr/lib/x86_64-linux-gnu/libXtst.so.6.1.0
7ffebc5d5000-7ffebc5de000 r-xp 00000000 07:00 2766760                    /usr/lib/x86_64-linux-gnu/libXrender.so.1.3.0
7ffebc5de000-7ffebc7dd000 ---p 00009000 07:00 2766760                    /usr/lib/x86_64-linux-gnu/libXrender.so.1.3.0
7ffebc7dd000-7ffebc7de000 r--p 00008000 07:00 2766760                    /usr/lib/x86_64-linux-gnu/libXrender.so.1.3.0
7ffebc7de000-7ffebc7df000 rw-p 00009000 07:00 2766760                    /usr/lib/x86_64-linux-gnu/libXrender.so.1.3.0
7ffebc7df000-7ffebc90e000 r-xp 00000000 07:00 2766730                    /usr/lib/x86_64-linux-gnu/libX11.so.6.3.0
7ffebc90e000-7ffebcb0e000 ---p 0012f000 07:00 2766730                    /usr/lib/x86_64-linux-gnu/libX11.so.6.3.0
7ffebcb0e000-7ffebcb0f000 r--p 0012f000 07:00 2766730                    /usr/lib/x86_64-linux-gnu/libX11.so.6.3.0
7ffebcb0f000-7ffebcb13000 rw-p 00130000 07:00 2766730                    /usr/lib/x86_64-linux-gnu/libX11.so.6.3.0
7ffebcb13000-7ffebcb23000 r-xp 00000000 07:00 2766743                    /usr/lib/x86_64-linux-gnu/libXext.so.6.4.0
7ffebcb23000-7ffebcd22000 ---p 00010000 07:00 2766743                    /usr/lib/x86_64-linux-gnu/libXext.so.6.4.0
7ffebcd22000-7ffebcd23000 r--p 0000f000 07:00 2766743                    /usr/lib/x86_64-linux-gnu/libXext.so.6.4.0
7ffebcd23000-7ffebcd24000 rw-p 00010000 07:00 2766743                    /usr/lib/x86_64-linux-gnu/libXext.so.6.4.0
7ffebcd24000-7ffebcdd0000 r-xp 00000000 07:00 2884076                    /usr/lib/jvm/java-6-openjdk-amd64/jre/lib/amd64/libawt.so
7ffebcdd0000-7ffebcfcf000 ---p 000ac000 07:00 2884076                    /usr/lib/jvm/java-6-openjdk-amd64/jre/lib/amd64/libawt.so
7ffebcfcf000-7ffebcfd0000 r--p 000ab000 07:00 2884076                    /usr/lib/jvm/java-6-openjdk-amd64/jre/lib/amd64/libawt.so
7ffebcfd0000-7ffebcfdb000 rw-p 000ac000 07:00 2884076                    /usr/lib/jvm/java-6-openjdk-amd64/jre/lib/amd64/libawt.so
7ffebcfdb000-7ffebd000000 rw-p 00000000 00:00 0 
7ffebd000000-7ffebd270000 rwxp 00000000 00:00 0 
7ffebd270000-7ffec4000000 rw-p 00000000 00:00 0 
7ffec4001000-7ffec4002000 rw-s 00000000 00:12 608064                     /run/shm/045e.02ae@1.24-SM
7ffec4002000-7ffec4003000 rw-p 00000000 00:00 0 
7ffec4003000-7ffec400b000 r--s 00000000 07:00 2229114                    /var/cache/fontconfig/a6d8cf8e4ec09cdbc8633c31745a07dd-le64.cache-3
7ffec400b000-7ffec400f000 r--s 00000000 07:00 2229098                    /var/cache/fontconfig/2cd17615ca594fa2959ae173292e504c-le64.cache-3
7ffec400f000-7ffec4010000 r--s 00000000 07:00 2229126                    /var/cache/fontconfig/e7071f4a29fa870f4323321c154eba04-le64.cache-3
7ffec4010000-7ffec4011000 r--s 00000000 07:00 2229096                    /var/cache/fontconfig/0d8c3b2ac0904cb8a57a757ad11a4a08-le64.cache-3
7ffec4011000-7ffec4017000 r--s 00000000 07:00 2229115                    /var/cache/fontconfig/a755afe4a08bf5b97852ceb7400b47bc-le64.cache-3
7ffec4017000-7ffec4020000 r--s 00000000 07:00 2229107                    /var/cache/fontconfig/6d41288fd70b0be22e8c3a91e032eec0-le64.cache-3
7ffec4020000-7ffec4030000 r--s 00000000 07:00 2229094                    /var/cache/fontconfig/04aabc0a78ac019cf9454389977116d2-le64.cache-3
7ffec4030000-7ffec4033000 r--s 00000000 07:00 2229101                    /var/cache/fontconfig/385c0604a188198f04d133e54aba7fe7-le64.cache-3
7ffec4033000-7ffec4034000 r--s 00000000 07:00 2229102                    /var/cache/fontconfig/4794a0821666d79190d59a36cb4f44b5-le64.cache-3
7ffec4034000-7ffec4037000 r--s 00000000 07:00 2229111                    /var/cache/fontconfig/8801497958630a81b71ace7c5f9b32a8-le64.cache-3
7ffec4037000-7ffec403c000 r--s 00000000 07:00 2229099                    /var/cache/fontconfig/3047814df9a2f067bd2d96a2b9c36e5a-le64.cache-3
7ffec403c000-7ffec404c000 r--s 00000000 07:00 2229122                    /var/cache/fontconfig/d52a8644073d54c13679302ca1180695-le64.cache-3
7ffec404c000-7ffec4058000 r--s 00000000 07:00 2229095                    /var/cache/fontconfig/089dead882dea3570ffc31a9898cfb69-le64.cache-3
7ffec4058000-7ffec40a3000 r-xp 00000000 07:00 2884115                    /usr/lib/jvm/java-6-openjdk-amd64/jre/lib/amd64/xawt/libmawt.so
7ffec40a3000-7ffec42a3000 ---p 0004b000 07:00 2884115                    /usr/lib/jvm/java-6-openjdk-amd64/jre/lib/amd64/xawt/libmawt.so
7ffec42a3000-7ffec42a4000 r--p 0004b000 07:00 2884115                    /usr/lib/jvm/java-6-openjdk-amd64/jre/lib/amd64/xawt/libmawt.so
7ffec42a4000-7ffec42a7000 rw-p 0004c000 07:00 2884115                    /usr/lib/jvm/java-6-openjdk-amd64/jre/lib/amd64/xawt/libmawt.so
7ffec42a7000-7ffec42a8000 rw-p 00000000 00:00 0 
7ffec42a8000-7ffec42a9000 ---p 00000000 00:00 0 
7ffec42a9000-7ffec44aa000 rwxp 00000000 00:00 0 
7ffec44aa000-7ffec44ab000 ---p 00000000 00:00 0 
7ffec44ab000-7ffec45ab000 rwxp 00000000 00:00 0 
7ffec45ab000-7ffec45ac000 ---p 00000000 00:00 0 
7ffec45ac000-7ffec47ad000 rwxp 00000000 00:00 0 
7ffec47ad000-7ffec4c21000 r--p 00000000 07:00 2765053                    /usr/lib/locale/locale-archive
7ffec4c21000-7ffec4e23000 rwxp 00000000 00:00 0 
7ffec4e23000-7ffec4e24000 ---p 00000000 00:00 0 
7ffec4e24000-7ffec4f24000 rwxp 00000000 00:00 0 
7ffec4f24000-7ffec545c000 rw-p 00000000 00:00 0 
7ffec545c000-7ffec55ee000 r--s 037c2000 07:00 2884073                    /usr/lib/jvm/java-6-openjdk-amd64/jre/lib/rt.jar
7ffec55ee000-7ffec5616000 rw-p 00000000 00:00 0 
7ffec5616000-7ffec5617000 ---p 00000000 00:00 0 
7ffec5617000-7ffec5717000 rwxp 00000000 00:00 0 
7ffec5717000-7ffec5718000 ---p 00000000 00:00 0 
7ffec5718000-7ffec5818000 rwxp 00000000 00:00 0 
7ffec5818000-7ffec5819000 ---p 00000000 00:00 0 
7ffec5819000-7ffec5919000 rwxp 00000000 00:00 0 
7ffec5919000-7ffec591a000 ---p 00000000 00:00 0 
7ffec591a000-7ffec5a1a000 rwxp 00000000 00:00 0 
7ffec5a1a000-7ffec5a25000 rw-p 00000000 00:00 0 
7ffec5a25000-7ffec5a6d000 rw-p 00000000 00:00 0 
7ffec5a6d000-7ffec5a97000 rw-p 00000000 00:00 0 
7ffec5a97000-7ffec5cfe000 rw-p 00000000 00:00 0 
7ffec5cfe000-7ffec5d09000 rw-p 00000000 00:00 0 
7ffec5d09000-7ffec5d51000 rw-p 00000000 00:00 0 
7ffec5d51000-7ffec5d7b000 rw-p 00000000 00:00 0 
7ffec5d7b000-7ffec5fe1000 rw-p 00000000 00:00 0 
7ffec5fe1000-7ffec5ff7000 rw-p 00000000 00:00 0 
7ffec5ff7000-7ffec612a000 rw-p 00000000 00:00 0 
7ffec612a000-7ffec612b000 rw-p 00000000 00:00 0 
7ffec612b000-7ffec6132000 r-xp 00000000 07:00 2884105                    /usr/lib/jvm/java-6-openjdk-amd64/jre/lib/amd64/libzip.so
7ffec6132000-7ffec6331000 ---p 00007000 07:00 2884105                    /usr/lib/jvm/java-6-openjdk-amd64/jre/lib/amd64/libzip.so
7ffec6331000-7ffec6332000 r--p 00006000 07:00 2884105                    /usr/lib/jvm/java-6-openjdk-amd64/jre/lib/amd64/libzip.so
7ffec6332000-7ffec6333000 rw-p 00007000 07:00 2884105                    /usr/lib/jvm/java-6-openjdk-amd64/jre/lib/amd64/libzip.so
7ffec6333000-7ffec633f000 r-xp 00000000 07:00 136638                     /lib/x86_64-linux-gnu/libnss_files-2.15.so
7ffec633f000-7ffec653e000 ---p 0000c000 07:00 136638                     /lib/x86_64-linux-gnu/libnss_files-2.15.so
7ffec653e000-7ffec653f000 r--p 0000b000 07:00 136638                     /lib/x86_64-linux-gnu/libnss_files-2.15.so
7ffec653f000-7ffec6540000 rw-p 0000c000 07:00 136638                     /lib/x86_64-linux-gnu/libnss_files-2.15.so
7ffec6540000-7ffec654a000 r-xp 00000000 07:00 136640                     /lib/x86_64-linux-gnu/libnss_nis-2.15.so
7ffec654a000-7ffec674a000 ---p 0000a000 07:00 136640                     /lib/x86_64-linux-gnu/libnss_nis-2.15.so
7ffec674a000-7ffec674b000 r--p 0000a000 07:00 136640                     /lib/x86_64-linux-gnu/libnss_nis-2.15.so
7ffec674b000-7ffec674c000 rw-p 0000b000 07:00 136640                     /lib/x86_64-linux-gnu/libnss_nis-2.15.so
7ffec674c000-7ffec6763000 r-xp 00000000 07:00 136635                     /lib/x86_64-linux-gnu/libnsl-2.15.so
7ffec6763000-7ffec6962000 ---p 00017000 07:00 136635                     /lib/x86_64-linux-gnu/libnsl-2.15.so
7ffec6962000-7ffec6963000 r--p 00016000 07:00 136635                     /lib/x86_64-linux-gnu/libnsl-2.15.so
7ffec6963000-7ffec6964000 rw-p 00017000 07:00 136635                     /lib/x86_64-linux-gnu/libnsl-2.15.so
7ffec6964000-7ffec6966000 rw-p 00000000 00:00 0 
7ffec6966000-7ffec696e000 r-xp 00000000 07:00 136636                     /lib/x86_64-linux-gnu/libnss_compat-2.15.so
7ffec696e000-7ffec6b6d000 ---p 00008000 07:00 136636                     /lib/x86_64-linux-gnu/libnss_compat-2.15.so
7ffec6b6d000-7ffec6b6e000 r--p 00007000 07:00 136636                     /lib/x86_64-linux-gnu/libnss_compat-2.15.so
7ffec6b6e000-7ffec6b6f000 rw-p 00008000 07:00 136636                     /lib/x86_64-linux-gnu/libnss_compat-2.15.so
7ffec6b6f000-7ffec6b9b000 r-xp 00000000 07:00 2884085                    /usr/lib/jvm/java-6-openjdk-amd64/jre/lib/amd64/libjava.so
7ffec6b9b000-7ffec6d9a000 ---p 0002c000 07:00 2884085                    /usr/lib/jvm/java-6-openjdk-amd64/jre/lib/amd64/libjava.so
7ffec6d9a000-7ffec6d9b000 r--p 0002b000 07:00 2884085                    /usr/lib/jvm/java-6-openjdk-amd64/jre/lib/amd64/libjava.so
7ffec6d9b000-7ffec6d9e000 rw-p 0002c000 07:00 2884085                    /usr/lib/jvm/java-6-openjdk-amd64/jre/lib/amd64/libjava.so
7ffec6d9e000-7ffec6dac000 r-xp 00000000 07:00 2884104                    /usr/lib/jvm/java-6-openjdk-amd64/jre/lib/amd64/libverify.so
7ffec6dac000-7ffec6fab000 ---p 0000e000 07:00 2884104                    /usr/lib/jvm/java-6-openjdk-amd64/jre/lib/amd64/libverify.so
7ffec6fab000-7ffec6fad000 r--p 0000d000 07:00 2884104                    /usr/lib/jvm/java-6-openjdk-amd64/jre/lib/amd64/libverify.so
7ffec6fad000-7ffec6fae000 rw-p 0000f000 07:00 2884104                    /usr/lib/jvm/java-6-openjdk-amd64/jre/lib/amd64/libverify.so
7ffec6fae000-7ffec6fb5000 r-xp 00000000 07:00 136656                     /lib/x86_64-linux-gnu/librt-2.15.so
7ffec6fb5000-7ffec71b4000 ---p 00007000 07:00 136656                     /lib/x86_64-linux-gnu/librt-2.15.so
7ffec71b4000-7ffec71b5000 r--p 00006000 07:00 136656                     /lib/x86_64-linux-gnu/librt-2.15.so
7ffec71b5000-7ffec71b6000 rw-p 00007000 07:00 136656                     /lib/x86_64-linux-gnu/librt-2.15.so
7ffec71b6000-7ffec71cb000 r-xp 00000000 07:00 136622                     /lib/x86_64-linux-gnu/libgcc_s.so.1
7ffec71cb000-7ffec73ca000 ---p 00015000 07:00 136622                     /lib/x86_64-linux-gnu/libgcc_s.so.1
7ffec73ca000-7ffec73cb000 r--p 00014000 07:00 136622                     /lib/x86_64-linux-gnu/libgcc_s.so.1
7ffec73cb000-7ffec73cc000 rw-p 00015000 07:00 136622                     /lib/x86_64-linux-gnu/libgcc_s.so.1
7ffec73cc000-7ffec74c7000 r-xp 00000000 07:00 136628                     /lib/x86_64-linux-gnu/libm-2.15.so
7ffec74c7000-7ffec76c6000 ---p 000fb000 07:00 136628                     /lib/x86_64-linux-gnu/libm-2.15.so
7ffec76c6000-7ffec76c7000 r--p 000fa000 07:00 136628                     /lib/x86_64-linux-gnu/libm-2.15.so
7ffec76c7000-7ffec76c8000 rw-p 000fb000 07:00 136628                     /lib/x86_64-linux-gnu/libm-2.15.so
7ffec76c8000-7ffec77aa000 r-xp 00000000 07:00 2767523                    /usr/lib/x86_64-linux-gnu/libstdc++.so.6.0.16
7ffec77aa000-7ffec79a9000 ---p 000e2000 07:00 2767523                    /usr/lib/x86_64-linux-gnu/libstdc++.so.6.0.16
7ffec79a9000-7ffec79b1000 r--p 000e1000 07:00 2767523                    /usr/lib/x86_64-linux-gnu/libstdc++.so.6.0.16
7ffec79b1000-7ffec79b3000 rw-p 000e9000 07:00 2767523                    /usr/lib/x86_64-linux-gnu/libstdc++.so.6.0.16
7ffec79b3000-7ffec79c8000 rw-p 00000000 00:00 0 
7ffec79c8000-7ffec82cd000 r-xp 00000000 07:00 2884114                    /usr/lib/jvm/java-6-openjdk-amd64/jre/lib/amd64/server/libjvm.so
7ffec82cd000-7ffec84cd000 ---p 00905000 07:00 2884114                    /usr/lib/jvm/java-6-openjdk-amd64/jre/lib/amd64/server/libjvm.so
7ffec84cd000-7ffec854d000 r--p 00905000 07:00 2884114                    /usr/lib/jvm/java-6-openjdk-amd64/jre/lib/amd64/server/libjvm.so
7ffec854d000-7ffec8568000 rw-p 00985000 07:00 2884114                    /usr/lib/jvm/java-6-openjdk-amd64/jre/lib/amd64/server/libjvm.so
7ffec8568000-7ffec8591000 rw-p 00000000 00:00 0 
7ffec8591000-7ffec85a7000 r-xp 00000000 07:00 136669                     /lib/x86_64-linux-gnu/libz.so.1.2.3.4
7ffec85a7000-7ffec87a6000 ---p 00016000 07:00 136669                     /lib/x86_64-linux-gnu/libz.so.1.2.3.4
7ffec87a6000-7ffec87a7000 r--p 00015000 07:00 136669                     /lib/x86_64-linux-gnu/libz.so.1.2.3.4
7ffec87a7000-7ffec87a8000 rw-p 00016000 07:00 136669                     /lib/x86_64-linux-gnu/libz.so.1.2.3.4
7ffec87a8000-7ffec895d000 r-xp 00000000 07:00 136611                     /lib/x86_64-linux-gnu/libc-2.15.so
7ffec895d000-7ffec8b5c000 ---p 001b5000 07:00 136611                     /lib/x86_64-linux-gnu/libc-2.15.so
7ffec8b5c000-7ffec8b60000 r--p 001b4000 07:00 136611                     /lib/x86_64-linux-gnu/libc-2.15.so
7ffec8b60000-7ffec8b62000 rw-p 001b8000 07:00 136611                     /lib/x86_64-linux-gnu/libc-2.15.so
7ffec8b62000-7ffec8b67000 rw-p 00000000 00:00 0 
7ffec8b67000-7ffec8b69000 r-xp 00000000 07:00 136618                     /lib/x86_64-linux-gnu/libdl-2.15.so
7ffec8b69000-7ffec8d69000 ---p 00002000 07:00 136618                     /lib/x86_64-linux-gnu/libdl-2.15.so
7ffec8d69000-7ffec8d6a000 r--p 00002000 07:00 136618                     /lib/x86_64-linux-gnu/libdl-2.15.so
7ffec8d6a000-7ffec8d6b000 rw-p 00003000 07:00 136618                     /lib/x86_64-linux-gnu/libdl-2.15.so
7ffec8d6b000-7ffec8d6f000 r-xp 00000000 07:00 2884111                    /usr/lib/jvm/java-6-openjdk-amd64/jre/lib/amd64/jli/libjli.so
7ffec8d6f000-7ffec8f6e000 ---p 00004000 07:00 2884111                    /usr/lib/jvm/java-6-openjdk-amd64/jre/lib/amd64/jli/libjli.so
7ffec8f6e000-7ffec8f6f000 r--p 00003000 07:00 2884111                    /usr/lib/jvm/java-6-openjdk-amd64/jre/lib/amd64/jli/libjli.so
7ffec8f6f000-7ffec8f70000 rw-p 00004000 07:00 2884111                    /usr/lib/jvm/java-6-openjdk-amd64/jre/lib/amd64/jli/libjli.so
7ffec8f70000-7ffec8f88000 r-xp 00000000 07:00 136653                     /lib/x86_64-linux-gnu/libpthread-2.15.so
7ffec8f88000-7ffec9187000 ---p 00018000 07:00 136653                     /lib/x86_64-linux-gnu/libpthread-2.15.so
7ffec9187000-7ffec9188000 r--p 00017000 07:00 136653                     /lib/x86_64-linux-gnu/libpthread-2.15.so
7ffec9188000-7ffec9189000 rw-p 00018000 07:00 136653                     /lib/x86_64-linux-gnu/libpthread-2.15.so
7ffec9189000-7ffec918d000 rw-p 00000000 00:00 0 
7ffec918d000-7ffec91af000 r-xp 00000000 07:00 136601                     /lib/x86_64-linux-gnu/ld-2.15.so
7ffec91af000-7ffec91c2000 r--s 00000000 07:00 2229124                    /var/cache/fontconfig/e13b20fdb08344e0e664864cc2ede53d-le64.cache-3
7ffec91c2000-7ffec91cc000 rw-p 00000000 00:00 0 
7ffec91cc000-7ffec9282000 rw-p 00000000 00:00 0 
7ffec9282000-7ffec9283000 ---p 00000000 00:00 0 
7ffec9283000-7ffec9383000 rwxp 00000000 00:00 0 
7ffec9383000-7ffec9388000 rw-p 00000000 00:00 0 
7ffec9388000-7ffec9389000 r--s 00000000 07:00 2229118                    /var/cache/fontconfig/c05880de57d1f5e948fdfacc138775d9-le64.cache-3
7ffec9389000-7ffec938a000 r--s 00000000 07:00 2229104                    /var/cache/fontconfig/56cf4f4769d0f4abc89a4895d7bd3ae1-le64.cache-3
7ffec938a000-7ffec938b000 r--s 00000000 07:00 2229117                    /var/cache/fontconfig/b9d506c9ac06c20b433354fa67a72993-le64.cache-3
7ffec938b000-7ffec9390000 r--s 00000000 07:00 2229116                    /var/cache/fontconfig/b47c4e1ecd0709278f4910c18777a504-le64.cache-3
7ffec9390000-7ffec9394000 r--s 00000000 07:00 2229109                    /var/cache/fontconfig/7ef2298fde41cc6eeb7af42e48b7d293-le64.cache-3
7ffec9394000-7ffec9395000 r--s 00007000 07:00 1188646                    /usr/share/java/java-atk-wrapper.jar
7ffec9395000-7ffec9397000 r--s 00001000 07:00 2884220                    /usr/lib/jvm/java-6-openjdk-common/jre/lib/ext/dnsns.jar
7ffec9397000-7ffec939a000 r--s 00031000 07:00 2884223                    /usr/lib/jvm/java-6-openjdk-common/jre/lib/ext/sunjce_provider.jar
7ffec939a000-7ffec939c000 r--s 0000f000 07:00 2884222                    /usr/lib/jvm/java-6-openjdk-common/jre/lib/ext/pulse-java.jar
7ffec939c000-7ffec93a0000 r--s 00038000 07:00 2884224                    /usr/lib/jvm/java-6-openjdk-common/jre/lib/ext/sunpkcs11.jar
7ffec93a0000-7ffec93a3000 r--s 00077000 07:00 2884221                    /usr/lib/jvm/java-6-openjdk-common/jre/lib/ext/localedata.jar
7ffec93a3000-7ffec93ab000 rw-s 00000000 07:00 5282                       /tmp/hsperfdata_qyr1987/26071
7ffec93ab000-7ffec93ac000 rw-p 00000000 00:00 0 
7ffec93ac000-7ffec93ad000 r--p 00000000 00:00 0 
7ffec93ad000-7ffec93af000 rw-p 00000000 00:00 0 
7ffec93af000-7ffec93b0000 r--p 00022000 07:00 136601                     /lib/x86_64-linux-gnu/ld-2.15.so
7ffec93b0000-7ffec93b2000 rw-p 00023000 07:00 136601                     /lib/x86_64-linux-gnu/ld-2.15.so
7fffbbe90000-7fffbbeb1000 rwxp 00000000 00:00 0                          [stack]
7fffbbf9a000-7fffbbf9b000 r-xp 00000000 00:00 0                          [vdso]
ffffffffff600000-ffffffffff601000 r-xp 00000000 00:00 0                  [vsyscall]

VM Arguments:
jvm_args: -Dfile.encoding=UTF-8 
java_command: edu.seas.upenn.ese519.UserTrackerApplication
Launcher Type: SUN_STANDARD

Environment Variables:
PATH=/home/qyr1987/bin:/usr/lib/lightdm/lightdm:/usr/local/sbin:/usr/local/bin:/usr/sbin:/usr/bin:/sbin:/bin:/usr/games
LD_LIBRARY_PATH=/usr/lib/jvm/java-6-openjdk-amd64/jre/lib/amd64/server:/usr/lib/jvm/java-6-openjdk-amd64/jre/lib/amd64:/usr/lib/jvm/java-6-openjdk-amd64/jre/../lib/amd64
SHELL=/bin/bash
DISPLAY=:0

Signal Handlers:
SIGSEGV: [libjvm.so+0x7852e0], sa_mask[0]=0x7ffbfeff, sa_flags=0x10000004
SIGBUS: [libjvm.so+0x7852e0], sa_mask[0]=0x7ffbfeff, sa_flags=0x10000004
SIGFPE: [libjvm.so+0x648d40], sa_mask[0]=0x7ffbfeff, sa_flags=0x10000004
SIGPIPE: [libjvm.so+0x648d40], sa_mask[0]=0x7ffbfeff, sa_flags=0x10000004
SIGXFSZ: [libjvm.so+0x648d40], sa_mask[0]=0x7ffbfeff, sa_flags=0x10000004
SIGILL: [libjvm.so+0x648d40], sa_mask[0]=0x7ffbfeff, sa_flags=0x10000004
SIGUSR1: SIG_DFL, sa_mask[0]=0x00000000, sa_flags=0x00000000
SIGUSR2: [libjvm.so+0x648ef0], sa_mask[0]=0x00000004, sa_flags=0x10000004
SIGHUP: [libjvm.so+0x64ba10], sa_mask[0]=0x7ffbfeff, sa_flags=0x10000004
SIGINT: [libjvm.so+0x64ba10], sa_mask[0]=0x7ffbfeff, sa_flags=0x10000004
SIGTERM: [libjvm.so+0x64ba10], sa_mask[0]=0x7ffbfeff, sa_flags=0x10000004
SIGQUIT: [libjvm.so+0x64ba10], sa_mask[0]=0x7ffbfeff, sa_flags=0x10000004


---------------  S Y S T E M  ---------------

OS:Ubuntu 12.04 (precise)
uname:Linux 3.2.0-33-generic #52-Ubuntu SMP Thu Oct 18 16:29:15 UTC 2012 x86_64
libc:glibc 2.15 NPTL 2.15 
rlimit: STACK 8192k, CORE 0k, NPROC 62854, NOFILE 4096, AS infinity
load average:3.72 2.55 1.15

/proc/meminfo:
MemTotal:        8062936 kB
MemFree:         1503836 kB
Buffers:         1311260 kB
Cached:          2381244 kB
SwapCached:          112 kB
Active:          3373948 kB
Inactive:        2768968 kB
Active(anon):    2069296 kB
Inactive(anon):   733700 kB
Active(file):    1304652 kB
Inactive(file):  2035268 kB
Unevictable:        2708 kB
Mlocked:              32 kB
SwapTotal:        262140 kB
SwapFree:         255428 kB
Dirty:               276 kB
Writeback:           116 kB
AnonPages:       2452916 kB
Mapped:           174224 kB
Shmem:            349904 kB
Slab:             238708 kB
SReclaimable:     187756 kB
SUnreclaim:        50952 kB
KernelStack:        5088 kB
PageTables:        49320 kB
NFS_Unstable:          0 kB
Bounce:                0 kB
WritebackTmp:          0 kB
CommitLimit:     4293608 kB
Committed_AS:    6335264 kB
VmallocTotal:   34359738367 kB
VmallocUsed:      414524 kB
VmallocChunk:   34359284020 kB
HardwareCorrupted:     0 kB
AnonHugePages:         0 kB
HugePages_Total:       0
HugePages_Free:        0
HugePages_Rsvd:        0
HugePages_Surp:        0
Hugepagesize:       2048 kB
DirectMap4k:      137216 kB
DirectMap2M:     8142848 kB


CPU:total 4 (2 cores per cpu, 2 threads per core) family 6 model 42 stepping 7, cmov, cx8, fxsr, mmx, sse, sse2, sse3, ssse3, sse4.1, sse4.2, popcnt, ht

Memory: 4k page, physical 8062936k(1503836k free), swap 262140k(255428k free)

vm_info: OpenJDK 64-Bit Server VM (20.0-b12) for linux-amd64 JRE (1.6.0_24-b24), built on Oct 24 2012 16:17:28 by "buildd" with gcc 4.6.3

time: Sat Nov 24 19:08:37 2012
elapsed time: 1 seconds

