#
# A fatal error has been detected by the Java Runtime Environment:
#
#  SIGSEGV (0xb) at pc=0x00007f3c8b24859d, pid=27107, tid=139897634264832
#
# JRE version: 6.0_24-b24
# Java VM: OpenJDK 64-Bit Server VM (20.0-b12 mixed mode linux-amd64 compressed oops)
# Derivative: IcedTea6 1.11.5
# Distribution: Ubuntu 12.04 LTS, package 6b24-1.11.5-0ubuntu1~12.04.1
# Problematic frame:
# C  [libXnVFeatures_1_5_2.so+0x8b59d]  Segmentation::detectionByPoint(bool, std::vector<Vector2D<int>, std::allocator<Vector2D<int> > > const*)+0x8d
#
# If you would like to submit a bug report, please include
# instructions how to reproduce the bug and visit:
#   https://bugs.launchpad.net/ubuntu/+source/openjdk-6/
# The crash happened outside the Java Virtual Machine in native code.
# See problematic frame for where to report the bug.
#

---------------  T H R E A D  ---------------

Current thread (0x00007f3c6c00c000):  JavaThread "Thread-3" [_thread_in_native, id=27141, stack(0x00007f3c74bb9000,0x00007f3c74cba000)]

siginfo:si_signo=SIGSEGV: si_errno=0, si_code=2 (SEGV_ACCERR), si_addr=0x00007f3c580a3444

Registers:
RAX=0x0000000000000102, RBX=0x00007f3c58000c90, RCX=0x00007f3c58096cc0, RDX=0x000000000000009e
RSP=0x00007f3c74cb8580, RBP=0x00007f3c82ed8e60, RSI=0x00000000000063c2, RDI=0x00007f3c82ed8fe0
R8 =0x0000000000000000, R9 =0x0101010101010101, R10=0x00007f3c82f97a21, R11=0x00007f3cd2b57c9c
R12=0x00007f3c8b7ead88, R13=0x00007f3c74cb86e0, R14=0x00007f3c81f48050, R15=0x0000000000000000
RIP=0x00007f3c8b24859d, EFLAGS=0x0000000000010202, CSGSFS=0x0000000000000033, ERR=0x0000000000000004
  TRAPNO=0x000000000000000e

Top of Stack: (sp=0x00007f3c74cb8580)
0x00007f3c74cb8580:   00007f3c580a02d0 7fffffff00000000
0x00007f3c74cb8590:   00007f3c580a02d0 00007f3c82ed8fe0
0x00007f3c74cb85a0:   00007f3c82eda2e0 00007f3c82ed8e60
0x00007f3c74cb85b0:   00007f3c82ed8fe0 00007f3c82ed3d80
0x00007f3c74cb85c0:   00007f3c74cb86e0 00007f3c81f48050
0x00007f3c74cb85d0:   0000000000000000 00007f3c8b24fbc0
0x00007f3c74cb85e0:   000000000022590e 000000000022590e
0x00007f3c74cb85f0:   0000000000000000 3ff0000000000000
0x00007f3c74cb8600:   00007f3c8b7eb5a8 0000000000000001
0x00007f3c74cb8610:   0000000000000040 00007f3c81f48010
0x00007f3c74cb8620:   00007f3c82ed3d80 00007f3c82eb2f88
0x00007f3c74cb8630:   00007f3c81f48050 00007f3c81f48028
0x00007f3c74cb8640:   00007f3c74cb86e0 00007f3c8b23899b
0x00007f3c74cb8650:   00007f3c82fc9190 0000000000000008
0x00007f3c74cb8660:   000000000022385d 000000000022385d
0x00007f3c74cb8670:   0000000000000000 3ff0000000000000
0x00007f3c74cb8680:   0000000000000000 00007f3c8b2128bd
0x00007f3c74cb8690:   00007f3c74cb8700 00007f3cd36ac01c
0x00007f3c74cb86a0:   0000000000000001 00007f3cd36ac000
0x00007f3c74cb86b0:   00007f3cccbcaf30 00007f3ccc22b200
0x00007f3c74cb86c0:   00007f3c6c00c000 00007f3c8b20e03f
0x00007f3c74cb86d0:   000000000000013c 00007f3cb0e9c489
0x00007f3c74cb86e0:   00007f3c58000c90 00007f3c58000c98
0x00007f3c74cb86f0:   00007f3c58000c98 00007f3c58000b71
0x00007f3c74cb8700:   0000009e00000102 00007f3cccbcaf30
0x00007f3c74cb8710:   00007f3cccbcaf30 00007f3cccbcaf30
0x00007f3c74cb8720:   00007f3ccd23d6a0 0000000000000051
0x00007f3c74cb8730:   00007f3c71d88d90 00007f3c8b20e5bf
0x00007f3c74cb8740:   00007f3c8b7d2af0 00007f3cd1aa34ec
0x00007f3c74cb8750:   00007f3c8b7d4d10 0000000000000000
0x00007f3c74cb8760:   000000000018f315 0009600000000001
0x00007f3c74cb8770:   ffffffff00000001 00007f3c74cb87b4 

Instructions: (pc=0x00007f3c8b24859d)
0x00007f3c8b24857d:   39 5d 08 0f 84 d2 01 00 00 8b 53 04 41 8b 74 24
0x00007f3c8b24858d:   3c 49 8b 4c 24 28 8b 03 0f af f2 48 8b 09 01 c6
0x00007f3c8b24859d:   66 83 3c 71 00 74 d4 48 63 8d 88 01 00 00 48 8b
0x00007f3c8b2485ad:   7c 24 18 48 69 c9 d8 03 00 00 48 8d 74 0f 10 48 

Register to memory mapping:

RAX=0x0000000000000102 is an unknown value
RBX=0x00007f3c58000c90 is an unknown value
RCX=0x00007f3c58096cc0 is an unknown value
RDX=0x000000000000009e is an unknown value
RSP=0x00007f3c74cb8580 is pointing into the stack for thread: 0x00007f3c6c00c000
RBP=0x00007f3c82ed8e60 is an unknown value
RSI=0x00000000000063c2 is an unknown value
RDI=0x00007f3c82ed8fe0 is an unknown value
R8 =0x0000000000000000 is an unknown value
R9 =0x0101010101010101 is an unknown value
R10=0x00007f3c82f97a21 is an unknown value
R11=0x00007f3cd2b57c9c: <offset 0x8bc9c> in /lib/x86_64-linux-gnu/libc.so.6 at 0x00007f3cd2acc000
R12=0x00007f3c8b7ead88: <offset 0x62dd88> in /usr/lib/libXnVFeatures_1_5_2.so at 0x00007f3c8b1bd000
R13=0x00007f3c74cb86e0 is pointing into the stack for thread: 0x00007f3c6c00c000
R14=0x00007f3c81f48050 is an unknown value
R15=0x0000000000000000 is an unknown value


Stack: [0x00007f3c74bb9000,0x00007f3c74cba000],  sp=0x00007f3c74cb8580,  free space=1021k
Native frames: (J=compiled Java code, j=interpreted, Vv=VM code, C=native code)
C  [libXnVFeatures_1_5_2.so+0x8b59d]  Segmentation::detectionByPoint(bool, std::vector<Vector2D<int>, std::allocator<Vector2D<int> > > const*)+0x8d

Java frames: (J=compiled Java code, j=interpreted, Vv=VM code)
j  org.OpenNI.NativeMethods.xnWaitAnyUpdateAll(J)I+0
j  org.OpenNI.Context.waitAnyUpdateAll()V+4
j  edu.seas.upenn.ese519.OverlayPanel.run()V+12
j  java.lang.Thread.run()V+11
v  ~StubRoutines::call_stub

---------------  P R O C E S S  ---------------

Java Threads: ( => current thread )
  0x00007f3c6c00d800 JavaThread "Thread-4" [_thread_blocked, id=27142, stack(0x00007f3c74ab8000,0x00007f3c74bb9000)]
=>0x00007f3c6c00c000 JavaThread "Thread-3" [_thread_in_native, id=27141, stack(0x00007f3c74bb9000,0x00007f3c74cba000)]
  0x00007f3c6c00a800 JavaThread "Thread-2" [_thread_blocked, id=27140, stack(0x00007f3c74cba000,0x00007f3c74dbb000)]
  0x00007f3c6c009000 JavaThread "Thread-1" [_thread_blocked, id=27139, stack(0x00007f3c74dbb000,0x00007f3c74ebc000)]
  0x00007f3ccc007800 JavaThread "DestroyJavaVM" [_thread_blocked, id=27112, stack(0x00007f3cd35a6000,0x00007f3cd36a7000)]
  0x00007f3c71da2000 JavaThread "AWT-EventQueue-0" [_thread_blocked, id=27138, stack(0x00007f3c752db000,0x00007f3c753dc000)]
  0x00007f3c71d9e800 JavaThread "AWT-Shutdown" [_thread_blocked, id=27137, stack(0x00007f3c753dc000,0x00007f3c754dd000)]
  0x00007f3ccc204800 JavaThread "AWT-XAWT" daemon [_thread_in_native, id=27126, stack(0x00007f3cb12ee000,0x00007f3cb13ef000)]
  0x00007f3ccc13c000 JavaThread "Java2D Disposer" daemon [_thread_blocked, id=27125, stack(0x00007f3cb18c2000,0x00007f3cb19c3000)]
  0x00007f3ccc09e000 JavaThread "Low Memory Detector" daemon [_thread_blocked, id=27123, stack(0x00007f3cb3687000,0x00007f3cb3788000)]
  0x00007f3ccc09b800 JavaThread "C2 CompilerThread1" daemon [_thread_blocked, id=27122, stack(0x00007f3cb3788000,0x00007f3cb3889000)]
  0x00007f3ccc098800 JavaThread "C2 CompilerThread0" daemon [_thread_blocked, id=27121, stack(0x00007f3cb3889000,0x00007f3cb398a000)]
  0x00007f3ccc097800 JavaThread "Signal Dispatcher" daemon [_thread_blocked, id=27120, stack(0x00007f3cb398a000,0x00007f3cb3a8b000)]
  0x00007f3ccc078000 JavaThread "Finalizer" daemon [_thread_blocked, id=27119, stack(0x00007f3cb3eff000,0x00007f3cb4000000)]
  0x00007f3ccc076000 JavaThread "Reference Handler" daemon [_thread_blocked, id=27118, stack(0x00007f3cc8024000,0x00007f3cc8125000)]

Other Threads:
  0x00007f3ccc06f000 VMThread [stack: 0x00007f3cc8125000,0x00007f3cc8226000] [id=27117]
  0x00007f3ccc0a0800 WatcherThread [stack: 0x00007f3cb3586000,0x00007f3cb3687000] [id=27124]

VM state:not at safepoint (normal execution)

VM Mutex/Monitor currently owned by a thread: None

Heap
 PSYoungGen      total 36736K, used 9338K [0x00000007d6f60000, 0x00000007d9860000, 0x0000000800000000)
  eden space 31488K, 29% used [0x00000007d6f60000,0x00000007d787eb90,0x00000007d8e20000)
  from space 5248K, 0% used [0x00000007d9340000,0x00000007d9340000,0x00000007d9860000)
  to   space 5248K, 0% used [0x00000007d8e20000,0x00000007d8e20000,0x00000007d9340000)
 PSOldGen        total 84032K, used 0K [0x0000000784e00000, 0x000000078a010000, 0x00000007d6f60000)
  object space 84032K, 0% used [0x0000000784e00000,0x0000000784e00000,0x000000078a010000)
 PSPermGen       total 21248K, used 12919K [0x000000077a800000, 0x000000077bcc0000, 0x0000000784e00000)
  object space 21248K, 60% used [0x000000077a800000,0x000000077b49dd28,0x000000077bcc0000)

Code Cache  [0x00007f3cc9000000, 0x00007f3cc9270000, 0x00007f3ccc000000)
 total_blobs=476 nmethods=27 adapters=404 free_code_cache=49737152 largest_free_block=6336

Dynamic libraries:
00400000-00409000 r-xp 00000000 07:00 2884059                            /usr/lib/jvm/java-6-openjdk-amd64/jre/bin/java
00608000-00609000 r--p 00008000 07:00 2884059                            /usr/lib/jvm/java-6-openjdk-amd64/jre/bin/java
00609000-0060a000 rw-p 00009000 07:00 2884059                            /usr/lib/jvm/java-6-openjdk-amd64/jre/bin/java
012cc000-012ed000 rw-p 00000000 00:00 0                                  [heap]
77a800000-77bcc0000 rw-p 00000000 00:00 0 
77bcc0000-784e00000 rw-p 00000000 00:00 0 
784e00000-78a010000 rw-p 00000000 00:00 0 
78a010000-7d6f60000 rw-p 00000000 00:00 0 
7d6f60000-7d9860000 rw-p 00000000 00:00 0 
7d9860000-800000000 rw-p 00000000 00:00 0 
7f3c58000000-7f3c58188000 rw-p 00000000 00:00 0 
7f3c58188000-7f3c5c000000 ---p 00000000 00:00 0 
7f3c5c000000-7f3c5c021000 rw-p 00000000 00:00 0 
7f3c5c021000-7f3c60000000 ---p 00000000 00:00 0 
7f3c60000000-7f3c60021000 rw-p 00000000 00:00 0 
7f3c60021000-7f3c64000000 ---p 00000000 00:00 0 
7f3c64000000-7f3c64021000 rw-p 00000000 00:00 0 
7f3c64021000-7f3c68000000 ---p 00000000 00:00 0 
7f3c68000000-7f3c68021000 rw-p 00000000 00:00 0 
7f3c68021000-7f3c6c000000 ---p 00000000 00:00 0 
7f3c6c000000-7f3c6c021000 rw-p 00000000 00:00 0 
7f3c6c021000-7f3c70000000 ---p 00000000 00:00 0 
7f3c70000000-7f3c71e1d000 rw-p 00000000 00:00 0 
7f3c71e1d000-7f3c74000000 ---p 00000000 00:00 0 
7f3c74ab8000-7f3c74abb000 ---p 00000000 00:00 0 
7f3c74abb000-7f3c74bb9000 rwxp 00000000 00:00 0 
7f3c74bb9000-7f3c74bbc000 ---p 00000000 00:00 0 
7f3c74bbc000-7f3c74cba000 rwxp 00000000 00:00 0 
7f3c74cba000-7f3c74cbd000 ---p 00000000 00:00 0 
7f3c74cbd000-7f3c74dbb000 rwxp 00000000 00:00 0 
7f3c74dbb000-7f3c74dbe000 ---p 00000000 00:00 0 
7f3c74dbe000-7f3c74ebc000 rwxp 00000000 00:00 0 
7f3c74ebc000-7f3c74ec4000 r-xp 00000000 07:00 2884097                    /usr/lib/jvm/java-6-openjdk-amd64/jre/lib/amd64/libnio.so
7f3c74ec4000-7f3c750c3000 ---p 00008000 07:00 2884097                    /usr/lib/jvm/java-6-openjdk-amd64/jre/lib/amd64/libnio.so
7f3c750c3000-7f3c750c4000 r--p 00007000 07:00 2884097                    /usr/lib/jvm/java-6-openjdk-amd64/jre/lib/amd64/libnio.so
7f3c750c4000-7f3c750c5000 rw-p 00008000 07:00 2884097                    /usr/lib/jvm/java-6-openjdk-amd64/jre/lib/amd64/libnio.so
7f3c750c5000-7f3c750da000 r-xp 00000000 07:00 2884096                    /usr/lib/jvm/java-6-openjdk-amd64/jre/lib/amd64/libnet.so
7f3c750da000-7f3c752d9000 ---p 00015000 07:00 2884096                    /usr/lib/jvm/java-6-openjdk-amd64/jre/lib/amd64/libnet.so
7f3c752d9000-7f3c752da000 r--p 00014000 07:00 2884096                    /usr/lib/jvm/java-6-openjdk-amd64/jre/lib/amd64/libnet.so
7f3c752da000-7f3c752db000 rw-p 00015000 07:00 2884096                    /usr/lib/jvm/java-6-openjdk-amd64/jre/lib/amd64/libnet.so
7f3c752db000-7f3c752de000 ---p 00000000 00:00 0 
7f3c752de000-7f3c753dc000 rwxp 00000000 00:00 0 
7f3c753dc000-7f3c753df000 ---p 00000000 00:00 0 
7f3c753df000-7f3c754dd000 rwxp 00000000 00:00 0 
7f3c754dd000-7f3c76b5d000 r--s 00000000 00:12 1366845                    /run/shm/27128_045e.02ae@1.52_Image
7f3c76b5d000-7f3c7c000000 rw-p 00000000 00:00 0 
7f3c7c000000-7f3c7c029000 rw-p 00000000 00:00 0 
7f3c7c029000-7f3c80000000 ---p 00000000 00:00 0 
7f3c80072000-7f3c82fca000 rw-p 00000000 00:00 0 
7f3c82fca000-7f3c836d2000 r--s 00000000 00:12 1366842                    /run/shm/27128_045e.02ae@1.52_Depth
7f3c836d2000-7f3c837ff000 rw-p 00000000 00:00 0 
7f3c837ff000-7f3c83800000 ---p 00000000 00:00 0 
7f3c83800000-7f3c84000000 rwxp 00000000 00:00 0 
7f3c84000000-7f3c84026000 rw-p 00000000 00:00 0 
7f3c84026000-7f3c88000000 ---p 00000000 00:00 0 
7f3c8801c000-7f3c88679000 rw-p 00000000 00:00 0 
7f3c88679000-7f3c88d81000 r--s 00000000 00:12 1366842                    /run/shm/27128_045e.02ae@1.52_Depth
7f3c88d81000-7f3c88eae000 rw-p 00000000 00:00 0 
7f3c88eae000-7f3c88eaf000 ---p 00000000 00:00 0 
7f3c88eaf000-7f3c896af000 rwxp 00000000 00:00 0 
7f3c896af000-7f3c89ab0000 rw-p 00000000 00:00 0 
7f3c89ab0000-7f3c89ad7000 r-xp 00000000 07:00 2759918                    /usr/lib/libXnDeviceFile.so
7f3c89ad7000-7f3c89cd7000 ---p 00027000 07:00 2759918                    /usr/lib/libXnDeviceFile.so
7f3c89cd7000-7f3c89cd9000 r--p 00027000 07:00 2759918                    /usr/lib/libXnDeviceFile.so
7f3c89cd9000-7f3c89cda000 rw-p 00029000 07:00 2759918                    /usr/lib/libXnDeviceFile.so
7f3c89cda000-7f3c89d22000 r-xp 00000000 07:00 2759917                    /usr/lib/libXnDDK.so
7f3c89d22000-7f3c89f22000 ---p 00048000 07:00 2759917                    /usr/lib/libXnDDK.so
7f3c89f22000-7f3c89f25000 r--p 00048000 07:00 2759917                    /usr/lib/libXnDDK.so
7f3c89f25000-7f3c89f27000 rw-p 0004b000 07:00 2759917                    /usr/lib/libXnDDK.so
7f3c89f27000-7f3c89f4b000 r-xp 00000000 07:00 2759920                    /usr/lib/libXnFormats.so
7f3c89f4b000-7f3c8a14b000 ---p 00024000 07:00 2759920                    /usr/lib/libXnFormats.so
7f3c8a14b000-7f3c8a14c000 r--p 00024000 07:00 2759920                    /usr/lib/libXnFormats.so
7f3c8a14c000-7f3c8a14d000 rw-p 00025000 07:00 2759920                    /usr/lib/libXnFormats.so
7f3c8a14d000-7f3c8a16d000 rw-p 00000000 00:00 0 
7f3c8a16d000-7f3c8a170000 r-xp 00000000 07:00 2759916                    /usr/lib/libXnCore.so
7f3c8a170000-7f3c8a36f000 ---p 00003000 07:00 2759916                    /usr/lib/libXnCore.so
7f3c8a36f000-7f3c8a370000 r--p 00002000 07:00 2759916                    /usr/lib/libXnCore.so
7f3c8a370000-7f3c8a371000 rw-p 00003000 07:00 2759916                    /usr/lib/libXnCore.so
7f3c8a371000-7f3c8a3fa000 r-xp 00000000 07:00 2759919                    /usr/lib/libXnDeviceSensorV2KM.so
7f3c8a3fa000-7f3c8a5f9000 ---p 00089000 07:00 2759919                    /usr/lib/libXnDeviceSensorV2KM.so
7f3c8a5f9000-7f3c8a609000 r--p 00088000 07:00 2759919                    /usr/lib/libXnDeviceSensorV2KM.so
7f3c8a609000-7f3c8a60a000 rw-p 00098000 07:00 2759919                    /usr/lib/libXnDeviceSensorV2KM.so
7f3c8a60a000-7f3c8a6fe000 r-xp 00000000 07:00 2759934                    /usr/lib/libXnVHandGenerator_1_5_2.so
7f3c8a6fe000-7f3c8a8fd000 ---p 000f4000 07:00 2759934                    /usr/lib/libXnVHandGenerator_1_5_2.so
7f3c8a8fd000-7f3c8a902000 r--p 000f3000 07:00 2759934                    /usr/lib/libXnVHandGenerator_1_5_2.so
7f3c8a902000-7f3c8a903000 rw-p 000f8000 07:00 2759934                    /usr/lib/libXnVHandGenerator_1_5_2.so
7f3c8a903000-7f3c8a911000 rw-p 00000000 00:00 0 
7f3c8a911000-7f3c8a9e9000 r-xp 00000000 07:00 2759933                    /usr/lib/libXnVHandGenerator_1_4_2.so
7f3c8a9e9000-7f3c8abe8000 ---p 000d8000 07:00 2759933                    /usr/lib/libXnVHandGenerator_1_4_2.so
7f3c8abe8000-7f3c8abed000 r--p 000d7000 07:00 2759933                    /usr/lib/libXnVHandGenerator_1_4_2.so
7f3c8abed000-7f3c8abee000 rw-p 000dc000 07:00 2759933                    /usr/lib/libXnVHandGenerator_1_4_2.so
7f3c8abee000-7f3c8abf1000 rw-p 00000000 00:00 0 
7f3c8abf1000-7f3c8acc9000 r-xp 00000000 07:00 2759932                    /usr/lib/libXnVHandGenerator_1_4_1.so
7f3c8acc9000-7f3c8aec8000 ---p 000d8000 07:00 2759932                    /usr/lib/libXnVHandGenerator_1_4_1.so
7f3c8aec8000-7f3c8aecd000 r--p 000d7000 07:00 2759932                    /usr/lib/libXnVHandGenerator_1_4_1.so
7f3c8aecd000-7f3c8aece000 rw-p 000dc000 07:00 2759932                    /usr/lib/libXnVHandGenerator_1_4_1.so
7f3c8aece000-7f3c8aed1000 rw-p 00000000 00:00 0 
7f3c8aed1000-7f3c8afb4000 r-xp 00000000 07:00 2759931                    /usr/lib/libXnVHandGenerator_1_3_1.so
7f3c8afb4000-7f3c8b1b4000 ---p 000e3000 07:00 2759931                    /usr/lib/libXnVHandGenerator_1_3_1.so
7f3c8b1b4000-7f3c8b1b9000 r--p 000e3000 07:00 2759931                    /usr/lib/libXnVHandGenerator_1_3_1.so
7f3c8b1b9000-7f3c8b1ba000 rw-p 000e8000 07:00 2759931                    /usr/lib/libXnVHandGenerator_1_3_1.so
7f3c8b1ba000-7f3c8b1bd000 rw-p 00000000 00:00 0 
7f3c8b1bd000-7f3c8b5d2000 r-xp 00000000 07:00 2759929                    /usr/lib/libXnVFeatures_1_5_2.so
7f3c8b5d2000-7f3c8b7d2000 ---p 00415000 07:00 2759929                    /usr/lib/libXnVFeatures_1_5_2.so
7f3c8b7d2000-7f3c8b7e3000 r--p 00415000 07:00 2759929                    /usr/lib/libXnVFeatures_1_5_2.so
7f3c8b7e3000-7f3c8b7e5000 rw-p 00426000 07:00 2759929                    /usr/lib/libXnVFeatures_1_5_2.so
7f3c8b7e5000-7f3c8b7fa000 rw-p 00000000 00:00 0 
7f3c8b7fa000-7f3c8b9f1000 r-xp 00000000 07:00 2759928                    /usr/lib/libXnVFeatures_1_4_2.so
7f3c8b9f1000-7f3c8bbf0000 ---p 001f7000 07:00 2759928                    /usr/lib/libXnVFeatures_1_4_2.so
7f3c8bbf0000-7f3c8bbf6000 r--p 001f6000 07:00 2759928                    /usr/lib/libXnVFeatures_1_4_2.so
7f3c8bbf6000-7f3c8bbf7000 rw-p 001fc000 07:00 2759928                    /usr/lib/libXnVFeatures_1_4_2.so
7f3c8bbf7000-7f3c8bbfd000 rw-p 00000000 00:00 0 
7f3c8bbfd000-7f3c8bdf4000 r-xp 00000000 07:00 2759927                    /usr/lib/libXnVFeatures_1_4_1.so
7f3c8bdf4000-7f3c8bff3000 ---p 001f7000 07:00 2759927                    /usr/lib/libXnVFeatures_1_4_1.so
7f3c8bff3000-7f3c8bff9000 r--p 001f6000 07:00 2759927                    /usr/lib/libXnVFeatures_1_4_1.so
7f3c8bff9000-7f3c8bffa000 rw-p 001fc000 07:00 2759927                    /usr/lib/libXnVFeatures_1_4_1.so
7f3c8bffa000-7f3c8c000000 rw-p 00000000 00:00 0 
7f3c8c000000-7f3c8c021000 rw-p 00000000 00:00 0 
7f3c8c021000-7f3c90000000 ---p 00000000 00:00 0 
7f3c90000000-7f3c90021000 rw-p 00000000 00:00 0 
7f3c90021000-7f3c94000000 ---p 00000000 00:00 0 
7f3c94000000-7f3c94021000 rw-p 00000000 00:00 0 
7f3c94021000-7f3c98000000 ---p 00000000 00:00 0 
7f3c98000000-7f3c98021000 rw-p 00000000 00:00 0 
7f3c98021000-7f3c9c000000 ---p 00000000 00:00 0 
7f3c9c000000-7f3c9c39e000 rw-p 00000000 00:00 0 
7f3c9c39e000-7f3ca0000000 ---p 00000000 00:00 0 
7f3ca0000000-7f3ca021d000 rw-p 00000000 00:00 0 
7f3ca021d000-7f3ca4000000 ---p 00000000 00:00 0 
7f3ca4000000-7f3ca4021000 rw-p 00000000 00:00 0 
7f3ca4021000-7f3ca8000000 ---p 00000000 00:00 0 
7f3ca8000000-7f3ca8021000 rw-p 00000000 00:00 0 
7f3ca8021000-7f3cac000000 ---p 00000000 00:00 0 
7f3cac000000-7f3cac021000 rw-p 00000000 00:00 0 
7f3cac021000-7f3cb0000000 ---p 00000000 00:00 0 
7f3cb008d000-7f3cb0124000 rw-p 00000000 00:00 0 
7f3cb0124000-7f3cb0369000 r-xp 00000000 07:00 2759926                    /usr/lib/libXnVFeatures_1_3_1.so
7f3cb0369000-7f3cb0569000 ---p 00245000 07:00 2759926                    /usr/lib/libXnVFeatures_1_3_1.so
7f3cb0569000-7f3cb056f000 r--p 00245000 07:00 2759926                    /usr/lib/libXnVFeatures_1_3_1.so
7f3cb056f000-7f3cb0570000 rw-p 0024b000 07:00 2759926                    /usr/lib/libXnVFeatures_1_3_1.so
7f3cb0570000-7f3cb0577000 rw-p 00000000 00:00 0 
7f3cb0577000-7f3cb0595000 r-xp 00000000 07:00 2760368                    /usr/lib/libnimRecorder.so
7f3cb0595000-7f3cb0794000 ---p 0001e000 07:00 2760368                    /usr/lib/libnimRecorder.so
7f3cb0794000-7f3cb0796000 r--p 0001d000 07:00 2760368                    /usr/lib/libnimRecorder.so
7f3cb0796000-7f3cb0797000 rw-p 0001f000 07:00 2760368                    /usr/lib/libnimRecorder.so
7f3cb0797000-7f3cb07cd000 r-xp 00000000 07:00 2760366                    /usr/lib/libnimCodecs.so
7f3cb07cd000-7f3cb09cd000 ---p 00036000 07:00 2760366                    /usr/lib/libnimCodecs.so
7f3cb09cd000-7f3cb09d0000 r--p 00036000 07:00 2760366                    /usr/lib/libnimCodecs.so
7f3cb09d0000-7f3cb09d1000 rw-p 00039000 07:00 2760366                    /usr/lib/libnimCodecs.so
7f3cb09d1000-7f3cb09f1000 rw-p 00000000 00:00 0 
7f3cb09f1000-7f3cb0a28000 r-xp 00000000 07:00 2760367                    /usr/lib/libnimMockNodes.so
7f3cb0a28000-7f3cb0c27000 ---p 00037000 07:00 2760367                    /usr/lib/libnimMockNodes.so
7f3cb0c27000-7f3cb0c34000 r--p 00036000 07:00 2760367                    /usr/lib/libnimMockNodes.so
7f3cb0c34000-7f3cb0c35000 rw-p 00043000 07:00 2760367                    /usr/lib/libnimMockNodes.so
7f3cb0c35000-7f3cb0c43000 r-xp 00000000 07:00 136665                     /lib/x86_64-linux-gnu/libusb-1.0.so.0.1.0
7f3cb0c43000-7f3cb0e42000 ---p 0000e000 07:00 136665                     /lib/x86_64-linux-gnu/libusb-1.0.so.0.1.0
7f3cb0e42000-7f3cb0e43000 r--p 0000d000 07:00 136665                     /lib/x86_64-linux-gnu/libusb-1.0.so.0.1.0
7f3cb0e43000-7f3cb0e44000 rw-p 0000e000 07:00 136665                     /lib/x86_64-linux-gnu/libusb-1.0.so.0.1.0
7f3cb0e44000-7f3cb0ec1000 r-xp 00000000 07:00 2759909                    /usr/lib/libOpenNI.so
7f3cb0ec1000-7f3cb10c0000 ---p 0007d000 07:00 2759909                    /usr/lib/libOpenNI.so
7f3cb10c0000-7f3cb10c3000 r--p 0007c000 07:00 2759909                    /usr/lib/libOpenNI.so
7f3cb10c3000-7f3cb10c6000 rw-p 0007f000 07:00 2759909                    /usr/lib/libOpenNI.so
7f3cb10c6000-7f3cb10c7000 rw-p 00000000 00:00 0 
7f3cb10c7000-7f3cb10eb000 r-xp 00000000 07:00 2759908                    /usr/lib/libOpenNI.jni.so
7f3cb10eb000-7f3cb12ea000 ---p 00024000 07:00 2759908                    /usr/lib/libOpenNI.jni.so
7f3cb12ea000-7f3cb12eb000 r--p 00023000 07:00 2759908                    /usr/lib/libOpenNI.jni.so
7f3cb12eb000-7f3cb12ee000 rw-p 00024000 07:00 2759908                    /usr/lib/libOpenNI.jni.so
7f3cb12ee000-7f3cb13ef000 rwxp 00000000 00:00 0 
7f3cb13ef000-7f3cb13f0000 r--s 00000000 07:00 2229118                    /var/cache/fontconfig/c05880de57d1f5e948fdfacc138775d9-le64.cache-3
7f3cb13f0000-7f3cb13f9000 r--s 00000000 07:00 2229112                    /var/cache/fontconfig/945677eb7aeaf62f1d50efc3fb3ec7d8-le64.cache-3
7f3cb13f9000-7f3cb13fd000 r--s 00000000 07:00 2229113                    /var/cache/fontconfig/99e8ed0e538f840c565b6ed5dad60d56-le64.cache-3
7f3cb13fd000-7f3cb1405000 r--s 00000000 07:00 2229114                    /var/cache/fontconfig/a6d8cf8e4ec09cdbc8633c31745a07dd-le64.cache-3
7f3cb1405000-7f3cb1409000 r--s 00000000 07:00 2229098                    /var/cache/fontconfig/2cd17615ca594fa2959ae173292e504c-le64.cache-3
7f3cb1409000-7f3cb140a000 r--s 00000000 07:00 2229126                    /var/cache/fontconfig/e7071f4a29fa870f4323321c154eba04-le64.cache-3
7f3cb140a000-7f3cb140b000 r--s 00000000 07:00 2229096                    /var/cache/fontconfig/0d8c3b2ac0904cb8a57a757ad11a4a08-le64.cache-3
7f3cb140b000-7f3cb1411000 r--s 00000000 07:00 2229115                    /var/cache/fontconfig/a755afe4a08bf5b97852ceb7400b47bc-le64.cache-3
7f3cb1411000-7f3cb141a000 r--s 00000000 07:00 2229107                    /var/cache/fontconfig/6d41288fd70b0be22e8c3a91e032eec0-le64.cache-3
7f3cb141a000-7f3cb142a000 r--s 00000000 07:00 2229094                    /var/cache/fontconfig/04aabc0a78ac019cf9454389977116d2-le64.cache-3
7f3cb142a000-7f3cb142d000 r--s 00000000 07:00 2229101                    /var/cache/fontconfig/385c0604a188198f04d133e54aba7fe7-le64.cache-3
7f3cb142d000-7f3cb142e000 r--s 00000000 07:00 2229102                    /var/cache/fontconfig/4794a0821666d79190d59a36cb4f44b5-le64.cache-3
7f3cb142e000-7f3cb1431000 r--s 00000000 07:00 2229111                    /var/cache/fontconfig/8801497958630a81b71ace7c5f9b32a8-le64.cache-3
7f3cb1431000-7f3cb1436000 r--s 00000000 07:00 2229099                    /var/cache/fontconfig/3047814df9a2f067bd2d96a2b9c36e5a-le64.cache-3
7f3cb1436000-7f3cb1437000 r--s 00000000 07:00 2229104                    /var/cache/fontconfig/56cf4f4769d0f4abc89a4895d7bd3ae1-le64.cache-3
7f3cb1437000-7f3cb1438000 r--s 00000000 07:00 2229117                    /var/cache/fontconfig/b9d506c9ac06c20b433354fa67a72993-le64.cache-3
7f3cb1438000-7f3cb143d000 r--s 00000000 07:00 2229116                    /var/cache/fontconfig/b47c4e1ecd0709278f4910c18777a504-le64.cache-3
7f3cb1463000-7f3cb1468000 r-xp 00000000 07:00 2766745                    /usr/lib/x86_64-linux-gnu/libXfixes.so.3.1.0
7f3cb1468000-7f3cb1667000 ---p 00005000 07:00 2766745                    /usr/lib/x86_64-linux-gnu/libXfixes.so.3.1.0
7f3cb1667000-7f3cb1668000 r--p 00004000 07:00 2766745                    /usr/lib/x86_64-linux-gnu/libXfixes.so.3.1.0
7f3cb1668000-7f3cb1669000 rw-p 00005000 07:00 2766745                    /usr/lib/x86_64-linux-gnu/libXfixes.so.3.1.0
7f3cb1669000-7f3cb1672000 r-xp 00000000 07:00 2766737                    /usr/lib/x86_64-linux-gnu/libXcursor.so.1.0.2
7f3cb1672000-7f3cb1871000 ---p 00009000 07:00 2766737                    /usr/lib/x86_64-linux-gnu/libXcursor.so.1.0.2
7f3cb1871000-7f3cb1872000 r--p 00008000 07:00 2766737                    /usr/lib/x86_64-linux-gnu/libXcursor.so.1.0.2
7f3cb1872000-7f3cb1873000 rw-p 00009000 07:00 2766737                    /usr/lib/x86_64-linux-gnu/libXcursor.so.1.0.2
7f3cb1898000-7f3cb189f000 r--s 000fb000 07:00 2884213                    /usr/lib/jvm/java-6-openjdk-common/jre/lib/resources.jar
7f3cb189f000-7f3cb18af000 r--s 00000000 07:00 2229122                    /var/cache/fontconfig/d52a8644073d54c13679302ca1180695-le64.cache-3
7f3cb18af000-7f3cb18c2000 r--s 00000000 07:00 2229124                    /var/cache/fontconfig/e13b20fdb08344e0e664864cc2ede53d-le64.cache-3
7f3cb18c2000-7f3cb19c3000 rwxp 00000000 00:00 0 
7f3cb19c3000-7f3cb1a59000 r-xp 00000000 07:00 2767280                    /usr/lib/x86_64-linux-gnu/libfreetype.so.6.8.0
7f3cb1a59000-7f3cb1c58000 ---p 00096000 07:00 2767280                    /usr/lib/x86_64-linux-gnu/libfreetype.so.6.8.0
7f3cb1c58000-7f3cb1c5e000 r--p 00095000 07:00 2767280                    /usr/lib/x86_64-linux-gnu/libfreetype.so.6.8.0
7f3cb1c5e000-7f3cb1c5f000 rw-p 0009b000 07:00 2767280                    /usr/lib/x86_64-linux-gnu/libfreetype.so.6.8.0
7f3cb1c5f000-7f3cb1c99000 r-xp 00000000 07:00 2884078                    /usr/lib/jvm/java-6-openjdk-amd64/jre/lib/amd64/libfontmanager.so
7f3cb1c99000-7f3cb1e98000 ---p 0003a000 07:00 2884078                    /usr/lib/jvm/java-6-openjdk-amd64/jre/lib/amd64/libfontmanager.so
7f3cb1e98000-7f3cb1e9a000 r--p 00039000 07:00 2884078                    /usr/lib/jvm/java-6-openjdk-amd64/jre/lib/amd64/libfontmanager.so
7f3cb1e9a000-7f3cb1e9b000 rw-p 0003b000 07:00 2884078                    /usr/lib/jvm/java-6-openjdk-amd64/jre/lib/amd64/libfontmanager.so
7f3cb1e9b000-7f3cb1ea0000 r-xp 00000000 07:00 2766741                    /usr/lib/x86_64-linux-gnu/libXdmcp.so.6.0.0
7f3cb1ea0000-7f3cb209f000 ---p 00005000 07:00 2766741                    /usr/lib/x86_64-linux-gnu/libXdmcp.so.6.0.0
7f3cb209f000-7f3cb20a0000 r--p 00004000 07:00 2766741                    /usr/lib/x86_64-linux-gnu/libXdmcp.so.6.0.0
7f3cb20a0000-7f3cb20a1000 rw-p 00005000 07:00 2766741                    /usr/lib/x86_64-linux-gnu/libXdmcp.so.6.0.0
7f3cb20a1000-7f3cb20a3000 r-xp 00000000 07:00 2766732                    /usr/lib/x86_64-linux-gnu/libXau.so.6.0.0
7f3cb20a3000-7f3cb22a2000 ---p 00002000 07:00 2766732                    /usr/lib/x86_64-linux-gnu/libXau.so.6.0.0
7f3cb22a2000-7f3cb22a3000 r--p 00001000 07:00 2766732                    /usr/lib/x86_64-linux-gnu/libXau.so.6.0.0
7f3cb22a3000-7f3cb22a4000 rw-p 00002000 07:00 2766732                    /usr/lib/x86_64-linux-gnu/libXau.so.6.0.0
7f3cb22a4000-7f3cb22c1000 r-xp 00000000 07:00 2767626                    /usr/lib/x86_64-linux-gnu/libxcb.so.1.1.0
7f3cb22c1000-7f3cb24c0000 ---p 0001d000 07:00 2767626                    /usr/lib/x86_64-linux-gnu/libxcb.so.1.1.0
7f3cb24c0000-7f3cb24c1000 r--p 0001c000 07:00 2767626                    /usr/lib/x86_64-linux-gnu/libxcb.so.1.1.0
7f3cb24c1000-7f3cb24c2000 rw-p 0001d000 07:00 2767626                    /usr/lib/x86_64-linux-gnu/libxcb.so.1.1.0
7f3cb24c2000-7f3cb24d0000 r-xp 00000000 07:00 2766749                    /usr/lib/x86_64-linux-gnu/libXi.so.6.1.0
7f3cb24d0000-7f3cb26cf000 ---p 0000e000 07:00 2766749                    /usr/lib/x86_64-linux-gnu/libXi.so.6.1.0
7f3cb26cf000-7f3cb26d0000 r--p 0000d000 07:00 2766749                    /usr/lib/x86_64-linux-gnu/libXi.so.6.1.0
7f3cb26d0000-7f3cb26d1000 rw-p 0000e000 07:00 2766749                    /usr/lib/x86_64-linux-gnu/libXi.so.6.1.0
7f3cb26d1000-7f3cb26d6000 r-xp 00000000 07:00 2766764                    /usr/lib/x86_64-linux-gnu/libXtst.so.6.1.0
7f3cb26d6000-7f3cb28d5000 ---p 00005000 07:00 2766764                    /usr/lib/x86_64-linux-gnu/libXtst.so.6.1.0
7f3cb28d5000-7f3cb28d6000 r--p 00004000 07:00 2766764                    /usr/lib/x86_64-linux-gnu/libXtst.so.6.1.0
7f3cb28d6000-7f3cb28d7000 rw-p 00005000 07:00 2766764                    /usr/lib/x86_64-linux-gnu/libXtst.so.6.1.0
7f3cb28d7000-7f3cb28e0000 r-xp 00000000 07:00 2766760                    /usr/lib/x86_64-linux-gnu/libXrender.so.1.3.0
7f3cb28e0000-7f3cb2adf000 ---p 00009000 07:00 2766760                    /usr/lib/x86_64-linux-gnu/libXrender.so.1.3.0
7f3cb2adf000-7f3cb2ae0000 r--p 00008000 07:00 2766760                    /usr/lib/x86_64-linux-gnu/libXrender.so.1.3.0
7f3cb2ae0000-7f3cb2ae1000 rw-p 00009000 07:00 2766760                    /usr/lib/x86_64-linux-gnu/libXrender.so.1.3.0
7f3cb2ae1000-7f3cb2c10000 r-xp 00000000 07:00 2766730                    /usr/lib/x86_64-linux-gnu/libX11.so.6.3.0
7f3cb2c10000-7f3cb2e10000 ---p 0012f000 07:00 2766730                    /usr/lib/x86_64-linux-gnu/libX11.so.6.3.0
7f3cb2e10000-7f3cb2e11000 r--p 0012f000 07:00 2766730                    /usr/lib/x86_64-linux-gnu/libX11.so.6.3.0
7f3cb2e11000-7f3cb2e15000 rw-p 00130000 07:00 2766730                    /usr/lib/x86_64-linux-gnu/libX11.so.6.3.0
7f3cb2e15000-7f3cb2e25000 r-xp 00000000 07:00 2766743                    /usr/lib/x86_64-linux-gnu/libXext.so.6.4.0
7f3cb2e25000-7f3cb3024000 ---p 00010000 07:00 2766743                    /usr/lib/x86_64-linux-gnu/libXext.so.6.4.0
7f3cb3024000-7f3cb3025000 r--p 0000f000 07:00 2766743                    /usr/lib/x86_64-linux-gnu/libXext.so.6.4.0
7f3cb3025000-7f3cb3026000 rw-p 00010000 07:00 2766743                    /usr/lib/x86_64-linux-gnu/libXext.so.6.4.0
7f3cb3026000-7f3cb302a000 rw-s 00000000 00:04 1470267442                 /SYSV00000000 (deleted)
7f3cb302a000-7f3cb3036000 r--s 00000000 07:00 2229095                    /var/cache/fontconfig/089dead882dea3570ffc31a9898cfb69-le64.cache-3
7f3cb3036000-7f3cb303a000 r--s 00000000 07:00 2229109                    /var/cache/fontconfig/7ef2298fde41cc6eeb7af42e48b7d293-le64.cache-3
7f3cb303a000-7f3cb3043000 r--s 00000000 07:00 2229112                    /var/cache/fontconfig/945677eb7aeaf62f1d50efc3fb3ec7d8-le64.cache-3
7f3cb3043000-7f3cb304b000 r--s 00000000 07:00 2229114                    /var/cache/fontconfig/a6d8cf8e4ec09cdbc8633c31745a07dd-le64.cache-3
7f3cb304b000-7f3cb3096000 r-xp 00000000 07:00 2884115                    /usr/lib/jvm/java-6-openjdk-amd64/jre/lib/amd64/xawt/libmawt.so
7f3cb3096000-7f3cb3296000 ---p 0004b000 07:00 2884115                    /usr/lib/jvm/java-6-openjdk-amd64/jre/lib/amd64/xawt/libmawt.so
7f3cb3296000-7f3cb3297000 r--p 0004b000 07:00 2884115                    /usr/lib/jvm/java-6-openjdk-amd64/jre/lib/amd64/xawt/libmawt.so
7f3cb3297000-7f3cb329a000 rw-p 0004c000 07:00 2884115                    /usr/lib/jvm/java-6-openjdk-amd64/jre/lib/amd64/xawt/libmawt.so
7f3cb329a000-7f3cb329b000 rw-p 00000000 00:00 0 
7f3cb329b000-7f3cb3347000 r-xp 00000000 07:00 2884076                    /usr/lib/jvm/java-6-openjdk-amd64/jre/lib/amd64/libawt.so
7f3cb3347000-7f3cb3546000 ---p 000ac000 07:00 2884076                    /usr/lib/jvm/java-6-openjdk-amd64/jre/lib/amd64/libawt.so
7f3cb3546000-7f3cb3547000 r--p 000ab000 07:00 2884076                    /usr/lib/jvm/java-6-openjdk-amd64/jre/lib/amd64/libawt.so
7f3cb3547000-7f3cb3552000 rw-p 000ac000 07:00 2884076                    /usr/lib/jvm/java-6-openjdk-amd64/jre/lib/amd64/libawt.so
7f3cb3552000-7f3cb3577000 rw-p 00000000 00:00 0 
7f3cb3577000-7f3cb3578000 r--s 00007000 07:00 1188646                    /usr/share/java/java-atk-wrapper.jar
7f3cb3578000-7f3cb357a000 r--s 00001000 07:00 2884220                    /usr/lib/jvm/java-6-openjdk-common/jre/lib/ext/dnsns.jar
7f3cb357a000-7f3cb357d000 r--s 00031000 07:00 2884223                    /usr/lib/jvm/java-6-openjdk-common/jre/lib/ext/sunjce_provider.jar
7f3cb357d000-7f3cb357f000 r--s 0000f000 07:00 2884222                    /usr/lib/jvm/java-6-openjdk-common/jre/lib/ext/pulse-java.jar
7f3cb357f000-7f3cb3583000 r--s 00038000 07:00 2884224                    /usr/lib/jvm/java-6-openjdk-common/jre/lib/ext/sunpkcs11.jar
7f3cb3583000-7f3cb3586000 r--s 00077000 07:00 2884221                    /usr/lib/jvm/java-6-openjdk-common/jre/lib/ext/localedata.jar
7f3cb3586000-7f3cb3587000 ---p 00000000 00:00 0 
7f3cb3587000-7f3cb3788000 rwxp 00000000 00:00 0 
7f3cb3788000-7f3cb3789000 ---p 00000000 00:00 0 
7f3cb3789000-7f3cb3889000 rwxp 00000000 00:00 0 
7f3cb3889000-7f3cb388a000 ---p 00000000 00:00 0 
7f3cb388a000-7f3cb3a8b000 rwxp 00000000 00:00 0 
7f3cb3a8b000-7f3cb3eff000 r--p 00000000 07:00 2765053                    /usr/lib/locale/locale-archive
7f3cb3eff000-7f3cb4000000 rwxp 00000000 00:00 0 
7f3cb4000000-7f3cb4021000 rw-p 00000000 00:00 0 
7f3cb4021000-7f3cb8000000 ---p 00000000 00:00 0 
7f3cb8000000-7f3cb8021000 rw-p 00000000 00:00 0 
7f3cb8021000-7f3cbc000000 ---p 00000000 00:00 0 
7f3cbc000000-7f3cbc021000 rw-p 00000000 00:00 0 
7f3cbc021000-7f3cc0000000 ---p 00000000 00:00 0 
7f3cc0000000-7f3cc0021000 rw-p 00000000 00:00 0 
7f3cc0021000-7f3cc4000000 ---p 00000000 00:00 0 
7f3cc4000000-7f3cc4021000 rw-p 00000000 00:00 0 
7f3cc4021000-7f3cc8000000 ---p 00000000 00:00 0 
7f3cc8003000-7f3cc8007000 r--s 00000000 07:00 2229113                    /var/cache/fontconfig/99e8ed0e538f840c565b6ed5dad60d56-le64.cache-3
7f3cc8007000-7f3cc800b000 r--s 00000000 07:00 2229098                    /var/cache/fontconfig/2cd17615ca594fa2959ae173292e504c-le64.cache-3
7f3cc800b000-7f3cc8014000 r--s 00000000 07:00 2229107                    /var/cache/fontconfig/6d41288fd70b0be22e8c3a91e032eec0-le64.cache-3
7f3cc8014000-7f3cc8024000 r--s 00000000 07:00 2229094                    /var/cache/fontconfig/04aabc0a78ac019cf9454389977116d2-le64.cache-3
7f3cc8024000-7f3cc8125000 rwxp 00000000 00:00 0 
7f3cc8125000-7f3cc8126000 ---p 00000000 00:00 0 
7f3cc8126000-7f3cc8226000 rwxp 00000000 00:00 0 
7f3cc8226000-7f3cc875e000 rw-p 00000000 00:00 0 
7f3cc875e000-7f3cc88f0000 r--s 037c2000 07:00 2884073                    /usr/lib/jvm/java-6-openjdk-amd64/jre/lib/rt.jar
7f3cc88f0000-7f3cc8918000 rw-p 00000000 00:00 0 
7f3cc8918000-7f3cc8919000 ---p 00000000 00:00 0 
7f3cc8919000-7f3cc8a19000 rwxp 00000000 00:00 0 
7f3cc8a19000-7f3cc8a1a000 ---p 00000000 00:00 0 
7f3cc8a1a000-7f3cc8b1a000 rwxp 00000000 00:00 0 
7f3cc8b1a000-7f3cc8b1b000 ---p 00000000 00:00 0 
7f3cc8b1b000-7f3cc8c1b000 rwxp 00000000 00:00 0 
7f3cc8c1b000-7f3cc8c1c000 ---p 00000000 00:00 0 
7f3cc8c1c000-7f3cc8d1c000 rwxp 00000000 00:00 0 
7f3cc8d1c000-7f3cc8d27000 rw-p 00000000 00:00 0 
7f3cc8d27000-7f3cc8d6f000 rw-p 00000000 00:00 0 
7f3cc8d6f000-7f3cc8d99000 rw-p 00000000 00:00 0 
7f3cc8d99000-7f3cc9000000 rw-p 00000000 00:00 0 
7f3cc9000000-7f3cc9270000 rwxp 00000000 00:00 0 
7f3cc9270000-7f3cd0000000 rw-p 00000000 00:00 0 
7f3cd0000000-7f3cd0006000 r--s 00000000 07:00 2229115                    /var/cache/fontconfig/a755afe4a08bf5b97852ceb7400b47bc-le64.cache-3
7f3cd0006000-7f3cd0009000 r--s 00000000 07:00 2229101                    /var/cache/fontconfig/385c0604a188198f04d133e54aba7fe7-le64.cache-3
7f3cd0009000-7f3cd000a000 r--s 00000000 07:00 2229102                    /var/cache/fontconfig/4794a0821666d79190d59a36cb4f44b5-le64.cache-3
7f3cd000a000-7f3cd000d000 r--s 00000000 07:00 2229111                    /var/cache/fontconfig/8801497958630a81b71ace7c5f9b32a8-le64.cache-3
7f3cd000d000-7f3cd0012000 r--s 00000000 07:00 2229099                    /var/cache/fontconfig/3047814df9a2f067bd2d96a2b9c36e5a-le64.cache-3
7f3cd0012000-7f3cd0022000 r--s 00000000 07:00 2229122                    /var/cache/fontconfig/d52a8644073d54c13679302ca1180695-le64.cache-3
7f3cd0022000-7f3cd002d000 rw-p 00000000 00:00 0 
7f3cd002d000-7f3cd0075000 rw-p 00000000 00:00 0 
7f3cd0075000-7f3cd009f000 rw-p 00000000 00:00 0 
7f3cd009f000-7f3cd0305000 rw-p 00000000 00:00 0 
7f3cd0305000-7f3cd031b000 rw-p 00000000 00:00 0 
7f3cd031b000-7f3cd044e000 rw-p 00000000 00:00 0 
7f3cd044e000-7f3cd044f000 rw-p 00000000 00:00 0 
7f3cd044f000-7f3cd0456000 r-xp 00000000 07:00 2884105                    /usr/lib/jvm/java-6-openjdk-amd64/jre/lib/amd64/libzip.so
7f3cd0456000-7f3cd0655000 ---p 00007000 07:00 2884105                    /usr/lib/jvm/java-6-openjdk-amd64/jre/lib/amd64/libzip.so
7f3cd0655000-7f3cd0656000 r--p 00006000 07:00 2884105                    /usr/lib/jvm/java-6-openjdk-amd64/jre/lib/amd64/libzip.so
7f3cd0656000-7f3cd0657000 rw-p 00007000 07:00 2884105                    /usr/lib/jvm/java-6-openjdk-amd64/jre/lib/amd64/libzip.so
7f3cd0657000-7f3cd0663000 r-xp 00000000 07:00 136638                     /lib/x86_64-linux-gnu/libnss_files-2.15.so
7f3cd0663000-7f3cd0862000 ---p 0000c000 07:00 136638                     /lib/x86_64-linux-gnu/libnss_files-2.15.so
7f3cd0862000-7f3cd0863000 r--p 0000b000 07:00 136638                     /lib/x86_64-linux-gnu/libnss_files-2.15.so
7f3cd0863000-7f3cd0864000 rw-p 0000c000 07:00 136638                     /lib/x86_64-linux-gnu/libnss_files-2.15.so
7f3cd0864000-7f3cd086e000 r-xp 00000000 07:00 136640                     /lib/x86_64-linux-gnu/libnss_nis-2.15.so
7f3cd086e000-7f3cd0a6e000 ---p 0000a000 07:00 136640                     /lib/x86_64-linux-gnu/libnss_nis-2.15.so
7f3cd0a6e000-7f3cd0a6f000 r--p 0000a000 07:00 136640                     /lib/x86_64-linux-gnu/libnss_nis-2.15.so
7f3cd0a6f000-7f3cd0a70000 rw-p 0000b000 07:00 136640                     /lib/x86_64-linux-gnu/libnss_nis-2.15.so
7f3cd0a70000-7f3cd0a87000 r-xp 00000000 07:00 136635                     /lib/x86_64-linux-gnu/libnsl-2.15.so
7f3cd0a87000-7f3cd0c86000 ---p 00017000 07:00 136635                     /lib/x86_64-linux-gnu/libnsl-2.15.so
7f3cd0c86000-7f3cd0c87000 r--p 00016000 07:00 136635                     /lib/x86_64-linux-gnu/libnsl-2.15.so
7f3cd0c87000-7f3cd0c88000 rw-p 00017000 07:00 136635                     /lib/x86_64-linux-gnu/libnsl-2.15.so
7f3cd0c88000-7f3cd0c8a000 rw-p 00000000 00:00 0 
7f3cd0c8a000-7f3cd0c92000 r-xp 00000000 07:00 136636                     /lib/x86_64-linux-gnu/libnss_compat-2.15.so
7f3cd0c92000-7f3cd0e91000 ---p 00008000 07:00 136636                     /lib/x86_64-linux-gnu/libnss_compat-2.15.so
7f3cd0e91000-7f3cd0e92000 r--p 00007000 07:00 136636                     /lib/x86_64-linux-gnu/libnss_compat-2.15.so
7f3cd0e92000-7f3cd0e93000 rw-p 00008000 07:00 136636                     /lib/x86_64-linux-gnu/libnss_compat-2.15.so
7f3cd0e93000-7f3cd0ebf000 r-xp 00000000 07:00 2884085                    /usr/lib/jvm/java-6-openjdk-amd64/jre/lib/amd64/libjava.so
7f3cd0ebf000-7f3cd10be000 ---p 0002c000 07:00 2884085                    /usr/lib/jvm/java-6-openjdk-amd64/jre/lib/amd64/libjava.so
7f3cd10be000-7f3cd10bf000 r--p 0002b000 07:00 2884085                    /usr/lib/jvm/java-6-openjdk-amd64/jre/lib/amd64/libjava.so
7f3cd10bf000-7f3cd10c2000 rw-p 0002c000 07:00 2884085                    /usr/lib/jvm/java-6-openjdk-amd64/jre/lib/amd64/libjava.so
7f3cd10c2000-7f3cd10d0000 r-xp 00000000 07:00 2884104                    /usr/lib/jvm/java-6-openjdk-amd64/jre/lib/amd64/libverify.so
7f3cd10d0000-7f3cd12cf000 ---p 0000e000 07:00 2884104                    /usr/lib/jvm/java-6-openjdk-amd64/jre/lib/amd64/libverify.so
7f3cd12cf000-7f3cd12d1000 r--p 0000d000 07:00 2884104                    /usr/lib/jvm/java-6-openjdk-amd64/jre/lib/amd64/libverify.so
7f3cd12d1000-7f3cd12d2000 rw-p 0000f000 07:00 2884104                    /usr/lib/jvm/java-6-openjdk-amd64/jre/lib/amd64/libverify.so
7f3cd12d2000-7f3cd12d9000 r-xp 00000000 07:00 136656                     /lib/x86_64-linux-gnu/librt-2.15.so
7f3cd12d9000-7f3cd14d8000 ---p 00007000 07:00 136656                     /lib/x86_64-linux-gnu/librt-2.15.so
7f3cd14d8000-7f3cd14d9000 r--p 00006000 07:00 136656                     /lib/x86_64-linux-gnu/librt-2.15.so
7f3cd14d9000-7f3cd14da000 rw-p 00007000 07:00 136656                     /lib/x86_64-linux-gnu/librt-2.15.so
7f3cd14da000-7f3cd14ef000 r-xp 00000000 07:00 136622                     /lib/x86_64-linux-gnu/libgcc_s.so.1
7f3cd14ef000-7f3cd16ee000 ---p 00015000 07:00 136622                     /lib/x86_64-linux-gnu/libgcc_s.so.1
7f3cd16ee000-7f3cd16ef000 r--p 00014000 07:00 136622                     /lib/x86_64-linux-gnu/libgcc_s.so.1
7f3cd16ef000-7f3cd16f0000 rw-p 00015000 07:00 136622                     /lib/x86_64-linux-gnu/libgcc_s.so.1
7f3cd16f0000-7f3cd17eb000 r-xp 00000000 07:00 136628                     /lib/x86_64-linux-gnu/libm-2.15.so
7f3cd17eb000-7f3cd19ea000 ---p 000fb000 07:00 136628                     /lib/x86_64-linux-gnu/libm-2.15.so
7f3cd19ea000-7f3cd19eb000 r--p 000fa000 07:00 136628                     /lib/x86_64-linux-gnu/libm-2.15.so
7f3cd19eb000-7f3cd19ec000 rw-p 000fb000 07:00 136628                     /lib/x86_64-linux-gnu/libm-2.15.so
7f3cd19ec000-7f3cd1ace000 r-xp 00000000 07:00 2767523                    /usr/lib/x86_64-linux-gnu/libstdc++.so.6.0.16
7f3cd1ace000-7f3cd1ccd000 ---p 000e2000 07:00 2767523                    /usr/lib/x86_64-linux-gnu/libstdc++.so.6.0.16
7f3cd1ccd000-7f3cd1cd5000 r--p 000e1000 07:00 2767523                    /usr/lib/x86_64-linux-gnu/libstdc++.so.6.0.16
7f3cd1cd5000-7f3cd1cd7000 rw-p 000e9000 07:00 2767523                    /usr/lib/x86_64-linux-gnu/libstdc++.so.6.0.16
7f3cd1cd7000-7f3cd1cec000 rw-p 00000000 00:00 0 
7f3cd1cec000-7f3cd25f1000 r-xp 00000000 07:00 2884114                    /usr/lib/jvm/java-6-openjdk-amd64/jre/lib/amd64/server/libjvm.so
7f3cd25f1000-7f3cd27f1000 ---p 00905000 07:00 2884114                    /usr/lib/jvm/java-6-openjdk-amd64/jre/lib/amd64/server/libjvm.so
7f3cd27f1000-7f3cd2871000 r--p 00905000 07:00 2884114                    /usr/lib/jvm/java-6-openjdk-amd64/jre/lib/amd64/server/libjvm.so
7f3cd2871000-7f3cd288c000 rw-p 00985000 07:00 2884114                    /usr/lib/jvm/java-6-openjdk-amd64/jre/lib/amd64/server/libjvm.so
7f3cd288c000-7f3cd28b5000 rw-p 00000000 00:00 0 
7f3cd28b5000-7f3cd28cb000 r-xp 00000000 07:00 136669                     /lib/x86_64-linux-gnu/libz.so.1.2.3.4
7f3cd28cb000-7f3cd2aca000 ---p 00016000 07:00 136669                     /lib/x86_64-linux-gnu/libz.so.1.2.3.4
7f3cd2aca000-7f3cd2acb000 r--p 00015000 07:00 136669                     /lib/x86_64-linux-gnu/libz.so.1.2.3.4
7f3cd2acb000-7f3cd2acc000 rw-p 00016000 07:00 136669                     /lib/x86_64-linux-gnu/libz.so.1.2.3.4
7f3cd2acc000-7f3cd2c81000 r-xp 00000000 07:00 136611                     /lib/x86_64-linux-gnu/libc-2.15.so
7f3cd2c81000-7f3cd2e80000 ---p 001b5000 07:00 136611                     /lib/x86_64-linux-gnu/libc-2.15.so
7f3cd2e80000-7f3cd2e84000 r--p 001b4000 07:00 136611                     /lib/x86_64-linux-gnu/libc-2.15.so
7f3cd2e84000-7f3cd2e86000 rw-p 001b8000 07:00 136611                     /lib/x86_64-linux-gnu/libc-2.15.so
7f3cd2e86000-7f3cd2e8b000 rw-p 00000000 00:00 0 
7f3cd2e8b000-7f3cd2e8d000 r-xp 00000000 07:00 136618                     /lib/x86_64-linux-gnu/libdl-2.15.so
7f3cd2e8d000-7f3cd308d000 ---p 00002000 07:00 136618                     /lib/x86_64-linux-gnu/libdl-2.15.so
7f3cd308d000-7f3cd308e000 r--p 00002000 07:00 136618                     /lib/x86_64-linux-gnu/libdl-2.15.so
7f3cd308e000-7f3cd308f000 rw-p 00003000 07:00 136618                     /lib/x86_64-linux-gnu/libdl-2.15.so
7f3cd308f000-7f3cd3093000 r-xp 00000000 07:00 2884111                    /usr/lib/jvm/java-6-openjdk-amd64/jre/lib/amd64/jli/libjli.so
7f3cd3093000-7f3cd3292000 ---p 00004000 07:00 2884111                    /usr/lib/jvm/java-6-openjdk-amd64/jre/lib/amd64/jli/libjli.so
7f3cd3292000-7f3cd3293000 r--p 00003000 07:00 2884111                    /usr/lib/jvm/java-6-openjdk-amd64/jre/lib/amd64/jli/libjli.so
7f3cd3293000-7f3cd3294000 rw-p 00004000 07:00 2884111                    /usr/lib/jvm/java-6-openjdk-amd64/jre/lib/amd64/jli/libjli.so
7f3cd3294000-7f3cd32ac000 r-xp 00000000 07:00 136653                     /lib/x86_64-linux-gnu/libpthread-2.15.so
7f3cd32ac000-7f3cd34ab000 ---p 00018000 07:00 136653                     /lib/x86_64-linux-gnu/libpthread-2.15.so
7f3cd34ab000-7f3cd34ac000 r--p 00017000 07:00 136653                     /lib/x86_64-linux-gnu/libpthread-2.15.so
7f3cd34ac000-7f3cd34ad000 rw-p 00018000 07:00 136653                     /lib/x86_64-linux-gnu/libpthread-2.15.so
7f3cd34ad000-7f3cd34b1000 rw-p 00000000 00:00 0 
7f3cd34b1000-7f3cd34d3000 r-xp 00000000 07:00 136601                     /lib/x86_64-linux-gnu/ld-2.15.so
7f3cd34d3000-7f3cd34d4000 r--s 00000000 07:00 2229104                    /var/cache/fontconfig/56cf4f4769d0f4abc89a4895d7bd3ae1-le64.cache-3
7f3cd34d4000-7f3cd34d5000 r--s 00000000 07:00 2229117                    /var/cache/fontconfig/b9d506c9ac06c20b433354fa67a72993-le64.cache-3
7f3cd34d5000-7f3cd34da000 r--s 00000000 07:00 2229116                    /var/cache/fontconfig/b47c4e1ecd0709278f4910c18777a504-le64.cache-3
7f3cd34da000-7f3cd34e6000 r--s 00000000 07:00 2229095                    /var/cache/fontconfig/089dead882dea3570ffc31a9898cfb69-le64.cache-3
7f3cd34e6000-7f3cd34f0000 rw-p 00000000 00:00 0 
7f3cd34f0000-7f3cd35a6000 rw-p 00000000 00:00 0 
7f3cd35a6000-7f3cd35a9000 ---p 00000000 00:00 0 
7f3cd35a9000-7f3cd36a7000 rwxp 00000000 00:00 0 
7f3cd36a7000-7f3cd36ac000 rw-p 00000000 00:00 0 
7f3cd36ac000-7f3cd36ad000 rw-s 00000000 00:12 1347094                    /run/shm/045e.02ae@1.52-SM
7f3cd36ad000-7f3cd36ae000 r--s 00000000 07:00 2229118                    /var/cache/fontconfig/c05880de57d1f5e948fdfacc138775d9-le64.cache-3
7f3cd36ae000-7f3cd36af000 r--s 00000000 07:00 2229126                    /var/cache/fontconfig/e7071f4a29fa870f4323321c154eba04-le64.cache-3
7f3cd36af000-7f3cd36b0000 r--s 00000000 07:00 2229096                    /var/cache/fontconfig/0d8c3b2ac0904cb8a57a757ad11a4a08-le64.cache-3
7f3cd36b0000-7f3cd36c3000 r--s 00000000 07:00 2229124                    /var/cache/fontconfig/e13b20fdb08344e0e664864cc2ede53d-le64.cache-3
7f3cd36c3000-7f3cd36c7000 r--s 00000000 07:00 2229109                    /var/cache/fontconfig/7ef2298fde41cc6eeb7af42e48b7d293-le64.cache-3
7f3cd36c7000-7f3cd36cf000 rw-s 00000000 07:00 691                        /tmp/hsperfdata_qyr1987/27107
7f3cd36cf000-7f3cd36d0000 rw-p 00000000 00:00 0 
7f3cd36d0000-7f3cd36d1000 r--p 00000000 00:00 0 
7f3cd36d1000-7f3cd36d3000 rw-p 00000000 00:00 0 
7f3cd36d3000-7f3cd36d4000 r--p 00022000 07:00 136601                     /lib/x86_64-linux-gnu/ld-2.15.so
7f3cd36d4000-7f3cd36d6000 rw-p 00023000 07:00 136601                     /lib/x86_64-linux-gnu/ld-2.15.so
7fff1fc5e000-7fff1fc7d000 rwxp 00000000 00:00 0                          [stack]
7fff1fc7d000-7fff1fc7f000 rw-p 00000000 00:00 0 
7fff1fdd5000-7fff1fdd6000 r-xp 00000000 00:00 0                          [vdso]
ffffffffff600000-ffffffffff601000 r-xp 00000000 00:00 0                  [vsyscall]

VM Arguments:
jvm_args: -Dfile.encoding=UTF-8 
java_command: edu.seas.upenn.ese519.MainFrame
Launcher Type: SUN_STANDARD

Environment Variables:
PATH=/home/qyr1987/bin:/usr/lib/lightdm/lightdm:/usr/local/sbin:/usr/local/bin:/usr/sbin:/usr/bin:/sbin:/bin:/usr/games
LD_LIBRARY_PATH=/usr/lib/jvm/java-6-openjdk-amd64/jre/lib/amd64/server:/usr/lib/jvm/java-6-openjdk-amd64/jre/lib/amd64:/usr/lib/jvm/java-6-openjdk-amd64/jre/../lib/amd64
SHELL=/bin/bash
DISPLAY=:0

Signal Handlers:
SIGSEGV: [libjvm.so+0x7852e0], sa_mask[0]=0x7ffbfeff, sa_flags=0x10000004
SIGBUS: [libjvm.so+0x7852e0], sa_mask[0]=0x7ffbfeff, sa_flags=0x10000004
SIGFPE: [libjvm.so+0x648d40], sa_mask[0]=0x7ffbfeff, sa_flags=0x10000004
SIGPIPE: [libjvm.so+0x648d40], sa_mask[0]=0x7ffbfeff, sa_flags=0x10000004
SIGXFSZ: [libjvm.so+0x648d40], sa_mask[0]=0x7ffbfeff, sa_flags=0x10000004
SIGILL: [libjvm.so+0x648d40], sa_mask[0]=0x7ffbfeff, sa_flags=0x10000004
SIGUSR1: SIG_DFL, sa_mask[0]=0x00000000, sa_flags=0x00000000
SIGUSR2: [libjvm.so+0x648ef0], sa_mask[0]=0x00000004, sa_flags=0x10000004
SIGHUP: [libjvm.so+0x64ba10], sa_mask[0]=0x7ffbfeff, sa_flags=0x10000004
SIGINT: [libjvm.so+0x64ba10], sa_mask[0]=0x7ffbfeff, sa_flags=0x10000004
SIGTERM: [libjvm.so+0x64ba10], sa_mask[0]=0x7ffbfeff, sa_flags=0x10000004
SIGQUIT: [libjvm.so+0x64ba10], sa_mask[0]=0x7ffbfeff, sa_flags=0x10000004


---------------  S Y S T E M  ---------------

OS:Ubuntu 12.04 (precise)
uname:Linux 3.2.0-33-generic #52-Ubuntu SMP Thu Oct 18 16:29:15 UTC 2012 x86_64
libc:glibc 2.15 NPTL 2.15 
rlimit: STACK 8192k, CORE 0k, NPROC 62854, NOFILE 4096, AS infinity
load average:0.12 0.28 0.35

/proc/meminfo:
MemTotal:        8062936 kB
MemFree:         1552660 kB
Buffers:         1497380 kB
Cached:          2009400 kB
SwapCached:          188 kB
Active:          3593720 kB
Inactive:        2430484 kB
Active(anon):    2160320 kB
Inactive(anon):   861512 kB
Active(file):    1433400 kB
Inactive(file):  1568972 kB
Unevictable:        2708 kB
Mlocked:              32 kB
SwapTotal:        262140 kB
SwapFree:         230184 kB
Dirty:               432 kB
Writeback:             0 kB
AnonPages:       2519912 kB
Mapped:           212200 kB
Shmem:            501732 kB
Slab:             309704 kB
SReclaimable:     233232 kB
SUnreclaim:        76472 kB
KernelStack:        4968 kB
PageTables:        48592 kB
NFS_Unstable:          0 kB
Bounce:                0 kB
WritebackTmp:          0 kB
CommitLimit:     4293608 kB
Committed_AS:    6534964 kB
VmallocTotal:   34359738367 kB
VmallocUsed:      414628 kB
VmallocChunk:   34359274620 kB
HardwareCorrupted:     0 kB
AnonHugePages:         0 kB
HugePages_Total:       0
HugePages_Free:        0
HugePages_Rsvd:        0
HugePages_Surp:        0
Hugepagesize:       2048 kB
DirectMap4k:      137216 kB
DirectMap2M:     8142848 kB


CPU:total 4 (2 cores per cpu, 2 threads per core) family 6 model 42 stepping 7, cmov, cx8, fxsr, mmx, sse, sse2, sse3, ssse3, sse4.1, sse4.2, popcnt, ht

Memory: 4k page, physical 8062936k(1552660k free), swap 262140k(230184k free)

vm_info: OpenJDK 64-Bit Server VM (20.0-b12) for linux-amd64 JRE (1.6.0_24-b24), built on Oct 24 2012 16:17:28 by "buildd" with gcc 4.6.3

time: Mon Nov 26 15:20:00 2012
elapsed time: 2 seconds

