#
# A fatal error has been detected by the Java Runtime Environment:
#
#  SIGSEGV (0xb) at pc=0x00007f0c58c5959d, pid=27556, tid=139689921181440
#
# JRE version: 6.0_24-b24
# Java VM: OpenJDK 64-Bit Server VM (20.0-b12 mixed mode linux-amd64 compressed oops)
# Derivative: IcedTea6 1.11.5
# Distribution: Ubuntu 12.04 LTS, package 6b24-1.11.5-0ubuntu1~12.04.1
# Problematic frame:
# C  [libXnVFeatures_1_5_2.so+0x8b59d]  Segmentation::detectionByPoint(bool, std::vector<Vector2D<int>, std::allocator<Vector2D<int> > > const*)+0x8d
#
# If you would like to submit a bug report, please include
# instructions how to reproduce the bug and visit:
#   https://bugs.launchpad.net/ubuntu/+source/openjdk-6/
# The crash happened outside the Java Virtual Machine in native code.
# See problematic frame for where to report the bug.
#

---------------  T H R E A D  ---------------

Current thread (0x00007f0c0400e000):  JavaThread "Thread-3" [_thread_in_native, id=27594, stack(0x00007f0c18117000,0x00007f0c18218000)]

siginfo:si_signo=SIGSEGV: si_errno=0, si_code=2 (SEGV_ACCERR), si_addr=0x00007f0bf00a3444

Registers:
RAX=0x0000000000000102, RBX=0x00007f0bf0000c90, RCX=0x00007f0bf0096cc0, RDX=0x000000000000009e
RSP=0x00007f0c18216300, RBP=0x00007f0c1b6d9e60, RSI=0x00000000000063c2, RDI=0x00007f0c1b6d9fe0
R8 =0x0000000000000000, R9 =0x0101010101010101, R10=0x00007f0c1b798a21, R11=0x00007f0c6c450c9c
R12=0x00007f0c591fbd88, R13=0x00007f0c18216460, R14=0x00007f0c1a749050, R15=0x0000000000000000
RIP=0x00007f0c58c5959d, EFLAGS=0x0000000000010202, CSGSFS=0x0000000000000033, ERR=0x0000000000000004
  TRAPNO=0x000000000000000e

Top of Stack: (sp=0x00007f0c18216300)
0x00007f0c18216300:   00007f0bf00a02f0 7fffffff00000000
0x00007f0c18216310:   00007f0bf00a02f0 00007f0c1b6d9fe0
0x00007f0c18216320:   00007f0c1b6db2e0 00007f0c1b6d9e60
0x00007f0c18216330:   00007f0c1b6d9fe0 00007f0c1b6d4d80
0x00007f0c18216340:   00007f0c18216460 00007f0c1a749050
0x00007f0c18216350:   0000000000000000 00007f0c58c60bc0
0x00007f0c18216360:   00000000002cea11 00000000002cea11
0x00007f0c18216370:   0000000000000000 3ff0000000000000
0x00007f0c18216380:   00007f0c591fc5a8 0000000000000001
0x00007f0c18216390:   0000000000000040 00007f0c1a749010
0x00007f0c182163a0:   00007f0c1b6d4d80 00007f0c1b6b3f88
0x00007f0c182163b0:   00007f0c1a749050 00007f0c1a749028
0x00007f0c182163c0:   00007f0c18216460 00007f0c58c4999b
0x00007f0c182163d0:   00007f0c1b7ca190 0000000000000008
0x00007f0c182163e0:   00000000002cdf6c 00000000002cdf6c
0x00007f0c182163f0:   0000000000000000 3ff0000000000000
0x00007f0c18216400:   0000000000000000 00007f0c58c238bd
0x00007f0c18216410:   00007f0c18216480 00007f0c6005a01c
0x00007f0c18216420:   0000000000000001 00007f0c6005a000
0x00007f0c18216430:   00007f0c64c4ce30 00007f0c642ab610
0x00007f0c18216440:   00007f0c0400e000 00007f0c58c1f03f
0x00007f0c18216450:   000000000000013c 00007f0c5a789489
0x00007f0c18216460:   00007f0bf0000c90 00007f0bf0000c98
0x00007f0c18216470:   00007f0bf0000c98 00007f0bf0000b71
0x00007f0c18216480:   0000009e00000102 00007f0c64c4ce30
0x00007f0c18216490:   00007f0c64c4ce30 00007f0c64c4ce30
0x00007f0c182164a0:   00007f0c652bf5a0 0000000000000051
0x00007f0c182164b0:   00007f0c09e0ac90 00007f0c58c1f5bf
0x00007f0c182164c0:   00007f0c591e3af0 00007f0c6b39c4ec
0x00007f0c182164d0:   00007f0c591e5d10 0000000000000000
0x00007f0c182164e0:   000000000023a467 0009600000000001
0x00007f0c182164f0:   ffffffff00000001 00007f0c18216534 

Instructions: (pc=0x00007f0c58c5959d)
0x00007f0c58c5957d:   39 5d 08 0f 84 d2 01 00 00 8b 53 04 41 8b 74 24
0x00007f0c58c5958d:   3c 49 8b 4c 24 28 8b 03 0f af f2 48 8b 09 01 c6
0x00007f0c58c5959d:   66 83 3c 71 00 74 d4 48 63 8d 88 01 00 00 48 8b
0x00007f0c58c595ad:   7c 24 18 48 69 c9 d8 03 00 00 48 8d 74 0f 10 48 

Register to memory mapping:

RAX=0x0000000000000102 is an unknown value
RBX=0x00007f0bf0000c90 is an unknown value
RCX=0x00007f0bf0096cc0 is an unknown value
RDX=0x000000000000009e is an unknown value
RSP=0x00007f0c18216300 is pointing into the stack for thread: 0x00007f0c0400e000
RBP=0x00007f0c1b6d9e60 is an unknown value
RSI=0x00000000000063c2 is an unknown value
RDI=0x00007f0c1b6d9fe0 is an unknown value
R8 =0x0000000000000000 is an unknown value
R9 =0x0101010101010101 is an unknown value
R10=0x00007f0c1b798a21 is an unknown value
R11=0x00007f0c6c450c9c: <offset 0x8bc9c> in /lib/x86_64-linux-gnu/libc.so.6 at 0x00007f0c6c3c5000
R12=0x00007f0c591fbd88: <offset 0x62dd88> in /usr/lib/libXnVFeatures_1_5_2.so at 0x00007f0c58bce000
R13=0x00007f0c18216460 is pointing into the stack for thread: 0x00007f0c0400e000
R14=0x00007f0c1a749050 is an unknown value
R15=0x0000000000000000 is an unknown value


Stack: [0x00007f0c18117000,0x00007f0c18218000],  sp=0x00007f0c18216300,  free space=1020k
Native frames: (J=compiled Java code, j=interpreted, Vv=VM code, C=native code)
C  [libXnVFeatures_1_5_2.so+0x8b59d]  Segmentation::detectionByPoint(bool, std::vector<Vector2D<int>, std::allocator<Vector2D<int> > > const*)+0x8d

Java frames: (J=compiled Java code, j=interpreted, Vv=VM code)
j  org.OpenNI.NativeMethods.xnWaitAnyUpdateAll(J)I+0
j  org.OpenNI.Context.waitAnyUpdateAll()V+4
j  edu.seas.upenn.ese519.OverlayPanel.run()V+12
j  java.lang.Thread.run()V+11
v  ~StubRoutines::call_stub

---------------  P R O C E S S  ---------------

Java Threads: ( => current thread )
  0x00007f0c0400f800 JavaThread "Thread-4" [_thread_blocked, id=27595, stack(0x00007f0c18016000,0x00007f0c18117000)]
=>0x00007f0c0400e000 JavaThread "Thread-3" [_thread_in_native, id=27594, stack(0x00007f0c18117000,0x00007f0c18218000)]
  0x00007f0c0400c800 JavaThread "Thread-2" [_thread_blocked, id=27593, stack(0x00007f0c18218000,0x00007f0c18319000)]
  0x00007f0c0400b000 JavaThread "Thread-1" [_thread_blocked, id=27592, stack(0x00007f0c18319000,0x00007f0c1841a000)]
  0x00007f0c64007800 JavaThread "DestroyJavaVM" [_thread_blocked, id=27561, stack(0x00007f0c6ce9f000,0x00007f0c6cfa0000)]
  0x00007f0c09e22000 JavaThread "AWT-EventQueue-0" [_thread_blocked, id=27588, stack(0x00007f0c5006f000,0x00007f0c50170000)]
  0x00007f0c09e1e800 JavaThread "AWT-Shutdown" [_thread_blocked, id=27587, stack(0x00007f0c0e41f000,0x00007f0c0e520000)]
  0x00007f0c64284000 JavaThread "AWT-XAWT" daemon [_thread_in_native, id=27576, stack(0x00007f0c5abdb000,0x00007f0c5acdc000)]
  0x00007f0c64130800 JavaThread "Java2D Disposer" daemon [_thread_blocked, id=27574, stack(0x00007f0c60082000,0x00007f0c60183000)]
  0x00007f0c6409e000 JavaThread "Low Memory Detector" daemon [_thread_blocked, id=27572, stack(0x00007f0c60eff000,0x00007f0c61000000)]
  0x00007f0c6409b800 JavaThread "C2 CompilerThread1" daemon [_thread_blocked, id=27571, stack(0x00007f0c680c7000,0x00007f0c681c8000)]
  0x00007f0c64098800 JavaThread "C2 CompilerThread0" daemon [_thread_blocked, id=27570, stack(0x00007f0c681c8000,0x00007f0c682c9000)]
  0x00007f0c64097800 JavaThread "Signal Dispatcher" daemon [_thread_blocked, id=27569, stack(0x00007f0c682c9000,0x00007f0c683ca000)]
  0x00007f0c64078000 JavaThread "Finalizer" daemon [_thread_blocked, id=27568, stack(0x00007f0c6883e000,0x00007f0c6893f000)]
  0x00007f0c64076000 JavaThread "Reference Handler" daemon [_thread_blocked, id=27567, stack(0x00007f0c6893f000,0x00007f0c68a40000)]

Other Threads:
  0x00007f0c6406f000 VMThread [stack: 0x00007f0c68a40000,0x00007f0c68b41000] [id=27566]
  0x00007f0c640a8800 WatcherThread [stack: 0x00007f0c60dfe000,0x00007f0c60eff000] [id=27573]

VM state:not at safepoint (normal execution)

VM Mutex/Monitor currently owned by a thread: None

Heap
 PSYoungGen      total 36736K, used 9338K [0x00000007d6f60000, 0x00000007d9860000, 0x0000000800000000)
  eden space 31488K, 29% used [0x00000007d6f60000,0x00000007d787eb90,0x00000007d8e20000)
  from space 5248K, 0% used [0x00000007d9340000,0x00000007d9340000,0x00000007d9860000)
  to   space 5248K, 0% used [0x00000007d8e20000,0x00000007d8e20000,0x00000007d9340000)
 PSOldGen        total 84032K, used 0K [0x0000000784e00000, 0x000000078a010000, 0x00000007d6f60000)
  object space 84032K, 0% used [0x0000000784e00000,0x0000000784e00000,0x000000078a010000)
 PSPermGen       total 21248K, used 12919K [0x000000077a800000, 0x000000077bcc0000, 0x0000000784e00000)
  object space 21248K, 60% used [0x000000077a800000,0x000000077b49ddd0,0x000000077bcc0000)

Code Cache  [0x00007f0c61000000, 0x00007f0c61270000, 0x00007f0c64000000)
 total_blobs=477 nmethods=28 adapters=404 free_code_cache=49731840 largest_free_block=6336

Dynamic libraries:
00400000-00409000 r-xp 00000000 07:00 2884059                            /usr/lib/jvm/java-6-openjdk-amd64/jre/bin/java
00608000-00609000 r--p 00008000 07:00 2884059                            /usr/lib/jvm/java-6-openjdk-amd64/jre/bin/java
00609000-0060a000 rw-p 00009000 07:00 2884059                            /usr/lib/jvm/java-6-openjdk-amd64/jre/bin/java
01c99000-01cba000 rw-p 00000000 00:00 0                                  [heap]
77a800000-77bcc0000 rw-p 00000000 00:00 0 
77bcc0000-784e00000 rw-p 00000000 00:00 0 
784e00000-78a010000 rw-p 00000000 00:00 0 
78a010000-7d6f60000 rw-p 00000000 00:00 0 
7d6f60000-7d9860000 rw-p 00000000 00:00 0 
7d9860000-800000000 rw-p 00000000 00:00 0 
7f0bf0000000-7f0bf0188000 rw-p 00000000 00:00 0 
7f0bf0188000-7f0bf4000000 ---p 00000000 00:00 0 
7f0bf4000000-7f0bf4021000 rw-p 00000000 00:00 0 
7f0bf4021000-7f0bf8000000 ---p 00000000 00:00 0 
7f0bf8000000-7f0bf8021000 rw-p 00000000 00:00 0 
7f0bf8021000-7f0bfc000000 ---p 00000000 00:00 0 
7f0bfc000000-7f0bfc021000 rw-p 00000000 00:00 0 
7f0bfc021000-7f0c00000000 ---p 00000000 00:00 0 
7f0c00000000-7f0c00021000 rw-p 00000000 00:00 0 
7f0c00021000-7f0c04000000 ---p 00000000 00:00 0 
7f0c04000000-7f0c04021000 rw-p 00000000 00:00 0 
7f0c04021000-7f0c08000000 ---p 00000000 00:00 0 
7f0c08000000-7f0c09e98000 rw-p 00000000 00:00 0 
7f0c09e98000-7f0c0c000000 ---p 00000000 00:00 0 
7f0c0e41f000-7f0c0e422000 ---p 00000000 00:00 0 
7f0c0e422000-7f0c0e520000 rwxp 00000000 00:00 0 
7f0c0e520000-7f0c0e603000 rw-p 00000000 00:00 0 
7f0c0e603000-7f0c0fc83000 r--s 00000000 00:12 1375464                    /run/shm/27578_045e.02ae@1.52_Image
7f0c0fc83000-7f0c14000000 rw-p 00000000 00:00 0 
7f0c14000000-7f0c14029000 rw-p 00000000 00:00 0 
7f0c14029000-7f0c18000000 ---p 00000000 00:00 0 
7f0c18016000-7f0c18019000 ---p 00000000 00:00 0 
7f0c18019000-7f0c18117000 rwxp 00000000 00:00 0 
7f0c18117000-7f0c1811a000 ---p 00000000 00:00 0 
7f0c1811a000-7f0c18218000 rwxp 00000000 00:00 0 
7f0c18218000-7f0c1821b000 ---p 00000000 00:00 0 
7f0c1821b000-7f0c18319000 rwxp 00000000 00:00 0 
7f0c18319000-7f0c1831c000 ---p 00000000 00:00 0 
7f0c1831c000-7f0c1841a000 rwxp 00000000 00:00 0 
7f0c1841a000-7f0c18422000 r-xp 00000000 07:00 2884097                    /usr/lib/jvm/java-6-openjdk-amd64/jre/lib/amd64/libnio.so
7f0c18422000-7f0c18621000 ---p 00008000 07:00 2884097                    /usr/lib/jvm/java-6-openjdk-amd64/jre/lib/amd64/libnio.so
7f0c18621000-7f0c18622000 r--p 00007000 07:00 2884097                    /usr/lib/jvm/java-6-openjdk-amd64/jre/lib/amd64/libnio.so
7f0c18622000-7f0c18623000 rw-p 00008000 07:00 2884097                    /usr/lib/jvm/java-6-openjdk-amd64/jre/lib/amd64/libnio.so
7f0c18623000-7f0c18638000 r-xp 00000000 07:00 2884096                    /usr/lib/jvm/java-6-openjdk-amd64/jre/lib/amd64/libnet.so
7f0c18638000-7f0c18837000 ---p 00015000 07:00 2884096                    /usr/lib/jvm/java-6-openjdk-amd64/jre/lib/amd64/libnet.so
7f0c18837000-7f0c18838000 r--p 00014000 07:00 2884096                    /usr/lib/jvm/java-6-openjdk-amd64/jre/lib/amd64/libnet.so
7f0c18838000-7f0c18839000 rw-p 00015000 07:00 2884096                    /usr/lib/jvm/java-6-openjdk-amd64/jre/lib/amd64/libnet.so
7f0c18839000-7f0c18c9a000 rw-p 00000000 00:00 0 
7f0c18c9b000-7f0c1b7cb000 rw-p 00000000 00:00 0 
7f0c1b7cb000-7f0c1bed3000 r--s 00000000 00:12 1375462                    /run/shm/27578_045e.02ae@1.52_Depth
7f0c1bed3000-7f0c1c000000 rw-p 00000000 00:00 0 
7f0c1c000000-7f0c1c021000 rw-p 00000000 00:00 0 
7f0c1c021000-7f0c20000000 ---p 00000000 00:00 0 
7f0c20000000-7f0c20026000 rw-p 00000000 00:00 0 
7f0c20026000-7f0c24000000 ---p 00000000 00:00 0 
7f0c24000000-7f0c24021000 rw-p 00000000 00:00 0 
7f0c24021000-7f0c28000000 ---p 00000000 00:00 0 
7f0c28000000-7f0c28021000 rw-p 00000000 00:00 0 
7f0c28021000-7f0c2c000000 ---p 00000000 00:00 0 
7f0c2c000000-7f0c2c317000 rw-p 00000000 00:00 0 
7f0c2c317000-7f0c30000000 ---p 00000000 00:00 0 
7f0c30000000-7f0c30021000 rw-p 00000000 00:00 0 
7f0c30021000-7f0c34000000 ---p 00000000 00:00 0 
7f0c34000000-7f0c34021000 rw-p 00000000 00:00 0 
7f0c34021000-7f0c38000000 ---p 00000000 00:00 0 
7f0c38000000-7f0c3835e000 rw-p 00000000 00:00 0 
7f0c3835e000-7f0c3c000000 ---p 00000000 00:00 0 
7f0c3c000000-7f0c3c021000 rw-p 00000000 00:00 0 
7f0c3c021000-7f0c40000000 ---p 00000000 00:00 0 
7f0c40000000-7f0c40021000 rw-p 00000000 00:00 0 
7f0c40021000-7f0c44000000 ---p 00000000 00:00 0 
7f0c44000000-7f0c44021000 rw-p 00000000 00:00 0 
7f0c44021000-7f0c48000000 ---p 00000000 00:00 0 
7f0c48000000-7f0c48021000 rw-p 00000000 00:00 0 
7f0c48021000-7f0c4c000000 ---p 00000000 00:00 0 
7f0c4c000000-7f0c4c021000 rw-p 00000000 00:00 0 
7f0c4c021000-7f0c50000000 ---p 00000000 00:00 0 
7f0c5006f000-7f0c50072000 ---p 00000000 00:00 0 
7f0c50072000-7f0c50170000 rwxp 00000000 00:00 0 
7f0c50170000-7f0c5117a000 rw-p 00000000 00:00 0 
7f0c5117a000-7f0c5117b000 ---p 00000000 00:00 0 
7f0c5117b000-7f0c5197b000 rwxp 00000000 00:00 0 
7f0c5197b000-7f0c5206f000 rw-p 00000000 00:00 0 
7f0c5206f000-7f0c52777000 r--s 00000000 00:12 1375462                    /run/shm/27578_045e.02ae@1.52_Depth
7f0c52777000-7f0c528a4000 rw-p 00000000 00:00 0 
7f0c528a4000-7f0c528a5000 ---p 00000000 00:00 0 
7f0c528a5000-7f0c530a5000 rwxp 00000000 00:00 0 
7f0c530a5000-7f0c534a6000 rw-p 00000000 00:00 0 
7f0c534a6000-7f0c534cd000 r-xp 00000000 07:00 2759918                    /usr/lib/libXnDeviceFile.so
7f0c534cd000-7f0c536cd000 ---p 00027000 07:00 2759918                    /usr/lib/libXnDeviceFile.so
7f0c536cd000-7f0c536cf000 r--p 00027000 07:00 2759918                    /usr/lib/libXnDeviceFile.so
7f0c536cf000-7f0c536d0000 rw-p 00029000 07:00 2759918                    /usr/lib/libXnDeviceFile.so
7f0c536d0000-7f0c53718000 r-xp 00000000 07:00 2759917                    /usr/lib/libXnDDK.so
7f0c53718000-7f0c53918000 ---p 00048000 07:00 2759917                    /usr/lib/libXnDDK.so
7f0c53918000-7f0c5391b000 r--p 00048000 07:00 2759917                    /usr/lib/libXnDDK.so
7f0c5391b000-7f0c5391d000 rw-p 0004b000 07:00 2759917                    /usr/lib/libXnDDK.so
7f0c5391d000-7f0c53941000 r-xp 00000000 07:00 2759920                    /usr/lib/libXnFormats.so
7f0c53941000-7f0c53b41000 ---p 00024000 07:00 2759920                    /usr/lib/libXnFormats.so
7f0c53b41000-7f0c53b42000 r--p 00024000 07:00 2759920                    /usr/lib/libXnFormats.so
7f0c53b42000-7f0c53b43000 rw-p 00025000 07:00 2759920                    /usr/lib/libXnFormats.so
7f0c53b43000-7f0c53b63000 rw-p 00000000 00:00 0 
7f0c53b63000-7f0c53b66000 r-xp 00000000 07:00 2759916                    /usr/lib/libXnCore.so
7f0c53b66000-7f0c53d65000 ---p 00003000 07:00 2759916                    /usr/lib/libXnCore.so
7f0c53d65000-7f0c53d66000 r--p 00002000 07:00 2759916                    /usr/lib/libXnCore.so
7f0c53d66000-7f0c53d67000 rw-p 00003000 07:00 2759916                    /usr/lib/libXnCore.so
7f0c53d67000-7f0c53df0000 r-xp 00000000 07:00 2759919                    /usr/lib/libXnDeviceSensorV2KM.so
7f0c53df0000-7f0c53fef000 ---p 00089000 07:00 2759919                    /usr/lib/libXnDeviceSensorV2KM.so
7f0c53fef000-7f0c53fff000 r--p 00088000 07:00 2759919                    /usr/lib/libXnDeviceSensorV2KM.so
7f0c53fff000-7f0c54000000 rw-p 00098000 07:00 2759919                    /usr/lib/libXnDeviceSensorV2KM.so
7f0c54000000-7f0c54021000 rw-p 00000000 00:00 0 
7f0c54021000-7f0c58000000 ---p 00000000 00:00 0 
7f0c5801b000-7f0c5810f000 r-xp 00000000 07:00 2759934                    /usr/lib/libXnVHandGenerator_1_5_2.so
7f0c5810f000-7f0c5830e000 ---p 000f4000 07:00 2759934                    /usr/lib/libXnVHandGenerator_1_5_2.so
7f0c5830e000-7f0c58313000 r--p 000f3000 07:00 2759934                    /usr/lib/libXnVHandGenerator_1_5_2.so
7f0c58313000-7f0c58314000 rw-p 000f8000 07:00 2759934                    /usr/lib/libXnVHandGenerator_1_5_2.so
7f0c58314000-7f0c58322000 rw-p 00000000 00:00 0 
7f0c58322000-7f0c583fa000 r-xp 00000000 07:00 2759933                    /usr/lib/libXnVHandGenerator_1_4_2.so
7f0c583fa000-7f0c585f9000 ---p 000d8000 07:00 2759933                    /usr/lib/libXnVHandGenerator_1_4_2.so
7f0c585f9000-7f0c585fe000 r--p 000d7000 07:00 2759933                    /usr/lib/libXnVHandGenerator_1_4_2.so
7f0c585fe000-7f0c585ff000 rw-p 000dc000 07:00 2759933                    /usr/lib/libXnVHandGenerator_1_4_2.so
7f0c585ff000-7f0c58602000 rw-p 00000000 00:00 0 
7f0c58602000-7f0c586da000 r-xp 00000000 07:00 2759932                    /usr/lib/libXnVHandGenerator_1_4_1.so
7f0c586da000-7f0c588d9000 ---p 000d8000 07:00 2759932                    /usr/lib/libXnVHandGenerator_1_4_1.so
7f0c588d9000-7f0c588de000 r--p 000d7000 07:00 2759932                    /usr/lib/libXnVHandGenerator_1_4_1.so
7f0c588de000-7f0c588df000 rw-p 000dc000 07:00 2759932                    /usr/lib/libXnVHandGenerator_1_4_1.so
7f0c588df000-7f0c588e2000 rw-p 00000000 00:00 0 
7f0c588e2000-7f0c589c5000 r-xp 00000000 07:00 2759931                    /usr/lib/libXnVHandGenerator_1_3_1.so
7f0c589c5000-7f0c58bc5000 ---p 000e3000 07:00 2759931                    /usr/lib/libXnVHandGenerator_1_3_1.so
7f0c58bc5000-7f0c58bca000 r--p 000e3000 07:00 2759931                    /usr/lib/libXnVHandGenerator_1_3_1.so
7f0c58bca000-7f0c58bcb000 rw-p 000e8000 07:00 2759931                    /usr/lib/libXnVHandGenerator_1_3_1.so
7f0c58bcb000-7f0c58bce000 rw-p 00000000 00:00 0 
7f0c58bce000-7f0c58fe3000 r-xp 00000000 07:00 2759929                    /usr/lib/libXnVFeatures_1_5_2.so
7f0c58fe3000-7f0c591e3000 ---p 00415000 07:00 2759929                    /usr/lib/libXnVFeatures_1_5_2.so
7f0c591e3000-7f0c591f4000 r--p 00415000 07:00 2759929                    /usr/lib/libXnVFeatures_1_5_2.so
7f0c591f4000-7f0c591f6000 rw-p 00426000 07:00 2759929                    /usr/lib/libXnVFeatures_1_5_2.so
7f0c591f6000-7f0c5920b000 rw-p 00000000 00:00 0 
7f0c5920b000-7f0c59402000 r-xp 00000000 07:00 2759928                    /usr/lib/libXnVFeatures_1_4_2.so
7f0c59402000-7f0c59601000 ---p 001f7000 07:00 2759928                    /usr/lib/libXnVFeatures_1_4_2.so
7f0c59601000-7f0c59607000 r--p 001f6000 07:00 2759928                    /usr/lib/libXnVFeatures_1_4_2.so
7f0c59607000-7f0c59608000 rw-p 001fc000 07:00 2759928                    /usr/lib/libXnVFeatures_1_4_2.so
7f0c59608000-7f0c5960e000 rw-p 00000000 00:00 0 
7f0c5960e000-7f0c59805000 r-xp 00000000 07:00 2759927                    /usr/lib/libXnVFeatures_1_4_1.so
7f0c59805000-7f0c59a04000 ---p 001f7000 07:00 2759927                    /usr/lib/libXnVFeatures_1_4_1.so
7f0c59a04000-7f0c59a0a000 r--p 001f6000 07:00 2759927                    /usr/lib/libXnVFeatures_1_4_1.so
7f0c59a0a000-7f0c59a0b000 rw-p 001fc000 07:00 2759927                    /usr/lib/libXnVFeatures_1_4_1.so
7f0c59a0b000-7f0c59a11000 rw-p 00000000 00:00 0 
7f0c59a11000-7f0c59c56000 r-xp 00000000 07:00 2759926                    /usr/lib/libXnVFeatures_1_3_1.so
7f0c59c56000-7f0c59e56000 ---p 00245000 07:00 2759926                    /usr/lib/libXnVFeatures_1_3_1.so
7f0c59e56000-7f0c59e5c000 r--p 00245000 07:00 2759926                    /usr/lib/libXnVFeatures_1_3_1.so
7f0c59e5c000-7f0c59e5d000 rw-p 0024b000 07:00 2759926                    /usr/lib/libXnVFeatures_1_3_1.so
7f0c59e5d000-7f0c59e64000 rw-p 00000000 00:00 0 
7f0c59e64000-7f0c59e82000 r-xp 00000000 07:00 2760368                    /usr/lib/libnimRecorder.so
7f0c59e82000-7f0c5a081000 ---p 0001e000 07:00 2760368                    /usr/lib/libnimRecorder.so
7f0c5a081000-7f0c5a083000 r--p 0001d000 07:00 2760368                    /usr/lib/libnimRecorder.so
7f0c5a083000-7f0c5a084000 rw-p 0001f000 07:00 2760368                    /usr/lib/libnimRecorder.so
7f0c5a084000-7f0c5a0ba000 r-xp 00000000 07:00 2760366                    /usr/lib/libnimCodecs.so
7f0c5a0ba000-7f0c5a2ba000 ---p 00036000 07:00 2760366                    /usr/lib/libnimCodecs.so
7f0c5a2ba000-7f0c5a2bd000 r--p 00036000 07:00 2760366                    /usr/lib/libnimCodecs.so
7f0c5a2bd000-7f0c5a2be000 rw-p 00039000 07:00 2760366                    /usr/lib/libnimCodecs.so
7f0c5a2be000-7f0c5a2de000 rw-p 00000000 00:00 0 
7f0c5a2de000-7f0c5a315000 r-xp 00000000 07:00 2760367                    /usr/lib/libnimMockNodes.so
7f0c5a315000-7f0c5a514000 ---p 00037000 07:00 2760367                    /usr/lib/libnimMockNodes.so
7f0c5a514000-7f0c5a521000 r--p 00036000 07:00 2760367                    /usr/lib/libnimMockNodes.so
7f0c5a521000-7f0c5a522000 rw-p 00043000 07:00 2760367                    /usr/lib/libnimMockNodes.so
7f0c5a522000-7f0c5a530000 r-xp 00000000 07:00 136665                     /lib/x86_64-linux-gnu/libusb-1.0.so.0.1.0
7f0c5a530000-7f0c5a72f000 ---p 0000e000 07:00 136665                     /lib/x86_64-linux-gnu/libusb-1.0.so.0.1.0
7f0c5a72f000-7f0c5a730000 r--p 0000d000 07:00 136665                     /lib/x86_64-linux-gnu/libusb-1.0.so.0.1.0
7f0c5a730000-7f0c5a731000 rw-p 0000e000 07:00 136665                     /lib/x86_64-linux-gnu/libusb-1.0.so.0.1.0
7f0c5a731000-7f0c5a7ae000 r-xp 00000000 07:00 2759909                    /usr/lib/libOpenNI.so
7f0c5a7ae000-7f0c5a9ad000 ---p 0007d000 07:00 2759909                    /usr/lib/libOpenNI.so
7f0c5a9ad000-7f0c5a9b0000 r--p 0007c000 07:00 2759909                    /usr/lib/libOpenNI.so
7f0c5a9b0000-7f0c5a9b3000 rw-p 0007f000 07:00 2759909                    /usr/lib/libOpenNI.so
7f0c5a9b3000-7f0c5a9b4000 rw-p 00000000 00:00 0 
7f0c5a9b4000-7f0c5a9d8000 r-xp 00000000 07:00 2759908                    /usr/lib/libOpenNI.jni.so
7f0c5a9d8000-7f0c5abd7000 ---p 00024000 07:00 2759908                    /usr/lib/libOpenNI.jni.so
7f0c5abd7000-7f0c5abd8000 r--p 00023000 07:00 2759908                    /usr/lib/libOpenNI.jni.so
7f0c5abd8000-7f0c5abdb000 rw-p 00024000 07:00 2759908                    /usr/lib/libOpenNI.jni.so
7f0c5abdb000-7f0c5acdc000 rwxp 00000000 00:00 0 
7f0c5acdc000-7f0c5ace1000 r-xp 00000000 07:00 2766745                    /usr/lib/x86_64-linux-gnu/libXfixes.so.3.1.0
7f0c5ace1000-7f0c5aee0000 ---p 00005000 07:00 2766745                    /usr/lib/x86_64-linux-gnu/libXfixes.so.3.1.0
7f0c5aee0000-7f0c5aee1000 r--p 00004000 07:00 2766745                    /usr/lib/x86_64-linux-gnu/libXfixes.so.3.1.0
7f0c5aee1000-7f0c5aee2000 rw-p 00005000 07:00 2766745                    /usr/lib/x86_64-linux-gnu/libXfixes.so.3.1.0
7f0c5aee2000-7f0c5aeeb000 r-xp 00000000 07:00 2766737                    /usr/lib/x86_64-linux-gnu/libXcursor.so.1.0.2
7f0c5aeeb000-7f0c5b0ea000 ---p 00009000 07:00 2766737                    /usr/lib/x86_64-linux-gnu/libXcursor.so.1.0.2
7f0c5b0ea000-7f0c5b0eb000 r--p 00008000 07:00 2766737                    /usr/lib/x86_64-linux-gnu/libXcursor.so.1.0.2
7f0c5b0eb000-7f0c5b0ec000 rw-p 00009000 07:00 2766737                    /usr/lib/x86_64-linux-gnu/libXcursor.so.1.0.2
7f0c5b0ec000-7f0c5b182000 r-xp 00000000 07:00 2767280                    /usr/lib/x86_64-linux-gnu/libfreetype.so.6.8.0
7f0c5b182000-7f0c5b381000 ---p 00096000 07:00 2767280                    /usr/lib/x86_64-linux-gnu/libfreetype.so.6.8.0
7f0c5b381000-7f0c5b387000 r--p 00095000 07:00 2767280                    /usr/lib/x86_64-linux-gnu/libfreetype.so.6.8.0
7f0c5b387000-7f0c5b388000 rw-p 0009b000 07:00 2767280                    /usr/lib/x86_64-linux-gnu/libfreetype.so.6.8.0
7f0c5b388000-7f0c5b3c2000 r-xp 00000000 07:00 2884078                    /usr/lib/jvm/java-6-openjdk-amd64/jre/lib/amd64/libfontmanager.so
7f0c5b3c2000-7f0c5b5c1000 ---p 0003a000 07:00 2884078                    /usr/lib/jvm/java-6-openjdk-amd64/jre/lib/amd64/libfontmanager.so
7f0c5b5c1000-7f0c5b5c3000 r--p 00039000 07:00 2884078                    /usr/lib/jvm/java-6-openjdk-amd64/jre/lib/amd64/libfontmanager.so
7f0c5b5c3000-7f0c5b5c4000 rw-p 0003b000 07:00 2884078                    /usr/lib/jvm/java-6-openjdk-amd64/jre/lib/amd64/libfontmanager.so
7f0c5b5c4000-7f0c5b5c9000 r-xp 00000000 07:00 2766741                    /usr/lib/x86_64-linux-gnu/libXdmcp.so.6.0.0
7f0c5b5c9000-7f0c5b7c8000 ---p 00005000 07:00 2766741                    /usr/lib/x86_64-linux-gnu/libXdmcp.so.6.0.0
7f0c5b7c8000-7f0c5b7c9000 r--p 00004000 07:00 2766741                    /usr/lib/x86_64-linux-gnu/libXdmcp.so.6.0.0
7f0c5b7c9000-7f0c5b7ca000 rw-p 00005000 07:00 2766741                    /usr/lib/x86_64-linux-gnu/libXdmcp.so.6.0.0
7f0c5b7ca000-7f0c5b7cc000 r-xp 00000000 07:00 2766732                    /usr/lib/x86_64-linux-gnu/libXau.so.6.0.0
7f0c5b7cc000-7f0c5b9cb000 ---p 00002000 07:00 2766732                    /usr/lib/x86_64-linux-gnu/libXau.so.6.0.0
7f0c5b9cb000-7f0c5b9cc000 r--p 00001000 07:00 2766732                    /usr/lib/x86_64-linux-gnu/libXau.so.6.0.0
7f0c5b9cc000-7f0c5b9cd000 rw-p 00002000 07:00 2766732                    /usr/lib/x86_64-linux-gnu/libXau.so.6.0.0
7f0c5b9cd000-7f0c5b9ea000 r-xp 00000000 07:00 2767626                    /usr/lib/x86_64-linux-gnu/libxcb.so.1.1.0
7f0c5b9ea000-7f0c5bbe9000 ---p 0001d000 07:00 2767626                    /usr/lib/x86_64-linux-gnu/libxcb.so.1.1.0
7f0c5bbe9000-7f0c5bbea000 r--p 0001c000 07:00 2767626                    /usr/lib/x86_64-linux-gnu/libxcb.so.1.1.0
7f0c5bbea000-7f0c5bbeb000 rw-p 0001d000 07:00 2767626                    /usr/lib/x86_64-linux-gnu/libxcb.so.1.1.0
7f0c5bbeb000-7f0c5bbf9000 r-xp 00000000 07:00 2766749                    /usr/lib/x86_64-linux-gnu/libXi.so.6.1.0
7f0c5bbf9000-7f0c5bdf8000 ---p 0000e000 07:00 2766749                    /usr/lib/x86_64-linux-gnu/libXi.so.6.1.0
7f0c5bdf8000-7f0c5bdf9000 r--p 0000d000 07:00 2766749                    /usr/lib/x86_64-linux-gnu/libXi.so.6.1.0
7f0c5bdf9000-7f0c5bdfa000 rw-p 0000e000 07:00 2766749                    /usr/lib/x86_64-linux-gnu/libXi.so.6.1.0
7f0c5bdfa000-7f0c5bdff000 r-xp 00000000 07:00 2766764                    /usr/lib/x86_64-linux-gnu/libXtst.so.6.1.0
7f0c5bdff000-7f0c5bffe000 ---p 00005000 07:00 2766764                    /usr/lib/x86_64-linux-gnu/libXtst.so.6.1.0
7f0c5bffe000-7f0c5bfff000 r--p 00004000 07:00 2766764                    /usr/lib/x86_64-linux-gnu/libXtst.so.6.1.0
7f0c5bfff000-7f0c5c000000 rw-p 00005000 07:00 2766764                    /usr/lib/x86_64-linux-gnu/libXtst.so.6.1.0
7f0c5c000000-7f0c5c021000 rw-p 00000000 00:00 0 
7f0c5c021000-7f0c60000000 ---p 00000000 00:00 0 
7f0c6005a000-7f0c6005b000 rw-s 00000000 00:12 1347094                    /run/shm/045e.02ae@1.52-SM
7f0c6005b000-7f0c6005f000 rw-s 00000000 00:04 1471184946                 /SYSV00000000 (deleted)
7f0c6005f000-7f0c60066000 r--s 000fb000 07:00 2884213                    /usr/lib/jvm/java-6-openjdk-common/jre/lib/resources.jar
7f0c60066000-7f0c60067000 r--s 00000000 07:00 2229118                    /var/cache/fontconfig/c05880de57d1f5e948fdfacc138775d9-le64.cache-3
7f0c60067000-7f0c60070000 r--s 00000000 07:00 2229112                    /var/cache/fontconfig/945677eb7aeaf62f1d50efc3fb3ec7d8-le64.cache-3
7f0c60070000-7f0c60074000 r--s 00000000 07:00 2229113                    /var/cache/fontconfig/99e8ed0e538f840c565b6ed5dad60d56-le64.cache-3
7f0c60074000-7f0c6007c000 r--s 00000000 07:00 2229114                    /var/cache/fontconfig/a6d8cf8e4ec09cdbc8633c31745a07dd-le64.cache-3
7f0c6007c000-7f0c60080000 r--s 00000000 07:00 2229098                    /var/cache/fontconfig/2cd17615ca594fa2959ae173292e504c-le64.cache-3
7f0c60080000-7f0c60081000 r--s 00000000 07:00 2229126                    /var/cache/fontconfig/e7071f4a29fa870f4323321c154eba04-le64.cache-3
7f0c60081000-7f0c60082000 r--s 00000000 07:00 2229096                    /var/cache/fontconfig/0d8c3b2ac0904cb8a57a757ad11a4a08-le64.cache-3
7f0c60082000-7f0c60183000 rwxp 00000000 00:00 0 
7f0c60183000-7f0c6018c000 r-xp 00000000 07:00 2766760                    /usr/lib/x86_64-linux-gnu/libXrender.so.1.3.0
7f0c6018c000-7f0c6038b000 ---p 00009000 07:00 2766760                    /usr/lib/x86_64-linux-gnu/libXrender.so.1.3.0
7f0c6038b000-7f0c6038c000 r--p 00008000 07:00 2766760                    /usr/lib/x86_64-linux-gnu/libXrender.so.1.3.0
7f0c6038c000-7f0c6038d000 rw-p 00009000 07:00 2766760                    /usr/lib/x86_64-linux-gnu/libXrender.so.1.3.0
7f0c6038d000-7f0c604bc000 r-xp 00000000 07:00 2766730                    /usr/lib/x86_64-linux-gnu/libX11.so.6.3.0
7f0c604bc000-7f0c606bc000 ---p 0012f000 07:00 2766730                    /usr/lib/x86_64-linux-gnu/libX11.so.6.3.0
7f0c606bc000-7f0c606bd000 r--p 0012f000 07:00 2766730                    /usr/lib/x86_64-linux-gnu/libX11.so.6.3.0
7f0c606bd000-7f0c606c1000 rw-p 00130000 07:00 2766730                    /usr/lib/x86_64-linux-gnu/libX11.so.6.3.0
7f0c606c1000-7f0c606d1000 r-xp 00000000 07:00 2766743                    /usr/lib/x86_64-linux-gnu/libXext.so.6.4.0
7f0c606d1000-7f0c608d0000 ---p 00010000 07:00 2766743                    /usr/lib/x86_64-linux-gnu/libXext.so.6.4.0
7f0c608d0000-7f0c608d1000 r--p 0000f000 07:00 2766743                    /usr/lib/x86_64-linux-gnu/libXext.so.6.4.0
7f0c608d1000-7f0c608d2000 rw-p 00010000 07:00 2766743                    /usr/lib/x86_64-linux-gnu/libXext.so.6.4.0
7f0c608d2000-7f0c6091d000 r-xp 00000000 07:00 2884115                    /usr/lib/jvm/java-6-openjdk-amd64/jre/lib/amd64/xawt/libmawt.so
7f0c6091d000-7f0c60b1d000 ---p 0004b000 07:00 2884115                    /usr/lib/jvm/java-6-openjdk-amd64/jre/lib/amd64/xawt/libmawt.so
7f0c60b1d000-7f0c60b1e000 r--p 0004b000 07:00 2884115                    /usr/lib/jvm/java-6-openjdk-amd64/jre/lib/amd64/xawt/libmawt.so
7f0c60b1e000-7f0c60b21000 rw-p 0004c000 07:00 2884115                    /usr/lib/jvm/java-6-openjdk-amd64/jre/lib/amd64/xawt/libmawt.so
7f0c60b21000-7f0c60b22000 rw-p 00000000 00:00 0 
7f0c60b22000-7f0c60bce000 r-xp 00000000 07:00 2884076                    /usr/lib/jvm/java-6-openjdk-amd64/jre/lib/amd64/libawt.so
7f0c60bce000-7f0c60dcd000 ---p 000ac000 07:00 2884076                    /usr/lib/jvm/java-6-openjdk-amd64/jre/lib/amd64/libawt.so
7f0c60dcd000-7f0c60dce000 r--p 000ab000 07:00 2884076                    /usr/lib/jvm/java-6-openjdk-amd64/jre/lib/amd64/libawt.so
7f0c60dce000-7f0c60dd9000 rw-p 000ac000 07:00 2884076                    /usr/lib/jvm/java-6-openjdk-amd64/jre/lib/amd64/libawt.so
7f0c60dd9000-7f0c60dfe000 rw-p 00000000 00:00 0 
7f0c60dfe000-7f0c60dff000 ---p 00000000 00:00 0 
7f0c60dff000-7f0c61270000 rwxp 00000000 00:00 0 
7f0c61270000-7f0c68000000 rw-p 00000000 00:00 0 
7f0c68000000-7f0c68006000 r--s 00000000 07:00 2229115                    /var/cache/fontconfig/a755afe4a08bf5b97852ceb7400b47bc-le64.cache-3
7f0c68006000-7f0c6800f000 r--s 00000000 07:00 2229107                    /var/cache/fontconfig/6d41288fd70b0be22e8c3a91e032eec0-le64.cache-3
7f0c6800f000-7f0c6801f000 r--s 00000000 07:00 2229094                    /var/cache/fontconfig/04aabc0a78ac019cf9454389977116d2-le64.cache-3
7f0c6801f000-7f0c68022000 r--s 00000000 07:00 2229101                    /var/cache/fontconfig/385c0604a188198f04d133e54aba7fe7-le64.cache-3
7f0c68022000-7f0c68023000 r--s 00000000 07:00 2229102                    /var/cache/fontconfig/4794a0821666d79190d59a36cb4f44b5-le64.cache-3
7f0c68023000-7f0c68026000 r--s 00000000 07:00 2229111                    /var/cache/fontconfig/8801497958630a81b71ace7c5f9b32a8-le64.cache-3
7f0c68026000-7f0c6802b000 r--s 00000000 07:00 2229099                    /var/cache/fontconfig/3047814df9a2f067bd2d96a2b9c36e5a-le64.cache-3
7f0c6802b000-7f0c6802c000 r--s 00000000 07:00 2229104                    /var/cache/fontconfig/56cf4f4769d0f4abc89a4895d7bd3ae1-le64.cache-3
7f0c6802c000-7f0c68031000 r--s 00000000 07:00 2229116                    /var/cache/fontconfig/b47c4e1ecd0709278f4910c18777a504-le64.cache-3
7f0c68031000-7f0c68041000 r--s 00000000 07:00 2229122                    /var/cache/fontconfig/d52a8644073d54c13679302ca1180695-le64.cache-3
7f0c68041000-7f0c6804d000 r--s 00000000 07:00 2229095                    /var/cache/fontconfig/089dead882dea3570ffc31a9898cfb69-le64.cache-3
7f0c6804d000-7f0c68060000 r--s 00000000 07:00 2229124                    /var/cache/fontconfig/e13b20fdb08344e0e664864cc2ede53d-le64.cache-3
7f0c68060000-7f0c68064000 r--s 00000000 07:00 2229109                    /var/cache/fontconfig/7ef2298fde41cc6eeb7af42e48b7d293-le64.cache-3
7f0c68064000-7f0c68065000 r--s 00000000 07:00 2229118                    /var/cache/fontconfig/c05880de57d1f5e948fdfacc138775d9-le64.cache-3
7f0c68065000-7f0c6806e000 r--s 00000000 07:00 2229112                    /var/cache/fontconfig/945677eb7aeaf62f1d50efc3fb3ec7d8-le64.cache-3
7f0c6806e000-7f0c68072000 r--s 00000000 07:00 2229113                    /var/cache/fontconfig/99e8ed0e538f840c565b6ed5dad60d56-le64.cache-3
7f0c68072000-7f0c6807a000 r--s 00000000 07:00 2229114                    /var/cache/fontconfig/a6d8cf8e4ec09cdbc8633c31745a07dd-le64.cache-3
7f0c6807a000-7f0c6807e000 r--s 00000000 07:00 2229098                    /var/cache/fontconfig/2cd17615ca594fa2959ae173292e504c-le64.cache-3
7f0c6807e000-7f0c6807f000 r--s 00000000 07:00 2229126                    /var/cache/fontconfig/e7071f4a29fa870f4323321c154eba04-le64.cache-3
7f0c6807f000-7f0c68080000 r--s 00000000 07:00 2229096                    /var/cache/fontconfig/0d8c3b2ac0904cb8a57a757ad11a4a08-le64.cache-3
7f0c68080000-7f0c68086000 r--s 00000000 07:00 2229115                    /var/cache/fontconfig/a755afe4a08bf5b97852ceb7400b47bc-le64.cache-3
7f0c68086000-7f0c6808f000 r--s 00000000 07:00 2229107                    /var/cache/fontconfig/6d41288fd70b0be22e8c3a91e032eec0-le64.cache-3
7f0c6808f000-7f0c6809f000 r--s 00000000 07:00 2229094                    /var/cache/fontconfig/04aabc0a78ac019cf9454389977116d2-le64.cache-3
7f0c6809f000-7f0c680a2000 r--s 00000000 07:00 2229101                    /var/cache/fontconfig/385c0604a188198f04d133e54aba7fe7-le64.cache-3
7f0c680a2000-7f0c680a3000 r--s 00000000 07:00 2229102                    /var/cache/fontconfig/4794a0821666d79190d59a36cb4f44b5-le64.cache-3
7f0c680a3000-7f0c680a6000 r--s 00000000 07:00 2229111                    /var/cache/fontconfig/8801497958630a81b71ace7c5f9b32a8-le64.cache-3
7f0c680a6000-7f0c680ab000 r--s 00000000 07:00 2229099                    /var/cache/fontconfig/3047814df9a2f067bd2d96a2b9c36e5a-le64.cache-3
7f0c680ab000-7f0c680bb000 r--s 00000000 07:00 2229122                    /var/cache/fontconfig/d52a8644073d54c13679302ca1180695-le64.cache-3
7f0c680bb000-7f0c680c7000 r--s 00000000 07:00 2229095                    /var/cache/fontconfig/089dead882dea3570ffc31a9898cfb69-le64.cache-3
7f0c680c7000-7f0c680c8000 ---p 00000000 00:00 0 
7f0c680c8000-7f0c681c8000 rwxp 00000000 00:00 0 
7f0c681c8000-7f0c681c9000 ---p 00000000 00:00 0 
7f0c681c9000-7f0c683ca000 rwxp 00000000 00:00 0 
7f0c683ca000-7f0c6883e000 r--p 00000000 07:00 2765053                    /usr/lib/locale/locale-archive
7f0c6883e000-7f0c68a40000 rwxp 00000000 00:00 0 
7f0c68a40000-7f0c68a41000 ---p 00000000 00:00 0 
7f0c68a41000-7f0c68b41000 rwxp 00000000 00:00 0 
7f0c68b41000-7f0c69079000 rw-p 00000000 00:00 0 
7f0c69079000-7f0c6920b000 r--s 037c2000 07:00 2884073                    /usr/lib/jvm/java-6-openjdk-amd64/jre/lib/rt.jar
7f0c6920b000-7f0c69233000 rw-p 00000000 00:00 0 
7f0c69233000-7f0c69234000 ---p 00000000 00:00 0 
7f0c69234000-7f0c69334000 rwxp 00000000 00:00 0 
7f0c69334000-7f0c69335000 ---p 00000000 00:00 0 
7f0c69335000-7f0c69435000 rwxp 00000000 00:00 0 
7f0c69435000-7f0c69436000 ---p 00000000 00:00 0 
7f0c69436000-7f0c69536000 rwxp 00000000 00:00 0 
7f0c69536000-7f0c69537000 ---p 00000000 00:00 0 
7f0c69537000-7f0c69637000 rwxp 00000000 00:00 0 
7f0c69637000-7f0c69642000 rw-p 00000000 00:00 0 
7f0c69642000-7f0c6968a000 rw-p 00000000 00:00 0 
7f0c6968a000-7f0c696b4000 rw-p 00000000 00:00 0 
7f0c696b4000-7f0c6991b000 rw-p 00000000 00:00 0 
7f0c6991b000-7f0c69926000 rw-p 00000000 00:00 0 
7f0c69926000-7f0c6996e000 rw-p 00000000 00:00 0 
7f0c6996e000-7f0c69998000 rw-p 00000000 00:00 0 
7f0c69998000-7f0c69bfe000 rw-p 00000000 00:00 0 
7f0c69bfe000-7f0c69c14000 rw-p 00000000 00:00 0 
7f0c69c14000-7f0c69d47000 rw-p 00000000 00:00 0 
7f0c69d47000-7f0c69d48000 rw-p 00000000 00:00 0 
7f0c69d48000-7f0c69d4f000 r-xp 00000000 07:00 2884105                    /usr/lib/jvm/java-6-openjdk-amd64/jre/lib/amd64/libzip.so
7f0c69d4f000-7f0c69f4e000 ---p 00007000 07:00 2884105                    /usr/lib/jvm/java-6-openjdk-amd64/jre/lib/amd64/libzip.so
7f0c69f4e000-7f0c69f4f000 r--p 00006000 07:00 2884105                    /usr/lib/jvm/java-6-openjdk-amd64/jre/lib/amd64/libzip.so
7f0c69f4f000-7f0c69f50000 rw-p 00007000 07:00 2884105                    /usr/lib/jvm/java-6-openjdk-amd64/jre/lib/amd64/libzip.so
7f0c69f50000-7f0c69f5c000 r-xp 00000000 07:00 136638                     /lib/x86_64-linux-gnu/libnss_files-2.15.so
7f0c69f5c000-7f0c6a15b000 ---p 0000c000 07:00 136638                     /lib/x86_64-linux-gnu/libnss_files-2.15.so
7f0c6a15b000-7f0c6a15c000 r--p 0000b000 07:00 136638                     /lib/x86_64-linux-gnu/libnss_files-2.15.so
7f0c6a15c000-7f0c6a15d000 rw-p 0000c000 07:00 136638                     /lib/x86_64-linux-gnu/libnss_files-2.15.so
7f0c6a15d000-7f0c6a167000 r-xp 00000000 07:00 136640                     /lib/x86_64-linux-gnu/libnss_nis-2.15.so
7f0c6a167000-7f0c6a367000 ---p 0000a000 07:00 136640                     /lib/x86_64-linux-gnu/libnss_nis-2.15.so
7f0c6a367000-7f0c6a368000 r--p 0000a000 07:00 136640                     /lib/x86_64-linux-gnu/libnss_nis-2.15.so
7f0c6a368000-7f0c6a369000 rw-p 0000b000 07:00 136640                     /lib/x86_64-linux-gnu/libnss_nis-2.15.so
7f0c6a369000-7f0c6a380000 r-xp 00000000 07:00 136635                     /lib/x86_64-linux-gnu/libnsl-2.15.so
7f0c6a380000-7f0c6a57f000 ---p 00017000 07:00 136635                     /lib/x86_64-linux-gnu/libnsl-2.15.so
7f0c6a57f000-7f0c6a580000 r--p 00016000 07:00 136635                     /lib/x86_64-linux-gnu/libnsl-2.15.so
7f0c6a580000-7f0c6a581000 rw-p 00017000 07:00 136635                     /lib/x86_64-linux-gnu/libnsl-2.15.so
7f0c6a581000-7f0c6a583000 rw-p 00000000 00:00 0 
7f0c6a583000-7f0c6a58b000 r-xp 00000000 07:00 136636                     /lib/x86_64-linux-gnu/libnss_compat-2.15.so
7f0c6a58b000-7f0c6a78a000 ---p 00008000 07:00 136636                     /lib/x86_64-linux-gnu/libnss_compat-2.15.so
7f0c6a78a000-7f0c6a78b000 r--p 00007000 07:00 136636                     /lib/x86_64-linux-gnu/libnss_compat-2.15.so
7f0c6a78b000-7f0c6a78c000 rw-p 00008000 07:00 136636                     /lib/x86_64-linux-gnu/libnss_compat-2.15.so
7f0c6a78c000-7f0c6a7b8000 r-xp 00000000 07:00 2884085                    /usr/lib/jvm/java-6-openjdk-amd64/jre/lib/amd64/libjava.so
7f0c6a7b8000-7f0c6a9b7000 ---p 0002c000 07:00 2884085                    /usr/lib/jvm/java-6-openjdk-amd64/jre/lib/amd64/libjava.so
7f0c6a9b7000-7f0c6a9b8000 r--p 0002b000 07:00 2884085                    /usr/lib/jvm/java-6-openjdk-amd64/jre/lib/amd64/libjava.so
7f0c6a9b8000-7f0c6a9bb000 rw-p 0002c000 07:00 2884085                    /usr/lib/jvm/java-6-openjdk-amd64/jre/lib/amd64/libjava.so
7f0c6a9bb000-7f0c6a9c9000 r-xp 00000000 07:00 2884104                    /usr/lib/jvm/java-6-openjdk-amd64/jre/lib/amd64/libverify.so
7f0c6a9c9000-7f0c6abc8000 ---p 0000e000 07:00 2884104                    /usr/lib/jvm/java-6-openjdk-amd64/jre/lib/amd64/libverify.so
7f0c6abc8000-7f0c6abca000 r--p 0000d000 07:00 2884104                    /usr/lib/jvm/java-6-openjdk-amd64/jre/lib/amd64/libverify.so
7f0c6abca000-7f0c6abcb000 rw-p 0000f000 07:00 2884104                    /usr/lib/jvm/java-6-openjdk-amd64/jre/lib/amd64/libverify.so
7f0c6abcb000-7f0c6abd2000 r-xp 00000000 07:00 136656                     /lib/x86_64-linux-gnu/librt-2.15.so
7f0c6abd2000-7f0c6add1000 ---p 00007000 07:00 136656                     /lib/x86_64-linux-gnu/librt-2.15.so
7f0c6add1000-7f0c6add2000 r--p 00006000 07:00 136656                     /lib/x86_64-linux-gnu/librt-2.15.so
7f0c6add2000-7f0c6add3000 rw-p 00007000 07:00 136656                     /lib/x86_64-linux-gnu/librt-2.15.so
7f0c6add3000-7f0c6ade8000 r-xp 00000000 07:00 136622                     /lib/x86_64-linux-gnu/libgcc_s.so.1
7f0c6ade8000-7f0c6afe7000 ---p 00015000 07:00 136622                     /lib/x86_64-linux-gnu/libgcc_s.so.1
7f0c6afe7000-7f0c6afe8000 r--p 00014000 07:00 136622                     /lib/x86_64-linux-gnu/libgcc_s.so.1
7f0c6afe8000-7f0c6afe9000 rw-p 00015000 07:00 136622                     /lib/x86_64-linux-gnu/libgcc_s.so.1
7f0c6afe9000-7f0c6b0e4000 r-xp 00000000 07:00 136628                     /lib/x86_64-linux-gnu/libm-2.15.so
7f0c6b0e4000-7f0c6b2e3000 ---p 000fb000 07:00 136628                     /lib/x86_64-linux-gnu/libm-2.15.so
7f0c6b2e3000-7f0c6b2e4000 r--p 000fa000 07:00 136628                     /lib/x86_64-linux-gnu/libm-2.15.so
7f0c6b2e4000-7f0c6b2e5000 rw-p 000fb000 07:00 136628                     /lib/x86_64-linux-gnu/libm-2.15.so
7f0c6b2e5000-7f0c6b3c7000 r-xp 00000000 07:00 2767523                    /usr/lib/x86_64-linux-gnu/libstdc++.so.6.0.16
7f0c6b3c7000-7f0c6b5c6000 ---p 000e2000 07:00 2767523                    /usr/lib/x86_64-linux-gnu/libstdc++.so.6.0.16
7f0c6b5c6000-7f0c6b5ce000 r--p 000e1000 07:00 2767523                    /usr/lib/x86_64-linux-gnu/libstdc++.so.6.0.16
7f0c6b5ce000-7f0c6b5d0000 rw-p 000e9000 07:00 2767523                    /usr/lib/x86_64-linux-gnu/libstdc++.so.6.0.16
7f0c6b5d0000-7f0c6b5e5000 rw-p 00000000 00:00 0 
7f0c6b5e5000-7f0c6beea000 r-xp 00000000 07:00 2884114                    /usr/lib/jvm/java-6-openjdk-amd64/jre/lib/amd64/server/libjvm.so
7f0c6beea000-7f0c6c0ea000 ---p 00905000 07:00 2884114                    /usr/lib/jvm/java-6-openjdk-amd64/jre/lib/amd64/server/libjvm.so
7f0c6c0ea000-7f0c6c16a000 r--p 00905000 07:00 2884114                    /usr/lib/jvm/java-6-openjdk-amd64/jre/lib/amd64/server/libjvm.so
7f0c6c16a000-7f0c6c185000 rw-p 00985000 07:00 2884114                    /usr/lib/jvm/java-6-openjdk-amd64/jre/lib/amd64/server/libjvm.so
7f0c6c185000-7f0c6c1ae000 rw-p 00000000 00:00 0 
7f0c6c1ae000-7f0c6c1c4000 r-xp 00000000 07:00 136669                     /lib/x86_64-linux-gnu/libz.so.1.2.3.4
7f0c6c1c4000-7f0c6c3c3000 ---p 00016000 07:00 136669                     /lib/x86_64-linux-gnu/libz.so.1.2.3.4
7f0c6c3c3000-7f0c6c3c4000 r--p 00015000 07:00 136669                     /lib/x86_64-linux-gnu/libz.so.1.2.3.4
7f0c6c3c4000-7f0c6c3c5000 rw-p 00016000 07:00 136669                     /lib/x86_64-linux-gnu/libz.so.1.2.3.4
7f0c6c3c5000-7f0c6c57a000 r-xp 00000000 07:00 136611                     /lib/x86_64-linux-gnu/libc-2.15.so
7f0c6c57a000-7f0c6c779000 ---p 001b5000 07:00 136611                     /lib/x86_64-linux-gnu/libc-2.15.so
7f0c6c779000-7f0c6c77d000 r--p 001b4000 07:00 136611                     /lib/x86_64-linux-gnu/libc-2.15.so
7f0c6c77d000-7f0c6c77f000 rw-p 001b8000 07:00 136611                     /lib/x86_64-linux-gnu/libc-2.15.so
7f0c6c77f000-7f0c6c784000 rw-p 00000000 00:00 0 
7f0c6c784000-7f0c6c786000 r-xp 00000000 07:00 136618                     /lib/x86_64-linux-gnu/libdl-2.15.so
7f0c6c786000-7f0c6c986000 ---p 00002000 07:00 136618                     /lib/x86_64-linux-gnu/libdl-2.15.so
7f0c6c986000-7f0c6c987000 r--p 00002000 07:00 136618                     /lib/x86_64-linux-gnu/libdl-2.15.so
7f0c6c987000-7f0c6c988000 rw-p 00003000 07:00 136618                     /lib/x86_64-linux-gnu/libdl-2.15.so
7f0c6c988000-7f0c6c98c000 r-xp 00000000 07:00 2884111                    /usr/lib/jvm/java-6-openjdk-amd64/jre/lib/amd64/jli/libjli.so
7f0c6c98c000-7f0c6cb8b000 ---p 00004000 07:00 2884111                    /usr/lib/jvm/java-6-openjdk-amd64/jre/lib/amd64/jli/libjli.so
7f0c6cb8b000-7f0c6cb8c000 r--p 00003000 07:00 2884111                    /usr/lib/jvm/java-6-openjdk-amd64/jre/lib/amd64/jli/libjli.so
7f0c6cb8c000-7f0c6cb8d000 rw-p 00004000 07:00 2884111                    /usr/lib/jvm/java-6-openjdk-amd64/jre/lib/amd64/jli/libjli.so
7f0c6cb8d000-7f0c6cba5000 r-xp 00000000 07:00 136653                     /lib/x86_64-linux-gnu/libpthread-2.15.so
7f0c6cba5000-7f0c6cda4000 ---p 00018000 07:00 136653                     /lib/x86_64-linux-gnu/libpthread-2.15.so
7f0c6cda4000-7f0c6cda5000 r--p 00017000 07:00 136653                     /lib/x86_64-linux-gnu/libpthread-2.15.so
7f0c6cda5000-7f0c6cda6000 rw-p 00018000 07:00 136653                     /lib/x86_64-linux-gnu/libpthread-2.15.so
7f0c6cda6000-7f0c6cdaa000 rw-p 00000000 00:00 0 
7f0c6cdaa000-7f0c6cdcc000 r-xp 00000000 07:00 136601                     /lib/x86_64-linux-gnu/ld-2.15.so
7f0c6cdcc000-7f0c6cddf000 r--s 00000000 07:00 2229124                    /var/cache/fontconfig/e13b20fdb08344e0e664864cc2ede53d-le64.cache-3
7f0c6cddf000-7f0c6cde9000 rw-p 00000000 00:00 0 
7f0c6cde9000-7f0c6ce9f000 rw-p 00000000 00:00 0 
7f0c6ce9f000-7f0c6cea2000 ---p 00000000 00:00 0 
7f0c6cea2000-7f0c6cfa0000 rwxp 00000000 00:00 0 
7f0c6cfa0000-7f0c6cfa5000 rw-p 00000000 00:00 0 
7f0c6cfa5000-7f0c6cfa6000 r--s 00000000 07:00 2229117                    /var/cache/fontconfig/b9d506c9ac06c20b433354fa67a72993-le64.cache-3
7f0c6cfa6000-7f0c6cfa7000 r--s 00000000 07:00 2229104                    /var/cache/fontconfig/56cf4f4769d0f4abc89a4895d7bd3ae1-le64.cache-3
7f0c6cfa7000-7f0c6cfa8000 r--s 00000000 07:00 2229117                    /var/cache/fontconfig/b9d506c9ac06c20b433354fa67a72993-le64.cache-3
7f0c6cfa8000-7f0c6cfad000 r--s 00000000 07:00 2229116                    /var/cache/fontconfig/b47c4e1ecd0709278f4910c18777a504-le64.cache-3
7f0c6cfad000-7f0c6cfb1000 r--s 00000000 07:00 2229109                    /var/cache/fontconfig/7ef2298fde41cc6eeb7af42e48b7d293-le64.cache-3
7f0c6cfb1000-7f0c6cfb2000 r--s 00007000 07:00 1188646                    /usr/share/java/java-atk-wrapper.jar
7f0c6cfb2000-7f0c6cfb4000 r--s 00001000 07:00 2884220                    /usr/lib/jvm/java-6-openjdk-common/jre/lib/ext/dnsns.jar
7f0c6cfb4000-7f0c6cfb7000 r--s 00031000 07:00 2884223                    /usr/lib/jvm/java-6-openjdk-common/jre/lib/ext/sunjce_provider.jar
7f0c6cfb7000-7f0c6cfb9000 r--s 0000f000 07:00 2884222                    /usr/lib/jvm/java-6-openjdk-common/jre/lib/ext/pulse-java.jar
7f0c6cfb9000-7f0c6cfbd000 r--s 00038000 07:00 2884224                    /usr/lib/jvm/java-6-openjdk-common/jre/lib/ext/sunpkcs11.jar
7f0c6cfbd000-7f0c6cfc0000 r--s 00077000 07:00 2884221                    /usr/lib/jvm/java-6-openjdk-common/jre/lib/ext/localedata.jar
7f0c6cfc0000-7f0c6cfc8000 rw-s 00000000 07:00 691                        /tmp/hsperfdata_qyr1987/27556
7f0c6cfc8000-7f0c6cfc9000 rw-p 00000000 00:00 0 
7f0c6cfc9000-7f0c6cfca000 r--p 00000000 00:00 0 
7f0c6cfca000-7f0c6cfcc000 rw-p 00000000 00:00 0 
7f0c6cfcc000-7f0c6cfcd000 r--p 00022000 07:00 136601                     /lib/x86_64-linux-gnu/ld-2.15.so
7f0c6cfcd000-7f0c6cfcf000 rw-p 00023000 07:00 136601                     /lib/x86_64-linux-gnu/ld-2.15.so
7fff2281d000-7fff2283d000 rwxp 00000000 00:00 0                          [stack]
7fff2283d000-7fff2283e000 rw-p 00000000 00:00 0 
7fff22846000-7fff22847000 r-xp 00000000 00:00 0                          [vdso]
ffffffffff600000-ffffffffff601000 r-xp 00000000 00:00 0                  [vsyscall]

VM Arguments:
jvm_args: -Dfile.encoding=UTF-8 
java_command: edu.seas.upenn.ese519.MainFrame
Launcher Type: SUN_STANDARD

Environment Variables:
PATH=/home/qyr1987/bin:/usr/lib/lightdm/lightdm:/usr/local/sbin:/usr/local/bin:/usr/sbin:/usr/bin:/sbin:/bin:/usr/games
LD_LIBRARY_PATH=/usr/lib/jvm/java-6-openjdk-amd64/jre/lib/amd64/server:/usr/lib/jvm/java-6-openjdk-amd64/jre/lib/amd64:/usr/lib/jvm/java-6-openjdk-amd64/jre/../lib/amd64
SHELL=/bin/bash
DISPLAY=:0

Signal Handlers:
SIGSEGV: [libjvm.so+0x7852e0], sa_mask[0]=0x7ffbfeff, sa_flags=0x10000004
SIGBUS: [libjvm.so+0x7852e0], sa_mask[0]=0x7ffbfeff, sa_flags=0x10000004
SIGFPE: [libjvm.so+0x648d40], sa_mask[0]=0x7ffbfeff, sa_flags=0x10000004
SIGPIPE: [libjvm.so+0x648d40], sa_mask[0]=0x7ffbfeff, sa_flags=0x10000004
SIGXFSZ: [libjvm.so+0x648d40], sa_mask[0]=0x7ffbfeff, sa_flags=0x10000004
SIGILL: [libjvm.so+0x648d40], sa_mask[0]=0x7ffbfeff, sa_flags=0x10000004
SIGUSR1: SIG_DFL, sa_mask[0]=0x00000000, sa_flags=0x00000000
SIGUSR2: [libjvm.so+0x648ef0], sa_mask[0]=0x00000004, sa_flags=0x10000004
SIGHUP: [libjvm.so+0x64ba10], sa_mask[0]=0x7ffbfeff, sa_flags=0x10000004
SIGINT: [libjvm.so+0x64ba10], sa_mask[0]=0x7ffbfeff, sa_flags=0x10000004
SIGTERM: [libjvm.so+0x64ba10], sa_mask[0]=0x7ffbfeff, sa_flags=0x10000004
SIGQUIT: [libjvm.so+0x64ba10], sa_mask[0]=0x7ffbfeff, sa_flags=0x10000004


---------------  S Y S T E M  ---------------

OS:Ubuntu 12.04 (precise)
uname:Linux 3.2.0-33-generic #52-Ubuntu SMP Thu Oct 18 16:29:15 UTC 2012 x86_64
libc:glibc 2.15 NPTL 2.15 
rlimit: STACK 8192k, CORE 0k, NPROC 62854, NOFILE 4096, AS infinity
load average:0.25 0.31 0.34

/proc/meminfo:
MemTotal:        8062936 kB
MemFree:         1512124 kB
Buffers:         1501892 kB
Cached:          2009228 kB
SwapCached:          188 kB
Active:          3638612 kB
Inactive:        2424808 kB
Active(anon):    2195816 kB
Inactive(anon):   857676 kB
Active(file):    1442796 kB
Inactive(file):  1567132 kB
Unevictable:        2708 kB
Mlocked:              32 kB
SwapTotal:        262140 kB
SwapFree:         230184 kB
Dirty:               132 kB
Writeback:             0 kB
AnonPages:       2554760 kB
Mapped:           212252 kB
Shmem:            498516 kB
Slab:             309808 kB
SReclaimable:     233264 kB
SUnreclaim:        76544 kB
KernelStack:        5072 kB
PageTables:        49324 kB
NFS_Unstable:          0 kB
Bounce:                0 kB
WritebackTmp:          0 kB
CommitLimit:     4293608 kB
Committed_AS:    6624028 kB
VmallocTotal:   34359738367 kB
VmallocUsed:      414676 kB
VmallocChunk:   34359272232 kB
HardwareCorrupted:     0 kB
AnonHugePages:         0 kB
HugePages_Total:       0
HugePages_Free:        0
HugePages_Rsvd:        0
HugePages_Surp:        0
Hugepagesize:       2048 kB
DirectMap4k:      137216 kB
DirectMap2M:     8142848 kB


CPU:total 4 (2 cores per cpu, 2 threads per core) family 6 model 42 stepping 7, cmov, cx8, fxsr, mmx, sse, sse2, sse3, ssse3, sse4.1, sse4.2, popcnt, ht

Memory: 4k page, physical 8062936k(1512124k free), swap 262140k(230184k free)

vm_info: OpenJDK 64-Bit Server VM (20.0-b12) for linux-amd64 JRE (1.6.0_24-b24), built on Oct 24 2012 16:17:28 by "buildd" with gcc 4.6.3

time: Mon Nov 26 15:27:06 2012
elapsed time: 3 seconds

