#
# A fatal error has been detected by the Java Runtime Environment:
#
#  SIGSEGV (0xb) at pc=0x00007f175adf559d, pid=26966, tid=139737105942272
#
# JRE version: 6.0_24-b24
# Java VM: OpenJDK 64-Bit Server VM (20.0-b12 mixed mode linux-amd64 compressed oops)
# Derivative: IcedTea6 1.11.5
# Distribution: Ubuntu 12.04 LTS, package 6b24-1.11.5-0ubuntu1~12.04.1
# Problematic frame:
# C  [libXnVFeatures_1_5_2.so+0x8b59d]  Segmentation::detectionByPoint(bool, std::vector<Vector2D<int>, std::allocator<Vector2D<int> > > const*)+0x8d
#
# If you would like to submit a bug report, please include
# instructions how to reproduce the bug and visit:
#   https://bugs.launchpad.net/ubuntu/+source/openjdk-6/
# The crash happened outside the Java Virtual Machine in native code.
# See problematic frame for where to report the bug.
#

---------------  T H R E A D  ---------------

Current thread (0x00007f170c00c000):  JavaThread "Thread-3" [_thread_in_native, id=27003, stack(0x00007f17147fc000,0x00007f17148fd000)]

siginfo:si_signo=SIGSEGV: si_errno=0, si_code=2 (SEGV_ACCERR), si_addr=0x00007f16f80a3444

Registers:
RAX=0x0000000000000102, RBX=0x00007f16f8000c90, RCX=0x00007f16f8096cc0, RDX=0x000000000000009e
RSP=0x00007f17148fb400, RBP=0x00007f1722a40e60, RSI=0x00000000000063c2, RDI=0x00007f1722a40fe0
R8 =0x0000000000000000, R9 =0x0101010101010101, R10=0x00007f1722affa21, R11=0x00007f17726e0c9c
R12=0x00007f175b397d88, R13=0x00007f17148fb560, R14=0x00007f1721ab0050, R15=0x0000000000000000
RIP=0x00007f175adf559d, EFLAGS=0x0000000000010202, CSGSFS=0x0000000000000033, ERR=0x0000000000000004
  TRAPNO=0x000000000000000e

Top of Stack: (sp=0x00007f17148fb400)
0x00007f17148fb400:   00007f16f80a02d0 7fffffff00000000
0x00007f17148fb410:   00007f16f80a02d0 00007f1722a40fe0
0x00007f17148fb420:   00007f1722a422e0 00007f1722a40e60
0x00007f17148fb430:   00007f1722a40fe0 00007f1722a3bd80
0x00007f17148fb440:   00007f17148fb560 00007f1721ab0050
0x00007f17148fb450:   0000000000000000 00007f175adfcbc0
0x00007f17148fb460:   0000000000239979 0000000000239979
0x00007f17148fb470:   0000000000000000 3ff0000000000000
0x00007f17148fb480:   00007f175b3985a8 0000000000000001
0x00007f17148fb490:   0000000000000040 00007f1721ab0010
0x00007f17148fb4a0:   00007f1722a3bd80 00007f1722a1af88
0x00007f17148fb4b0:   00007f1721ab0050 00007f1721ab0028
0x00007f17148fb4c0:   00007f17148fb560 00007f175ade599b
0x00007f17148fb4d0:   00007f1722b31190 0000000000000008
0x00007f17148fb4e0:   0000000000238277 0000000000238277
0x00007f17148fb4f0:   0000000000000000 3ff0000000000000
0x00007f17148fb500:   0000000000000000 00007f175adbf8bd
0x00007f17148fb510:   00007f17148fb580 00007f176800101c
0x00007f17148fb520:   0000000000000001 00007f1768001000
0x00007f17148fb530:   00007f176cbcca90 00007f176c22b540
0x00007f17148fb540:   00007f170c00c000 00007f175adbb03f
0x00007f17148fb550:   000000000000013c 00007f1760a2d489
0x00007f17148fb560:   00007f16f8000c90 00007f16f8000c98
0x00007f17148fb570:   00007f16f8000c98 00007f16f8000b71
0x00007f17148fb580:   0000009e00000102 00007f176cbcca90
0x00007f17148fb590:   00007f176cbcca90 00007f176cbcca90
0x00007f17148fb5a0:   00007f176d23f200 0000000000000051
0x00007f17148fb5b0:   00007f1711d8a8f0 00007f175adbb5bf
0x00007f17148fb5c0:   00007f175b37faf0 00007f177162c4ec
0x00007f17148fb5d0:   00007f175b381d10 0000000000000000
0x00007f17148fb5e0:   000000000019f7c7 0009600000000001
0x00007f17148fb5f0:   ffffffff00000001 00007f17148fb634 

Instructions: (pc=0x00007f175adf559d)
0x00007f175adf557d:   39 5d 08 0f 84 d2 01 00 00 8b 53 04 41 8b 74 24
0x00007f175adf558d:   3c 49 8b 4c 24 28 8b 03 0f af f2 48 8b 09 01 c6
0x00007f175adf559d:   66 83 3c 71 00 74 d4 48 63 8d 88 01 00 00 48 8b
0x00007f175adf55ad:   7c 24 18 48 69 c9 d8 03 00 00 48 8d 74 0f 10 48 

Register to memory mapping:

RAX=0x0000000000000102 is an unknown value
RBX=0x00007f16f8000c90 is an unknown value
RCX=0x00007f16f8096cc0 is an unknown value
RDX=0x000000000000009e is an unknown value
RSP=0x00007f17148fb400 is pointing into the stack for thread: 0x00007f170c00c000
RBP=0x00007f1722a40e60 is an unknown value
RSI=0x00000000000063c2 is an unknown value
RDI=0x00007f1722a40fe0 is an unknown value
R8 =0x0000000000000000 is an unknown value
R9 =0x0101010101010101 is an unknown value
R10=0x00007f1722affa21 is an unknown value
R11=0x00007f17726e0c9c: <offset 0x8bc9c> in /lib/x86_64-linux-gnu/libc.so.6 at 0x00007f1772655000
R12=0x00007f175b397d88: <offset 0x62dd88> in /usr/lib/libXnVFeatures_1_5_2.so at 0x00007f175ad6a000
R13=0x00007f17148fb560 is pointing into the stack for thread: 0x00007f170c00c000
R14=0x00007f1721ab0050 is an unknown value
R15=0x0000000000000000 is an unknown value


Stack: [0x00007f17147fc000,0x00007f17148fd000],  sp=0x00007f17148fb400,  free space=1021k
Native frames: (J=compiled Java code, j=interpreted, Vv=VM code, C=native code)
C  [libXnVFeatures_1_5_2.so+0x8b59d]  Segmentation::detectionByPoint(bool, std::vector<Vector2D<int>, std::allocator<Vector2D<int> > > const*)+0x8d

Java frames: (J=compiled Java code, j=interpreted, Vv=VM code)
j  org.OpenNI.NativeMethods.xnWaitAnyUpdateAll(J)I+0
j  org.OpenNI.Context.waitAnyUpdateAll()V+4
j  edu.seas.upenn.ese519.OverlayPanel.run()V+12
j  java.lang.Thread.run()V+11
v  ~StubRoutines::call_stub

---------------  P R O C E S S  ---------------

Java Threads: ( => current thread )
  0x00007f170c00d800 JavaThread "Thread-4" [_thread_blocked, id=27004, stack(0x00007f17146fb000,0x00007f17147fc000)]
=>0x00007f170c00c000 JavaThread "Thread-3" [_thread_in_native, id=27003, stack(0x00007f17147fc000,0x00007f17148fd000)]
  0x00007f170c00a800 JavaThread "Thread-2" [_thread_blocked, id=27002, stack(0x00007f17148fd000,0x00007f17149fe000)]
  0x00007f170c009000 JavaThread "Thread-1" [_thread_blocked, id=27001, stack(0x00007f17149fe000,0x00007f1714aff000)]
  0x00007f176c007800 JavaThread "DestroyJavaVM" [_thread_blocked, id=26973, stack(0x00007f177312f000,0x00007f1773230000)]
  0x00007f1711da1800 JavaThread "AWT-EventQueue-0" [_thread_blocked, id=27000, stack(0x00007f1714f1e000,0x00007f171501f000)]
  0x00007f1711d9e800 JavaThread "AWT-Shutdown" [_thread_blocked, id=26999, stack(0x00007f171501f000,0x00007f1715120000)]
  0x00007f176c204000 JavaThread "AWT-XAWT" daemon [_thread_in_native, id=26988, stack(0x00007f1760e7f000,0x00007f1760f80000)]
  0x00007f176c13c000 JavaThread "Java2D Disposer" daemon [_thread_blocked, id=26987, stack(0x00007f17613f1000,0x00007f17614f2000)]
  0x00007f176c09e000 JavaThread "Low Memory Detector" daemon [_thread_blocked, id=26985, stack(0x00007f1763182000,0x00007f1763283000)]
  0x00007f176c09b800 JavaThread "C2 CompilerThread1" daemon [_thread_in_native, id=26984, stack(0x00007f1763283000,0x00007f1763384000)]
  0x00007f176c098800 JavaThread "C2 CompilerThread0" daemon [_thread_blocked, id=26983, stack(0x00007f1763384000,0x00007f1763485000)]
  0x00007f176c097800 JavaThread "Signal Dispatcher" daemon [_thread_blocked, id=26982, stack(0x00007f1763485000,0x00007f1763586000)]
  0x00007f176c078000 JavaThread "Finalizer" daemon [_thread_blocked, id=26981, stack(0x00007f17639fa000,0x00007f1763afb000)]
  0x00007f176c076000 JavaThread "Reference Handler" daemon [_thread_blocked, id=26980, stack(0x00007f1763afb000,0x00007f1763bfc000)]

Other Threads:
  0x00007f176c06f000 VMThread [stack: 0x00007f1763bfc000,0x00007f1763cfd000] [id=26979]
  0x00007f176c0a0800 WatcherThread [stack: 0x00007f1763081000,0x00007f1763182000] [id=26986]

VM state:not at safepoint (normal execution)

VM Mutex/Monitor currently owned by a thread: None

Heap
 PSYoungGen      total 36736K, used 9338K [0x00000007d6f60000, 0x00000007d9860000, 0x0000000800000000)
  eden space 31488K, 29% used [0x00000007d6f60000,0x00000007d787ebd8,0x00000007d8e20000)
  from space 5248K, 0% used [0x00000007d9340000,0x00000007d9340000,0x00000007d9860000)
  to   space 5248K, 0% used [0x00000007d8e20000,0x00000007d8e20000,0x00000007d9340000)
 PSOldGen        total 84032K, used 0K [0x0000000784e00000, 0x000000078a010000, 0x00000007d6f60000)
  object space 84032K, 0% used [0x0000000784e00000,0x0000000784e00000,0x000000078a010000)
 PSPermGen       total 21248K, used 12919K [0x000000077a800000, 0x000000077bcc0000, 0x0000000784e00000)
  object space 21248K, 60% used [0x000000077a800000,0x000000077b49de08,0x000000077bcc0000)

Code Cache  [0x00007f1768df8000, 0x00007f1769068000, 0x00007f176bdf8000)
 total_blobs=476 nmethods=27 adapters=404 free_code_cache=49738048 largest_free_block=11520

Dynamic libraries:
00400000-00409000 r-xp 00000000 07:00 2884059                            /usr/lib/jvm/java-6-openjdk-amd64/jre/bin/java
00608000-00609000 r--p 00008000 07:00 2884059                            /usr/lib/jvm/java-6-openjdk-amd64/jre/bin/java
00609000-0060a000 rw-p 00009000 07:00 2884059                            /usr/lib/jvm/java-6-openjdk-amd64/jre/bin/java
0121e000-0123f000 rw-p 00000000 00:00 0                                  [heap]
77a800000-77bcc0000 rw-p 00000000 00:00 0 
77bcc0000-784e00000 rw-p 00000000 00:00 0 
784e00000-78a010000 rw-p 00000000 00:00 0 
78a010000-7d6f60000 rw-p 00000000 00:00 0 
7d6f60000-7d9860000 rw-p 00000000 00:00 0 
7d9860000-800000000 rw-p 00000000 00:00 0 
7f16f8000000-7f16f818a000 rw-p 00000000 00:00 0 
7f16f818a000-7f16fc000000 ---p 00000000 00:00 0 
7f16fc000000-7f16fc021000 rw-p 00000000 00:00 0 
7f16fc021000-7f1700000000 ---p 00000000 00:00 0 
7f1700000000-7f1700021000 rw-p 00000000 00:00 0 
7f1700021000-7f1704000000 ---p 00000000 00:00 0 
7f1704000000-7f1704021000 rw-p 00000000 00:00 0 
7f1704021000-7f1708000000 ---p 00000000 00:00 0 
7f1708000000-7f1708021000 rw-p 00000000 00:00 0 
7f1708021000-7f170c000000 ---p 00000000 00:00 0 
7f170c000000-7f170c021000 rw-p 00000000 00:00 0 
7f170c021000-7f1710000000 ---p 00000000 00:00 0 
7f1710000000-7f1711e1c000 rw-p 00000000 00:00 0 
7f1711e1c000-7f1714000000 ---p 00000000 00:00 0 
7f17146fb000-7f17146fe000 ---p 00000000 00:00 0 
7f17146fe000-7f17147fc000 rwxp 00000000 00:00 0 
7f17147fc000-7f17147ff000 ---p 00000000 00:00 0 
7f17147ff000-7f17148fd000 rwxp 00000000 00:00 0 
7f17148fd000-7f1714900000 ---p 00000000 00:00 0 
7f1714900000-7f17149fe000 rwxp 00000000 00:00 0 
7f17149fe000-7f1714a01000 ---p 00000000 00:00 0 
7f1714a01000-7f1714aff000 rwxp 00000000 00:00 0 
7f1714aff000-7f1714b07000 r-xp 00000000 07:00 2884097                    /usr/lib/jvm/java-6-openjdk-amd64/jre/lib/amd64/libnio.so
7f1714b07000-7f1714d06000 ---p 00008000 07:00 2884097                    /usr/lib/jvm/java-6-openjdk-amd64/jre/lib/amd64/libnio.so
7f1714d06000-7f1714d07000 r--p 00007000 07:00 2884097                    /usr/lib/jvm/java-6-openjdk-amd64/jre/lib/amd64/libnio.so
7f1714d07000-7f1714d08000 rw-p 00008000 07:00 2884097                    /usr/lib/jvm/java-6-openjdk-amd64/jre/lib/amd64/libnio.so
7f1714d08000-7f1714d1d000 r-xp 00000000 07:00 2884096                    /usr/lib/jvm/java-6-openjdk-amd64/jre/lib/amd64/libnet.so
7f1714d1d000-7f1714f1c000 ---p 00015000 07:00 2884096                    /usr/lib/jvm/java-6-openjdk-amd64/jre/lib/amd64/libnet.so
7f1714f1c000-7f1714f1d000 r--p 00014000 07:00 2884096                    /usr/lib/jvm/java-6-openjdk-amd64/jre/lib/amd64/libnet.so
7f1714f1d000-7f1714f1e000 rw-p 00015000 07:00 2884096                    /usr/lib/jvm/java-6-openjdk-amd64/jre/lib/amd64/libnet.so
7f1714f1e000-7f1714f21000 ---p 00000000 00:00 0 
7f1714f21000-7f171501f000 rwxp 00000000 00:00 0 
7f171501f000-7f1715022000 ---p 00000000 00:00 0 
7f1715022000-7f1715120000 rwxp 00000000 00:00 0 
7f1715120000-7f1715203000 rw-p 00000000 00:00 0 
7f1715203000-7f1716883000 r--s 00000000 00:12 1367572                    /run/shm/26990_045e.02ae@1.52_Image
7f1716883000-7f1716dc6000 rw-p 00000000 00:00 0 
7f1716dc7000-7f171c000000 rw-p 00000000 00:00 0 
7f171c000000-7f171c029000 rw-p 00000000 00:00 0 
7f171c029000-7f1720000000 ---p 00000000 00:00 0 
7f1720012000-7f1722b32000 rw-p 00000000 00:00 0 
7f1722b32000-7f172323a000 r--s 00000000 00:12 1366519                    /run/shm/26990_045e.02ae@1.52_Depth
7f172323a000-7f1723367000 rw-p 00000000 00:00 0 
7f1723367000-7f1723368000 ---p 00000000 00:00 0 
7f1723368000-7f1723b68000 rwxp 00000000 00:00 0 
7f1723b68000-7f1724000000 rw-p 00000000 00:00 0 
7f1724000000-7f1724021000 rw-p 00000000 00:00 0 
7f1724021000-7f1728000000 ---p 00000000 00:00 0 
7f1728000000-7f1728026000 rw-p 00000000 00:00 0 
7f1728026000-7f172c000000 ---p 00000000 00:00 0 
7f172c000000-7f172c021000 rw-p 00000000 00:00 0 
7f172c021000-7f1730000000 ---p 00000000 00:00 0 
7f1730000000-7f1730021000 rw-p 00000000 00:00 0 
7f1730021000-7f1734000000 ---p 00000000 00:00 0 
7f1734000000-7f1734272000 rw-p 00000000 00:00 0 
7f1734272000-7f1738000000 ---p 00000000 00:00 0 
7f1738000000-7f1738021000 rw-p 00000000 00:00 0 
7f1738021000-7f173c000000 ---p 00000000 00:00 0 
7f173c000000-7f173c021000 rw-p 00000000 00:00 0 
7f173c021000-7f1740000000 ---p 00000000 00:00 0 
7f1740000000-7f17402ae000 rw-p 00000000 00:00 0 
7f17402ae000-7f1744000000 ---p 00000000 00:00 0 
7f1744000000-7f1744021000 rw-p 00000000 00:00 0 
7f1744021000-7f1748000000 ---p 00000000 00:00 0 
7f1748000000-7f1748021000 rw-p 00000000 00:00 0 
7f1748021000-7f174c000000 ---p 00000000 00:00 0 
7f174c000000-7f174c021000 rw-p 00000000 00:00 0 
7f174c021000-7f1750000000 ---p 00000000 00:00 0 
7f1750000000-7f1750021000 rw-p 00000000 00:00 0 
7f1750021000-7f1754000000 ---p 00000000 00:00 0 
7f1754000000-7f1754021000 rw-p 00000000 00:00 0 
7f1754021000-7f1758000000 ---p 00000000 00:00 0 
7f1758023000-7f1758226000 rw-p 00000000 00:00 0 
7f1758226000-7f175892e000 r--s 00000000 00:12 1366519                    /run/shm/26990_045e.02ae@1.52_Depth
7f175892e000-7f1758a5b000 rw-p 00000000 00:00 0 
7f1758a5b000-7f1758a5c000 ---p 00000000 00:00 0 
7f1758a5c000-7f175925c000 rwxp 00000000 00:00 0 
7f175925c000-7f175965d000 rw-p 00000000 00:00 0 
7f175965d000-7f1759684000 r-xp 00000000 07:00 2759918                    /usr/lib/libXnDeviceFile.so
7f1759684000-7f1759884000 ---p 00027000 07:00 2759918                    /usr/lib/libXnDeviceFile.so
7f1759884000-7f1759886000 r--p 00027000 07:00 2759918                    /usr/lib/libXnDeviceFile.so
7f1759886000-7f1759887000 rw-p 00029000 07:00 2759918                    /usr/lib/libXnDeviceFile.so
7f1759887000-7f17598cf000 r-xp 00000000 07:00 2759917                    /usr/lib/libXnDDK.so
7f17598cf000-7f1759acf000 ---p 00048000 07:00 2759917                    /usr/lib/libXnDDK.so
7f1759acf000-7f1759ad2000 r--p 00048000 07:00 2759917                    /usr/lib/libXnDDK.so
7f1759ad2000-7f1759ad4000 rw-p 0004b000 07:00 2759917                    /usr/lib/libXnDDK.so
7f1759ad4000-7f1759af8000 r-xp 00000000 07:00 2759920                    /usr/lib/libXnFormats.so
7f1759af8000-7f1759cf8000 ---p 00024000 07:00 2759920                    /usr/lib/libXnFormats.so
7f1759cf8000-7f1759cf9000 r--p 00024000 07:00 2759920                    /usr/lib/libXnFormats.so
7f1759cf9000-7f1759cfa000 rw-p 00025000 07:00 2759920                    /usr/lib/libXnFormats.so
7f1759cfa000-7f1759d1a000 rw-p 00000000 00:00 0 
7f1759d1a000-7f1759d1d000 r-xp 00000000 07:00 2759916                    /usr/lib/libXnCore.so
7f1759d1d000-7f1759f1c000 ---p 00003000 07:00 2759916                    /usr/lib/libXnCore.so
7f1759f1c000-7f1759f1d000 r--p 00002000 07:00 2759916                    /usr/lib/libXnCore.so
7f1759f1d000-7f1759f1e000 rw-p 00003000 07:00 2759916                    /usr/lib/libXnCore.so
7f1759f1e000-7f1759fa7000 r-xp 00000000 07:00 2759919                    /usr/lib/libXnDeviceSensorV2KM.so
7f1759fa7000-7f175a1a6000 ---p 00089000 07:00 2759919                    /usr/lib/libXnDeviceSensorV2KM.so
7f175a1a6000-7f175a1b6000 r--p 00088000 07:00 2759919                    /usr/lib/libXnDeviceSensorV2KM.so
7f175a1b6000-7f175a1b7000 rw-p 00098000 07:00 2759919                    /usr/lib/libXnDeviceSensorV2KM.so
7f175a1b7000-7f175a2ab000 r-xp 00000000 07:00 2759934                    /usr/lib/libXnVHandGenerator_1_5_2.so
7f175a2ab000-7f175a4aa000 ---p 000f4000 07:00 2759934                    /usr/lib/libXnVHandGenerator_1_5_2.so
7f175a4aa000-7f175a4af000 r--p 000f3000 07:00 2759934                    /usr/lib/libXnVHandGenerator_1_5_2.so
7f175a4af000-7f175a4b0000 rw-p 000f8000 07:00 2759934                    /usr/lib/libXnVHandGenerator_1_5_2.so
7f175a4b0000-7f175a4be000 rw-p 00000000 00:00 0 
7f175a4be000-7f175a596000 r-xp 00000000 07:00 2759933                    /usr/lib/libXnVHandGenerator_1_4_2.so
7f175a596000-7f175a795000 ---p 000d8000 07:00 2759933                    /usr/lib/libXnVHandGenerator_1_4_2.so
7f175a795000-7f175a79a000 r--p 000d7000 07:00 2759933                    /usr/lib/libXnVHandGenerator_1_4_2.so
7f175a79a000-7f175a79b000 rw-p 000dc000 07:00 2759933                    /usr/lib/libXnVHandGenerator_1_4_2.so
7f175a79b000-7f175a79e000 rw-p 00000000 00:00 0 
7f175a79e000-7f175a876000 r-xp 00000000 07:00 2759932                    /usr/lib/libXnVHandGenerator_1_4_1.so
7f175a876000-7f175aa75000 ---p 000d8000 07:00 2759932                    /usr/lib/libXnVHandGenerator_1_4_1.so
7f175aa75000-7f175aa7a000 r--p 000d7000 07:00 2759932                    /usr/lib/libXnVHandGenerator_1_4_1.so
7f175aa7a000-7f175aa7b000 rw-p 000dc000 07:00 2759932                    /usr/lib/libXnVHandGenerator_1_4_1.so
7f175aa7b000-7f175aa7e000 rw-p 00000000 00:00 0 
7f175aa7e000-7f175ab61000 r-xp 00000000 07:00 2759931                    /usr/lib/libXnVHandGenerator_1_3_1.so
7f175ab61000-7f175ad61000 ---p 000e3000 07:00 2759931                    /usr/lib/libXnVHandGenerator_1_3_1.so
7f175ad61000-7f175ad66000 r--p 000e3000 07:00 2759931                    /usr/lib/libXnVHandGenerator_1_3_1.so
7f175ad66000-7f175ad67000 rw-p 000e8000 07:00 2759931                    /usr/lib/libXnVHandGenerator_1_3_1.so
7f175ad67000-7f175ad6a000 rw-p 00000000 00:00 0 
7f175ad6a000-7f175b17f000 r-xp 00000000 07:00 2759929                    /usr/lib/libXnVFeatures_1_5_2.so
7f175b17f000-7f175b37f000 ---p 00415000 07:00 2759929                    /usr/lib/libXnVFeatures_1_5_2.so
7f175b37f000-7f175b390000 r--p 00415000 07:00 2759929                    /usr/lib/libXnVFeatures_1_5_2.so
7f175b390000-7f175b392000 rw-p 00426000 07:00 2759929                    /usr/lib/libXnVFeatures_1_5_2.so
7f175b392000-7f175b3a7000 rw-p 00000000 00:00 0 
7f175b3a7000-7f175b59e000 r-xp 00000000 07:00 2759928                    /usr/lib/libXnVFeatures_1_4_2.so
7f175b59e000-7f175b79d000 ---p 001f7000 07:00 2759928                    /usr/lib/libXnVFeatures_1_4_2.so
7f175b79d000-7f175b7a3000 r--p 001f6000 07:00 2759928                    /usr/lib/libXnVFeatures_1_4_2.so
7f175b7a3000-7f175b7a4000 rw-p 001fc000 07:00 2759928                    /usr/lib/libXnVFeatures_1_4_2.so
7f175b7a4000-7f175b7aa000 rw-p 00000000 00:00 0 
7f175b7aa000-7f175b9a1000 r-xp 00000000 07:00 2759927                    /usr/lib/libXnVFeatures_1_4_1.so
7f175b9a1000-7f175bba0000 ---p 001f7000 07:00 2759927                    /usr/lib/libXnVFeatures_1_4_1.so
7f175bba0000-7f175bba6000 r--p 001f6000 07:00 2759927                    /usr/lib/libXnVFeatures_1_4_1.so
7f175bba6000-7f175bba7000 rw-p 001fc000 07:00 2759927                    /usr/lib/libXnVFeatures_1_4_1.so
7f175bba7000-7f175bbad000 rw-p 00000000 00:00 0 
7f175bbad000-7f175bdf2000 r-xp 00000000 07:00 2759926                    /usr/lib/libXnVFeatures_1_3_1.so
7f175bdf2000-7f175bff2000 ---p 00245000 07:00 2759926                    /usr/lib/libXnVFeatures_1_3_1.so
7f175bff2000-7f175bff8000 r--p 00245000 07:00 2759926                    /usr/lib/libXnVFeatures_1_3_1.so
7f175bff8000-7f175bff9000 rw-p 0024b000 07:00 2759926                    /usr/lib/libXnVFeatures_1_3_1.so
7f175bff9000-7f175c000000 rw-p 00000000 00:00 0 
7f175c000000-7f175c021000 rw-p 00000000 00:00 0 
7f175c021000-7f1760000000 ---p 00000000 00:00 0 
7f1760033000-7f1760108000 rw-p 00000000 00:00 0 
7f1760108000-7f1760126000 r-xp 00000000 07:00 2760368                    /usr/lib/libnimRecorder.so
7f1760126000-7f1760325000 ---p 0001e000 07:00 2760368                    /usr/lib/libnimRecorder.so
7f1760325000-7f1760327000 r--p 0001d000 07:00 2760368                    /usr/lib/libnimRecorder.so
7f1760327000-7f1760328000 rw-p 0001f000 07:00 2760368                    /usr/lib/libnimRecorder.so
7f1760328000-7f176035e000 r-xp 00000000 07:00 2760366                    /usr/lib/libnimCodecs.so
7f176035e000-7f176055e000 ---p 00036000 07:00 2760366                    /usr/lib/libnimCodecs.so
7f176055e000-7f1760561000 r--p 00036000 07:00 2760366                    /usr/lib/libnimCodecs.so
7f1760561000-7f1760562000 rw-p 00039000 07:00 2760366                    /usr/lib/libnimCodecs.so
7f1760562000-7f1760582000 rw-p 00000000 00:00 0 
7f1760582000-7f17605b9000 r-xp 00000000 07:00 2760367                    /usr/lib/libnimMockNodes.so
7f17605b9000-7f17607b8000 ---p 00037000 07:00 2760367                    /usr/lib/libnimMockNodes.so
7f17607b8000-7f17607c5000 r--p 00036000 07:00 2760367                    /usr/lib/libnimMockNodes.so
7f17607c5000-7f17607c6000 rw-p 00043000 07:00 2760367                    /usr/lib/libnimMockNodes.so
7f17607c6000-7f17607d4000 r-xp 00000000 07:00 136665                     /lib/x86_64-linux-gnu/libusb-1.0.so.0.1.0
7f17607d4000-7f17609d3000 ---p 0000e000 07:00 136665                     /lib/x86_64-linux-gnu/libusb-1.0.so.0.1.0
7f17609d3000-7f17609d4000 r--p 0000d000 07:00 136665                     /lib/x86_64-linux-gnu/libusb-1.0.so.0.1.0
7f17609d4000-7f17609d5000 rw-p 0000e000 07:00 136665                     /lib/x86_64-linux-gnu/libusb-1.0.so.0.1.0
7f17609d5000-7f1760a52000 r-xp 00000000 07:00 2759909                    /usr/lib/libOpenNI.so
7f1760a52000-7f1760c51000 ---p 0007d000 07:00 2759909                    /usr/lib/libOpenNI.so
7f1760c51000-7f1760c54000 r--p 0007c000 07:00 2759909                    /usr/lib/libOpenNI.so
7f1760c54000-7f1760c57000 rw-p 0007f000 07:00 2759909                    /usr/lib/libOpenNI.so
7f1760c57000-7f1760c58000 rw-p 00000000 00:00 0 
7f1760c58000-7f1760c7c000 r-xp 00000000 07:00 2759908                    /usr/lib/libOpenNI.jni.so
7f1760c7c000-7f1760e7b000 ---p 00024000 07:00 2759908                    /usr/lib/libOpenNI.jni.so
7f1760e7b000-7f1760e7c000 r--p 00023000 07:00 2759908                    /usr/lib/libOpenNI.jni.so
7f1760e7c000-7f1760e7f000 rw-p 00024000 07:00 2759908                    /usr/lib/libOpenNI.jni.so
7f1760e7f000-7f1760f80000 rwxp 00000000 00:00 0 
7f1760f80000-7f1760f89000 r--s 00000000 07:00 2229112                    /var/cache/fontconfig/945677eb7aeaf62f1d50efc3fb3ec7d8-le64.cache-3
7f1760f89000-7f1760f91000 r--s 00000000 07:00 2229114                    /var/cache/fontconfig/a6d8cf8e4ec09cdbc8633c31745a07dd-le64.cache-3
7f1760fb5000-7f1760fba000 r-xp 00000000 07:00 2766745                    /usr/lib/x86_64-linux-gnu/libXfixes.so.3.1.0
7f1760fba000-7f17611b9000 ---p 00005000 07:00 2766745                    /usr/lib/x86_64-linux-gnu/libXfixes.so.3.1.0
7f17611b9000-7f17611ba000 r--p 00004000 07:00 2766745                    /usr/lib/x86_64-linux-gnu/libXfixes.so.3.1.0
7f17611ba000-7f17611bb000 rw-p 00005000 07:00 2766745                    /usr/lib/x86_64-linux-gnu/libXfixes.so.3.1.0
7f17611bb000-7f17611c4000 r-xp 00000000 07:00 2766737                    /usr/lib/x86_64-linux-gnu/libXcursor.so.1.0.2
7f17611c4000-7f17613c3000 ---p 00009000 07:00 2766737                    /usr/lib/x86_64-linux-gnu/libXcursor.so.1.0.2
7f17613c3000-7f17613c4000 r--p 00008000 07:00 2766737                    /usr/lib/x86_64-linux-gnu/libXcursor.so.1.0.2
7f17613c4000-7f17613c5000 rw-p 00009000 07:00 2766737                    /usr/lib/x86_64-linux-gnu/libXcursor.so.1.0.2
7f17613e6000-7f17613ea000 rw-s 00000000 00:04 1470070834                 /SYSV00000000 (deleted)
7f17613ea000-7f17613f1000 r--s 000fb000 07:00 2884213                    /usr/lib/jvm/java-6-openjdk-common/jre/lib/resources.jar
7f17613f1000-7f17614f2000 rwxp 00000000 00:00 0 
7f17614f2000-7f1761588000 r-xp 00000000 07:00 2767280                    /usr/lib/x86_64-linux-gnu/libfreetype.so.6.8.0
7f1761588000-7f1761787000 ---p 00096000 07:00 2767280                    /usr/lib/x86_64-linux-gnu/libfreetype.so.6.8.0
7f1761787000-7f176178d000 r--p 00095000 07:00 2767280                    /usr/lib/x86_64-linux-gnu/libfreetype.so.6.8.0
7f176178d000-7f176178e000 rw-p 0009b000 07:00 2767280                    /usr/lib/x86_64-linux-gnu/libfreetype.so.6.8.0
7f176178e000-7f17617c8000 r-xp 00000000 07:00 2884078                    /usr/lib/jvm/java-6-openjdk-amd64/jre/lib/amd64/libfontmanager.so
7f17617c8000-7f17619c7000 ---p 0003a000 07:00 2884078                    /usr/lib/jvm/java-6-openjdk-amd64/jre/lib/amd64/libfontmanager.so
7f17619c7000-7f17619c9000 r--p 00039000 07:00 2884078                    /usr/lib/jvm/java-6-openjdk-amd64/jre/lib/amd64/libfontmanager.so
7f17619c9000-7f17619ca000 rw-p 0003b000 07:00 2884078                    /usr/lib/jvm/java-6-openjdk-amd64/jre/lib/amd64/libfontmanager.so
7f17619ca000-7f17619cf000 r-xp 00000000 07:00 2766741                    /usr/lib/x86_64-linux-gnu/libXdmcp.so.6.0.0
7f17619cf000-7f1761bce000 ---p 00005000 07:00 2766741                    /usr/lib/x86_64-linux-gnu/libXdmcp.so.6.0.0
7f1761bce000-7f1761bcf000 r--p 00004000 07:00 2766741                    /usr/lib/x86_64-linux-gnu/libXdmcp.so.6.0.0
7f1761bcf000-7f1761bd0000 rw-p 00005000 07:00 2766741                    /usr/lib/x86_64-linux-gnu/libXdmcp.so.6.0.0
7f1761bd0000-7f1761bd2000 r-xp 00000000 07:00 2766732                    /usr/lib/x86_64-linux-gnu/libXau.so.6.0.0
7f1761bd2000-7f1761dd1000 ---p 00002000 07:00 2766732                    /usr/lib/x86_64-linux-gnu/libXau.so.6.0.0
7f1761dd1000-7f1761dd2000 r--p 00001000 07:00 2766732                    /usr/lib/x86_64-linux-gnu/libXau.so.6.0.0
7f1761dd2000-7f1761dd3000 rw-p 00002000 07:00 2766732                    /usr/lib/x86_64-linux-gnu/libXau.so.6.0.0
7f1761dd3000-7f1761df0000 r-xp 00000000 07:00 2767626                    /usr/lib/x86_64-linux-gnu/libxcb.so.1.1.0
7f1761df0000-7f1761fef000 ---p 0001d000 07:00 2767626                    /usr/lib/x86_64-linux-gnu/libxcb.so.1.1.0
7f1761fef000-7f1761ff0000 r--p 0001c000 07:00 2767626                    /usr/lib/x86_64-linux-gnu/libxcb.so.1.1.0
7f1761ff0000-7f1761ff1000 rw-p 0001d000 07:00 2767626                    /usr/lib/x86_64-linux-gnu/libxcb.so.1.1.0
7f1761ff1000-7f1761fff000 r-xp 00000000 07:00 2766749                    /usr/lib/x86_64-linux-gnu/libXi.so.6.1.0
7f1761fff000-7f17621fe000 ---p 0000e000 07:00 2766749                    /usr/lib/x86_64-linux-gnu/libXi.so.6.1.0
7f17621fe000-7f17621ff000 r--p 0000d000 07:00 2766749                    /usr/lib/x86_64-linux-gnu/libXi.so.6.1.0
7f17621ff000-7f1762200000 rw-p 0000e000 07:00 2766749                    /usr/lib/x86_64-linux-gnu/libXi.so.6.1.0
7f1762200000-7f1762205000 r-xp 00000000 07:00 2766764                    /usr/lib/x86_64-linux-gnu/libXtst.so.6.1.0
7f1762205000-7f1762404000 ---p 00005000 07:00 2766764                    /usr/lib/x86_64-linux-gnu/libXtst.so.6.1.0
7f1762404000-7f1762405000 r--p 00004000 07:00 2766764                    /usr/lib/x86_64-linux-gnu/libXtst.so.6.1.0
7f1762405000-7f1762406000 rw-p 00005000 07:00 2766764                    /usr/lib/x86_64-linux-gnu/libXtst.so.6.1.0
7f1762406000-7f176240f000 r-xp 00000000 07:00 2766760                    /usr/lib/x86_64-linux-gnu/libXrender.so.1.3.0
7f176240f000-7f176260e000 ---p 00009000 07:00 2766760                    /usr/lib/x86_64-linux-gnu/libXrender.so.1.3.0
7f176260e000-7f176260f000 r--p 00008000 07:00 2766760                    /usr/lib/x86_64-linux-gnu/libXrender.so.1.3.0
7f176260f000-7f1762610000 rw-p 00009000 07:00 2766760                    /usr/lib/x86_64-linux-gnu/libXrender.so.1.3.0
7f1762610000-7f176273f000 r-xp 00000000 07:00 2766730                    /usr/lib/x86_64-linux-gnu/libX11.so.6.3.0
7f176273f000-7f176293f000 ---p 0012f000 07:00 2766730                    /usr/lib/x86_64-linux-gnu/libX11.so.6.3.0
7f176293f000-7f1762940000 r--p 0012f000 07:00 2766730                    /usr/lib/x86_64-linux-gnu/libX11.so.6.3.0
7f1762940000-7f1762944000 rw-p 00130000 07:00 2766730                    /usr/lib/x86_64-linux-gnu/libX11.so.6.3.0
7f1762944000-7f1762954000 r-xp 00000000 07:00 2766743                    /usr/lib/x86_64-linux-gnu/libXext.so.6.4.0
7f1762954000-7f1762b53000 ---p 00010000 07:00 2766743                    /usr/lib/x86_64-linux-gnu/libXext.so.6.4.0
7f1762b53000-7f1762b54000 r--p 0000f000 07:00 2766743                    /usr/lib/x86_64-linux-gnu/libXext.so.6.4.0
7f1762b54000-7f1762b55000 rw-p 00010000 07:00 2766743                    /usr/lib/x86_64-linux-gnu/libXext.so.6.4.0
7f1762b55000-7f1762ba0000 r-xp 00000000 07:00 2884115                    /usr/lib/jvm/java-6-openjdk-amd64/jre/lib/amd64/xawt/libmawt.so
7f1762ba0000-7f1762da0000 ---p 0004b000 07:00 2884115                    /usr/lib/jvm/java-6-openjdk-amd64/jre/lib/amd64/xawt/libmawt.so
7f1762da0000-7f1762da1000 r--p 0004b000 07:00 2884115                    /usr/lib/jvm/java-6-openjdk-amd64/jre/lib/amd64/xawt/libmawt.so
7f1762da1000-7f1762da4000 rw-p 0004c000 07:00 2884115                    /usr/lib/jvm/java-6-openjdk-amd64/jre/lib/amd64/xawt/libmawt.so
7f1762da4000-7f1762da5000 rw-p 00000000 00:00 0 
7f1762da5000-7f1762e51000 r-xp 00000000 07:00 2884076                    /usr/lib/jvm/java-6-openjdk-amd64/jre/lib/amd64/libawt.so
7f1762e51000-7f1763050000 ---p 000ac000 07:00 2884076                    /usr/lib/jvm/java-6-openjdk-amd64/jre/lib/amd64/libawt.so
7f1763050000-7f1763051000 r--p 000ab000 07:00 2884076                    /usr/lib/jvm/java-6-openjdk-amd64/jre/lib/amd64/libawt.so
7f1763051000-7f176305c000 rw-p 000ac000 07:00 2884076                    /usr/lib/jvm/java-6-openjdk-amd64/jre/lib/amd64/libawt.so
7f176305c000-7f1763081000 rw-p 00000000 00:00 0 
7f1763081000-7f1763082000 ---p 00000000 00:00 0 
7f1763082000-7f1763283000 rwxp 00000000 00:00 0 
7f1763283000-7f1763284000 ---p 00000000 00:00 0 
7f1763284000-7f1763384000 rwxp 00000000 00:00 0 
7f1763384000-7f1763385000 ---p 00000000 00:00 0 
7f1763385000-7f1763586000 rwxp 00000000 00:00 0 
7f1763586000-7f17639fa000 r--p 00000000 07:00 2765053                    /usr/lib/locale/locale-archive
7f17639fa000-7f1763bfc000 rwxp 00000000 00:00 0 
7f1763bfc000-7f1763bfd000 ---p 00000000 00:00 0 
7f1763bfd000-7f1763cfd000 rwxp 00000000 00:00 0 
7f1763cfd000-7f1764000000 rw-p 00000000 00:00 0 
7f1764000000-7f1764021000 rw-p 00000000 00:00 0 
7f1764021000-7f1768000000 ---p 00000000 00:00 0 
7f1768001000-7f1768002000 rw-s 00000000 00:12 1347094                    /run/shm/045e.02ae@1.52-SM
7f1768002000-7f1768006000 r--s 00000000 07:00 2229113                    /var/cache/fontconfig/99e8ed0e538f840c565b6ed5dad60d56-le64.cache-3
7f1768006000-7f176800a000 r--s 00000000 07:00 2229098                    /var/cache/fontconfig/2cd17615ca594fa2959ae173292e504c-le64.cache-3
7f176800a000-7f176800b000 r--s 00000000 07:00 2229126                    /var/cache/fontconfig/e7071f4a29fa870f4323321c154eba04-le64.cache-3
7f176800b000-7f176800c000 r--s 00000000 07:00 2229096                    /var/cache/fontconfig/0d8c3b2ac0904cb8a57a757ad11a4a08-le64.cache-3
7f176800c000-7f1768012000 r--s 00000000 07:00 2229115                    /var/cache/fontconfig/a755afe4a08bf5b97852ceb7400b47bc-le64.cache-3
7f1768012000-7f176801b000 r--s 00000000 07:00 2229107                    /var/cache/fontconfig/6d41288fd70b0be22e8c3a91e032eec0-le64.cache-3
7f176801b000-7f176802b000 r--s 00000000 07:00 2229094                    /var/cache/fontconfig/04aabc0a78ac019cf9454389977116d2-le64.cache-3
7f176802b000-7f176802e000 r--s 00000000 07:00 2229101                    /var/cache/fontconfig/385c0604a188198f04d133e54aba7fe7-le64.cache-3
7f176802e000-7f176802f000 r--s 00000000 07:00 2229102                    /var/cache/fontconfig/4794a0821666d79190d59a36cb4f44b5-le64.cache-3
7f176802f000-7f1768032000 r--s 00000000 07:00 2229111                    /var/cache/fontconfig/8801497958630a81b71ace7c5f9b32a8-le64.cache-3
7f1768032000-7f1768037000 r--s 00000000 07:00 2229099                    /var/cache/fontconfig/3047814df9a2f067bd2d96a2b9c36e5a-le64.cache-3
7f1768037000-7f176803c000 r--s 00000000 07:00 2229116                    /var/cache/fontconfig/b47c4e1ecd0709278f4910c18777a504-le64.cache-3
7f176803c000-7f176804c000 r--s 00000000 07:00 2229122                    /var/cache/fontconfig/d52a8644073d54c13679302ca1180695-le64.cache-3
7f176804c000-7f1768058000 r--s 00000000 07:00 2229095                    /var/cache/fontconfig/089dead882dea3570ffc31a9898cfb69-le64.cache-3
7f1768058000-7f176806b000 r--s 00000000 07:00 2229124                    /var/cache/fontconfig/e13b20fdb08344e0e664864cc2ede53d-le64.cache-3
7f176806b000-7f176806f000 r--s 00000000 07:00 2229109                    /var/cache/fontconfig/7ef2298fde41cc6eeb7af42e48b7d293-le64.cache-3
7f176806f000-7f1768078000 r--s 00000000 07:00 2229112                    /var/cache/fontconfig/945677eb7aeaf62f1d50efc3fb3ec7d8-le64.cache-3
7f1768078000-7f176807c000 r--s 00000000 07:00 2229113                    /var/cache/fontconfig/99e8ed0e538f840c565b6ed5dad60d56-le64.cache-3
7f176807c000-7f1768084000 r--s 00000000 07:00 2229114                    /var/cache/fontconfig/a6d8cf8e4ec09cdbc8633c31745a07dd-le64.cache-3
7f1768084000-7f176808a000 r--s 00000000 07:00 2229115                    /var/cache/fontconfig/a755afe4a08bf5b97852ceb7400b47bc-le64.cache-3
7f176808a000-7f1768093000 r--s 00000000 07:00 2229107                    /var/cache/fontconfig/6d41288fd70b0be22e8c3a91e032eec0-le64.cache-3
7f1768093000-7f17680a3000 r--s 00000000 07:00 2229094                    /var/cache/fontconfig/04aabc0a78ac019cf9454389977116d2-le64.cache-3
7f17680a3000-7f17682a5000 rw-p 00000000 00:00 0 
7f17682a5000-7f1768437000 r--s 037c2000 07:00 2884073                    /usr/lib/jvm/java-6-openjdk-amd64/jre/lib/rt.jar
7f1768437000-7f1768438000 ---p 00000000 00:00 0 
7f1768438000-7f1768538000 rwxp 00000000 00:00 0 
7f1768538000-7f1768539000 ---p 00000000 00:00 0 
7f1768539000-7f1768639000 rwxp 00000000 00:00 0 
7f1768639000-7f176863a000 ---p 00000000 00:00 0 
7f176863a000-7f176873a000 rwxp 00000000 00:00 0 
7f176873a000-7f1768764000 rw-p 00000000 00:00 0 
7f1768764000-7f17689cb000 rw-p 00000000 00:00 0 
7f17689cb000-7f17689d6000 rw-p 00000000 00:00 0 
7f17689d6000-7f1768a1e000 rw-p 00000000 00:00 0 
7f1768a1e000-7f1768a48000 rw-p 00000000 00:00 0 
7f1768a48000-7f1768cae000 rw-p 00000000 00:00 0 
7f1768cae000-7f1768cc4000 rw-p 00000000 00:00 0 
7f1768cc4000-7f1768df7000 rw-p 00000000 00:00 0 
7f1768df7000-7f1768df8000 rw-p 00000000 00:00 0 
7f1768df8000-7f1769068000 rwxp 00000000 00:00 0 
7f1769068000-7f176bdf8000 rw-p 00000000 00:00 0 
7f176bdf8000-7f176bdff000 r-xp 00000000 07:00 2884105                    /usr/lib/jvm/java-6-openjdk-amd64/jre/lib/amd64/libzip.so
7f176bdff000-7f176bffe000 ---p 00007000 07:00 2884105                    /usr/lib/jvm/java-6-openjdk-amd64/jre/lib/amd64/libzip.so
7f176bffe000-7f176bfff000 r--p 00006000 07:00 2884105                    /usr/lib/jvm/java-6-openjdk-amd64/jre/lib/amd64/libzip.so
7f176bfff000-7f176c000000 rw-p 00007000 07:00 2884105                    /usr/lib/jvm/java-6-openjdk-amd64/jre/lib/amd64/libzip.so
7f176c000000-7f1770000000 rw-p 00000000 00:00 0 
7f1770000000-7f1770001000 r--s 00000000 07:00 2229118                    /var/cache/fontconfig/c05880de57d1f5e948fdfacc138775d9-le64.cache-3
7f1770001000-7f1770002000 r--s 00000000 07:00 2229104                    /var/cache/fontconfig/56cf4f4769d0f4abc89a4895d7bd3ae1-le64.cache-3
7f1770002000-7f1770003000 r--s 00000000 07:00 2229117                    /var/cache/fontconfig/b9d506c9ac06c20b433354fa67a72993-le64.cache-3
7f1770003000-7f1770004000 r--s 00000000 07:00 2229118                    /var/cache/fontconfig/c05880de57d1f5e948fdfacc138775d9-le64.cache-3
7f1770004000-7f1770008000 r--s 00000000 07:00 2229098                    /var/cache/fontconfig/2cd17615ca594fa2959ae173292e504c-le64.cache-3
7f1770008000-7f1770009000 r--s 00000000 07:00 2229126                    /var/cache/fontconfig/e7071f4a29fa870f4323321c154eba04-le64.cache-3
7f1770009000-7f177000c000 r--s 00000000 07:00 2229101                    /var/cache/fontconfig/385c0604a188198f04d133e54aba7fe7-le64.cache-3
7f177000c000-7f177000d000 r--s 00000000 07:00 2229102                    /var/cache/fontconfig/4794a0821666d79190d59a36cb4f44b5-le64.cache-3
7f177000d000-7f1770010000 r--s 00000000 07:00 2229111                    /var/cache/fontconfig/8801497958630a81b71ace7c5f9b32a8-le64.cache-3
7f1770010000-7f1770015000 r--s 00000000 07:00 2229099                    /var/cache/fontconfig/3047814df9a2f067bd2d96a2b9c36e5a-le64.cache-3
7f1770015000-7f1770025000 r--s 00000000 07:00 2229122                    /var/cache/fontconfig/d52a8644073d54c13679302ca1180695-le64.cache-3
7f1770025000-7f1770031000 r--s 00000000 07:00 2229095                    /var/cache/fontconfig/089dead882dea3570ffc31a9898cfb69-le64.cache-3
7f1770031000-7f177008c000 rw-p 00000000 00:00 0 
7f177008c000-7f177008d000 ---p 00000000 00:00 0 
7f177008d000-7f177018d000 rwxp 00000000 00:00 0 
7f177018d000-7f1770198000 rw-p 00000000 00:00 0 
7f1770198000-7f17701e0000 rw-p 00000000 00:00 0 
7f17701e0000-7f17701ec000 r-xp 00000000 07:00 136638                     /lib/x86_64-linux-gnu/libnss_files-2.15.so
7f17701ec000-7f17703eb000 ---p 0000c000 07:00 136638                     /lib/x86_64-linux-gnu/libnss_files-2.15.so
7f17703eb000-7f17703ec000 r--p 0000b000 07:00 136638                     /lib/x86_64-linux-gnu/libnss_files-2.15.so
7f17703ec000-7f17703ed000 rw-p 0000c000 07:00 136638                     /lib/x86_64-linux-gnu/libnss_files-2.15.so
7f17703ed000-7f17703f7000 r-xp 00000000 07:00 136640                     /lib/x86_64-linux-gnu/libnss_nis-2.15.so
7f17703f7000-7f17705f7000 ---p 0000a000 07:00 136640                     /lib/x86_64-linux-gnu/libnss_nis-2.15.so
7f17705f7000-7f17705f8000 r--p 0000a000 07:00 136640                     /lib/x86_64-linux-gnu/libnss_nis-2.15.so
7f17705f8000-7f17705f9000 rw-p 0000b000 07:00 136640                     /lib/x86_64-linux-gnu/libnss_nis-2.15.so
7f17705f9000-7f1770610000 r-xp 00000000 07:00 136635                     /lib/x86_64-linux-gnu/libnsl-2.15.so
7f1770610000-7f177080f000 ---p 00017000 07:00 136635                     /lib/x86_64-linux-gnu/libnsl-2.15.so
7f177080f000-7f1770810000 r--p 00016000 07:00 136635                     /lib/x86_64-linux-gnu/libnsl-2.15.so
7f1770810000-7f1770811000 rw-p 00017000 07:00 136635                     /lib/x86_64-linux-gnu/libnsl-2.15.so
7f1770811000-7f1770813000 rw-p 00000000 00:00 0 
7f1770813000-7f177081b000 r-xp 00000000 07:00 136636                     /lib/x86_64-linux-gnu/libnss_compat-2.15.so
7f177081b000-7f1770a1a000 ---p 00008000 07:00 136636                     /lib/x86_64-linux-gnu/libnss_compat-2.15.so
7f1770a1a000-7f1770a1b000 r--p 00007000 07:00 136636                     /lib/x86_64-linux-gnu/libnss_compat-2.15.so
7f1770a1b000-7f1770a1c000 rw-p 00008000 07:00 136636                     /lib/x86_64-linux-gnu/libnss_compat-2.15.so
7f1770a1c000-7f1770a48000 r-xp 00000000 07:00 2884085                    /usr/lib/jvm/java-6-openjdk-amd64/jre/lib/amd64/libjava.so
7f1770a48000-7f1770c47000 ---p 0002c000 07:00 2884085                    /usr/lib/jvm/java-6-openjdk-amd64/jre/lib/amd64/libjava.so
7f1770c47000-7f1770c48000 r--p 0002b000 07:00 2884085                    /usr/lib/jvm/java-6-openjdk-amd64/jre/lib/amd64/libjava.so
7f1770c48000-7f1770c4b000 rw-p 0002c000 07:00 2884085                    /usr/lib/jvm/java-6-openjdk-amd64/jre/lib/amd64/libjava.so
7f1770c4b000-7f1770c59000 r-xp 00000000 07:00 2884104                    /usr/lib/jvm/java-6-openjdk-amd64/jre/lib/amd64/libverify.so
7f1770c59000-7f1770e58000 ---p 0000e000 07:00 2884104                    /usr/lib/jvm/java-6-openjdk-amd64/jre/lib/amd64/libverify.so
7f1770e58000-7f1770e5a000 r--p 0000d000 07:00 2884104                    /usr/lib/jvm/java-6-openjdk-amd64/jre/lib/amd64/libverify.so
7f1770e5a000-7f1770e5b000 rw-p 0000f000 07:00 2884104                    /usr/lib/jvm/java-6-openjdk-amd64/jre/lib/amd64/libverify.so
7f1770e5b000-7f1770e62000 r-xp 00000000 07:00 136656                     /lib/x86_64-linux-gnu/librt-2.15.so
7f1770e62000-7f1771061000 ---p 00007000 07:00 136656                     /lib/x86_64-linux-gnu/librt-2.15.so
7f1771061000-7f1771062000 r--p 00006000 07:00 136656                     /lib/x86_64-linux-gnu/librt-2.15.so
7f1771062000-7f1771063000 rw-p 00007000 07:00 136656                     /lib/x86_64-linux-gnu/librt-2.15.so
7f1771063000-7f1771078000 r-xp 00000000 07:00 136622                     /lib/x86_64-linux-gnu/libgcc_s.so.1
7f1771078000-7f1771277000 ---p 00015000 07:00 136622                     /lib/x86_64-linux-gnu/libgcc_s.so.1
7f1771277000-7f1771278000 r--p 00014000 07:00 136622                     /lib/x86_64-linux-gnu/libgcc_s.so.1
7f1771278000-7f1771279000 rw-p 00015000 07:00 136622                     /lib/x86_64-linux-gnu/libgcc_s.so.1
7f1771279000-7f1771374000 r-xp 00000000 07:00 136628                     /lib/x86_64-linux-gnu/libm-2.15.so
7f1771374000-7f1771573000 ---p 000fb000 07:00 136628                     /lib/x86_64-linux-gnu/libm-2.15.so
7f1771573000-7f1771574000 r--p 000fa000 07:00 136628                     /lib/x86_64-linux-gnu/libm-2.15.so
7f1771574000-7f1771575000 rw-p 000fb000 07:00 136628                     /lib/x86_64-linux-gnu/libm-2.15.so
7f1771575000-7f1771657000 r-xp 00000000 07:00 2767523                    /usr/lib/x86_64-linux-gnu/libstdc++.so.6.0.16
7f1771657000-7f1771856000 ---p 000e2000 07:00 2767523                    /usr/lib/x86_64-linux-gnu/libstdc++.so.6.0.16
7f1771856000-7f177185e000 r--p 000e1000 07:00 2767523                    /usr/lib/x86_64-linux-gnu/libstdc++.so.6.0.16
7f177185e000-7f1771860000 rw-p 000e9000 07:00 2767523                    /usr/lib/x86_64-linux-gnu/libstdc++.so.6.0.16
7f1771860000-7f1771875000 rw-p 00000000 00:00 0 
7f1771875000-7f177217a000 r-xp 00000000 07:00 2884114                    /usr/lib/jvm/java-6-openjdk-amd64/jre/lib/amd64/server/libjvm.so
7f177217a000-7f177237a000 ---p 00905000 07:00 2884114                    /usr/lib/jvm/java-6-openjdk-amd64/jre/lib/amd64/server/libjvm.so
7f177237a000-7f17723fa000 r--p 00905000 07:00 2884114                    /usr/lib/jvm/java-6-openjdk-amd64/jre/lib/amd64/server/libjvm.so
7f17723fa000-7f1772415000 rw-p 00985000 07:00 2884114                    /usr/lib/jvm/java-6-openjdk-amd64/jre/lib/amd64/server/libjvm.so
7f1772415000-7f177243e000 rw-p 00000000 00:00 0 
7f177243e000-7f1772454000 r-xp 00000000 07:00 136669                     /lib/x86_64-linux-gnu/libz.so.1.2.3.4
7f1772454000-7f1772653000 ---p 00016000 07:00 136669                     /lib/x86_64-linux-gnu/libz.so.1.2.3.4
7f1772653000-7f1772654000 r--p 00015000 07:00 136669                     /lib/x86_64-linux-gnu/libz.so.1.2.3.4
7f1772654000-7f1772655000 rw-p 00016000 07:00 136669                     /lib/x86_64-linux-gnu/libz.so.1.2.3.4
7f1772655000-7f177280a000 r-xp 00000000 07:00 136611                     /lib/x86_64-linux-gnu/libc-2.15.so
7f177280a000-7f1772a09000 ---p 001b5000 07:00 136611                     /lib/x86_64-linux-gnu/libc-2.15.so
7f1772a09000-7f1772a0d000 r--p 001b4000 07:00 136611                     /lib/x86_64-linux-gnu/libc-2.15.so
7f1772a0d000-7f1772a0f000 rw-p 001b8000 07:00 136611                     /lib/x86_64-linux-gnu/libc-2.15.so
7f1772a0f000-7f1772a14000 rw-p 00000000 00:00 0 
7f1772a14000-7f1772a16000 r-xp 00000000 07:00 136618                     /lib/x86_64-linux-gnu/libdl-2.15.so
7f1772a16000-7f1772c16000 ---p 00002000 07:00 136618                     /lib/x86_64-linux-gnu/libdl-2.15.so
7f1772c16000-7f1772c17000 r--p 00002000 07:00 136618                     /lib/x86_64-linux-gnu/libdl-2.15.so
7f1772c17000-7f1772c18000 rw-p 00003000 07:00 136618                     /lib/x86_64-linux-gnu/libdl-2.15.so
7f1772c18000-7f1772c1c000 r-xp 00000000 07:00 2884111                    /usr/lib/jvm/java-6-openjdk-amd64/jre/lib/amd64/jli/libjli.so
7f1772c1c000-7f1772e1b000 ---p 00004000 07:00 2884111                    /usr/lib/jvm/java-6-openjdk-amd64/jre/lib/amd64/jli/libjli.so
7f1772e1b000-7f1772e1c000 r--p 00003000 07:00 2884111                    /usr/lib/jvm/java-6-openjdk-amd64/jre/lib/amd64/jli/libjli.so
7f1772e1c000-7f1772e1d000 rw-p 00004000 07:00 2884111                    /usr/lib/jvm/java-6-openjdk-amd64/jre/lib/amd64/jli/libjli.so
7f1772e1d000-7f1772e35000 r-xp 00000000 07:00 136653                     /lib/x86_64-linux-gnu/libpthread-2.15.so
7f1772e35000-7f1773034000 ---p 00018000 07:00 136653                     /lib/x86_64-linux-gnu/libpthread-2.15.so
7f1773034000-7f1773035000 r--p 00017000 07:00 136653                     /lib/x86_64-linux-gnu/libpthread-2.15.so
7f1773035000-7f1773036000 rw-p 00018000 07:00 136653                     /lib/x86_64-linux-gnu/libpthread-2.15.so
7f1773036000-7f177303a000 rw-p 00000000 00:00 0 
7f177303a000-7f177305c000 r-xp 00000000 07:00 136601                     /lib/x86_64-linux-gnu/ld-2.15.so
7f177305c000-7f177306f000 r--s 00000000 07:00 2229124                    /var/cache/fontconfig/e13b20fdb08344e0e664864cc2ede53d-le64.cache-3
7f177306f000-7f1773079000 rw-p 00000000 00:00 0 
7f1773079000-7f177312f000 rw-p 00000000 00:00 0 
7f177312f000-7f1773132000 ---p 00000000 00:00 0 
7f1773132000-7f1773230000 rwxp 00000000 00:00 0 
7f1773230000-7f1773235000 rw-p 00000000 00:00 0 
7f1773235000-7f1773236000 r--s 00000000 07:00 2229096                    /var/cache/fontconfig/0d8c3b2ac0904cb8a57a757ad11a4a08-le64.cache-3
7f1773236000-7f1773237000 r--s 00000000 07:00 2229104                    /var/cache/fontconfig/56cf4f4769d0f4abc89a4895d7bd3ae1-le64.cache-3
7f1773237000-7f1773238000 r--s 00000000 07:00 2229117                    /var/cache/fontconfig/b9d506c9ac06c20b433354fa67a72993-le64.cache-3
7f1773238000-7f177323d000 r--s 00000000 07:00 2229116                    /var/cache/fontconfig/b47c4e1ecd0709278f4910c18777a504-le64.cache-3
7f177323d000-7f1773241000 r--s 00000000 07:00 2229109                    /var/cache/fontconfig/7ef2298fde41cc6eeb7af42e48b7d293-le64.cache-3
7f1773241000-7f1773242000 r--s 00007000 07:00 1188646                    /usr/share/java/java-atk-wrapper.jar
7f1773242000-7f1773244000 r--s 00001000 07:00 2884220                    /usr/lib/jvm/java-6-openjdk-common/jre/lib/ext/dnsns.jar
7f1773244000-7f1773247000 r--s 00031000 07:00 2884223                    /usr/lib/jvm/java-6-openjdk-common/jre/lib/ext/sunjce_provider.jar
7f1773247000-7f1773249000 r--s 0000f000 07:00 2884222                    /usr/lib/jvm/java-6-openjdk-common/jre/lib/ext/pulse-java.jar
7f1773249000-7f177324d000 r--s 00038000 07:00 2884224                    /usr/lib/jvm/java-6-openjdk-common/jre/lib/ext/sunpkcs11.jar
7f177324d000-7f1773250000 r--s 00077000 07:00 2884221                    /usr/lib/jvm/java-6-openjdk-common/jre/lib/ext/localedata.jar
7f1773250000-7f1773258000 rw-s 00000000 07:00 691                        /tmp/hsperfdata_qyr1987/26966
7f1773258000-7f1773259000 rw-p 00000000 00:00 0 
7f1773259000-7f177325a000 r--p 00000000 00:00 0 
7f177325a000-7f177325c000 rw-p 00000000 00:00 0 
7f177325c000-7f177325d000 r--p 00022000 07:00 136601                     /lib/x86_64-linux-gnu/ld-2.15.so
7f177325d000-7f177325f000 rw-p 00023000 07:00 136601                     /lib/x86_64-linux-gnu/ld-2.15.so
7fffb7e46000-7fffb7e65000 rwxp 00000000 00:00 0                          [stack]
7fffb7e65000-7fffb7e67000 rw-p 00000000 00:00 0 
7fffb7fff000-7fffb8000000 r-xp 00000000 00:00 0                          [vdso]
ffffffffff600000-ffffffffff601000 r-xp 00000000 00:00 0                  [vsyscall]

VM Arguments:
jvm_args: -Dfile.encoding=UTF-8 
java_command: edu.seas.upenn.ese519.MainFrame
Launcher Type: SUN_STANDARD

Environment Variables:
PATH=/home/qyr1987/bin:/usr/lib/lightdm/lightdm:/usr/local/sbin:/usr/local/bin:/usr/sbin:/usr/bin:/sbin:/bin:/usr/games
LD_LIBRARY_PATH=/usr/lib/jvm/java-6-openjdk-amd64/jre/lib/amd64/server:/usr/lib/jvm/java-6-openjdk-amd64/jre/lib/amd64:/usr/lib/jvm/java-6-openjdk-amd64/jre/../lib/amd64
SHELL=/bin/bash
DISPLAY=:0

Signal Handlers:
SIGSEGV: [libjvm.so+0x7852e0], sa_mask[0]=0x7ffbfeff, sa_flags=0x10000004
SIGBUS: [libjvm.so+0x7852e0], sa_mask[0]=0x7ffbfeff, sa_flags=0x10000004
SIGFPE: [libjvm.so+0x648d40], sa_mask[0]=0x7ffbfeff, sa_flags=0x10000004
SIGPIPE: [libjvm.so+0x648d40], sa_mask[0]=0x7ffbfeff, sa_flags=0x10000004
SIGXFSZ: [libjvm.so+0x648d40], sa_mask[0]=0x7ffbfeff, sa_flags=0x10000004
SIGILL: [libjvm.so+0x648d40], sa_mask[0]=0x7ffbfeff, sa_flags=0x10000004
SIGUSR1: SIG_DFL, sa_mask[0]=0x00000000, sa_flags=0x00000000
SIGUSR2: [libjvm.so+0x648ef0], sa_mask[0]=0x00000004, sa_flags=0x10000004
SIGHUP: [libjvm.so+0x64ba10], sa_mask[0]=0x7ffbfeff, sa_flags=0x10000004
SIGINT: [libjvm.so+0x64ba10], sa_mask[0]=0x7ffbfeff, sa_flags=0x10000004
SIGTERM: [libjvm.so+0x64ba10], sa_mask[0]=0x7ffbfeff, sa_flags=0x10000004
SIGQUIT: [libjvm.so+0x64ba10], sa_mask[0]=0x7ffbfeff, sa_flags=0x10000004


---------------  S Y S T E M  ---------------

OS:Ubuntu 12.04 (precise)
uname:Linux 3.2.0-33-generic #52-Ubuntu SMP Thu Oct 18 16:29:15 UTC 2012 x86_64
libc:glibc 2.15 NPTL 2.15 
rlimit: STACK 8192k, CORE 0k, NPROC 62854, NOFILE 4096, AS infinity
load average:0.18 0.32 0.37

/proc/meminfo:
MemTotal:        8062936 kB
MemFree:         1562080 kB
Buffers:         1497152 kB
Cached:          2001768 kB
SwapCached:          188 kB
Active:          3591732 kB
Inactive:        2423576 kB
Active(anon):    2159128 kB
Inactive(anon):   854364 kB
Active(file):    1432604 kB
Inactive(file):  1569212 kB
Unevictable:        2708 kB
Mlocked:              32 kB
SwapTotal:        262140 kB
SwapFree:         230184 kB
Dirty:                96 kB
Writeback:             0 kB
AnonPages:       2519076 kB
Mapped:           211944 kB
Shmem:            494428 kB
Slab:             309724 kB
SReclaimable:     233216 kB
SUnreclaim:        76508 kB
KernelStack:        4936 kB
PageTables:        48596 kB
NFS_Unstable:          0 kB
Bounce:                0 kB
WritebackTmp:          0 kB
CommitLimit:     4293608 kB
Committed_AS:    6525644 kB
VmallocTotal:   34359738367 kB
VmallocUsed:      414572 kB
VmallocChunk:   34359275376 kB
HardwareCorrupted:     0 kB
AnonHugePages:         0 kB
HugePages_Total:       0
HugePages_Free:        0
HugePages_Rsvd:        0
HugePages_Surp:        0
Hugepagesize:       2048 kB
DirectMap4k:      137216 kB
DirectMap2M:     8142848 kB


CPU:total 4 (2 cores per cpu, 2 threads per core) family 6 model 42 stepping 7, cmov, cx8, fxsr, mmx, sse, sse2, sse3, ssse3, sse4.1, sse4.2, popcnt, ht

Memory: 4k page, physical 8062936k(1562080k free), swap 262140k(230184k free)

vm_info: OpenJDK 64-Bit Server VM (20.0-b12) for linux-amd64 JRE (1.6.0_24-b24), built on Oct 24 2012 16:17:28 by "buildd" with gcc 4.6.3

time: Mon Nov 26 15:19:04 2012
elapsed time: 2 seconds

