#
# A fatal error has been detected by the Java Runtime Environment:
#
#  SIGSEGV (0xb) at pc=0x00007f4543a4e59d, pid=26874, tid=139935091336960
#
# JRE version: 6.0_24-b24
# Java VM: OpenJDK 64-Bit Server VM (20.0-b12 mixed mode linux-amd64 compressed oops)
# Derivative: IcedTea6 1.11.5
# Distribution: Ubuntu 12.04 LTS, package 6b24-1.11.5-0ubuntu1~12.04.1
# Problematic frame:
# C  [libXnVFeatures_1_5_2.so+0x8b59d]  Segmentation::detectionByPoint(bool, std::vector<Vector2D<int>, std::allocator<Vector2D<int> > > const*)+0x8d
#
# If you would like to submit a bug report, please include
# instructions how to reproduce the bug and visit:
#   https://bugs.launchpad.net/ubuntu/+source/openjdk-6/
# The crash happened outside the Java Virtual Machine in native code.
# See problematic frame for where to report the bug.
#

---------------  T H R E A D  ---------------

Current thread (0x00007f4524009800):  JavaThread "Thread-3" [_thread_in_native, id=26911, stack(0x00007f452d592000,0x00007f452d693000)]

siginfo:si_signo=SIGSEGV: si_errno=0, si_code=2 (SEGV_ACCERR), si_addr=0x00007f45100a3444

Registers:
RAX=0x0000000000000102, RBX=0x00007f4510000c90, RCX=0x00007f4510096cc0, RDX=0x000000000000009e
RSP=0x00007f452d691600, RBP=0x00007f453b806e60, RSI=0x00000000000063c2, RDI=0x00007f453b806fe0
R8 =0x0000000000000000, R9 =0x0101010101010101, R10=0x00007f453b8c5a21, R11=0x00007f458b57bc9c
R12=0x00007f4543ff0d88, R13=0x00007f452d691760, R14=0x00007f453a876050, R15=0x0000000000000000
RIP=0x00007f4543a4e59d, EFLAGS=0x0000000000010202, CSGSFS=0x0000000000000033, ERR=0x0000000000000004
  TRAPNO=0x000000000000000e

Top of Stack: (sp=0x00007f452d691600)
0x00007f452d691600:   00007f45100a02d0 7fffffff00000000
0x00007f452d691610:   00007f45100a02d0 00007f453b806fe0
0x00007f452d691620:   00007f453b8082e0 00007f453b806e60
0x00007f452d691630:   00007f453b806fe0 00007f453b801d80
0x00007f452d691640:   00007f452d691760 00007f453a876050
0x00007f452d691650:   0000000000000000 00007f4543a55bc0
0x00007f452d691660:   0000000000355a86 0000000000355a86
0x00007f452d691670:   0000000000000000 3ff0000000000000
0x00007f452d691680:   00007f4543ff15a8 0000000000000001
0x00007f452d691690:   0000000000000040 00007f453a876010
0x00007f452d6916a0:   00007f453b801d80 00007f453b7e0f88
0x00007f452d6916b0:   00007f453a876050 00007f453a876028
0x00007f452d6916c0:   00007f452d691760 00007f4543a3e99b
0x00007f452d6916d0:   00007f453b8f7190 0000000000000008
0x00007f452d6916e0:   00000000003538fd 00000000003538fd
0x00007f452d6916f0:   0000000000000000 3ff0000000000000
0x00007f452d691700:   0000000000000000 00007f4543a188bd
0x00007f452d691710:   00007f452d691780 00007f458c0d001c
0x00007f452d691720:   0000000000000001 00007f458c0d0000
0x00007f452d691730:   00007f4584bc4a40 00007f4584223970
0x00007f452d691740:   00007f4524009800 00007f4543a1403f
0x00007f452d691750:   000000000000013c 00007f45718e7489
0x00007f452d691760:   00007f4510000c90 00007f4510000c98
0x00007f452d691770:   00007f4510000c98 00007f4510000b71
0x00007f452d691780:   0000009e00000102 00007f4584bc4a40
0x00007f452d691790:   00007f4584bc4a40 00007f4584bc4a40
0x00007f452d6917a0:   00007f45852371b0 0000000000000051
0x00007f452d6917b0:   00007f4529d82880 00007f4543a145bf
0x00007f452d6917c0:   00007f4543fd8af0 00007f458a4c74ec
0x00007f452d6917d0:   00007f4543fdad10 0000000000000000
0x00007f452d6917e0:   00000000002bc9fb 0009600000000001
0x00007f452d6917f0:   ffffffff00000001 00007f452d691834 

Instructions: (pc=0x00007f4543a4e59d)
0x00007f4543a4e57d:   39 5d 08 0f 84 d2 01 00 00 8b 53 04 41 8b 74 24
0x00007f4543a4e58d:   3c 49 8b 4c 24 28 8b 03 0f af f2 48 8b 09 01 c6
0x00007f4543a4e59d:   66 83 3c 71 00 74 d4 48 63 8d 88 01 00 00 48 8b
0x00007f4543a4e5ad:   7c 24 18 48 69 c9 d8 03 00 00 48 8d 74 0f 10 48 

Register to memory mapping:

RAX=0x0000000000000102 is an unknown value
RBX=0x00007f4510000c90 is an unknown value
RCX=0x00007f4510096cc0 is an unknown value
RDX=0x000000000000009e is an unknown value
RSP=0x00007f452d691600 is pointing into the stack for thread: 0x00007f4524009800
RBP=0x00007f453b806e60 is an unknown value
RSI=0x00000000000063c2 is an unknown value
RDI=0x00007f453b806fe0 is an unknown value
R8 =0x0000000000000000 is an unknown value
R9 =0x0101010101010101 is an unknown value
R10=0x00007f453b8c5a21 is an unknown value
R11=0x00007f458b57bc9c: <offset 0x8bc9c> in /lib/x86_64-linux-gnu/libc.so.6 at 0x00007f458b4f0000
R12=0x00007f4543ff0d88: <offset 0x62dd88> in /usr/lib/libXnVFeatures_1_5_2.so at 0x00007f45439c3000
R13=0x00007f452d691760 is pointing into the stack for thread: 0x00007f4524009800
R14=0x00007f453a876050 is an unknown value
R15=0x0000000000000000 is an unknown value


Stack: [0x00007f452d592000,0x00007f452d693000],  sp=0x00007f452d691600,  free space=1021k
Native frames: (J=compiled Java code, j=interpreted, Vv=VM code, C=native code)
C  [libXnVFeatures_1_5_2.so+0x8b59d]  Segmentation::detectionByPoint(bool, std::vector<Vector2D<int>, std::allocator<Vector2D<int> > > const*)+0x8d

Java frames: (J=compiled Java code, j=interpreted, Vv=VM code)
j  org.OpenNI.NativeMethods.xnWaitAnyUpdateAll(J)I+0
j  org.OpenNI.Context.waitAnyUpdateAll()V+4
j  edu.seas.upenn.ese519.OverlayPanel.run()V+12
j  java.lang.Thread.run()V+11
v  ~StubRoutines::call_stub

---------------  P R O C E S S  ---------------

Java Threads: ( => current thread )
  0x00007f452400b000 JavaThread "Thread-4" [_thread_blocked, id=26912, stack(0x00007f452d491000,0x00007f452d592000)]
=>0x00007f4524009800 JavaThread "Thread-3" [_thread_in_native, id=26911, stack(0x00007f452d592000,0x00007f452d693000)]
  0x00007f4524008000 JavaThread "Thread-2" [_thread_blocked, id=26910, stack(0x00007f452d693000,0x00007f452d794000)]
  0x00007f4524007000 JavaThread "Thread-1" [_thread_blocked, id=26909, stack(0x00007f45380f4000,0x00007f45381f5000)]
  0x00007f4584007800 JavaThread "DestroyJavaVM" [_thread_blocked, id=26879, stack(0x00007f458bfca000,0x00007f458c0cb000)]
  0x00007f4529d99800 JavaThread "AWT-EventQueue-0" [_thread_blocked, id=26908, stack(0x00007f453840b000,0x00007f453850c000)]
  0x00007f4529d96800 JavaThread "AWT-Shutdown" [_thread_blocked, id=26907, stack(0x00007f453850c000,0x00007f453860d000)]
  0x00007f45841fc000 JavaThread "AWT-XAWT" daemon [_thread_in_native, id=26893, stack(0x00007f4571d39000,0x00007f4571e3a000)]
  0x00007f458413c000 JavaThread "Java2D Disposer" daemon [_thread_blocked, id=26892, stack(0x00007f457226f000,0x00007f4572370000)]
  0x00007f458409e000 JavaThread "Low Memory Detector" daemon [_thread_blocked, id=26890, stack(0x00007f4580081000,0x00007f4580182000)]
  0x00007f458409b800 JavaThread "C2 CompilerThread1" daemon [_thread_in_native, id=26889, stack(0x00007f4580182000,0x00007f4580283000)]
  0x00007f4584098800 JavaThread "C2 CompilerThread0" daemon [_thread_blocked, id=26888, stack(0x00007f4580283000,0x00007f4580384000)]
  0x00007f4584097800 JavaThread "Signal Dispatcher" daemon [_thread_blocked, id=26887, stack(0x00007f4580384000,0x00007f4580485000)]
  0x00007f4584078000 JavaThread "Finalizer" daemon [_thread_blocked, id=26886, stack(0x00007f45808f9000,0x00007f45809fa000)]
  0x00007f4584076000 JavaThread "Reference Handler" daemon [_thread_blocked, id=26885, stack(0x00007f45809fa000,0x00007f4580afb000)]

Other Threads:
  0x00007f458406f000 VMThread [stack: 0x00007f4580afb000,0x00007f4580bfc000] [id=26884]
  0x00007f45840a0800 WatcherThread [stack: 0x00007f4573eff000,0x00007f4574000000] [id=26891]

VM state:not at safepoint (normal execution)

VM Mutex/Monitor currently owned by a thread: None

Heap
 PSYoungGen      total 36736K, used 9338K [0x00000007d6f60000, 0x00000007d9860000, 0x0000000800000000)
  eden space 31488K, 29% used [0x00000007d6f60000,0x00000007d787ebd8,0x00000007d8e20000)
  from space 5248K, 0% used [0x00000007d9340000,0x00000007d9340000,0x00000007d9860000)
  to   space 5248K, 0% used [0x00000007d8e20000,0x00000007d8e20000,0x00000007d9340000)
 PSOldGen        total 84032K, used 0K [0x0000000784e00000, 0x000000078a010000, 0x00000007d6f60000)
  object space 84032K, 0% used [0x0000000784e00000,0x0000000784e00000,0x000000078a010000)
 PSPermGen       total 21248K, used 12908K [0x000000077a800000, 0x000000077bcc0000, 0x0000000784e00000)
  object space 21248K, 60% used [0x000000077a800000,0x000000077b49b258,0x000000077bcc0000)

Code Cache  [0x00007f4581000000, 0x00007f4581270000, 0x00007f4584000000)
 total_blobs=475 nmethods=26 adapters=404 free_code_cache=49738816 largest_free_block=6336

Dynamic libraries:
00400000-00409000 r-xp 00000000 07:00 2884059                            /usr/lib/jvm/java-6-openjdk-amd64/jre/bin/java
00608000-00609000 r--p 00008000 07:00 2884059                            /usr/lib/jvm/java-6-openjdk-amd64/jre/bin/java
00609000-0060a000 rw-p 00009000 07:00 2884059                            /usr/lib/jvm/java-6-openjdk-amd64/jre/bin/java
01fc1000-01fe2000 rw-p 00000000 00:00 0                                  [heap]
77a800000-77bcc0000 rw-p 00000000 00:00 0 
77bcc0000-784e00000 rw-p 00000000 00:00 0 
784e00000-78a010000 rw-p 00000000 00:00 0 
78a010000-7d6f60000 rw-p 00000000 00:00 0 
7d6f60000-7d9860000 rw-p 00000000 00:00 0 
7d9860000-800000000 rw-p 00000000 00:00 0 
7f4510000000-7f451018a000 rw-p 00000000 00:00 0 
7f451018a000-7f4514000000 ---p 00000000 00:00 0 
7f4514000000-7f4514021000 rw-p 00000000 00:00 0 
7f4514021000-7f4518000000 ---p 00000000 00:00 0 
7f4518000000-7f4518021000 rw-p 00000000 00:00 0 
7f4518021000-7f451c000000 ---p 00000000 00:00 0 
7f451c000000-7f451c021000 rw-p 00000000 00:00 0 
7f451c021000-7f4520000000 ---p 00000000 00:00 0 
7f4520000000-7f4520021000 rw-p 00000000 00:00 0 
7f4520021000-7f4524000000 ---p 00000000 00:00 0 
7f4524000000-7f4524021000 rw-p 00000000 00:00 0 
7f4524021000-7f4528000000 ---p 00000000 00:00 0 
7f4528000000-7f4529e14000 rw-p 00000000 00:00 0 
7f4529e14000-7f452c000000 ---p 00000000 00:00 0 
7f452d491000-7f452d494000 ---p 00000000 00:00 0 
7f452d494000-7f452d592000 rwxp 00000000 00:00 0 
7f452d592000-7f452d595000 ---p 00000000 00:00 0 
7f452d595000-7f452d693000 rwxp 00000000 00:00 0 
7f452d693000-7f452d696000 ---p 00000000 00:00 0 
7f452d696000-7f452d794000 rwxp 00000000 00:00 0 
7f452d794000-7f452d79c000 r-xp 00000000 07:00 2884097                    /usr/lib/jvm/java-6-openjdk-amd64/jre/lib/amd64/libnio.so
7f452d79c000-7f452d99b000 ---p 00008000 07:00 2884097                    /usr/lib/jvm/java-6-openjdk-amd64/jre/lib/amd64/libnio.so
7f452d99b000-7f452d99c000 r--p 00007000 07:00 2884097                    /usr/lib/jvm/java-6-openjdk-amd64/jre/lib/amd64/libnio.so
7f452d99c000-7f452d99d000 rw-p 00008000 07:00 2884097                    /usr/lib/jvm/java-6-openjdk-amd64/jre/lib/amd64/libnio.so
7f452d99d000-7f452f01d000 r--s 00000000 00:12 1366303                    /run/shm/26895_045e.02ae@1.52_Image
7f452f01d000-7f452f47e000 rw-p 00000000 00:00 0 
7f452f47f000-7f4534000000 rw-p 00000000 00:00 0 
7f4534000000-7f4534029000 rw-p 00000000 00:00 0 
7f4534029000-7f4538000000 ---p 00000000 00:00 0 
7f45380f4000-7f45380f7000 ---p 00000000 00:00 0 
7f45380f7000-7f45381f5000 rwxp 00000000 00:00 0 
7f45381f5000-7f453820a000 r-xp 00000000 07:00 2884096                    /usr/lib/jvm/java-6-openjdk-amd64/jre/lib/amd64/libnet.so
7f453820a000-7f4538409000 ---p 00015000 07:00 2884096                    /usr/lib/jvm/java-6-openjdk-amd64/jre/lib/amd64/libnet.so
7f4538409000-7f453840a000 r--p 00014000 07:00 2884096                    /usr/lib/jvm/java-6-openjdk-amd64/jre/lib/amd64/libnet.so
7f453840a000-7f453840b000 rw-p 00015000 07:00 2884096                    /usr/lib/jvm/java-6-openjdk-amd64/jre/lib/amd64/libnet.so
7f453840b000-7f453840e000 ---p 00000000 00:00 0 
7f453840e000-7f453850c000 rwxp 00000000 00:00 0 
7f453850c000-7f453850f000 ---p 00000000 00:00 0 
7f453850f000-7f453860d000 rwxp 00000000 00:00 0 
7f453860d000-7f453b8f8000 rw-p 00000000 00:00 0 
7f453b8f8000-7f453c000000 r--s 00000000 00:12 1365948                    /run/shm/26895_045e.02ae@1.52_Depth
7f453c000000-7f453c026000 rw-p 00000000 00:00 0 
7f453c026000-7f4540000000 ---p 00000000 00:00 0 
7f454001b000-7f4540276000 rw-p 00000000 00:00 0 
7f4540276000-7f4540277000 ---p 00000000 00:00 0 
7f4540277000-7f4540a77000 rwxp 00000000 00:00 0 
7f4540a77000-7f454116b000 rw-p 00000000 00:00 0 
7f454116b000-7f4541873000 r--s 00000000 00:12 1365948                    /run/shm/26895_045e.02ae@1.52_Depth
7f4541873000-7f45419a0000 rw-p 00000000 00:00 0 
7f45419a0000-7f45419a1000 ---p 00000000 00:00 0 
7f45419a1000-7f45421a1000 rwxp 00000000 00:00 0 
7f45421a1000-7f45425a2000 rw-p 00000000 00:00 0 
7f45425a2000-7f45425c9000 r-xp 00000000 07:00 2759918                    /usr/lib/libXnDeviceFile.so
7f45425c9000-7f45427c9000 ---p 00027000 07:00 2759918                    /usr/lib/libXnDeviceFile.so
7f45427c9000-7f45427cb000 r--p 00027000 07:00 2759918                    /usr/lib/libXnDeviceFile.so
7f45427cb000-7f45427cc000 rw-p 00029000 07:00 2759918                    /usr/lib/libXnDeviceFile.so
7f45427cc000-7f4542814000 r-xp 00000000 07:00 2759917                    /usr/lib/libXnDDK.so
7f4542814000-7f4542a14000 ---p 00048000 07:00 2759917                    /usr/lib/libXnDDK.so
7f4542a14000-7f4542a17000 r--p 00048000 07:00 2759917                    /usr/lib/libXnDDK.so
7f4542a17000-7f4542a19000 rw-p 0004b000 07:00 2759917                    /usr/lib/libXnDDK.so
7f4542a19000-7f4542a3d000 r-xp 00000000 07:00 2759920                    /usr/lib/libXnFormats.so
7f4542a3d000-7f4542c3d000 ---p 00024000 07:00 2759920                    /usr/lib/libXnFormats.so
7f4542c3d000-7f4542c3e000 r--p 00024000 07:00 2759920                    /usr/lib/libXnFormats.so
7f4542c3e000-7f4542c3f000 rw-p 00025000 07:00 2759920                    /usr/lib/libXnFormats.so
7f4542c3f000-7f4542c5f000 rw-p 00000000 00:00 0 
7f4542c5f000-7f4542c62000 r-xp 00000000 07:00 2759916                    /usr/lib/libXnCore.so
7f4542c62000-7f4542e61000 ---p 00003000 07:00 2759916                    /usr/lib/libXnCore.so
7f4542e61000-7f4542e62000 r--p 00002000 07:00 2759916                    /usr/lib/libXnCore.so
7f4542e62000-7f4542e63000 rw-p 00003000 07:00 2759916                    /usr/lib/libXnCore.so
7f4542e63000-7f4542eec000 r-xp 00000000 07:00 2759919                    /usr/lib/libXnDeviceSensorV2KM.so
7f4542eec000-7f45430eb000 ---p 00089000 07:00 2759919                    /usr/lib/libXnDeviceSensorV2KM.so
7f45430eb000-7f45430fb000 r--p 00088000 07:00 2759919                    /usr/lib/libXnDeviceSensorV2KM.so
7f45430fb000-7f45430fc000 rw-p 00098000 07:00 2759919                    /usr/lib/libXnDeviceSensorV2KM.so
7f45430fc000-7f45431f0000 r-xp 00000000 07:00 2759934                    /usr/lib/libXnVHandGenerator_1_5_2.so
7f45431f0000-7f45433ef000 ---p 000f4000 07:00 2759934                    /usr/lib/libXnVHandGenerator_1_5_2.so
7f45433ef000-7f45433f4000 r--p 000f3000 07:00 2759934                    /usr/lib/libXnVHandGenerator_1_5_2.so
7f45433f4000-7f45433f5000 rw-p 000f8000 07:00 2759934                    /usr/lib/libXnVHandGenerator_1_5_2.so
7f45433f5000-7f4543403000 rw-p 00000000 00:00 0 
7f4543403000-7f45434db000 r-xp 00000000 07:00 2759933                    /usr/lib/libXnVHandGenerator_1_4_2.so
7f45434db000-7f45436da000 ---p 000d8000 07:00 2759933                    /usr/lib/libXnVHandGenerator_1_4_2.so
7f45436da000-7f45436df000 r--p 000d7000 07:00 2759933                    /usr/lib/libXnVHandGenerator_1_4_2.so
7f45436df000-7f45436e0000 rw-p 000dc000 07:00 2759933                    /usr/lib/libXnVHandGenerator_1_4_2.so
7f45436e0000-7f45436e3000 rw-p 00000000 00:00 0 
7f45436e3000-7f45437bb000 r-xp 00000000 07:00 2759932                    /usr/lib/libXnVHandGenerator_1_4_1.so
7f45437bb000-7f45439ba000 ---p 000d8000 07:00 2759932                    /usr/lib/libXnVHandGenerator_1_4_1.so
7f45439ba000-7f45439bf000 r--p 000d7000 07:00 2759932                    /usr/lib/libXnVHandGenerator_1_4_1.so
7f45439bf000-7f45439c0000 rw-p 000dc000 07:00 2759932                    /usr/lib/libXnVHandGenerator_1_4_1.so
7f45439c0000-7f45439c3000 rw-p 00000000 00:00 0 
7f45439c3000-7f4543dd8000 r-xp 00000000 07:00 2759929                    /usr/lib/libXnVFeatures_1_5_2.so
7f4543dd8000-7f4543fd8000 ---p 00415000 07:00 2759929                    /usr/lib/libXnVFeatures_1_5_2.so
7f4543fd8000-7f4543fe9000 r--p 00415000 07:00 2759929                    /usr/lib/libXnVFeatures_1_5_2.so
7f4543fe9000-7f4543feb000 rw-p 00426000 07:00 2759929                    /usr/lib/libXnVFeatures_1_5_2.so
7f4543feb000-7f4544000000 rw-p 00000000 00:00 0 
7f4544000000-7f4544021000 rw-p 00000000 00:00 0 
7f4544021000-7f4548000000 ---p 00000000 00:00 0 
7f4548000000-7f4548021000 rw-p 00000000 00:00 0 
7f4548021000-7f454c000000 ---p 00000000 00:00 0 
7f454c000000-7f454c021000 rw-p 00000000 00:00 0 
7f454c021000-7f4550000000 ---p 00000000 00:00 0 
7f4550000000-7f4550021000 rw-p 00000000 00:00 0 
7f4550021000-7f4554000000 ---p 00000000 00:00 0 
7f4554000000-7f4554398000 rw-p 00000000 00:00 0 
7f4554398000-7f4558000000 ---p 00000000 00:00 0 
7f4558000000-7f455822d000 rw-p 00000000 00:00 0 
7f455822d000-7f455c000000 ---p 00000000 00:00 0 
7f455c000000-7f455c021000 rw-p 00000000 00:00 0 
7f455c021000-7f4560000000 ---p 00000000 00:00 0 
7f4560000000-7f4560021000 rw-p 00000000 00:00 0 
7f4560021000-7f4564000000 ---p 00000000 00:00 0 
7f4564000000-7f4564021000 rw-p 00000000 00:00 0 
7f4564021000-7f4568000000 ---p 00000000 00:00 0 
7f4568000000-7f4568021000 rw-p 00000000 00:00 0 
7f4568021000-7f456c000000 ---p 00000000 00:00 0 
7f456c000000-7f456c021000 rw-p 00000000 00:00 0 
7f456c021000-7f4570000000 ---p 00000000 00:00 0 
7f457007d000-7f4570160000 r-xp 00000000 07:00 2759931                    /usr/lib/libXnVHandGenerator_1_3_1.so
7f4570160000-7f4570360000 ---p 000e3000 07:00 2759931                    /usr/lib/libXnVHandGenerator_1_3_1.so
7f4570360000-7f4570365000 r--p 000e3000 07:00 2759931                    /usr/lib/libXnVHandGenerator_1_3_1.so
7f4570365000-7f4570366000 rw-p 000e8000 07:00 2759931                    /usr/lib/libXnVHandGenerator_1_3_1.so
7f4570366000-7f4570369000 rw-p 00000000 00:00 0 
7f4570369000-7f4570560000 r-xp 00000000 07:00 2759928                    /usr/lib/libXnVFeatures_1_4_2.so
7f4570560000-7f457075f000 ---p 001f7000 07:00 2759928                    /usr/lib/libXnVFeatures_1_4_2.so
7f457075f000-7f4570765000 r--p 001f6000 07:00 2759928                    /usr/lib/libXnVFeatures_1_4_2.so
7f4570765000-7f4570766000 rw-p 001fc000 07:00 2759928                    /usr/lib/libXnVFeatures_1_4_2.so
7f4570766000-7f457076c000 rw-p 00000000 00:00 0 
7f457076c000-7f4570963000 r-xp 00000000 07:00 2759927                    /usr/lib/libXnVFeatures_1_4_1.so
7f4570963000-7f4570b62000 ---p 001f7000 07:00 2759927                    /usr/lib/libXnVFeatures_1_4_1.so
7f4570b62000-7f4570b68000 r--p 001f6000 07:00 2759927                    /usr/lib/libXnVFeatures_1_4_1.so
7f4570b68000-7f4570b69000 rw-p 001fc000 07:00 2759927                    /usr/lib/libXnVFeatures_1_4_1.so
7f4570b69000-7f4570b6f000 rw-p 00000000 00:00 0 
7f4570b6f000-7f4570db4000 r-xp 00000000 07:00 2759926                    /usr/lib/libXnVFeatures_1_3_1.so
7f4570db4000-7f4570fb4000 ---p 00245000 07:00 2759926                    /usr/lib/libXnVFeatures_1_3_1.so
7f4570fb4000-7f4570fba000 r--p 00245000 07:00 2759926                    /usr/lib/libXnVFeatures_1_3_1.so
7f4570fba000-7f4570fbb000 rw-p 0024b000 07:00 2759926                    /usr/lib/libXnVFeatures_1_3_1.so
7f4570fbb000-7f4570fc2000 rw-p 00000000 00:00 0 
7f4570fc2000-7f4570fe0000 r-xp 00000000 07:00 2760368                    /usr/lib/libnimRecorder.so
7f4570fe0000-7f45711df000 ---p 0001e000 07:00 2760368                    /usr/lib/libnimRecorder.so
7f45711df000-7f45711e1000 r--p 0001d000 07:00 2760368                    /usr/lib/libnimRecorder.so
7f45711e1000-7f45711e2000 rw-p 0001f000 07:00 2760368                    /usr/lib/libnimRecorder.so
7f45711e2000-7f4571218000 r-xp 00000000 07:00 2760366                    /usr/lib/libnimCodecs.so
7f4571218000-7f4571418000 ---p 00036000 07:00 2760366                    /usr/lib/libnimCodecs.so
7f4571418000-7f457141b000 r--p 00036000 07:00 2760366                    /usr/lib/libnimCodecs.so
7f457141b000-7f457141c000 rw-p 00039000 07:00 2760366                    /usr/lib/libnimCodecs.so
7f457141c000-7f457143c000 rw-p 00000000 00:00 0 
7f457143c000-7f4571473000 r-xp 00000000 07:00 2760367                    /usr/lib/libnimMockNodes.so
7f4571473000-7f4571672000 ---p 00037000 07:00 2760367                    /usr/lib/libnimMockNodes.so
7f4571672000-7f457167f000 r--p 00036000 07:00 2760367                    /usr/lib/libnimMockNodes.so
7f457167f000-7f4571680000 rw-p 00043000 07:00 2760367                    /usr/lib/libnimMockNodes.so
7f4571680000-7f457168e000 r-xp 00000000 07:00 136665                     /lib/x86_64-linux-gnu/libusb-1.0.so.0.1.0
7f457168e000-7f457188d000 ---p 0000e000 07:00 136665                     /lib/x86_64-linux-gnu/libusb-1.0.so.0.1.0
7f457188d000-7f457188e000 r--p 0000d000 07:00 136665                     /lib/x86_64-linux-gnu/libusb-1.0.so.0.1.0
7f457188e000-7f457188f000 rw-p 0000e000 07:00 136665                     /lib/x86_64-linux-gnu/libusb-1.0.so.0.1.0
7f457188f000-7f457190c000 r-xp 00000000 07:00 2759909                    /usr/lib/libOpenNI.so
7f457190c000-7f4571b0b000 ---p 0007d000 07:00 2759909                    /usr/lib/libOpenNI.so
7f4571b0b000-7f4571b0e000 r--p 0007c000 07:00 2759909                    /usr/lib/libOpenNI.so
7f4571b0e000-7f4571b11000 rw-p 0007f000 07:00 2759909                    /usr/lib/libOpenNI.so
7f4571b11000-7f4571b12000 rw-p 00000000 00:00 0 
7f4571b12000-7f4571b36000 r-xp 00000000 07:00 2759908                    /usr/lib/libOpenNI.jni.so
7f4571b36000-7f4571d35000 ---p 00024000 07:00 2759908                    /usr/lib/libOpenNI.jni.so
7f4571d35000-7f4571d36000 r--p 00023000 07:00 2759908                    /usr/lib/libOpenNI.jni.so
7f4571d36000-7f4571d39000 rw-p 00024000 07:00 2759908                    /usr/lib/libOpenNI.jni.so
7f4571d39000-7f4571e3a000 rwxp 00000000 00:00 0 
7f4571e3a000-7f4571e3f000 r-xp 00000000 07:00 2766745                    /usr/lib/x86_64-linux-gnu/libXfixes.so.3.1.0
7f4571e3f000-7f457203e000 ---p 00005000 07:00 2766745                    /usr/lib/x86_64-linux-gnu/libXfixes.so.3.1.0
7f457203e000-7f457203f000 r--p 00004000 07:00 2766745                    /usr/lib/x86_64-linux-gnu/libXfixes.so.3.1.0
7f457203f000-7f4572040000 rw-p 00005000 07:00 2766745                    /usr/lib/x86_64-linux-gnu/libXfixes.so.3.1.0
7f4572040000-7f4572049000 r-xp 00000000 07:00 2766737                    /usr/lib/x86_64-linux-gnu/libXcursor.so.1.0.2
7f4572049000-7f4572248000 ---p 00009000 07:00 2766737                    /usr/lib/x86_64-linux-gnu/libXcursor.so.1.0.2
7f4572248000-7f4572249000 r--p 00008000 07:00 2766737                    /usr/lib/x86_64-linux-gnu/libXcursor.so.1.0.2
7f4572249000-7f457224a000 rw-p 00009000 07:00 2766737                    /usr/lib/x86_64-linux-gnu/libXcursor.so.1.0.2
7f457226f000-7f4572370000 rwxp 00000000 00:00 0 
7f4572370000-7f4572406000 r-xp 00000000 07:00 2767280                    /usr/lib/x86_64-linux-gnu/libfreetype.so.6.8.0
7f4572406000-7f4572605000 ---p 00096000 07:00 2767280                    /usr/lib/x86_64-linux-gnu/libfreetype.so.6.8.0
7f4572605000-7f457260b000 r--p 00095000 07:00 2767280                    /usr/lib/x86_64-linux-gnu/libfreetype.so.6.8.0
7f457260b000-7f457260c000 rw-p 0009b000 07:00 2767280                    /usr/lib/x86_64-linux-gnu/libfreetype.so.6.8.0
7f457260c000-7f4572646000 r-xp 00000000 07:00 2884078                    /usr/lib/jvm/java-6-openjdk-amd64/jre/lib/amd64/libfontmanager.so
7f4572646000-7f4572845000 ---p 0003a000 07:00 2884078                    /usr/lib/jvm/java-6-openjdk-amd64/jre/lib/amd64/libfontmanager.so
7f4572845000-7f4572847000 r--p 00039000 07:00 2884078                    /usr/lib/jvm/java-6-openjdk-amd64/jre/lib/amd64/libfontmanager.so
7f4572847000-7f4572848000 rw-p 0003b000 07:00 2884078                    /usr/lib/jvm/java-6-openjdk-amd64/jre/lib/amd64/libfontmanager.so
7f4572848000-7f457284d000 r-xp 00000000 07:00 2766741                    /usr/lib/x86_64-linux-gnu/libXdmcp.so.6.0.0
7f457284d000-7f4572a4c000 ---p 00005000 07:00 2766741                    /usr/lib/x86_64-linux-gnu/libXdmcp.so.6.0.0
7f4572a4c000-7f4572a4d000 r--p 00004000 07:00 2766741                    /usr/lib/x86_64-linux-gnu/libXdmcp.so.6.0.0
7f4572a4d000-7f4572a4e000 rw-p 00005000 07:00 2766741                    /usr/lib/x86_64-linux-gnu/libXdmcp.so.6.0.0
7f4572a4e000-7f4572a50000 r-xp 00000000 07:00 2766732                    /usr/lib/x86_64-linux-gnu/libXau.so.6.0.0
7f4572a50000-7f4572c4f000 ---p 00002000 07:00 2766732                    /usr/lib/x86_64-linux-gnu/libXau.so.6.0.0
7f4572c4f000-7f4572c50000 r--p 00001000 07:00 2766732                    /usr/lib/x86_64-linux-gnu/libXau.so.6.0.0
7f4572c50000-7f4572c51000 rw-p 00002000 07:00 2766732                    /usr/lib/x86_64-linux-gnu/libXau.so.6.0.0
7f4572c51000-7f4572c6e000 r-xp 00000000 07:00 2767626                    /usr/lib/x86_64-linux-gnu/libxcb.so.1.1.0
7f4572c6e000-7f4572e6d000 ---p 0001d000 07:00 2767626                    /usr/lib/x86_64-linux-gnu/libxcb.so.1.1.0
7f4572e6d000-7f4572e6e000 r--p 0001c000 07:00 2767626                    /usr/lib/x86_64-linux-gnu/libxcb.so.1.1.0
7f4572e6e000-7f4572e6f000 rw-p 0001d000 07:00 2767626                    /usr/lib/x86_64-linux-gnu/libxcb.so.1.1.0
7f4572e6f000-7f4572e7d000 r-xp 00000000 07:00 2766749                    /usr/lib/x86_64-linux-gnu/libXi.so.6.1.0
7f4572e7d000-7f457307c000 ---p 0000e000 07:00 2766749                    /usr/lib/x86_64-linux-gnu/libXi.so.6.1.0
7f457307c000-7f457307d000 r--p 0000d000 07:00 2766749                    /usr/lib/x86_64-linux-gnu/libXi.so.6.1.0
7f457307d000-7f457307e000 rw-p 0000e000 07:00 2766749                    /usr/lib/x86_64-linux-gnu/libXi.so.6.1.0
7f457307e000-7f4573083000 r-xp 00000000 07:00 2766764                    /usr/lib/x86_64-linux-gnu/libXtst.so.6.1.0
7f4573083000-7f4573282000 ---p 00005000 07:00 2766764                    /usr/lib/x86_64-linux-gnu/libXtst.so.6.1.0
7f4573282000-7f4573283000 r--p 00004000 07:00 2766764                    /usr/lib/x86_64-linux-gnu/libXtst.so.6.1.0
7f4573283000-7f4573284000 rw-p 00005000 07:00 2766764                    /usr/lib/x86_64-linux-gnu/libXtst.so.6.1.0
7f4573284000-7f457328d000 r-xp 00000000 07:00 2766760                    /usr/lib/x86_64-linux-gnu/libXrender.so.1.3.0
7f457328d000-7f457348c000 ---p 00009000 07:00 2766760                    /usr/lib/x86_64-linux-gnu/libXrender.so.1.3.0
7f457348c000-7f457348d000 r--p 00008000 07:00 2766760                    /usr/lib/x86_64-linux-gnu/libXrender.so.1.3.0
7f457348d000-7f457348e000 rw-p 00009000 07:00 2766760                    /usr/lib/x86_64-linux-gnu/libXrender.so.1.3.0
7f457348e000-7f45735bd000 r-xp 00000000 07:00 2766730                    /usr/lib/x86_64-linux-gnu/libX11.so.6.3.0
7f45735bd000-7f45737bd000 ---p 0012f000 07:00 2766730                    /usr/lib/x86_64-linux-gnu/libX11.so.6.3.0
7f45737bd000-7f45737be000 r--p 0012f000 07:00 2766730                    /usr/lib/x86_64-linux-gnu/libX11.so.6.3.0
7f45737be000-7f45737c2000 rw-p 00130000 07:00 2766730                    /usr/lib/x86_64-linux-gnu/libX11.so.6.3.0
7f45737c2000-7f45737d2000 r-xp 00000000 07:00 2766743                    /usr/lib/x86_64-linux-gnu/libXext.so.6.4.0
7f45737d2000-7f45739d1000 ---p 00010000 07:00 2766743                    /usr/lib/x86_64-linux-gnu/libXext.so.6.4.0
7f45739d1000-7f45739d2000 r--p 0000f000 07:00 2766743                    /usr/lib/x86_64-linux-gnu/libXext.so.6.4.0
7f45739d2000-7f45739d3000 rw-p 00010000 07:00 2766743                    /usr/lib/x86_64-linux-gnu/libXext.so.6.4.0
7f45739d3000-7f4573a1e000 r-xp 00000000 07:00 2884115                    /usr/lib/jvm/java-6-openjdk-amd64/jre/lib/amd64/xawt/libmawt.so
7f4573a1e000-7f4573c1e000 ---p 0004b000 07:00 2884115                    /usr/lib/jvm/java-6-openjdk-amd64/jre/lib/amd64/xawt/libmawt.so
7f4573c1e000-7f4573c1f000 r--p 0004b000 07:00 2884115                    /usr/lib/jvm/java-6-openjdk-amd64/jre/lib/amd64/xawt/libmawt.so
7f4573c1f000-7f4573c22000 rw-p 0004c000 07:00 2884115                    /usr/lib/jvm/java-6-openjdk-amd64/jre/lib/amd64/xawt/libmawt.so
7f4573c22000-7f4573c23000 rw-p 00000000 00:00 0 
7f4573c23000-7f4573ccf000 r-xp 00000000 07:00 2884076                    /usr/lib/jvm/java-6-openjdk-amd64/jre/lib/amd64/libawt.so
7f4573ccf000-7f4573ece000 ---p 000ac000 07:00 2884076                    /usr/lib/jvm/java-6-openjdk-amd64/jre/lib/amd64/libawt.so
7f4573ece000-7f4573ecf000 r--p 000ab000 07:00 2884076                    /usr/lib/jvm/java-6-openjdk-amd64/jre/lib/amd64/libawt.so
7f4573ecf000-7f4573eda000 rw-p 000ac000 07:00 2884076                    /usr/lib/jvm/java-6-openjdk-amd64/jre/lib/amd64/libawt.so
7f4573eda000-7f4573eff000 rw-p 00000000 00:00 0 
7f4573eff000-7f4573f00000 ---p 00000000 00:00 0 
7f4573f00000-7f4574000000 rwxp 00000000 00:00 0 
7f4574000000-7f4574021000 rw-p 00000000 00:00 0 
7f4574021000-7f4578000000 ---p 00000000 00:00 0 
7f4578000000-7f4578021000 rw-p 00000000 00:00 0 
7f4578021000-7f457c000000 ---p 00000000 00:00 0 
7f457c000000-7f457c021000 rw-p 00000000 00:00 0 
7f457c021000-7f4580000000 ---p 00000000 00:00 0 
7f4580004000-7f458000b000 r--s 000fb000 07:00 2884213                    /usr/lib/jvm/java-6-openjdk-common/jre/lib/resources.jar
7f458000b000-7f458000c000 r--s 00000000 07:00 2229118                    /var/cache/fontconfig/c05880de57d1f5e948fdfacc138775d9-le64.cache-3
7f458000c000-7f4580015000 r--s 00000000 07:00 2229112                    /var/cache/fontconfig/945677eb7aeaf62f1d50efc3fb3ec7d8-le64.cache-3
7f4580015000-7f4580019000 r--s 00000000 07:00 2229113                    /var/cache/fontconfig/99e8ed0e538f840c565b6ed5dad60d56-le64.cache-3
7f4580019000-7f4580021000 r--s 00000000 07:00 2229114                    /var/cache/fontconfig/a6d8cf8e4ec09cdbc8633c31745a07dd-le64.cache-3
7f4580021000-7f4580025000 r--s 00000000 07:00 2229098                    /var/cache/fontconfig/2cd17615ca594fa2959ae173292e504c-le64.cache-3
7f4580025000-7f4580026000 r--s 00000000 07:00 2229126                    /var/cache/fontconfig/e7071f4a29fa870f4323321c154eba04-le64.cache-3
7f4580026000-7f4580027000 r--s 00000000 07:00 2229096                    /var/cache/fontconfig/0d8c3b2ac0904cb8a57a757ad11a4a08-le64.cache-3
7f4580027000-7f458002d000 r--s 00000000 07:00 2229115                    /var/cache/fontconfig/a755afe4a08bf5b97852ceb7400b47bc-le64.cache-3
7f458002d000-7f4580036000 r--s 00000000 07:00 2229107                    /var/cache/fontconfig/6d41288fd70b0be22e8c3a91e032eec0-le64.cache-3
7f4580036000-7f4580046000 r--s 00000000 07:00 2229094                    /var/cache/fontconfig/04aabc0a78ac019cf9454389977116d2-le64.cache-3
7f4580046000-7f4580049000 r--s 00000000 07:00 2229101                    /var/cache/fontconfig/385c0604a188198f04d133e54aba7fe7-le64.cache-3
7f4580049000-7f458004a000 r--s 00000000 07:00 2229102                    /var/cache/fontconfig/4794a0821666d79190d59a36cb4f44b5-le64.cache-3
7f458004a000-7f458004d000 r--s 00000000 07:00 2229111                    /var/cache/fontconfig/8801497958630a81b71ace7c5f9b32a8-le64.cache-3
7f458004d000-7f4580052000 r--s 00000000 07:00 2229099                    /var/cache/fontconfig/3047814df9a2f067bd2d96a2b9c36e5a-le64.cache-3
7f4580052000-7f4580062000 r--s 00000000 07:00 2229122                    /var/cache/fontconfig/d52a8644073d54c13679302ca1180695-le64.cache-3
7f4580062000-7f458006e000 r--s 00000000 07:00 2229095                    /var/cache/fontconfig/089dead882dea3570ffc31a9898cfb69-le64.cache-3
7f458006e000-7f4580081000 r--s 00000000 07:00 2229124                    /var/cache/fontconfig/e13b20fdb08344e0e664864cc2ede53d-le64.cache-3
7f4580081000-7f4580182000 rwxp 00000000 00:00 0 
7f4580182000-7f4580183000 ---p 00000000 00:00 0 
7f4580183000-7f4580283000 rwxp 00000000 00:00 0 
7f4580283000-7f4580284000 ---p 00000000 00:00 0 
7f4580284000-7f4580485000 rwxp 00000000 00:00 0 
7f4580485000-7f45808f9000 r--p 00000000 07:00 2765053                    /usr/lib/locale/locale-archive
7f45808f9000-7f4580afb000 rwxp 00000000 00:00 0 
7f4580afb000-7f4580afc000 ---p 00000000 00:00 0 
7f4580afc000-7f4580bfc000 rwxp 00000000 00:00 0 
7f4580bfc000-7f4581000000 rw-p 00000000 00:00 0 
7f4581000000-7f4581270000 rwxp 00000000 00:00 0 
7f4581270000-7f4588000000 rw-p 00000000 00:00 0 
7f4588002000-7f4588003000 r--s 00000000 07:00 2229104                    /var/cache/fontconfig/56cf4f4769d0f4abc89a4895d7bd3ae1-le64.cache-3
7f4588003000-7f4588004000 r--s 00000000 07:00 2229117                    /var/cache/fontconfig/b9d506c9ac06c20b433354fa67a72993-le64.cache-3
7f4588004000-7f4588009000 r--s 00000000 07:00 2229116                    /var/cache/fontconfig/b47c4e1ecd0709278f4910c18777a504-le64.cache-3
7f4588009000-7f458800d000 r--s 00000000 07:00 2229109                    /var/cache/fontconfig/7ef2298fde41cc6eeb7af42e48b7d293-le64.cache-3
7f458800d000-7f458800e000 r--s 00000000 07:00 2229118                    /var/cache/fontconfig/c05880de57d1f5e948fdfacc138775d9-le64.cache-3
7f458800e000-7f4588017000 r--s 00000000 07:00 2229112                    /var/cache/fontconfig/945677eb7aeaf62f1d50efc3fb3ec7d8-le64.cache-3
7f4588017000-7f458801b000 r--s 00000000 07:00 2229113                    /var/cache/fontconfig/99e8ed0e538f840c565b6ed5dad60d56-le64.cache-3
7f458801b000-7f4588023000 r--s 00000000 07:00 2229114                    /var/cache/fontconfig/a6d8cf8e4ec09cdbc8633c31745a07dd-le64.cache-3
7f4588023000-7f4588027000 r--s 00000000 07:00 2229098                    /var/cache/fontconfig/2cd17615ca594fa2959ae173292e504c-le64.cache-3
7f4588027000-7f4588028000 r--s 00000000 07:00 2229126                    /var/cache/fontconfig/e7071f4a29fa870f4323321c154eba04-le64.cache-3
7f4588028000-7f4588029000 r--s 00000000 07:00 2229096                    /var/cache/fontconfig/0d8c3b2ac0904cb8a57a757ad11a4a08-le64.cache-3
7f4588029000-7f458802f000 r--s 00000000 07:00 2229115                    /var/cache/fontconfig/a755afe4a08bf5b97852ceb7400b47bc-le64.cache-3
7f458802f000-7f4588038000 r--s 00000000 07:00 2229107                    /var/cache/fontconfig/6d41288fd70b0be22e8c3a91e032eec0-le64.cache-3
7f4588038000-7f4588048000 r--s 00000000 07:00 2229094                    /var/cache/fontconfig/04aabc0a78ac019cf9454389977116d2-le64.cache-3
7f4588048000-7f458804b000 r--s 00000000 07:00 2229101                    /var/cache/fontconfig/385c0604a188198f04d133e54aba7fe7-le64.cache-3
7f458804b000-7f458804c000 r--s 00000000 07:00 2229102                    /var/cache/fontconfig/4794a0821666d79190d59a36cb4f44b5-le64.cache-3
7f458804c000-7f458804f000 r--s 00000000 07:00 2229111                    /var/cache/fontconfig/8801497958630a81b71ace7c5f9b32a8-le64.cache-3
7f458804f000-7f4588054000 r--s 00000000 07:00 2229099                    /var/cache/fontconfig/3047814df9a2f067bd2d96a2b9c36e5a-le64.cache-3
7f4588054000-7f4588064000 r--s 00000000 07:00 2229122                    /var/cache/fontconfig/d52a8644073d54c13679302ca1180695-le64.cache-3
7f4588064000-7f4588070000 r--s 00000000 07:00 2229095                    /var/cache/fontconfig/089dead882dea3570ffc31a9898cfb69-le64.cache-3
7f4588070000-7f45881a4000 rw-p 00000000 00:00 0 
7f45881a4000-7f4588336000 r--s 037c2000 07:00 2884073                    /usr/lib/jvm/java-6-openjdk-amd64/jre/lib/rt.jar
7f4588336000-7f458835e000 rw-p 00000000 00:00 0 
7f458835e000-7f458835f000 ---p 00000000 00:00 0 
7f458835f000-7f458845f000 rwxp 00000000 00:00 0 
7f458845f000-7f4588460000 ---p 00000000 00:00 0 
7f4588460000-7f4588560000 rwxp 00000000 00:00 0 
7f4588560000-7f4588561000 ---p 00000000 00:00 0 
7f4588561000-7f4588661000 rwxp 00000000 00:00 0 
7f4588661000-7f4588662000 ---p 00000000 00:00 0 
7f4588662000-7f4588762000 rwxp 00000000 00:00 0 
7f4588762000-7f458876d000 rw-p 00000000 00:00 0 
7f458876d000-7f45887b5000 rw-p 00000000 00:00 0 
7f45887b5000-7f45887df000 rw-p 00000000 00:00 0 
7f45887df000-7f4588a46000 rw-p 00000000 00:00 0 
7f4588a46000-7f4588a51000 rw-p 00000000 00:00 0 
7f4588a51000-7f4588a99000 rw-p 00000000 00:00 0 
7f4588a99000-7f4588ac3000 rw-p 00000000 00:00 0 
7f4588ac3000-7f4588d29000 rw-p 00000000 00:00 0 
7f4588d29000-7f4588d3f000 rw-p 00000000 00:00 0 
7f4588d3f000-7f4588e72000 rw-p 00000000 00:00 0 
7f4588e72000-7f4588e73000 rw-p 00000000 00:00 0 
7f4588e73000-7f4588e7a000 r-xp 00000000 07:00 2884105                    /usr/lib/jvm/java-6-openjdk-amd64/jre/lib/amd64/libzip.so
7f4588e7a000-7f4589079000 ---p 00007000 07:00 2884105                    /usr/lib/jvm/java-6-openjdk-amd64/jre/lib/amd64/libzip.so
7f4589079000-7f458907a000 r--p 00006000 07:00 2884105                    /usr/lib/jvm/java-6-openjdk-amd64/jre/lib/amd64/libzip.so
7f458907a000-7f458907b000 rw-p 00007000 07:00 2884105                    /usr/lib/jvm/java-6-openjdk-amd64/jre/lib/amd64/libzip.so
7f458907b000-7f4589087000 r-xp 00000000 07:00 136638                     /lib/x86_64-linux-gnu/libnss_files-2.15.so
7f4589087000-7f4589286000 ---p 0000c000 07:00 136638                     /lib/x86_64-linux-gnu/libnss_files-2.15.so
7f4589286000-7f4589287000 r--p 0000b000 07:00 136638                     /lib/x86_64-linux-gnu/libnss_files-2.15.so
7f4589287000-7f4589288000 rw-p 0000c000 07:00 136638                     /lib/x86_64-linux-gnu/libnss_files-2.15.so
7f4589288000-7f4589292000 r-xp 00000000 07:00 136640                     /lib/x86_64-linux-gnu/libnss_nis-2.15.so
7f4589292000-7f4589492000 ---p 0000a000 07:00 136640                     /lib/x86_64-linux-gnu/libnss_nis-2.15.so
7f4589492000-7f4589493000 r--p 0000a000 07:00 136640                     /lib/x86_64-linux-gnu/libnss_nis-2.15.so
7f4589493000-7f4589494000 rw-p 0000b000 07:00 136640                     /lib/x86_64-linux-gnu/libnss_nis-2.15.so
7f4589494000-7f45894ab000 r-xp 00000000 07:00 136635                     /lib/x86_64-linux-gnu/libnsl-2.15.so
7f45894ab000-7f45896aa000 ---p 00017000 07:00 136635                     /lib/x86_64-linux-gnu/libnsl-2.15.so
7f45896aa000-7f45896ab000 r--p 00016000 07:00 136635                     /lib/x86_64-linux-gnu/libnsl-2.15.so
7f45896ab000-7f45896ac000 rw-p 00017000 07:00 136635                     /lib/x86_64-linux-gnu/libnsl-2.15.so
7f45896ac000-7f45896ae000 rw-p 00000000 00:00 0 
7f45896ae000-7f45896b6000 r-xp 00000000 07:00 136636                     /lib/x86_64-linux-gnu/libnss_compat-2.15.so
7f45896b6000-7f45898b5000 ---p 00008000 07:00 136636                     /lib/x86_64-linux-gnu/libnss_compat-2.15.so
7f45898b5000-7f45898b6000 r--p 00007000 07:00 136636                     /lib/x86_64-linux-gnu/libnss_compat-2.15.so
7f45898b6000-7f45898b7000 rw-p 00008000 07:00 136636                     /lib/x86_64-linux-gnu/libnss_compat-2.15.so
7f45898b7000-7f45898e3000 r-xp 00000000 07:00 2884085                    /usr/lib/jvm/java-6-openjdk-amd64/jre/lib/amd64/libjava.so
7f45898e3000-7f4589ae2000 ---p 0002c000 07:00 2884085                    /usr/lib/jvm/java-6-openjdk-amd64/jre/lib/amd64/libjava.so
7f4589ae2000-7f4589ae3000 r--p 0002b000 07:00 2884085                    /usr/lib/jvm/java-6-openjdk-amd64/jre/lib/amd64/libjava.so
7f4589ae3000-7f4589ae6000 rw-p 0002c000 07:00 2884085                    /usr/lib/jvm/java-6-openjdk-amd64/jre/lib/amd64/libjava.so
7f4589ae6000-7f4589af4000 r-xp 00000000 07:00 2884104                    /usr/lib/jvm/java-6-openjdk-amd64/jre/lib/amd64/libverify.so
7f4589af4000-7f4589cf3000 ---p 0000e000 07:00 2884104                    /usr/lib/jvm/java-6-openjdk-amd64/jre/lib/amd64/libverify.so
7f4589cf3000-7f4589cf5000 r--p 0000d000 07:00 2884104                    /usr/lib/jvm/java-6-openjdk-amd64/jre/lib/amd64/libverify.so
7f4589cf5000-7f4589cf6000 rw-p 0000f000 07:00 2884104                    /usr/lib/jvm/java-6-openjdk-amd64/jre/lib/amd64/libverify.so
7f4589cf6000-7f4589cfd000 r-xp 00000000 07:00 136656                     /lib/x86_64-linux-gnu/librt-2.15.so
7f4589cfd000-7f4589efc000 ---p 00007000 07:00 136656                     /lib/x86_64-linux-gnu/librt-2.15.so
7f4589efc000-7f4589efd000 r--p 00006000 07:00 136656                     /lib/x86_64-linux-gnu/librt-2.15.so
7f4589efd000-7f4589efe000 rw-p 00007000 07:00 136656                     /lib/x86_64-linux-gnu/librt-2.15.so
7f4589efe000-7f4589f13000 r-xp 00000000 07:00 136622                     /lib/x86_64-linux-gnu/libgcc_s.so.1
7f4589f13000-7f458a112000 ---p 00015000 07:00 136622                     /lib/x86_64-linux-gnu/libgcc_s.so.1
7f458a112000-7f458a113000 r--p 00014000 07:00 136622                     /lib/x86_64-linux-gnu/libgcc_s.so.1
7f458a113000-7f458a114000 rw-p 00015000 07:00 136622                     /lib/x86_64-linux-gnu/libgcc_s.so.1
7f458a114000-7f458a20f000 r-xp 00000000 07:00 136628                     /lib/x86_64-linux-gnu/libm-2.15.so
7f458a20f000-7f458a40e000 ---p 000fb000 07:00 136628                     /lib/x86_64-linux-gnu/libm-2.15.so
7f458a40e000-7f458a40f000 r--p 000fa000 07:00 136628                     /lib/x86_64-linux-gnu/libm-2.15.so
7f458a40f000-7f458a410000 rw-p 000fb000 07:00 136628                     /lib/x86_64-linux-gnu/libm-2.15.so
7f458a410000-7f458a4f2000 r-xp 00000000 07:00 2767523                    /usr/lib/x86_64-linux-gnu/libstdc++.so.6.0.16
7f458a4f2000-7f458a6f1000 ---p 000e2000 07:00 2767523                    /usr/lib/x86_64-linux-gnu/libstdc++.so.6.0.16
7f458a6f1000-7f458a6f9000 r--p 000e1000 07:00 2767523                    /usr/lib/x86_64-linux-gnu/libstdc++.so.6.0.16
7f458a6f9000-7f458a6fb000 rw-p 000e9000 07:00 2767523                    /usr/lib/x86_64-linux-gnu/libstdc++.so.6.0.16
7f458a6fb000-7f458a710000 rw-p 00000000 00:00 0 
7f458a710000-7f458b015000 r-xp 00000000 07:00 2884114                    /usr/lib/jvm/java-6-openjdk-amd64/jre/lib/amd64/server/libjvm.so
7f458b015000-7f458b215000 ---p 00905000 07:00 2884114                    /usr/lib/jvm/java-6-openjdk-amd64/jre/lib/amd64/server/libjvm.so
7f458b215000-7f458b295000 r--p 00905000 07:00 2884114                    /usr/lib/jvm/java-6-openjdk-amd64/jre/lib/amd64/server/libjvm.so
7f458b295000-7f458b2b0000 rw-p 00985000 07:00 2884114                    /usr/lib/jvm/java-6-openjdk-amd64/jre/lib/amd64/server/libjvm.so
7f458b2b0000-7f458b2d9000 rw-p 00000000 00:00 0 
7f458b2d9000-7f458b2ef000 r-xp 00000000 07:00 136669                     /lib/x86_64-linux-gnu/libz.so.1.2.3.4
7f458b2ef000-7f458b4ee000 ---p 00016000 07:00 136669                     /lib/x86_64-linux-gnu/libz.so.1.2.3.4
7f458b4ee000-7f458b4ef000 r--p 00015000 07:00 136669                     /lib/x86_64-linux-gnu/libz.so.1.2.3.4
7f458b4ef000-7f458b4f0000 rw-p 00016000 07:00 136669                     /lib/x86_64-linux-gnu/libz.so.1.2.3.4
7f458b4f0000-7f458b6a5000 r-xp 00000000 07:00 136611                     /lib/x86_64-linux-gnu/libc-2.15.so
7f458b6a5000-7f458b8a4000 ---p 001b5000 07:00 136611                     /lib/x86_64-linux-gnu/libc-2.15.so
7f458b8a4000-7f458b8a8000 r--p 001b4000 07:00 136611                     /lib/x86_64-linux-gnu/libc-2.15.so
7f458b8a8000-7f458b8aa000 rw-p 001b8000 07:00 136611                     /lib/x86_64-linux-gnu/libc-2.15.so
7f458b8aa000-7f458b8af000 rw-p 00000000 00:00 0 
7f458b8af000-7f458b8b1000 r-xp 00000000 07:00 136618                     /lib/x86_64-linux-gnu/libdl-2.15.so
7f458b8b1000-7f458bab1000 ---p 00002000 07:00 136618                     /lib/x86_64-linux-gnu/libdl-2.15.so
7f458bab1000-7f458bab2000 r--p 00002000 07:00 136618                     /lib/x86_64-linux-gnu/libdl-2.15.so
7f458bab2000-7f458bab3000 rw-p 00003000 07:00 136618                     /lib/x86_64-linux-gnu/libdl-2.15.so
7f458bab3000-7f458bab7000 r-xp 00000000 07:00 2884111                    /usr/lib/jvm/java-6-openjdk-amd64/jre/lib/amd64/jli/libjli.so
7f458bab7000-7f458bcb6000 ---p 00004000 07:00 2884111                    /usr/lib/jvm/java-6-openjdk-amd64/jre/lib/amd64/jli/libjli.so
7f458bcb6000-7f458bcb7000 r--p 00003000 07:00 2884111                    /usr/lib/jvm/java-6-openjdk-amd64/jre/lib/amd64/jli/libjli.so
7f458bcb7000-7f458bcb8000 rw-p 00004000 07:00 2884111                    /usr/lib/jvm/java-6-openjdk-amd64/jre/lib/amd64/jli/libjli.so
7f458bcb8000-7f458bcd0000 r-xp 00000000 07:00 136653                     /lib/x86_64-linux-gnu/libpthread-2.15.so
7f458bcd0000-7f458becf000 ---p 00018000 07:00 136653                     /lib/x86_64-linux-gnu/libpthread-2.15.so
7f458becf000-7f458bed0000 r--p 00017000 07:00 136653                     /lib/x86_64-linux-gnu/libpthread-2.15.so
7f458bed0000-7f458bed1000 rw-p 00018000 07:00 136653                     /lib/x86_64-linux-gnu/libpthread-2.15.so
7f458bed1000-7f458bed5000 rw-p 00000000 00:00 0 
7f458bed5000-7f458bef7000 r-xp 00000000 07:00 136601                     /lib/x86_64-linux-gnu/ld-2.15.so
7f458bef7000-7f458bf0a000 r--s 00000000 07:00 2229124                    /var/cache/fontconfig/e13b20fdb08344e0e664864cc2ede53d-le64.cache-3
7f458bf0a000-7f458bf14000 rw-p 00000000 00:00 0 
7f458bf14000-7f458bfca000 rw-p 00000000 00:00 0 
7f458bfca000-7f458bfcd000 ---p 00000000 00:00 0 
7f458bfcd000-7f458c0cb000 rwxp 00000000 00:00 0 
7f458c0cb000-7f458c0d0000 rw-p 00000000 00:00 0 
7f458c0d0000-7f458c0d1000 rw-s 00000000 00:12 1347094                    /run/shm/045e.02ae@1.52-SM
7f458c0d1000-7f458c0d2000 r--s 00000000 07:00 2229104                    /var/cache/fontconfig/56cf4f4769d0f4abc89a4895d7bd3ae1-le64.cache-3
7f458c0d2000-7f458c0d3000 r--s 00000000 07:00 2229117                    /var/cache/fontconfig/b9d506c9ac06c20b433354fa67a72993-le64.cache-3
7f458c0d3000-7f458c0d8000 r--s 00000000 07:00 2229116                    /var/cache/fontconfig/b47c4e1ecd0709278f4910c18777a504-le64.cache-3
7f458c0d8000-7f458c0dc000 r--s 00000000 07:00 2229109                    /var/cache/fontconfig/7ef2298fde41cc6eeb7af42e48b7d293-le64.cache-3
7f458c0dc000-7f458c0dd000 r--s 00007000 07:00 1188646                    /usr/share/java/java-atk-wrapper.jar
7f458c0dd000-7f458c0df000 r--s 00001000 07:00 2884220                    /usr/lib/jvm/java-6-openjdk-common/jre/lib/ext/dnsns.jar
7f458c0df000-7f458c0e2000 r--s 00031000 07:00 2884223                    /usr/lib/jvm/java-6-openjdk-common/jre/lib/ext/sunjce_provider.jar
7f458c0e2000-7f458c0e4000 r--s 0000f000 07:00 2884222                    /usr/lib/jvm/java-6-openjdk-common/jre/lib/ext/pulse-java.jar
7f458c0e4000-7f458c0e8000 r--s 00038000 07:00 2884224                    /usr/lib/jvm/java-6-openjdk-common/jre/lib/ext/sunpkcs11.jar
7f458c0e8000-7f458c0eb000 r--s 00077000 07:00 2884221                    /usr/lib/jvm/java-6-openjdk-common/jre/lib/ext/localedata.jar
7f458c0eb000-7f458c0f3000 rw-s 00000000 07:00 691                        /tmp/hsperfdata_qyr1987/26874
7f458c0f3000-7f458c0f4000 rw-p 00000000 00:00 0 
7f458c0f4000-7f458c0f5000 r--p 00000000 00:00 0 
7f458c0f5000-7f458c0f7000 rw-p 00000000 00:00 0 
7f458c0f7000-7f458c0f8000 r--p 00022000 07:00 136601                     /lib/x86_64-linux-gnu/ld-2.15.so
7f458c0f8000-7f458c0fa000 rw-p 00023000 07:00 136601                     /lib/x86_64-linux-gnu/ld-2.15.so
7fff83cc2000-7fff83ce2000 rwxp 00000000 00:00 0                          [stack]
7fff83ce2000-7fff83ce3000 rw-p 00000000 00:00 0 
7fff83d8e000-7fff83d8f000 r-xp 00000000 00:00 0                          [vdso]
ffffffffff600000-ffffffffff601000 r-xp 00000000 00:00 0                  [vsyscall]

VM Arguments:
jvm_args: -Dfile.encoding=UTF-8 
java_command: edu.seas.upenn.ese519.MainFrame
Launcher Type: SUN_STANDARD

Environment Variables:
PATH=/home/qyr1987/bin:/usr/lib/lightdm/lightdm:/usr/local/sbin:/usr/local/bin:/usr/sbin:/usr/bin:/sbin:/bin:/usr/games
LD_LIBRARY_PATH=/usr/lib/jvm/java-6-openjdk-amd64/jre/lib/amd64/server:/usr/lib/jvm/java-6-openjdk-amd64/jre/lib/amd64:/usr/lib/jvm/java-6-openjdk-amd64/jre/../lib/amd64
SHELL=/bin/bash
DISPLAY=:0

Signal Handlers:
SIGSEGV: [libjvm.so+0x7852e0], sa_mask[0]=0x7ffbfeff, sa_flags=0x10000004
SIGBUS: [libjvm.so+0x7852e0], sa_mask[0]=0x7ffbfeff, sa_flags=0x10000004
SIGFPE: [libjvm.so+0x648d40], sa_mask[0]=0x7ffbfeff, sa_flags=0x10000004
SIGPIPE: [libjvm.so+0x648d40], sa_mask[0]=0x7ffbfeff, sa_flags=0x10000004
SIGXFSZ: [libjvm.so+0x648d40], sa_mask[0]=0x7ffbfeff, sa_flags=0x10000004
SIGILL: [libjvm.so+0x648d40], sa_mask[0]=0x7ffbfeff, sa_flags=0x10000004
SIGUSR1: SIG_DFL, sa_mask[0]=0x00000000, sa_flags=0x00000000
SIGUSR2: [libjvm.so+0x648ef0], sa_mask[0]=0x00000004, sa_flags=0x10000004
SIGHUP: [libjvm.so+0x64ba10], sa_mask[0]=0x7ffbfeff, sa_flags=0x10000004
SIGINT: [libjvm.so+0x64ba10], sa_mask[0]=0x7ffbfeff, sa_flags=0x10000004
SIGTERM: [libjvm.so+0x64ba10], sa_mask[0]=0x7ffbfeff, sa_flags=0x10000004
SIGQUIT: [libjvm.so+0x64ba10], sa_mask[0]=0x7ffbfeff, sa_flags=0x10000004


---------------  S Y S T E M  ---------------

OS:Ubuntu 12.04 (precise)
uname:Linux 3.2.0-33-generic #52-Ubuntu SMP Thu Oct 18 16:29:15 UTC 2012 x86_64
libc:glibc 2.15 NPTL 2.15 
rlimit: STACK 8192k, CORE 0k, NPROC 62854, NOFILE 4096, AS infinity
load average:0.47 0.39 0.39

/proc/meminfo:
MemTotal:        8062936 kB
MemFree:         1560384 kB
Buffers:         1496944 kB
Cached:          2001692 kB
SwapCached:          188 kB
Active:          3592536 kB
Inactive:        2424536 kB
Active(anon):    2160992 kB
Inactive(anon):   854692 kB
Active(file):    1431544 kB
Inactive(file):  1569844 kB
Unevictable:        2708 kB
Mlocked:              32 kB
SwapTotal:        262140 kB
SwapFree:         230184 kB
Dirty:               388 kB
Writeback:             0 kB
AnonPages:       2521012 kB
Mapped:           212196 kB
Shmem:            494572 kB
Slab:             309688 kB
SReclaimable:     233216 kB
SUnreclaim:        76472 kB
KernelStack:        4944 kB
PageTables:        48572 kB
NFS_Unstable:          0 kB
Bounce:                0 kB
WritebackTmp:          0 kB
CommitLimit:     4293608 kB
Committed_AS:    6527056 kB
VmallocTotal:   34359738367 kB
VmallocUsed:      414572 kB
VmallocChunk:   34359275716 kB
HardwareCorrupted:     0 kB
AnonHugePages:         0 kB
HugePages_Total:       0
HugePages_Free:        0
HugePages_Rsvd:        0
HugePages_Surp:        0
Hugepagesize:       2048 kB
DirectMap4k:      137216 kB
DirectMap2M:     8142848 kB


CPU:total 4 (2 cores per cpu, 2 threads per core) family 6 model 42 stepping 7, cmov, cx8, fxsr, mmx, sse, sse2, sse3, ssse3, sse4.1, sse4.2, popcnt, ht

Memory: 4k page, physical 8062936k(1560384k free), swap 262140k(230184k free)

vm_info: OpenJDK 64-Bit Server VM (20.0-b12) for linux-amd64 JRE (1.6.0_24-b24), built on Oct 24 2012 16:17:28 by "buildd" with gcc 4.6.3

time: Mon Nov 26 15:17:48 2012
elapsed time: 3 seconds

