#
# A fatal error has been detected by the Java Runtime Environment:
#
#  SIGSEGV (0xb) at pc=0x00007fd9159d2615, pid=28474, tid=140570820552448
#
# JRE version: 6.0_24-b24
# Java VM: OpenJDK 64-Bit Server VM (20.0-b12 mixed mode linux-amd64 compressed oops)
# Derivative: IcedTea6 1.11.5
# Distribution: Ubuntu 12.04 LTS, package 6b24-1.11.5-0ubuntu1~12.04.1
# Problematic frame:
# C  [libXnVFeatures_1_5_2.so+0x8b615]  Segmentation::detectionByPoint(bool, std::vector<Vector2D<int>, std::allocator<Vector2D<int> > > const*)+0x105
#
# If you would like to submit a bug report, please include
# instructions how to reproduce the bug and visit:
#   https://bugs.launchpad.net/ubuntu/+source/openjdk-6/
# The crash happened outside the Java Virtual Machine in native code.
# See problematic frame for where to report the bug.
#

---------------  T H R E A D  ---------------

Current thread (0x00007fd928007800):  JavaThread "main" [_thread_in_native, id=28479, stack(0x00007fd931c32000,0x00007fd931d33000)]

siginfo:si_signo=SIGSEGV: si_errno=0, si_code=1 (SEGV_MAPERR), si_addr=0x00007fd728c22a70

Registers:
RAX=0x00007fd928c22a70, RBX=0x00007fd9282c5910, RCX=0x000000000000000a, RDX=0xffffffff80000000
RSP=0x00007fd931d31470, RBP=0x00007fd8e5291e60, RSI=0x00007fd8d5d68a40, RDI=0x0000000080000000
R8 =0x0000000000000000, R9 =0x0000000080000000, R10=0x00007fd8e5350a21, R11=0x00007fd9311e3c9c
R12=0x00007fd915f74d88, R13=0x00007fd931d315d0, R14=0x00007fd8e52ed060, R15=0x0000000000000000
RIP=0x00007fd9159d2615, EFLAGS=0x0000000000010a12, CSGSFS=0x0000000000000033, ERR=0x0000000000000004
  TRAPNO=0x000000000000000e

Top of Stack: (sp=0x00007fd931d31470)
0x00007fd931d31470:   00007fd9282c5a50 7fffffff00000000
0x00007fd931d31480:   00007fd9282c5a50 00007fd8e5291fe0
0x00007fd931d31490:   00007fd8e52932e0 00007fd8e5291e60
0x00007fd931d314a0:   00007fd8e5291fe0 00007fd8e528cd80
0x00007fd931d314b0:   00007fd931d315d0 00007fd8e4301050
0x00007fd931d314c0:   0000000000000000 00007fd9159d9bc0
0x00007fd931d314d0:   00000000000bc986 00000000000bc986
0x00007fd931d314e0:   0000000000000000 3ff0000000000000
0x00007fd931d314f0:   00007fd915f755a8 0000000000000001
0x00007fd931d31500:   0000000000000040 00007fd8e4301010
0x00007fd931d31510:   00007fd8e528cd80 00007fd8e526bf88
0x00007fd931d31520:   00007fd8e4301050 00007fd8e4301028
0x00007fd931d31530:   00007fd931d315d0 00007fd9159c299b
0x00007fd931d31540:   00007fd8e5382190 0000000000000008
0x00007fd931d31550:   00000000000bc06b 00000000000bc06b
0x00007fd931d31560:   0000000000000000 3ff0000000000000
0x00007fd931d31570:   0000000000000000 00007fd91599c8bd
0x00007fd931d31580:   00007fd931d315f0 00007fd92c6f801c
0x00007fd931d31590:   0000000000000001 00007fd92c6f8000
0x00007fd931d315a0:   00007fd928ba2670 00007fd9282319e0
0x00007fd931d315b0:   00007fd928007800 00007fd91599803f
0x00007fd931d315c0:   00000000000001b8 00007fd917502489
0x00007fd931d315d0:   00007fd9282c5910 00007fd9282c5918
0x00007fd931d315e0:   00007fd9282c5918 00007fd8d5d68921
0x00007fd931d315f0:   000000dc000000c4 00007fd928ba2670
0x00007fd931d31600:   00007fd928ba2670 00007fd928ba2670
0x00007fd931d31610:   00007fd929214dc0 0000000000000051
0x00007fd931d31620:   00007fd8d5d61490 00007fd9159985bf
0x00007fd931d31630:   00007fd915f5caf0 00007fd93012f4ec
0x00007fd931d31640:   00007fd915f5ed10 0000000000000000
0x00007fd931d31650:   000000000068e3d1 0009600000000001
0x00007fd931d31660:   ffffffff00000001 00007fd931d316a4 

Instructions: (pc=0x00007fd9159d2615)
0x00007fd9159d25f5:   e6 05 49 01 ee 41 8b 46 18 41 2b 46 0c 49 63 56
0x00007fd9159d2605:   1c f3 0f 2a c0 48 8b 85 50 a3 0e 00 48 8b 40 60
0x00007fd9159d2615:   f3 0f 59 04 90 f3 0f 2c c0 3d 1f 03 00 00 0f 8e
0x00007fd9159d2625:   4f ff ff ff 44 89 fe 48 89 ef 89 44 24 08 4c 89 

Register to memory mapping:

RAX=0x00007fd928c22a70 is an unknown value
RBX=0x00007fd9282c5910 is an unknown value
RCX=0x000000000000000a is an unknown value
RDX=0xffffffff80000000 is an unknown value
RSP=0x00007fd931d31470 is pointing into the stack for thread: 0x00007fd928007800
RBP=0x00007fd8e5291e60 is an unknown value
RSI=0x00007fd8d5d68a40 is an unknown value
RDI=0x0000000080000000 is an unknown value
R8 =0x0000000000000000 is an unknown value
R9 =0x0000000080000000 is an unknown value
R10=0x00007fd8e5350a21 is an unknown value
R11=0x00007fd9311e3c9c: <offset 0x8bc9c> in /lib/x86_64-linux-gnu/libc.so.6 at 0x00007fd931158000
R12=0x00007fd915f74d88: <offset 0x62dd88> in /usr/lib/libXnVFeatures_1_5_2.so at 0x00007fd915947000
R13=0x00007fd931d315d0 is pointing into the stack for thread: 0x00007fd928007800
R14=0x00007fd8e52ed060 is an unknown value
R15=0x0000000000000000 is an unknown value


Stack: [0x00007fd931c32000,0x00007fd931d33000],  sp=0x00007fd931d31470,  free space=1021k
Native frames: (J=compiled Java code, j=interpreted, Vv=VM code, C=native code)
C  [libXnVFeatures_1_5_2.so+0x8b615]  Segmentation::detectionByPoint(bool, std::vector<Vector2D<int>, std::allocator<Vector2D<int> > > const*)+0x105

Java frames: (J=compiled Java code, j=interpreted, Vv=VM code)
j  org.OpenNI.NativeMethods.xnWaitAnyUpdateAll(J)I+0
j  org.OpenNI.Context.waitAnyUpdateAll()V+4
j  edu.seas.upenn.ese519.UserTracker.updateDepth()V+4
j  edu.seas.upenn.ese519.UserTrackerApplication.run()V+7
j  edu.seas.upenn.ese519.UserTrackerApplication.main([Ljava/lang/String;)V+62
v  ~StubRoutines::call_stub

---------------  P R O C E S S  ---------------

Java Threads: ( => current thread )
  0x00007fd8d5d67000 JavaThread "AWT-EventQueue-0" [_thread_in_vm, id=28501, stack(0x00007fd8d8f7a000,0x00007fd8d907b000)]
  0x00007fd8d5d65800 JavaThread "AWT-Shutdown" [_thread_blocked, id=28500, stack(0x00007fd8d907b000,0x00007fd8d917c000)]
  0x00007fd9281ed800 JavaThread "AWT-XAWT" daemon [_thread_in_Java, id=28495, stack(0x00007fd924076000,0x00007fd924177000)]
  0x00007fd928114800 JavaThread "Java2D Disposer" daemon [_thread_blocked, id=28493, stack(0x00007fd92c0b2000,0x00007fd92c1b3000)]
  0x00007fd92809e000 JavaThread "Low Memory Detector" daemon [_thread_blocked, id=28491, stack(0x00007fd92cd59000,0x00007fd92ce5a000)]
  0x00007fd92809b800 JavaThread "C2 CompilerThread1" daemon [_thread_blocked, id=28490, stack(0x00007fd92ce5a000,0x00007fd92cf5b000)]
  0x00007fd928098800 JavaThread "C2 CompilerThread0" daemon [_thread_blocked, id=28489, stack(0x00007fd92cf5b000,0x00007fd92d05c000)]
  0x00007fd928097800 JavaThread "Signal Dispatcher" daemon [_thread_blocked, id=28488, stack(0x00007fd92d05c000,0x00007fd92d15d000)]
  0x00007fd928078000 JavaThread "Finalizer" daemon [_thread_blocked, id=28487, stack(0x00007fd92d5d1000,0x00007fd92d6d2000)]
  0x00007fd928076000 JavaThread "Reference Handler" daemon [_thread_blocked, id=28486, stack(0x00007fd92d6d2000,0x00007fd92d7d3000)]
=>0x00007fd928007800 JavaThread "main" [_thread_in_native, id=28479, stack(0x00007fd931c32000,0x00007fd931d33000)]

Other Threads:
  0x00007fd92806f800 VMThread [stack: 0x00007fd92d7d3000,0x00007fd92d8d4000] [id=28485]
  0x00007fd9280a0800 WatcherThread [stack: 0x00007fd92cc58000,0x00007fd92cd59000] [id=28492]

VM state:not at safepoint (normal execution)

VM Mutex/Monitor currently owned by a thread: None

Heap
 PSYoungGen      total 36736K, used 5318K [0x00000007d6f60000, 0x00000007d9860000, 0x0000000800000000)
  eden space 31488K, 16% used [0x00000007d6f60000,0x00000007d7491a18,0x00000007d8e20000)
  from space 5248K, 0% used [0x00000007d9340000,0x00000007d9340000,0x00000007d9860000)
  to   space 5248K, 0% used [0x00000007d8e20000,0x00000007d8e20000,0x00000007d9340000)
 PSOldGen        total 84032K, used 0K [0x0000000784e00000, 0x000000078a010000, 0x00000007d6f60000)
  object space 84032K, 0% used [0x0000000784e00000,0x0000000784e00000,0x000000078a010000)
 PSPermGen       total 21248K, used 10428K [0x000000077a800000, 0x000000077bcc0000, 0x0000000784e00000)
  object space 21248K, 49% used [0x000000077a800000,0x000000077b22f660,0x000000077bcc0000)

Code Cache  [0x00007fd925000000, 0x00007fd925270000, 0x00007fd928000000)
 total_blobs=410 nmethods=24 adapters=341 free_code_cache=49773824 largest_free_block=13824

Dynamic libraries:
00400000-00409000 r-xp 00000000 07:00 2884059                            /usr/lib/jvm/java-6-openjdk-amd64/jre/bin/java
00608000-00609000 r--p 00008000 07:00 2884059                            /usr/lib/jvm/java-6-openjdk-amd64/jre/bin/java
00609000-0060a000 rw-p 00009000 07:00 2884059                            /usr/lib/jvm/java-6-openjdk-amd64/jre/bin/java
02276000-02297000 rw-p 00000000 00:00 0                                  [heap]
77a800000-77bcc0000 rw-p 00000000 00:00 0 
77bcc0000-784e00000 rw-p 00000000 00:00 0 
784e00000-78a010000 rw-p 00000000 00:00 0 
78a010000-7d6f60000 rw-p 00000000 00:00 0 
7d6f60000-7d9860000 rw-p 00000000 00:00 0 
7d9860000-800000000 rw-p 00000000 00:00 0 
7fd8cc000000-7fd8cc021000 rw-p 00000000 00:00 0 
7fd8cc021000-7fd8d0000000 ---p 00000000 00:00 0 
7fd8d0000000-7fd8d0021000 rw-p 00000000 00:00 0 
7fd8d0021000-7fd8d4000000 ---p 00000000 00:00 0 
7fd8d4000000-7fd8d5ef4000 rw-p 00000000 00:00 0 
7fd8d5ef4000-7fd8d8000000 ---p 00000000 00:00 0 
7fd8d8f7a000-7fd8d8f7d000 ---p 00000000 00:00 0 
7fd8d8f7d000-7fd8d907b000 rwxp 00000000 00:00 0 
7fd8d907b000-7fd8d907e000 ---p 00000000 00:00 0 
7fd8d907e000-7fd8d917c000 rwxp 00000000 00:00 0 
7fd8d917c000-7fd8d95dd000 rw-p 00000000 00:00 0 
7fd8d95de000-7fd8e0000000 rw-p 00000000 00:00 0 
7fd8e0000000-7fd8e0029000 rw-p 00000000 00:00 0 
7fd8e0029000-7fd8e4000000 ---p 00000000 00:00 0 
7fd8e400e000-7fd8e5676000 rw-p 00000000 00:00 0 
7fd8e5676000-7fd8e6cf6000 r--s 00000000 00:12 716228                     /run/shm/28455_045e.02ae@1.28_Image
7fd8e6cf6000-7fd8e73fe000 r--s 00000000 00:12 716227                     /run/shm/28455_045e.02ae@1.28_Depth
7fd8e73fe000-7fd8e73ff000 ---p 00000000 00:00 0 
7fd8e73ff000-7fd8e7bff000 rwxp 00000000 00:00 0 
7fd8e7bff000-7fd8e8000000 rw-p 00000000 00:00 0 
7fd8e8000000-7fd8e8021000 rw-p 00000000 00:00 0 
7fd8e8021000-7fd8ec000000 ---p 00000000 00:00 0 
7fd8ec000000-7fd8ec021000 rw-p 00000000 00:00 0 
7fd8ec021000-7fd8f0000000 ---p 00000000 00:00 0 
7fd8f0000000-7fd8f0021000 rw-p 00000000 00:00 0 
7fd8f0021000-7fd8f4000000 ---p 00000000 00:00 0 
7fd8f4000000-7fd8f4021000 rw-p 00000000 00:00 0 
7fd8f4021000-7fd8f8000000 ---p 00000000 00:00 0 
7fd8f8000000-7fd8f8360000 rw-p 00000000 00:00 0 
7fd8f8360000-7fd8fc000000 ---p 00000000 00:00 0 
7fd8fc000000-7fd8fc1ef000 rw-p 00000000 00:00 0 
7fd8fc1ef000-7fd900000000 ---p 00000000 00:00 0 
7fd900000000-7fd900021000 rw-p 00000000 00:00 0 
7fd900021000-7fd904000000 ---p 00000000 00:00 0 
7fd904000000-7fd904021000 rw-p 00000000 00:00 0 
7fd904021000-7fd908000000 ---p 00000000 00:00 0 
7fd908000000-7fd908021000 rw-p 00000000 00:00 0 
7fd908021000-7fd90c000000 ---p 00000000 00:00 0 
7fd90c000000-7fd90c021000 rw-p 00000000 00:00 0 
7fd90c021000-7fd910000000 ---p 00000000 00:00 0 
7fd910000000-7fd910021000 rw-p 00000000 00:00 0 
7fd910021000-7fd914000000 ---p 00000000 00:00 0 
7fd91402b000-7fd91423a000 rw-p 00000000 00:00 0 
7fd91423a000-7fd914261000 r-xp 00000000 07:00 2759918                    /usr/lib/libXnDeviceFile.so
7fd914261000-7fd914461000 ---p 00027000 07:00 2759918                    /usr/lib/libXnDeviceFile.so
7fd914461000-7fd914463000 r--p 00027000 07:00 2759918                    /usr/lib/libXnDeviceFile.so
7fd914463000-7fd914464000 rw-p 00029000 07:00 2759918                    /usr/lib/libXnDeviceFile.so
7fd914464000-7fd9144ac000 r-xp 00000000 07:00 2759917                    /usr/lib/libXnDDK.so
7fd9144ac000-7fd9146ac000 ---p 00048000 07:00 2759917                    /usr/lib/libXnDDK.so
7fd9146ac000-7fd9146af000 r--p 00048000 07:00 2759917                    /usr/lib/libXnDDK.so
7fd9146af000-7fd9146b1000 rw-p 0004b000 07:00 2759917                    /usr/lib/libXnDDK.so
7fd9146b1000-7fd9146d5000 r-xp 00000000 07:00 2759920                    /usr/lib/libXnFormats.so
7fd9146d5000-7fd9148d5000 ---p 00024000 07:00 2759920                    /usr/lib/libXnFormats.so
7fd9148d5000-7fd9148d6000 r--p 00024000 07:00 2759920                    /usr/lib/libXnFormats.so
7fd9148d6000-7fd9148d7000 rw-p 00025000 07:00 2759920                    /usr/lib/libXnFormats.so
7fd9148d7000-7fd9148f7000 rw-p 00000000 00:00 0 
7fd9148f7000-7fd9148fa000 r-xp 00000000 07:00 2759916                    /usr/lib/libXnCore.so
7fd9148fa000-7fd914af9000 ---p 00003000 07:00 2759916                    /usr/lib/libXnCore.so
7fd914af9000-7fd914afa000 r--p 00002000 07:00 2759916                    /usr/lib/libXnCore.so
7fd914afa000-7fd914afb000 rw-p 00003000 07:00 2759916                    /usr/lib/libXnCore.so
7fd914afb000-7fd914b84000 r-xp 00000000 07:00 2759919                    /usr/lib/libXnDeviceSensorV2KM.so
7fd914b84000-7fd914d83000 ---p 00089000 07:00 2759919                    /usr/lib/libXnDeviceSensorV2KM.so
7fd914d83000-7fd914d93000 r--p 00088000 07:00 2759919                    /usr/lib/libXnDeviceSensorV2KM.so
7fd914d93000-7fd914d94000 rw-p 00098000 07:00 2759919                    /usr/lib/libXnDeviceSensorV2KM.so
7fd914d94000-7fd914e88000 r-xp 00000000 07:00 2759934                    /usr/lib/libXnVHandGenerator_1_5_2.so
7fd914e88000-7fd915087000 ---p 000f4000 07:00 2759934                    /usr/lib/libXnVHandGenerator_1_5_2.so
7fd915087000-7fd91508c000 r--p 000f3000 07:00 2759934                    /usr/lib/libXnVHandGenerator_1_5_2.so
7fd91508c000-7fd91508d000 rw-p 000f8000 07:00 2759934                    /usr/lib/libXnVHandGenerator_1_5_2.so
7fd91508d000-7fd91509b000 rw-p 00000000 00:00 0 
7fd91509b000-7fd915173000 r-xp 00000000 07:00 2759933                    /usr/lib/libXnVHandGenerator_1_4_2.so
7fd915173000-7fd915372000 ---p 000d8000 07:00 2759933                    /usr/lib/libXnVHandGenerator_1_4_2.so
7fd915372000-7fd915377000 r--p 000d7000 07:00 2759933                    /usr/lib/libXnVHandGenerator_1_4_2.so
7fd915377000-7fd915378000 rw-p 000dc000 07:00 2759933                    /usr/lib/libXnVHandGenerator_1_4_2.so
7fd915378000-7fd91537b000 rw-p 00000000 00:00 0 
7fd91537b000-7fd915453000 r-xp 00000000 07:00 2759932                    /usr/lib/libXnVHandGenerator_1_4_1.so
7fd915453000-7fd915652000 ---p 000d8000 07:00 2759932                    /usr/lib/libXnVHandGenerator_1_4_1.so
7fd915652000-7fd915657000 r--p 000d7000 07:00 2759932                    /usr/lib/libXnVHandGenerator_1_4_1.so
7fd915657000-7fd915658000 rw-p 000dc000 07:00 2759932                    /usr/lib/libXnVHandGenerator_1_4_1.so
7fd915658000-7fd91565b000 rw-p 00000000 00:00 0 
7fd91565b000-7fd91573e000 r-xp 00000000 07:00 2759931                    /usr/lib/libXnVHandGenerator_1_3_1.so
7fd91573e000-7fd91593e000 ---p 000e3000 07:00 2759931                    /usr/lib/libXnVHandGenerator_1_3_1.so
7fd91593e000-7fd915943000 r--p 000e3000 07:00 2759931                    /usr/lib/libXnVHandGenerator_1_3_1.so
7fd915943000-7fd915944000 rw-p 000e8000 07:00 2759931                    /usr/lib/libXnVHandGenerator_1_3_1.so
7fd915944000-7fd915947000 rw-p 00000000 00:00 0 
7fd915947000-7fd915d5c000 r-xp 00000000 07:00 2759929                    /usr/lib/libXnVFeatures_1_5_2.so
7fd915d5c000-7fd915f5c000 ---p 00415000 07:00 2759929                    /usr/lib/libXnVFeatures_1_5_2.so
7fd915f5c000-7fd915f6d000 r--p 00415000 07:00 2759929                    /usr/lib/libXnVFeatures_1_5_2.so
7fd915f6d000-7fd915f6f000 rw-p 00426000 07:00 2759929                    /usr/lib/libXnVFeatures_1_5_2.so
7fd915f6f000-7fd915f84000 rw-p 00000000 00:00 0 
7fd915f84000-7fd91617b000 r-xp 00000000 07:00 2759928                    /usr/lib/libXnVFeatures_1_4_2.so
7fd91617b000-7fd91637a000 ---p 001f7000 07:00 2759928                    /usr/lib/libXnVFeatures_1_4_2.so
7fd91637a000-7fd916380000 r--p 001f6000 07:00 2759928                    /usr/lib/libXnVFeatures_1_4_2.so
7fd916380000-7fd916381000 rw-p 001fc000 07:00 2759928                    /usr/lib/libXnVFeatures_1_4_2.so
7fd916381000-7fd916387000 rw-p 00000000 00:00 0 
7fd916387000-7fd91657e000 r-xp 00000000 07:00 2759927                    /usr/lib/libXnVFeatures_1_4_1.so
7fd91657e000-7fd91677d000 ---p 001f7000 07:00 2759927                    /usr/lib/libXnVFeatures_1_4_1.so
7fd91677d000-7fd916783000 r--p 001f6000 07:00 2759927                    /usr/lib/libXnVFeatures_1_4_1.so
7fd916783000-7fd916784000 rw-p 001fc000 07:00 2759927                    /usr/lib/libXnVFeatures_1_4_1.so
7fd916784000-7fd91678a000 rw-p 00000000 00:00 0 
7fd91678a000-7fd9169cf000 r-xp 00000000 07:00 2759926                    /usr/lib/libXnVFeatures_1_3_1.so
7fd9169cf000-7fd916bcf000 ---p 00245000 07:00 2759926                    /usr/lib/libXnVFeatures_1_3_1.so
7fd916bcf000-7fd916bd5000 r--p 00245000 07:00 2759926                    /usr/lib/libXnVFeatures_1_3_1.so
7fd916bd5000-7fd916bd6000 rw-p 0024b000 07:00 2759926                    /usr/lib/libXnVFeatures_1_3_1.so
7fd916bd6000-7fd916bdd000 rw-p 00000000 00:00 0 
7fd916bdd000-7fd916bfb000 r-xp 00000000 07:00 2760368                    /usr/lib/libnimRecorder.so
7fd916bfb000-7fd916dfa000 ---p 0001e000 07:00 2760368                    /usr/lib/libnimRecorder.so
7fd916dfa000-7fd916dfc000 r--p 0001d000 07:00 2760368                    /usr/lib/libnimRecorder.so
7fd916dfc000-7fd916dfd000 rw-p 0001f000 07:00 2760368                    /usr/lib/libnimRecorder.so
7fd916dfd000-7fd916e33000 r-xp 00000000 07:00 2760366                    /usr/lib/libnimCodecs.so
7fd916e33000-7fd917033000 ---p 00036000 07:00 2760366                    /usr/lib/libnimCodecs.so
7fd917033000-7fd917036000 r--p 00036000 07:00 2760366                    /usr/lib/libnimCodecs.so
7fd917036000-7fd917037000 rw-p 00039000 07:00 2760366                    /usr/lib/libnimCodecs.so
7fd917037000-7fd917057000 rw-p 00000000 00:00 0 
7fd917057000-7fd91708e000 r-xp 00000000 07:00 2760367                    /usr/lib/libnimMockNodes.so
7fd91708e000-7fd91728d000 ---p 00037000 07:00 2760367                    /usr/lib/libnimMockNodes.so
7fd91728d000-7fd91729a000 r--p 00036000 07:00 2760367                    /usr/lib/libnimMockNodes.so
7fd91729a000-7fd91729b000 rw-p 00043000 07:00 2760367                    /usr/lib/libnimMockNodes.so
7fd91729b000-7fd9172a9000 r-xp 00000000 07:00 136665                     /lib/x86_64-linux-gnu/libusb-1.0.so.0.1.0
7fd9172a9000-7fd9174a8000 ---p 0000e000 07:00 136665                     /lib/x86_64-linux-gnu/libusb-1.0.so.0.1.0
7fd9174a8000-7fd9174a9000 r--p 0000d000 07:00 136665                     /lib/x86_64-linux-gnu/libusb-1.0.so.0.1.0
7fd9174a9000-7fd9174aa000 rw-p 0000e000 07:00 136665                     /lib/x86_64-linux-gnu/libusb-1.0.so.0.1.0
7fd9174aa000-7fd917527000 r-xp 00000000 07:00 2759909                    /usr/lib/libOpenNI.so
7fd917527000-7fd917726000 ---p 0007d000 07:00 2759909                    /usr/lib/libOpenNI.so
7fd917726000-7fd917729000 r--p 0007c000 07:00 2759909                    /usr/lib/libOpenNI.so
7fd917729000-7fd91772c000 rw-p 0007f000 07:00 2759909                    /usr/lib/libOpenNI.so
7fd91772c000-7fd91772d000 rw-p 00000000 00:00 0 
7fd91772d000-7fd917751000 r-xp 00000000 07:00 2759908                    /usr/lib/libOpenNI.jni.so
7fd917751000-7fd917950000 ---p 00024000 07:00 2759908                    /usr/lib/libOpenNI.jni.so
7fd917950000-7fd917951000 r--p 00023000 07:00 2759908                    /usr/lib/libOpenNI.jni.so
7fd917951000-7fd917954000 rw-p 00024000 07:00 2759908                    /usr/lib/libOpenNI.jni.so
7fd917954000-7fd917959000 r-xp 00000000 07:00 2766745                    /usr/lib/x86_64-linux-gnu/libXfixes.so.3.1.0
7fd917959000-7fd917b58000 ---p 00005000 07:00 2766745                    /usr/lib/x86_64-linux-gnu/libXfixes.so.3.1.0
7fd917b58000-7fd917b59000 r--p 00004000 07:00 2766745                    /usr/lib/x86_64-linux-gnu/libXfixes.so.3.1.0
7fd917b59000-7fd917b5a000 rw-p 00005000 07:00 2766745                    /usr/lib/x86_64-linux-gnu/libXfixes.so.3.1.0
7fd917b5a000-7fd917b63000 r-xp 00000000 07:00 2766737                    /usr/lib/x86_64-linux-gnu/libXcursor.so.1.0.2
7fd917b63000-7fd917d62000 ---p 00009000 07:00 2766737                    /usr/lib/x86_64-linux-gnu/libXcursor.so.1.0.2
7fd917d62000-7fd917d63000 r--p 00008000 07:00 2766737                    /usr/lib/x86_64-linux-gnu/libXcursor.so.1.0.2
7fd917d63000-7fd917d64000 rw-p 00009000 07:00 2766737                    /usr/lib/x86_64-linux-gnu/libXcursor.so.1.0.2
7fd917d64000-7fd917dfa000 r-xp 00000000 07:00 2767280                    /usr/lib/x86_64-linux-gnu/libfreetype.so.6.8.0
7fd917dfa000-7fd917ff9000 ---p 00096000 07:00 2767280                    /usr/lib/x86_64-linux-gnu/libfreetype.so.6.8.0
7fd917ff9000-7fd917fff000 r--p 00095000 07:00 2767280                    /usr/lib/x86_64-linux-gnu/libfreetype.so.6.8.0
7fd917fff000-7fd918000000 rw-p 0009b000 07:00 2767280                    /usr/lib/x86_64-linux-gnu/libfreetype.so.6.8.0
7fd918000000-7fd918021000 rw-p 00000000 00:00 0 
7fd918021000-7fd91c000000 ---p 00000000 00:00 0 
7fd91c000000-7fd91c021000 rw-p 00000000 00:00 0 
7fd91c021000-7fd920000000 ---p 00000000 00:00 0 
7fd920000000-7fd920021000 rw-p 00000000 00:00 0 
7fd920021000-7fd924000000 ---p 00000000 00:00 0 
7fd924038000-7fd924076000 rw-p 00000000 00:00 0 
7fd924076000-7fd924177000 rwxp 00000000 00:00 0 
7fd924177000-7fd92417e000 r--s 000fb000 07:00 2884213                    /usr/lib/jvm/java-6-openjdk-common/jre/lib/resources.jar
7fd92417e000-7fd9241b8000 r-xp 00000000 07:00 2884078                    /usr/lib/jvm/java-6-openjdk-amd64/jre/lib/amd64/libfontmanager.so
7fd9241b8000-7fd9243b7000 ---p 0003a000 07:00 2884078                    /usr/lib/jvm/java-6-openjdk-amd64/jre/lib/amd64/libfontmanager.so
7fd9243b7000-7fd9243b9000 r--p 00039000 07:00 2884078                    /usr/lib/jvm/java-6-openjdk-amd64/jre/lib/amd64/libfontmanager.so
7fd9243b9000-7fd9243ba000 rw-p 0003b000 07:00 2884078                    /usr/lib/jvm/java-6-openjdk-amd64/jre/lib/amd64/libfontmanager.so
7fd9243ba000-7fd9243bf000 r-xp 00000000 07:00 2766741                    /usr/lib/x86_64-linux-gnu/libXdmcp.so.6.0.0
7fd9243bf000-7fd9245be000 ---p 00005000 07:00 2766741                    /usr/lib/x86_64-linux-gnu/libXdmcp.so.6.0.0
7fd9245be000-7fd9245bf000 r--p 00004000 07:00 2766741                    /usr/lib/x86_64-linux-gnu/libXdmcp.so.6.0.0
7fd9245bf000-7fd9245c0000 rw-p 00005000 07:00 2766741                    /usr/lib/x86_64-linux-gnu/libXdmcp.so.6.0.0
7fd9245c0000-7fd9245c2000 r-xp 00000000 07:00 2766732                    /usr/lib/x86_64-linux-gnu/libXau.so.6.0.0
7fd9245c2000-7fd9247c1000 ---p 00002000 07:00 2766732                    /usr/lib/x86_64-linux-gnu/libXau.so.6.0.0
7fd9247c1000-7fd9247c2000 r--p 00001000 07:00 2766732                    /usr/lib/x86_64-linux-gnu/libXau.so.6.0.0
7fd9247c2000-7fd9247c3000 rw-p 00002000 07:00 2766732                    /usr/lib/x86_64-linux-gnu/libXau.so.6.0.0
7fd9247c3000-7fd9247e0000 r-xp 00000000 07:00 2767626                    /usr/lib/x86_64-linux-gnu/libxcb.so.1.1.0
7fd9247e0000-7fd9249df000 ---p 0001d000 07:00 2767626                    /usr/lib/x86_64-linux-gnu/libxcb.so.1.1.0
7fd9249df000-7fd9249e0000 r--p 0001c000 07:00 2767626                    /usr/lib/x86_64-linux-gnu/libxcb.so.1.1.0
7fd9249e0000-7fd9249e1000 rw-p 0001d000 07:00 2767626                    /usr/lib/x86_64-linux-gnu/libxcb.so.1.1.0
7fd9249e1000-7fd9249ef000 r-xp 00000000 07:00 2766749                    /usr/lib/x86_64-linux-gnu/libXi.so.6.1.0
7fd9249ef000-7fd924bee000 ---p 0000e000 07:00 2766749                    /usr/lib/x86_64-linux-gnu/libXi.so.6.1.0
7fd924bee000-7fd924bef000 r--p 0000d000 07:00 2766749                    /usr/lib/x86_64-linux-gnu/libXi.so.6.1.0
7fd924bef000-7fd924bf0000 rw-p 0000e000 07:00 2766749                    /usr/lib/x86_64-linux-gnu/libXi.so.6.1.0
7fd924bf0000-7fd924bf5000 r-xp 00000000 07:00 2766764                    /usr/lib/x86_64-linux-gnu/libXtst.so.6.1.0
7fd924bf5000-7fd924df4000 ---p 00005000 07:00 2766764                    /usr/lib/x86_64-linux-gnu/libXtst.so.6.1.0
7fd924df4000-7fd924df5000 r--p 00004000 07:00 2766764                    /usr/lib/x86_64-linux-gnu/libXtst.so.6.1.0
7fd924df5000-7fd924df6000 rw-p 00005000 07:00 2766764                    /usr/lib/x86_64-linux-gnu/libXtst.so.6.1.0
7fd924df6000-7fd924dff000 r-xp 00000000 07:00 2766760                    /usr/lib/x86_64-linux-gnu/libXrender.so.1.3.0
7fd924dff000-7fd924ffe000 ---p 00009000 07:00 2766760                    /usr/lib/x86_64-linux-gnu/libXrender.so.1.3.0
7fd924ffe000-7fd924fff000 r--p 00008000 07:00 2766760                    /usr/lib/x86_64-linux-gnu/libXrender.so.1.3.0
7fd924fff000-7fd925000000 rw-p 00009000 07:00 2766760                    /usr/lib/x86_64-linux-gnu/libXrender.so.1.3.0
7fd925000000-7fd925270000 rwxp 00000000 00:00 0 
7fd925270000-7fd92bfff000 rw-p 00000000 00:00 0 
7fd92bfff000-7fd92c000000 ---p 00000000 00:00 0 
7fd92c001000-7fd92c002000 r--s 00000000 07:00 2229118                    /var/cache/fontconfig/c05880de57d1f5e948fdfacc138775d9-le64.cache-3
7fd92c002000-7fd92c00b000 r--s 00000000 07:00 2229112                    /var/cache/fontconfig/945677eb7aeaf62f1d50efc3fb3ec7d8-le64.cache-3
7fd92c00b000-7fd92c00f000 r--s 00000000 07:00 2229113                    /var/cache/fontconfig/99e8ed0e538f840c565b6ed5dad60d56-le64.cache-3
7fd92c00f000-7fd92c017000 r--s 00000000 07:00 2229114                    /var/cache/fontconfig/a6d8cf8e4ec09cdbc8633c31745a07dd-le64.cache-3
7fd92c017000-7fd92c01b000 r--s 00000000 07:00 2229098                    /var/cache/fontconfig/2cd17615ca594fa2959ae173292e504c-le64.cache-3
7fd92c01b000-7fd92c01c000 r--s 00000000 07:00 2229126                    /var/cache/fontconfig/e7071f4a29fa870f4323321c154eba04-le64.cache-3
7fd92c01c000-7fd92c01d000 r--s 00000000 07:00 2229096                    /var/cache/fontconfig/0d8c3b2ac0904cb8a57a757ad11a4a08-le64.cache-3
7fd92c01d000-7fd92c023000 r--s 00000000 07:00 2229115                    /var/cache/fontconfig/a755afe4a08bf5b97852ceb7400b47bc-le64.cache-3
7fd92c023000-7fd92c02c000 r--s 00000000 07:00 2229107                    /var/cache/fontconfig/6d41288fd70b0be22e8c3a91e032eec0-le64.cache-3
7fd92c02c000-7fd92c03c000 r--s 00000000 07:00 2229094                    /var/cache/fontconfig/04aabc0a78ac019cf9454389977116d2-le64.cache-3
7fd92c03c000-7fd92c03f000 r--s 00000000 07:00 2229101                    /var/cache/fontconfig/385c0604a188198f04d133e54aba7fe7-le64.cache-3
7fd92c03f000-7fd92c040000 r--s 00000000 07:00 2229102                    /var/cache/fontconfig/4794a0821666d79190d59a36cb4f44b5-le64.cache-3
7fd92c040000-7fd92c043000 r--s 00000000 07:00 2229111                    /var/cache/fontconfig/8801497958630a81b71ace7c5f9b32a8-le64.cache-3
7fd92c043000-7fd92c048000 r--s 00000000 07:00 2229099                    /var/cache/fontconfig/3047814df9a2f067bd2d96a2b9c36e5a-le64.cache-3
7fd92c048000-7fd92c049000 r--s 00000000 07:00 2229104                    /var/cache/fontconfig/56cf4f4769d0f4abc89a4895d7bd3ae1-le64.cache-3
7fd92c049000-7fd92c04a000 r--s 00000000 07:00 2229117                    /var/cache/fontconfig/b9d506c9ac06c20b433354fa67a72993-le64.cache-3
7fd92c04a000-7fd92c04f000 r--s 00000000 07:00 2229116                    /var/cache/fontconfig/b47c4e1ecd0709278f4910c18777a504-le64.cache-3
7fd92c04f000-7fd92c05f000 r--s 00000000 07:00 2229122                    /var/cache/fontconfig/d52a8644073d54c13679302ca1180695-le64.cache-3
7fd92c05f000-7fd92c06b000 r--s 00000000 07:00 2229095                    /var/cache/fontconfig/089dead882dea3570ffc31a9898cfb69-le64.cache-3
7fd92c06b000-7fd92c07e000 r--s 00000000 07:00 2229124                    /var/cache/fontconfig/e13b20fdb08344e0e664864cc2ede53d-le64.cache-3
7fd92c07e000-7fd92c082000 r--s 00000000 07:00 2229109                    /var/cache/fontconfig/7ef2298fde41cc6eeb7af42e48b7d293-le64.cache-3
7fd92c082000-7fd92c083000 r--s 00000000 07:00 2229118                    /var/cache/fontconfig/c05880de57d1f5e948fdfacc138775d9-le64.cache-3
7fd92c083000-7fd92c08c000 r--s 00000000 07:00 2229112                    /var/cache/fontconfig/945677eb7aeaf62f1d50efc3fb3ec7d8-le64.cache-3
7fd92c08c000-7fd92c090000 r--s 00000000 07:00 2229113                    /var/cache/fontconfig/99e8ed0e538f840c565b6ed5dad60d56-le64.cache-3
7fd92c090000-7fd92c098000 r--s 00000000 07:00 2229114                    /var/cache/fontconfig/a6d8cf8e4ec09cdbc8633c31745a07dd-le64.cache-3
7fd92c098000-7fd92c09c000 r--s 00000000 07:00 2229098                    /var/cache/fontconfig/2cd17615ca594fa2959ae173292e504c-le64.cache-3
7fd92c09c000-7fd92c0a2000 r--s 00000000 07:00 2229115                    /var/cache/fontconfig/a755afe4a08bf5b97852ceb7400b47bc-le64.cache-3
7fd92c0a2000-7fd92c0b2000 r--s 00000000 07:00 2229094                    /var/cache/fontconfig/04aabc0a78ac019cf9454389977116d2-le64.cache-3
7fd92c0b2000-7fd92c1b3000 rwxp 00000000 00:00 0 
7fd92c1b3000-7fd92c2e2000 r-xp 00000000 07:00 2766730                    /usr/lib/x86_64-linux-gnu/libX11.so.6.3.0
7fd92c2e2000-7fd92c4e2000 ---p 0012f000 07:00 2766730                    /usr/lib/x86_64-linux-gnu/libX11.so.6.3.0
7fd92c4e2000-7fd92c4e3000 r--p 0012f000 07:00 2766730                    /usr/lib/x86_64-linux-gnu/libX11.so.6.3.0
7fd92c4e3000-7fd92c4e7000 rw-p 00130000 07:00 2766730                    /usr/lib/x86_64-linux-gnu/libX11.so.6.3.0
7fd92c4e7000-7fd92c4f7000 r-xp 00000000 07:00 2766743                    /usr/lib/x86_64-linux-gnu/libXext.so.6.4.0
7fd92c4f7000-7fd92c6f6000 ---p 00010000 07:00 2766743                    /usr/lib/x86_64-linux-gnu/libXext.so.6.4.0
7fd92c6f6000-7fd92c6f7000 r--p 0000f000 07:00 2766743                    /usr/lib/x86_64-linux-gnu/libXext.so.6.4.0
7fd92c6f7000-7fd92c6f8000 rw-p 00010000 07:00 2766743                    /usr/lib/x86_64-linux-gnu/libXext.so.6.4.0
7fd92c6f8000-7fd92c6f9000 rw-s 00000000 00:12 688651                     /run/shm/045e.02ae@1.28-SM
7fd92c6f9000-7fd92c702000 r--s 00000000 07:00 2229107                    /var/cache/fontconfig/6d41288fd70b0be22e8c3a91e032eec0-le64.cache-3
7fd92c702000-7fd92c705000 r--s 00000000 07:00 2229101                    /var/cache/fontconfig/385c0604a188198f04d133e54aba7fe7-le64.cache-3
7fd92c705000-7fd92c708000 r--s 00000000 07:00 2229111                    /var/cache/fontconfig/8801497958630a81b71ace7c5f9b32a8-le64.cache-3
7fd92c708000-7fd92c70d000 r--s 00000000 07:00 2229116                    /var/cache/fontconfig/b47c4e1ecd0709278f4910c18777a504-le64.cache-3
7fd92c70d000-7fd92c71d000 r--s 00000000 07:00 2229122                    /var/cache/fontconfig/d52a8644073d54c13679302ca1180695-le64.cache-3
7fd92c71d000-7fd92c768000 r-xp 00000000 07:00 2884115                    /usr/lib/jvm/java-6-openjdk-amd64/jre/lib/amd64/xawt/libmawt.so
7fd92c768000-7fd92c968000 ---p 0004b000 07:00 2884115                    /usr/lib/jvm/java-6-openjdk-amd64/jre/lib/amd64/xawt/libmawt.so
7fd92c968000-7fd92c969000 r--p 0004b000 07:00 2884115                    /usr/lib/jvm/java-6-openjdk-amd64/jre/lib/amd64/xawt/libmawt.so
7fd92c969000-7fd92c96c000 rw-p 0004c000 07:00 2884115                    /usr/lib/jvm/java-6-openjdk-amd64/jre/lib/amd64/xawt/libmawt.so
7fd92c96c000-7fd92c96d000 rw-p 00000000 00:00 0 
7fd92c96d000-7fd92ca19000 r-xp 00000000 07:00 2884076                    /usr/lib/jvm/java-6-openjdk-amd64/jre/lib/amd64/libawt.so
7fd92ca19000-7fd92cc18000 ---p 000ac000 07:00 2884076                    /usr/lib/jvm/java-6-openjdk-amd64/jre/lib/amd64/libawt.so
7fd92cc18000-7fd92cc19000 r--p 000ab000 07:00 2884076                    /usr/lib/jvm/java-6-openjdk-amd64/jre/lib/amd64/libawt.so
7fd92cc19000-7fd92cc24000 rw-p 000ac000 07:00 2884076                    /usr/lib/jvm/java-6-openjdk-amd64/jre/lib/amd64/libawt.so
7fd92cc24000-7fd92cc49000 rw-p 00000000 00:00 0 
7fd92cc49000-7fd92cc4a000 r--s 00007000 07:00 1188646                    /usr/share/java/java-atk-wrapper.jar
7fd92cc4a000-7fd92cc4c000 r--s 00001000 07:00 2884220                    /usr/lib/jvm/java-6-openjdk-common/jre/lib/ext/dnsns.jar
7fd92cc4c000-7fd92cc4f000 r--s 00031000 07:00 2884223                    /usr/lib/jvm/java-6-openjdk-common/jre/lib/ext/sunjce_provider.jar
7fd92cc4f000-7fd92cc51000 r--s 0000f000 07:00 2884222                    /usr/lib/jvm/java-6-openjdk-common/jre/lib/ext/pulse-java.jar
7fd92cc51000-7fd92cc55000 r--s 00038000 07:00 2884224                    /usr/lib/jvm/java-6-openjdk-common/jre/lib/ext/sunpkcs11.jar
7fd92cc55000-7fd92cc58000 r--s 00077000 07:00 2884221                    /usr/lib/jvm/java-6-openjdk-common/jre/lib/ext/localedata.jar
7fd92cc58000-7fd92cc59000 ---p 00000000 00:00 0 
7fd92cc59000-7fd92ce5a000 rwxp 00000000 00:00 0 
7fd92ce5a000-7fd92ce5b000 ---p 00000000 00:00 0 
7fd92ce5b000-7fd92cf5b000 rwxp 00000000 00:00 0 
7fd92cf5b000-7fd92cf5c000 ---p 00000000 00:00 0 
7fd92cf5c000-7fd92d15d000 rwxp 00000000 00:00 0 
7fd92d15d000-7fd92d5d1000 r--p 00000000 07:00 2765053                    /usr/lib/locale/locale-archive
7fd92d5d1000-7fd92d7d3000 rwxp 00000000 00:00 0 
7fd92d7d3000-7fd92d7d4000 ---p 00000000 00:00 0 
7fd92d7d4000-7fd92d8d4000 rwxp 00000000 00:00 0 
7fd92d8d4000-7fd92de0c000 rw-p 00000000 00:00 0 
7fd92de0c000-7fd92df9e000 r--s 037c2000 07:00 2884073                    /usr/lib/jvm/java-6-openjdk-amd64/jre/lib/rt.jar
7fd92df9e000-7fd92dfc6000 rw-p 00000000 00:00 0 
7fd92dfc6000-7fd92dfc7000 ---p 00000000 00:00 0 
7fd92dfc7000-7fd92e0c7000 rwxp 00000000 00:00 0 
7fd92e0c7000-7fd92e0c8000 ---p 00000000 00:00 0 
7fd92e0c8000-7fd92e1c8000 rwxp 00000000 00:00 0 
7fd92e1c8000-7fd92e1c9000 ---p 00000000 00:00 0 
7fd92e1c9000-7fd92e2c9000 rwxp 00000000 00:00 0 
7fd92e2c9000-7fd92e2ca000 ---p 00000000 00:00 0 
7fd92e2ca000-7fd92e3ca000 rwxp 00000000 00:00 0 
7fd92e3ca000-7fd92e3d5000 rw-p 00000000 00:00 0 
7fd92e3d5000-7fd92e41d000 rw-p 00000000 00:00 0 
7fd92e41d000-7fd92e447000 rw-p 00000000 00:00 0 
7fd92e447000-7fd92e6ae000 rw-p 00000000 00:00 0 
7fd92e6ae000-7fd92e6b9000 rw-p 00000000 00:00 0 
7fd92e6b9000-7fd92e701000 rw-p 00000000 00:00 0 
7fd92e701000-7fd92e72b000 rw-p 00000000 00:00 0 
7fd92e72b000-7fd92e991000 rw-p 00000000 00:00 0 
7fd92e991000-7fd92e9a7000 rw-p 00000000 00:00 0 
7fd92e9a7000-7fd92eada000 rw-p 00000000 00:00 0 
7fd92eada000-7fd92eadb000 rw-p 00000000 00:00 0 
7fd92eadb000-7fd92eae2000 r-xp 00000000 07:00 2884105                    /usr/lib/jvm/java-6-openjdk-amd64/jre/lib/amd64/libzip.so
7fd92eae2000-7fd92ece1000 ---p 00007000 07:00 2884105                    /usr/lib/jvm/java-6-openjdk-amd64/jre/lib/amd64/libzip.so
7fd92ece1000-7fd92ece2000 r--p 00006000 07:00 2884105                    /usr/lib/jvm/java-6-openjdk-amd64/jre/lib/amd64/libzip.so
7fd92ece2000-7fd92ece3000 rw-p 00007000 07:00 2884105                    /usr/lib/jvm/java-6-openjdk-amd64/jre/lib/amd64/libzip.so
7fd92ece3000-7fd92ecef000 r-xp 00000000 07:00 136638                     /lib/x86_64-linux-gnu/libnss_files-2.15.so
7fd92ecef000-7fd92eeee000 ---p 0000c000 07:00 136638                     /lib/x86_64-linux-gnu/libnss_files-2.15.so
7fd92eeee000-7fd92eeef000 r--p 0000b000 07:00 136638                     /lib/x86_64-linux-gnu/libnss_files-2.15.so
7fd92eeef000-7fd92eef0000 rw-p 0000c000 07:00 136638                     /lib/x86_64-linux-gnu/libnss_files-2.15.so
7fd92eef0000-7fd92eefa000 r-xp 00000000 07:00 136640                     /lib/x86_64-linux-gnu/libnss_nis-2.15.so
7fd92eefa000-7fd92f0fa000 ---p 0000a000 07:00 136640                     /lib/x86_64-linux-gnu/libnss_nis-2.15.so
7fd92f0fa000-7fd92f0fb000 r--p 0000a000 07:00 136640                     /lib/x86_64-linux-gnu/libnss_nis-2.15.so
7fd92f0fb000-7fd92f0fc000 rw-p 0000b000 07:00 136640                     /lib/x86_64-linux-gnu/libnss_nis-2.15.so
7fd92f0fc000-7fd92f113000 r-xp 00000000 07:00 136635                     /lib/x86_64-linux-gnu/libnsl-2.15.so
7fd92f113000-7fd92f312000 ---p 00017000 07:00 136635                     /lib/x86_64-linux-gnu/libnsl-2.15.so
7fd92f312000-7fd92f313000 r--p 00016000 07:00 136635                     /lib/x86_64-linux-gnu/libnsl-2.15.so
7fd92f313000-7fd92f314000 rw-p 00017000 07:00 136635                     /lib/x86_64-linux-gnu/libnsl-2.15.so
7fd92f314000-7fd92f316000 rw-p 00000000 00:00 0 
7fd92f316000-7fd92f31e000 r-xp 00000000 07:00 136636                     /lib/x86_64-linux-gnu/libnss_compat-2.15.so
7fd92f31e000-7fd92f51d000 ---p 00008000 07:00 136636                     /lib/x86_64-linux-gnu/libnss_compat-2.15.so
7fd92f51d000-7fd92f51e000 r--p 00007000 07:00 136636                     /lib/x86_64-linux-gnu/libnss_compat-2.15.so
7fd92f51e000-7fd92f51f000 rw-p 00008000 07:00 136636                     /lib/x86_64-linux-gnu/libnss_compat-2.15.so
7fd92f51f000-7fd92f54b000 r-xp 00000000 07:00 2884085                    /usr/lib/jvm/java-6-openjdk-amd64/jre/lib/amd64/libjava.so
7fd92f54b000-7fd92f74a000 ---p 0002c000 07:00 2884085                    /usr/lib/jvm/java-6-openjdk-amd64/jre/lib/amd64/libjava.so
7fd92f74a000-7fd92f74b000 r--p 0002b000 07:00 2884085                    /usr/lib/jvm/java-6-openjdk-amd64/jre/lib/amd64/libjava.so
7fd92f74b000-7fd92f74e000 rw-p 0002c000 07:00 2884085                    /usr/lib/jvm/java-6-openjdk-amd64/jre/lib/amd64/libjava.so
7fd92f74e000-7fd92f75c000 r-xp 00000000 07:00 2884104                    /usr/lib/jvm/java-6-openjdk-amd64/jre/lib/amd64/libverify.so
7fd92f75c000-7fd92f95b000 ---p 0000e000 07:00 2884104                    /usr/lib/jvm/java-6-openjdk-amd64/jre/lib/amd64/libverify.so
7fd92f95b000-7fd92f95d000 r--p 0000d000 07:00 2884104                    /usr/lib/jvm/java-6-openjdk-amd64/jre/lib/amd64/libverify.so
7fd92f95d000-7fd92f95e000 rw-p 0000f000 07:00 2884104                    /usr/lib/jvm/java-6-openjdk-amd64/jre/lib/amd64/libverify.so
7fd92f95e000-7fd92f965000 r-xp 00000000 07:00 136656                     /lib/x86_64-linux-gnu/librt-2.15.so
7fd92f965000-7fd92fb64000 ---p 00007000 07:00 136656                     /lib/x86_64-linux-gnu/librt-2.15.so
7fd92fb64000-7fd92fb65000 r--p 00006000 07:00 136656                     /lib/x86_64-linux-gnu/librt-2.15.so
7fd92fb65000-7fd92fb66000 rw-p 00007000 07:00 136656                     /lib/x86_64-linux-gnu/librt-2.15.so
7fd92fb66000-7fd92fb7b000 r-xp 00000000 07:00 136622                     /lib/x86_64-linux-gnu/libgcc_s.so.1
7fd92fb7b000-7fd92fd7a000 ---p 00015000 07:00 136622                     /lib/x86_64-linux-gnu/libgcc_s.so.1
7fd92fd7a000-7fd92fd7b000 r--p 00014000 07:00 136622                     /lib/x86_64-linux-gnu/libgcc_s.so.1
7fd92fd7b000-7fd92fd7c000 rw-p 00015000 07:00 136622                     /lib/x86_64-linux-gnu/libgcc_s.so.1
7fd92fd7c000-7fd92fe77000 r-xp 00000000 07:00 136628                     /lib/x86_64-linux-gnu/libm-2.15.so
7fd92fe77000-7fd930076000 ---p 000fb000 07:00 136628                     /lib/x86_64-linux-gnu/libm-2.15.so
7fd930076000-7fd930077000 r--p 000fa000 07:00 136628                     /lib/x86_64-linux-gnu/libm-2.15.so
7fd930077000-7fd930078000 rw-p 000fb000 07:00 136628                     /lib/x86_64-linux-gnu/libm-2.15.so
7fd930078000-7fd93015a000 r-xp 00000000 07:00 2767523                    /usr/lib/x86_64-linux-gnu/libstdc++.so.6.0.16
7fd93015a000-7fd930359000 ---p 000e2000 07:00 2767523                    /usr/lib/x86_64-linux-gnu/libstdc++.so.6.0.16
7fd930359000-7fd930361000 r--p 000e1000 07:00 2767523                    /usr/lib/x86_64-linux-gnu/libstdc++.so.6.0.16
7fd930361000-7fd930363000 rw-p 000e9000 07:00 2767523                    /usr/lib/x86_64-linux-gnu/libstdc++.so.6.0.16
7fd930363000-7fd930378000 rw-p 00000000 00:00 0 
7fd930378000-7fd930c7d000 r-xp 00000000 07:00 2884114                    /usr/lib/jvm/java-6-openjdk-amd64/jre/lib/amd64/server/libjvm.so
7fd930c7d000-7fd930e7d000 ---p 00905000 07:00 2884114                    /usr/lib/jvm/java-6-openjdk-amd64/jre/lib/amd64/server/libjvm.so
7fd930e7d000-7fd930efd000 r--p 00905000 07:00 2884114                    /usr/lib/jvm/java-6-openjdk-amd64/jre/lib/amd64/server/libjvm.so
7fd930efd000-7fd930f18000 rw-p 00985000 07:00 2884114                    /usr/lib/jvm/java-6-openjdk-amd64/jre/lib/amd64/server/libjvm.so
7fd930f18000-7fd930f41000 rw-p 00000000 00:00 0 
7fd930f41000-7fd930f57000 r-xp 00000000 07:00 136669                     /lib/x86_64-linux-gnu/libz.so.1.2.3.4
7fd930f57000-7fd931156000 ---p 00016000 07:00 136669                     /lib/x86_64-linux-gnu/libz.so.1.2.3.4
7fd931156000-7fd931157000 r--p 00015000 07:00 136669                     /lib/x86_64-linux-gnu/libz.so.1.2.3.4
7fd931157000-7fd931158000 rw-p 00016000 07:00 136669                     /lib/x86_64-linux-gnu/libz.so.1.2.3.4
7fd931158000-7fd93130d000 r-xp 00000000 07:00 136611                     /lib/x86_64-linux-gnu/libc-2.15.so
7fd93130d000-7fd93150c000 ---p 001b5000 07:00 136611                     /lib/x86_64-linux-gnu/libc-2.15.so
7fd93150c000-7fd931510000 r--p 001b4000 07:00 136611                     /lib/x86_64-linux-gnu/libc-2.15.so
7fd931510000-7fd931512000 rw-p 001b8000 07:00 136611                     /lib/x86_64-linux-gnu/libc-2.15.so
7fd931512000-7fd931517000 rw-p 00000000 00:00 0 
7fd931517000-7fd931519000 r-xp 00000000 07:00 136618                     /lib/x86_64-linux-gnu/libdl-2.15.so
7fd931519000-7fd931719000 ---p 00002000 07:00 136618                     /lib/x86_64-linux-gnu/libdl-2.15.so
7fd931719000-7fd93171a000 r--p 00002000 07:00 136618                     /lib/x86_64-linux-gnu/libdl-2.15.so
7fd93171a000-7fd93171b000 rw-p 00003000 07:00 136618                     /lib/x86_64-linux-gnu/libdl-2.15.so
7fd93171b000-7fd93171f000 r-xp 00000000 07:00 2884111                    /usr/lib/jvm/java-6-openjdk-amd64/jre/lib/amd64/jli/libjli.so
7fd93171f000-7fd93191e000 ---p 00004000 07:00 2884111                    /usr/lib/jvm/java-6-openjdk-amd64/jre/lib/amd64/jli/libjli.so
7fd93191e000-7fd93191f000 r--p 00003000 07:00 2884111                    /usr/lib/jvm/java-6-openjdk-amd64/jre/lib/amd64/jli/libjli.so
7fd93191f000-7fd931920000 rw-p 00004000 07:00 2884111                    /usr/lib/jvm/java-6-openjdk-amd64/jre/lib/amd64/jli/libjli.so
7fd931920000-7fd931938000 r-xp 00000000 07:00 136653                     /lib/x86_64-linux-gnu/libpthread-2.15.so
7fd931938000-7fd931b37000 ---p 00018000 07:00 136653                     /lib/x86_64-linux-gnu/libpthread-2.15.so
7fd931b37000-7fd931b38000 r--p 00017000 07:00 136653                     /lib/x86_64-linux-gnu/libpthread-2.15.so
7fd931b38000-7fd931b39000 rw-p 00018000 07:00 136653                     /lib/x86_64-linux-gnu/libpthread-2.15.so
7fd931b39000-7fd931b3d000 rw-p 00000000 00:00 0 
7fd931b3d000-7fd931b5f000 r-xp 00000000 07:00 136601                     /lib/x86_64-linux-gnu/ld-2.15.so
7fd931b5f000-7fd931b60000 rw-p 00000000 00:00 0 
7fd931b60000-7fd931b61000 r--s 00000000 07:00 2229126                    /var/cache/fontconfig/e7071f4a29fa870f4323321c154eba04-le64.cache-3
7fd931b61000-7fd931b66000 r--s 00000000 07:00 2229099                    /var/cache/fontconfig/3047814df9a2f067bd2d96a2b9c36e5a-le64.cache-3
7fd931b66000-7fd931b72000 r--s 00000000 07:00 2229095                    /var/cache/fontconfig/089dead882dea3570ffc31a9898cfb69-le64.cache-3
7fd931b72000-7fd931b7c000 rw-p 00000000 00:00 0 
7fd931b7c000-7fd931c32000 rw-p 00000000 00:00 0 
7fd931c32000-7fd931c33000 ---p 00000000 00:00 0 
7fd931c33000-7fd931d33000 rwxp 00000000 00:00 0 
7fd931d33000-7fd931d38000 rw-p 00000000 00:00 0 
7fd931d38000-7fd931d39000 r--s 00000000 07:00 2229096                    /var/cache/fontconfig/0d8c3b2ac0904cb8a57a757ad11a4a08-le64.cache-3
7fd931d39000-7fd931d3a000 r--s 00000000 07:00 2229102                    /var/cache/fontconfig/4794a0821666d79190d59a36cb4f44b5-le64.cache-3
7fd931d3a000-7fd931d3b000 r--s 00000000 07:00 2229104                    /var/cache/fontconfig/56cf4f4769d0f4abc89a4895d7bd3ae1-le64.cache-3
7fd931d3b000-7fd931d3c000 r--s 00000000 07:00 2229117                    /var/cache/fontconfig/b9d506c9ac06c20b433354fa67a72993-le64.cache-3
7fd931d3c000-7fd931d4f000 r--s 00000000 07:00 2229124                    /var/cache/fontconfig/e13b20fdb08344e0e664864cc2ede53d-le64.cache-3
7fd931d4f000-7fd931d53000 r--s 00000000 07:00 2229109                    /var/cache/fontconfig/7ef2298fde41cc6eeb7af42e48b7d293-le64.cache-3
7fd931d53000-7fd931d5b000 rw-s 00000000 07:00 5288                       /tmp/hsperfdata_qyr1987/28474
7fd931d5b000-7fd931d5c000 rw-p 00000000 00:00 0 
7fd931d5c000-7fd931d5d000 r--p 00000000 00:00 0 
7fd931d5d000-7fd931d5f000 rw-p 00000000 00:00 0 
7fd931d5f000-7fd931d60000 r--p 00022000 07:00 136601                     /lib/x86_64-linux-gnu/ld-2.15.so
7fd931d60000-7fd931d62000 rw-p 00023000 07:00 136601                     /lib/x86_64-linux-gnu/ld-2.15.so
7fff39536000-7fff39556000 rwxp 00000000 00:00 0                          [stack]
7fff39556000-7fff39557000 rw-p 00000000 00:00 0 
7fff395ff000-7fff39600000 r-xp 00000000 00:00 0                          [vdso]
ffffffffff600000-ffffffffff601000 r-xp 00000000 00:00 0                  [vsyscall]

VM Arguments:
jvm_args: -Dfile.encoding=UTF-8 
java_command: edu.seas.upenn.ese519.UserTrackerApplication
Launcher Type: SUN_STANDARD

Environment Variables:
PATH=/home/qyr1987/bin:/usr/lib/lightdm/lightdm:/usr/local/sbin:/usr/local/bin:/usr/sbin:/usr/bin:/sbin:/bin:/usr/games
LD_LIBRARY_PATH=/usr/lib/jvm/java-6-openjdk-amd64/jre/lib/amd64/server:/usr/lib/jvm/java-6-openjdk-amd64/jre/lib/amd64:/usr/lib/jvm/java-6-openjdk-amd64/jre/../lib/amd64
SHELL=/bin/bash
DISPLAY=:0

Signal Handlers:
SIGSEGV: [libjvm.so+0x7852e0], sa_mask[0]=0x7ffbfeff, sa_flags=0x10000004
SIGBUS: [libjvm.so+0x7852e0], sa_mask[0]=0x7ffbfeff, sa_flags=0x10000004
SIGFPE: [libjvm.so+0x648d40], sa_mask[0]=0x7ffbfeff, sa_flags=0x10000004
SIGPIPE: [libjvm.so+0x648d40], sa_mask[0]=0x7ffbfeff, sa_flags=0x10000004
SIGXFSZ: [libjvm.so+0x648d40], sa_mask[0]=0x7ffbfeff, sa_flags=0x10000004
SIGILL: [libjvm.so+0x648d40], sa_mask[0]=0x7ffbfeff, sa_flags=0x10000004
SIGUSR1: SIG_DFL, sa_mask[0]=0x00000000, sa_flags=0x00000000
SIGUSR2: [libjvm.so+0x648ef0], sa_mask[0]=0x00000004, sa_flags=0x10000004
SIGHUP: [libjvm.so+0x64ba10], sa_mask[0]=0x7ffbfeff, sa_flags=0x10000004
SIGINT: [libjvm.so+0x64ba10], sa_mask[0]=0x7ffbfeff, sa_flags=0x10000004
SIGTERM: [libjvm.so+0x64ba10], sa_mask[0]=0x7ffbfeff, sa_flags=0x10000004
SIGQUIT: [libjvm.so+0x64ba10], sa_mask[0]=0x7ffbfeff, sa_flags=0x10000004


---------------  S Y S T E M  ---------------

OS:Ubuntu 12.04 (precise)
uname:Linux 3.2.0-33-generic #52-Ubuntu SMP Thu Oct 18 16:29:15 UTC 2012 x86_64
libc:glibc 2.15 NPTL 2.15 
rlimit: STACK 8192k, CORE 0k, NPROC 62854, NOFILE 4096, AS infinity
load average:0.41 0.43 0.54

/proc/meminfo:
MemTotal:        8062936 kB
MemFree:         1979356 kB
Buffers:         1165984 kB
Cached:          2209292 kB
SwapCached:          112 kB
Active:          3209672 kB
Inactive:        2470136 kB
Active(anon):    1913732 kB
Inactive(anon):   734264 kB
Active(file):    1295940 kB
Inactive(file):  1735872 kB
Unevictable:        2708 kB
Mlocked:              32 kB
SwapTotal:        262140 kB
SwapFree:         255428 kB
Dirty:               368 kB
Writeback:             0 kB
AnonPages:       2307384 kB
Mapped:           169768 kB
Shmem:            340788 kB
Slab:             229804 kB
SReclaimable:     179388 kB
SUnreclaim:        50416 kB
KernelStack:        4944 kB
PageTables:        45916 kB
NFS_Unstable:          0 kB
Bounce:                0 kB
WritebackTmp:          0 kB
CommitLimit:     4293608 kB
Committed_AS:    5924900 kB
VmallocTotal:   34359738367 kB
VmallocUsed:      414592 kB
VmallocChunk:   34359284020 kB
HardwareCorrupted:     0 kB
AnonHugePages:         0 kB
HugePages_Total:       0
HugePages_Free:        0
HugePages_Rsvd:        0
HugePages_Surp:        0
Hugepagesize:       2048 kB
DirectMap4k:      137216 kB
DirectMap2M:     8142848 kB


CPU:total 4 (2 cores per cpu, 2 threads per core) family 6 model 42 stepping 7, cmov, cx8, fxsr, mmx, sse, sse2, sse3, ssse3, sse4.1, sse4.2, popcnt, ht

Memory: 4k page, physical 8062936k(1978612k free), swap 262140k(255428k free)

vm_info: OpenJDK 64-Bit Server VM (20.0-b12) for linux-amd64 JRE (1.6.0_24-b24), built on Oct 24 2012 16:17:28 by "buildd" with gcc 4.6.3

time: Sat Nov 24 19:50:50 2012
elapsed time: 1 seconds

