#
# A fatal error has been detected by the Java Runtime Environment:
#
#  SIGSEGV (0xb) at pc=0x00007fa0a48d3615, pid=28432, tid=140328271111936
#
# JRE version: 6.0_24-b24
# Java VM: OpenJDK 64-Bit Server VM (20.0-b12 mixed mode linux-amd64 compressed oops)
# Derivative: IcedTea6 1.11.5
# Distribution: Ubuntu 12.04 LTS, package 6b24-1.11.5-0ubuntu1~12.04.1
# Problematic frame:
# C  [libXnVFeatures_1_5_2.so+0x8b615]  Segmentation::detectionByPoint(bool, std::vector<Vector2D<int>, std::allocator<Vector2D<int> > > const*)+0x105
#
# If you would like to submit a bug report, please include
# instructions how to reproduce the bug and visit:
#   https://bugs.launchpad.net/ubuntu/+source/openjdk-6/
# The crash happened outside the Java Virtual Machine in native code.
# See problematic frame for where to report the bug.
#

---------------  T H R E A D  ---------------

Current thread (0x00007fa0b0007800):  JavaThread "main" [_thread_in_native, id=28433, stack(0x00007fa0b8b06000,0x00007fa0b8c07000)]

siginfo:si_signo=SIGSEGV: si_errno=0, si_code=1 (SEGV_MAPERR), si_addr=0x00007f9eb0c229c0

Registers:
RAX=0x00007fa0b0c229c0, RBX=0x00007fa0b1216700, RCX=0x000000000000000a, RDX=0xffffffff80000000
RSP=0x00007fa0b8c05470, RBP=0x00007fa067f0ee60, RSI=0x00007fa059d689f0, RDI=0x0000000080000000
R8 =0x0000000000000000, R9 =0x0000000080000000, R10=0x00007fa067fcda21, R11=0x00007fa0b80b7c9c
R12=0x00007fa0a4e75d88, R13=0x00007fa0b8c055d0, R14=0x00007fa067f6a060, R15=0x0000000000000000
RIP=0x00007fa0a48d3615, EFLAGS=0x0000000000010a12, CSGSFS=0x0000000000000033, ERR=0x0000000000000004
  TRAPNO=0x000000000000000e

Top of Stack: (sp=0x00007fa0b8c05470)
0x00007fa0b8c05470:   00007fa0b02c5830 7fffffff00000000
0x00007fa0b8c05480:   00007fa0b02c5830 00007fa067f0efe0
0x00007fa0b8c05490:   00007fa067f102e0 00007fa067f0ee60
0x00007fa0b8c054a0:   00007fa067f0efe0 00007fa067f09d80
0x00007fa0b8c054b0:   00007fa0b8c055d0 00007fa066f7e050
0x00007fa0b8c054c0:   0000000000000000 00007fa0a48dabc0
0x00007fa0b8c054d0:   00000000000e5e20 00000000000e5e20
0x00007fa0b8c054e0:   0000000000000000 3ff0000000000000
0x00007fa0b8c054f0:   00007fa0a4e765a8 0000000000000001
0x00007fa0b8c05500:   0000000000000040 00007fa066f7e010
0x00007fa0b8c05510:   00007fa067f09d80 00007fa067ee8f88
0x00007fa0b8c05520:   00007fa066f7e050 00007fa066f7e028
0x00007fa0b8c05530:   00007fa0b8c055d0 00007fa0a48c399b
0x00007fa0b8c05540:   00007fa067fff190 0000000000000008
0x00007fa0b8c05550:   00000000000e547e 00000000000e547e
0x00007fa0b8c05560:   0000000000000000 3ff0000000000000
0x00007fa0b8c05570:   0000000000000000 00007fa0a489d8bd
0x00007fa0b8c05580:   00007fa0b8c055f0 00007fa0ac00101c
0x00007fa0b8c05590:   0000000000000001 00007fa0ac001000
0x00007fa0b8c055a0:   00007fa0b0ba25c0 00007fa0b0232670
0x00007fa0b8c055b0:   00007fa0b0007800 00007fa0a489903f
0x00007fa0b8c055c0:   00000000000001b8 00007fa0a6403489
0x00007fa0b8c055d0:   00007fa0b1216700 00007fa0b1216708
0x00007fa0b8c055e0:   00007fa0b1216708 00007fa059d688d1
0x00007fa0b8c055f0:   000000dc000000c4 00007fa0b0ba25c0
0x00007fa0b8c05600:   00007fa0b0ba25c0 00007fa0b0ba25c0
0x00007fa0b8c05610:   00007fa0b1214ce0 0000000000000051
0x00007fa0b8c05620:   00007fa059d613a0 00007fa0a48995bf
0x00007fa0b8c05630:   00007fa0a4e5daf0 00007fa0b70034ec
0x00007fa0b8c05640:   00007fa0a4e5fd10 0000000000000000
0x00007fa0b8c05650:   000000000008a7ed 0009600000000001
0x00007fa0b8c05660:   ffffffff00000001 00007fa0b8c056a4 

Instructions: (pc=0x00007fa0a48d3615)
0x00007fa0a48d35f5:   e6 05 49 01 ee 41 8b 46 18 41 2b 46 0c 49 63 56
0x00007fa0a48d3605:   1c f3 0f 2a c0 48 8b 85 50 a3 0e 00 48 8b 40 60
0x00007fa0a48d3615:   f3 0f 59 04 90 f3 0f 2c c0 3d 1f 03 00 00 0f 8e
0x00007fa0a48d3625:   4f ff ff ff 44 89 fe 48 89 ef 89 44 24 08 4c 89 

Register to memory mapping:

RAX=0x00007fa0b0c229c0 is an unknown value
RBX=0x00007fa0b1216700 is an unknown value
RCX=0x000000000000000a is an unknown value
RDX=0xffffffff80000000 is an unknown value
RSP=0x00007fa0b8c05470 is pointing into the stack for thread: 0x00007fa0b0007800
RBP=0x00007fa067f0ee60 is an unknown value
RSI=0x00007fa059d689f0 is an unknown value
RDI=0x0000000080000000 is an unknown value
R8 =0x0000000000000000 is an unknown value
R9 =0x0000000080000000 is an unknown value
R10=0x00007fa067fcda21 is an unknown value
R11=0x00007fa0b80b7c9c: <offset 0x8bc9c> in /lib/x86_64-linux-gnu/libc.so.6 at 0x00007fa0b802c000
R12=0x00007fa0a4e75d88: <offset 0x62dd88> in /usr/lib/libXnVFeatures_1_5_2.so at 0x00007fa0a4848000
R13=0x00007fa0b8c055d0 is pointing into the stack for thread: 0x00007fa0b0007800
R14=0x00007fa067f6a060 is an unknown value
R15=0x0000000000000000 is an unknown value


Stack: [0x00007fa0b8b06000,0x00007fa0b8c07000],  sp=0x00007fa0b8c05470,  free space=1021k
Native frames: (J=compiled Java code, j=interpreted, Vv=VM code, C=native code)
C  [libXnVFeatures_1_5_2.so+0x8b615]  Segmentation::detectionByPoint(bool, std::vector<Vector2D<int>, std::allocator<Vector2D<int> > > const*)+0x105

Java frames: (J=compiled Java code, j=interpreted, Vv=VM code)
j  org.OpenNI.NativeMethods.xnWaitAnyUpdateAll(J)I+0
j  org.OpenNI.Context.waitAnyUpdateAll()V+4
j  edu.seas.upenn.ese519.UserTracker.updateDepth()V+4
j  edu.seas.upenn.ese519.UserTrackerApplication.run()V+7
j  edu.seas.upenn.ese519.UserTrackerApplication.main([Ljava/lang/String;)V+62
v  ~StubRoutines::call_stub

---------------  P R O C E S S  ---------------

Java Threads: ( => current thread )
  0x00007fa059d67000 JavaThread "AWT-EventQueue-0" [_thread_in_vm, id=28464, stack(0x00007fa05fd8c000,0x00007fa05fe8d000)]
  0x00007fa059d65800 JavaThread "AWT-Shutdown" [_thread_blocked, id=28462, stack(0x00007fa05fe8d000,0x00007fa05ff8e000)]
  0x00007fa0b01ee800 JavaThread "AWT-XAWT" daemon [_thread_in_native, id=28453, stack(0x00007fa0a6855000,0x00007fa0a6956000)]
  0x00007fa0b011c800 JavaThread "Java2D Disposer" daemon [_thread_blocked, id=28451, stack(0x00007fa0a6de1000,0x00007fa0a6ee2000)]
  0x00007fa0b009e000 JavaThread "Low Memory Detector" daemon [_thread_blocked, id=28449, stack(0x00007fa0acbfc000,0x00007fa0accfd000)]
  0x00007fa0b009b800 JavaThread "C2 CompilerThread1" daemon [_thread_blocked, id=28448, stack(0x00007fa0accfd000,0x00007fa0acdfe000)]
  0x00007fa0b0098800 JavaThread "C2 CompilerThread0" daemon [_thread_blocked, id=28447, stack(0x00007fa0acdfe000,0x00007fa0aceff000)]
  0x00007fa0b0097800 JavaThread "Signal Dispatcher" daemon [_thread_blocked, id=28446, stack(0x00007fa0aceff000,0x00007fa0ad000000)]
  0x00007fa0b0078000 JavaThread "Finalizer" daemon [_thread_blocked, id=28445, stack(0x00007fa0b44a5000,0x00007fa0b45a6000)]
  0x00007fa0b0076000 JavaThread "Reference Handler" daemon [_thread_blocked, id=28444, stack(0x00007fa0b45a6000,0x00007fa0b46a7000)]
=>0x00007fa0b0007800 JavaThread "main" [_thread_in_native, id=28433, stack(0x00007fa0b8b06000,0x00007fa0b8c07000)]

Other Threads:
  0x00007fa0b006f800 VMThread [stack: 0x00007fa0b46a7000,0x00007fa0b47a8000] [id=28443]
  0x00007fa0b00a0800 WatcherThread [stack: 0x00007fa0acafb000,0x00007fa0acbfc000] [id=28450]

VM state:not at safepoint (normal execution)

VM Mutex/Monitor currently owned by a thread: None

Heap
 PSYoungGen      total 36736K, used 5318K [0x00000007d6f60000, 0x00000007d9860000, 0x0000000800000000)
  eden space 31488K, 16% used [0x00000007d6f60000,0x00000007d7491a18,0x00000007d8e20000)
  from space 5248K, 0% used [0x00000007d9340000,0x00000007d9340000,0x00000007d9860000)
  to   space 5248K, 0% used [0x00000007d8e20000,0x00000007d8e20000,0x00000007d9340000)
 PSOldGen        total 84032K, used 0K [0x0000000784e00000, 0x000000078a010000, 0x00000007d6f60000)
  object space 84032K, 0% used [0x0000000784e00000,0x0000000784e00000,0x000000078a010000)
 PSPermGen       total 21248K, used 10482K [0x000000077a800000, 0x000000077bcc0000, 0x0000000784e00000)
  object space 21248K, 49% used [0x000000077a800000,0x000000077b23c920,0x000000077bcc0000)

Code Cache  [0x00007fa0ad000000, 0x00007fa0ad270000, 0x00007fa0b0000000)
 total_blobs=410 nmethods=24 adapters=341 free_code_cache=49773824 largest_free_block=7040

Dynamic libraries:
00400000-00409000 r-xp 00000000 07:00 2884059                            /usr/lib/jvm/java-6-openjdk-amd64/jre/bin/java
00608000-00609000 r--p 00008000 07:00 2884059                            /usr/lib/jvm/java-6-openjdk-amd64/jre/bin/java
00609000-0060a000 rw-p 00009000 07:00 2884059                            /usr/lib/jvm/java-6-openjdk-amd64/jre/bin/java
00c40000-00c61000 rw-p 00000000 00:00 0                                  [heap]
77a800000-77bcc0000 rw-p 00000000 00:00 0 
77bcc0000-784e00000 rw-p 00000000 00:00 0 
784e00000-78a010000 rw-p 00000000 00:00 0 
78a010000-7d6f60000 rw-p 00000000 00:00 0 
7d6f60000-7d9860000 rw-p 00000000 00:00 0 
7d9860000-800000000 rw-p 00000000 00:00 0 
7fa050000000-7fa050021000 rw-p 00000000 00:00 0 
7fa050021000-7fa054000000 ---p 00000000 00:00 0 
7fa054000000-7fa054021000 rw-p 00000000 00:00 0 
7fa054021000-7fa058000000 ---p 00000000 00:00 0 
7fa058000000-7fa059ef8000 rw-p 00000000 00:00 0 
7fa059ef8000-7fa05c000000 ---p 00000000 00:00 0 
7fa05fd8c000-7fa05fd8f000 ---p 00000000 00:00 0 
7fa05fd8f000-7fa05fe8d000 rwxp 00000000 00:00 0 
7fa05fe8d000-7fa05fe90000 ---p 00000000 00:00 0 
7fa05fe90000-7fa05ff8e000 rwxp 00000000 00:00 0 
7fa05ff8e000-7fa0603ef000 rw-p 00000000 00:00 0 
7fa0603f0000-7fa068000000 rw-p 00000000 00:00 0 
7fa068000000-7fa068021000 rw-p 00000000 00:00 0 
7fa068021000-7fa06c000000 ---p 00000000 00:00 0 
7fa06c000000-7fa06c029000 rw-p 00000000 00:00 0 
7fa06c029000-7fa070000000 ---p 00000000 00:00 0 
7fa070000000-7fa070021000 rw-p 00000000 00:00 0 
7fa070021000-7fa074000000 ---p 00000000 00:00 0 
7fa074000000-7fa074021000 rw-p 00000000 00:00 0 
7fa074021000-7fa078000000 ---p 00000000 00:00 0 
7fa078000000-7fa078272000 rw-p 00000000 00:00 0 
7fa078272000-7fa07c000000 ---p 00000000 00:00 0 
7fa07c000000-7fa07c021000 rw-p 00000000 00:00 0 
7fa07c021000-7fa080000000 ---p 00000000 00:00 0 
7fa080000000-7fa080021000 rw-p 00000000 00:00 0 
7fa080021000-7fa084000000 ---p 00000000 00:00 0 
7fa084000000-7fa084374000 rw-p 00000000 00:00 0 
7fa084374000-7fa088000000 ---p 00000000 00:00 0 
7fa088000000-7fa088021000 rw-p 00000000 00:00 0 
7fa088021000-7fa08c000000 ---p 00000000 00:00 0 
7fa08c000000-7fa08c021000 rw-p 00000000 00:00 0 
7fa08c021000-7fa090000000 ---p 00000000 00:00 0 
7fa090000000-7fa090021000 rw-p 00000000 00:00 0 
7fa090021000-7fa094000000 ---p 00000000 00:00 0 
7fa094000000-7fa094021000 rw-p 00000000 00:00 0 
7fa094021000-7fa098000000 ---p 00000000 00:00 0 
7fa098000000-7fa098021000 rw-p 00000000 00:00 0 
7fa098021000-7fa09c000000 ---p 00000000 00:00 0 
7fa09c072000-7fa09c52a000 rw-p 00000000 00:00 0 
7fa09c52a000-7fa09dbaa000 r--s 00000000 00:12 715226                     /run/shm/28455_045e.02ae@1.28_Image
7fa09dbaa000-7fa09dc8c000 rw-p 00000000 00:00 0 
7fa09dc8c000-7fa09e394000 r--s 00000000 00:12 716199                     /run/shm/28455_045e.02ae@1.28_Depth
7fa09e394000-7fa09e4c1000 rw-p 00000000 00:00 0 
7fa09e4c1000-7fa09e4c2000 ---p 00000000 00:00 0 
7fa09e4c2000-7fa09ecc2000 rwxp 00000000 00:00 0 
7fa09ecc2000-7fa09f0c3000 rw-p 00000000 00:00 0 
7fa09f0c3000-7fa09f0ea000 r-xp 00000000 07:00 2759918                    /usr/lib/libXnDeviceFile.so
7fa09f0ea000-7fa09f2ea000 ---p 00027000 07:00 2759918                    /usr/lib/libXnDeviceFile.so
7fa09f2ea000-7fa09f2ec000 r--p 00027000 07:00 2759918                    /usr/lib/libXnDeviceFile.so
7fa09f2ec000-7fa09f2ed000 rw-p 00029000 07:00 2759918                    /usr/lib/libXnDeviceFile.so
7fa09f2ed000-7fa09f335000 r-xp 00000000 07:00 2759917                    /usr/lib/libXnDDK.so
7fa09f335000-7fa09f535000 ---p 00048000 07:00 2759917                    /usr/lib/libXnDDK.so
7fa09f535000-7fa09f538000 r--p 00048000 07:00 2759917                    /usr/lib/libXnDDK.so
7fa09f538000-7fa09f53a000 rw-p 0004b000 07:00 2759917                    /usr/lib/libXnDDK.so
7fa09f53a000-7fa09f55e000 r-xp 00000000 07:00 2759920                    /usr/lib/libXnFormats.so
7fa09f55e000-7fa09f75e000 ---p 00024000 07:00 2759920                    /usr/lib/libXnFormats.so
7fa09f75e000-7fa09f75f000 r--p 00024000 07:00 2759920                    /usr/lib/libXnFormats.so
7fa09f75f000-7fa09f760000 rw-p 00025000 07:00 2759920                    /usr/lib/libXnFormats.so
7fa09f760000-7fa09f780000 rw-p 00000000 00:00 0 
7fa09f780000-7fa09f809000 r-xp 00000000 07:00 2759919                    /usr/lib/libXnDeviceSensorV2KM.so
7fa09f809000-7fa09fa08000 ---p 00089000 07:00 2759919                    /usr/lib/libXnDeviceSensorV2KM.so
7fa09fa08000-7fa09fa18000 r--p 00088000 07:00 2759919                    /usr/lib/libXnDeviceSensorV2KM.so
7fa09fa18000-7fa09fa19000 rw-p 00098000 07:00 2759919                    /usr/lib/libXnDeviceSensorV2KM.so
7fa09fa19000-7fa09fb0d000 r-xp 00000000 07:00 2759934                    /usr/lib/libXnVHandGenerator_1_5_2.so
7fa09fb0d000-7fa09fd0c000 ---p 000f4000 07:00 2759934                    /usr/lib/libXnVHandGenerator_1_5_2.so
7fa09fd0c000-7fa09fd11000 r--p 000f3000 07:00 2759934                    /usr/lib/libXnVHandGenerator_1_5_2.so
7fa09fd11000-7fa09fd12000 rw-p 000f8000 07:00 2759934                    /usr/lib/libXnVHandGenerator_1_5_2.so
7fa09fd12000-7fa09fd20000 rw-p 00000000 00:00 0 
7fa09fd20000-7fa09fdf8000 r-xp 00000000 07:00 2759933                    /usr/lib/libXnVHandGenerator_1_4_2.so
7fa09fdf8000-7fa09fff7000 ---p 000d8000 07:00 2759933                    /usr/lib/libXnVHandGenerator_1_4_2.so
7fa09fff7000-7fa09fffc000 r--p 000d7000 07:00 2759933                    /usr/lib/libXnVHandGenerator_1_4_2.so
7fa09fffc000-7fa09fffd000 rw-p 000dc000 07:00 2759933                    /usr/lib/libXnVHandGenerator_1_4_2.so
7fa09fffd000-7fa0a0000000 rw-p 00000000 00:00 0 
7fa0a0000000-7fa0a0021000 rw-p 00000000 00:00 0 
7fa0a0021000-7fa0a4000000 ---p 00000000 00:00 0 
7fa0a4078000-7fa0a407b000 r-xp 00000000 07:00 2759916                    /usr/lib/libXnCore.so
7fa0a407b000-7fa0a427a000 ---p 00003000 07:00 2759916                    /usr/lib/libXnCore.so
7fa0a427a000-7fa0a427b000 r--p 00002000 07:00 2759916                    /usr/lib/libXnCore.so
7fa0a427b000-7fa0a427c000 rw-p 00003000 07:00 2759916                    /usr/lib/libXnCore.so
7fa0a427c000-7fa0a4354000 r-xp 00000000 07:00 2759932                    /usr/lib/libXnVHandGenerator_1_4_1.so
7fa0a4354000-7fa0a4553000 ---p 000d8000 07:00 2759932                    /usr/lib/libXnVHandGenerator_1_4_1.so
7fa0a4553000-7fa0a4558000 r--p 000d7000 07:00 2759932                    /usr/lib/libXnVHandGenerator_1_4_1.so
7fa0a4558000-7fa0a4559000 rw-p 000dc000 07:00 2759932                    /usr/lib/libXnVHandGenerator_1_4_1.so
7fa0a4559000-7fa0a455c000 rw-p 00000000 00:00 0 
7fa0a455c000-7fa0a463f000 r-xp 00000000 07:00 2759931                    /usr/lib/libXnVHandGenerator_1_3_1.so
7fa0a463f000-7fa0a483f000 ---p 000e3000 07:00 2759931                    /usr/lib/libXnVHandGenerator_1_3_1.so
7fa0a483f000-7fa0a4844000 r--p 000e3000 07:00 2759931                    /usr/lib/libXnVHandGenerator_1_3_1.so
7fa0a4844000-7fa0a4845000 rw-p 000e8000 07:00 2759931                    /usr/lib/libXnVHandGenerator_1_3_1.so
7fa0a4845000-7fa0a4848000 rw-p 00000000 00:00 0 
7fa0a4848000-7fa0a4c5d000 r-xp 00000000 07:00 2759929                    /usr/lib/libXnVFeatures_1_5_2.so
7fa0a4c5d000-7fa0a4e5d000 ---p 00415000 07:00 2759929                    /usr/lib/libXnVFeatures_1_5_2.so
7fa0a4e5d000-7fa0a4e6e000 r--p 00415000 07:00 2759929                    /usr/lib/libXnVFeatures_1_5_2.so
7fa0a4e6e000-7fa0a4e70000 rw-p 00426000 07:00 2759929                    /usr/lib/libXnVFeatures_1_5_2.so
7fa0a4e70000-7fa0a4e85000 rw-p 00000000 00:00 0 
7fa0a4e85000-7fa0a507c000 r-xp 00000000 07:00 2759928                    /usr/lib/libXnVFeatures_1_4_2.so
7fa0a507c000-7fa0a527b000 ---p 001f7000 07:00 2759928                    /usr/lib/libXnVFeatures_1_4_2.so
7fa0a527b000-7fa0a5281000 r--p 001f6000 07:00 2759928                    /usr/lib/libXnVFeatures_1_4_2.so
7fa0a5281000-7fa0a5282000 rw-p 001fc000 07:00 2759928                    /usr/lib/libXnVFeatures_1_4_2.so
7fa0a5282000-7fa0a5288000 rw-p 00000000 00:00 0 
7fa0a5288000-7fa0a547f000 r-xp 00000000 07:00 2759927                    /usr/lib/libXnVFeatures_1_4_1.so
7fa0a547f000-7fa0a567e000 ---p 001f7000 07:00 2759927                    /usr/lib/libXnVFeatures_1_4_1.so
7fa0a567e000-7fa0a5684000 r--p 001f6000 07:00 2759927                    /usr/lib/libXnVFeatures_1_4_1.so
7fa0a5684000-7fa0a5685000 rw-p 001fc000 07:00 2759927                    /usr/lib/libXnVFeatures_1_4_1.so
7fa0a5685000-7fa0a568b000 rw-p 00000000 00:00 0 
7fa0a568b000-7fa0a58d0000 r-xp 00000000 07:00 2759926                    /usr/lib/libXnVFeatures_1_3_1.so
7fa0a58d0000-7fa0a5ad0000 ---p 00245000 07:00 2759926                    /usr/lib/libXnVFeatures_1_3_1.so
7fa0a5ad0000-7fa0a5ad6000 r--p 00245000 07:00 2759926                    /usr/lib/libXnVFeatures_1_3_1.so
7fa0a5ad6000-7fa0a5ad7000 rw-p 0024b000 07:00 2759926                    /usr/lib/libXnVFeatures_1_3_1.so
7fa0a5ad7000-7fa0a5ade000 rw-p 00000000 00:00 0 
7fa0a5ade000-7fa0a5afc000 r-xp 00000000 07:00 2760368                    /usr/lib/libnimRecorder.so
7fa0a5afc000-7fa0a5cfb000 ---p 0001e000 07:00 2760368                    /usr/lib/libnimRecorder.so
7fa0a5cfb000-7fa0a5cfd000 r--p 0001d000 07:00 2760368                    /usr/lib/libnimRecorder.so
7fa0a5cfd000-7fa0a5cfe000 rw-p 0001f000 07:00 2760368                    /usr/lib/libnimRecorder.so
7fa0a5cfe000-7fa0a5d34000 r-xp 00000000 07:00 2760366                    /usr/lib/libnimCodecs.so
7fa0a5d34000-7fa0a5f34000 ---p 00036000 07:00 2760366                    /usr/lib/libnimCodecs.so
7fa0a5f34000-7fa0a5f37000 r--p 00036000 07:00 2760366                    /usr/lib/libnimCodecs.so
7fa0a5f37000-7fa0a5f38000 rw-p 00039000 07:00 2760366                    /usr/lib/libnimCodecs.so
7fa0a5f38000-7fa0a5f58000 rw-p 00000000 00:00 0 
7fa0a5f58000-7fa0a5f8f000 r-xp 00000000 07:00 2760367                    /usr/lib/libnimMockNodes.so
7fa0a5f8f000-7fa0a618e000 ---p 00037000 07:00 2760367                    /usr/lib/libnimMockNodes.so
7fa0a618e000-7fa0a619b000 r--p 00036000 07:00 2760367                    /usr/lib/libnimMockNodes.so
7fa0a619b000-7fa0a619c000 rw-p 00043000 07:00 2760367                    /usr/lib/libnimMockNodes.so
7fa0a619c000-7fa0a61aa000 r-xp 00000000 07:00 136665                     /lib/x86_64-linux-gnu/libusb-1.0.so.0.1.0
7fa0a61aa000-7fa0a63a9000 ---p 0000e000 07:00 136665                     /lib/x86_64-linux-gnu/libusb-1.0.so.0.1.0
7fa0a63a9000-7fa0a63aa000 r--p 0000d000 07:00 136665                     /lib/x86_64-linux-gnu/libusb-1.0.so.0.1.0
7fa0a63aa000-7fa0a63ab000 rw-p 0000e000 07:00 136665                     /lib/x86_64-linux-gnu/libusb-1.0.so.0.1.0
7fa0a63ab000-7fa0a6428000 r-xp 00000000 07:00 2759909                    /usr/lib/libOpenNI.so
7fa0a6428000-7fa0a6627000 ---p 0007d000 07:00 2759909                    /usr/lib/libOpenNI.so
7fa0a6627000-7fa0a662a000 r--p 0007c000 07:00 2759909                    /usr/lib/libOpenNI.so
7fa0a662a000-7fa0a662d000 rw-p 0007f000 07:00 2759909                    /usr/lib/libOpenNI.so
7fa0a662d000-7fa0a662e000 rw-p 00000000 00:00 0 
7fa0a662e000-7fa0a6652000 r-xp 00000000 07:00 2759908                    /usr/lib/libOpenNI.jni.so
7fa0a6652000-7fa0a6851000 ---p 00024000 07:00 2759908                    /usr/lib/libOpenNI.jni.so
7fa0a6851000-7fa0a6852000 r--p 00023000 07:00 2759908                    /usr/lib/libOpenNI.jni.so
7fa0a6852000-7fa0a6855000 rw-p 00024000 07:00 2759908                    /usr/lib/libOpenNI.jni.so
7fa0a6855000-7fa0a6956000 rwxp 00000000 00:00 0 
7fa0a6956000-7fa0a6957000 r--s 00000000 07:00 2229118                    /var/cache/fontconfig/c05880de57d1f5e948fdfacc138775d9-le64.cache-3
7fa0a6957000-7fa0a6960000 r--s 00000000 07:00 2229112                    /var/cache/fontconfig/945677eb7aeaf62f1d50efc3fb3ec7d8-le64.cache-3
7fa0a6960000-7fa0a6964000 r--s 00000000 07:00 2229113                    /var/cache/fontconfig/99e8ed0e538f840c565b6ed5dad60d56-le64.cache-3
7fa0a6964000-7fa0a696c000 r--s 00000000 07:00 2229114                    /var/cache/fontconfig/a6d8cf8e4ec09cdbc8633c31745a07dd-le64.cache-3
7fa0a696c000-7fa0a6970000 r--s 00000000 07:00 2229098                    /var/cache/fontconfig/2cd17615ca594fa2959ae173292e504c-le64.cache-3
7fa0a6970000-7fa0a6971000 r--s 00000000 07:00 2229126                    /var/cache/fontconfig/e7071f4a29fa870f4323321c154eba04-le64.cache-3
7fa0a6971000-7fa0a6972000 r--s 00000000 07:00 2229096                    /var/cache/fontconfig/0d8c3b2ac0904cb8a57a757ad11a4a08-le64.cache-3
7fa0a6972000-7fa0a6978000 r--s 00000000 07:00 2229115                    /var/cache/fontconfig/a755afe4a08bf5b97852ceb7400b47bc-le64.cache-3
7fa0a6978000-7fa0a6981000 r--s 00000000 07:00 2229107                    /var/cache/fontconfig/6d41288fd70b0be22e8c3a91e032eec0-le64.cache-3
7fa0a69a5000-7fa0a69aa000 r-xp 00000000 07:00 2766745                    /usr/lib/x86_64-linux-gnu/libXfixes.so.3.1.0
7fa0a69aa000-7fa0a6ba9000 ---p 00005000 07:00 2766745                    /usr/lib/x86_64-linux-gnu/libXfixes.so.3.1.0
7fa0a6ba9000-7fa0a6baa000 r--p 00004000 07:00 2766745                    /usr/lib/x86_64-linux-gnu/libXfixes.so.3.1.0
7fa0a6baa000-7fa0a6bab000 rw-p 00005000 07:00 2766745                    /usr/lib/x86_64-linux-gnu/libXfixes.so.3.1.0
7fa0a6bab000-7fa0a6bb4000 r-xp 00000000 07:00 2766737                    /usr/lib/x86_64-linux-gnu/libXcursor.so.1.0.2
7fa0a6bb4000-7fa0a6db3000 ---p 00009000 07:00 2766737                    /usr/lib/x86_64-linux-gnu/libXcursor.so.1.0.2
7fa0a6db3000-7fa0a6db4000 r--p 00008000 07:00 2766737                    /usr/lib/x86_64-linux-gnu/libXcursor.so.1.0.2
7fa0a6db4000-7fa0a6db5000 rw-p 00009000 07:00 2766737                    /usr/lib/x86_64-linux-gnu/libXcursor.so.1.0.2
7fa0a6dda000-7fa0a6de1000 r--s 000fb000 07:00 2884213                    /usr/lib/jvm/java-6-openjdk-common/jre/lib/resources.jar
7fa0a6de1000-7fa0a6ee2000 rwxp 00000000 00:00 0 
7fa0a6ee2000-7fa0a6f78000 r-xp 00000000 07:00 2767280                    /usr/lib/x86_64-linux-gnu/libfreetype.so.6.8.0
7fa0a6f78000-7fa0a7177000 ---p 00096000 07:00 2767280                    /usr/lib/x86_64-linux-gnu/libfreetype.so.6.8.0
7fa0a7177000-7fa0a717d000 r--p 00095000 07:00 2767280                    /usr/lib/x86_64-linux-gnu/libfreetype.so.6.8.0
7fa0a717d000-7fa0a717e000 rw-p 0009b000 07:00 2767280                    /usr/lib/x86_64-linux-gnu/libfreetype.so.6.8.0
7fa0a717e000-7fa0a71b8000 r-xp 00000000 07:00 2884078                    /usr/lib/jvm/java-6-openjdk-amd64/jre/lib/amd64/libfontmanager.so
7fa0a71b8000-7fa0a73b7000 ---p 0003a000 07:00 2884078                    /usr/lib/jvm/java-6-openjdk-amd64/jre/lib/amd64/libfontmanager.so
7fa0a73b7000-7fa0a73b9000 r--p 00039000 07:00 2884078                    /usr/lib/jvm/java-6-openjdk-amd64/jre/lib/amd64/libfontmanager.so
7fa0a73b9000-7fa0a73ba000 rw-p 0003b000 07:00 2884078                    /usr/lib/jvm/java-6-openjdk-amd64/jre/lib/amd64/libfontmanager.so
7fa0a73ba000-7fa0a73bf000 r-xp 00000000 07:00 2766741                    /usr/lib/x86_64-linux-gnu/libXdmcp.so.6.0.0
7fa0a73bf000-7fa0a75be000 ---p 00005000 07:00 2766741                    /usr/lib/x86_64-linux-gnu/libXdmcp.so.6.0.0
7fa0a75be000-7fa0a75bf000 r--p 00004000 07:00 2766741                    /usr/lib/x86_64-linux-gnu/libXdmcp.so.6.0.0
7fa0a75bf000-7fa0a75c0000 rw-p 00005000 07:00 2766741                    /usr/lib/x86_64-linux-gnu/libXdmcp.so.6.0.0
7fa0a75c0000-7fa0a75c2000 r-xp 00000000 07:00 2766732                    /usr/lib/x86_64-linux-gnu/libXau.so.6.0.0
7fa0a75c2000-7fa0a77c1000 ---p 00002000 07:00 2766732                    /usr/lib/x86_64-linux-gnu/libXau.so.6.0.0
7fa0a77c1000-7fa0a77c2000 r--p 00001000 07:00 2766732                    /usr/lib/x86_64-linux-gnu/libXau.so.6.0.0
7fa0a77c2000-7fa0a77c3000 rw-p 00002000 07:00 2766732                    /usr/lib/x86_64-linux-gnu/libXau.so.6.0.0
7fa0a77c3000-7fa0a77e0000 r-xp 00000000 07:00 2767626                    /usr/lib/x86_64-linux-gnu/libxcb.so.1.1.0
7fa0a77e0000-7fa0a79df000 ---p 0001d000 07:00 2767626                    /usr/lib/x86_64-linux-gnu/libxcb.so.1.1.0
7fa0a79df000-7fa0a79e0000 r--p 0001c000 07:00 2767626                    /usr/lib/x86_64-linux-gnu/libxcb.so.1.1.0
7fa0a79e0000-7fa0a79e1000 rw-p 0001d000 07:00 2767626                    /usr/lib/x86_64-linux-gnu/libxcb.so.1.1.0
7fa0a79e1000-7fa0a79ef000 r-xp 00000000 07:00 2766749                    /usr/lib/x86_64-linux-gnu/libXi.so.6.1.0
7fa0a79ef000-7fa0a7bee000 ---p 0000e000 07:00 2766749                    /usr/lib/x86_64-linux-gnu/libXi.so.6.1.0
7fa0a7bee000-7fa0a7bef000 r--p 0000d000 07:00 2766749                    /usr/lib/x86_64-linux-gnu/libXi.so.6.1.0
7fa0a7bef000-7fa0a7bf0000 rw-p 0000e000 07:00 2766749                    /usr/lib/x86_64-linux-gnu/libXi.so.6.1.0
7fa0a7bf0000-7fa0a7bf5000 r-xp 00000000 07:00 2766764                    /usr/lib/x86_64-linux-gnu/libXtst.so.6.1.0
7fa0a7bf5000-7fa0a7df4000 ---p 00005000 07:00 2766764                    /usr/lib/x86_64-linux-gnu/libXtst.so.6.1.0
7fa0a7df4000-7fa0a7df5000 r--p 00004000 07:00 2766764                    /usr/lib/x86_64-linux-gnu/libXtst.so.6.1.0
7fa0a7df5000-7fa0a7df6000 rw-p 00005000 07:00 2766764                    /usr/lib/x86_64-linux-gnu/libXtst.so.6.1.0
7fa0a7df6000-7fa0a7dff000 r-xp 00000000 07:00 2766760                    /usr/lib/x86_64-linux-gnu/libXrender.so.1.3.0
7fa0a7dff000-7fa0a7ffe000 ---p 00009000 07:00 2766760                    /usr/lib/x86_64-linux-gnu/libXrender.so.1.3.0
7fa0a7ffe000-7fa0a7fff000 r--p 00008000 07:00 2766760                    /usr/lib/x86_64-linux-gnu/libXrender.so.1.3.0
7fa0a7fff000-7fa0a8000000 rw-p 00009000 07:00 2766760                    /usr/lib/x86_64-linux-gnu/libXrender.so.1.3.0
7fa0a8000000-7fa0a8021000 rw-p 00000000 00:00 0 
7fa0a8021000-7fa0ac000000 ---p 00000000 00:00 0 
7fa0ac001000-7fa0ac002000 rw-s 00000000 00:12 688651                     /run/shm/045e.02ae@1.28-SM
7fa0ac002000-7fa0ac012000 r--s 00000000 07:00 2229094                    /var/cache/fontconfig/04aabc0a78ac019cf9454389977116d2-le64.cache-3
7fa0ac012000-7fa0ac015000 r--s 00000000 07:00 2229101                    /var/cache/fontconfig/385c0604a188198f04d133e54aba7fe7-le64.cache-3
7fa0ac015000-7fa0ac016000 r--s 00000000 07:00 2229102                    /var/cache/fontconfig/4794a0821666d79190d59a36cb4f44b5-le64.cache-3
7fa0ac016000-7fa0ac019000 r--s 00000000 07:00 2229111                    /var/cache/fontconfig/8801497958630a81b71ace7c5f9b32a8-le64.cache-3
7fa0ac019000-7fa0ac01e000 r--s 00000000 07:00 2229099                    /var/cache/fontconfig/3047814df9a2f067bd2d96a2b9c36e5a-le64.cache-3
7fa0ac01e000-7fa0ac023000 r--s 00000000 07:00 2229116                    /var/cache/fontconfig/b47c4e1ecd0709278f4910c18777a504-le64.cache-3
7fa0ac023000-7fa0ac033000 r--s 00000000 07:00 2229122                    /var/cache/fontconfig/d52a8644073d54c13679302ca1180695-le64.cache-3
7fa0ac033000-7fa0ac03f000 r--s 00000000 07:00 2229095                    /var/cache/fontconfig/089dead882dea3570ffc31a9898cfb69-le64.cache-3
7fa0ac03f000-7fa0ac052000 r--s 00000000 07:00 2229124                    /var/cache/fontconfig/e13b20fdb08344e0e664864cc2ede53d-le64.cache-3
7fa0ac052000-7fa0ac056000 r--s 00000000 07:00 2229109                    /var/cache/fontconfig/7ef2298fde41cc6eeb7af42e48b7d293-le64.cache-3
7fa0ac056000-7fa0ac05f000 r--s 00000000 07:00 2229112                    /var/cache/fontconfig/945677eb7aeaf62f1d50efc3fb3ec7d8-le64.cache-3
7fa0ac05f000-7fa0ac063000 r--s 00000000 07:00 2229113                    /var/cache/fontconfig/99e8ed0e538f840c565b6ed5dad60d56-le64.cache-3
7fa0ac063000-7fa0ac06b000 r--s 00000000 07:00 2229114                    /var/cache/fontconfig/a6d8cf8e4ec09cdbc8633c31745a07dd-le64.cache-3
7fa0ac06b000-7fa0ac071000 r--s 00000000 07:00 2229115                    /var/cache/fontconfig/a755afe4a08bf5b97852ceb7400b47bc-le64.cache-3
7fa0ac071000-7fa0ac07a000 r--s 00000000 07:00 2229107                    /var/cache/fontconfig/6d41288fd70b0be22e8c3a91e032eec0-le64.cache-3
7fa0ac07a000-7fa0ac08a000 r--s 00000000 07:00 2229094                    /var/cache/fontconfig/04aabc0a78ac019cf9454389977116d2-le64.cache-3
7fa0ac08a000-7fa0ac1b9000 r-xp 00000000 07:00 2766730                    /usr/lib/x86_64-linux-gnu/libX11.so.6.3.0
7fa0ac1b9000-7fa0ac3b9000 ---p 0012f000 07:00 2766730                    /usr/lib/x86_64-linux-gnu/libX11.so.6.3.0
7fa0ac3b9000-7fa0ac3ba000 r--p 0012f000 07:00 2766730                    /usr/lib/x86_64-linux-gnu/libX11.so.6.3.0
7fa0ac3ba000-7fa0ac3be000 rw-p 00130000 07:00 2766730                    /usr/lib/x86_64-linux-gnu/libX11.so.6.3.0
7fa0ac3be000-7fa0ac3ce000 r-xp 00000000 07:00 2766743                    /usr/lib/x86_64-linux-gnu/libXext.so.6.4.0
7fa0ac3ce000-7fa0ac5cd000 ---p 00010000 07:00 2766743                    /usr/lib/x86_64-linux-gnu/libXext.so.6.4.0
7fa0ac5cd000-7fa0ac5ce000 r--p 0000f000 07:00 2766743                    /usr/lib/x86_64-linux-gnu/libXext.so.6.4.0
7fa0ac5ce000-7fa0ac5cf000 rw-p 00010000 07:00 2766743                    /usr/lib/x86_64-linux-gnu/libXext.so.6.4.0
7fa0ac5cf000-7fa0ac61a000 r-xp 00000000 07:00 2884115                    /usr/lib/jvm/java-6-openjdk-amd64/jre/lib/amd64/xawt/libmawt.so
7fa0ac61a000-7fa0ac81a000 ---p 0004b000 07:00 2884115                    /usr/lib/jvm/java-6-openjdk-amd64/jre/lib/amd64/xawt/libmawt.so
7fa0ac81a000-7fa0ac81b000 r--p 0004b000 07:00 2884115                    /usr/lib/jvm/java-6-openjdk-amd64/jre/lib/amd64/xawt/libmawt.so
7fa0ac81b000-7fa0ac81e000 rw-p 0004c000 07:00 2884115                    /usr/lib/jvm/java-6-openjdk-amd64/jre/lib/amd64/xawt/libmawt.so
7fa0ac81e000-7fa0ac81f000 rw-p 00000000 00:00 0 
7fa0ac81f000-7fa0ac8cb000 r-xp 00000000 07:00 2884076                    /usr/lib/jvm/java-6-openjdk-amd64/jre/lib/amd64/libawt.so
7fa0ac8cb000-7fa0acaca000 ---p 000ac000 07:00 2884076                    /usr/lib/jvm/java-6-openjdk-amd64/jre/lib/amd64/libawt.so
7fa0acaca000-7fa0acacb000 r--p 000ab000 07:00 2884076                    /usr/lib/jvm/java-6-openjdk-amd64/jre/lib/amd64/libawt.so
7fa0acacb000-7fa0acad6000 rw-p 000ac000 07:00 2884076                    /usr/lib/jvm/java-6-openjdk-amd64/jre/lib/amd64/libawt.so
7fa0acad6000-7fa0acafb000 rw-p 00000000 00:00 0 
7fa0acafb000-7fa0acafc000 ---p 00000000 00:00 0 
7fa0acafc000-7fa0accfd000 rwxp 00000000 00:00 0 
7fa0accfd000-7fa0accfe000 ---p 00000000 00:00 0 
7fa0accfe000-7fa0acdfe000 rwxp 00000000 00:00 0 
7fa0acdfe000-7fa0acdff000 ---p 00000000 00:00 0 
7fa0acdff000-7fa0ad270000 rwxp 00000000 00:00 0 
7fa0ad270000-7fa0b3fff000 rw-p 00000000 00:00 0 
7fa0b3fff000-7fa0b4000000 ---p 00000000 00:00 0 
7fa0b4000000-7fa0b4001000 rw-p 00000000 00:00 0 
7fa0b4001000-7fa0b4002000 r--s 00000000 07:00 2229104                    /var/cache/fontconfig/56cf4f4769d0f4abc89a4895d7bd3ae1-le64.cache-3
7fa0b4002000-7fa0b4003000 r--s 00000000 07:00 2229117                    /var/cache/fontconfig/b9d506c9ac06c20b433354fa67a72993-le64.cache-3
7fa0b4003000-7fa0b4004000 r--s 00000000 07:00 2229118                    /var/cache/fontconfig/c05880de57d1f5e948fdfacc138775d9-le64.cache-3
7fa0b4004000-7fa0b4008000 r--s 00000000 07:00 2229098                    /var/cache/fontconfig/2cd17615ca594fa2959ae173292e504c-le64.cache-3
7fa0b4008000-7fa0b4009000 r--s 00000000 07:00 2229126                    /var/cache/fontconfig/e7071f4a29fa870f4323321c154eba04-le64.cache-3
7fa0b4009000-7fa0b400c000 r--s 00000000 07:00 2229101                    /var/cache/fontconfig/385c0604a188198f04d133e54aba7fe7-le64.cache-3
7fa0b400c000-7fa0b400d000 r--s 00000000 07:00 2229102                    /var/cache/fontconfig/4794a0821666d79190d59a36cb4f44b5-le64.cache-3
7fa0b400d000-7fa0b4010000 r--s 00000000 07:00 2229111                    /var/cache/fontconfig/8801497958630a81b71ace7c5f9b32a8-le64.cache-3
7fa0b4010000-7fa0b4015000 r--s 00000000 07:00 2229099                    /var/cache/fontconfig/3047814df9a2f067bd2d96a2b9c36e5a-le64.cache-3
7fa0b4015000-7fa0b4025000 r--s 00000000 07:00 2229122                    /var/cache/fontconfig/d52a8644073d54c13679302ca1180695-le64.cache-3
7fa0b4025000-7fa0b4031000 r--s 00000000 07:00 2229095                    /var/cache/fontconfig/089dead882dea3570ffc31a9898cfb69-le64.cache-3
7fa0b4031000-7fa0b44a5000 r--p 00000000 07:00 2765053                    /usr/lib/locale/locale-archive
7fa0b44a5000-7fa0b46a7000 rwxp 00000000 00:00 0 
7fa0b46a7000-7fa0b46a8000 ---p 00000000 00:00 0 
7fa0b46a8000-7fa0b47a8000 rwxp 00000000 00:00 0 
7fa0b47a8000-7fa0b4ce0000 rw-p 00000000 00:00 0 
7fa0b4ce0000-7fa0b4e72000 r--s 037c2000 07:00 2884073                    /usr/lib/jvm/java-6-openjdk-amd64/jre/lib/rt.jar
7fa0b4e72000-7fa0b4e9a000 rw-p 00000000 00:00 0 
7fa0b4e9a000-7fa0b4e9b000 ---p 00000000 00:00 0 
7fa0b4e9b000-7fa0b4f9b000 rwxp 00000000 00:00 0 
7fa0b4f9b000-7fa0b4f9c000 ---p 00000000 00:00 0 
7fa0b4f9c000-7fa0b509c000 rwxp 00000000 00:00 0 
7fa0b509c000-7fa0b509d000 ---p 00000000 00:00 0 
7fa0b509d000-7fa0b519d000 rwxp 00000000 00:00 0 
7fa0b519d000-7fa0b519e000 ---p 00000000 00:00 0 
7fa0b519e000-7fa0b529e000 rwxp 00000000 00:00 0 
7fa0b529e000-7fa0b52a9000 rw-p 00000000 00:00 0 
7fa0b52a9000-7fa0b52f1000 rw-p 00000000 00:00 0 
7fa0b52f1000-7fa0b531b000 rw-p 00000000 00:00 0 
7fa0b531b000-7fa0b5582000 rw-p 00000000 00:00 0 
7fa0b5582000-7fa0b558d000 rw-p 00000000 00:00 0 
7fa0b558d000-7fa0b55d5000 rw-p 00000000 00:00 0 
7fa0b55d5000-7fa0b55ff000 rw-p 00000000 00:00 0 
7fa0b55ff000-7fa0b5865000 rw-p 00000000 00:00 0 
7fa0b5865000-7fa0b587b000 rw-p 00000000 00:00 0 
7fa0b587b000-7fa0b59ae000 rw-p 00000000 00:00 0 
7fa0b59ae000-7fa0b59af000 rw-p 00000000 00:00 0 
7fa0b59af000-7fa0b59b6000 r-xp 00000000 07:00 2884105                    /usr/lib/jvm/java-6-openjdk-amd64/jre/lib/amd64/libzip.so
7fa0b59b6000-7fa0b5bb5000 ---p 00007000 07:00 2884105                    /usr/lib/jvm/java-6-openjdk-amd64/jre/lib/amd64/libzip.so
7fa0b5bb5000-7fa0b5bb6000 r--p 00006000 07:00 2884105                    /usr/lib/jvm/java-6-openjdk-amd64/jre/lib/amd64/libzip.so
7fa0b5bb6000-7fa0b5bb7000 rw-p 00007000 07:00 2884105                    /usr/lib/jvm/java-6-openjdk-amd64/jre/lib/amd64/libzip.so
7fa0b5bb7000-7fa0b5bc3000 r-xp 00000000 07:00 136638                     /lib/x86_64-linux-gnu/libnss_files-2.15.so
7fa0b5bc3000-7fa0b5dc2000 ---p 0000c000 07:00 136638                     /lib/x86_64-linux-gnu/libnss_files-2.15.so
7fa0b5dc2000-7fa0b5dc3000 r--p 0000b000 07:00 136638                     /lib/x86_64-linux-gnu/libnss_files-2.15.so
7fa0b5dc3000-7fa0b5dc4000 rw-p 0000c000 07:00 136638                     /lib/x86_64-linux-gnu/libnss_files-2.15.so
7fa0b5dc4000-7fa0b5dce000 r-xp 00000000 07:00 136640                     /lib/x86_64-linux-gnu/libnss_nis-2.15.so
7fa0b5dce000-7fa0b5fce000 ---p 0000a000 07:00 136640                     /lib/x86_64-linux-gnu/libnss_nis-2.15.so
7fa0b5fce000-7fa0b5fcf000 r--p 0000a000 07:00 136640                     /lib/x86_64-linux-gnu/libnss_nis-2.15.so
7fa0b5fcf000-7fa0b5fd0000 rw-p 0000b000 07:00 136640                     /lib/x86_64-linux-gnu/libnss_nis-2.15.so
7fa0b5fd0000-7fa0b5fe7000 r-xp 00000000 07:00 136635                     /lib/x86_64-linux-gnu/libnsl-2.15.so
7fa0b5fe7000-7fa0b61e6000 ---p 00017000 07:00 136635                     /lib/x86_64-linux-gnu/libnsl-2.15.so
7fa0b61e6000-7fa0b61e7000 r--p 00016000 07:00 136635                     /lib/x86_64-linux-gnu/libnsl-2.15.so
7fa0b61e7000-7fa0b61e8000 rw-p 00017000 07:00 136635                     /lib/x86_64-linux-gnu/libnsl-2.15.so
7fa0b61e8000-7fa0b61ea000 rw-p 00000000 00:00 0 
7fa0b61ea000-7fa0b61f2000 r-xp 00000000 07:00 136636                     /lib/x86_64-linux-gnu/libnss_compat-2.15.so
7fa0b61f2000-7fa0b63f1000 ---p 00008000 07:00 136636                     /lib/x86_64-linux-gnu/libnss_compat-2.15.so
7fa0b63f1000-7fa0b63f2000 r--p 00007000 07:00 136636                     /lib/x86_64-linux-gnu/libnss_compat-2.15.so
7fa0b63f2000-7fa0b63f3000 rw-p 00008000 07:00 136636                     /lib/x86_64-linux-gnu/libnss_compat-2.15.so
7fa0b63f3000-7fa0b641f000 r-xp 00000000 07:00 2884085                    /usr/lib/jvm/java-6-openjdk-amd64/jre/lib/amd64/libjava.so
7fa0b641f000-7fa0b661e000 ---p 0002c000 07:00 2884085                    /usr/lib/jvm/java-6-openjdk-amd64/jre/lib/amd64/libjava.so
7fa0b661e000-7fa0b661f000 r--p 0002b000 07:00 2884085                    /usr/lib/jvm/java-6-openjdk-amd64/jre/lib/amd64/libjava.so
7fa0b661f000-7fa0b6622000 rw-p 0002c000 07:00 2884085                    /usr/lib/jvm/java-6-openjdk-amd64/jre/lib/amd64/libjava.so
7fa0b6622000-7fa0b6630000 r-xp 00000000 07:00 2884104                    /usr/lib/jvm/java-6-openjdk-amd64/jre/lib/amd64/libverify.so
7fa0b6630000-7fa0b682f000 ---p 0000e000 07:00 2884104                    /usr/lib/jvm/java-6-openjdk-amd64/jre/lib/amd64/libverify.so
7fa0b682f000-7fa0b6831000 r--p 0000d000 07:00 2884104                    /usr/lib/jvm/java-6-openjdk-amd64/jre/lib/amd64/libverify.so
7fa0b6831000-7fa0b6832000 rw-p 0000f000 07:00 2884104                    /usr/lib/jvm/java-6-openjdk-amd64/jre/lib/amd64/libverify.so
7fa0b6832000-7fa0b6839000 r-xp 00000000 07:00 136656                     /lib/x86_64-linux-gnu/librt-2.15.so
7fa0b6839000-7fa0b6a38000 ---p 00007000 07:00 136656                     /lib/x86_64-linux-gnu/librt-2.15.so
7fa0b6a38000-7fa0b6a39000 r--p 00006000 07:00 136656                     /lib/x86_64-linux-gnu/librt-2.15.so
7fa0b6a39000-7fa0b6a3a000 rw-p 00007000 07:00 136656                     /lib/x86_64-linux-gnu/librt-2.15.so
7fa0b6a3a000-7fa0b6a4f000 r-xp 00000000 07:00 136622                     /lib/x86_64-linux-gnu/libgcc_s.so.1
7fa0b6a4f000-7fa0b6c4e000 ---p 00015000 07:00 136622                     /lib/x86_64-linux-gnu/libgcc_s.so.1
7fa0b6c4e000-7fa0b6c4f000 r--p 00014000 07:00 136622                     /lib/x86_64-linux-gnu/libgcc_s.so.1
7fa0b6c4f000-7fa0b6c50000 rw-p 00015000 07:00 136622                     /lib/x86_64-linux-gnu/libgcc_s.so.1
7fa0b6c50000-7fa0b6d4b000 r-xp 00000000 07:00 136628                     /lib/x86_64-linux-gnu/libm-2.15.so
7fa0b6d4b000-7fa0b6f4a000 ---p 000fb000 07:00 136628                     /lib/x86_64-linux-gnu/libm-2.15.so
7fa0b6f4a000-7fa0b6f4b000 r--p 000fa000 07:00 136628                     /lib/x86_64-linux-gnu/libm-2.15.so
7fa0b6f4b000-7fa0b6f4c000 rw-p 000fb000 07:00 136628                     /lib/x86_64-linux-gnu/libm-2.15.so
7fa0b6f4c000-7fa0b702e000 r-xp 00000000 07:00 2767523                    /usr/lib/x86_64-linux-gnu/libstdc++.so.6.0.16
7fa0b702e000-7fa0b722d000 ---p 000e2000 07:00 2767523                    /usr/lib/x86_64-linux-gnu/libstdc++.so.6.0.16
7fa0b722d000-7fa0b7235000 r--p 000e1000 07:00 2767523                    /usr/lib/x86_64-linux-gnu/libstdc++.so.6.0.16
7fa0b7235000-7fa0b7237000 rw-p 000e9000 07:00 2767523                    /usr/lib/x86_64-linux-gnu/libstdc++.so.6.0.16
7fa0b7237000-7fa0b724c000 rw-p 00000000 00:00 0 
7fa0b724c000-7fa0b7b51000 r-xp 00000000 07:00 2884114                    /usr/lib/jvm/java-6-openjdk-amd64/jre/lib/amd64/server/libjvm.so
7fa0b7b51000-7fa0b7d51000 ---p 00905000 07:00 2884114                    /usr/lib/jvm/java-6-openjdk-amd64/jre/lib/amd64/server/libjvm.so
7fa0b7d51000-7fa0b7dd1000 r--p 00905000 07:00 2884114                    /usr/lib/jvm/java-6-openjdk-amd64/jre/lib/amd64/server/libjvm.so
7fa0b7dd1000-7fa0b7dec000 rw-p 00985000 07:00 2884114                    /usr/lib/jvm/java-6-openjdk-amd64/jre/lib/amd64/server/libjvm.so
7fa0b7dec000-7fa0b7e15000 rw-p 00000000 00:00 0 
7fa0b7e15000-7fa0b7e2b000 r-xp 00000000 07:00 136669                     /lib/x86_64-linux-gnu/libz.so.1.2.3.4
7fa0b7e2b000-7fa0b802a000 ---p 00016000 07:00 136669                     /lib/x86_64-linux-gnu/libz.so.1.2.3.4
7fa0b802a000-7fa0b802b000 r--p 00015000 07:00 136669                     /lib/x86_64-linux-gnu/libz.so.1.2.3.4
7fa0b802b000-7fa0b802c000 rw-p 00016000 07:00 136669                     /lib/x86_64-linux-gnu/libz.so.1.2.3.4
7fa0b802c000-7fa0b81e1000 r-xp 00000000 07:00 136611                     /lib/x86_64-linux-gnu/libc-2.15.so
7fa0b81e1000-7fa0b83e0000 ---p 001b5000 07:00 136611                     /lib/x86_64-linux-gnu/libc-2.15.so
7fa0b83e0000-7fa0b83e4000 r--p 001b4000 07:00 136611                     /lib/x86_64-linux-gnu/libc-2.15.so
7fa0b83e4000-7fa0b83e6000 rw-p 001b8000 07:00 136611                     /lib/x86_64-linux-gnu/libc-2.15.so
7fa0b83e6000-7fa0b83eb000 rw-p 00000000 00:00 0 
7fa0b83eb000-7fa0b83ed000 r-xp 00000000 07:00 136618                     /lib/x86_64-linux-gnu/libdl-2.15.so
7fa0b83ed000-7fa0b85ed000 ---p 00002000 07:00 136618                     /lib/x86_64-linux-gnu/libdl-2.15.so
7fa0b85ed000-7fa0b85ee000 r--p 00002000 07:00 136618                     /lib/x86_64-linux-gnu/libdl-2.15.so
7fa0b85ee000-7fa0b85ef000 rw-p 00003000 07:00 136618                     /lib/x86_64-linux-gnu/libdl-2.15.so
7fa0b85ef000-7fa0b85f3000 r-xp 00000000 07:00 2884111                    /usr/lib/jvm/java-6-openjdk-amd64/jre/lib/amd64/jli/libjli.so
7fa0b85f3000-7fa0b87f2000 ---p 00004000 07:00 2884111                    /usr/lib/jvm/java-6-openjdk-amd64/jre/lib/amd64/jli/libjli.so
7fa0b87f2000-7fa0b87f3000 r--p 00003000 07:00 2884111                    /usr/lib/jvm/java-6-openjdk-amd64/jre/lib/amd64/jli/libjli.so
7fa0b87f3000-7fa0b87f4000 rw-p 00004000 07:00 2884111                    /usr/lib/jvm/java-6-openjdk-amd64/jre/lib/amd64/jli/libjli.so
7fa0b87f4000-7fa0b880c000 r-xp 00000000 07:00 136653                     /lib/x86_64-linux-gnu/libpthread-2.15.so
7fa0b880c000-7fa0b8a0b000 ---p 00018000 07:00 136653                     /lib/x86_64-linux-gnu/libpthread-2.15.so
7fa0b8a0b000-7fa0b8a0c000 r--p 00017000 07:00 136653                     /lib/x86_64-linux-gnu/libpthread-2.15.so
7fa0b8a0c000-7fa0b8a0d000 rw-p 00018000 07:00 136653                     /lib/x86_64-linux-gnu/libpthread-2.15.so
7fa0b8a0d000-7fa0b8a11000 rw-p 00000000 00:00 0 
7fa0b8a11000-7fa0b8a33000 r-xp 00000000 07:00 136601                     /lib/x86_64-linux-gnu/ld-2.15.so
7fa0b8a33000-7fa0b8a46000 r--s 00000000 07:00 2229124                    /var/cache/fontconfig/e13b20fdb08344e0e664864cc2ede53d-le64.cache-3
7fa0b8a46000-7fa0b8a50000 rw-p 00000000 00:00 0 
7fa0b8a50000-7fa0b8b06000 rw-p 00000000 00:00 0 
7fa0b8b06000-7fa0b8b07000 ---p 00000000 00:00 0 
7fa0b8b07000-7fa0b8c07000 rwxp 00000000 00:00 0 
7fa0b8c07000-7fa0b8c0c000 rw-p 00000000 00:00 0 
7fa0b8c0c000-7fa0b8c0d000 r--s 00000000 07:00 2229096                    /var/cache/fontconfig/0d8c3b2ac0904cb8a57a757ad11a4a08-le64.cache-3
7fa0b8c0d000-7fa0b8c0e000 r--s 00000000 07:00 2229104                    /var/cache/fontconfig/56cf4f4769d0f4abc89a4895d7bd3ae1-le64.cache-3
7fa0b8c0e000-7fa0b8c0f000 r--s 00000000 07:00 2229117                    /var/cache/fontconfig/b9d506c9ac06c20b433354fa67a72993-le64.cache-3
7fa0b8c0f000-7fa0b8c14000 r--s 00000000 07:00 2229116                    /var/cache/fontconfig/b47c4e1ecd0709278f4910c18777a504-le64.cache-3
7fa0b8c14000-7fa0b8c18000 r--s 00000000 07:00 2229109                    /var/cache/fontconfig/7ef2298fde41cc6eeb7af42e48b7d293-le64.cache-3
7fa0b8c18000-7fa0b8c19000 r--s 00007000 07:00 1188646                    /usr/share/java/java-atk-wrapper.jar
7fa0b8c19000-7fa0b8c1b000 r--s 00001000 07:00 2884220                    /usr/lib/jvm/java-6-openjdk-common/jre/lib/ext/dnsns.jar
7fa0b8c1b000-7fa0b8c1e000 r--s 00031000 07:00 2884223                    /usr/lib/jvm/java-6-openjdk-common/jre/lib/ext/sunjce_provider.jar
7fa0b8c1e000-7fa0b8c20000 r--s 0000f000 07:00 2884222                    /usr/lib/jvm/java-6-openjdk-common/jre/lib/ext/pulse-java.jar
7fa0b8c20000-7fa0b8c24000 r--s 00038000 07:00 2884224                    /usr/lib/jvm/java-6-openjdk-common/jre/lib/ext/sunpkcs11.jar
7fa0b8c24000-7fa0b8c27000 r--s 00077000 07:00 2884221                    /usr/lib/jvm/java-6-openjdk-common/jre/lib/ext/localedata.jar
7fa0b8c27000-7fa0b8c2f000 rw-s 00000000 07:00 5288                       /tmp/hsperfdata_qyr1987/28432
7fa0b8c2f000-7fa0b8c30000 rw-p 00000000 00:00 0 
7fa0b8c30000-7fa0b8c31000 r--p 00000000 00:00 0 
7fa0b8c31000-7fa0b8c33000 rw-p 00000000 00:00 0 
7fa0b8c33000-7fa0b8c34000 r--p 00022000 07:00 136601                     /lib/x86_64-linux-gnu/ld-2.15.so
7fa0b8c34000-7fa0b8c36000 rw-p 00023000 07:00 136601                     /lib/x86_64-linux-gnu/ld-2.15.so
7fff0aa88000-7fff0aaa8000 rwxp 00000000 00:00 0                          [stack]
7fff0aaa8000-7fff0aaa9000 rw-p 00000000 00:00 0 
7fff0abed000-7fff0abee000 r-xp 00000000 00:00 0                          [vdso]
ffffffffff600000-ffffffffff601000 r-xp 00000000 00:00 0                  [vsyscall]

VM Arguments:
jvm_args: -Dfile.encoding=UTF-8 
java_command: edu.seas.upenn.ese519.UserTrackerApplication
Launcher Type: SUN_STANDARD

Environment Variables:
PATH=/home/qyr1987/bin:/usr/lib/lightdm/lightdm:/usr/local/sbin:/usr/local/bin:/usr/sbin:/usr/bin:/sbin:/bin:/usr/games
LD_LIBRARY_PATH=/usr/lib/jvm/java-6-openjdk-amd64/jre/lib/amd64/server:/usr/lib/jvm/java-6-openjdk-amd64/jre/lib/amd64:/usr/lib/jvm/java-6-openjdk-amd64/jre/../lib/amd64
SHELL=/bin/bash
DISPLAY=:0

Signal Handlers:
SIGSEGV: [libjvm.so+0x7852e0], sa_mask[0]=0x7ffbfeff, sa_flags=0x10000004
SIGBUS: [libjvm.so+0x7852e0], sa_mask[0]=0x7ffbfeff, sa_flags=0x10000004
SIGFPE: [libjvm.so+0x648d40], sa_mask[0]=0x7ffbfeff, sa_flags=0x10000004
SIGPIPE: [libjvm.so+0x648d40], sa_mask[0]=0x7ffbfeff, sa_flags=0x10000004
SIGXFSZ: [libjvm.so+0x648d40], sa_mask[0]=0x7ffbfeff, sa_flags=0x10000004
SIGILL: [libjvm.so+0x648d40], sa_mask[0]=0x7ffbfeff, sa_flags=0x10000004
SIGUSR1: SIG_DFL, sa_mask[0]=0x00000000, sa_flags=0x00000000
SIGUSR2: [libjvm.so+0x648ef0], sa_mask[0]=0x00000004, sa_flags=0x10000004
SIGHUP: [libjvm.so+0x64ba10], sa_mask[0]=0x7ffbfeff, sa_flags=0x10000004
SIGINT: [libjvm.so+0x64ba10], sa_mask[0]=0x7ffbfeff, sa_flags=0x10000004
SIGTERM: [libjvm.so+0x64ba10], sa_mask[0]=0x7ffbfeff, sa_flags=0x10000004
SIGQUIT: [libjvm.so+0x64ba10], sa_mask[0]=0x7ffbfeff, sa_flags=0x10000004


---------------  S Y S T E M  ---------------

OS:Ubuntu 12.04 (precise)
uname:Linux 3.2.0-33-generic #52-Ubuntu SMP Thu Oct 18 16:29:15 UTC 2012 x86_64
libc:glibc 2.15 NPTL 2.15 
rlimit: STACK 8192k, CORE 0k, NPROC 62854, NOFILE 4096, AS infinity
load average:0.44 0.44 0.55

/proc/meminfo:
MemTotal:        8062936 kB
MemFree:         1983212 kB
Buffers:         1165812 kB
Cached:          2206132 kB
SwapCached:          112 kB
Active:          3210236 kB
Inactive:        2466728 kB
Active(anon):    1914312 kB
Inactive(anon):   731216 kB
Active(file):    1295924 kB
Inactive(file):  1735512 kB
Unevictable:        2708 kB
Mlocked:              32 kB
SwapTotal:        262140 kB
SwapFree:         255428 kB
Dirty:               228 kB
Writeback:             0 kB
AnonPages:       2307812 kB
Mapped:           169696 kB
Shmem:            337808 kB
Slab:             229912 kB
SReclaimable:     179388 kB
SUnreclaim:        50524 kB
KernelStack:        4912 kB
PageTables:        45928 kB
NFS_Unstable:          0 kB
Bounce:                0 kB
WritebackTmp:          0 kB
CommitLimit:     4293608 kB
Committed_AS:    5920960 kB
VmallocTotal:   34359738367 kB
VmallocUsed:      414576 kB
VmallocChunk:   34359284020 kB
HardwareCorrupted:     0 kB
AnonHugePages:         0 kB
HugePages_Total:       0
HugePages_Free:        0
HugePages_Rsvd:        0
HugePages_Surp:        0
Hugepagesize:       2048 kB
DirectMap4k:      137216 kB
DirectMap2M:     8142848 kB


CPU:total 4 (2 cores per cpu, 2 threads per core) family 6 model 42 stepping 7, cmov, cx8, fxsr, mmx, sse, sse2, sse3, ssse3, sse4.1, sse4.2, popcnt, ht

Memory: 4k page, physical 8062936k(1983212k free), swap 262140k(255428k free)

vm_info: OpenJDK 64-Bit Server VM (20.0-b12) for linux-amd64 JRE (1.6.0_24-b24), built on Oct 24 2012 16:17:28 by "buildd" with gcc 4.6.3

time: Sat Nov 24 19:50:44 2012
elapsed time: 1 seconds

