#
# A fatal error has been detected by the Java Runtime Environment:
#
#  SIGSEGV (0xb) at pc=0x00007f28d0f3b615, pid=25906, tid=139814358099712
#
# JRE version: 6.0_24-b24
# Java VM: OpenJDK 64-Bit Server VM (20.0-b12 mixed mode linux-amd64 compressed oops)
# Derivative: IcedTea6 1.11.5
# Distribution: Ubuntu 12.04 LTS, package 6b24-1.11.5-0ubuntu1~12.04.1
# Problematic frame:
# C  [libXnVFeatures_1_5_2.so+0x8b615]  Segmentation::detectionByPoint(bool, std::vector<Vector2D<int>, std::allocator<Vector2D<int> > > const*)+0x105
#
# If you would like to submit a bug report, please include
# instructions how to reproduce the bug and visit:
#   https://bugs.launchpad.net/ubuntu/+source/openjdk-6/
# The crash happened outside the Java Virtual Machine in native code.
# See problematic frame for where to report the bug.
#

---------------  T H R E A D  ---------------

Current thread (0x00007f2908007800):  JavaThread "main" [_thread_in_native, id=25911, stack(0x00007f2911162000,0x00007f2911263000)]

siginfo:si_signo=SIGSEGV: si_errno=0, si_code=1 (SEGV_MAPERR), si_addr=0x00007f2708c2af50

Registers:
RAX=0x00007f2908c2af50, RBX=0x00007f28b5d6e1f0, RCX=0x000000000000000a, RDX=0xffffffff80000000
RSP=0x00007f2911261470, RBP=0x00007f28bff0ee60, RSI=0x00007f28b5d6ff70, RDI=0x0000000080000000
R8 =0x0000000000000000, R9 =0x0000000080000000, R10=0x00007f28bffcda21, R11=0x00007f2910713c9c
R12=0x00007f28d14ddd88, R13=0x00007f29112615d0, R14=0x00007f28bff6a060, R15=0x0000000000000000
RIP=0x00007f28d0f3b615, EFLAGS=0x0000000000010a12, CSGSFS=0x0000000000000033, ERR=0x0000000000000004
  TRAPNO=0x000000000000000e

Top of Stack: (sp=0x00007f2911261470)
0x00007f2911261470:   00007f290921ee10 7fffffff00000000
0x00007f2911261480:   00007f290921ee10 00007f28bff0efe0
0x00007f2911261490:   00007f28bff102e0 00007f28bff0ee60
0x00007f29112614a0:   00007f28bff0efe0 00007f28bff09d80
0x00007f29112614b0:   00007f29112615d0 00007f28bef7e050
0x00007f29112614c0:   0000000000000000 00007f28d0f42bc0
0x00007f29112614d0:   00000000000f17fa 00000000000f17fa
0x00007f29112614e0:   0000000000000000 3ff0000000000000
0x00007f29112614f0:   00007f28d14de5a8 0000000000000001
0x00007f2911261500:   0000000000000040 00007f28bef7e010
0x00007f2911261510:   00007f28bff09d80 00007f28bfee8f88
0x00007f2911261520:   00007f28bef7e050 00007f28bef7e028
0x00007f2911261530:   00007f29112615d0 00007f28d0f2b99b
0x00007f2911261540:   00007f28bffff190 0000000000000008
0x00007f2911261550:   00000000000f0454 00000000000f0454
0x00007f2911261560:   0000000000000000 3ff0000000000000
0x00007f2911261570:   0000000000000000 00007f28d0f058bd
0x00007f2911261580:   00007f29112615f0 00007f290c00001c
0x00007f2911261590:   0000000000000001 00007f290c000000
0x00007f29112615a0:   00007f2908baab30 00007f2908239090
0x00007f29112615b0:   00007f2908007800 00007f28d0f0103f
0x00007f29112615c0:   0000000000000196 00007f28d2a6b489
0x00007f29112615d0:   00007f28b5d6e1f0 00007f28b5d6e1f8
0x00007f29112615e0:   00007f28b5d6e1f8 00007f28b5d6fe51
0x00007f29112615f0:   000000cb0000005d 00007f2908baab30
0x00007f2911261600:   00007f2908baab30 00007f2908baab30
0x00007f2911261610:   00007f290921d2d0 0000000000000051
0x00007f2911261620:   00007f28b5d68990 00007f28d0f015bf
0x00007f2911261630:   00007f28d14c5af0 00007f290f65f4ec
0x00007f2911261640:   00007f28d14c7d10 0000000000000000
0x00007f2911261650:   0000000000092a46 0009600000000001
0x00007f2911261660:   ffffffff00000001 00007f29112616a4 

Instructions: (pc=0x00007f28d0f3b615)
0x00007f28d0f3b5f5:   e6 05 49 01 ee 41 8b 46 18 41 2b 46 0c 49 63 56
0x00007f28d0f3b605:   1c f3 0f 2a c0 48 8b 85 50 a3 0e 00 48 8b 40 60
0x00007f28d0f3b615:   f3 0f 59 04 90 f3 0f 2c c0 3d 1f 03 00 00 0f 8e
0x00007f28d0f3b625:   4f ff ff ff 44 89 fe 48 89 ef 89 44 24 08 4c 89 

Register to memory mapping:

RAX=0x00007f2908c2af50 is an unknown value
RBX=0x00007f28b5d6e1f0 is an unknown value
RCX=0x000000000000000a is an unknown value
RDX=0xffffffff80000000 is an unknown value
RSP=0x00007f2911261470 is pointing into the stack for thread: 0x00007f2908007800
RBP=0x00007f28bff0ee60 is an unknown value
RSI=0x00007f28b5d6ff70 is an unknown value
RDI=0x0000000080000000 is an unknown value
R8 =0x0000000000000000 is an unknown value
R9 =0x0000000080000000 is an unknown value
R10=0x00007f28bffcda21 is an unknown value
R11=0x00007f2910713c9c: <offset 0x8bc9c> in /lib/x86_64-linux-gnu/libc.so.6 at 0x00007f2910688000
R12=0x00007f28d14ddd88: <offset 0x62dd88> in /usr/lib/libXnVFeatures_1_5_2.so at 0x00007f28d0eb0000
R13=0x00007f29112615d0 is pointing into the stack for thread: 0x00007f2908007800
R14=0x00007f28bff6a060 is an unknown value
R15=0x0000000000000000 is an unknown value


Stack: [0x00007f2911162000,0x00007f2911263000],  sp=0x00007f2911261470,  free space=1021k
Native frames: (J=compiled Java code, j=interpreted, Vv=VM code, C=native code)
C  [libXnVFeatures_1_5_2.so+0x8b615]  Segmentation::detectionByPoint(bool, std::vector<Vector2D<int>, std::allocator<Vector2D<int> > > const*)+0x105

Java frames: (J=compiled Java code, j=interpreted, Vv=VM code)
j  org.OpenNI.NativeMethods.xnWaitAnyUpdateAll(J)I+0
j  org.OpenNI.Context.waitAnyUpdateAll()V+4
j  edu.seas.upenn.ese519.UserTracker.updateDepth()V+4
j  edu.seas.upenn.ese519.UserTrackerApplication.run()V+7
j  edu.seas.upenn.ese519.UserTrackerApplication.main([Ljava/lang/String;)V+62
v  ~StubRoutines::call_stub

---------------  P R O C E S S  ---------------

Java Threads: ( => current thread )
  0x00007f28b5d6e800 JavaThread "AWT-EventQueue-0" [_thread_in_Java, id=25935, stack(0x00007f28b8408000,0x00007f28b8509000)]
  0x00007f28b5d6d000 JavaThread "AWT-Shutdown" [_thread_blocked, id=25934, stack(0x00007f28b8509000,0x00007f28b860a000)]
  0x00007f29081f5800 JavaThread "AWT-XAWT" daemon [_thread_in_native, id=25925, stack(0x00007f2904019000,0x00007f290411a000)]
  0x00007f290810d000 JavaThread "Java2D Disposer" daemon [_thread_blocked, id=25924, stack(0x00007f290c078000,0x00007f290c179000)]
  0x00007f290809e000 JavaThread "Low Memory Detector" daemon [_thread_blocked, id=25922, stack(0x00007f290c289000,0x00007f290c38a000)]
  0x00007f290809b800 JavaThread "C2 CompilerThread1" daemon [_thread_in_native, id=25921, stack(0x00007f290c38a000,0x00007f290c48b000)]
  0x00007f2908098800 JavaThread "C2 CompilerThread0" daemon [_thread_in_native, id=25920, stack(0x00007f290c48b000,0x00007f290c58c000)]
  0x00007f2908097800 JavaThread "Signal Dispatcher" daemon [_thread_blocked, id=25919, stack(0x00007f290c58c000,0x00007f290c68d000)]
  0x00007f2908078000 JavaThread "Finalizer" daemon [_thread_blocked, id=25918, stack(0x00007f290cb01000,0x00007f290cc02000)]
  0x00007f2908076000 JavaThread "Reference Handler" daemon [_thread_blocked, id=25917, stack(0x00007f290cc02000,0x00007f290cd03000)]
=>0x00007f2908007800 JavaThread "main" [_thread_in_native, id=25911, stack(0x00007f2911162000,0x00007f2911263000)]

Other Threads:
  0x00007f290806f800 VMThread [stack: 0x00007f290cd03000,0x00007f290ce04000] [id=25916]
  0x00007f29080a0800 WatcherThread [stack: 0x00007f290c188000,0x00007f290c289000] [id=25923]

VM state:not at safepoint (normal execution)

VM Mutex/Monitor currently owned by a thread: None

Heap
 PSYoungGen      total 36736K, used 6518K [0x00000007d6f60000, 0x00000007d9860000, 0x0000000800000000)
  eden space 31488K, 20% used [0x00000007d6f60000,0x00000007d75bda80,0x00000007d8e20000)
  from space 5248K, 0% used [0x00000007d9340000,0x00000007d9340000,0x00000007d9860000)
  to   space 5248K, 0% used [0x00000007d8e20000,0x00000007d8e20000,0x00000007d9340000)
 PSOldGen        total 84032K, used 0K [0x0000000784e00000, 0x000000078a010000, 0x00000007d6f60000)
  object space 84032K, 0% used [0x0000000784e00000,0x0000000784e00000,0x000000078a010000)
 PSPermGen       total 21248K, used 10960K [0x000000077a800000, 0x000000077bcc0000, 0x0000000784e00000)
  object space 21248K, 51% used [0x000000077a800000,0x000000077b2b43f8,0x000000077bcc0000)

Code Cache  [0x00007f2905000000, 0x00007f2905270000, 0x00007f2908000000)
 total_blobs=441 nmethods=34 adapters=362 free_code_cache=49731584 largest_free_block=5888

Dynamic libraries:
00400000-00409000 r-xp 00000000 07:00 2884059                            /usr/lib/jvm/java-6-openjdk-amd64/jre/bin/java
00608000-00609000 r--p 00008000 07:00 2884059                            /usr/lib/jvm/java-6-openjdk-amd64/jre/bin/java
00609000-0060a000 rw-p 00009000 07:00 2884059                            /usr/lib/jvm/java-6-openjdk-amd64/jre/bin/java
01c67000-01c88000 rw-p 00000000 00:00 0                                  [heap]
77a800000-77bcc0000 rw-p 00000000 00:00 0 
77bcc0000-784e00000 rw-p 00000000 00:00 0 
784e00000-78a010000 rw-p 00000000 00:00 0 
78a010000-7d6f60000 rw-p 00000000 00:00 0 
7d6f60000-7d9860000 rw-p 00000000 00:00 0 
7d9860000-800000000 rw-p 00000000 00:00 0 
7f28ac000000-7f28ac021000 rw-p 00000000 00:00 0 
7f28ac021000-7f28b0000000 ---p 00000000 00:00 0 
7f28b0000000-7f28b0021000 rw-p 00000000 00:00 0 
7f28b0021000-7f28b4000000 ---p 00000000 00:00 0 
7f28b4000000-7f28b5f00000 rw-p 00000000 00:00 0 
7f28b5f00000-7f28b8000000 ---p 00000000 00:00 0 
7f28b8408000-7f28b840b000 ---p 00000000 00:00 0 
7f28b840b000-7f28b8509000 rwxp 00000000 00:00 0 
7f28b8509000-7f28b850c000 ---p 00000000 00:00 0 
7f28b850c000-7f28b860a000 rwxp 00000000 00:00 0 
7f28b860a000-7f28c0000000 rw-p 00000000 00:00 0 
7f28c0000000-7f28c0029000 rw-p 00000000 00:00 0 
7f28c0029000-7f28c4000000 ---p 00000000 00:00 0 
7f28c4000000-7f28c4021000 rw-p 00000000 00:00 0 
7f28c4021000-7f28c8000000 ---p 00000000 00:00 0 
7f28c8073000-7f28c8ba6000 rw-p 00000000 00:00 0 
7f28c8ba6000-7f28ca226000 r--s 00000000 00:12 686261                     /run/shm/25927_045e.02ae@1.24_Image
7f28ca226000-7f28ca308000 rw-p 00000000 00:00 0 
7f28ca308000-7f28caa10000 r--s 00000000 00:12 684702                     /run/shm/25927_045e.02ae@1.24_Depth
7f28caa10000-7f28cab3d000 rw-p 00000000 00:00 0 
7f28cab3d000-7f28cab3e000 ---p 00000000 00:00 0 
7f28cab3e000-7f28cb33e000 rwxp 00000000 00:00 0 
7f28cb33e000-7f28cb73f000 rw-p 00000000 00:00 0 
7f28cb73f000-7f28cb766000 r-xp 00000000 07:00 2759918                    /usr/lib/libXnDeviceFile.so
7f28cb766000-7f28cb966000 ---p 00027000 07:00 2759918                    /usr/lib/libXnDeviceFile.so
7f28cb966000-7f28cb968000 r--p 00027000 07:00 2759918                    /usr/lib/libXnDeviceFile.so
7f28cb968000-7f28cb969000 rw-p 00029000 07:00 2759918                    /usr/lib/libXnDeviceFile.so
7f28cb969000-7f28cb9b1000 r-xp 00000000 07:00 2759917                    /usr/lib/libXnDDK.so
7f28cb9b1000-7f28cbbb1000 ---p 00048000 07:00 2759917                    /usr/lib/libXnDDK.so
7f28cbbb1000-7f28cbbb4000 r--p 00048000 07:00 2759917                    /usr/lib/libXnDDK.so
7f28cbbb4000-7f28cbbb6000 rw-p 0004b000 07:00 2759917                    /usr/lib/libXnDDK.so
7f28cbbb6000-7f28cbbda000 r-xp 00000000 07:00 2759920                    /usr/lib/libXnFormats.so
7f28cbbda000-7f28cbdda000 ---p 00024000 07:00 2759920                    /usr/lib/libXnFormats.so
7f28cbdda000-7f28cbddb000 r--p 00024000 07:00 2759920                    /usr/lib/libXnFormats.so
7f28cbddb000-7f28cbddc000 rw-p 00025000 07:00 2759920                    /usr/lib/libXnFormats.so
7f28cbddc000-7f28cbdfc000 rw-p 00000000 00:00 0 
7f28cbdfc000-7f28cbdff000 r-xp 00000000 07:00 2759916                    /usr/lib/libXnCore.so
7f28cbdff000-7f28cbffe000 ---p 00003000 07:00 2759916                    /usr/lib/libXnCore.so
7f28cbffe000-7f28cbfff000 r--p 00002000 07:00 2759916                    /usr/lib/libXnCore.so
7f28cbfff000-7f28cc000000 rw-p 00003000 07:00 2759916                    /usr/lib/libXnCore.so
7f28cc000000-7f28cc021000 rw-p 00000000 00:00 0 
7f28cc021000-7f28d0000000 ---p 00000000 00:00 0 
7f28d0064000-7f28d00ed000 r-xp 00000000 07:00 2759919                    /usr/lib/libXnDeviceSensorV2KM.so
7f28d00ed000-7f28d02ec000 ---p 00089000 07:00 2759919                    /usr/lib/libXnDeviceSensorV2KM.so
7f28d02ec000-7f28d02fc000 r--p 00088000 07:00 2759919                    /usr/lib/libXnDeviceSensorV2KM.so
7f28d02fc000-7f28d02fd000 rw-p 00098000 07:00 2759919                    /usr/lib/libXnDeviceSensorV2KM.so
7f28d02fd000-7f28d03f1000 r-xp 00000000 07:00 2759934                    /usr/lib/libXnVHandGenerator_1_5_2.so
7f28d03f1000-7f28d05f0000 ---p 000f4000 07:00 2759934                    /usr/lib/libXnVHandGenerator_1_5_2.so
7f28d05f0000-7f28d05f5000 r--p 000f3000 07:00 2759934                    /usr/lib/libXnVHandGenerator_1_5_2.so
7f28d05f5000-7f28d05f6000 rw-p 000f8000 07:00 2759934                    /usr/lib/libXnVHandGenerator_1_5_2.so
7f28d05f6000-7f28d0604000 rw-p 00000000 00:00 0 
7f28d0604000-7f28d06dc000 r-xp 00000000 07:00 2759933                    /usr/lib/libXnVHandGenerator_1_4_2.so
7f28d06dc000-7f28d08db000 ---p 000d8000 07:00 2759933                    /usr/lib/libXnVHandGenerator_1_4_2.so
7f28d08db000-7f28d08e0000 r--p 000d7000 07:00 2759933                    /usr/lib/libXnVHandGenerator_1_4_2.so
7f28d08e0000-7f28d08e1000 rw-p 000dc000 07:00 2759933                    /usr/lib/libXnVHandGenerator_1_4_2.so
7f28d08e1000-7f28d08e4000 rw-p 00000000 00:00 0 
7f28d08e4000-7f28d09bc000 r-xp 00000000 07:00 2759932                    /usr/lib/libXnVHandGenerator_1_4_1.so
7f28d09bc000-7f28d0bbb000 ---p 000d8000 07:00 2759932                    /usr/lib/libXnVHandGenerator_1_4_1.so
7f28d0bbb000-7f28d0bc0000 r--p 000d7000 07:00 2759932                    /usr/lib/libXnVHandGenerator_1_4_1.so
7f28d0bc0000-7f28d0bc1000 rw-p 000dc000 07:00 2759932                    /usr/lib/libXnVHandGenerator_1_4_1.so
7f28d0bc1000-7f28d0bc4000 rw-p 00000000 00:00 0 
7f28d0bc4000-7f28d0ca7000 r-xp 00000000 07:00 2759931                    /usr/lib/libXnVHandGenerator_1_3_1.so
7f28d0ca7000-7f28d0ea7000 ---p 000e3000 07:00 2759931                    /usr/lib/libXnVHandGenerator_1_3_1.so
7f28d0ea7000-7f28d0eac000 r--p 000e3000 07:00 2759931                    /usr/lib/libXnVHandGenerator_1_3_1.so
7f28d0eac000-7f28d0ead000 rw-p 000e8000 07:00 2759931                    /usr/lib/libXnVHandGenerator_1_3_1.so
7f28d0ead000-7f28d0eb0000 rw-p 00000000 00:00 0 
7f28d0eb0000-7f28d12c5000 r-xp 00000000 07:00 2759929                    /usr/lib/libXnVFeatures_1_5_2.so
7f28d12c5000-7f28d14c5000 ---p 00415000 07:00 2759929                    /usr/lib/libXnVFeatures_1_5_2.so
7f28d14c5000-7f28d14d6000 r--p 00415000 07:00 2759929                    /usr/lib/libXnVFeatures_1_5_2.so
7f28d14d6000-7f28d14d8000 rw-p 00426000 07:00 2759929                    /usr/lib/libXnVFeatures_1_5_2.so
7f28d14d8000-7f28d14ed000 rw-p 00000000 00:00 0 
7f28d14ed000-7f28d16e4000 r-xp 00000000 07:00 2759928                    /usr/lib/libXnVFeatures_1_4_2.so
7f28d16e4000-7f28d18e3000 ---p 001f7000 07:00 2759928                    /usr/lib/libXnVFeatures_1_4_2.so
7f28d18e3000-7f28d18e9000 r--p 001f6000 07:00 2759928                    /usr/lib/libXnVFeatures_1_4_2.so
7f28d18e9000-7f28d18ea000 rw-p 001fc000 07:00 2759928                    /usr/lib/libXnVFeatures_1_4_2.so
7f28d18ea000-7f28d18f0000 rw-p 00000000 00:00 0 
7f28d18f0000-7f28d1ae7000 r-xp 00000000 07:00 2759927                    /usr/lib/libXnVFeatures_1_4_1.so
7f28d1ae7000-7f28d1ce6000 ---p 001f7000 07:00 2759927                    /usr/lib/libXnVFeatures_1_4_1.so
7f28d1ce6000-7f28d1cec000 r--p 001f6000 07:00 2759927                    /usr/lib/libXnVFeatures_1_4_1.so
7f28d1cec000-7f28d1ced000 rw-p 001fc000 07:00 2759927                    /usr/lib/libXnVFeatures_1_4_1.so
7f28d1ced000-7f28d1cf3000 rw-p 00000000 00:00 0 
7f28d1cf3000-7f28d1f38000 r-xp 00000000 07:00 2759926                    /usr/lib/libXnVFeatures_1_3_1.so
7f28d1f38000-7f28d2138000 ---p 00245000 07:00 2759926                    /usr/lib/libXnVFeatures_1_3_1.so
7f28d2138000-7f28d213e000 r--p 00245000 07:00 2759926                    /usr/lib/libXnVFeatures_1_3_1.so
7f28d213e000-7f28d213f000 rw-p 0024b000 07:00 2759926                    /usr/lib/libXnVFeatures_1_3_1.so
7f28d213f000-7f28d2146000 rw-p 00000000 00:00 0 
7f28d2146000-7f28d2164000 r-xp 00000000 07:00 2760368                    /usr/lib/libnimRecorder.so
7f28d2164000-7f28d2363000 ---p 0001e000 07:00 2760368                    /usr/lib/libnimRecorder.so
7f28d2363000-7f28d2365000 r--p 0001d000 07:00 2760368                    /usr/lib/libnimRecorder.so
7f28d2365000-7f28d2366000 rw-p 0001f000 07:00 2760368                    /usr/lib/libnimRecorder.so
7f28d2366000-7f28d239c000 r-xp 00000000 07:00 2760366                    /usr/lib/libnimCodecs.so
7f28d239c000-7f28d259c000 ---p 00036000 07:00 2760366                    /usr/lib/libnimCodecs.so
7f28d259c000-7f28d259f000 r--p 00036000 07:00 2760366                    /usr/lib/libnimCodecs.so
7f28d259f000-7f28d25a0000 rw-p 00039000 07:00 2760366                    /usr/lib/libnimCodecs.so
7f28d25a0000-7f28d25c0000 rw-p 00000000 00:00 0 
7f28d25c0000-7f28d25f7000 r-xp 00000000 07:00 2760367                    /usr/lib/libnimMockNodes.so
7f28d25f7000-7f28d27f6000 ---p 00037000 07:00 2760367                    /usr/lib/libnimMockNodes.so
7f28d27f6000-7f28d2803000 r--p 00036000 07:00 2760367                    /usr/lib/libnimMockNodes.so
7f28d2803000-7f28d2804000 rw-p 00043000 07:00 2760367                    /usr/lib/libnimMockNodes.so
7f28d2804000-7f28d2812000 r-xp 00000000 07:00 136665                     /lib/x86_64-linux-gnu/libusb-1.0.so.0.1.0
7f28d2812000-7f28d2a11000 ---p 0000e000 07:00 136665                     /lib/x86_64-linux-gnu/libusb-1.0.so.0.1.0
7f28d2a11000-7f28d2a12000 r--p 0000d000 07:00 136665                     /lib/x86_64-linux-gnu/libusb-1.0.so.0.1.0
7f28d2a12000-7f28d2a13000 rw-p 0000e000 07:00 136665                     /lib/x86_64-linux-gnu/libusb-1.0.so.0.1.0
7f28d2a13000-7f28d2a90000 r-xp 00000000 07:00 2759909                    /usr/lib/libOpenNI.so
7f28d2a90000-7f28d2c8f000 ---p 0007d000 07:00 2759909                    /usr/lib/libOpenNI.so
7f28d2c8f000-7f28d2c92000 r--p 0007c000 07:00 2759909                    /usr/lib/libOpenNI.so
7f28d2c92000-7f28d2c95000 rw-p 0007f000 07:00 2759909                    /usr/lib/libOpenNI.so
7f28d2c95000-7f28d2c96000 rw-p 00000000 00:00 0 
7f28d2cbb000-7f28d2cdf000 r-xp 00000000 07:00 2759908                    /usr/lib/libOpenNI.jni.so
7f28d2cdf000-7f28d2ede000 ---p 00024000 07:00 2759908                    /usr/lib/libOpenNI.jni.so
7f28d2ede000-7f28d2edf000 r--p 00023000 07:00 2759908                    /usr/lib/libOpenNI.jni.so
7f28d2edf000-7f28d2ee2000 rw-p 00024000 07:00 2759908                    /usr/lib/libOpenNI.jni.so
7f28d2ee2000-7f28d2ee7000 r-xp 00000000 07:00 2766745                    /usr/lib/x86_64-linux-gnu/libXfixes.so.3.1.0
7f28d2ee7000-7f28d30e6000 ---p 00005000 07:00 2766745                    /usr/lib/x86_64-linux-gnu/libXfixes.so.3.1.0
7f28d30e6000-7f28d30e7000 r--p 00004000 07:00 2766745                    /usr/lib/x86_64-linux-gnu/libXfixes.so.3.1.0
7f28d30e7000-7f28d30e8000 rw-p 00005000 07:00 2766745                    /usr/lib/x86_64-linux-gnu/libXfixes.so.3.1.0
7f28d30e8000-7f28d30f1000 r-xp 00000000 07:00 2766737                    /usr/lib/x86_64-linux-gnu/libXcursor.so.1.0.2
7f28d30f1000-7f28d32f0000 ---p 00009000 07:00 2766737                    /usr/lib/x86_64-linux-gnu/libXcursor.so.1.0.2
7f28d32f0000-7f28d32f1000 r--p 00008000 07:00 2766737                    /usr/lib/x86_64-linux-gnu/libXcursor.so.1.0.2
7f28d32f1000-7f28d32f2000 rw-p 00009000 07:00 2766737                    /usr/lib/x86_64-linux-gnu/libXcursor.so.1.0.2
7f28d32f2000-7f28d3388000 r-xp 00000000 07:00 2767280                    /usr/lib/x86_64-linux-gnu/libfreetype.so.6.8.0
7f28d3388000-7f28d3587000 ---p 00096000 07:00 2767280                    /usr/lib/x86_64-linux-gnu/libfreetype.so.6.8.0
7f28d3587000-7f28d358d000 r--p 00095000 07:00 2767280                    /usr/lib/x86_64-linux-gnu/libfreetype.so.6.8.0
7f28d358d000-7f28d358e000 rw-p 0009b000 07:00 2767280                    /usr/lib/x86_64-linux-gnu/libfreetype.so.6.8.0
7f28d358e000-7f28d35c8000 r-xp 00000000 07:00 2884078                    /usr/lib/jvm/java-6-openjdk-amd64/jre/lib/amd64/libfontmanager.so
7f28d35c8000-7f28d37c7000 ---p 0003a000 07:00 2884078                    /usr/lib/jvm/java-6-openjdk-amd64/jre/lib/amd64/libfontmanager.so
7f28d37c7000-7f28d37c9000 r--p 00039000 07:00 2884078                    /usr/lib/jvm/java-6-openjdk-amd64/jre/lib/amd64/libfontmanager.so
7f28d37c9000-7f28d37ca000 rw-p 0003b000 07:00 2884078                    /usr/lib/jvm/java-6-openjdk-amd64/jre/lib/amd64/libfontmanager.so
7f28d37ca000-7f28d37cf000 r-xp 00000000 07:00 2766741                    /usr/lib/x86_64-linux-gnu/libXdmcp.so.6.0.0
7f28d37cf000-7f28d39ce000 ---p 00005000 07:00 2766741                    /usr/lib/x86_64-linux-gnu/libXdmcp.so.6.0.0
7f28d39ce000-7f28d39cf000 r--p 00004000 07:00 2766741                    /usr/lib/x86_64-linux-gnu/libXdmcp.so.6.0.0
7f28d39cf000-7f28d39d0000 rw-p 00005000 07:00 2766741                    /usr/lib/x86_64-linux-gnu/libXdmcp.so.6.0.0
7f28d39d0000-7f28d39d2000 r-xp 00000000 07:00 2766732                    /usr/lib/x86_64-linux-gnu/libXau.so.6.0.0
7f28d39d2000-7f28d3bd1000 ---p 00002000 07:00 2766732                    /usr/lib/x86_64-linux-gnu/libXau.so.6.0.0
7f28d3bd1000-7f28d3bd2000 r--p 00001000 07:00 2766732                    /usr/lib/x86_64-linux-gnu/libXau.so.6.0.0
7f28d3bd2000-7f28d3bd3000 rw-p 00002000 07:00 2766732                    /usr/lib/x86_64-linux-gnu/libXau.so.6.0.0
7f28d3bd3000-7f28d3bf0000 r-xp 00000000 07:00 2767626                    /usr/lib/x86_64-linux-gnu/libxcb.so.1.1.0
7f28d3bf0000-7f28d3def000 ---p 0001d000 07:00 2767626                    /usr/lib/x86_64-linux-gnu/libxcb.so.1.1.0
7f28d3def000-7f28d3df0000 r--p 0001c000 07:00 2767626                    /usr/lib/x86_64-linux-gnu/libxcb.so.1.1.0
7f28d3df0000-7f28d3df1000 rw-p 0001d000 07:00 2767626                    /usr/lib/x86_64-linux-gnu/libxcb.so.1.1.0
7f28d3df1000-7f28d3dff000 r-xp 00000000 07:00 2766749                    /usr/lib/x86_64-linux-gnu/libXi.so.6.1.0
7f28d3dff000-7f28d3ffe000 ---p 0000e000 07:00 2766749                    /usr/lib/x86_64-linux-gnu/libXi.so.6.1.0
7f28d3ffe000-7f28d3fff000 r--p 0000d000 07:00 2766749                    /usr/lib/x86_64-linux-gnu/libXi.so.6.1.0
7f28d3fff000-7f28d4000000 rw-p 0000e000 07:00 2766749                    /usr/lib/x86_64-linux-gnu/libXi.so.6.1.0
7f28d4000000-7f28d4021000 rw-p 00000000 00:00 0 
7f28d4021000-7f28d8000000 ---p 00000000 00:00 0 
7f28d8000000-7f28d8021000 rw-p 00000000 00:00 0 
7f28d8021000-7f28dc000000 ---p 00000000 00:00 0 
7f28dc000000-7f28dc376000 rw-p 00000000 00:00 0 
7f28dc376000-7f28e0000000 ---p 00000000 00:00 0 
7f28e0000000-7f28e0288000 rw-p 00000000 00:00 0 
7f28e0288000-7f28e4000000 ---p 00000000 00:00 0 
7f28e4000000-7f28e4021000 rw-p 00000000 00:00 0 
7f28e4021000-7f28e8000000 ---p 00000000 00:00 0 
7f28e8000000-7f28e8021000 rw-p 00000000 00:00 0 
7f28e8021000-7f28ec000000 ---p 00000000 00:00 0 
7f28ec000000-7f28ec021000 rw-p 00000000 00:00 0 
7f28ec021000-7f28f0000000 ---p 00000000 00:00 0 
7f28f0000000-7f28f0021000 rw-p 00000000 00:00 0 
7f28f0021000-7f28f4000000 ---p 00000000 00:00 0 
7f28f4000000-7f28f4021000 rw-p 00000000 00:00 0 
7f28f4021000-7f28f8000000 ---p 00000000 00:00 0 
7f28f8000000-7f28f8021000 rw-p 00000000 00:00 0 
7f28f8021000-7f28fc000000 ---p 00000000 00:00 0 
7f28fc000000-7f28fc021000 rw-p 00000000 00:00 0 
7f28fc021000-7f2900000000 ---p 00000000 00:00 0 
7f2900000000-7f2900021000 rw-p 00000000 00:00 0 
7f2900021000-7f2904000000 ---p 00000000 00:00 0 
7f2904019000-7f290411a000 rwxp 00000000 00:00 0 
7f290411a000-7f2904121000 r--s 000fb000 07:00 2884213                    /usr/lib/jvm/java-6-openjdk-common/jre/lib/resources.jar
7f2904121000-7f2904122000 r--s 00000000 07:00 2229118                    /var/cache/fontconfig/c05880de57d1f5e948fdfacc138775d9-le64.cache-3
7f2904122000-7f290412b000 r--s 00000000 07:00 2229112                    /var/cache/fontconfig/945677eb7aeaf62f1d50efc3fb3ec7d8-le64.cache-3
7f290412b000-7f290412f000 r--s 00000000 07:00 2229113                    /var/cache/fontconfig/99e8ed0e538f840c565b6ed5dad60d56-le64.cache-3
7f290412f000-7f2904137000 r--s 00000000 07:00 2229114                    /var/cache/fontconfig/a6d8cf8e4ec09cdbc8633c31745a07dd-le64.cache-3
7f2904137000-7f290413b000 r--s 00000000 07:00 2229098                    /var/cache/fontconfig/2cd17615ca594fa2959ae173292e504c-le64.cache-3
7f290413b000-7f290413c000 r--s 00000000 07:00 2229126                    /var/cache/fontconfig/e7071f4a29fa870f4323321c154eba04-le64.cache-3
7f290413c000-7f290413d000 r--s 00000000 07:00 2229096                    /var/cache/fontconfig/0d8c3b2ac0904cb8a57a757ad11a4a08-le64.cache-3
7f290413d000-7f2904143000 r--s 00000000 07:00 2229115                    /var/cache/fontconfig/a755afe4a08bf5b97852ceb7400b47bc-le64.cache-3
7f2904143000-7f290414c000 r--s 00000000 07:00 2229107                    /var/cache/fontconfig/6d41288fd70b0be22e8c3a91e032eec0-le64.cache-3
7f290414c000-7f290415c000 r--s 00000000 07:00 2229094                    /var/cache/fontconfig/04aabc0a78ac019cf9454389977116d2-le64.cache-3
7f290415c000-7f290415f000 r--s 00000000 07:00 2229101                    /var/cache/fontconfig/385c0604a188198f04d133e54aba7fe7-le64.cache-3
7f290415f000-7f2904160000 r--s 00000000 07:00 2229102                    /var/cache/fontconfig/4794a0821666d79190d59a36cb4f44b5-le64.cache-3
7f2904160000-7f2904163000 r--s 00000000 07:00 2229111                    /var/cache/fontconfig/8801497958630a81b71ace7c5f9b32a8-le64.cache-3
7f2904163000-7f2904168000 r--s 00000000 07:00 2229099                    /var/cache/fontconfig/3047814df9a2f067bd2d96a2b9c36e5a-le64.cache-3
7f2904168000-7f2904169000 r--s 00000000 07:00 2229104                    /var/cache/fontconfig/56cf4f4769d0f4abc89a4895d7bd3ae1-le64.cache-3
7f2904169000-7f290416a000 r--s 00000000 07:00 2229117                    /var/cache/fontconfig/b9d506c9ac06c20b433354fa67a72993-le64.cache-3
7f290416a000-7f290416f000 r--s 00000000 07:00 2229116                    /var/cache/fontconfig/b47c4e1ecd0709278f4910c18777a504-le64.cache-3
7f290416f000-7f290417f000 r--s 00000000 07:00 2229122                    /var/cache/fontconfig/d52a8644073d54c13679302ca1180695-le64.cache-3
7f290417f000-7f2904184000 r-xp 00000000 07:00 2766764                    /usr/lib/x86_64-linux-gnu/libXtst.so.6.1.0
7f2904184000-7f2904383000 ---p 00005000 07:00 2766764                    /usr/lib/x86_64-linux-gnu/libXtst.so.6.1.0
7f2904383000-7f2904384000 r--p 00004000 07:00 2766764                    /usr/lib/x86_64-linux-gnu/libXtst.so.6.1.0
7f2904384000-7f2904385000 rw-p 00005000 07:00 2766764                    /usr/lib/x86_64-linux-gnu/libXtst.so.6.1.0
7f2904385000-7f290438e000 r-xp 00000000 07:00 2766760                    /usr/lib/x86_64-linux-gnu/libXrender.so.1.3.0
7f290438e000-7f290458d000 ---p 00009000 07:00 2766760                    /usr/lib/x86_64-linux-gnu/libXrender.so.1.3.0
7f290458d000-7f290458e000 r--p 00008000 07:00 2766760                    /usr/lib/x86_64-linux-gnu/libXrender.so.1.3.0
7f290458e000-7f290458f000 rw-p 00009000 07:00 2766760                    /usr/lib/x86_64-linux-gnu/libXrender.so.1.3.0
7f290458f000-7f29046be000 r-xp 00000000 07:00 2766730                    /usr/lib/x86_64-linux-gnu/libX11.so.6.3.0
7f29046be000-7f29048be000 ---p 0012f000 07:00 2766730                    /usr/lib/x86_64-linux-gnu/libX11.so.6.3.0
7f29048be000-7f29048bf000 r--p 0012f000 07:00 2766730                    /usr/lib/x86_64-linux-gnu/libX11.so.6.3.0
7f29048bf000-7f29048c3000 rw-p 00130000 07:00 2766730                    /usr/lib/x86_64-linux-gnu/libX11.so.6.3.0
7f29048c3000-7f29048d3000 r-xp 00000000 07:00 2766743                    /usr/lib/x86_64-linux-gnu/libXext.so.6.4.0
7f29048d3000-7f2904ad2000 ---p 00010000 07:00 2766743                    /usr/lib/x86_64-linux-gnu/libXext.so.6.4.0
7f2904ad2000-7f2904ad3000 r--p 0000f000 07:00 2766743                    /usr/lib/x86_64-linux-gnu/libXext.so.6.4.0
7f2904ad3000-7f2904ad4000 rw-p 00010000 07:00 2766743                    /usr/lib/x86_64-linux-gnu/libXext.so.6.4.0
7f2904ad4000-7f2904b1f000 r-xp 00000000 07:00 2884115                    /usr/lib/jvm/java-6-openjdk-amd64/jre/lib/amd64/xawt/libmawt.so
7f2904b1f000-7f2904d1f000 ---p 0004b000 07:00 2884115                    /usr/lib/jvm/java-6-openjdk-amd64/jre/lib/amd64/xawt/libmawt.so
7f2904d1f000-7f2904d20000 r--p 0004b000 07:00 2884115                    /usr/lib/jvm/java-6-openjdk-amd64/jre/lib/amd64/xawt/libmawt.so
7f2904d20000-7f2904d23000 rw-p 0004c000 07:00 2884115                    /usr/lib/jvm/java-6-openjdk-amd64/jre/lib/amd64/xawt/libmawt.so
7f2904d23000-7f2904d24000 rw-p 00000000 00:00 0 
7f2904d24000-7f2904dd0000 r-xp 00000000 07:00 2884076                    /usr/lib/jvm/java-6-openjdk-amd64/jre/lib/amd64/libawt.so
7f2904dd0000-7f2904fcf000 ---p 000ac000 07:00 2884076                    /usr/lib/jvm/java-6-openjdk-amd64/jre/lib/amd64/libawt.so
7f2904fcf000-7f2904fd0000 r--p 000ab000 07:00 2884076                    /usr/lib/jvm/java-6-openjdk-amd64/jre/lib/amd64/libawt.so
7f2904fd0000-7f2904fdb000 rw-p 000ac000 07:00 2884076                    /usr/lib/jvm/java-6-openjdk-amd64/jre/lib/amd64/libawt.so
7f2904fdb000-7f2905000000 rw-p 00000000 00:00 0 
7f2905000000-7f2905270000 rwxp 00000000 00:00 0 
7f2905270000-7f290c000000 rw-p 00000000 00:00 0 
7f290c000000-7f290c001000 rw-s 00000000 00:12 608064                     /run/shm/045e.02ae@1.24-SM
7f290c001000-7f290c002000 rw-p 00000000 00:00 0 
7f290c002000-7f290c00e000 r--s 00000000 07:00 2229095                    /var/cache/fontconfig/089dead882dea3570ffc31a9898cfb69-le64.cache-3
7f290c00e000-7f290c021000 r--s 00000000 07:00 2229124                    /var/cache/fontconfig/e13b20fdb08344e0e664864cc2ede53d-le64.cache-3
7f290c021000-7f290c022000 r--s 00000000 07:00 2229118                    /var/cache/fontconfig/c05880de57d1f5e948fdfacc138775d9-le64.cache-3
7f290c022000-7f290c02b000 r--s 00000000 07:00 2229112                    /var/cache/fontconfig/945677eb7aeaf62f1d50efc3fb3ec7d8-le64.cache-3
7f290c02b000-7f290c02f000 r--s 00000000 07:00 2229113                    /var/cache/fontconfig/99e8ed0e538f840c565b6ed5dad60d56-le64.cache-3
7f290c02f000-7f290c037000 r--s 00000000 07:00 2229114                    /var/cache/fontconfig/a6d8cf8e4ec09cdbc8633c31745a07dd-le64.cache-3
7f290c037000-7f290c03b000 r--s 00000000 07:00 2229098                    /var/cache/fontconfig/2cd17615ca594fa2959ae173292e504c-le64.cache-3
7f290c03b000-7f290c03c000 r--s 00000000 07:00 2229126                    /var/cache/fontconfig/e7071f4a29fa870f4323321c154eba04-le64.cache-3
7f290c03c000-7f290c03d000 r--s 00000000 07:00 2229096                    /var/cache/fontconfig/0d8c3b2ac0904cb8a57a757ad11a4a08-le64.cache-3
7f290c03d000-7f290c043000 r--s 00000000 07:00 2229115                    /var/cache/fontconfig/a755afe4a08bf5b97852ceb7400b47bc-le64.cache-3
7f290c043000-7f290c04c000 r--s 00000000 07:00 2229107                    /var/cache/fontconfig/6d41288fd70b0be22e8c3a91e032eec0-le64.cache-3
7f290c04c000-7f290c05c000 r--s 00000000 07:00 2229094                    /var/cache/fontconfig/04aabc0a78ac019cf9454389977116d2-le64.cache-3
7f290c05c000-7f290c05f000 r--s 00000000 07:00 2229101                    /var/cache/fontconfig/385c0604a188198f04d133e54aba7fe7-le64.cache-3
7f290c05f000-7f290c060000 r--s 00000000 07:00 2229102                    /var/cache/fontconfig/4794a0821666d79190d59a36cb4f44b5-le64.cache-3
7f290c060000-7f290c063000 r--s 00000000 07:00 2229111                    /var/cache/fontconfig/8801497958630a81b71ace7c5f9b32a8-le64.cache-3
7f290c063000-7f290c068000 r--s 00000000 07:00 2229099                    /var/cache/fontconfig/3047814df9a2f067bd2d96a2b9c36e5a-le64.cache-3
7f290c068000-7f290c078000 r--s 00000000 07:00 2229122                    /var/cache/fontconfig/d52a8644073d54c13679302ca1180695-le64.cache-3
7f290c078000-7f290c179000 rwxp 00000000 00:00 0 
7f290c179000-7f290c17a000 r--s 00007000 07:00 1188646                    /usr/share/java/java-atk-wrapper.jar
7f290c17a000-7f290c17c000 r--s 00001000 07:00 2884220                    /usr/lib/jvm/java-6-openjdk-common/jre/lib/ext/dnsns.jar
7f290c17c000-7f290c17f000 r--s 00031000 07:00 2884223                    /usr/lib/jvm/java-6-openjdk-common/jre/lib/ext/sunjce_provider.jar
7f290c17f000-7f290c181000 r--s 0000f000 07:00 2884222                    /usr/lib/jvm/java-6-openjdk-common/jre/lib/ext/pulse-java.jar
7f290c181000-7f290c185000 r--s 00038000 07:00 2884224                    /usr/lib/jvm/java-6-openjdk-common/jre/lib/ext/sunpkcs11.jar
7f290c185000-7f290c188000 r--s 00077000 07:00 2884221                    /usr/lib/jvm/java-6-openjdk-common/jre/lib/ext/localedata.jar
7f290c188000-7f290c189000 ---p 00000000 00:00 0 
7f290c189000-7f290c38a000 rwxp 00000000 00:00 0 
7f290c38a000-7f290c38b000 ---p 00000000 00:00 0 
7f290c38b000-7f290c48b000 rwxp 00000000 00:00 0 
7f290c48b000-7f290c48c000 ---p 00000000 00:00 0 
7f290c48c000-7f290c68d000 rwxp 00000000 00:00 0 
7f290c68d000-7f290cb01000 r--p 00000000 07:00 2765053                    /usr/lib/locale/locale-archive
7f290cb01000-7f290cd03000 rwxp 00000000 00:00 0 
7f290cd03000-7f290cd04000 ---p 00000000 00:00 0 
7f290cd04000-7f290ce04000 rwxp 00000000 00:00 0 
7f290ce04000-7f290d33c000 rw-p 00000000 00:00 0 
7f290d33c000-7f290d4ce000 r--s 037c2000 07:00 2884073                    /usr/lib/jvm/java-6-openjdk-amd64/jre/lib/rt.jar
7f290d4ce000-7f290d4f6000 rw-p 00000000 00:00 0 
7f290d4f6000-7f290d4f7000 ---p 00000000 00:00 0 
7f290d4f7000-7f290d5f7000 rwxp 00000000 00:00 0 
7f290d5f7000-7f290d5f8000 ---p 00000000 00:00 0 
7f290d5f8000-7f290d6f8000 rwxp 00000000 00:00 0 
7f290d6f8000-7f290d6f9000 ---p 00000000 00:00 0 
7f290d6f9000-7f290d7f9000 rwxp 00000000 00:00 0 
7f290d7f9000-7f290d7fa000 ---p 00000000 00:00 0 
7f290d7fa000-7f290d8fa000 rwxp 00000000 00:00 0 
7f290d8fa000-7f290d905000 rw-p 00000000 00:00 0 
7f290d905000-7f290d94d000 rw-p 00000000 00:00 0 
7f290d94d000-7f290d977000 rw-p 00000000 00:00 0 
7f290d977000-7f290dbde000 rw-p 00000000 00:00 0 
7f290dbde000-7f290dbe9000 rw-p 00000000 00:00 0 
7f290dbe9000-7f290dc31000 rw-p 00000000 00:00 0 
7f290dc31000-7f290dc5b000 rw-p 00000000 00:00 0 
7f290dc5b000-7f290dec1000 rw-p 00000000 00:00 0 
7f290dec1000-7f290ded7000 rw-p 00000000 00:00 0 
7f290ded7000-7f290e00a000 rw-p 00000000 00:00 0 
7f290e00a000-7f290e00b000 rw-p 00000000 00:00 0 
7f290e00b000-7f290e012000 r-xp 00000000 07:00 2884105                    /usr/lib/jvm/java-6-openjdk-amd64/jre/lib/amd64/libzip.so
7f290e012000-7f290e211000 ---p 00007000 07:00 2884105                    /usr/lib/jvm/java-6-openjdk-amd64/jre/lib/amd64/libzip.so
7f290e211000-7f290e212000 r--p 00006000 07:00 2884105                    /usr/lib/jvm/java-6-openjdk-amd64/jre/lib/amd64/libzip.so
7f290e212000-7f290e213000 rw-p 00007000 07:00 2884105                    /usr/lib/jvm/java-6-openjdk-amd64/jre/lib/amd64/libzip.so
7f290e213000-7f290e21f000 r-xp 00000000 07:00 136638                     /lib/x86_64-linux-gnu/libnss_files-2.15.so
7f290e21f000-7f290e41e000 ---p 0000c000 07:00 136638                     /lib/x86_64-linux-gnu/libnss_files-2.15.so
7f290e41e000-7f290e41f000 r--p 0000b000 07:00 136638                     /lib/x86_64-linux-gnu/libnss_files-2.15.so
7f290e41f000-7f290e420000 rw-p 0000c000 07:00 136638                     /lib/x86_64-linux-gnu/libnss_files-2.15.so
7f290e420000-7f290e42a000 r-xp 00000000 07:00 136640                     /lib/x86_64-linux-gnu/libnss_nis-2.15.so
7f290e42a000-7f290e62a000 ---p 0000a000 07:00 136640                     /lib/x86_64-linux-gnu/libnss_nis-2.15.so
7f290e62a000-7f290e62b000 r--p 0000a000 07:00 136640                     /lib/x86_64-linux-gnu/libnss_nis-2.15.so
7f290e62b000-7f290e62c000 rw-p 0000b000 07:00 136640                     /lib/x86_64-linux-gnu/libnss_nis-2.15.so
7f290e62c000-7f290e643000 r-xp 00000000 07:00 136635                     /lib/x86_64-linux-gnu/libnsl-2.15.so
7f290e643000-7f290e842000 ---p 00017000 07:00 136635                     /lib/x86_64-linux-gnu/libnsl-2.15.so
7f290e842000-7f290e843000 r--p 00016000 07:00 136635                     /lib/x86_64-linux-gnu/libnsl-2.15.so
7f290e843000-7f290e844000 rw-p 00017000 07:00 136635                     /lib/x86_64-linux-gnu/libnsl-2.15.so
7f290e844000-7f290e846000 rw-p 00000000 00:00 0 
7f290e846000-7f290e84e000 r-xp 00000000 07:00 136636                     /lib/x86_64-linux-gnu/libnss_compat-2.15.so
7f290e84e000-7f290ea4d000 ---p 00008000 07:00 136636                     /lib/x86_64-linux-gnu/libnss_compat-2.15.so
7f290ea4d000-7f290ea4e000 r--p 00007000 07:00 136636                     /lib/x86_64-linux-gnu/libnss_compat-2.15.so
7f290ea4e000-7f290ea4f000 rw-p 00008000 07:00 136636                     /lib/x86_64-linux-gnu/libnss_compat-2.15.so
7f290ea4f000-7f290ea7b000 r-xp 00000000 07:00 2884085                    /usr/lib/jvm/java-6-openjdk-amd64/jre/lib/amd64/libjava.so
7f290ea7b000-7f290ec7a000 ---p 0002c000 07:00 2884085                    /usr/lib/jvm/java-6-openjdk-amd64/jre/lib/amd64/libjava.so
7f290ec7a000-7f290ec7b000 r--p 0002b000 07:00 2884085                    /usr/lib/jvm/java-6-openjdk-amd64/jre/lib/amd64/libjava.so
7f290ec7b000-7f290ec7e000 rw-p 0002c000 07:00 2884085                    /usr/lib/jvm/java-6-openjdk-amd64/jre/lib/amd64/libjava.so
7f290ec7e000-7f290ec8c000 r-xp 00000000 07:00 2884104                    /usr/lib/jvm/java-6-openjdk-amd64/jre/lib/amd64/libverify.so
7f290ec8c000-7f290ee8b000 ---p 0000e000 07:00 2884104                    /usr/lib/jvm/java-6-openjdk-amd64/jre/lib/amd64/libverify.so
7f290ee8b000-7f290ee8d000 r--p 0000d000 07:00 2884104                    /usr/lib/jvm/java-6-openjdk-amd64/jre/lib/amd64/libverify.so
7f290ee8d000-7f290ee8e000 rw-p 0000f000 07:00 2884104                    /usr/lib/jvm/java-6-openjdk-amd64/jre/lib/amd64/libverify.so
7f290ee8e000-7f290ee95000 r-xp 00000000 07:00 136656                     /lib/x86_64-linux-gnu/librt-2.15.so
7f290ee95000-7f290f094000 ---p 00007000 07:00 136656                     /lib/x86_64-linux-gnu/librt-2.15.so
7f290f094000-7f290f095000 r--p 00006000 07:00 136656                     /lib/x86_64-linux-gnu/librt-2.15.so
7f290f095000-7f290f096000 rw-p 00007000 07:00 136656                     /lib/x86_64-linux-gnu/librt-2.15.so
7f290f096000-7f290f0ab000 r-xp 00000000 07:00 136622                     /lib/x86_64-linux-gnu/libgcc_s.so.1
7f290f0ab000-7f290f2aa000 ---p 00015000 07:00 136622                     /lib/x86_64-linux-gnu/libgcc_s.so.1
7f290f2aa000-7f290f2ab000 r--p 00014000 07:00 136622                     /lib/x86_64-linux-gnu/libgcc_s.so.1
7f290f2ab000-7f290f2ac000 rw-p 00015000 07:00 136622                     /lib/x86_64-linux-gnu/libgcc_s.so.1
7f290f2ac000-7f290f3a7000 r-xp 00000000 07:00 136628                     /lib/x86_64-linux-gnu/libm-2.15.so
7f290f3a7000-7f290f5a6000 ---p 000fb000 07:00 136628                     /lib/x86_64-linux-gnu/libm-2.15.so
7f290f5a6000-7f290f5a7000 r--p 000fa000 07:00 136628                     /lib/x86_64-linux-gnu/libm-2.15.so
7f290f5a7000-7f290f5a8000 rw-p 000fb000 07:00 136628                     /lib/x86_64-linux-gnu/libm-2.15.so
7f290f5a8000-7f290f68a000 r-xp 00000000 07:00 2767523                    /usr/lib/x86_64-linux-gnu/libstdc++.so.6.0.16
7f290f68a000-7f290f889000 ---p 000e2000 07:00 2767523                    /usr/lib/x86_64-linux-gnu/libstdc++.so.6.0.16
7f290f889000-7f290f891000 r--p 000e1000 07:00 2767523                    /usr/lib/x86_64-linux-gnu/libstdc++.so.6.0.16
7f290f891000-7f290f893000 rw-p 000e9000 07:00 2767523                    /usr/lib/x86_64-linux-gnu/libstdc++.so.6.0.16
7f290f893000-7f290f8a8000 rw-p 00000000 00:00 0 
7f290f8a8000-7f29101ad000 r-xp 00000000 07:00 2884114                    /usr/lib/jvm/java-6-openjdk-amd64/jre/lib/amd64/server/libjvm.so
7f29101ad000-7f29103ad000 ---p 00905000 07:00 2884114                    /usr/lib/jvm/java-6-openjdk-amd64/jre/lib/amd64/server/libjvm.so
7f29103ad000-7f291042d000 r--p 00905000 07:00 2884114                    /usr/lib/jvm/java-6-openjdk-amd64/jre/lib/amd64/server/libjvm.so
7f291042d000-7f2910448000 rw-p 00985000 07:00 2884114                    /usr/lib/jvm/java-6-openjdk-amd64/jre/lib/amd64/server/libjvm.so
7f2910448000-7f2910471000 rw-p 00000000 00:00 0 
7f2910471000-7f2910487000 r-xp 00000000 07:00 136669                     /lib/x86_64-linux-gnu/libz.so.1.2.3.4
7f2910487000-7f2910686000 ---p 00016000 07:00 136669                     /lib/x86_64-linux-gnu/libz.so.1.2.3.4
7f2910686000-7f2910687000 r--p 00015000 07:00 136669                     /lib/x86_64-linux-gnu/libz.so.1.2.3.4
7f2910687000-7f2910688000 rw-p 00016000 07:00 136669                     /lib/x86_64-linux-gnu/libz.so.1.2.3.4
7f2910688000-7f291083d000 r-xp 00000000 07:00 136611                     /lib/x86_64-linux-gnu/libc-2.15.so
7f291083d000-7f2910a3c000 ---p 001b5000 07:00 136611                     /lib/x86_64-linux-gnu/libc-2.15.so
7f2910a3c000-7f2910a40000 r--p 001b4000 07:00 136611                     /lib/x86_64-linux-gnu/libc-2.15.so
7f2910a40000-7f2910a42000 rw-p 001b8000 07:00 136611                     /lib/x86_64-linux-gnu/libc-2.15.so
7f2910a42000-7f2910a47000 rw-p 00000000 00:00 0 
7f2910a47000-7f2910a49000 r-xp 00000000 07:00 136618                     /lib/x86_64-linux-gnu/libdl-2.15.so
7f2910a49000-7f2910c49000 ---p 00002000 07:00 136618                     /lib/x86_64-linux-gnu/libdl-2.15.so
7f2910c49000-7f2910c4a000 r--p 00002000 07:00 136618                     /lib/x86_64-linux-gnu/libdl-2.15.so
7f2910c4a000-7f2910c4b000 rw-p 00003000 07:00 136618                     /lib/x86_64-linux-gnu/libdl-2.15.so
7f2910c4b000-7f2910c4f000 r-xp 00000000 07:00 2884111                    /usr/lib/jvm/java-6-openjdk-amd64/jre/lib/amd64/jli/libjli.so
7f2910c4f000-7f2910e4e000 ---p 00004000 07:00 2884111                    /usr/lib/jvm/java-6-openjdk-amd64/jre/lib/amd64/jli/libjli.so
7f2910e4e000-7f2910e4f000 r--p 00003000 07:00 2884111                    /usr/lib/jvm/java-6-openjdk-amd64/jre/lib/amd64/jli/libjli.so
7f2910e4f000-7f2910e50000 rw-p 00004000 07:00 2884111                    /usr/lib/jvm/java-6-openjdk-amd64/jre/lib/amd64/jli/libjli.so
7f2910e50000-7f2910e68000 r-xp 00000000 07:00 136653                     /lib/x86_64-linux-gnu/libpthread-2.15.so
7f2910e68000-7f2911067000 ---p 00018000 07:00 136653                     /lib/x86_64-linux-gnu/libpthread-2.15.so
7f2911067000-7f2911068000 r--p 00017000 07:00 136653                     /lib/x86_64-linux-gnu/libpthread-2.15.so
7f2911068000-7f2911069000 rw-p 00018000 07:00 136653                     /lib/x86_64-linux-gnu/libpthread-2.15.so
7f2911069000-7f291106d000 rw-p 00000000 00:00 0 
7f291106d000-7f291108f000 r-xp 00000000 07:00 136601                     /lib/x86_64-linux-gnu/ld-2.15.so
7f291108f000-7f2911090000 r--s 00000000 07:00 2229104                    /var/cache/fontconfig/56cf4f4769d0f4abc89a4895d7bd3ae1-le64.cache-3
7f2911090000-7f2911091000 r--s 00000000 07:00 2229117                    /var/cache/fontconfig/b9d506c9ac06c20b433354fa67a72993-le64.cache-3
7f2911091000-7f2911096000 r--s 00000000 07:00 2229116                    /var/cache/fontconfig/b47c4e1ecd0709278f4910c18777a504-le64.cache-3
7f2911096000-7f29110a2000 r--s 00000000 07:00 2229095                    /var/cache/fontconfig/089dead882dea3570ffc31a9898cfb69-le64.cache-3
7f29110a2000-7f29110ac000 rw-p 00000000 00:00 0 
7f29110ac000-7f2911162000 rw-p 00000000 00:00 0 
7f2911162000-7f2911163000 ---p 00000000 00:00 0 
7f2911163000-7f2911263000 rwxp 00000000 00:00 0 
7f2911263000-7f2911268000 rw-p 00000000 00:00 0 
7f2911268000-7f291126c000 r--s 00000000 07:00 2229109                    /var/cache/fontconfig/7ef2298fde41cc6eeb7af42e48b7d293-le64.cache-3
7f291126c000-7f291127f000 r--s 00000000 07:00 2229124                    /var/cache/fontconfig/e13b20fdb08344e0e664864cc2ede53d-le64.cache-3
7f291127f000-7f2911283000 r--s 00000000 07:00 2229109                    /var/cache/fontconfig/7ef2298fde41cc6eeb7af42e48b7d293-le64.cache-3
7f2911283000-7f291128b000 rw-s 00000000 07:00 5282                       /tmp/hsperfdata_qyr1987/25906
7f291128b000-7f291128c000 rw-p 00000000 00:00 0 
7f291128c000-7f291128d000 r--p 00000000 00:00 0 
7f291128d000-7f291128f000 rw-p 00000000 00:00 0 
7f291128f000-7f2911290000 r--p 00022000 07:00 136601                     /lib/x86_64-linux-gnu/ld-2.15.so
7f2911290000-7f2911292000 rw-p 00023000 07:00 136601                     /lib/x86_64-linux-gnu/ld-2.15.so
7fff3bd9e000-7fff3bdbd000 rwxp 00000000 00:00 0                          [stack]
7fff3bdbd000-7fff3bdbf000 rw-p 00000000 00:00 0 
7fff3bdff000-7fff3be00000 r-xp 00000000 00:00 0                          [vdso]
ffffffffff600000-ffffffffff601000 r-xp 00000000 00:00 0                  [vsyscall]

VM Arguments:
jvm_args: -Dfile.encoding=UTF-8 
java_command: edu.seas.upenn.ese519.UserTrackerApplication
Launcher Type: SUN_STANDARD

Environment Variables:
PATH=/home/qyr1987/bin:/usr/lib/lightdm/lightdm:/usr/local/sbin:/usr/local/bin:/usr/sbin:/usr/bin:/sbin:/bin:/usr/games
LD_LIBRARY_PATH=/usr/lib/jvm/java-6-openjdk-amd64/jre/lib/amd64/server:/usr/lib/jvm/java-6-openjdk-amd64/jre/lib/amd64:/usr/lib/jvm/java-6-openjdk-amd64/jre/../lib/amd64
SHELL=/bin/bash
DISPLAY=:0

Signal Handlers:
SIGSEGV: [libjvm.so+0x7852e0], sa_mask[0]=0x7ffbfeff, sa_flags=0x10000004
SIGBUS: [libjvm.so+0x7852e0], sa_mask[0]=0x7ffbfeff, sa_flags=0x10000004
SIGFPE: [libjvm.so+0x648d40], sa_mask[0]=0x7ffbfeff, sa_flags=0x10000004
SIGPIPE: [libjvm.so+0x648d40], sa_mask[0]=0x7ffbfeff, sa_flags=0x10000004
SIGXFSZ: [libjvm.so+0x648d40], sa_mask[0]=0x7ffbfeff, sa_flags=0x10000004
SIGILL: [libjvm.so+0x648d40], sa_mask[0]=0x7ffbfeff, sa_flags=0x10000004
SIGUSR1: SIG_DFL, sa_mask[0]=0x00000000, sa_flags=0x00000000
SIGUSR2: [libjvm.so+0x648ef0], sa_mask[0]=0x00000004, sa_flags=0x10000004
SIGHUP: [libjvm.so+0x64ba10], sa_mask[0]=0x7ffbfeff, sa_flags=0x10000004
SIGINT: [libjvm.so+0x64ba10], sa_mask[0]=0x7ffbfeff, sa_flags=0x10000004
SIGTERM: [libjvm.so+0x64ba10], sa_mask[0]=0x7ffbfeff, sa_flags=0x10000004
SIGQUIT: [libjvm.so+0x64ba10], sa_mask[0]=0x7ffbfeff, sa_flags=0x10000004


---------------  S Y S T E M  ---------------

OS:Ubuntu 12.04 (precise)
uname:Linux 3.2.0-33-generic #52-Ubuntu SMP Thu Oct 18 16:29:15 UTC 2012 x86_64
libc:glibc 2.15 NPTL 2.15 
rlimit: STACK 8192k, CORE 0k, NPROC 62854, NOFILE 4096, AS infinity
load average:0.47 0.55 0.34

/proc/meminfo:
MemTotal:        8062936 kB
MemFree:         1930768 kB
Buffers:         1163956 kB
Cached:          2102496 kB
SwapCached:          112 kB
Active:          3369888 kB
Inactive:        2346528 kB
Active(anon):    2068704 kB
Inactive(anon):   742548 kB
Active(file):    1301184 kB
Inactive(file):  1603980 kB
Unevictable:        2708 kB
Mlocked:              32 kB
SwapTotal:        262140 kB
SwapFree:         255428 kB
Dirty:               104 kB
Writeback:             0 kB
AnonPages:       2453268 kB
Mapped:           173976 kB
Shmem:            358540 kB
Slab:             237904 kB
SReclaimable:     187624 kB
SUnreclaim:        50280 kB
KernelStack:        5080 kB
PageTables:        49312 kB
NFS_Unstable:          0 kB
Bounce:                0 kB
WritebackTmp:          0 kB
CommitLimit:     4293608 kB
Committed_AS:    6339080 kB
VmallocTotal:   34359738367 kB
VmallocUsed:      414560 kB
VmallocChunk:   34359284020 kB
HardwareCorrupted:     0 kB
AnonHugePages:         0 kB
HugePages_Total:       0
HugePages_Free:        0
HugePages_Rsvd:        0
HugePages_Surp:        0
Hugepagesize:       2048 kB
DirectMap4k:      137216 kB
DirectMap2M:     8142848 kB


CPU:total 4 (2 cores per cpu, 2 threads per core) family 6 model 42 stepping 7, cmov, cx8, fxsr, mmx, sse, sse2, sse3, ssse3, sse4.1, sse4.2, popcnt, ht

Memory: 4k page, physical 8062936k(1930768k free), swap 262140k(255428k free)

vm_info: OpenJDK 64-Bit Server VM (20.0-b12) for linux-amd64 JRE (1.6.0_24-b24), built on Oct 24 2012 16:17:28 by "buildd" with gcc 4.6.3

time: Sat Nov 24 19:06:42 2012
elapsed time: 1 seconds

