#
# A fatal error has been detected by the Java Runtime Environment:
#
#  SIGSEGV (0xb) at pc=0x00007fbedab9b59d, pid=27812, tid=140456509212416
#
# JRE version: 6.0_24-b24
# Java VM: OpenJDK 64-Bit Server VM (20.0-b12 mixed mode linux-amd64 compressed oops)
# Derivative: IcedTea6 1.11.5
# Distribution: Ubuntu 12.04 LTS, package 6b24-1.11.5-0ubuntu1~12.04.1
# Problematic frame:
# C  [libXnVFeatures_1_5_2.so+0x8b59d]  Segmentation::detectionByPoint(bool, std::vector<Vector2D<int>, std::allocator<Vector2D<int> > > const*)+0x8d
#
# If you would like to submit a bug report, please include
# instructions how to reproduce the bug and visit:
#   https://bugs.launchpad.net/ubuntu/+source/openjdk-6/
# The crash happened outside the Java Virtual Machine in native code.
# See problematic frame for where to report the bug.
#

---------------  T H R E A D  ---------------

Current thread (0x00007fbe8c00e000):  JavaThread "Thread-3" [_thread_in_native, id=27851, stack(0x00007fbe94468000,0x00007fbe94569000)]

siginfo:si_signo=SIGSEGV: si_errno=0, si_code=2 (SEGV_ACCERR), si_addr=0x00007fbe780a3444

Registers:
RAX=0x0000000000000102, RBX=0x00007fbe78000c90, RCX=0x00007fbe78096cc0, RDX=0x000000000000009e
RSP=0x00007fbe94567300, RBP=0x00007fbea23cfe60, RSI=0x00000000000063c2, RDI=0x00007fbea23cffe0
R8 =0x0000000000000000, R9 =0x0101010101010101, R10=0x00007fbea248ea21, R11=0x00007fbef237bc9c
R12=0x00007fbedb13dd88, R13=0x00007fbe94567460, R14=0x00007fbea143f050, R15=0x0000000000000000
RIP=0x00007fbedab9b59d, EFLAGS=0x0000000000010202, CSGSFS=0x0000000000000033, ERR=0x0000000000000004
  TRAPNO=0x000000000000000e

Top of Stack: (sp=0x00007fbe94567300)
0x00007fbe94567300:   00007fbe780a02d0 7fffffff00000000
0x00007fbe94567310:   00007fbe780a02d0 00007fbea23cffe0
0x00007fbe94567320:   00007fbea23d12e0 00007fbea23cfe60
0x00007fbe94567330:   00007fbea23cffe0 00007fbea23cad80
0x00007fbe94567340:   00007fbe94567460 00007fbea143f050
0x00007fbe94567350:   0000000000000000 00007fbedaba2bc0
0x00007fbe94567360:   00000000002976d4 00000000002976d4
0x00007fbe94567370:   0000000000000000 3ff0000000000000
0x00007fbe94567380:   00007fbedb13e5a8 0000000000000001
0x00007fbe94567390:   0000000000000040 00007fbea143f010
0x00007fbe945673a0:   00007fbea23cad80 00007fbea23a9f88
0x00007fbe945673b0:   00007fbea143f050 00007fbea143f028
0x00007fbe945673c0:   00007fbe94567460 00007fbedab8b99b
0x00007fbe945673d0:   00007fbea24c0190 0000000000000008
0x00007fbe945673e0:   00000000002951f1 00000000002951f1
0x00007fbe945673f0:   0000000000000000 3ff0000000000000
0x00007fbe94567400:   0000000000000000 00007fbedab658bd
0x00007fbe94567410:   00007fbe94567480 00007fbee801401c
0x00007fbe94567420:   0000000000000001 00007fbee8014000
0x00007fbe94567430:   00007fbeecbc4bc0 00007fbeec223ac0
0x00007fbe94567440:   00007fbe8c00e000 00007fbedab6103f
0x00007fbe94567450:   000000000000013c 00007fbee06d5489
0x00007fbe94567460:   00007fbe78000c90 00007fbe78000c98
0x00007fbe94567470:   00007fbe78000c98 00007fbe78000b71
0x00007fbe94567480:   0000009e00000102 00007fbeecbc4bc0
0x00007fbe94567490:   00007fbeecbc4bc0 00007fbeecbc4bc0
0x00007fbe945674a0:   00007fbeed237330 0000000000000051
0x00007fbe945674b0:   00007fbe91d82a10 00007fbedab615bf
0x00007fbe945674c0:   00007fbedb125af0 00007fbef12c74ec
0x00007fbe945674d0:   00007fbedb127d10 0000000000000000
0x00007fbe945674e0:   00000000001f919d 0009600000000001
0x00007fbe945674f0:   ffffffff00000001 00007fbe94567534 

Instructions: (pc=0x00007fbedab9b59d)
0x00007fbedab9b57d:   39 5d 08 0f 84 d2 01 00 00 8b 53 04 41 8b 74 24
0x00007fbedab9b58d:   3c 49 8b 4c 24 28 8b 03 0f af f2 48 8b 09 01 c6
0x00007fbedab9b59d:   66 83 3c 71 00 74 d4 48 63 8d 88 01 00 00 48 8b
0x00007fbedab9b5ad:   7c 24 18 48 69 c9 d8 03 00 00 48 8d 74 0f 10 48 

Register to memory mapping:

RAX=0x0000000000000102 is an unknown value
RBX=0x00007fbe78000c90 is an unknown value
RCX=0x00007fbe78096cc0 is an unknown value
RDX=0x000000000000009e is an unknown value
RSP=0x00007fbe94567300 is pointing into the stack for thread: 0x00007fbe8c00e000
RBP=0x00007fbea23cfe60 is an unknown value
RSI=0x00000000000063c2 is an unknown value
RDI=0x00007fbea23cffe0 is an unknown value
R8 =0x0000000000000000 is an unknown value
R9 =0x0101010101010101 is an unknown value
R10=0x00007fbea248ea21 is an unknown value
R11=0x00007fbef237bc9c: <offset 0x8bc9c> in /lib/x86_64-linux-gnu/libc.so.6 at 0x00007fbef22f0000
R12=0x00007fbedb13dd88: <offset 0x62dd88> in /usr/lib/libXnVFeatures_1_5_2.so at 0x00007fbedab10000
R13=0x00007fbe94567460 is pointing into the stack for thread: 0x00007fbe8c00e000
R14=0x00007fbea143f050 is an unknown value
R15=0x0000000000000000 is an unknown value


Stack: [0x00007fbe94468000,0x00007fbe94569000],  sp=0x00007fbe94567300,  free space=1020k
Native frames: (J=compiled Java code, j=interpreted, Vv=VM code, C=native code)
C  [libXnVFeatures_1_5_2.so+0x8b59d]  Segmentation::detectionByPoint(bool, std::vector<Vector2D<int>, std::allocator<Vector2D<int> > > const*)+0x8d

Java frames: (J=compiled Java code, j=interpreted, Vv=VM code)
j  org.OpenNI.NativeMethods.xnWaitAnyUpdateAll(J)I+0
j  org.OpenNI.Context.waitAnyUpdateAll()V+4
j  edu.seas.upenn.ese519.OverlayPanel.run()V+12
j  java.lang.Thread.run()V+11
v  ~StubRoutines::call_stub

---------------  P R O C E S S  ---------------

Java Threads: ( => current thread )
  0x00007fbe8c00f800 JavaThread "Thread-4" [_thread_blocked, id=27852, stack(0x00007fbe94367000,0x00007fbe94468000)]
=>0x00007fbe8c00e000 JavaThread "Thread-3" [_thread_in_native, id=27851, stack(0x00007fbe94468000,0x00007fbe94569000)]
  0x00007fbe8c00c800 JavaThread "Thread-2" [_thread_blocked, id=27850, stack(0x00007fbe94569000,0x00007fbe9466a000)]
  0x00007fbe8c00b800 JavaThread "Thread-1" [_thread_blocked, id=27849, stack(0x00007fbea0094000,0x00007fbea0195000)]
  0x00007fbeec007800 JavaThread "DestroyJavaVM" [_thread_blocked, id=27814, stack(0x00007fbef2dca000,0x00007fbef2ecb000)]
  0x00007fbe91d99800 JavaThread "AWT-EventQueue-0" [_thread_blocked, id=27845, stack(0x00007fbed8007000,0x00007fbed8108000)]
  0x00007fbe91d96800 JavaThread "AWT-Shutdown" [_thread_blocked, id=27844, stack(0x00007fbe94a89000,0x00007fbe94b8a000)]
  0x00007fbeec1fc800 JavaThread "AWT-XAWT" daemon [_thread_in_native, id=27833, stack(0x00007fbee0b27000,0x00007fbee0c28000)]
  0x00007fbeec144000 JavaThread "Java2D Disposer" daemon [_thread_blocked, id=27831, stack(0x00007fbee105d000,0x00007fbee115e000)]
  0x00007fbeec09e000 JavaThread "Low Memory Detector" daemon [_thread_blocked, id=27829, stack(0x00007fbee2dee000,0x00007fbee2eef000)]
  0x00007fbeec09b800 JavaThread "C2 CompilerThread1" daemon [_thread_blocked, id=27828, stack(0x00007fbee2eef000,0x00007fbee2ff0000)]
  0x00007fbeec098800 JavaThread "C2 CompilerThread0" daemon [_thread_blocked, id=27827, stack(0x00007fbee2ff0000,0x00007fbee30f1000)]
  0x00007fbeec097800 JavaThread "Signal Dispatcher" daemon [_thread_blocked, id=27826, stack(0x00007fbee30f1000,0x00007fbee31f2000)]
  0x00007fbeec078000 JavaThread "Finalizer" daemon [_thread_blocked, id=27825, stack(0x00007fbee3666000,0x00007fbee3767000)]
  0x00007fbeec076000 JavaThread "Reference Handler" daemon [_thread_blocked, id=27824, stack(0x00007fbee3767000,0x00007fbee3868000)]

Other Threads:
  0x00007fbeec06f000 VMThread [stack: 0x00007fbee3868000,0x00007fbee3969000] [id=27823]
  0x00007fbeec0a8800 WatcherThread [stack: 0x00007fbee2ced000,0x00007fbee2dee000] [id=27830]

VM state:not at safepoint (normal execution)

VM Mutex/Monitor currently owned by a thread: None

Heap
 PSYoungGen      total 36736K, used 9338K [0x00000007d6f60000, 0x00000007d9860000, 0x0000000800000000)
  eden space 31488K, 29% used [0x00000007d6f60000,0x00000007d787eb90,0x00000007d8e20000)
  from space 5248K, 0% used [0x00000007d9340000,0x00000007d9340000,0x00000007d9860000)
  to   space 5248K, 0% used [0x00000007d8e20000,0x00000007d8e20000,0x00000007d9340000)
 PSOldGen        total 84032K, used 0K [0x0000000784e00000, 0x000000078a010000, 0x00000007d6f60000)
  object space 84032K, 0% used [0x0000000784e00000,0x0000000784e00000,0x000000078a010000)
 PSPermGen       total 21248K, used 12921K [0x000000077a800000, 0x000000077bcc0000, 0x0000000784e00000)
  object space 21248K, 60% used [0x000000077a800000,0x000000077b49e648,0x000000077bcc0000)

Code Cache  [0x00007fbee8beb000, 0x00007fbee8e5b000, 0x00007fbeebbeb000)
 total_blobs=476 nmethods=27 adapters=404 free_code_cache=49737856 largest_free_block=6336

Dynamic libraries:
00400000-00409000 r-xp 00000000 07:00 2884059                            /usr/lib/jvm/java-6-openjdk-amd64/jre/bin/java
00608000-00609000 r--p 00008000 07:00 2884059                            /usr/lib/jvm/java-6-openjdk-amd64/jre/bin/java
00609000-0060a000 rw-p 00009000 07:00 2884059                            /usr/lib/jvm/java-6-openjdk-amd64/jre/bin/java
024de000-024ff000 rw-p 00000000 00:00 0                                  [heap]
77a800000-77bcc0000 rw-p 00000000 00:00 0 
77bcc0000-784e00000 rw-p 00000000 00:00 0 
784e00000-78a010000 rw-p 00000000 00:00 0 
78a010000-7d6f60000 rw-p 00000000 00:00 0 
7d6f60000-7d9860000 rw-p 00000000 00:00 0 
7d9860000-800000000 rw-p 00000000 00:00 0 
7fbe78000000-7fbe7818a000 rw-p 00000000 00:00 0 
7fbe7818a000-7fbe7c000000 ---p 00000000 00:00 0 
7fbe7c000000-7fbe7c021000 rw-p 00000000 00:00 0 
7fbe7c021000-7fbe80000000 ---p 00000000 00:00 0 
7fbe80000000-7fbe80021000 rw-p 00000000 00:00 0 
7fbe80021000-7fbe84000000 ---p 00000000 00:00 0 
7fbe84000000-7fbe84021000 rw-p 00000000 00:00 0 
7fbe84021000-7fbe88000000 ---p 00000000 00:00 0 
7fbe88000000-7fbe88021000 rw-p 00000000 00:00 0 
7fbe88021000-7fbe8c000000 ---p 00000000 00:00 0 
7fbe8c000000-7fbe8c021000 rw-p 00000000 00:00 0 
7fbe8c021000-7fbe90000000 ---p 00000000 00:00 0 
7fbe90000000-7fbe91e10000 rw-p 00000000 00:00 0 
7fbe91e10000-7fbe94000000 ---p 00000000 00:00 0 
7fbe94367000-7fbe9436a000 ---p 00000000 00:00 0 
7fbe9436a000-7fbe94468000 rwxp 00000000 00:00 0 
7fbe94468000-7fbe9446b000 ---p 00000000 00:00 0 
7fbe9446b000-7fbe94569000 rwxp 00000000 00:00 0 
7fbe94569000-7fbe9456c000 ---p 00000000 00:00 0 
7fbe9456c000-7fbe9466a000 rwxp 00000000 00:00 0 
7fbe9466a000-7fbe94672000 r-xp 00000000 07:00 2884097                    /usr/lib/jvm/java-6-openjdk-amd64/jre/lib/amd64/libnio.so
7fbe94672000-7fbe94871000 ---p 00008000 07:00 2884097                    /usr/lib/jvm/java-6-openjdk-amd64/jre/lib/amd64/libnio.so
7fbe94871000-7fbe94872000 r--p 00007000 07:00 2884097                    /usr/lib/jvm/java-6-openjdk-amd64/jre/lib/amd64/libnio.so
7fbe94872000-7fbe94873000 rw-p 00008000 07:00 2884097                    /usr/lib/jvm/java-6-openjdk-amd64/jre/lib/amd64/libnio.so
7fbe94873000-7fbe94888000 r-xp 00000000 07:00 2884096                    /usr/lib/jvm/java-6-openjdk-amd64/jre/lib/amd64/libnet.so
7fbe94888000-7fbe94a87000 ---p 00015000 07:00 2884096                    /usr/lib/jvm/java-6-openjdk-amd64/jre/lib/amd64/libnet.so
7fbe94a87000-7fbe94a88000 r--p 00014000 07:00 2884096                    /usr/lib/jvm/java-6-openjdk-amd64/jre/lib/amd64/libnet.so
7fbe94a88000-7fbe94a89000 rw-p 00015000 07:00 2884096                    /usr/lib/jvm/java-6-openjdk-amd64/jre/lib/amd64/libnet.so
7fbe94a89000-7fbe94a8c000 ---p 00000000 00:00 0 
7fbe94a8c000-7fbe94b8a000 rwxp 00000000 00:00 0 
7fbe94b8a000-7fbe94c6d000 rw-p 00000000 00:00 0 
7fbe94c6d000-7fbe962ed000 r--s 00000000 00:12 1380397                    /run/shm/27835_045e.02ae@1.52_Image
7fbe962ed000-7fbe9c000000 rw-p 00000000 00:00 0 
7fbe9c000000-7fbe9c029000 rw-p 00000000 00:00 0 
7fbe9c029000-7fbea0000000 ---p 00000000 00:00 0 
7fbea0094000-7fbea0097000 ---p 00000000 00:00 0 
7fbea0097000-7fbea0195000 rwxp 00000000 00:00 0 
7fbea0195000-7fbea24c1000 rw-p 00000000 00:00 0 
7fbea24c1000-7fbea2bc9000 r--s 00000000 00:12 1379383                    /run/shm/27835_045e.02ae@1.52_Depth
7fbea2bc9000-7fbea2cf6000 rw-p 00000000 00:00 0 
7fbea2cf6000-7fbea2cf7000 ---p 00000000 00:00 0 
7fbea2cf7000-7fbea34f7000 rwxp 00000000 00:00 0 
7fbea34f7000-7fbea38f8000 rw-p 00000000 00:00 0 
7fbea38f8000-7fbea4000000 r--s 00000000 00:12 1379383                    /run/shm/27835_045e.02ae@1.52_Depth
7fbea4000000-7fbea4021000 rw-p 00000000 00:00 0 
7fbea4021000-7fbea8000000 ---p 00000000 00:00 0 
7fbea8000000-7fbea8026000 rw-p 00000000 00:00 0 
7fbea8026000-7fbeac000000 ---p 00000000 00:00 0 
7fbeac000000-7fbeac021000 rw-p 00000000 00:00 0 
7fbeac021000-7fbeb0000000 ---p 00000000 00:00 0 
7fbeb0000000-7fbeb0021000 rw-p 00000000 00:00 0 
7fbeb0021000-7fbeb4000000 ---p 00000000 00:00 0 
7fbeb4000000-7fbeb42fb000 rw-p 00000000 00:00 0 
7fbeb42fb000-7fbeb8000000 ---p 00000000 00:00 0 
7fbeb8000000-7fbeb8021000 rw-p 00000000 00:00 0 
7fbeb8021000-7fbebc000000 ---p 00000000 00:00 0 
7fbebc000000-7fbebc021000 rw-p 00000000 00:00 0 
7fbebc021000-7fbec0000000 ---p 00000000 00:00 0 
7fbec0000000-7fbec02fb000 rw-p 00000000 00:00 0 
7fbec02fb000-7fbec4000000 ---p 00000000 00:00 0 
7fbec4000000-7fbec4021000 rw-p 00000000 00:00 0 
7fbec4021000-7fbec8000000 ---p 00000000 00:00 0 
7fbec8000000-7fbec8021000 rw-p 00000000 00:00 0 
7fbec8021000-7fbecc000000 ---p 00000000 00:00 0 
7fbecc000000-7fbecc021000 rw-p 00000000 00:00 0 
7fbecc021000-7fbed0000000 ---p 00000000 00:00 0 
7fbed0000000-7fbed0021000 rw-p 00000000 00:00 0 
7fbed0021000-7fbed4000000 ---p 00000000 00:00 0 
7fbed4000000-7fbed4021000 rw-p 00000000 00:00 0 
7fbed4021000-7fbed8000000 ---p 00000000 00:00 0 
7fbed8007000-7fbed800a000 ---p 00000000 00:00 0 
7fbed800a000-7fbed8108000 rwxp 00000000 00:00 0 
7fbed8108000-7fbed8801000 rw-p 00000000 00:00 0 
7fbed8801000-7fbed8802000 ---p 00000000 00:00 0 
7fbed8802000-7fbed9002000 rwxp 00000000 00:00 0 
7fbed9002000-7fbed9403000 rw-p 00000000 00:00 0 
7fbed9403000-7fbed942a000 r-xp 00000000 07:00 2759918                    /usr/lib/libXnDeviceFile.so
7fbed942a000-7fbed962a000 ---p 00027000 07:00 2759918                    /usr/lib/libXnDeviceFile.so
7fbed962a000-7fbed962c000 r--p 00027000 07:00 2759918                    /usr/lib/libXnDeviceFile.so
7fbed962c000-7fbed962d000 rw-p 00029000 07:00 2759918                    /usr/lib/libXnDeviceFile.so
7fbed962d000-7fbed9675000 r-xp 00000000 07:00 2759917                    /usr/lib/libXnDDK.so
7fbed9675000-7fbed9875000 ---p 00048000 07:00 2759917                    /usr/lib/libXnDDK.so
7fbed9875000-7fbed9878000 r--p 00048000 07:00 2759917                    /usr/lib/libXnDDK.so
7fbed9878000-7fbed987a000 rw-p 0004b000 07:00 2759917                    /usr/lib/libXnDDK.so
7fbed987a000-7fbed989e000 r-xp 00000000 07:00 2759920                    /usr/lib/libXnFormats.so
7fbed989e000-7fbed9a9e000 ---p 00024000 07:00 2759920                    /usr/lib/libXnFormats.so
7fbed9a9e000-7fbed9a9f000 r--p 00024000 07:00 2759920                    /usr/lib/libXnFormats.so
7fbed9a9f000-7fbed9aa0000 rw-p 00025000 07:00 2759920                    /usr/lib/libXnFormats.so
7fbed9aa0000-7fbed9ac0000 rw-p 00000000 00:00 0 
7fbed9ac0000-7fbed9ac3000 r-xp 00000000 07:00 2759916                    /usr/lib/libXnCore.so
7fbed9ac3000-7fbed9cc2000 ---p 00003000 07:00 2759916                    /usr/lib/libXnCore.so
7fbed9cc2000-7fbed9cc3000 r--p 00002000 07:00 2759916                    /usr/lib/libXnCore.so
7fbed9cc3000-7fbed9cc4000 rw-p 00003000 07:00 2759916                    /usr/lib/libXnCore.so
7fbed9cc4000-7fbed9d4d000 r-xp 00000000 07:00 2759919                    /usr/lib/libXnDeviceSensorV2KM.so
7fbed9d4d000-7fbed9f4c000 ---p 00089000 07:00 2759919                    /usr/lib/libXnDeviceSensorV2KM.so
7fbed9f4c000-7fbed9f5c000 r--p 00088000 07:00 2759919                    /usr/lib/libXnDeviceSensorV2KM.so
7fbed9f5c000-7fbed9f5d000 rw-p 00098000 07:00 2759919                    /usr/lib/libXnDeviceSensorV2KM.so
7fbed9f5d000-7fbeda051000 r-xp 00000000 07:00 2759934                    /usr/lib/libXnVHandGenerator_1_5_2.so
7fbeda051000-7fbeda250000 ---p 000f4000 07:00 2759934                    /usr/lib/libXnVHandGenerator_1_5_2.so
7fbeda250000-7fbeda255000 r--p 000f3000 07:00 2759934                    /usr/lib/libXnVHandGenerator_1_5_2.so
7fbeda255000-7fbeda256000 rw-p 000f8000 07:00 2759934                    /usr/lib/libXnVHandGenerator_1_5_2.so
7fbeda256000-7fbeda264000 rw-p 00000000 00:00 0 
7fbeda264000-7fbeda33c000 r-xp 00000000 07:00 2759933                    /usr/lib/libXnVHandGenerator_1_4_2.so
7fbeda33c000-7fbeda53b000 ---p 000d8000 07:00 2759933                    /usr/lib/libXnVHandGenerator_1_4_2.so
7fbeda53b000-7fbeda540000 r--p 000d7000 07:00 2759933                    /usr/lib/libXnVHandGenerator_1_4_2.so
7fbeda540000-7fbeda541000 rw-p 000dc000 07:00 2759933                    /usr/lib/libXnVHandGenerator_1_4_2.so
7fbeda541000-7fbeda544000 rw-p 00000000 00:00 0 
7fbeda544000-7fbeda61c000 r-xp 00000000 07:00 2759932                    /usr/lib/libXnVHandGenerator_1_4_1.so
7fbeda61c000-7fbeda81b000 ---p 000d8000 07:00 2759932                    /usr/lib/libXnVHandGenerator_1_4_1.so
7fbeda81b000-7fbeda820000 r--p 000d7000 07:00 2759932                    /usr/lib/libXnVHandGenerator_1_4_1.so
7fbeda820000-7fbeda821000 rw-p 000dc000 07:00 2759932                    /usr/lib/libXnVHandGenerator_1_4_1.so
7fbeda821000-7fbeda824000 rw-p 00000000 00:00 0 
7fbeda824000-7fbeda907000 r-xp 00000000 07:00 2759931                    /usr/lib/libXnVHandGenerator_1_3_1.so
7fbeda907000-7fbedab07000 ---p 000e3000 07:00 2759931                    /usr/lib/libXnVHandGenerator_1_3_1.so
7fbedab07000-7fbedab0c000 r--p 000e3000 07:00 2759931                    /usr/lib/libXnVHandGenerator_1_3_1.so
7fbedab0c000-7fbedab0d000 rw-p 000e8000 07:00 2759931                    /usr/lib/libXnVHandGenerator_1_3_1.so
7fbedab0d000-7fbedab10000 rw-p 00000000 00:00 0 
7fbedab10000-7fbedaf25000 r-xp 00000000 07:00 2759929                    /usr/lib/libXnVFeatures_1_5_2.so
7fbedaf25000-7fbedb125000 ---p 00415000 07:00 2759929                    /usr/lib/libXnVFeatures_1_5_2.so
7fbedb125000-7fbedb136000 r--p 00415000 07:00 2759929                    /usr/lib/libXnVFeatures_1_5_2.so
7fbedb136000-7fbedb138000 rw-p 00426000 07:00 2759929                    /usr/lib/libXnVFeatures_1_5_2.so
7fbedb138000-7fbedb14d000 rw-p 00000000 00:00 0 
7fbedb14d000-7fbedb344000 r-xp 00000000 07:00 2759928                    /usr/lib/libXnVFeatures_1_4_2.so
7fbedb344000-7fbedb543000 ---p 001f7000 07:00 2759928                    /usr/lib/libXnVFeatures_1_4_2.so
7fbedb543000-7fbedb549000 r--p 001f6000 07:00 2759928                    /usr/lib/libXnVFeatures_1_4_2.so
7fbedb549000-7fbedb54a000 rw-p 001fc000 07:00 2759928                    /usr/lib/libXnVFeatures_1_4_2.so
7fbedb54a000-7fbedb550000 rw-p 00000000 00:00 0 
7fbedb550000-7fbedb747000 r-xp 00000000 07:00 2759927                    /usr/lib/libXnVFeatures_1_4_1.so
7fbedb747000-7fbedb946000 ---p 001f7000 07:00 2759927                    /usr/lib/libXnVFeatures_1_4_1.so
7fbedb946000-7fbedb94c000 r--p 001f6000 07:00 2759927                    /usr/lib/libXnVFeatures_1_4_1.so
7fbedb94c000-7fbedb94d000 rw-p 001fc000 07:00 2759927                    /usr/lib/libXnVFeatures_1_4_1.so
7fbedb94d000-7fbedb953000 rw-p 00000000 00:00 0 
7fbedb953000-7fbedbb98000 r-xp 00000000 07:00 2759926                    /usr/lib/libXnVFeatures_1_3_1.so
7fbedbb98000-7fbedbd98000 ---p 00245000 07:00 2759926                    /usr/lib/libXnVFeatures_1_3_1.so
7fbedbd98000-7fbedbd9e000 r--p 00245000 07:00 2759926                    /usr/lib/libXnVFeatures_1_3_1.so
7fbedbd9e000-7fbedbd9f000 rw-p 0024b000 07:00 2759926                    /usr/lib/libXnVFeatures_1_3_1.so
7fbedbd9f000-7fbedbda6000 rw-p 00000000 00:00 0 
7fbedbda6000-7fbedbddc000 r-xp 00000000 07:00 2760366                    /usr/lib/libnimCodecs.so
7fbedbddc000-7fbedbfdc000 ---p 00036000 07:00 2760366                    /usr/lib/libnimCodecs.so
7fbedbfdc000-7fbedbfdf000 r--p 00036000 07:00 2760366                    /usr/lib/libnimCodecs.so
7fbedbfdf000-7fbedbfe0000 rw-p 00039000 07:00 2760366                    /usr/lib/libnimCodecs.so
7fbedbfe0000-7fbedc000000 rw-p 00000000 00:00 0 
7fbedc000000-7fbedc021000 rw-p 00000000 00:00 0 
7fbedc021000-7fbee0000000 ---p 00000000 00:00 0 
7fbee000a000-7fbee0028000 r-xp 00000000 07:00 2760368                    /usr/lib/libnimRecorder.so
7fbee0028000-7fbee0227000 ---p 0001e000 07:00 2760368                    /usr/lib/libnimRecorder.so
7fbee0227000-7fbee0229000 r--p 0001d000 07:00 2760368                    /usr/lib/libnimRecorder.so
7fbee0229000-7fbee022a000 rw-p 0001f000 07:00 2760368                    /usr/lib/libnimRecorder.so
7fbee022a000-7fbee0261000 r-xp 00000000 07:00 2760367                    /usr/lib/libnimMockNodes.so
7fbee0261000-7fbee0460000 ---p 00037000 07:00 2760367                    /usr/lib/libnimMockNodes.so
7fbee0460000-7fbee046d000 r--p 00036000 07:00 2760367                    /usr/lib/libnimMockNodes.so
7fbee046d000-7fbee046e000 rw-p 00043000 07:00 2760367                    /usr/lib/libnimMockNodes.so
7fbee046e000-7fbee047c000 r-xp 00000000 07:00 136665                     /lib/x86_64-linux-gnu/libusb-1.0.so.0.1.0
7fbee047c000-7fbee067b000 ---p 0000e000 07:00 136665                     /lib/x86_64-linux-gnu/libusb-1.0.so.0.1.0
7fbee067b000-7fbee067c000 r--p 0000d000 07:00 136665                     /lib/x86_64-linux-gnu/libusb-1.0.so.0.1.0
7fbee067c000-7fbee067d000 rw-p 0000e000 07:00 136665                     /lib/x86_64-linux-gnu/libusb-1.0.so.0.1.0
7fbee067d000-7fbee06fa000 r-xp 00000000 07:00 2759909                    /usr/lib/libOpenNI.so
7fbee06fa000-7fbee08f9000 ---p 0007d000 07:00 2759909                    /usr/lib/libOpenNI.so
7fbee08f9000-7fbee08fc000 r--p 0007c000 07:00 2759909                    /usr/lib/libOpenNI.so
7fbee08fc000-7fbee08ff000 rw-p 0007f000 07:00 2759909                    /usr/lib/libOpenNI.so
7fbee08ff000-7fbee0900000 rw-p 00000000 00:00 0 
7fbee0900000-7fbee0924000 r-xp 00000000 07:00 2759908                    /usr/lib/libOpenNI.jni.so
7fbee0924000-7fbee0b23000 ---p 00024000 07:00 2759908                    /usr/lib/libOpenNI.jni.so
7fbee0b23000-7fbee0b24000 r--p 00023000 07:00 2759908                    /usr/lib/libOpenNI.jni.so
7fbee0b24000-7fbee0b27000 rw-p 00024000 07:00 2759908                    /usr/lib/libOpenNI.jni.so
7fbee0b27000-7fbee0c28000 rwxp 00000000 00:00 0 
7fbee0c28000-7fbee0c2d000 r-xp 00000000 07:00 2766745                    /usr/lib/x86_64-linux-gnu/libXfixes.so.3.1.0
7fbee0c2d000-7fbee0e2c000 ---p 00005000 07:00 2766745                    /usr/lib/x86_64-linux-gnu/libXfixes.so.3.1.0
7fbee0e2c000-7fbee0e2d000 r--p 00004000 07:00 2766745                    /usr/lib/x86_64-linux-gnu/libXfixes.so.3.1.0
7fbee0e2d000-7fbee0e2e000 rw-p 00005000 07:00 2766745                    /usr/lib/x86_64-linux-gnu/libXfixes.so.3.1.0
7fbee0e2e000-7fbee0e37000 r-xp 00000000 07:00 2766737                    /usr/lib/x86_64-linux-gnu/libXcursor.so.1.0.2
7fbee0e37000-7fbee1036000 ---p 00009000 07:00 2766737                    /usr/lib/x86_64-linux-gnu/libXcursor.so.1.0.2
7fbee1036000-7fbee1037000 r--p 00008000 07:00 2766737                    /usr/lib/x86_64-linux-gnu/libXcursor.so.1.0.2
7fbee1037000-7fbee1038000 rw-p 00009000 07:00 2766737                    /usr/lib/x86_64-linux-gnu/libXcursor.so.1.0.2
7fbee105d000-7fbee115e000 rwxp 00000000 00:00 0 
7fbee115e000-7fbee11f4000 r-xp 00000000 07:00 2767280                    /usr/lib/x86_64-linux-gnu/libfreetype.so.6.8.0
7fbee11f4000-7fbee13f3000 ---p 00096000 07:00 2767280                    /usr/lib/x86_64-linux-gnu/libfreetype.so.6.8.0
7fbee13f3000-7fbee13f9000 r--p 00095000 07:00 2767280                    /usr/lib/x86_64-linux-gnu/libfreetype.so.6.8.0
7fbee13f9000-7fbee13fa000 rw-p 0009b000 07:00 2767280                    /usr/lib/x86_64-linux-gnu/libfreetype.so.6.8.0
7fbee13fa000-7fbee1434000 r-xp 00000000 07:00 2884078                    /usr/lib/jvm/java-6-openjdk-amd64/jre/lib/amd64/libfontmanager.so
7fbee1434000-7fbee1633000 ---p 0003a000 07:00 2884078                    /usr/lib/jvm/java-6-openjdk-amd64/jre/lib/amd64/libfontmanager.so
7fbee1633000-7fbee1635000 r--p 00039000 07:00 2884078                    /usr/lib/jvm/java-6-openjdk-amd64/jre/lib/amd64/libfontmanager.so
7fbee1635000-7fbee1636000 rw-p 0003b000 07:00 2884078                    /usr/lib/jvm/java-6-openjdk-amd64/jre/lib/amd64/libfontmanager.so
7fbee1636000-7fbee163b000 r-xp 00000000 07:00 2766741                    /usr/lib/x86_64-linux-gnu/libXdmcp.so.6.0.0
7fbee163b000-7fbee183a000 ---p 00005000 07:00 2766741                    /usr/lib/x86_64-linux-gnu/libXdmcp.so.6.0.0
7fbee183a000-7fbee183b000 r--p 00004000 07:00 2766741                    /usr/lib/x86_64-linux-gnu/libXdmcp.so.6.0.0
7fbee183b000-7fbee183c000 rw-p 00005000 07:00 2766741                    /usr/lib/x86_64-linux-gnu/libXdmcp.so.6.0.0
7fbee183c000-7fbee183e000 r-xp 00000000 07:00 2766732                    /usr/lib/x86_64-linux-gnu/libXau.so.6.0.0
7fbee183e000-7fbee1a3d000 ---p 00002000 07:00 2766732                    /usr/lib/x86_64-linux-gnu/libXau.so.6.0.0
7fbee1a3d000-7fbee1a3e000 r--p 00001000 07:00 2766732                    /usr/lib/x86_64-linux-gnu/libXau.so.6.0.0
7fbee1a3e000-7fbee1a3f000 rw-p 00002000 07:00 2766732                    /usr/lib/x86_64-linux-gnu/libXau.so.6.0.0
7fbee1a3f000-7fbee1a5c000 r-xp 00000000 07:00 2767626                    /usr/lib/x86_64-linux-gnu/libxcb.so.1.1.0
7fbee1a5c000-7fbee1c5b000 ---p 0001d000 07:00 2767626                    /usr/lib/x86_64-linux-gnu/libxcb.so.1.1.0
7fbee1c5b000-7fbee1c5c000 r--p 0001c000 07:00 2767626                    /usr/lib/x86_64-linux-gnu/libxcb.so.1.1.0
7fbee1c5c000-7fbee1c5d000 rw-p 0001d000 07:00 2767626                    /usr/lib/x86_64-linux-gnu/libxcb.so.1.1.0
7fbee1c5d000-7fbee1c6b000 r-xp 00000000 07:00 2766749                    /usr/lib/x86_64-linux-gnu/libXi.so.6.1.0
7fbee1c6b000-7fbee1e6a000 ---p 0000e000 07:00 2766749                    /usr/lib/x86_64-linux-gnu/libXi.so.6.1.0
7fbee1e6a000-7fbee1e6b000 r--p 0000d000 07:00 2766749                    /usr/lib/x86_64-linux-gnu/libXi.so.6.1.0
7fbee1e6b000-7fbee1e6c000 rw-p 0000e000 07:00 2766749                    /usr/lib/x86_64-linux-gnu/libXi.so.6.1.0
7fbee1e6c000-7fbee1e71000 r-xp 00000000 07:00 2766764                    /usr/lib/x86_64-linux-gnu/libXtst.so.6.1.0
7fbee1e71000-7fbee2070000 ---p 00005000 07:00 2766764                    /usr/lib/x86_64-linux-gnu/libXtst.so.6.1.0
7fbee2070000-7fbee2071000 r--p 00004000 07:00 2766764                    /usr/lib/x86_64-linux-gnu/libXtst.so.6.1.0
7fbee2071000-7fbee2072000 rw-p 00005000 07:00 2766764                    /usr/lib/x86_64-linux-gnu/libXtst.so.6.1.0
7fbee2072000-7fbee207b000 r-xp 00000000 07:00 2766760                    /usr/lib/x86_64-linux-gnu/libXrender.so.1.3.0
7fbee207b000-7fbee227a000 ---p 00009000 07:00 2766760                    /usr/lib/x86_64-linux-gnu/libXrender.so.1.3.0
7fbee227a000-7fbee227b000 r--p 00008000 07:00 2766760                    /usr/lib/x86_64-linux-gnu/libXrender.so.1.3.0
7fbee227b000-7fbee227c000 rw-p 00009000 07:00 2766760                    /usr/lib/x86_64-linux-gnu/libXrender.so.1.3.0
7fbee227c000-7fbee23ab000 r-xp 00000000 07:00 2766730                    /usr/lib/x86_64-linux-gnu/libX11.so.6.3.0
7fbee23ab000-7fbee25ab000 ---p 0012f000 07:00 2766730                    /usr/lib/x86_64-linux-gnu/libX11.so.6.3.0
7fbee25ab000-7fbee25ac000 r--p 0012f000 07:00 2766730                    /usr/lib/x86_64-linux-gnu/libX11.so.6.3.0
7fbee25ac000-7fbee25b0000 rw-p 00130000 07:00 2766730                    /usr/lib/x86_64-linux-gnu/libX11.so.6.3.0
7fbee25b0000-7fbee25c0000 r-xp 00000000 07:00 2766743                    /usr/lib/x86_64-linux-gnu/libXext.so.6.4.0
7fbee25c0000-7fbee27bf000 ---p 00010000 07:00 2766743                    /usr/lib/x86_64-linux-gnu/libXext.so.6.4.0
7fbee27bf000-7fbee27c0000 r--p 0000f000 07:00 2766743                    /usr/lib/x86_64-linux-gnu/libXext.so.6.4.0
7fbee27c0000-7fbee27c1000 rw-p 00010000 07:00 2766743                    /usr/lib/x86_64-linux-gnu/libXext.so.6.4.0
7fbee27c1000-7fbee280c000 r-xp 00000000 07:00 2884115                    /usr/lib/jvm/java-6-openjdk-amd64/jre/lib/amd64/xawt/libmawt.so
7fbee280c000-7fbee2a0c000 ---p 0004b000 07:00 2884115                    /usr/lib/jvm/java-6-openjdk-amd64/jre/lib/amd64/xawt/libmawt.so
7fbee2a0c000-7fbee2a0d000 r--p 0004b000 07:00 2884115                    /usr/lib/jvm/java-6-openjdk-amd64/jre/lib/amd64/xawt/libmawt.so
7fbee2a0d000-7fbee2a10000 rw-p 0004c000 07:00 2884115                    /usr/lib/jvm/java-6-openjdk-amd64/jre/lib/amd64/xawt/libmawt.so
7fbee2a10000-7fbee2a11000 rw-p 00000000 00:00 0 
7fbee2a11000-7fbee2abd000 r-xp 00000000 07:00 2884076                    /usr/lib/jvm/java-6-openjdk-amd64/jre/lib/amd64/libawt.so
7fbee2abd000-7fbee2cbc000 ---p 000ac000 07:00 2884076                    /usr/lib/jvm/java-6-openjdk-amd64/jre/lib/amd64/libawt.so
7fbee2cbc000-7fbee2cbd000 r--p 000ab000 07:00 2884076                    /usr/lib/jvm/java-6-openjdk-amd64/jre/lib/amd64/libawt.so
7fbee2cbd000-7fbee2cc8000 rw-p 000ac000 07:00 2884076                    /usr/lib/jvm/java-6-openjdk-amd64/jre/lib/amd64/libawt.so
7fbee2cc8000-7fbee2ced000 rw-p 00000000 00:00 0 
7fbee2ced000-7fbee2cee000 ---p 00000000 00:00 0 
7fbee2cee000-7fbee2eef000 rwxp 00000000 00:00 0 
7fbee2eef000-7fbee2ef0000 ---p 00000000 00:00 0 
7fbee2ef0000-7fbee2ff0000 rwxp 00000000 00:00 0 
7fbee2ff0000-7fbee2ff1000 ---p 00000000 00:00 0 
7fbee2ff1000-7fbee31f2000 rwxp 00000000 00:00 0 
7fbee31f2000-7fbee3666000 r--p 00000000 07:00 2765053                    /usr/lib/locale/locale-archive
7fbee3666000-7fbee3868000 rwxp 00000000 00:00 0 
7fbee3868000-7fbee3869000 ---p 00000000 00:00 0 
7fbee3869000-7fbee3969000 rwxp 00000000 00:00 0 
7fbee3969000-7fbee3e6e000 rw-p 00000000 00:00 0 
7fbee3e6e000-7fbee4000000 r--s 037c2000 07:00 2884073                    /usr/lib/jvm/java-6-openjdk-amd64/jre/lib/rt.jar
7fbee4000000-7fbee4021000 rw-p 00000000 00:00 0 
7fbee4021000-7fbee8000000 ---p 00000000 00:00 0 
7fbee8014000-7fbee8015000 rw-s 00000000 00:12 1347094                    /run/shm/045e.02ae@1.52-SM
7fbee8015000-7fbee8019000 rw-s 00000000 00:04 1472233522                 /SYSV00000000 (deleted)
7fbee8019000-7fbee8020000 r--s 000fb000 07:00 2884213                    /usr/lib/jvm/java-6-openjdk-common/jre/lib/resources.jar
7fbee8020000-7fbee8021000 r--s 00000000 07:00 2229118                    /var/cache/fontconfig/c05880de57d1f5e948fdfacc138775d9-le64.cache-3
7fbee8021000-7fbee802a000 r--s 00000000 07:00 2229112                    /var/cache/fontconfig/945677eb7aeaf62f1d50efc3fb3ec7d8-le64.cache-3
7fbee802a000-7fbee802e000 r--s 00000000 07:00 2229113                    /var/cache/fontconfig/99e8ed0e538f840c565b6ed5dad60d56-le64.cache-3
7fbee802e000-7fbee8036000 r--s 00000000 07:00 2229114                    /var/cache/fontconfig/a6d8cf8e4ec09cdbc8633c31745a07dd-le64.cache-3
7fbee8036000-7fbee803a000 r--s 00000000 07:00 2229098                    /var/cache/fontconfig/2cd17615ca594fa2959ae173292e504c-le64.cache-3
7fbee803a000-7fbee803b000 r--s 00000000 07:00 2229126                    /var/cache/fontconfig/e7071f4a29fa870f4323321c154eba04-le64.cache-3
7fbee803b000-7fbee803c000 r--s 00000000 07:00 2229096                    /var/cache/fontconfig/0d8c3b2ac0904cb8a57a757ad11a4a08-le64.cache-3
7fbee803c000-7fbee8042000 r--s 00000000 07:00 2229115                    /var/cache/fontconfig/a755afe4a08bf5b97852ceb7400b47bc-le64.cache-3
7fbee8042000-7fbee804b000 r--s 00000000 07:00 2229107                    /var/cache/fontconfig/6d41288fd70b0be22e8c3a91e032eec0-le64.cache-3
7fbee804b000-7fbee805b000 r--s 00000000 07:00 2229094                    /var/cache/fontconfig/04aabc0a78ac019cf9454389977116d2-le64.cache-3
7fbee805b000-7fbee805e000 r--s 00000000 07:00 2229101                    /var/cache/fontconfig/385c0604a188198f04d133e54aba7fe7-le64.cache-3
7fbee805e000-7fbee805f000 r--s 00000000 07:00 2229102                    /var/cache/fontconfig/4794a0821666d79190d59a36cb4f44b5-le64.cache-3
7fbee805f000-7fbee8062000 r--s 00000000 07:00 2229111                    /var/cache/fontconfig/8801497958630a81b71ace7c5f9b32a8-le64.cache-3
7fbee8062000-7fbee8067000 r--s 00000000 07:00 2229099                    /var/cache/fontconfig/3047814df9a2f067bd2d96a2b9c36e5a-le64.cache-3
7fbee8067000-7fbee806c000 r--s 00000000 07:00 2229116                    /var/cache/fontconfig/b47c4e1ecd0709278f4910c18777a504-le64.cache-3
7fbee806c000-7fbee807c000 r--s 00000000 07:00 2229122                    /var/cache/fontconfig/d52a8644073d54c13679302ca1180695-le64.cache-3
7fbee807c000-7fbee8088000 r--s 00000000 07:00 2229095                    /var/cache/fontconfig/089dead882dea3570ffc31a9898cfb69-le64.cache-3
7fbee8088000-7fbee809b000 r--s 00000000 07:00 2229124                    /var/cache/fontconfig/e13b20fdb08344e0e664864cc2ede53d-le64.cache-3
7fbee809b000-7fbee809f000 r--s 00000000 07:00 2229109                    /var/cache/fontconfig/7ef2298fde41cc6eeb7af42e48b7d293-le64.cache-3
7fbee809f000-7fbee80a0000 r--s 00000000 07:00 2229118                    /var/cache/fontconfig/c05880de57d1f5e948fdfacc138775d9-le64.cache-3
7fbee80a0000-7fbee80a9000 r--s 00000000 07:00 2229112                    /var/cache/fontconfig/945677eb7aeaf62f1d50efc3fb3ec7d8-le64.cache-3
7fbee80a9000-7fbee80ad000 r--s 00000000 07:00 2229113                    /var/cache/fontconfig/99e8ed0e538f840c565b6ed5dad60d56-le64.cache-3
7fbee80ad000-7fbee80b5000 r--s 00000000 07:00 2229114                    /var/cache/fontconfig/a6d8cf8e4ec09cdbc8633c31745a07dd-le64.cache-3
7fbee80b5000-7fbee80b9000 r--s 00000000 07:00 2229098                    /var/cache/fontconfig/2cd17615ca594fa2959ae173292e504c-le64.cache-3
7fbee80b9000-7fbee80ba000 r--s 00000000 07:00 2229126                    /var/cache/fontconfig/e7071f4a29fa870f4323321c154eba04-le64.cache-3
7fbee80ba000-7fbee80bb000 r--s 00000000 07:00 2229096                    /var/cache/fontconfig/0d8c3b2ac0904cb8a57a757ad11a4a08-le64.cache-3
7fbee80bb000-7fbee80c1000 r--s 00000000 07:00 2229115                    /var/cache/fontconfig/a755afe4a08bf5b97852ceb7400b47bc-le64.cache-3
7fbee80c1000-7fbee80ca000 r--s 00000000 07:00 2229107                    /var/cache/fontconfig/6d41288fd70b0be22e8c3a91e032eec0-le64.cache-3
7fbee80ca000-7fbee80da000 r--s 00000000 07:00 2229094                    /var/cache/fontconfig/04aabc0a78ac019cf9454389977116d2-le64.cache-3
7fbee80da000-7fbee80dd000 r--s 00000000 07:00 2229101                    /var/cache/fontconfig/385c0604a188198f04d133e54aba7fe7-le64.cache-3
7fbee80dd000-7fbee80de000 r--s 00000000 07:00 2229102                    /var/cache/fontconfig/4794a0821666d79190d59a36cb4f44b5-le64.cache-3
7fbee80de000-7fbee80e1000 r--s 00000000 07:00 2229111                    /var/cache/fontconfig/8801497958630a81b71ace7c5f9b32a8-le64.cache-3
7fbee80e1000-7fbee80e6000 r--s 00000000 07:00 2229099                    /var/cache/fontconfig/3047814df9a2f067bd2d96a2b9c36e5a-le64.cache-3
7fbee80e6000-7fbee80f6000 r--s 00000000 07:00 2229122                    /var/cache/fontconfig/d52a8644073d54c13679302ca1180695-le64.cache-3
7fbee80f6000-7fbee8129000 rw-p 00000000 00:00 0 
7fbee8129000-7fbee812a000 ---p 00000000 00:00 0 
7fbee812a000-7fbee822a000 rwxp 00000000 00:00 0 
7fbee822a000-7fbee822b000 ---p 00000000 00:00 0 
7fbee822b000-7fbee832b000 rwxp 00000000 00:00 0 
7fbee832b000-7fbee832c000 ---p 00000000 00:00 0 
7fbee832c000-7fbee842c000 rwxp 00000000 00:00 0 
7fbee842c000-7fbee842d000 ---p 00000000 00:00 0 
7fbee842d000-7fbee852d000 rwxp 00000000 00:00 0 
7fbee852d000-7fbee8557000 rw-p 00000000 00:00 0 
7fbee8557000-7fbee87be000 rw-p 00000000 00:00 0 
7fbee87be000-7fbee87c9000 rw-p 00000000 00:00 0 
7fbee87c9000-7fbee8811000 rw-p 00000000 00:00 0 
7fbee8811000-7fbee883b000 rw-p 00000000 00:00 0 
7fbee883b000-7fbee8aa1000 rw-p 00000000 00:00 0 
7fbee8aa1000-7fbee8ab7000 rw-p 00000000 00:00 0 
7fbee8ab7000-7fbee8bea000 rw-p 00000000 00:00 0 
7fbee8bea000-7fbee8beb000 rw-p 00000000 00:00 0 
7fbee8beb000-7fbee8e5b000 rwxp 00000000 00:00 0 
7fbee8e5b000-7fbeebbeb000 rw-p 00000000 00:00 0 
7fbeebbeb000-7fbeebbf2000 r-xp 00000000 07:00 2884105                    /usr/lib/jvm/java-6-openjdk-amd64/jre/lib/amd64/libzip.so
7fbeebbf2000-7fbeebdf1000 ---p 00007000 07:00 2884105                    /usr/lib/jvm/java-6-openjdk-amd64/jre/lib/amd64/libzip.so
7fbeebdf1000-7fbeebdf2000 r--p 00006000 07:00 2884105                    /usr/lib/jvm/java-6-openjdk-amd64/jre/lib/amd64/libzip.so
7fbeebdf2000-7fbeebdf3000 rw-p 00007000 07:00 2884105                    /usr/lib/jvm/java-6-openjdk-amd64/jre/lib/amd64/libzip.so
7fbeebdf3000-7fbeebdff000 r-xp 00000000 07:00 136638                     /lib/x86_64-linux-gnu/libnss_files-2.15.so
7fbeebdff000-7fbeebffe000 ---p 0000c000 07:00 136638                     /lib/x86_64-linux-gnu/libnss_files-2.15.so
7fbeebffe000-7fbeebfff000 r--p 0000b000 07:00 136638                     /lib/x86_64-linux-gnu/libnss_files-2.15.so
7fbeebfff000-7fbeec000000 rw-p 0000c000 07:00 136638                     /lib/x86_64-linux-gnu/libnss_files-2.15.so
7fbeec000000-7fbef0000000 rw-p 00000000 00:00 0 
7fbef0000000-7fbef0001000 r--s 00000000 07:00 2229104                    /var/cache/fontconfig/56cf4f4769d0f4abc89a4895d7bd3ae1-le64.cache-3
7fbef0001000-7fbef000d000 r--s 00000000 07:00 2229095                    /var/cache/fontconfig/089dead882dea3570ffc31a9898cfb69-le64.cache-3
7fbef000d000-7fbef0040000 rw-p 00000000 00:00 0 
7fbef0040000-7fbef0088000 rw-p 00000000 00:00 0 
7fbef0088000-7fbef0092000 r-xp 00000000 07:00 136640                     /lib/x86_64-linux-gnu/libnss_nis-2.15.so
7fbef0092000-7fbef0292000 ---p 0000a000 07:00 136640                     /lib/x86_64-linux-gnu/libnss_nis-2.15.so
7fbef0292000-7fbef0293000 r--p 0000a000 07:00 136640                     /lib/x86_64-linux-gnu/libnss_nis-2.15.so
7fbef0293000-7fbef0294000 rw-p 0000b000 07:00 136640                     /lib/x86_64-linux-gnu/libnss_nis-2.15.so
7fbef0294000-7fbef02ab000 r-xp 00000000 07:00 136635                     /lib/x86_64-linux-gnu/libnsl-2.15.so
7fbef02ab000-7fbef04aa000 ---p 00017000 07:00 136635                     /lib/x86_64-linux-gnu/libnsl-2.15.so
7fbef04aa000-7fbef04ab000 r--p 00016000 07:00 136635                     /lib/x86_64-linux-gnu/libnsl-2.15.so
7fbef04ab000-7fbef04ac000 rw-p 00017000 07:00 136635                     /lib/x86_64-linux-gnu/libnsl-2.15.so
7fbef04ac000-7fbef04ae000 rw-p 00000000 00:00 0 
7fbef04ae000-7fbef04b6000 r-xp 00000000 07:00 136636                     /lib/x86_64-linux-gnu/libnss_compat-2.15.so
7fbef04b6000-7fbef06b5000 ---p 00008000 07:00 136636                     /lib/x86_64-linux-gnu/libnss_compat-2.15.so
7fbef06b5000-7fbef06b6000 r--p 00007000 07:00 136636                     /lib/x86_64-linux-gnu/libnss_compat-2.15.so
7fbef06b6000-7fbef06b7000 rw-p 00008000 07:00 136636                     /lib/x86_64-linux-gnu/libnss_compat-2.15.so
7fbef06b7000-7fbef06e3000 r-xp 00000000 07:00 2884085                    /usr/lib/jvm/java-6-openjdk-amd64/jre/lib/amd64/libjava.so
7fbef06e3000-7fbef08e2000 ---p 0002c000 07:00 2884085                    /usr/lib/jvm/java-6-openjdk-amd64/jre/lib/amd64/libjava.so
7fbef08e2000-7fbef08e3000 r--p 0002b000 07:00 2884085                    /usr/lib/jvm/java-6-openjdk-amd64/jre/lib/amd64/libjava.so
7fbef08e3000-7fbef08e6000 rw-p 0002c000 07:00 2884085                    /usr/lib/jvm/java-6-openjdk-amd64/jre/lib/amd64/libjava.so
7fbef08e6000-7fbef08f4000 r-xp 00000000 07:00 2884104                    /usr/lib/jvm/java-6-openjdk-amd64/jre/lib/amd64/libverify.so
7fbef08f4000-7fbef0af3000 ---p 0000e000 07:00 2884104                    /usr/lib/jvm/java-6-openjdk-amd64/jre/lib/amd64/libverify.so
7fbef0af3000-7fbef0af5000 r--p 0000d000 07:00 2884104                    /usr/lib/jvm/java-6-openjdk-amd64/jre/lib/amd64/libverify.so
7fbef0af5000-7fbef0af6000 rw-p 0000f000 07:00 2884104                    /usr/lib/jvm/java-6-openjdk-amd64/jre/lib/amd64/libverify.so
7fbef0af6000-7fbef0afd000 r-xp 00000000 07:00 136656                     /lib/x86_64-linux-gnu/librt-2.15.so
7fbef0afd000-7fbef0cfc000 ---p 00007000 07:00 136656                     /lib/x86_64-linux-gnu/librt-2.15.so
7fbef0cfc000-7fbef0cfd000 r--p 00006000 07:00 136656                     /lib/x86_64-linux-gnu/librt-2.15.so
7fbef0cfd000-7fbef0cfe000 rw-p 00007000 07:00 136656                     /lib/x86_64-linux-gnu/librt-2.15.so
7fbef0cfe000-7fbef0d13000 r-xp 00000000 07:00 136622                     /lib/x86_64-linux-gnu/libgcc_s.so.1
7fbef0d13000-7fbef0f12000 ---p 00015000 07:00 136622                     /lib/x86_64-linux-gnu/libgcc_s.so.1
7fbef0f12000-7fbef0f13000 r--p 00014000 07:00 136622                     /lib/x86_64-linux-gnu/libgcc_s.so.1
7fbef0f13000-7fbef0f14000 rw-p 00015000 07:00 136622                     /lib/x86_64-linux-gnu/libgcc_s.so.1
7fbef0f14000-7fbef100f000 r-xp 00000000 07:00 136628                     /lib/x86_64-linux-gnu/libm-2.15.so
7fbef100f000-7fbef120e000 ---p 000fb000 07:00 136628                     /lib/x86_64-linux-gnu/libm-2.15.so
7fbef120e000-7fbef120f000 r--p 000fa000 07:00 136628                     /lib/x86_64-linux-gnu/libm-2.15.so
7fbef120f000-7fbef1210000 rw-p 000fb000 07:00 136628                     /lib/x86_64-linux-gnu/libm-2.15.so
7fbef1210000-7fbef12f2000 r-xp 00000000 07:00 2767523                    /usr/lib/x86_64-linux-gnu/libstdc++.so.6.0.16
7fbef12f2000-7fbef14f1000 ---p 000e2000 07:00 2767523                    /usr/lib/x86_64-linux-gnu/libstdc++.so.6.0.16
7fbef14f1000-7fbef14f9000 r--p 000e1000 07:00 2767523                    /usr/lib/x86_64-linux-gnu/libstdc++.so.6.0.16
7fbef14f9000-7fbef14fb000 rw-p 000e9000 07:00 2767523                    /usr/lib/x86_64-linux-gnu/libstdc++.so.6.0.16
7fbef14fb000-7fbef1510000 rw-p 00000000 00:00 0 
7fbef1510000-7fbef1e15000 r-xp 00000000 07:00 2884114                    /usr/lib/jvm/java-6-openjdk-amd64/jre/lib/amd64/server/libjvm.so
7fbef1e15000-7fbef2015000 ---p 00905000 07:00 2884114                    /usr/lib/jvm/java-6-openjdk-amd64/jre/lib/amd64/server/libjvm.so
7fbef2015000-7fbef2095000 r--p 00905000 07:00 2884114                    /usr/lib/jvm/java-6-openjdk-amd64/jre/lib/amd64/server/libjvm.so
7fbef2095000-7fbef20b0000 rw-p 00985000 07:00 2884114                    /usr/lib/jvm/java-6-openjdk-amd64/jre/lib/amd64/server/libjvm.so
7fbef20b0000-7fbef20d9000 rw-p 00000000 00:00 0 
7fbef20d9000-7fbef20ef000 r-xp 00000000 07:00 136669                     /lib/x86_64-linux-gnu/libz.so.1.2.3.4
7fbef20ef000-7fbef22ee000 ---p 00016000 07:00 136669                     /lib/x86_64-linux-gnu/libz.so.1.2.3.4
7fbef22ee000-7fbef22ef000 r--p 00015000 07:00 136669                     /lib/x86_64-linux-gnu/libz.so.1.2.3.4
7fbef22ef000-7fbef22f0000 rw-p 00016000 07:00 136669                     /lib/x86_64-linux-gnu/libz.so.1.2.3.4
7fbef22f0000-7fbef24a5000 r-xp 00000000 07:00 136611                     /lib/x86_64-linux-gnu/libc-2.15.so
7fbef24a5000-7fbef26a4000 ---p 001b5000 07:00 136611                     /lib/x86_64-linux-gnu/libc-2.15.so
7fbef26a4000-7fbef26a8000 r--p 001b4000 07:00 136611                     /lib/x86_64-linux-gnu/libc-2.15.so
7fbef26a8000-7fbef26aa000 rw-p 001b8000 07:00 136611                     /lib/x86_64-linux-gnu/libc-2.15.so
7fbef26aa000-7fbef26af000 rw-p 00000000 00:00 0 
7fbef26af000-7fbef26b1000 r-xp 00000000 07:00 136618                     /lib/x86_64-linux-gnu/libdl-2.15.so
7fbef26b1000-7fbef28b1000 ---p 00002000 07:00 136618                     /lib/x86_64-linux-gnu/libdl-2.15.so
7fbef28b1000-7fbef28b2000 r--p 00002000 07:00 136618                     /lib/x86_64-linux-gnu/libdl-2.15.so
7fbef28b2000-7fbef28b3000 rw-p 00003000 07:00 136618                     /lib/x86_64-linux-gnu/libdl-2.15.so
7fbef28b3000-7fbef28b7000 r-xp 00000000 07:00 2884111                    /usr/lib/jvm/java-6-openjdk-amd64/jre/lib/amd64/jli/libjli.so
7fbef28b7000-7fbef2ab6000 ---p 00004000 07:00 2884111                    /usr/lib/jvm/java-6-openjdk-amd64/jre/lib/amd64/jli/libjli.so
7fbef2ab6000-7fbef2ab7000 r--p 00003000 07:00 2884111                    /usr/lib/jvm/java-6-openjdk-amd64/jre/lib/amd64/jli/libjli.so
7fbef2ab7000-7fbef2ab8000 rw-p 00004000 07:00 2884111                    /usr/lib/jvm/java-6-openjdk-amd64/jre/lib/amd64/jli/libjli.so
7fbef2ab8000-7fbef2ad0000 r-xp 00000000 07:00 136653                     /lib/x86_64-linux-gnu/libpthread-2.15.so
7fbef2ad0000-7fbef2ccf000 ---p 00018000 07:00 136653                     /lib/x86_64-linux-gnu/libpthread-2.15.so
7fbef2ccf000-7fbef2cd0000 r--p 00017000 07:00 136653                     /lib/x86_64-linux-gnu/libpthread-2.15.so
7fbef2cd0000-7fbef2cd1000 rw-p 00018000 07:00 136653                     /lib/x86_64-linux-gnu/libpthread-2.15.so
7fbef2cd1000-7fbef2cd5000 rw-p 00000000 00:00 0 
7fbef2cd5000-7fbef2cf7000 r-xp 00000000 07:00 136601                     /lib/x86_64-linux-gnu/ld-2.15.so
7fbef2cf7000-7fbef2d0a000 r--s 00000000 07:00 2229124                    /var/cache/fontconfig/e13b20fdb08344e0e664864cc2ede53d-le64.cache-3
7fbef2d0a000-7fbef2d14000 rw-p 00000000 00:00 0 
7fbef2d14000-7fbef2dca000 rw-p 00000000 00:00 0 
7fbef2dca000-7fbef2dcd000 ---p 00000000 00:00 0 
7fbef2dcd000-7fbef2ecb000 rwxp 00000000 00:00 0 
7fbef2ecb000-7fbef2ed0000 rw-p 00000000 00:00 0 
7fbef2ed0000-7fbef2ed1000 r--s 00000000 07:00 2229117                    /var/cache/fontconfig/b9d506c9ac06c20b433354fa67a72993-le64.cache-3
7fbef2ed1000-7fbef2ed2000 r--s 00000000 07:00 2229104                    /var/cache/fontconfig/56cf4f4769d0f4abc89a4895d7bd3ae1-le64.cache-3
7fbef2ed2000-7fbef2ed3000 r--s 00000000 07:00 2229117                    /var/cache/fontconfig/b9d506c9ac06c20b433354fa67a72993-le64.cache-3
7fbef2ed3000-7fbef2ed8000 r--s 00000000 07:00 2229116                    /var/cache/fontconfig/b47c4e1ecd0709278f4910c18777a504-le64.cache-3
7fbef2ed8000-7fbef2edc000 r--s 00000000 07:00 2229109                    /var/cache/fontconfig/7ef2298fde41cc6eeb7af42e48b7d293-le64.cache-3
7fbef2edc000-7fbef2edd000 r--s 00007000 07:00 1188646                    /usr/share/java/java-atk-wrapper.jar
7fbef2edd000-7fbef2edf000 r--s 00001000 07:00 2884220                    /usr/lib/jvm/java-6-openjdk-common/jre/lib/ext/dnsns.jar
7fbef2edf000-7fbef2ee2000 r--s 00031000 07:00 2884223                    /usr/lib/jvm/java-6-openjdk-common/jre/lib/ext/sunjce_provider.jar
7fbef2ee2000-7fbef2ee4000 r--s 0000f000 07:00 2884222                    /usr/lib/jvm/java-6-openjdk-common/jre/lib/ext/pulse-java.jar
7fbef2ee4000-7fbef2ee8000 r--s 00038000 07:00 2884224                    /usr/lib/jvm/java-6-openjdk-common/jre/lib/ext/sunpkcs11.jar
7fbef2ee8000-7fbef2eeb000 r--s 00077000 07:00 2884221                    /usr/lib/jvm/java-6-openjdk-common/jre/lib/ext/localedata.jar
7fbef2eeb000-7fbef2ef3000 rw-s 00000000 07:00 691                        /tmp/hsperfdata_qyr1987/27812
7fbef2ef3000-7fbef2ef4000 rw-p 00000000 00:00 0 
7fbef2ef4000-7fbef2ef5000 r--p 00000000 00:00 0 
7fbef2ef5000-7fbef2ef7000 rw-p 00000000 00:00 0 
7fbef2ef7000-7fbef2ef8000 r--p 00022000 07:00 136601                     /lib/x86_64-linux-gnu/ld-2.15.so
7fbef2ef8000-7fbef2efa000 rw-p 00023000 07:00 136601                     /lib/x86_64-linux-gnu/ld-2.15.so
7ffffa961000-7ffffa981000 rwxp 00000000 00:00 0                          [stack]
7ffffa981000-7ffffa982000 rw-p 00000000 00:00 0 
7ffffa9e3000-7ffffa9e4000 r-xp 00000000 00:00 0                          [vdso]
ffffffffff600000-ffffffffff601000 r-xp 00000000 00:00 0                  [vsyscall]

VM Arguments:
jvm_args: -Dfile.encoding=UTF-8 
java_command: edu.seas.upenn.ese519.MainFrame
Launcher Type: SUN_STANDARD

Environment Variables:
PATH=/home/qyr1987/bin:/usr/lib/lightdm/lightdm:/usr/local/sbin:/usr/local/bin:/usr/sbin:/usr/bin:/sbin:/bin:/usr/games
LD_LIBRARY_PATH=/usr/lib/jvm/java-6-openjdk-amd64/jre/lib/amd64/server:/usr/lib/jvm/java-6-openjdk-amd64/jre/lib/amd64:/usr/lib/jvm/java-6-openjdk-amd64/jre/../lib/amd64
SHELL=/bin/bash
DISPLAY=:0

Signal Handlers:
SIGSEGV: [libjvm.so+0x7852e0], sa_mask[0]=0x7ffbfeff, sa_flags=0x10000004
SIGBUS: [libjvm.so+0x7852e0], sa_mask[0]=0x7ffbfeff, sa_flags=0x10000004
SIGFPE: [libjvm.so+0x648d40], sa_mask[0]=0x7ffbfeff, sa_flags=0x10000004
SIGPIPE: [libjvm.so+0x648d40], sa_mask[0]=0x7ffbfeff, sa_flags=0x10000004
SIGXFSZ: [libjvm.so+0x648d40], sa_mask[0]=0x7ffbfeff, sa_flags=0x10000004
SIGILL: [libjvm.so+0x648d40], sa_mask[0]=0x7ffbfeff, sa_flags=0x10000004
SIGUSR1: SIG_DFL, sa_mask[0]=0x00000000, sa_flags=0x00000000
SIGUSR2: [libjvm.so+0x648ef0], sa_mask[0]=0x00000004, sa_flags=0x10000004
SIGHUP: [libjvm.so+0x64ba10], sa_mask[0]=0x7ffbfeff, sa_flags=0x10000004
SIGINT: [libjvm.so+0x64ba10], sa_mask[0]=0x7ffbfeff, sa_flags=0x10000004
SIGTERM: [libjvm.so+0x64ba10], sa_mask[0]=0x7ffbfeff, sa_flags=0x10000004
SIGQUIT: [libjvm.so+0x64ba10], sa_mask[0]=0x7ffbfeff, sa_flags=0x10000004


---------------  S Y S T E M  ---------------

OS:Ubuntu 12.04 (precise)
uname:Linux 3.2.0-33-generic #52-Ubuntu SMP Thu Oct 18 16:29:15 UTC 2012 x86_64
libc:glibc 2.15 NPTL 2.15 
rlimit: STACK 8192k, CORE 0k, NPROC 62854, NOFILE 4096, AS infinity
load average:0.27 0.38 0.36

/proc/meminfo:
MemTotal:        8062936 kB
MemFree:         1377620 kB
Buffers:         1504460 kB
Cached:          2018644 kB
SwapCached:          188 kB
Active:          3766600 kB
Inactive:        2429572 kB
Active(anon):    2317212 kB
Inactive(anon):   863580 kB
Active(file):    1449388 kB
Inactive(file):  1565992 kB
Unevictable:        2708 kB
Mlocked:              32 kB
SwapTotal:        262140 kB
SwapFree:         230184 kB
Dirty:                88 kB
Writeback:             0 kB
AnonPages:       2675680 kB
Mapped:           212032 kB
Shmem:            505048 kB
Slab:             309736 kB
SReclaimable:     233184 kB
SUnreclaim:        76552 kB
KernelStack:        5096 kB
PageTables:        50364 kB
NFS_Unstable:          0 kB
Bounce:                0 kB
WritebackTmp:          0 kB
CommitLimit:     4293608 kB
Committed_AS:    6835476 kB
VmallocTotal:   34359738367 kB
VmallocUsed:      414676 kB
VmallocChunk:   34359270948 kB
HardwareCorrupted:     0 kB
AnonHugePages:         0 kB
HugePages_Total:       0
HugePages_Free:        0
HugePages_Rsvd:        0
HugePages_Surp:        0
Hugepagesize:       2048 kB
DirectMap4k:      137216 kB
DirectMap2M:     8142848 kB


CPU:total 4 (2 cores per cpu, 2 threads per core) family 6 model 42 stepping 7, cmov, cx8, fxsr, mmx, sse, sse2, sse3, ssse3, sse4.1, sse4.2, popcnt, ht

Memory: 4k page, physical 8062936k(1377620k free), swap 262140k(230184k free)

vm_info: OpenJDK 64-Bit Server VM (20.0-b12) for linux-amd64 JRE (1.6.0_24-b24), built on Oct 24 2012 16:17:28 by "buildd" with gcc 4.6.3

time: Mon Nov 26 15:30:36 2012
elapsed time: 2 seconds

