#
# A fatal error has been detected by the Java Runtime Environment:
#
#  SIGSEGV (0xb) at pc=0x00007f9ee5d7759d, pid=26591, tid=140320142599936
#
# JRE version: 6.0_24-b24
# Java VM: OpenJDK 64-Bit Server VM (20.0-b12 mixed mode linux-amd64 compressed oops)
# Derivative: IcedTea6 1.11.5
# Distribution: Ubuntu 12.04 LTS, package 6b24-1.11.5-0ubuntu1~12.04.1
# Problematic frame:
# C  [libXnVFeatures_1_5_2.so+0x8b59d]  Segmentation::detectionByPoint(bool, std::vector<Vector2D<int>, std::allocator<Vector2D<int> > > const*)+0x8d
#
# If you would like to submit a bug report, please include
# instructions how to reproduce the bug and visit:
#   https://bugs.launchpad.net/ubuntu/+source/openjdk-6/
# The crash happened outside the Java Virtual Machine in native code.
# See problematic frame for where to report the bug.
#

---------------  T H R E A D  ---------------

Current thread (0x00007f9e90010000):  JavaThread "Thread-3" [_thread_in_native, id=26629, stack(0x00007f9ed4312000,0x00007f9ed4413000)]

siginfo:si_signo=SIGSEGV: si_errno=0, si_code=2 (SEGV_ACCERR), si_addr=0x00007f9e7c0a3444

Registers:
RAX=0x0000000000000102, RBX=0x00007f9e7c000c90, RCX=0x00007f9e7c096cc0, RDX=0x000000000000009e
RSP=0x00007f9ed4411380, RBP=0x00007f9edda09e60, RSI=0x00000000000063c2, RDI=0x00007f9edda09fe0
R8 =0x0000000000000000, R9 =0x0101010101010101, R10=0x00007f9eddac8a21, R11=0x00007f9ef95f4c9c
R12=0x00007f9ee6319d88, R13=0x00007f9ed44114e0, R14=0x00007f9edca79050, R15=0x0000000000000000
RIP=0x00007f9ee5d7759d, EFLAGS=0x0000000000010202, CSGSFS=0x0000000000000033, ERR=0x0000000000000004
  TRAPNO=0x000000000000000e

Top of Stack: (sp=0x00007f9ed4411380)
0x00007f9ed4411380:   00007f9e7c0a02d0 7fffffff00000000
0x00007f9ed4411390:   00007f9e7c0a02d0 00007f9edda09fe0
0x00007f9ed44113a0:   00007f9edda0b2e0 00007f9edda09e60
0x00007f9ed44113b0:   00007f9edda09fe0 00007f9edda04d80
0x00007f9ed44113c0:   00007f9ed44114e0 00007f9edca79050
0x00007f9ed44113d0:   0000000000000000 00007f9ee5d7ebc0
0x00007f9ed44113e0:   00000000002f822d 00000000002f822d
0x00007f9ed44113f0:   0000000000000000 3ff0000000000000
0x00007f9ed4411400:   00007f9ee631a5a8 0000000000000001
0x00007f9ed4411410:   0000000000000040 00007f9edca79010
0x00007f9ed4411420:   00007f9edda04d80 00007f9edd9e3f88
0x00007f9ed4411430:   00007f9edca79050 00007f9edca79028
0x00007f9ed4411440:   00007f9ed44114e0 00007f9ee5d6799b
0x00007f9ed4411450:   00007f9eddafa190 0000000000000008
0x00007f9ed4411460:   00000000002f67c3 00000000002f67c3
0x00007f9ed4411470:   0000000000000000 3ff0000000000000
0x00007f9ed4411480:   0000000000000000 00007f9ee5d418bd
0x00007f9ed4411490:   00007f9ed4411500 00007f9eec2ea01c
0x00007f9ed44114a0:   0000000000000001 00007f9eec2ea000
0x00007f9ed44114b0:   00007f9ef0c65200 00007f9ef02c3120
0x00007f9ed44114c0:   00007f9e90010000 00007f9ee5d3d03f
0x00007f9ed44114d0:   000000000000013c 00007f9ee78a7489
0x00007f9ed44114e0:   00007f9e7c000c90 00007f9e7c000c98
0x00007f9ed44114f0:   00007f9e7c000c98 00007f9e7c000b71
0x00007f9ed4411500:   0000009e00000102 00007f9ef0c65200
0x00007f9ed4411510:   00007f9ef0c65200 00007f9ef0c65200
0x00007f9ed4411520:   00007f9ef12d7970 0000000000000051
0x00007f9ed4411530:   00007f9e95e1d5a0 00007f9ee5d3d5bf
0x00007f9ed4411540:   00007f9ee6301af0 00007f9ef85404ec
0x00007f9ed4411550:   00007f9ee6303d10 0000000000000000
0x00007f9ed4411560:   0000000000263025 0009600000000001
0x00007f9ed4411570:   ffffffff00000001 00007f9ed44115b4 

Instructions: (pc=0x00007f9ee5d7759d)
0x00007f9ee5d7757d:   39 5d 08 0f 84 d2 01 00 00 8b 53 04 41 8b 74 24
0x00007f9ee5d7758d:   3c 49 8b 4c 24 28 8b 03 0f af f2 48 8b 09 01 c6
0x00007f9ee5d7759d:   66 83 3c 71 00 74 d4 48 63 8d 88 01 00 00 48 8b
0x00007f9ee5d775ad:   7c 24 18 48 69 c9 d8 03 00 00 48 8d 74 0f 10 48 

Register to memory mapping:

RAX=0x0000000000000102 is an unknown value
RBX=0x00007f9e7c000c90 is an unknown value
RCX=0x00007f9e7c096cc0 is an unknown value
RDX=0x000000000000009e is an unknown value
RSP=0x00007f9ed4411380 is pointing into the stack for thread: 0x00007f9e90010000
RBP=0x00007f9edda09e60 is an unknown value
RSI=0x00000000000063c2 is an unknown value
RDI=0x00007f9edda09fe0 is an unknown value
R8 =0x0000000000000000 is an unknown value
R9 =0x0101010101010101 is an unknown value
R10=0x00007f9eddac8a21 is an unknown value
R11=0x00007f9ef95f4c9c: <offset 0x8bc9c> in /lib/x86_64-linux-gnu/libc.so.6 at 0x00007f9ef9569000
R12=0x00007f9ee6319d88: <offset 0x62dd88> in /usr/lib/libXnVFeatures_1_5_2.so at 0x00007f9ee5cec000
R13=0x00007f9ed44114e0 is pointing into the stack for thread: 0x00007f9e90010000
R14=0x00007f9edca79050 is an unknown value
R15=0x0000000000000000 is an unknown value


Stack: [0x00007f9ed4312000,0x00007f9ed4413000],  sp=0x00007f9ed4411380,  free space=1020k
Native frames: (J=compiled Java code, j=interpreted, Vv=VM code, C=native code)
C  [libXnVFeatures_1_5_2.so+0x8b59d]  Segmentation::detectionByPoint(bool, std::vector<Vector2D<int>, std::allocator<Vector2D<int> > > const*)+0x8d

Java frames: (J=compiled Java code, j=interpreted, Vv=VM code)
j  org.OpenNI.NativeMethods.xnWaitAnyUpdateAll(J)I+0
j  org.OpenNI.Context.waitAnyUpdateAll()V+4
j  edu.seas.upenn.ese519.OverlayPanel.run()V+12
j  java.lang.Thread.run()V+11
v  ~StubRoutines::call_stub

---------------  P R O C E S S  ---------------

Java Threads: ( => current thread )
  0x00007f9e90011800 JavaThread "Thread-4" [_thread_blocked, id=26630, stack(0x00007f9ed4211000,0x00007f9ed4312000)]
=>0x00007f9e90010000 JavaThread "Thread-3" [_thread_in_native, id=26629, stack(0x00007f9ed4312000,0x00007f9ed4413000)]
  0x00007f9e9000e800 JavaThread "Thread-2" [_thread_blocked, id=26628, stack(0x00007f9ed4413000,0x00007f9ed4514000)]
  0x00007f9e9000d000 JavaThread "Thread-1" [_thread_blocked, id=26627, stack(0x00007f9ed4514000,0x00007f9ed4615000)]
  0x00007f9ef0007800 JavaThread "DestroyJavaVM" [_thread_blocked, id=26596, stack(0x00007f9efa043000,0x00007f9efa144000)]
  0x00007f9e95e3b000 JavaThread "AWT-EventQueue-0" [_thread_blocked, id=26622, stack(0x00007f9ed4a34000,0x00007f9ed4b35000)]
  0x00007f9e95e37800 JavaThread "AWT-Shutdown" [_thread_blocked, id=26621, stack(0x00007f9ed4b35000,0x00007f9ed4c36000)]
  0x00007f9ef029c000 JavaThread "AWT-XAWT" daemon [_thread_in_native, id=26610, stack(0x00007f9ee7cf9000,0x00007f9ee7dfa000)]
  0x00007f9ef0130800 JavaThread "Java2D Disposer" daemon [_thread_blocked, id=26609, stack(0x00007f9ef40b3000,0x00007f9ef41b4000)]
  0x00007f9ef009e000 JavaThread "Low Memory Detector" daemon [_thread_blocked, id=26607, stack(0x00007f9ef516a000,0x00007f9ef526b000)]
  0x00007f9ef009b800 JavaThread "C2 CompilerThread1" daemon [_thread_blocked, id=26606, stack(0x00007f9ef526b000,0x00007f9ef536c000)]
  0x00007f9ef0098800 JavaThread "C2 CompilerThread0" daemon [_thread_blocked, id=26605, stack(0x00007f9ef536c000,0x00007f9ef546d000)]
  0x00007f9ef0097800 JavaThread "Signal Dispatcher" daemon [_thread_blocked, id=26604, stack(0x00007f9ef546d000,0x00007f9ef556e000)]
  0x00007f9ef0078000 JavaThread "Finalizer" daemon [_thread_blocked, id=26603, stack(0x00007f9ef59e2000,0x00007f9ef5ae3000)]
  0x00007f9ef0076000 JavaThread "Reference Handler" daemon [_thread_blocked, id=26602, stack(0x00007f9ef5ae3000,0x00007f9ef5be4000)]

Other Threads:
  0x00007f9ef006f000 VMThread [stack: 0x00007f9ef5be4000,0x00007f9ef5ce5000] [id=26601]
  0x00007f9ef00a8800 WatcherThread [stack: 0x00007f9ef5069000,0x00007f9ef516a000] [id=26608]

VM state:not at safepoint (normal execution)

VM Mutex/Monitor currently owned by a thread: None

Heap
 PSYoungGen      total 36736K, used 9338K [0x00000007d6f60000, 0x00000007d9860000, 0x0000000800000000)
  eden space 31488K, 29% used [0x00000007d6f60000,0x00000007d787ebd8,0x00000007d8e20000)
  from space 5248K, 0% used [0x00000007d9340000,0x00000007d9340000,0x00000007d9860000)
  to   space 5248K, 0% used [0x00000007d8e20000,0x00000007d8e20000,0x00000007d9340000)
 PSOldGen        total 84032K, used 0K [0x0000000784e00000, 0x000000078a010000, 0x00000007d6f60000)
  object space 84032K, 0% used [0x0000000784e00000,0x0000000784e00000,0x000000078a010000)
 PSPermGen       total 21248K, used 12925K [0x000000077a800000, 0x000000077bcc0000, 0x0000000784e00000)
  object space 21248K, 60% used [0x000000077a800000,0x000000077b49f4f0,0x000000077bcc0000)

Code Cache  [0x00007f9eed000000, 0x00007f9eed270000, 0x00007f9ef0000000)
 total_blobs=479 nmethods=30 adapters=404 free_code_cache=49727424 largest_free_block=6080

Dynamic libraries:
00400000-00409000 r-xp 00000000 07:00 2884059                            /usr/lib/jvm/java-6-openjdk-amd64/jre/bin/java
00608000-00609000 r--p 00008000 07:00 2884059                            /usr/lib/jvm/java-6-openjdk-amd64/jre/bin/java
00609000-0060a000 rw-p 00009000 07:00 2884059                            /usr/lib/jvm/java-6-openjdk-amd64/jre/bin/java
00fd4000-00ff5000 rw-p 00000000 00:00 0                                  [heap]
77a800000-77bcc0000 rw-p 00000000 00:00 0 
77bcc0000-784e00000 rw-p 00000000 00:00 0 
784e00000-78a010000 rw-p 00000000 00:00 0 
78a010000-7d6f60000 rw-p 00000000 00:00 0 
7d6f60000-7d9860000 rw-p 00000000 00:00 0 
7d9860000-800000000 rw-p 00000000 00:00 0 
7f9e7c000000-7f9e7c18a000 rw-p 00000000 00:00 0 
7f9e7c18a000-7f9e80000000 ---p 00000000 00:00 0 
7f9e80000000-7f9e80021000 rw-p 00000000 00:00 0 
7f9e80021000-7f9e84000000 ---p 00000000 00:00 0 
7f9e84000000-7f9e84021000 rw-p 00000000 00:00 0 
7f9e84021000-7f9e88000000 ---p 00000000 00:00 0 
7f9e88000000-7f9e88021000 rw-p 00000000 00:00 0 
7f9e88021000-7f9e8c000000 ---p 00000000 00:00 0 
7f9e8c000000-7f9e8c021000 rw-p 00000000 00:00 0 
7f9e8c021000-7f9e90000000 ---p 00000000 00:00 0 
7f9e90000000-7f9e90021000 rw-p 00000000 00:00 0 
7f9e90021000-7f9e94000000 ---p 00000000 00:00 0 
7f9e94000000-7f9e95eb2000 rw-p 00000000 00:00 0 
7f9e95eb2000-7f9e98000000 ---p 00000000 00:00 0 
7f9e9b413000-7f9ea0000000 rw-p 00000000 00:00 0 
7f9ea0000000-7f9ea0026000 rw-p 00000000 00:00 0 
7f9ea0026000-7f9ea4000000 ---p 00000000 00:00 0 
7f9ea4000000-7f9ea4029000 rw-p 00000000 00:00 0 
7f9ea4029000-7f9ea8000000 ---p 00000000 00:00 0 
7f9ea8000000-7f9ea8021000 rw-p 00000000 00:00 0 
7f9ea8021000-7f9eac000000 ---p 00000000 00:00 0 
7f9eac000000-7f9eac021000 rw-p 00000000 00:00 0 
7f9eac021000-7f9eb0000000 ---p 00000000 00:00 0 
7f9eb0000000-7f9eb0021000 rw-p 00000000 00:00 0 
7f9eb0021000-7f9eb4000000 ---p 00000000 00:00 0 
7f9eb4000000-7f9eb4021000 rw-p 00000000 00:00 0 
7f9eb4021000-7f9eb8000000 ---p 00000000 00:00 0 
7f9eb8000000-7f9eb839a000 rw-p 00000000 00:00 0 
7f9eb839a000-7f9ebc000000 ---p 00000000 00:00 0 
7f9ebc000000-7f9ebc2d1000 rw-p 00000000 00:00 0 
7f9ebc2d1000-7f9ec0000000 ---p 00000000 00:00 0 
7f9ec0000000-7f9ec0021000 rw-p 00000000 00:00 0 
7f9ec0021000-7f9ec4000000 ---p 00000000 00:00 0 
7f9ec4000000-7f9ec4021000 rw-p 00000000 00:00 0 
7f9ec4021000-7f9ec8000000 ---p 00000000 00:00 0 
7f9ec8000000-7f9ec8021000 rw-p 00000000 00:00 0 
7f9ec8021000-7f9ecc000000 ---p 00000000 00:00 0 
7f9ecc000000-7f9ecc021000 rw-p 00000000 00:00 0 
7f9ecc021000-7f9ed0000000 ---p 00000000 00:00 0 
7f9ed0000000-7f9ed0021000 rw-p 00000000 00:00 0 
7f9ed0021000-7f9ed4000000 ---p 00000000 00:00 0 
7f9ed4211000-7f9ed4214000 ---p 00000000 00:00 0 
7f9ed4214000-7f9ed4312000 rwxp 00000000 00:00 0 
7f9ed4312000-7f9ed4315000 ---p 00000000 00:00 0 
7f9ed4315000-7f9ed4413000 rwxp 00000000 00:00 0 
7f9ed4413000-7f9ed4416000 ---p 00000000 00:00 0 
7f9ed4416000-7f9ed4514000 rwxp 00000000 00:00 0 
7f9ed4514000-7f9ed4517000 ---p 00000000 00:00 0 
7f9ed4517000-7f9ed4615000 rwxp 00000000 00:00 0 
7f9ed4615000-7f9ed461d000 r-xp 00000000 07:00 2884097                    /usr/lib/jvm/java-6-openjdk-amd64/jre/lib/amd64/libnio.so
7f9ed461d000-7f9ed481c000 ---p 00008000 07:00 2884097                    /usr/lib/jvm/java-6-openjdk-amd64/jre/lib/amd64/libnio.so
7f9ed481c000-7f9ed481d000 r--p 00007000 07:00 2884097                    /usr/lib/jvm/java-6-openjdk-amd64/jre/lib/amd64/libnio.so
7f9ed481d000-7f9ed481e000 rw-p 00008000 07:00 2884097                    /usr/lib/jvm/java-6-openjdk-amd64/jre/lib/amd64/libnio.so
7f9ed481e000-7f9ed4833000 r-xp 00000000 07:00 2884096                    /usr/lib/jvm/java-6-openjdk-amd64/jre/lib/amd64/libnet.so
7f9ed4833000-7f9ed4a32000 ---p 00015000 07:00 2884096                    /usr/lib/jvm/java-6-openjdk-amd64/jre/lib/amd64/libnet.so
7f9ed4a32000-7f9ed4a33000 r--p 00014000 07:00 2884096                    /usr/lib/jvm/java-6-openjdk-amd64/jre/lib/amd64/libnet.so
7f9ed4a33000-7f9ed4a34000 rw-p 00015000 07:00 2884096                    /usr/lib/jvm/java-6-openjdk-amd64/jre/lib/amd64/libnet.so
7f9ed4a34000-7f9ed4a37000 ---p 00000000 00:00 0 
7f9ed4a37000-7f9ed4b35000 rwxp 00000000 00:00 0 
7f9ed4b35000-7f9ed4b38000 ---p 00000000 00:00 0 
7f9ed4b38000-7f9ed4c36000 rwxp 00000000 00:00 0 
7f9ed4c36000-7f9ed4d19000 rw-p 00000000 00:00 0 
7f9ed4d19000-7f9ed6399000 r--s 00000000 00:12 1365013                    /run/shm/26612_045e.02ae@1.52_Image
7f9ed6399000-7f9ed68dc000 rw-p 00000000 00:00 0 
7f9ed68dd000-7f9ed8000000 rw-p 00000000 00:00 0 
7f9ed8000000-7f9ed8021000 rw-p 00000000 00:00 0 
7f9ed8021000-7f9edc000000 ---p 00000000 00:00 0 
7f9edc036000-7f9eddafb000 rw-p 00000000 00:00 0 
7f9eddafb000-7f9ede203000 r--s 00000000 00:12 1365011                    /run/shm/26612_045e.02ae@1.52_Depth
7f9ede203000-7f9ede330000 rw-p 00000000 00:00 0 
7f9ede330000-7f9ede331000 ---p 00000000 00:00 0 
7f9ede331000-7f9edeb31000 rwxp 00000000 00:00 0 
7f9edeb31000-7f9edf0f7000 rw-p 00000000 00:00 0 
7f9edf0f7000-7f9edf7ff000 r--s 00000000 00:12 1365011                    /run/shm/26612_045e.02ae@1.52_Depth
7f9edf7ff000-7f9edf800000 ---p 00000000 00:00 0 
7f9edf800000-7f9ee0000000 rwxp 00000000 00:00 0 
7f9ee0000000-7f9ee0021000 rw-p 00000000 00:00 0 
7f9ee0021000-7f9ee4000000 ---p 00000000 00:00 0 
7f9ee401a000-7f9ee45df000 rw-p 00000000 00:00 0 
7f9ee45df000-7f9ee4606000 r-xp 00000000 07:00 2759918                    /usr/lib/libXnDeviceFile.so
7f9ee4606000-7f9ee4806000 ---p 00027000 07:00 2759918                    /usr/lib/libXnDeviceFile.so
7f9ee4806000-7f9ee4808000 r--p 00027000 07:00 2759918                    /usr/lib/libXnDeviceFile.so
7f9ee4808000-7f9ee4809000 rw-p 00029000 07:00 2759918                    /usr/lib/libXnDeviceFile.so
7f9ee4809000-7f9ee4851000 r-xp 00000000 07:00 2759917                    /usr/lib/libXnDDK.so
7f9ee4851000-7f9ee4a51000 ---p 00048000 07:00 2759917                    /usr/lib/libXnDDK.so
7f9ee4a51000-7f9ee4a54000 r--p 00048000 07:00 2759917                    /usr/lib/libXnDDK.so
7f9ee4a54000-7f9ee4a56000 rw-p 0004b000 07:00 2759917                    /usr/lib/libXnDDK.so
7f9ee4a56000-7f9ee4a7a000 r-xp 00000000 07:00 2759920                    /usr/lib/libXnFormats.so
7f9ee4a7a000-7f9ee4c7a000 ---p 00024000 07:00 2759920                    /usr/lib/libXnFormats.so
7f9ee4c7a000-7f9ee4c7b000 r--p 00024000 07:00 2759920                    /usr/lib/libXnFormats.so
7f9ee4c7b000-7f9ee4c7c000 rw-p 00025000 07:00 2759920                    /usr/lib/libXnFormats.so
7f9ee4c7c000-7f9ee4c9c000 rw-p 00000000 00:00 0 
7f9ee4c9c000-7f9ee4c9f000 r-xp 00000000 07:00 2759916                    /usr/lib/libXnCore.so
7f9ee4c9f000-7f9ee4e9e000 ---p 00003000 07:00 2759916                    /usr/lib/libXnCore.so
7f9ee4e9e000-7f9ee4e9f000 r--p 00002000 07:00 2759916                    /usr/lib/libXnCore.so
7f9ee4e9f000-7f9ee4ea0000 rw-p 00003000 07:00 2759916                    /usr/lib/libXnCore.so
7f9ee4ea0000-7f9ee4f29000 r-xp 00000000 07:00 2759919                    /usr/lib/libXnDeviceSensorV2KM.so
7f9ee4f29000-7f9ee5128000 ---p 00089000 07:00 2759919                    /usr/lib/libXnDeviceSensorV2KM.so
7f9ee5128000-7f9ee5138000 r--p 00088000 07:00 2759919                    /usr/lib/libXnDeviceSensorV2KM.so
7f9ee5138000-7f9ee5139000 rw-p 00098000 07:00 2759919                    /usr/lib/libXnDeviceSensorV2KM.so
7f9ee5139000-7f9ee522d000 r-xp 00000000 07:00 2759934                    /usr/lib/libXnVHandGenerator_1_5_2.so
7f9ee522d000-7f9ee542c000 ---p 000f4000 07:00 2759934                    /usr/lib/libXnVHandGenerator_1_5_2.so
7f9ee542c000-7f9ee5431000 r--p 000f3000 07:00 2759934                    /usr/lib/libXnVHandGenerator_1_5_2.so
7f9ee5431000-7f9ee5432000 rw-p 000f8000 07:00 2759934                    /usr/lib/libXnVHandGenerator_1_5_2.so
7f9ee5432000-7f9ee5440000 rw-p 00000000 00:00 0 
7f9ee5440000-7f9ee5518000 r-xp 00000000 07:00 2759933                    /usr/lib/libXnVHandGenerator_1_4_2.so
7f9ee5518000-7f9ee5717000 ---p 000d8000 07:00 2759933                    /usr/lib/libXnVHandGenerator_1_4_2.so
7f9ee5717000-7f9ee571c000 r--p 000d7000 07:00 2759933                    /usr/lib/libXnVHandGenerator_1_4_2.so
7f9ee571c000-7f9ee571d000 rw-p 000dc000 07:00 2759933                    /usr/lib/libXnVHandGenerator_1_4_2.so
7f9ee571d000-7f9ee5720000 rw-p 00000000 00:00 0 
7f9ee5720000-7f9ee57f8000 r-xp 00000000 07:00 2759932                    /usr/lib/libXnVHandGenerator_1_4_1.so
7f9ee57f8000-7f9ee59f7000 ---p 000d8000 07:00 2759932                    /usr/lib/libXnVHandGenerator_1_4_1.so
7f9ee59f7000-7f9ee59fc000 r--p 000d7000 07:00 2759932                    /usr/lib/libXnVHandGenerator_1_4_1.so
7f9ee59fc000-7f9ee59fd000 rw-p 000dc000 07:00 2759932                    /usr/lib/libXnVHandGenerator_1_4_1.so
7f9ee59fd000-7f9ee5a00000 rw-p 00000000 00:00 0 
7f9ee5a00000-7f9ee5ae3000 r-xp 00000000 07:00 2759931                    /usr/lib/libXnVHandGenerator_1_3_1.so
7f9ee5ae3000-7f9ee5ce3000 ---p 000e3000 07:00 2759931                    /usr/lib/libXnVHandGenerator_1_3_1.so
7f9ee5ce3000-7f9ee5ce8000 r--p 000e3000 07:00 2759931                    /usr/lib/libXnVHandGenerator_1_3_1.so
7f9ee5ce8000-7f9ee5ce9000 rw-p 000e8000 07:00 2759931                    /usr/lib/libXnVHandGenerator_1_3_1.so
7f9ee5ce9000-7f9ee5cec000 rw-p 00000000 00:00 0 
7f9ee5cec000-7f9ee6101000 r-xp 00000000 07:00 2759929                    /usr/lib/libXnVFeatures_1_5_2.so
7f9ee6101000-7f9ee6301000 ---p 00415000 07:00 2759929                    /usr/lib/libXnVFeatures_1_5_2.so
7f9ee6301000-7f9ee6312000 r--p 00415000 07:00 2759929                    /usr/lib/libXnVFeatures_1_5_2.so
7f9ee6312000-7f9ee6314000 rw-p 00426000 07:00 2759929                    /usr/lib/libXnVFeatures_1_5_2.so
7f9ee6314000-7f9ee6329000 rw-p 00000000 00:00 0 
7f9ee6329000-7f9ee6520000 r-xp 00000000 07:00 2759928                    /usr/lib/libXnVFeatures_1_4_2.so
7f9ee6520000-7f9ee671f000 ---p 001f7000 07:00 2759928                    /usr/lib/libXnVFeatures_1_4_2.so
7f9ee671f000-7f9ee6725000 r--p 001f6000 07:00 2759928                    /usr/lib/libXnVFeatures_1_4_2.so
7f9ee6725000-7f9ee6726000 rw-p 001fc000 07:00 2759928                    /usr/lib/libXnVFeatures_1_4_2.so
7f9ee6726000-7f9ee672c000 rw-p 00000000 00:00 0 
7f9ee672c000-7f9ee6923000 r-xp 00000000 07:00 2759927                    /usr/lib/libXnVFeatures_1_4_1.so
7f9ee6923000-7f9ee6b22000 ---p 001f7000 07:00 2759927                    /usr/lib/libXnVFeatures_1_4_1.so
7f9ee6b22000-7f9ee6b28000 r--p 001f6000 07:00 2759927                    /usr/lib/libXnVFeatures_1_4_1.so
7f9ee6b28000-7f9ee6b29000 rw-p 001fc000 07:00 2759927                    /usr/lib/libXnVFeatures_1_4_1.so
7f9ee6b29000-7f9ee6b2f000 rw-p 00000000 00:00 0 
7f9ee6b2f000-7f9ee6d74000 r-xp 00000000 07:00 2759926                    /usr/lib/libXnVFeatures_1_3_1.so
7f9ee6d74000-7f9ee6f74000 ---p 00245000 07:00 2759926                    /usr/lib/libXnVFeatures_1_3_1.so
7f9ee6f74000-7f9ee6f7a000 r--p 00245000 07:00 2759926                    /usr/lib/libXnVFeatures_1_3_1.so
7f9ee6f7a000-7f9ee6f7b000 rw-p 0024b000 07:00 2759926                    /usr/lib/libXnVFeatures_1_3_1.so
7f9ee6f7b000-7f9ee6f82000 rw-p 00000000 00:00 0 
7f9ee6f82000-7f9ee6fa0000 r-xp 00000000 07:00 2760368                    /usr/lib/libnimRecorder.so
7f9ee6fa0000-7f9ee719f000 ---p 0001e000 07:00 2760368                    /usr/lib/libnimRecorder.so
7f9ee719f000-7f9ee71a1000 r--p 0001d000 07:00 2760368                    /usr/lib/libnimRecorder.so
7f9ee71a1000-7f9ee71a2000 rw-p 0001f000 07:00 2760368                    /usr/lib/libnimRecorder.so
7f9ee71a2000-7f9ee71d8000 r-xp 00000000 07:00 2760366                    /usr/lib/libnimCodecs.so
7f9ee71d8000-7f9ee73d8000 ---p 00036000 07:00 2760366                    /usr/lib/libnimCodecs.so
7f9ee73d8000-7f9ee73db000 r--p 00036000 07:00 2760366                    /usr/lib/libnimCodecs.so
7f9ee73db000-7f9ee73dc000 rw-p 00039000 07:00 2760366                    /usr/lib/libnimCodecs.so
7f9ee73dc000-7f9ee73fc000 rw-p 00000000 00:00 0 
7f9ee73fc000-7f9ee7433000 r-xp 00000000 07:00 2760367                    /usr/lib/libnimMockNodes.so
7f9ee7433000-7f9ee7632000 ---p 00037000 07:00 2760367                    /usr/lib/libnimMockNodes.so
7f9ee7632000-7f9ee763f000 r--p 00036000 07:00 2760367                    /usr/lib/libnimMockNodes.so
7f9ee763f000-7f9ee7640000 rw-p 00043000 07:00 2760367                    /usr/lib/libnimMockNodes.so
7f9ee7640000-7f9ee764e000 r-xp 00000000 07:00 136665                     /lib/x86_64-linux-gnu/libusb-1.0.so.0.1.0
7f9ee764e000-7f9ee784d000 ---p 0000e000 07:00 136665                     /lib/x86_64-linux-gnu/libusb-1.0.so.0.1.0
7f9ee784d000-7f9ee784e000 r--p 0000d000 07:00 136665                     /lib/x86_64-linux-gnu/libusb-1.0.so.0.1.0
7f9ee784e000-7f9ee784f000 rw-p 0000e000 07:00 136665                     /lib/x86_64-linux-gnu/libusb-1.0.so.0.1.0
7f9ee784f000-7f9ee78cc000 r-xp 00000000 07:00 2759909                    /usr/lib/libOpenNI.so
7f9ee78cc000-7f9ee7acb000 ---p 0007d000 07:00 2759909                    /usr/lib/libOpenNI.so
7f9ee7acb000-7f9ee7ace000 r--p 0007c000 07:00 2759909                    /usr/lib/libOpenNI.so
7f9ee7ace000-7f9ee7ad1000 rw-p 0007f000 07:00 2759909                    /usr/lib/libOpenNI.so
7f9ee7ad1000-7f9ee7ad2000 rw-p 00000000 00:00 0 
7f9ee7ad2000-7f9ee7af6000 r-xp 00000000 07:00 2759908                    /usr/lib/libOpenNI.jni.so
7f9ee7af6000-7f9ee7cf5000 ---p 00024000 07:00 2759908                    /usr/lib/libOpenNI.jni.so
7f9ee7cf5000-7f9ee7cf6000 r--p 00023000 07:00 2759908                    /usr/lib/libOpenNI.jni.so
7f9ee7cf6000-7f9ee7cf9000 rw-p 00024000 07:00 2759908                    /usr/lib/libOpenNI.jni.so
7f9ee7cf9000-7f9ee7dfa000 rwxp 00000000 00:00 0 
7f9ee7dfa000-7f9ee7dff000 r-xp 00000000 07:00 2766745                    /usr/lib/x86_64-linux-gnu/libXfixes.so.3.1.0
7f9ee7dff000-7f9ee7ffe000 ---p 00005000 07:00 2766745                    /usr/lib/x86_64-linux-gnu/libXfixes.so.3.1.0
7f9ee7ffe000-7f9ee7fff000 r--p 00004000 07:00 2766745                    /usr/lib/x86_64-linux-gnu/libXfixes.so.3.1.0
7f9ee7fff000-7f9ee8000000 rw-p 00005000 07:00 2766745                    /usr/lib/x86_64-linux-gnu/libXfixes.so.3.1.0
7f9ee8000000-7f9ee8021000 rw-p 00000000 00:00 0 
7f9ee8021000-7f9eec000000 ---p 00000000 00:00 0 
7f9eec025000-7f9eec0bc000 rw-p 00000000 00:00 0 
7f9eec0bc000-7f9eec0c5000 r-xp 00000000 07:00 2766737                    /usr/lib/x86_64-linux-gnu/libXcursor.so.1.0.2
7f9eec0c5000-7f9eec2c4000 ---p 00009000 07:00 2766737                    /usr/lib/x86_64-linux-gnu/libXcursor.so.1.0.2
7f9eec2c4000-7f9eec2c5000 r--p 00008000 07:00 2766737                    /usr/lib/x86_64-linux-gnu/libXcursor.so.1.0.2
7f9eec2c5000-7f9eec2c6000 rw-p 00009000 07:00 2766737                    /usr/lib/x86_64-linux-gnu/libXcursor.so.1.0.2
7f9eec2ea000-7f9eec2eb000 rw-s 00000000 00:12 1347094                    /run/shm/045e.02ae@1.52-SM
7f9eec2eb000-7f9eec2f2000 r--s 000fb000 07:00 2884213                    /usr/lib/jvm/java-6-openjdk-common/jre/lib/resources.jar
7f9eec2f2000-7f9eec388000 r-xp 00000000 07:00 2767280                    /usr/lib/x86_64-linux-gnu/libfreetype.so.6.8.0
7f9eec388000-7f9eec587000 ---p 00096000 07:00 2767280                    /usr/lib/x86_64-linux-gnu/libfreetype.so.6.8.0
7f9eec587000-7f9eec58d000 r--p 00095000 07:00 2767280                    /usr/lib/x86_64-linux-gnu/libfreetype.so.6.8.0
7f9eec58d000-7f9eec58e000 rw-p 0009b000 07:00 2767280                    /usr/lib/x86_64-linux-gnu/libfreetype.so.6.8.0
7f9eec58e000-7f9eec5c8000 r-xp 00000000 07:00 2884078                    /usr/lib/jvm/java-6-openjdk-amd64/jre/lib/amd64/libfontmanager.so
7f9eec5c8000-7f9eec7c7000 ---p 0003a000 07:00 2884078                    /usr/lib/jvm/java-6-openjdk-amd64/jre/lib/amd64/libfontmanager.so
7f9eec7c7000-7f9eec7c9000 r--p 00039000 07:00 2884078                    /usr/lib/jvm/java-6-openjdk-amd64/jre/lib/amd64/libfontmanager.so
7f9eec7c9000-7f9eec7ca000 rw-p 0003b000 07:00 2884078                    /usr/lib/jvm/java-6-openjdk-amd64/jre/lib/amd64/libfontmanager.so
7f9eec7ca000-7f9eec7cf000 r-xp 00000000 07:00 2766741                    /usr/lib/x86_64-linux-gnu/libXdmcp.so.6.0.0
7f9eec7cf000-7f9eec9ce000 ---p 00005000 07:00 2766741                    /usr/lib/x86_64-linux-gnu/libXdmcp.so.6.0.0
7f9eec9ce000-7f9eec9cf000 r--p 00004000 07:00 2766741                    /usr/lib/x86_64-linux-gnu/libXdmcp.so.6.0.0
7f9eec9cf000-7f9eec9d0000 rw-p 00005000 07:00 2766741                    /usr/lib/x86_64-linux-gnu/libXdmcp.so.6.0.0
7f9eec9d0000-7f9eec9d2000 r-xp 00000000 07:00 2766732                    /usr/lib/x86_64-linux-gnu/libXau.so.6.0.0
7f9eec9d2000-7f9eecbd1000 ---p 00002000 07:00 2766732                    /usr/lib/x86_64-linux-gnu/libXau.so.6.0.0
7f9eecbd1000-7f9eecbd2000 r--p 00001000 07:00 2766732                    /usr/lib/x86_64-linux-gnu/libXau.so.6.0.0
7f9eecbd2000-7f9eecbd3000 rw-p 00002000 07:00 2766732                    /usr/lib/x86_64-linux-gnu/libXau.so.6.0.0
7f9eecbd3000-7f9eecbf0000 r-xp 00000000 07:00 2767626                    /usr/lib/x86_64-linux-gnu/libxcb.so.1.1.0
7f9eecbf0000-7f9eecdef000 ---p 0001d000 07:00 2767626                    /usr/lib/x86_64-linux-gnu/libxcb.so.1.1.0
7f9eecdef000-7f9eecdf0000 r--p 0001c000 07:00 2767626                    /usr/lib/x86_64-linux-gnu/libxcb.so.1.1.0
7f9eecdf0000-7f9eecdf1000 rw-p 0001d000 07:00 2767626                    /usr/lib/x86_64-linux-gnu/libxcb.so.1.1.0
7f9eecdf1000-7f9eecdff000 r-xp 00000000 07:00 2766749                    /usr/lib/x86_64-linux-gnu/libXi.so.6.1.0
7f9eecdff000-7f9eecffe000 ---p 0000e000 07:00 2766749                    /usr/lib/x86_64-linux-gnu/libXi.so.6.1.0
7f9eecffe000-7f9eecfff000 r--p 0000d000 07:00 2766749                    /usr/lib/x86_64-linux-gnu/libXi.so.6.1.0
7f9eecfff000-7f9eed000000 rw-p 0000e000 07:00 2766749                    /usr/lib/x86_64-linux-gnu/libXi.so.6.1.0
7f9eed000000-7f9eed270000 rwxp 00000000 00:00 0 
7f9eed270000-7f9ef3fff000 rw-p 00000000 00:00 0 
7f9ef3fff000-7f9ef4000000 ---p 00000000 00:00 0 
7f9ef4000000-7f9ef4004000 rw-s 00000000 00:04 1469874226                 /SYSV00000000 (deleted)
7f9ef4004000-7f9ef4005000 r--s 00000000 07:00 2229118                    /var/cache/fontconfig/c05880de57d1f5e948fdfacc138775d9-le64.cache-3
7f9ef4005000-7f9ef400e000 r--s 00000000 07:00 2229112                    /var/cache/fontconfig/945677eb7aeaf62f1d50efc3fb3ec7d8-le64.cache-3
7f9ef400e000-7f9ef4012000 r--s 00000000 07:00 2229113                    /var/cache/fontconfig/99e8ed0e538f840c565b6ed5dad60d56-le64.cache-3
7f9ef4012000-7f9ef401a000 r--s 00000000 07:00 2229114                    /var/cache/fontconfig/a6d8cf8e4ec09cdbc8633c31745a07dd-le64.cache-3
7f9ef401a000-7f9ef401e000 r--s 00000000 07:00 2229098                    /var/cache/fontconfig/2cd17615ca594fa2959ae173292e504c-le64.cache-3
7f9ef401e000-7f9ef401f000 r--s 00000000 07:00 2229126                    /var/cache/fontconfig/e7071f4a29fa870f4323321c154eba04-le64.cache-3
7f9ef401f000-7f9ef4020000 r--s 00000000 07:00 2229096                    /var/cache/fontconfig/0d8c3b2ac0904cb8a57a757ad11a4a08-le64.cache-3
7f9ef4020000-7f9ef4026000 r--s 00000000 07:00 2229115                    /var/cache/fontconfig/a755afe4a08bf5b97852ceb7400b47bc-le64.cache-3
7f9ef4026000-7f9ef402f000 r--s 00000000 07:00 2229107                    /var/cache/fontconfig/6d41288fd70b0be22e8c3a91e032eec0-le64.cache-3
7f9ef402f000-7f9ef403f000 r--s 00000000 07:00 2229094                    /var/cache/fontconfig/04aabc0a78ac019cf9454389977116d2-le64.cache-3
7f9ef403f000-7f9ef4042000 r--s 00000000 07:00 2229101                    /var/cache/fontconfig/385c0604a188198f04d133e54aba7fe7-le64.cache-3
7f9ef4042000-7f9ef4043000 r--s 00000000 07:00 2229102                    /var/cache/fontconfig/4794a0821666d79190d59a36cb4f44b5-le64.cache-3
7f9ef4043000-7f9ef4046000 r--s 00000000 07:00 2229111                    /var/cache/fontconfig/8801497958630a81b71ace7c5f9b32a8-le64.cache-3
7f9ef4046000-7f9ef404b000 r--s 00000000 07:00 2229099                    /var/cache/fontconfig/3047814df9a2f067bd2d96a2b9c36e5a-le64.cache-3
7f9ef404b000-7f9ef4050000 r--s 00000000 07:00 2229116                    /var/cache/fontconfig/b47c4e1ecd0709278f4910c18777a504-le64.cache-3
7f9ef4050000-7f9ef4060000 r--s 00000000 07:00 2229122                    /var/cache/fontconfig/d52a8644073d54c13679302ca1180695-le64.cache-3
7f9ef4060000-7f9ef406c000 r--s 00000000 07:00 2229095                    /var/cache/fontconfig/089dead882dea3570ffc31a9898cfb69-le64.cache-3
7f9ef406c000-7f9ef407f000 r--s 00000000 07:00 2229124                    /var/cache/fontconfig/e13b20fdb08344e0e664864cc2ede53d-le64.cache-3
7f9ef407f000-7f9ef4083000 r--s 00000000 07:00 2229109                    /var/cache/fontconfig/7ef2298fde41cc6eeb7af42e48b7d293-le64.cache-3
7f9ef4083000-7f9ef4084000 r--s 00000000 07:00 2229118                    /var/cache/fontconfig/c05880de57d1f5e948fdfacc138775d9-le64.cache-3
7f9ef4084000-7f9ef408d000 r--s 00000000 07:00 2229112                    /var/cache/fontconfig/945677eb7aeaf62f1d50efc3fb3ec7d8-le64.cache-3
7f9ef408d000-7f9ef4091000 r--s 00000000 07:00 2229113                    /var/cache/fontconfig/99e8ed0e538f840c565b6ed5dad60d56-le64.cache-3
7f9ef4091000-7f9ef4099000 r--s 00000000 07:00 2229114                    /var/cache/fontconfig/a6d8cf8e4ec09cdbc8633c31745a07dd-le64.cache-3
7f9ef4099000-7f9ef409d000 r--s 00000000 07:00 2229098                    /var/cache/fontconfig/2cd17615ca594fa2959ae173292e504c-le64.cache-3
7f9ef409d000-7f9ef40a3000 r--s 00000000 07:00 2229115                    /var/cache/fontconfig/a755afe4a08bf5b97852ceb7400b47bc-le64.cache-3
7f9ef40a3000-7f9ef40b3000 r--s 00000000 07:00 2229094                    /var/cache/fontconfig/04aabc0a78ac019cf9454389977116d2-le64.cache-3
7f9ef40b3000-7f9ef41b4000 rwxp 00000000 00:00 0 
7f9ef41b4000-7f9ef41b9000 r-xp 00000000 07:00 2766764                    /usr/lib/x86_64-linux-gnu/libXtst.so.6.1.0
7f9ef41b9000-7f9ef43b8000 ---p 00005000 07:00 2766764                    /usr/lib/x86_64-linux-gnu/libXtst.so.6.1.0
7f9ef43b8000-7f9ef43b9000 r--p 00004000 07:00 2766764                    /usr/lib/x86_64-linux-gnu/libXtst.so.6.1.0
7f9ef43b9000-7f9ef43ba000 rw-p 00005000 07:00 2766764                    /usr/lib/x86_64-linux-gnu/libXtst.so.6.1.0
7f9ef43ba000-7f9ef43c3000 r-xp 00000000 07:00 2766760                    /usr/lib/x86_64-linux-gnu/libXrender.so.1.3.0
7f9ef43c3000-7f9ef45c2000 ---p 00009000 07:00 2766760                    /usr/lib/x86_64-linux-gnu/libXrender.so.1.3.0
7f9ef45c2000-7f9ef45c3000 r--p 00008000 07:00 2766760                    /usr/lib/x86_64-linux-gnu/libXrender.so.1.3.0
7f9ef45c3000-7f9ef45c4000 rw-p 00009000 07:00 2766760                    /usr/lib/x86_64-linux-gnu/libXrender.so.1.3.0
7f9ef45c4000-7f9ef46f3000 r-xp 00000000 07:00 2766730                    /usr/lib/x86_64-linux-gnu/libX11.so.6.3.0
7f9ef46f3000-7f9ef48f3000 ---p 0012f000 07:00 2766730                    /usr/lib/x86_64-linux-gnu/libX11.so.6.3.0
7f9ef48f3000-7f9ef48f4000 r--p 0012f000 07:00 2766730                    /usr/lib/x86_64-linux-gnu/libX11.so.6.3.0
7f9ef48f4000-7f9ef48f8000 rw-p 00130000 07:00 2766730                    /usr/lib/x86_64-linux-gnu/libX11.so.6.3.0
7f9ef48f8000-7f9ef4908000 r-xp 00000000 07:00 2766743                    /usr/lib/x86_64-linux-gnu/libXext.so.6.4.0
7f9ef4908000-7f9ef4b07000 ---p 00010000 07:00 2766743                    /usr/lib/x86_64-linux-gnu/libXext.so.6.4.0
7f9ef4b07000-7f9ef4b08000 r--p 0000f000 07:00 2766743                    /usr/lib/x86_64-linux-gnu/libXext.so.6.4.0
7f9ef4b08000-7f9ef4b09000 rw-p 00010000 07:00 2766743                    /usr/lib/x86_64-linux-gnu/libXext.so.6.4.0
7f9ef4b09000-7f9ef4b0a000 r--s 00000000 07:00 2229104                    /var/cache/fontconfig/56cf4f4769d0f4abc89a4895d7bd3ae1-le64.cache-3
7f9ef4b0a000-7f9ef4b13000 r--s 00000000 07:00 2229107                    /var/cache/fontconfig/6d41288fd70b0be22e8c3a91e032eec0-le64.cache-3
7f9ef4b13000-7f9ef4b16000 r--s 00000000 07:00 2229101                    /var/cache/fontconfig/385c0604a188198f04d133e54aba7fe7-le64.cache-3
7f9ef4b16000-7f9ef4b19000 r--s 00000000 07:00 2229111                    /var/cache/fontconfig/8801497958630a81b71ace7c5f9b32a8-le64.cache-3
7f9ef4b19000-7f9ef4b1e000 r--s 00000000 07:00 2229116                    /var/cache/fontconfig/b47c4e1ecd0709278f4910c18777a504-le64.cache-3
7f9ef4b1e000-7f9ef4b2e000 r--s 00000000 07:00 2229122                    /var/cache/fontconfig/d52a8644073d54c13679302ca1180695-le64.cache-3
7f9ef4b2e000-7f9ef4b79000 r-xp 00000000 07:00 2884115                    /usr/lib/jvm/java-6-openjdk-amd64/jre/lib/amd64/xawt/libmawt.so
7f9ef4b79000-7f9ef4d79000 ---p 0004b000 07:00 2884115                    /usr/lib/jvm/java-6-openjdk-amd64/jre/lib/amd64/xawt/libmawt.so
7f9ef4d79000-7f9ef4d7a000 r--p 0004b000 07:00 2884115                    /usr/lib/jvm/java-6-openjdk-amd64/jre/lib/amd64/xawt/libmawt.so
7f9ef4d7a000-7f9ef4d7d000 rw-p 0004c000 07:00 2884115                    /usr/lib/jvm/java-6-openjdk-amd64/jre/lib/amd64/xawt/libmawt.so
7f9ef4d7d000-7f9ef4d7e000 rw-p 00000000 00:00 0 
7f9ef4d7e000-7f9ef4e2a000 r-xp 00000000 07:00 2884076                    /usr/lib/jvm/java-6-openjdk-amd64/jre/lib/amd64/libawt.so
7f9ef4e2a000-7f9ef5029000 ---p 000ac000 07:00 2884076                    /usr/lib/jvm/java-6-openjdk-amd64/jre/lib/amd64/libawt.so
7f9ef5029000-7f9ef502a000 r--p 000ab000 07:00 2884076                    /usr/lib/jvm/java-6-openjdk-amd64/jre/lib/amd64/libawt.so
7f9ef502a000-7f9ef5035000 rw-p 000ac000 07:00 2884076                    /usr/lib/jvm/java-6-openjdk-amd64/jre/lib/amd64/libawt.so
7f9ef5035000-7f9ef505a000 rw-p 00000000 00:00 0 
7f9ef505a000-7f9ef505b000 r--s 00007000 07:00 1188646                    /usr/share/java/java-atk-wrapper.jar
7f9ef505b000-7f9ef505d000 r--s 00001000 07:00 2884220                    /usr/lib/jvm/java-6-openjdk-common/jre/lib/ext/dnsns.jar
7f9ef505d000-7f9ef5060000 r--s 00031000 07:00 2884223                    /usr/lib/jvm/java-6-openjdk-common/jre/lib/ext/sunjce_provider.jar
7f9ef5060000-7f9ef5062000 r--s 0000f000 07:00 2884222                    /usr/lib/jvm/java-6-openjdk-common/jre/lib/ext/pulse-java.jar
7f9ef5062000-7f9ef5066000 r--s 00038000 07:00 2884224                    /usr/lib/jvm/java-6-openjdk-common/jre/lib/ext/sunpkcs11.jar
7f9ef5066000-7f9ef5069000 r--s 00077000 07:00 2884221                    /usr/lib/jvm/java-6-openjdk-common/jre/lib/ext/localedata.jar
7f9ef5069000-7f9ef506a000 ---p 00000000 00:00 0 
7f9ef506a000-7f9ef526b000 rwxp 00000000 00:00 0 
7f9ef526b000-7f9ef526c000 ---p 00000000 00:00 0 
7f9ef526c000-7f9ef536c000 rwxp 00000000 00:00 0 
7f9ef536c000-7f9ef536d000 ---p 00000000 00:00 0 
7f9ef536d000-7f9ef556e000 rwxp 00000000 00:00 0 
7f9ef556e000-7f9ef59e2000 r--p 00000000 07:00 2765053                    /usr/lib/locale/locale-archive
7f9ef59e2000-7f9ef5be4000 rwxp 00000000 00:00 0 
7f9ef5be4000-7f9ef5be5000 ---p 00000000 00:00 0 
7f9ef5be5000-7f9ef5ce5000 rwxp 00000000 00:00 0 
7f9ef5ce5000-7f9ef621d000 rw-p 00000000 00:00 0 
7f9ef621d000-7f9ef63af000 r--s 037c2000 07:00 2884073                    /usr/lib/jvm/java-6-openjdk-amd64/jre/lib/rt.jar
7f9ef63af000-7f9ef63d7000 rw-p 00000000 00:00 0 
7f9ef63d7000-7f9ef63d8000 ---p 00000000 00:00 0 
7f9ef63d8000-7f9ef64d8000 rwxp 00000000 00:00 0 
7f9ef64d8000-7f9ef64d9000 ---p 00000000 00:00 0 
7f9ef64d9000-7f9ef65d9000 rwxp 00000000 00:00 0 
7f9ef65d9000-7f9ef65da000 ---p 00000000 00:00 0 
7f9ef65da000-7f9ef66da000 rwxp 00000000 00:00 0 
7f9ef66da000-7f9ef66db000 ---p 00000000 00:00 0 
7f9ef66db000-7f9ef67db000 rwxp 00000000 00:00 0 
7f9ef67db000-7f9ef67e6000 rw-p 00000000 00:00 0 
7f9ef67e6000-7f9ef682e000 rw-p 00000000 00:00 0 
7f9ef682e000-7f9ef6858000 rw-p 00000000 00:00 0 
7f9ef6858000-7f9ef6abf000 rw-p 00000000 00:00 0 
7f9ef6abf000-7f9ef6aca000 rw-p 00000000 00:00 0 
7f9ef6aca000-7f9ef6b12000 rw-p 00000000 00:00 0 
7f9ef6b12000-7f9ef6b3c000 rw-p 00000000 00:00 0 
7f9ef6b3c000-7f9ef6da2000 rw-p 00000000 00:00 0 
7f9ef6da2000-7f9ef6db8000 rw-p 00000000 00:00 0 
7f9ef6db8000-7f9ef6eeb000 rw-p 00000000 00:00 0 
7f9ef6eeb000-7f9ef6eec000 rw-p 00000000 00:00 0 
7f9ef6eec000-7f9ef6ef3000 r-xp 00000000 07:00 2884105                    /usr/lib/jvm/java-6-openjdk-amd64/jre/lib/amd64/libzip.so
7f9ef6ef3000-7f9ef70f2000 ---p 00007000 07:00 2884105                    /usr/lib/jvm/java-6-openjdk-amd64/jre/lib/amd64/libzip.so
7f9ef70f2000-7f9ef70f3000 r--p 00006000 07:00 2884105                    /usr/lib/jvm/java-6-openjdk-amd64/jre/lib/amd64/libzip.so
7f9ef70f3000-7f9ef70f4000 rw-p 00007000 07:00 2884105                    /usr/lib/jvm/java-6-openjdk-amd64/jre/lib/amd64/libzip.so
7f9ef70f4000-7f9ef7100000 r-xp 00000000 07:00 136638                     /lib/x86_64-linux-gnu/libnss_files-2.15.so
7f9ef7100000-7f9ef72ff000 ---p 0000c000 07:00 136638                     /lib/x86_64-linux-gnu/libnss_files-2.15.so
7f9ef72ff000-7f9ef7300000 r--p 0000b000 07:00 136638                     /lib/x86_64-linux-gnu/libnss_files-2.15.so
7f9ef7300000-7f9ef7301000 rw-p 0000c000 07:00 136638                     /lib/x86_64-linux-gnu/libnss_files-2.15.so
7f9ef7301000-7f9ef730b000 r-xp 00000000 07:00 136640                     /lib/x86_64-linux-gnu/libnss_nis-2.15.so
7f9ef730b000-7f9ef750b000 ---p 0000a000 07:00 136640                     /lib/x86_64-linux-gnu/libnss_nis-2.15.so
7f9ef750b000-7f9ef750c000 r--p 0000a000 07:00 136640                     /lib/x86_64-linux-gnu/libnss_nis-2.15.so
7f9ef750c000-7f9ef750d000 rw-p 0000b000 07:00 136640                     /lib/x86_64-linux-gnu/libnss_nis-2.15.so
7f9ef750d000-7f9ef7524000 r-xp 00000000 07:00 136635                     /lib/x86_64-linux-gnu/libnsl-2.15.so
7f9ef7524000-7f9ef7723000 ---p 00017000 07:00 136635                     /lib/x86_64-linux-gnu/libnsl-2.15.so
7f9ef7723000-7f9ef7724000 r--p 00016000 07:00 136635                     /lib/x86_64-linux-gnu/libnsl-2.15.so
7f9ef7724000-7f9ef7725000 rw-p 00017000 07:00 136635                     /lib/x86_64-linux-gnu/libnsl-2.15.so
7f9ef7725000-7f9ef7727000 rw-p 00000000 00:00 0 
7f9ef7727000-7f9ef772f000 r-xp 00000000 07:00 136636                     /lib/x86_64-linux-gnu/libnss_compat-2.15.so
7f9ef772f000-7f9ef792e000 ---p 00008000 07:00 136636                     /lib/x86_64-linux-gnu/libnss_compat-2.15.so
7f9ef792e000-7f9ef792f000 r--p 00007000 07:00 136636                     /lib/x86_64-linux-gnu/libnss_compat-2.15.so
7f9ef792f000-7f9ef7930000 rw-p 00008000 07:00 136636                     /lib/x86_64-linux-gnu/libnss_compat-2.15.so
7f9ef7930000-7f9ef795c000 r-xp 00000000 07:00 2884085                    /usr/lib/jvm/java-6-openjdk-amd64/jre/lib/amd64/libjava.so
7f9ef795c000-7f9ef7b5b000 ---p 0002c000 07:00 2884085                    /usr/lib/jvm/java-6-openjdk-amd64/jre/lib/amd64/libjava.so
7f9ef7b5b000-7f9ef7b5c000 r--p 0002b000 07:00 2884085                    /usr/lib/jvm/java-6-openjdk-amd64/jre/lib/amd64/libjava.so
7f9ef7b5c000-7f9ef7b5f000 rw-p 0002c000 07:00 2884085                    /usr/lib/jvm/java-6-openjdk-amd64/jre/lib/amd64/libjava.so
7f9ef7b5f000-7f9ef7b6d000 r-xp 00000000 07:00 2884104                    /usr/lib/jvm/java-6-openjdk-amd64/jre/lib/amd64/libverify.so
7f9ef7b6d000-7f9ef7d6c000 ---p 0000e000 07:00 2884104                    /usr/lib/jvm/java-6-openjdk-amd64/jre/lib/amd64/libverify.so
7f9ef7d6c000-7f9ef7d6e000 r--p 0000d000 07:00 2884104                    /usr/lib/jvm/java-6-openjdk-amd64/jre/lib/amd64/libverify.so
7f9ef7d6e000-7f9ef7d6f000 rw-p 0000f000 07:00 2884104                    /usr/lib/jvm/java-6-openjdk-amd64/jre/lib/amd64/libverify.so
7f9ef7d6f000-7f9ef7d76000 r-xp 00000000 07:00 136656                     /lib/x86_64-linux-gnu/librt-2.15.so
7f9ef7d76000-7f9ef7f75000 ---p 00007000 07:00 136656                     /lib/x86_64-linux-gnu/librt-2.15.so
7f9ef7f75000-7f9ef7f76000 r--p 00006000 07:00 136656                     /lib/x86_64-linux-gnu/librt-2.15.so
7f9ef7f76000-7f9ef7f77000 rw-p 00007000 07:00 136656                     /lib/x86_64-linux-gnu/librt-2.15.so
7f9ef7f77000-7f9ef7f8c000 r-xp 00000000 07:00 136622                     /lib/x86_64-linux-gnu/libgcc_s.so.1
7f9ef7f8c000-7f9ef818b000 ---p 00015000 07:00 136622                     /lib/x86_64-linux-gnu/libgcc_s.so.1
7f9ef818b000-7f9ef818c000 r--p 00014000 07:00 136622                     /lib/x86_64-linux-gnu/libgcc_s.so.1
7f9ef818c000-7f9ef818d000 rw-p 00015000 07:00 136622                     /lib/x86_64-linux-gnu/libgcc_s.so.1
7f9ef818d000-7f9ef8288000 r-xp 00000000 07:00 136628                     /lib/x86_64-linux-gnu/libm-2.15.so
7f9ef8288000-7f9ef8487000 ---p 000fb000 07:00 136628                     /lib/x86_64-linux-gnu/libm-2.15.so
7f9ef8487000-7f9ef8488000 r--p 000fa000 07:00 136628                     /lib/x86_64-linux-gnu/libm-2.15.so
7f9ef8488000-7f9ef8489000 rw-p 000fb000 07:00 136628                     /lib/x86_64-linux-gnu/libm-2.15.so
7f9ef8489000-7f9ef856b000 r-xp 00000000 07:00 2767523                    /usr/lib/x86_64-linux-gnu/libstdc++.so.6.0.16
7f9ef856b000-7f9ef876a000 ---p 000e2000 07:00 2767523                    /usr/lib/x86_64-linux-gnu/libstdc++.so.6.0.16
7f9ef876a000-7f9ef8772000 r--p 000e1000 07:00 2767523                    /usr/lib/x86_64-linux-gnu/libstdc++.so.6.0.16
7f9ef8772000-7f9ef8774000 rw-p 000e9000 07:00 2767523                    /usr/lib/x86_64-linux-gnu/libstdc++.so.6.0.16
7f9ef8774000-7f9ef8789000 rw-p 00000000 00:00 0 
7f9ef8789000-7f9ef908e000 r-xp 00000000 07:00 2884114                    /usr/lib/jvm/java-6-openjdk-amd64/jre/lib/amd64/server/libjvm.so
7f9ef908e000-7f9ef928e000 ---p 00905000 07:00 2884114                    /usr/lib/jvm/java-6-openjdk-amd64/jre/lib/amd64/server/libjvm.so
7f9ef928e000-7f9ef930e000 r--p 00905000 07:00 2884114                    /usr/lib/jvm/java-6-openjdk-amd64/jre/lib/amd64/server/libjvm.so
7f9ef930e000-7f9ef9329000 rw-p 00985000 07:00 2884114                    /usr/lib/jvm/java-6-openjdk-amd64/jre/lib/amd64/server/libjvm.so
7f9ef9329000-7f9ef9352000 rw-p 00000000 00:00 0 
7f9ef9352000-7f9ef9368000 r-xp 00000000 07:00 136669                     /lib/x86_64-linux-gnu/libz.so.1.2.3.4
7f9ef9368000-7f9ef9567000 ---p 00016000 07:00 136669                     /lib/x86_64-linux-gnu/libz.so.1.2.3.4
7f9ef9567000-7f9ef9568000 r--p 00015000 07:00 136669                     /lib/x86_64-linux-gnu/libz.so.1.2.3.4
7f9ef9568000-7f9ef9569000 rw-p 00016000 07:00 136669                     /lib/x86_64-linux-gnu/libz.so.1.2.3.4
7f9ef9569000-7f9ef971e000 r-xp 00000000 07:00 136611                     /lib/x86_64-linux-gnu/libc-2.15.so
7f9ef971e000-7f9ef991d000 ---p 001b5000 07:00 136611                     /lib/x86_64-linux-gnu/libc-2.15.so
7f9ef991d000-7f9ef9921000 r--p 001b4000 07:00 136611                     /lib/x86_64-linux-gnu/libc-2.15.so
7f9ef9921000-7f9ef9923000 rw-p 001b8000 07:00 136611                     /lib/x86_64-linux-gnu/libc-2.15.so
7f9ef9923000-7f9ef9928000 rw-p 00000000 00:00 0 
7f9ef9928000-7f9ef992a000 r-xp 00000000 07:00 136618                     /lib/x86_64-linux-gnu/libdl-2.15.so
7f9ef992a000-7f9ef9b2a000 ---p 00002000 07:00 136618                     /lib/x86_64-linux-gnu/libdl-2.15.so
7f9ef9b2a000-7f9ef9b2b000 r--p 00002000 07:00 136618                     /lib/x86_64-linux-gnu/libdl-2.15.so
7f9ef9b2b000-7f9ef9b2c000 rw-p 00003000 07:00 136618                     /lib/x86_64-linux-gnu/libdl-2.15.so
7f9ef9b2c000-7f9ef9b30000 r-xp 00000000 07:00 2884111                    /usr/lib/jvm/java-6-openjdk-amd64/jre/lib/amd64/jli/libjli.so
7f9ef9b30000-7f9ef9d2f000 ---p 00004000 07:00 2884111                    /usr/lib/jvm/java-6-openjdk-amd64/jre/lib/amd64/jli/libjli.so
7f9ef9d2f000-7f9ef9d30000 r--p 00003000 07:00 2884111                    /usr/lib/jvm/java-6-openjdk-amd64/jre/lib/amd64/jli/libjli.so
7f9ef9d30000-7f9ef9d31000 rw-p 00004000 07:00 2884111                    /usr/lib/jvm/java-6-openjdk-amd64/jre/lib/amd64/jli/libjli.so
7f9ef9d31000-7f9ef9d49000 r-xp 00000000 07:00 136653                     /lib/x86_64-linux-gnu/libpthread-2.15.so
7f9ef9d49000-7f9ef9f48000 ---p 00018000 07:00 136653                     /lib/x86_64-linux-gnu/libpthread-2.15.so
7f9ef9f48000-7f9ef9f49000 r--p 00017000 07:00 136653                     /lib/x86_64-linux-gnu/libpthread-2.15.so
7f9ef9f49000-7f9ef9f4a000 rw-p 00018000 07:00 136653                     /lib/x86_64-linux-gnu/libpthread-2.15.so
7f9ef9f4a000-7f9ef9f4e000 rw-p 00000000 00:00 0 
7f9ef9f4e000-7f9ef9f70000 r-xp 00000000 07:00 136601                     /lib/x86_64-linux-gnu/ld-2.15.so
7f9ef9f70000-7f9ef9f71000 r--s 00000000 07:00 2229117                    /var/cache/fontconfig/b9d506c9ac06c20b433354fa67a72993-le64.cache-3
7f9ef9f71000-7f9ef9f72000 r--s 00000000 07:00 2229126                    /var/cache/fontconfig/e7071f4a29fa870f4323321c154eba04-le64.cache-3
7f9ef9f72000-7f9ef9f77000 r--s 00000000 07:00 2229099                    /var/cache/fontconfig/3047814df9a2f067bd2d96a2b9c36e5a-le64.cache-3
7f9ef9f77000-7f9ef9f83000 r--s 00000000 07:00 2229095                    /var/cache/fontconfig/089dead882dea3570ffc31a9898cfb69-le64.cache-3
7f9ef9f83000-7f9ef9f8d000 rw-p 00000000 00:00 0 
7f9ef9f8d000-7f9efa043000 rw-p 00000000 00:00 0 
7f9efa043000-7f9efa046000 ---p 00000000 00:00 0 
7f9efa046000-7f9efa144000 rwxp 00000000 00:00 0 
7f9efa144000-7f9efa149000 rw-p 00000000 00:00 0 
7f9efa149000-7f9efa14a000 r--s 00000000 07:00 2229096                    /var/cache/fontconfig/0d8c3b2ac0904cb8a57a757ad11a4a08-le64.cache-3
7f9efa14a000-7f9efa14b000 r--s 00000000 07:00 2229102                    /var/cache/fontconfig/4794a0821666d79190d59a36cb4f44b5-le64.cache-3
7f9efa14b000-7f9efa14c000 r--s 00000000 07:00 2229104                    /var/cache/fontconfig/56cf4f4769d0f4abc89a4895d7bd3ae1-le64.cache-3
7f9efa14c000-7f9efa14d000 r--s 00000000 07:00 2229117                    /var/cache/fontconfig/b9d506c9ac06c20b433354fa67a72993-le64.cache-3
7f9efa14d000-7f9efa160000 r--s 00000000 07:00 2229124                    /var/cache/fontconfig/e13b20fdb08344e0e664864cc2ede53d-le64.cache-3
7f9efa160000-7f9efa164000 r--s 00000000 07:00 2229109                    /var/cache/fontconfig/7ef2298fde41cc6eeb7af42e48b7d293-le64.cache-3
7f9efa164000-7f9efa16c000 rw-s 00000000 07:00 691                        /tmp/hsperfdata_qyr1987/26591
7f9efa16c000-7f9efa16d000 rw-p 00000000 00:00 0 
7f9efa16d000-7f9efa16e000 r--p 00000000 00:00 0 
7f9efa16e000-7f9efa170000 rw-p 00000000 00:00 0 
7f9efa170000-7f9efa171000 r--p 00022000 07:00 136601                     /lib/x86_64-linux-gnu/ld-2.15.so
7f9efa171000-7f9efa173000 rw-p 00023000 07:00 136601                     /lib/x86_64-linux-gnu/ld-2.15.so
7fff67ac4000-7fff67ae4000 rwxp 00000000 00:00 0                          [stack]
7fff67ae4000-7fff67ae5000 rw-p 00000000 00:00 0 
7fff67bcb000-7fff67bcc000 r-xp 00000000 00:00 0                          [vdso]
ffffffffff600000-ffffffffff601000 r-xp 00000000 00:00 0                  [vsyscall]

VM Arguments:
jvm_args: -Dfile.encoding=UTF-8 
java_command: edu.seas.upenn.ese519.MainFrame
Launcher Type: SUN_STANDARD

Environment Variables:
PATH=/home/qyr1987/bin:/usr/lib/lightdm/lightdm:/usr/local/sbin:/usr/local/bin:/usr/sbin:/usr/bin:/sbin:/bin:/usr/games
LD_LIBRARY_PATH=/usr/lib/jvm/java-6-openjdk-amd64/jre/lib/amd64/server:/usr/lib/jvm/java-6-openjdk-amd64/jre/lib/amd64:/usr/lib/jvm/java-6-openjdk-amd64/jre/../lib/amd64
SHELL=/bin/bash
DISPLAY=:0

Signal Handlers:
SIGSEGV: [libjvm.so+0x7852e0], sa_mask[0]=0x7ffbfeff, sa_flags=0x10000004
SIGBUS: [libjvm.so+0x7852e0], sa_mask[0]=0x7ffbfeff, sa_flags=0x10000004
SIGFPE: [libjvm.so+0x648d40], sa_mask[0]=0x7ffbfeff, sa_flags=0x10000004
SIGPIPE: [libjvm.so+0x648d40], sa_mask[0]=0x7ffbfeff, sa_flags=0x10000004
SIGXFSZ: [libjvm.so+0x648d40], sa_mask[0]=0x7ffbfeff, sa_flags=0x10000004
SIGILL: [libjvm.so+0x648d40], sa_mask[0]=0x7ffbfeff, sa_flags=0x10000004
SIGUSR1: SIG_DFL, sa_mask[0]=0x00000000, sa_flags=0x00000000
SIGUSR2: [libjvm.so+0x648ef0], sa_mask[0]=0x00000004, sa_flags=0x10000004
SIGHUP: [libjvm.so+0x64ba10], sa_mask[0]=0x7ffbfeff, sa_flags=0x10000004
SIGINT: [libjvm.so+0x64ba10], sa_mask[0]=0x7ffbfeff, sa_flags=0x10000004
SIGTERM: [libjvm.so+0x64ba10], sa_mask[0]=0x7ffbfeff, sa_flags=0x10000004
SIGQUIT: [libjvm.so+0x64ba10], sa_mask[0]=0x7ffbfeff, sa_flags=0x10000004


---------------  S Y S T E M  ---------------

OS:Ubuntu 12.04 (precise)
uname:Linux 3.2.0-33-generic #52-Ubuntu SMP Thu Oct 18 16:29:15 UTC 2012 x86_64
libc:glibc 2.15 NPTL 2.15 
rlimit: STACK 8192k, CORE 0k, NPROC 62854, NOFILE 4096, AS infinity
load average:0.36 0.47 0.41

/proc/meminfo:
MemTotal:        8062936 kB
MemFree:         1560176 kB
Buffers:         1496472 kB
Cached:          1998312 kB
SwapCached:          188 kB
Active:          3593572 kB
Inactive:        2423308 kB
Active(anon):    2164620 kB
Inactive(anon):   851764 kB
Active(file):    1428952 kB
Inactive(file):  1571544 kB
Unevictable:        2708 kB
Mlocked:              32 kB
SwapTotal:        262140 kB
SwapFree:         230184 kB
Dirty:               252 kB
Writeback:             0 kB
AnonPages:       2524720 kB
Mapped:           212100 kB
Shmem:            491612 kB
Slab:             309724 kB
SReclaimable:     233216 kB
SUnreclaim:        76508 kB
KernelStack:        4944 kB
PageTables:        48516 kB
NFS_Unstable:          0 kB
Bounce:                0 kB
WritebackTmp:          0 kB
CommitLimit:     4293608 kB
Committed_AS:    6526444 kB
VmallocTotal:   34359738367 kB
VmallocUsed:      414572 kB
VmallocChunk:   34359276512 kB
HardwareCorrupted:     0 kB
AnonHugePages:         0 kB
HugePages_Total:       0
HugePages_Free:        0
HugePages_Rsvd:        0
HugePages_Surp:        0
Hugepagesize:       2048 kB
DirectMap4k:      137216 kB
DirectMap2M:     8142848 kB


CPU:total 4 (2 cores per cpu, 2 threads per core) family 6 model 42 stepping 7, cmov, cx8, fxsr, mmx, sse, sse2, sse3, ssse3, sse4.1, sse4.2, popcnt, ht

Memory: 4k page, physical 8062936k(1560176k free), swap 262140k(230184k free)

vm_info: OpenJDK 64-Bit Server VM (20.0-b12) for linux-amd64 JRE (1.6.0_24-b24), built on Oct 24 2012 16:17:28 by "buildd" with gcc 4.6.3

time: Mon Nov 26 15:13:57 2012
elapsed time: 3 seconds

