#
# A fatal error has been detected by the Java Runtime Environment:
#
#  SIGSEGV (0xb) at pc=0x00007f97f5e78615, pid=26689, tid=140290981906176
#
# JRE version: 6.0_24-b24
# Java VM: OpenJDK 64-Bit Server VM (20.0-b12 mixed mode linux-amd64 compressed oops)
# Derivative: IcedTea6 1.11.5
# Distribution: Ubuntu 12.04 LTS, package 6b24-1.11.5-0ubuntu1~12.04.1
# Problematic frame:
# C  [libXnVFeatures_1_5_2.so+0x8b615]  Segmentation::detectionByPoint(bool, std::vector<Vector2D<int>, std::allocator<Vector2D<int> > > const*)+0x105
#
# If you would like to submit a bug report, please include
# instructions how to reproduce the bug and visit:
#   https://bugs.launchpad.net/ubuntu/+source/openjdk-6/
# The crash happened outside the Java Virtual Machine in native code.
# See problematic frame for where to report the bug.
#

---------------  T H R E A D  ---------------

Current thread (0x00007f9804007800):  JavaThread "main" [_thread_in_native, id=26690, stack(0x00007f980a144000,0x00007f980a245000)]

siginfo:si_signo=SIGSEGV: si_errno=0, si_code=1 (SEGV_MAPERR), si_addr=0x00007f9604c1af10

Registers:
RAX=0x00007f9804c1af10, RBX=0x00007f98042bce80, RCX=0x000000000000000a, RDX=0xffffffff80000000
RSP=0x00007f980a243470, RBP=0x00007f97bd7c0e60, RSI=0x00007f97add5ff20, RDI=0x0000000080000000
R8 =0x0000000000000000, R9 =0x0000000080000000, R10=0x00007f97bd87fa21, R11=0x00007f98096f5c9c
R12=0x00007f97f641ad88, R13=0x00007f980a2435d0, R14=0x00007f97bd81c060, R15=0x0000000000000000
RIP=0x00007f97f5e78615, EFLAGS=0x0000000000010a12, CSGSFS=0x0000000000000033, ERR=0x0000000000000004
  TRAPNO=0x000000000000000e

Top of Stack: (sp=0x00007f980a243470)
0x00007f980a243470:   00007f97add5fda0 7fffffff00000000
0x00007f980a243480:   00007f97add5fda0 00007f97bd7c0fe0
0x00007f980a243490:   00007f97bd7c22e0 00007f97bd7c0e60
0x00007f980a2434a0:   00007f97bd7c0fe0 00007f97bd7bbd80
0x00007f980a2434b0:   00007f980a2435d0 00007f97bc830050
0x00007f980a2434c0:   0000000000000000 00007f97f5e7fbc0
0x00007f980a2434d0:   00000000000ed039 00000000000ed039
0x00007f980a2434e0:   0000000000000000 3ff0000000000000
0x00007f980a2434f0:   00007f97f641b5a8 0000000000000001
0x00007f980a243500:   0000000000000040 00007f97bc830010
0x00007f980a243510:   00007f97bd7bbd80 00007f97bd79af88
0x00007f980a243520:   00007f97bc830050 00007f97bc830028
0x00007f980a243530:   00007f980a2435d0 00007f97f5e6899b
0x00007f980a243540:   00007f97bd8b1190 0000000000000008
0x00007f980a243550:   00000000000ec49b 00000000000ec49b
0x00007f980a243560:   0000000000000000 3ff0000000000000
0x00007f980a243570:   0000000000000000 00007f97f5e428bd
0x00007f980a243580:   00007f980a2435f0 00007f97fc47901c
0x00007f980a243590:   0000000000000001 00007f97fc479000
0x00007f980a2435a0:   00007f9804b9aaf0 00007f980422a620
0x00007f980a2435b0:   00007f9804007800 00007f97f5e3e03f
0x00007f980a2435c0:   00000000000001b8 00007f97f79a8489
0x00007f980a2435d0:   00007f98042bce80 00007f98042bce88
0x00007f980a2435e0:   00007f98042bce88 00007f97add5fe01
0x00007f980a2435f0:   000000dc000000c4 00007f9804b9aaf0
0x00007f980a243600:   00007f9804b9aaf0 00007f9804b9aaf0
0x00007f980a243610:   00007f980520d290 0000000000000051
0x00007f980a243620:   00007f97add58920 00007f97f5e3e5bf
0x00007f980a243630:   00007f97f6402af0 00007f98086414ec
0x00007f980a243640:   00007f97f6404d10 0000000000000000
0x00007f980a243650:   0000000000092a46 0009600000000001
0x00007f980a243660:   ffffffff00000001 00007f980a2436a4 

Instructions: (pc=0x00007f97f5e78615)
0x00007f97f5e785f5:   e6 05 49 01 ee 41 8b 46 18 41 2b 46 0c 49 63 56
0x00007f97f5e78605:   1c f3 0f 2a c0 48 8b 85 50 a3 0e 00 48 8b 40 60
0x00007f97f5e78615:   f3 0f 59 04 90 f3 0f 2c c0 3d 1f 03 00 00 0f 8e
0x00007f97f5e78625:   4f ff ff ff 44 89 fe 48 89 ef 89 44 24 08 4c 89 

Register to memory mapping:

RAX=0x00007f9804c1af10 is an unknown value
RBX=0x00007f98042bce80 is an unknown value
RCX=0x000000000000000a is an unknown value
RDX=0xffffffff80000000 is an unknown value
RSP=0x00007f980a243470 is pointing into the stack for thread: 0x00007f9804007800
RBP=0x00007f97bd7c0e60 is an unknown value
RSI=0x00007f97add5ff20 is an unknown value
RDI=0x0000000080000000 is an unknown value
R8 =0x0000000000000000 is an unknown value
R9 =0x0000000080000000 is an unknown value
R10=0x00007f97bd87fa21 is an unknown value
R11=0x00007f98096f5c9c: <offset 0x8bc9c> in /lib/x86_64-linux-gnu/libc.so.6 at 0x00007f980966a000
R12=0x00007f97f641ad88: <offset 0x62dd88> in /usr/lib/libXnVFeatures_1_5_2.so at 0x00007f97f5ded000
R13=0x00007f980a2435d0 is pointing into the stack for thread: 0x00007f9804007800
R14=0x00007f97bd81c060 is an unknown value
R15=0x0000000000000000 is an unknown value


Stack: [0x00007f980a144000,0x00007f980a245000],  sp=0x00007f980a243470,  free space=1021k
Native frames: (J=compiled Java code, j=interpreted, Vv=VM code, C=native code)
C  [libXnVFeatures_1_5_2.so+0x8b615]  Segmentation::detectionByPoint(bool, std::vector<Vector2D<int>, std::allocator<Vector2D<int> > > const*)+0x105

Java frames: (J=compiled Java code, j=interpreted, Vv=VM code)
j  org.OpenNI.NativeMethods.xnWaitAnyUpdateAll(J)I+0
j  org.OpenNI.Context.waitAnyUpdateAll()V+4
j  edu.seas.upenn.ese519.UserTracker.updateDepth()V+4
j  edu.seas.upenn.ese519.UserTrackerApplication.run()V+7
j  edu.seas.upenn.ese519.UserTrackerApplication.main([Ljava/lang/String;)V+62
v  ~StubRoutines::call_stub

---------------  P R O C E S S  ---------------

Java Threads: ( => current thread )
  0x00007f97add5e800 JavaThread "AWT-EventQueue-0" [_thread_in_vm, id=26719, stack(0x00007f97b1459000,0x00007f97b155a000)]
  0x00007f97add5d000 JavaThread "AWT-Shutdown" [_thread_blocked, id=26718, stack(0x00007f97b155a000,0x00007f97b165b000)]
  0x00007f98041e6800 JavaThread "AWT-XAWT" daemon [_thread_in_vm, id=26709, stack(0x00007f97fc0f3000,0x00007f97fc1f4000)]
  0x00007f9804115000 JavaThread "Java2D Disposer" daemon [_thread_blocked, id=26708, stack(0x00007f97fc4a6000,0x00007f97fc5a7000)]
  0x00007f980409e000 JavaThread "Low Memory Detector" daemon [_thread_blocked, id=26706, stack(0x00007f97fe246000,0x00007f97fe347000)]
  0x00007f980409b800 JavaThread "C2 CompilerThread1" daemon [_thread_blocked, id=26705, stack(0x00007f97fe347000,0x00007f97fe448000)]
  0x00007f9804098800 JavaThread "C2 CompilerThread0" daemon [_thread_blocked, id=26704, stack(0x00007f97fe448000,0x00007f97fe549000)]
  0x00007f9804097800 JavaThread "Signal Dispatcher" daemon [_thread_blocked, id=26703, stack(0x00007f97fe549000,0x00007f97fe64a000)]
  0x00007f9804078000 JavaThread "Finalizer" daemon [_thread_blocked, id=26702, stack(0x00007f97feabe000,0x00007f97febbf000)]
  0x00007f9804076000 JavaThread "Reference Handler" daemon [_thread_blocked, id=26701, stack(0x00007f97febbf000,0x00007f97fecc0000)]
=>0x00007f9804007800 JavaThread "main" [_thread_in_native, id=26690, stack(0x00007f980a144000,0x00007f980a245000)]

Other Threads:
  0x00007f980406f800 VMThread [stack: 0x00007f97fecc0000,0x00007f97fedc1000] [id=26700]
  0x00007f98040a8800 WatcherThread [stack: 0x00007f97fe145000,0x00007f97fe246000] [id=26707]

VM state:not at safepoint (normal execution)

VM Mutex/Monitor currently owned by a thread: None

Heap
 PSYoungGen      total 36736K, used 5318K [0x00000007d6f60000, 0x00000007d9860000, 0x0000000800000000)
  eden space 31488K, 16% used [0x00000007d6f60000,0x00000007d7491a18,0x00000007d8e20000)
  from space 5248K, 0% used [0x00000007d9340000,0x00000007d9340000,0x00000007d9860000)
  to   space 5248K, 0% used [0x00000007d8e20000,0x00000007d8e20000,0x00000007d9340000)
 PSOldGen        total 84032K, used 0K [0x0000000784e00000, 0x000000078a010000, 0x00000007d6f60000)
  object space 84032K, 0% used [0x0000000784e00000,0x0000000784e00000,0x000000078a010000)
 PSPermGen       total 21248K, used 10427K [0x000000077a800000, 0x000000077bcc0000, 0x0000000784e00000)
  object space 21248K, 49% used [0x000000077a800000,0x000000077b22ed50,0x000000077bcc0000)

Code Cache  [0x00007f97fff75000, 0x00007f98001e5000, 0x00007f9802f75000)
 total_blobs=410 nmethods=24 adapters=341 free_code_cache=49773376 largest_free_block=7040

Dynamic libraries:
00400000-00409000 r-xp 00000000 07:00 2884059                            /usr/lib/jvm/java-6-openjdk-amd64/jre/bin/java
00608000-00609000 r--p 00008000 07:00 2884059                            /usr/lib/jvm/java-6-openjdk-amd64/jre/bin/java
00609000-0060a000 rw-p 00009000 07:00 2884059                            /usr/lib/jvm/java-6-openjdk-amd64/jre/bin/java
01573000-01594000 rw-p 00000000 00:00 0                                  [heap]
77a800000-77bcc0000 rw-p 00000000 00:00 0 
77bcc0000-784e00000 rw-p 00000000 00:00 0 
784e00000-78a010000 rw-p 00000000 00:00 0 
78a010000-7d6f60000 rw-p 00000000 00:00 0 
7d6f60000-7d9860000 rw-p 00000000 00:00 0 
7d9860000-800000000 rw-p 00000000 00:00 0 
7f97a4000000-7f97a4021000 rw-p 00000000 00:00 0 
7f97a4021000-7f97a8000000 ---p 00000000 00:00 0 
7f97a8000000-7f97a8021000 rw-p 00000000 00:00 0 
7f97a8021000-7f97ac000000 ---p 00000000 00:00 0 
7f97ac000000-7f97adeeb000 rw-p 00000000 00:00 0 
7f97adeeb000-7f97b0000000 ---p 00000000 00:00 0 
7f97b1459000-7f97b145c000 ---p 00000000 00:00 0 
7f97b145c000-7f97b155a000 rwxp 00000000 00:00 0 
7f97b155a000-7f97b155d000 ---p 00000000 00:00 0 
7f97b155d000-7f97b165b000 rwxp 00000000 00:00 0 
7f97b165b000-7f97b1abc000 rw-p 00000000 00:00 0 
7f97b1abd000-7f97b8000000 rw-p 00000000 00:00 0 
7f97b8000000-7f97b8029000 rw-p 00000000 00:00 0 
7f97b8029000-7f97bc000000 ---p 00000000 00:00 0 
7f97bc020000-7f97bda77000 rw-p 00000000 00:00 0 
7f97bda77000-7f97bf0f7000 r--s 00000000 00:12 694785                     /run/shm/26711_045e.02ae@1.28_Image
7f97bf0f7000-7f97bf7ff000 r--s 00000000 00:12 693852                     /run/shm/26711_045e.02ae@1.28_Depth
7f97bf7ff000-7f97bf800000 ---p 00000000 00:00 0 
7f97bf800000-7f97c0000000 rwxp 00000000 00:00 0 
7f97c0000000-7f97c0021000 rw-p 00000000 00:00 0 
7f97c0021000-7f97c4000000 ---p 00000000 00:00 0 
7f97c4000000-7f97c4021000 rw-p 00000000 00:00 0 
7f97c4021000-7f97c8000000 ---p 00000000 00:00 0 
7f97c8000000-7f97c8021000 rw-p 00000000 00:00 0 
7f97c8021000-7f97cc000000 ---p 00000000 00:00 0 
7f97cc000000-7f97cc021000 rw-p 00000000 00:00 0 
7f97cc021000-7f97d0000000 ---p 00000000 00:00 0 
7f97d0000000-7f97d03a9000 rw-p 00000000 00:00 0 
7f97d03a9000-7f97d4000000 ---p 00000000 00:00 0 
7f97d4000000-7f97d41b2000 rw-p 00000000 00:00 0 
7f97d41b2000-7f97d8000000 ---p 00000000 00:00 0 
7f97d8000000-7f97d8021000 rw-p 00000000 00:00 0 
7f97d8021000-7f97dc000000 ---p 00000000 00:00 0 
7f97dc000000-7f97dc021000 rw-p 00000000 00:00 0 
7f97dc021000-7f97e0000000 ---p 00000000 00:00 0 
7f97e0000000-7f97e0021000 rw-p 00000000 00:00 0 
7f97e0021000-7f97e4000000 ---p 00000000 00:00 0 
7f97e4000000-7f97e4021000 rw-p 00000000 00:00 0 
7f97e4021000-7f97e8000000 ---p 00000000 00:00 0 
7f97e8000000-7f97e8021000 rw-p 00000000 00:00 0 
7f97e8021000-7f97ec000000 ---p 00000000 00:00 0 
7f97ec000000-7f97ec021000 rw-p 00000000 00:00 0 
7f97ec021000-7f97f0000000 ---p 00000000 00:00 0 
7f97f0000000-7f97f0021000 rw-p 00000000 00:00 0 
7f97f0021000-7f97f4000000 ---p 00000000 00:00 0 
7f97f4039000-7f97f46e0000 rw-p 00000000 00:00 0 
7f97f46e0000-7f97f4707000 r-xp 00000000 07:00 2759918                    /usr/lib/libXnDeviceFile.so
7f97f4707000-7f97f4907000 ---p 00027000 07:00 2759918                    /usr/lib/libXnDeviceFile.so
7f97f4907000-7f97f4909000 r--p 00027000 07:00 2759918                    /usr/lib/libXnDeviceFile.so
7f97f4909000-7f97f490a000 rw-p 00029000 07:00 2759918                    /usr/lib/libXnDeviceFile.so
7f97f490a000-7f97f4952000 r-xp 00000000 07:00 2759917                    /usr/lib/libXnDDK.so
7f97f4952000-7f97f4b52000 ---p 00048000 07:00 2759917                    /usr/lib/libXnDDK.so
7f97f4b52000-7f97f4b55000 r--p 00048000 07:00 2759917                    /usr/lib/libXnDDK.so
7f97f4b55000-7f97f4b57000 rw-p 0004b000 07:00 2759917                    /usr/lib/libXnDDK.so
7f97f4b57000-7f97f4b7b000 r-xp 00000000 07:00 2759920                    /usr/lib/libXnFormats.so
7f97f4b7b000-7f97f4d7b000 ---p 00024000 07:00 2759920                    /usr/lib/libXnFormats.so
7f97f4d7b000-7f97f4d7c000 r--p 00024000 07:00 2759920                    /usr/lib/libXnFormats.so
7f97f4d7c000-7f97f4d7d000 rw-p 00025000 07:00 2759920                    /usr/lib/libXnFormats.so
7f97f4d7d000-7f97f4d9d000 rw-p 00000000 00:00 0 
7f97f4d9d000-7f97f4da0000 r-xp 00000000 07:00 2759916                    /usr/lib/libXnCore.so
7f97f4da0000-7f97f4f9f000 ---p 00003000 07:00 2759916                    /usr/lib/libXnCore.so
7f97f4f9f000-7f97f4fa0000 r--p 00002000 07:00 2759916                    /usr/lib/libXnCore.so
7f97f4fa0000-7f97f4fa1000 rw-p 00003000 07:00 2759916                    /usr/lib/libXnCore.so
7f97f4fa1000-7f97f502a000 r-xp 00000000 07:00 2759919                    /usr/lib/libXnDeviceSensorV2KM.so
7f97f502a000-7f97f5229000 ---p 00089000 07:00 2759919                    /usr/lib/libXnDeviceSensorV2KM.so
7f97f5229000-7f97f5239000 r--p 00088000 07:00 2759919                    /usr/lib/libXnDeviceSensorV2KM.so
7f97f5239000-7f97f523a000 rw-p 00098000 07:00 2759919                    /usr/lib/libXnDeviceSensorV2KM.so
7f97f523a000-7f97f532e000 r-xp 00000000 07:00 2759934                    /usr/lib/libXnVHandGenerator_1_5_2.so
7f97f532e000-7f97f552d000 ---p 000f4000 07:00 2759934                    /usr/lib/libXnVHandGenerator_1_5_2.so
7f97f552d000-7f97f5532000 r--p 000f3000 07:00 2759934                    /usr/lib/libXnVHandGenerator_1_5_2.so
7f97f5532000-7f97f5533000 rw-p 000f8000 07:00 2759934                    /usr/lib/libXnVHandGenerator_1_5_2.so
7f97f5533000-7f97f5541000 rw-p 00000000 00:00 0 
7f97f5541000-7f97f5619000 r-xp 00000000 07:00 2759933                    /usr/lib/libXnVHandGenerator_1_4_2.so
7f97f5619000-7f97f5818000 ---p 000d8000 07:00 2759933                    /usr/lib/libXnVHandGenerator_1_4_2.so
7f97f5818000-7f97f581d000 r--p 000d7000 07:00 2759933                    /usr/lib/libXnVHandGenerator_1_4_2.so
7f97f581d000-7f97f581e000 rw-p 000dc000 07:00 2759933                    /usr/lib/libXnVHandGenerator_1_4_2.so
7f97f581e000-7f97f5821000 rw-p 00000000 00:00 0 
7f97f5821000-7f97f58f9000 r-xp 00000000 07:00 2759932                    /usr/lib/libXnVHandGenerator_1_4_1.so
7f97f58f9000-7f97f5af8000 ---p 000d8000 07:00 2759932                    /usr/lib/libXnVHandGenerator_1_4_1.so
7f97f5af8000-7f97f5afd000 r--p 000d7000 07:00 2759932                    /usr/lib/libXnVHandGenerator_1_4_1.so
7f97f5afd000-7f97f5afe000 rw-p 000dc000 07:00 2759932                    /usr/lib/libXnVHandGenerator_1_4_1.so
7f97f5afe000-7f97f5b01000 rw-p 00000000 00:00 0 
7f97f5b01000-7f97f5be4000 r-xp 00000000 07:00 2759931                    /usr/lib/libXnVHandGenerator_1_3_1.so
7f97f5be4000-7f97f5de4000 ---p 000e3000 07:00 2759931                    /usr/lib/libXnVHandGenerator_1_3_1.so
7f97f5de4000-7f97f5de9000 r--p 000e3000 07:00 2759931                    /usr/lib/libXnVHandGenerator_1_3_1.so
7f97f5de9000-7f97f5dea000 rw-p 000e8000 07:00 2759931                    /usr/lib/libXnVHandGenerator_1_3_1.so
7f97f5dea000-7f97f5ded000 rw-p 00000000 00:00 0 
7f97f5ded000-7f97f6202000 r-xp 00000000 07:00 2759929                    /usr/lib/libXnVFeatures_1_5_2.so
7f97f6202000-7f97f6402000 ---p 00415000 07:00 2759929                    /usr/lib/libXnVFeatures_1_5_2.so
7f97f6402000-7f97f6413000 r--p 00415000 07:00 2759929                    /usr/lib/libXnVFeatures_1_5_2.so
7f97f6413000-7f97f6415000 rw-p 00426000 07:00 2759929                    /usr/lib/libXnVFeatures_1_5_2.so
7f97f6415000-7f97f642a000 rw-p 00000000 00:00 0 
7f97f642a000-7f97f6621000 r-xp 00000000 07:00 2759928                    /usr/lib/libXnVFeatures_1_4_2.so
7f97f6621000-7f97f6820000 ---p 001f7000 07:00 2759928                    /usr/lib/libXnVFeatures_1_4_2.so
7f97f6820000-7f97f6826000 r--p 001f6000 07:00 2759928                    /usr/lib/libXnVFeatures_1_4_2.so
7f97f6826000-7f97f6827000 rw-p 001fc000 07:00 2759928                    /usr/lib/libXnVFeatures_1_4_2.so
7f97f6827000-7f97f682d000 rw-p 00000000 00:00 0 
7f97f682d000-7f97f6a24000 r-xp 00000000 07:00 2759927                    /usr/lib/libXnVFeatures_1_4_1.so
7f97f6a24000-7f97f6c23000 ---p 001f7000 07:00 2759927                    /usr/lib/libXnVFeatures_1_4_1.so
7f97f6c23000-7f97f6c29000 r--p 001f6000 07:00 2759927                    /usr/lib/libXnVFeatures_1_4_1.so
7f97f6c29000-7f97f6c2a000 rw-p 001fc000 07:00 2759927                    /usr/lib/libXnVFeatures_1_4_1.so
7f97f6c2a000-7f97f6c30000 rw-p 00000000 00:00 0 
7f97f6c30000-7f97f6e75000 r-xp 00000000 07:00 2759926                    /usr/lib/libXnVFeatures_1_3_1.so
7f97f6e75000-7f97f7075000 ---p 00245000 07:00 2759926                    /usr/lib/libXnVFeatures_1_3_1.so
7f97f7075000-7f97f707b000 r--p 00245000 07:00 2759926                    /usr/lib/libXnVFeatures_1_3_1.so
7f97f707b000-7f97f707c000 rw-p 0024b000 07:00 2759926                    /usr/lib/libXnVFeatures_1_3_1.so
7f97f707c000-7f97f7083000 rw-p 00000000 00:00 0 
7f97f7083000-7f97f70a1000 r-xp 00000000 07:00 2760368                    /usr/lib/libnimRecorder.so
7f97f70a1000-7f97f72a0000 ---p 0001e000 07:00 2760368                    /usr/lib/libnimRecorder.so
7f97f72a0000-7f97f72a2000 r--p 0001d000 07:00 2760368                    /usr/lib/libnimRecorder.so
7f97f72a2000-7f97f72a3000 rw-p 0001f000 07:00 2760368                    /usr/lib/libnimRecorder.so
7f97f72a3000-7f97f72d9000 r-xp 00000000 07:00 2760366                    /usr/lib/libnimCodecs.so
7f97f72d9000-7f97f74d9000 ---p 00036000 07:00 2760366                    /usr/lib/libnimCodecs.so
7f97f74d9000-7f97f74dc000 r--p 00036000 07:00 2760366                    /usr/lib/libnimCodecs.so
7f97f74dc000-7f97f74dd000 rw-p 00039000 07:00 2760366                    /usr/lib/libnimCodecs.so
7f97f74dd000-7f97f74fd000 rw-p 00000000 00:00 0 
7f97f74fd000-7f97f7534000 r-xp 00000000 07:00 2760367                    /usr/lib/libnimMockNodes.so
7f97f7534000-7f97f7733000 ---p 00037000 07:00 2760367                    /usr/lib/libnimMockNodes.so
7f97f7733000-7f97f7740000 r--p 00036000 07:00 2760367                    /usr/lib/libnimMockNodes.so
7f97f7740000-7f97f7741000 rw-p 00043000 07:00 2760367                    /usr/lib/libnimMockNodes.so
7f97f7741000-7f97f774f000 r-xp 00000000 07:00 136665                     /lib/x86_64-linux-gnu/libusb-1.0.so.0.1.0
7f97f774f000-7f97f794e000 ---p 0000e000 07:00 136665                     /lib/x86_64-linux-gnu/libusb-1.0.so.0.1.0
7f97f794e000-7f97f794f000 r--p 0000d000 07:00 136665                     /lib/x86_64-linux-gnu/libusb-1.0.so.0.1.0
7f97f794f000-7f97f7950000 rw-p 0000e000 07:00 136665                     /lib/x86_64-linux-gnu/libusb-1.0.so.0.1.0
7f97f7950000-7f97f79cd000 r-xp 00000000 07:00 2759909                    /usr/lib/libOpenNI.so
7f97f79cd000-7f97f7bcc000 ---p 0007d000 07:00 2759909                    /usr/lib/libOpenNI.so
7f97f7bcc000-7f97f7bcf000 r--p 0007c000 07:00 2759909                    /usr/lib/libOpenNI.so
7f97f7bcf000-7f97f7bd2000 rw-p 0007f000 07:00 2759909                    /usr/lib/libOpenNI.so
7f97f7bd2000-7f97f7bd3000 rw-p 00000000 00:00 0 
7f97f7bd3000-7f97f7bf7000 r-xp 00000000 07:00 2759908                    /usr/lib/libOpenNI.jni.so
7f97f7bf7000-7f97f7df6000 ---p 00024000 07:00 2759908                    /usr/lib/libOpenNI.jni.so
7f97f7df6000-7f97f7df7000 r--p 00023000 07:00 2759908                    /usr/lib/libOpenNI.jni.so
7f97f7df7000-7f97f7dfa000 rw-p 00024000 07:00 2759908                    /usr/lib/libOpenNI.jni.so
7f97f7dfa000-7f97f7dff000 r-xp 00000000 07:00 2766745                    /usr/lib/x86_64-linux-gnu/libXfixes.so.3.1.0
7f97f7dff000-7f97f7ffe000 ---p 00005000 07:00 2766745                    /usr/lib/x86_64-linux-gnu/libXfixes.so.3.1.0
7f97f7ffe000-7f97f7fff000 r--p 00004000 07:00 2766745                    /usr/lib/x86_64-linux-gnu/libXfixes.so.3.1.0
7f97f7fff000-7f97f8000000 rw-p 00005000 07:00 2766745                    /usr/lib/x86_64-linux-gnu/libXfixes.so.3.1.0
7f97f8000000-7f97f8021000 rw-p 00000000 00:00 0 
7f97f8021000-7f97fc000000 ---p 00000000 00:00 0 
7f97fc012000-7f97fc01b000 r--s 00000000 07:00 2229112                    /var/cache/fontconfig/945677eb7aeaf62f1d50efc3fb3ec7d8-le64.cache-3
7f97fc01b000-7f97fc01f000 r--s 00000000 07:00 2229113                    /var/cache/fontconfig/99e8ed0e538f840c565b6ed5dad60d56-le64.cache-3
7f97fc01f000-7f97fc027000 r--s 00000000 07:00 2229114                    /var/cache/fontconfig/a6d8cf8e4ec09cdbc8633c31745a07dd-le64.cache-3
7f97fc027000-7f97fc02d000 r--s 00000000 07:00 2229115                    /var/cache/fontconfig/a755afe4a08bf5b97852ceb7400b47bc-le64.cache-3
7f97fc02d000-7f97fc036000 r--s 00000000 07:00 2229107                    /var/cache/fontconfig/6d41288fd70b0be22e8c3a91e032eec0-le64.cache-3
7f97fc036000-7f97fc046000 r--s 00000000 07:00 2229094                    /var/cache/fontconfig/04aabc0a78ac019cf9454389977116d2-le64.cache-3
7f97fc05c000-7f97fc0f3000 rw-p 00000000 00:00 0 
7f97fc0f3000-7f97fc1f4000 rwxp 00000000 00:00 0 
7f97fc1f4000-7f97fc1f5000 r--s 00000000 07:00 2229118                    /var/cache/fontconfig/c05880de57d1f5e948fdfacc138775d9-le64.cache-3
7f97fc1f5000-7f97fc1fe000 r--s 00000000 07:00 2229112                    /var/cache/fontconfig/945677eb7aeaf62f1d50efc3fb3ec7d8-le64.cache-3
7f97fc1fe000-7f97fc202000 r--s 00000000 07:00 2229113                    /var/cache/fontconfig/99e8ed0e538f840c565b6ed5dad60d56-le64.cache-3
7f97fc202000-7f97fc20a000 r--s 00000000 07:00 2229114                    /var/cache/fontconfig/a6d8cf8e4ec09cdbc8633c31745a07dd-le64.cache-3
7f97fc20a000-7f97fc20e000 r--s 00000000 07:00 2229098                    /var/cache/fontconfig/2cd17615ca594fa2959ae173292e504c-le64.cache-3
7f97fc20e000-7f97fc20f000 r--s 00000000 07:00 2229126                    /var/cache/fontconfig/e7071f4a29fa870f4323321c154eba04-le64.cache-3
7f97fc20f000-7f97fc210000 r--s 00000000 07:00 2229096                    /var/cache/fontconfig/0d8c3b2ac0904cb8a57a757ad11a4a08-le64.cache-3
7f97fc210000-7f97fc216000 r--s 00000000 07:00 2229115                    /var/cache/fontconfig/a755afe4a08bf5b97852ceb7400b47bc-le64.cache-3
7f97fc216000-7f97fc21f000 r--s 00000000 07:00 2229107                    /var/cache/fontconfig/6d41288fd70b0be22e8c3a91e032eec0-le64.cache-3
7f97fc21f000-7f97fc22f000 r--s 00000000 07:00 2229094                    /var/cache/fontconfig/04aabc0a78ac019cf9454389977116d2-le64.cache-3
7f97fc22f000-7f97fc232000 r--s 00000000 07:00 2229101                    /var/cache/fontconfig/385c0604a188198f04d133e54aba7fe7-le64.cache-3
7f97fc232000-7f97fc233000 r--s 00000000 07:00 2229102                    /var/cache/fontconfig/4794a0821666d79190d59a36cb4f44b5-le64.cache-3
7f97fc233000-7f97fc236000 r--s 00000000 07:00 2229111                    /var/cache/fontconfig/8801497958630a81b71ace7c5f9b32a8-le64.cache-3
7f97fc236000-7f97fc23b000 r--s 00000000 07:00 2229116                    /var/cache/fontconfig/b47c4e1ecd0709278f4910c18777a504-le64.cache-3
7f97fc23b000-7f97fc24b000 r--s 00000000 07:00 2229122                    /var/cache/fontconfig/d52a8644073d54c13679302ca1180695-le64.cache-3
7f97fc24c000-7f97fc255000 r-xp 00000000 07:00 2766737                    /usr/lib/x86_64-linux-gnu/libXcursor.so.1.0.2
7f97fc255000-7f97fc454000 ---p 00009000 07:00 2766737                    /usr/lib/x86_64-linux-gnu/libXcursor.so.1.0.2
7f97fc454000-7f97fc455000 r--p 00008000 07:00 2766737                    /usr/lib/x86_64-linux-gnu/libXcursor.so.1.0.2
7f97fc455000-7f97fc456000 rw-p 00009000 07:00 2766737                    /usr/lib/x86_64-linux-gnu/libXcursor.so.1.0.2
7f97fc479000-7f97fc47a000 rw-s 00000000 00:12 688651                     /run/shm/045e.02ae@1.28-SM
7f97fc47a000-7f97fc47b000 rw-p 00000000 00:00 0 
7f97fc47b000-7f97fc482000 r--s 000fb000 07:00 2884213                    /usr/lib/jvm/java-6-openjdk-common/jre/lib/resources.jar
7f97fc482000-7f97fc487000 r--s 00000000 07:00 2229099                    /var/cache/fontconfig/3047814df9a2f067bd2d96a2b9c36e5a-le64.cache-3
7f97fc487000-7f97fc493000 r--s 00000000 07:00 2229095                    /var/cache/fontconfig/089dead882dea3570ffc31a9898cfb69-le64.cache-3
7f97fc493000-7f97fc4a6000 r--s 00000000 07:00 2229124                    /var/cache/fontconfig/e13b20fdb08344e0e664864cc2ede53d-le64.cache-3
7f97fc4a6000-7f97fc5a7000 rwxp 00000000 00:00 0 
7f97fc5a7000-7f97fc63d000 r-xp 00000000 07:00 2767280                    /usr/lib/x86_64-linux-gnu/libfreetype.so.6.8.0
7f97fc63d000-7f97fc83c000 ---p 00096000 07:00 2767280                    /usr/lib/x86_64-linux-gnu/libfreetype.so.6.8.0
7f97fc83c000-7f97fc842000 r--p 00095000 07:00 2767280                    /usr/lib/x86_64-linux-gnu/libfreetype.so.6.8.0
7f97fc842000-7f97fc843000 rw-p 0009b000 07:00 2767280                    /usr/lib/x86_64-linux-gnu/libfreetype.so.6.8.0
7f97fc843000-7f97fc87d000 r-xp 00000000 07:00 2884078                    /usr/lib/jvm/java-6-openjdk-amd64/jre/lib/amd64/libfontmanager.so
7f97fc87d000-7f97fca7c000 ---p 0003a000 07:00 2884078                    /usr/lib/jvm/java-6-openjdk-amd64/jre/lib/amd64/libfontmanager.so
7f97fca7c000-7f97fca7e000 r--p 00039000 07:00 2884078                    /usr/lib/jvm/java-6-openjdk-amd64/jre/lib/amd64/libfontmanager.so
7f97fca7e000-7f97fca7f000 rw-p 0003b000 07:00 2884078                    /usr/lib/jvm/java-6-openjdk-amd64/jre/lib/amd64/libfontmanager.so
7f97fca7f000-7f97fca84000 r-xp 00000000 07:00 2766741                    /usr/lib/x86_64-linux-gnu/libXdmcp.so.6.0.0
7f97fca84000-7f97fcc83000 ---p 00005000 07:00 2766741                    /usr/lib/x86_64-linux-gnu/libXdmcp.so.6.0.0
7f97fcc83000-7f97fcc84000 r--p 00004000 07:00 2766741                    /usr/lib/x86_64-linux-gnu/libXdmcp.so.6.0.0
7f97fcc84000-7f97fcc85000 rw-p 00005000 07:00 2766741                    /usr/lib/x86_64-linux-gnu/libXdmcp.so.6.0.0
7f97fcc85000-7f97fcc87000 r-xp 00000000 07:00 2766732                    /usr/lib/x86_64-linux-gnu/libXau.so.6.0.0
7f97fcc87000-7f97fce86000 ---p 00002000 07:00 2766732                    /usr/lib/x86_64-linux-gnu/libXau.so.6.0.0
7f97fce86000-7f97fce87000 r--p 00001000 07:00 2766732                    /usr/lib/x86_64-linux-gnu/libXau.so.6.0.0
7f97fce87000-7f97fce88000 rw-p 00002000 07:00 2766732                    /usr/lib/x86_64-linux-gnu/libXau.so.6.0.0
7f97fce88000-7f97fcea5000 r-xp 00000000 07:00 2767626                    /usr/lib/x86_64-linux-gnu/libxcb.so.1.1.0
7f97fcea5000-7f97fd0a4000 ---p 0001d000 07:00 2767626                    /usr/lib/x86_64-linux-gnu/libxcb.so.1.1.0
7f97fd0a4000-7f97fd0a5000 r--p 0001c000 07:00 2767626                    /usr/lib/x86_64-linux-gnu/libxcb.so.1.1.0
7f97fd0a5000-7f97fd0a6000 rw-p 0001d000 07:00 2767626                    /usr/lib/x86_64-linux-gnu/libxcb.so.1.1.0
7f97fd0a6000-7f97fd0b4000 r-xp 00000000 07:00 2766749                    /usr/lib/x86_64-linux-gnu/libXi.so.6.1.0
7f97fd0b4000-7f97fd2b3000 ---p 0000e000 07:00 2766749                    /usr/lib/x86_64-linux-gnu/libXi.so.6.1.0
7f97fd2b3000-7f97fd2b4000 r--p 0000d000 07:00 2766749                    /usr/lib/x86_64-linux-gnu/libXi.so.6.1.0
7f97fd2b4000-7f97fd2b5000 rw-p 0000e000 07:00 2766749                    /usr/lib/x86_64-linux-gnu/libXi.so.6.1.0
7f97fd2b5000-7f97fd2ba000 r-xp 00000000 07:00 2766764                    /usr/lib/x86_64-linux-gnu/libXtst.so.6.1.0
7f97fd2ba000-7f97fd4b9000 ---p 00005000 07:00 2766764                    /usr/lib/x86_64-linux-gnu/libXtst.so.6.1.0
7f97fd4b9000-7f97fd4ba000 r--p 00004000 07:00 2766764                    /usr/lib/x86_64-linux-gnu/libXtst.so.6.1.0
7f97fd4ba000-7f97fd4bb000 rw-p 00005000 07:00 2766764                    /usr/lib/x86_64-linux-gnu/libXtst.so.6.1.0
7f97fd4bb000-7f97fd4c4000 r-xp 00000000 07:00 2766760                    /usr/lib/x86_64-linux-gnu/libXrender.so.1.3.0
7f97fd4c4000-7f97fd6c3000 ---p 00009000 07:00 2766760                    /usr/lib/x86_64-linux-gnu/libXrender.so.1.3.0
7f97fd6c3000-7f97fd6c4000 r--p 00008000 07:00 2766760                    /usr/lib/x86_64-linux-gnu/libXrender.so.1.3.0
7f97fd6c4000-7f97fd6c5000 rw-p 00009000 07:00 2766760                    /usr/lib/x86_64-linux-gnu/libXrender.so.1.3.0
7f97fd6c5000-7f97fd7f4000 r-xp 00000000 07:00 2766730                    /usr/lib/x86_64-linux-gnu/libX11.so.6.3.0
7f97fd7f4000-7f97fd9f4000 ---p 0012f000 07:00 2766730                    /usr/lib/x86_64-linux-gnu/libX11.so.6.3.0
7f97fd9f4000-7f97fd9f5000 r--p 0012f000 07:00 2766730                    /usr/lib/x86_64-linux-gnu/libX11.so.6.3.0
7f97fd9f5000-7f97fd9f9000 rw-p 00130000 07:00 2766730                    /usr/lib/x86_64-linux-gnu/libX11.so.6.3.0
7f97fd9f9000-7f97fda09000 r-xp 00000000 07:00 2766743                    /usr/lib/x86_64-linux-gnu/libXext.so.6.4.0
7f97fda09000-7f97fdc08000 ---p 00010000 07:00 2766743                    /usr/lib/x86_64-linux-gnu/libXext.so.6.4.0
7f97fdc08000-7f97fdc09000 r--p 0000f000 07:00 2766743                    /usr/lib/x86_64-linux-gnu/libXext.so.6.4.0
7f97fdc09000-7f97fdc0a000 rw-p 00010000 07:00 2766743                    /usr/lib/x86_64-linux-gnu/libXext.so.6.4.0
7f97fdc0a000-7f97fdc55000 r-xp 00000000 07:00 2884115                    /usr/lib/jvm/java-6-openjdk-amd64/jre/lib/amd64/xawt/libmawt.so
7f97fdc55000-7f97fde55000 ---p 0004b000 07:00 2884115                    /usr/lib/jvm/java-6-openjdk-amd64/jre/lib/amd64/xawt/libmawt.so
7f97fde55000-7f97fde56000 r--p 0004b000 07:00 2884115                    /usr/lib/jvm/java-6-openjdk-amd64/jre/lib/amd64/xawt/libmawt.so
7f97fde56000-7f97fde59000 rw-p 0004c000 07:00 2884115                    /usr/lib/jvm/java-6-openjdk-amd64/jre/lib/amd64/xawt/libmawt.so
7f97fde59000-7f97fde5a000 rw-p 00000000 00:00 0 
7f97fde5a000-7f97fdf06000 r-xp 00000000 07:00 2884076                    /usr/lib/jvm/java-6-openjdk-amd64/jre/lib/amd64/libawt.so
7f97fdf06000-7f97fe105000 ---p 000ac000 07:00 2884076                    /usr/lib/jvm/java-6-openjdk-amd64/jre/lib/amd64/libawt.so
7f97fe105000-7f97fe106000 r--p 000ab000 07:00 2884076                    /usr/lib/jvm/java-6-openjdk-amd64/jre/lib/amd64/libawt.so
7f97fe106000-7f97fe111000 rw-p 000ac000 07:00 2884076                    /usr/lib/jvm/java-6-openjdk-amd64/jre/lib/amd64/libawt.so
7f97fe111000-7f97fe136000 rw-p 00000000 00:00 0 
7f97fe136000-7f97fe137000 r--s 00007000 07:00 1188646                    /usr/share/java/java-atk-wrapper.jar
7f97fe137000-7f97fe139000 r--s 00001000 07:00 2884220                    /usr/lib/jvm/java-6-openjdk-common/jre/lib/ext/dnsns.jar
7f97fe139000-7f97fe13c000 r--s 00031000 07:00 2884223                    /usr/lib/jvm/java-6-openjdk-common/jre/lib/ext/sunjce_provider.jar
7f97fe13c000-7f97fe13e000 r--s 0000f000 07:00 2884222                    /usr/lib/jvm/java-6-openjdk-common/jre/lib/ext/pulse-java.jar
7f97fe13e000-7f97fe142000 r--s 00038000 07:00 2884224                    /usr/lib/jvm/java-6-openjdk-common/jre/lib/ext/sunpkcs11.jar
7f97fe142000-7f97fe145000 r--s 00077000 07:00 2884221                    /usr/lib/jvm/java-6-openjdk-common/jre/lib/ext/localedata.jar
7f97fe145000-7f97fe146000 ---p 00000000 00:00 0 
7f97fe146000-7f97fe347000 rwxp 00000000 00:00 0 
7f97fe347000-7f97fe348000 ---p 00000000 00:00 0 
7f97fe348000-7f97fe448000 rwxp 00000000 00:00 0 
7f97fe448000-7f97fe449000 ---p 00000000 00:00 0 
7f97fe449000-7f97fe64a000 rwxp 00000000 00:00 0 
7f97fe64a000-7f97feabe000 r--p 00000000 07:00 2765053                    /usr/lib/locale/locale-archive
7f97feabe000-7f97fecc0000 rwxp 00000000 00:00 0 
7f97fecc0000-7f97fecc1000 ---p 00000000 00:00 0 
7f97fecc1000-7f97fedc1000 rwxp 00000000 00:00 0 
7f97fedc1000-7f97ff2f9000 rw-p 00000000 00:00 0 
7f97ff2f9000-7f97ff48b000 r--s 037c2000 07:00 2884073                    /usr/lib/jvm/java-6-openjdk-amd64/jre/lib/rt.jar
7f97ff48b000-7f97ff4b3000 rw-p 00000000 00:00 0 
7f97ff4b3000-7f97ff4b4000 ---p 00000000 00:00 0 
7f97ff4b4000-7f97ff5b4000 rwxp 00000000 00:00 0 
7f97ff5b4000-7f97ff5b5000 ---p 00000000 00:00 0 
7f97ff5b5000-7f97ff6b5000 rwxp 00000000 00:00 0 
7f97ff6b5000-7f97ff6b6000 ---p 00000000 00:00 0 
7f97ff6b6000-7f97ff7b6000 rwxp 00000000 00:00 0 
7f97ff7b6000-7f97ff7b7000 ---p 00000000 00:00 0 
7f97ff7b7000-7f97ff8b7000 rwxp 00000000 00:00 0 
7f97ff8b7000-7f97ff8e1000 rw-p 00000000 00:00 0 
7f97ff8e1000-7f97ffb48000 rw-p 00000000 00:00 0 
7f97ffb48000-7f97ffb53000 rw-p 00000000 00:00 0 
7f97ffb53000-7f97ffb9b000 rw-p 00000000 00:00 0 
7f97ffb9b000-7f97ffbc5000 rw-p 00000000 00:00 0 
7f97ffbc5000-7f97ffe2b000 rw-p 00000000 00:00 0 
7f97ffe2b000-7f97ffe41000 rw-p 00000000 00:00 0 
7f97ffe41000-7f97fff74000 rw-p 00000000 00:00 0 
7f97fff74000-7f97fff75000 rw-p 00000000 00:00 0 
7f97fff75000-7f98001e5000 rwxp 00000000 00:00 0 
7f98001e5000-7f9802f75000 rw-p 00000000 00:00 0 
7f9802f75000-7f9802f7c000 r-xp 00000000 07:00 2884105                    /usr/lib/jvm/java-6-openjdk-amd64/jre/lib/amd64/libzip.so
7f9802f7c000-7f980317b000 ---p 00007000 07:00 2884105                    /usr/lib/jvm/java-6-openjdk-amd64/jre/lib/amd64/libzip.so
7f980317b000-7f980317c000 r--p 00006000 07:00 2884105                    /usr/lib/jvm/java-6-openjdk-amd64/jre/lib/amd64/libzip.so
7f980317c000-7f980317d000 rw-p 00007000 07:00 2884105                    /usr/lib/jvm/java-6-openjdk-amd64/jre/lib/amd64/libzip.so
7f980317d000-7f9803189000 r-xp 00000000 07:00 136638                     /lib/x86_64-linux-gnu/libnss_files-2.15.so
7f9803189000-7f9803388000 ---p 0000c000 07:00 136638                     /lib/x86_64-linux-gnu/libnss_files-2.15.so
7f9803388000-7f9803389000 r--p 0000b000 07:00 136638                     /lib/x86_64-linux-gnu/libnss_files-2.15.so
7f9803389000-7f980338a000 rw-p 0000c000 07:00 136638                     /lib/x86_64-linux-gnu/libnss_files-2.15.so
7f980338a000-7f9803394000 r-xp 00000000 07:00 136640                     /lib/x86_64-linux-gnu/libnss_nis-2.15.so
7f9803394000-7f9803594000 ---p 0000a000 07:00 136640                     /lib/x86_64-linux-gnu/libnss_nis-2.15.so
7f9803594000-7f9803595000 r--p 0000a000 07:00 136640                     /lib/x86_64-linux-gnu/libnss_nis-2.15.so
7f9803595000-7f9803596000 rw-p 0000b000 07:00 136640                     /lib/x86_64-linux-gnu/libnss_nis-2.15.so
7f9803596000-7f98035ad000 r-xp 00000000 07:00 136635                     /lib/x86_64-linux-gnu/libnsl-2.15.so
7f98035ad000-7f98037ac000 ---p 00017000 07:00 136635                     /lib/x86_64-linux-gnu/libnsl-2.15.so
7f98037ac000-7f98037ad000 r--p 00016000 07:00 136635                     /lib/x86_64-linux-gnu/libnsl-2.15.so
7f98037ad000-7f98037ae000 rw-p 00017000 07:00 136635                     /lib/x86_64-linux-gnu/libnsl-2.15.so
7f98037ae000-7f98037b0000 rw-p 00000000 00:00 0 
7f98037b0000-7f98037b8000 r-xp 00000000 07:00 136636                     /lib/x86_64-linux-gnu/libnss_compat-2.15.so
7f98037b8000-7f98039b7000 ---p 00008000 07:00 136636                     /lib/x86_64-linux-gnu/libnss_compat-2.15.so
7f98039b7000-7f98039b8000 r--p 00007000 07:00 136636                     /lib/x86_64-linux-gnu/libnss_compat-2.15.so
7f98039b8000-7f98039b9000 rw-p 00008000 07:00 136636                     /lib/x86_64-linux-gnu/libnss_compat-2.15.so
7f98039b9000-7f98039e5000 r-xp 00000000 07:00 2884085                    /usr/lib/jvm/java-6-openjdk-amd64/jre/lib/amd64/libjava.so
7f98039e5000-7f9803be4000 ---p 0002c000 07:00 2884085                    /usr/lib/jvm/java-6-openjdk-amd64/jre/lib/amd64/libjava.so
7f9803be4000-7f9803be5000 r--p 0002b000 07:00 2884085                    /usr/lib/jvm/java-6-openjdk-amd64/jre/lib/amd64/libjava.so
7f9803be5000-7f9803be8000 rw-p 0002c000 07:00 2884085                    /usr/lib/jvm/java-6-openjdk-amd64/jre/lib/amd64/libjava.so
7f9803be8000-7f9803bf6000 r-xp 00000000 07:00 2884104                    /usr/lib/jvm/java-6-openjdk-amd64/jre/lib/amd64/libverify.so
7f9803bf6000-7f9803df5000 ---p 0000e000 07:00 2884104                    /usr/lib/jvm/java-6-openjdk-amd64/jre/lib/amd64/libverify.so
7f9803df5000-7f9803df7000 r--p 0000d000 07:00 2884104                    /usr/lib/jvm/java-6-openjdk-amd64/jre/lib/amd64/libverify.so
7f9803df7000-7f9803df8000 rw-p 0000f000 07:00 2884104                    /usr/lib/jvm/java-6-openjdk-amd64/jre/lib/amd64/libverify.so
7f9803df8000-7f9803dff000 r-xp 00000000 07:00 136656                     /lib/x86_64-linux-gnu/librt-2.15.so
7f9803dff000-7f9803ffe000 ---p 00007000 07:00 136656                     /lib/x86_64-linux-gnu/librt-2.15.so
7f9803ffe000-7f9803fff000 r--p 00006000 07:00 136656                     /lib/x86_64-linux-gnu/librt-2.15.so
7f9803fff000-7f9804000000 rw-p 00007000 07:00 136656                     /lib/x86_64-linux-gnu/librt-2.15.so
7f9804000000-7f9808000000 rw-p 00000000 00:00 0 
7f9808000000-7f9808001000 r--s 00000000 07:00 2229104                    /var/cache/fontconfig/56cf4f4769d0f4abc89a4895d7bd3ae1-le64.cache-3
7f9808001000-7f9808005000 r--s 00000000 07:00 2229109                    /var/cache/fontconfig/7ef2298fde41cc6eeb7af42e48b7d293-le64.cache-3
7f9808005000-7f9808009000 r--s 00000000 07:00 2229098                    /var/cache/fontconfig/2cd17615ca594fa2959ae173292e504c-le64.cache-3
7f9808009000-7f980800c000 r--s 00000000 07:00 2229101                    /var/cache/fontconfig/385c0604a188198f04d133e54aba7fe7-le64.cache-3
7f980800c000-7f980800d000 r--s 00000000 07:00 2229102                    /var/cache/fontconfig/4794a0821666d79190d59a36cb4f44b5-le64.cache-3
7f980800d000-7f9808010000 r--s 00000000 07:00 2229111                    /var/cache/fontconfig/8801497958630a81b71ace7c5f9b32a8-le64.cache-3
7f9808010000-7f9808015000 r--s 00000000 07:00 2229099                    /var/cache/fontconfig/3047814df9a2f067bd2d96a2b9c36e5a-le64.cache-3
7f9808015000-7f9808025000 r--s 00000000 07:00 2229122                    /var/cache/fontconfig/d52a8644073d54c13679302ca1180695-le64.cache-3
7f9808025000-7f9808030000 rw-p 00000000 00:00 0 
7f9808030000-7f9808078000 rw-p 00000000 00:00 0 
7f9808078000-7f980808d000 r-xp 00000000 07:00 136622                     /lib/x86_64-linux-gnu/libgcc_s.so.1
7f980808d000-7f980828c000 ---p 00015000 07:00 136622                     /lib/x86_64-linux-gnu/libgcc_s.so.1
7f980828c000-7f980828d000 r--p 00014000 07:00 136622                     /lib/x86_64-linux-gnu/libgcc_s.so.1
7f980828d000-7f980828e000 rw-p 00015000 07:00 136622                     /lib/x86_64-linux-gnu/libgcc_s.so.1
7f980828e000-7f9808389000 r-xp 00000000 07:00 136628                     /lib/x86_64-linux-gnu/libm-2.15.so
7f9808389000-7f9808588000 ---p 000fb000 07:00 136628                     /lib/x86_64-linux-gnu/libm-2.15.so
7f9808588000-7f9808589000 r--p 000fa000 07:00 136628                     /lib/x86_64-linux-gnu/libm-2.15.so
7f9808589000-7f980858a000 rw-p 000fb000 07:00 136628                     /lib/x86_64-linux-gnu/libm-2.15.so
7f980858a000-7f980866c000 r-xp 00000000 07:00 2767523                    /usr/lib/x86_64-linux-gnu/libstdc++.so.6.0.16
7f980866c000-7f980886b000 ---p 000e2000 07:00 2767523                    /usr/lib/x86_64-linux-gnu/libstdc++.so.6.0.16
7f980886b000-7f9808873000 r--p 000e1000 07:00 2767523                    /usr/lib/x86_64-linux-gnu/libstdc++.so.6.0.16
7f9808873000-7f9808875000 rw-p 000e9000 07:00 2767523                    /usr/lib/x86_64-linux-gnu/libstdc++.so.6.0.16
7f9808875000-7f980888a000 rw-p 00000000 00:00 0 
7f980888a000-7f980918f000 r-xp 00000000 07:00 2884114                    /usr/lib/jvm/java-6-openjdk-amd64/jre/lib/amd64/server/libjvm.so
7f980918f000-7f980938f000 ---p 00905000 07:00 2884114                    /usr/lib/jvm/java-6-openjdk-amd64/jre/lib/amd64/server/libjvm.so
7f980938f000-7f980940f000 r--p 00905000 07:00 2884114                    /usr/lib/jvm/java-6-openjdk-amd64/jre/lib/amd64/server/libjvm.so
7f980940f000-7f980942a000 rw-p 00985000 07:00 2884114                    /usr/lib/jvm/java-6-openjdk-amd64/jre/lib/amd64/server/libjvm.so
7f980942a000-7f9809453000 rw-p 00000000 00:00 0 
7f9809453000-7f9809469000 r-xp 00000000 07:00 136669                     /lib/x86_64-linux-gnu/libz.so.1.2.3.4
7f9809469000-7f9809668000 ---p 00016000 07:00 136669                     /lib/x86_64-linux-gnu/libz.so.1.2.3.4
7f9809668000-7f9809669000 r--p 00015000 07:00 136669                     /lib/x86_64-linux-gnu/libz.so.1.2.3.4
7f9809669000-7f980966a000 rw-p 00016000 07:00 136669                     /lib/x86_64-linux-gnu/libz.so.1.2.3.4
7f980966a000-7f980981f000 r-xp 00000000 07:00 136611                     /lib/x86_64-linux-gnu/libc-2.15.so
7f980981f000-7f9809a1e000 ---p 001b5000 07:00 136611                     /lib/x86_64-linux-gnu/libc-2.15.so
7f9809a1e000-7f9809a22000 r--p 001b4000 07:00 136611                     /lib/x86_64-linux-gnu/libc-2.15.so
7f9809a22000-7f9809a24000 rw-p 001b8000 07:00 136611                     /lib/x86_64-linux-gnu/libc-2.15.so
7f9809a24000-7f9809a29000 rw-p 00000000 00:00 0 
7f9809a29000-7f9809a2b000 r-xp 00000000 07:00 136618                     /lib/x86_64-linux-gnu/libdl-2.15.so
7f9809a2b000-7f9809c2b000 ---p 00002000 07:00 136618                     /lib/x86_64-linux-gnu/libdl-2.15.so
7f9809c2b000-7f9809c2c000 r--p 00002000 07:00 136618                     /lib/x86_64-linux-gnu/libdl-2.15.so
7f9809c2c000-7f9809c2d000 rw-p 00003000 07:00 136618                     /lib/x86_64-linux-gnu/libdl-2.15.so
7f9809c2d000-7f9809c31000 r-xp 00000000 07:00 2884111                    /usr/lib/jvm/java-6-openjdk-amd64/jre/lib/amd64/jli/libjli.so
7f9809c31000-7f9809e30000 ---p 00004000 07:00 2884111                    /usr/lib/jvm/java-6-openjdk-amd64/jre/lib/amd64/jli/libjli.so
7f9809e30000-7f9809e31000 r--p 00003000 07:00 2884111                    /usr/lib/jvm/java-6-openjdk-amd64/jre/lib/amd64/jli/libjli.so
7f9809e31000-7f9809e32000 rw-p 00004000 07:00 2884111                    /usr/lib/jvm/java-6-openjdk-amd64/jre/lib/amd64/jli/libjli.so
7f9809e32000-7f9809e4a000 r-xp 00000000 07:00 136653                     /lib/x86_64-linux-gnu/libpthread-2.15.so
7f9809e4a000-7f980a049000 ---p 00018000 07:00 136653                     /lib/x86_64-linux-gnu/libpthread-2.15.so
7f980a049000-7f980a04a000 r--p 00017000 07:00 136653                     /lib/x86_64-linux-gnu/libpthread-2.15.so
7f980a04a000-7f980a04b000 rw-p 00018000 07:00 136653                     /lib/x86_64-linux-gnu/libpthread-2.15.so
7f980a04b000-7f980a04f000 rw-p 00000000 00:00 0 
7f980a04f000-7f980a071000 r-xp 00000000 07:00 136601                     /lib/x86_64-linux-gnu/ld-2.15.so
7f980a071000-7f980a072000 r--s 00000000 07:00 2229104                    /var/cache/fontconfig/56cf4f4769d0f4abc89a4895d7bd3ae1-le64.cache-3
7f980a072000-7f980a073000 r--s 00000000 07:00 2229117                    /var/cache/fontconfig/b9d506c9ac06c20b433354fa67a72993-le64.cache-3
7f980a073000-7f980a078000 r--s 00000000 07:00 2229116                    /var/cache/fontconfig/b47c4e1ecd0709278f4910c18777a504-le64.cache-3
7f980a078000-7f980a084000 r--s 00000000 07:00 2229095                    /var/cache/fontconfig/089dead882dea3570ffc31a9898cfb69-le64.cache-3
7f980a084000-7f980a08e000 rw-p 00000000 00:00 0 
7f980a08e000-7f980a144000 rw-p 00000000 00:00 0 
7f980a144000-7f980a145000 ---p 00000000 00:00 0 
7f980a145000-7f980a245000 rwxp 00000000 00:00 0 
7f980a245000-7f980a24a000 rw-p 00000000 00:00 0 
7f980a24a000-7f980a24b000 r--s 00000000 07:00 2229117                    /var/cache/fontconfig/b9d506c9ac06c20b433354fa67a72993-le64.cache-3
7f980a24b000-7f980a24c000 r--s 00000000 07:00 2229118                    /var/cache/fontconfig/c05880de57d1f5e948fdfacc138775d9-le64.cache-3
7f980a24c000-7f980a24d000 r--s 00000000 07:00 2229126                    /var/cache/fontconfig/e7071f4a29fa870f4323321c154eba04-le64.cache-3
7f980a24d000-7f980a24e000 r--s 00000000 07:00 2229096                    /var/cache/fontconfig/0d8c3b2ac0904cb8a57a757ad11a4a08-le64.cache-3
7f980a24e000-7f980a261000 r--s 00000000 07:00 2229124                    /var/cache/fontconfig/e13b20fdb08344e0e664864cc2ede53d-le64.cache-3
7f980a261000-7f980a265000 r--s 00000000 07:00 2229109                    /var/cache/fontconfig/7ef2298fde41cc6eeb7af42e48b7d293-le64.cache-3
7f980a265000-7f980a26d000 rw-s 00000000 07:00 5288                       /tmp/hsperfdata_qyr1987/26689
7f980a26d000-7f980a26e000 rw-p 00000000 00:00 0 
7f980a26e000-7f980a26f000 r--p 00000000 00:00 0 
7f980a26f000-7f980a271000 rw-p 00000000 00:00 0 
7f980a271000-7f980a272000 r--p 00022000 07:00 136601                     /lib/x86_64-linux-gnu/ld-2.15.so
7f980a272000-7f980a274000 rw-p 00023000 07:00 136601                     /lib/x86_64-linux-gnu/ld-2.15.so
7fff31a1f000-7fff31a3f000 rwxp 00000000 00:00 0                          [stack]
7fff31a3f000-7fff31a40000 rw-p 00000000 00:00 0 
7fff31aea000-7fff31aeb000 r-xp 00000000 00:00 0                          [vdso]
ffffffffff600000-ffffffffff601000 r-xp 00000000 00:00 0                  [vsyscall]

VM Arguments:
jvm_args: -Dfile.encoding=UTF-8 
java_command: edu.seas.upenn.ese519.UserTrackerApplication
Launcher Type: SUN_STANDARD

Environment Variables:
PATH=/home/qyr1987/bin:/usr/lib/lightdm/lightdm:/usr/local/sbin:/usr/local/bin:/usr/sbin:/usr/bin:/sbin:/bin:/usr/games
LD_LIBRARY_PATH=/usr/lib/jvm/java-6-openjdk-amd64/jre/lib/amd64/server:/usr/lib/jvm/java-6-openjdk-amd64/jre/lib/amd64:/usr/lib/jvm/java-6-openjdk-amd64/jre/../lib/amd64
SHELL=/bin/bash
DISPLAY=:0

Signal Handlers:
SIGSEGV: [libjvm.so+0x7852e0], sa_mask[0]=0x7ffbfeff, sa_flags=0x10000004
SIGBUS: [libjvm.so+0x7852e0], sa_mask[0]=0x7ffbfeff, sa_flags=0x10000004
SIGFPE: [libjvm.so+0x648d40], sa_mask[0]=0x7ffbfeff, sa_flags=0x10000004
SIGPIPE: [libjvm.so+0x648d40], sa_mask[0]=0x7ffbfeff, sa_flags=0x10000004
SIGXFSZ: [libjvm.so+0x648d40], sa_mask[0]=0x7ffbfeff, sa_flags=0x10000004
SIGILL: [libjvm.so+0x648d40], sa_mask[0]=0x7ffbfeff, sa_flags=0x10000004
SIGUSR1: SIG_DFL, sa_mask[0]=0x00000000, sa_flags=0x00000000
SIGUSR2: [libjvm.so+0x648ef0], sa_mask[0]=0x00000004, sa_flags=0x10000004
SIGHUP: [libjvm.so+0x64ba10], sa_mask[0]=0x7ffbfeff, sa_flags=0x10000004
SIGINT: [libjvm.so+0x64ba10], sa_mask[0]=0x7ffbfeff, sa_flags=0x10000004
SIGTERM: [libjvm.so+0x64ba10], sa_mask[0]=0x7ffbfeff, sa_flags=0x10000004
SIGQUIT: [libjvm.so+0x64ba10], sa_mask[0]=0x7ffbfeff, sa_flags=0x10000004


---------------  S Y S T E M  ---------------

OS:Ubuntu 12.04 (precise)
uname:Linux 3.2.0-33-generic #52-Ubuntu SMP Thu Oct 18 16:29:15 UTC 2012 x86_64
libc:glibc 2.15 NPTL 2.15 
rlimit: STACK 8192k, CORE 0k, NPROC 62854, NOFILE 4096, AS infinity
load average:0.19 0.62 0.86

/proc/meminfo:
MemTotal:        8062936 kB
MemFree:         2010396 kB
Buffers:         1058792 kB
Cached:          2122096 kB
SwapCached:          112 kB
Active:          3365832 kB
Inactive:        2278580 kB
Active(anon):    2079408 kB
Inactive(anon):   733804 kB
Active(file):    1286424 kB
Inactive(file):  1544776 kB
Unevictable:        2708 kB
Mlocked:              32 kB
SwapTotal:        262140 kB
SwapFree:         255428 kB
Dirty:               240 kB
Writeback:             0 kB
AnonPages:       2466636 kB
Mapped:           173688 kB
Shmem:            347008 kB
Slab:             230340 kB
SReclaimable:     179572 kB
SUnreclaim:        50768 kB
KernelStack:        5040 kB
PageTables:        49472 kB
NFS_Unstable:          0 kB
Bounce:                0 kB
WritebackTmp:          0 kB
CommitLimit:     4293608 kB
Committed_AS:    6353772 kB
VmallocTotal:   34359738367 kB
VmallocUsed:      414596 kB
VmallocChunk:   34359284020 kB
HardwareCorrupted:     0 kB
AnonHugePages:         0 kB
HugePages_Total:       0
HugePages_Free:        0
HugePages_Rsvd:        0
HugePages_Surp:        0
Hugepagesize:       2048 kB
DirectMap4k:      137216 kB
DirectMap2M:     8142848 kB


CPU:total 4 (2 cores per cpu, 2 threads per core) family 6 model 42 stepping 7, cmov, cx8, fxsr, mmx, sse, sse2, sse3, ssse3, sse4.1, sse4.2, popcnt, ht

Memory: 4k page, physical 8062936k(2010396k free), swap 262140k(255428k free)

vm_info: OpenJDK 64-Bit Server VM (20.0-b12) for linux-amd64 JRE (1.6.0_24-b24), built on Oct 24 2012 16:17:28 by "buildd" with gcc 4.6.3

time: Sat Nov 24 19:22:07 2012
elapsed time: 1 seconds

