#
# A fatal error has been detected by the Java Runtime Environment:
#
#  SIGSEGV (0xb) at pc=0x00007f312edf5615, pid=26033, tid=139850432530176
#
# JRE version: 6.0_24-b24
# Java VM: OpenJDK 64-Bit Server VM (20.0-b12 mixed mode linux-amd64 compressed oops)
# Derivative: IcedTea6 1.11.5
# Distribution: Ubuntu 12.04 LTS, package 6b24-1.11.5-0ubuntu1~12.04.1
# Problematic frame:
# C  [libXnVFeatures_1_5_2.so+0x8b615]  Segmentation::detectionByPoint(bool, std::vector<Vector2D<int>, std::allocator<Vector2D<int> > > const*)+0x105
#
# If you would like to submit a bug report, please include
# instructions how to reproduce the bug and visit:
#   https://bugs.launchpad.net/ubuntu/+source/openjdk-6/
# The crash happened outside the Java Virtual Machine in native code.
# See problematic frame for where to report the bug.
#

---------------  T H R E A D  ---------------

Current thread (0x00007f3170007800):  JavaThread "main" [_thread_in_native, id=26038, stack(0x00007f31774a4000,0x00007f31775a5000)]

siginfo:si_signo=SIGSEGV: si_errno=0, si_code=1 (SEGV_MAPERR), si_addr=0x00007f2f70c82fe0

Registers:
RAX=0x00007f3170c82fe0, RBX=0x00007f3119dc5ff0, RCX=0x000000000000000a, RDX=0xffffffff80000000
RSP=0x00007f31775a3470, RBP=0x00007f312688ee60, RSI=0x00007f3119dc7f30, RDI=0x0000000080000000
R8 =0x0000000000000000, R9 =0x0000000080000000, R10=0x00007f312694da21, R11=0x00007f3176a55c9c
R12=0x00007f312f397d88, R13=0x00007f31775a35d0, R14=0x00007f31268ea060, R15=0x0000000000000000
RIP=0x00007f312edf5615, EFLAGS=0x0000000000010a12, CSGSFS=0x0000000000000033, ERR=0x0000000000000004
  TRAPNO=0x000000000000000e

Top of Stack: (sp=0x00007f31775a3470)
0x00007f31775a3470:   00007f31703270f0 7fffffff00000000
0x00007f31775a3480:   00007f31703270f0 00007f312688efe0
0x00007f31775a3490:   00007f31268902e0 00007f312688ee60
0x00007f31775a34a0:   00007f312688efe0 00007f3126889d80
0x00007f31775a34b0:   00007f31775a35d0 00007f31258fe050
0x00007f31775a34c0:   0000000000000000 00007f312edfcbc0
0x00007f31775a34d0:   00000000000e6c14 00000000000e6c14
0x00007f31775a34e0:   0000000000000000 3ff0000000000000
0x00007f31775a34f0:   00007f312f3985a8 0000000000000001
0x00007f31775a3500:   0000000000000040 00007f31258fe010
0x00007f31775a3510:   00007f3126889d80 00007f3126868f88
0x00007f31775a3520:   00007f31258fe050 00007f31258fe028
0x00007f31775a3530:   00007f31775a35d0 00007f312ede599b
0x00007f31775a3540:   00007f312697f190 0000000000000008
0x00007f31775a3550:   00000000000e5d8e 00000000000e5d8e
0x00007f31775a3560:   0000000000000000 3ff0000000000000
0x00007f31775a3570:   0000000000000000 00007f312edbf8bd
0x00007f31775a3580:   00007f31775a35f0 00007f316c00001c
0x00007f31775a3590:   0000000000000001 00007f316c000000
0x00007f31775a35a0:   00007f3170c02be0 00007f3170290f70
0x00007f31775a35b0:   00007f3170007800 00007f312edbb03f
0x00007f31775a35c0:   0000000000000196 00007f3158d18489
0x00007f31775a35d0:   00007f3119dc5ff0 00007f3119dc5ff8
0x00007f31775a35e0:   00007f3119dc5ff8 00007f3119dc7e11
0x00007f31775a35f0:   000000cb0000005d 00007f3170c02be0
0x00007f31775a3600:   00007f3170c02be0 00007f3170c02be0
0x00007f31775a3610:   00007f3171275300 0000000000000051
0x00007f31775a3620:   00007f3119dc0980 00007f312edbb5bf
0x00007f31775a3630:   00007f312f37faf0 00007f31759a14ec
0x00007f31775a3640:   00007f312f381d10 0000000000000000
0x00007f31775a3650:   000000000008a7ed 0009600000000001
0x00007f31775a3660:   ffffffff00000001 00007f31775a36a4 

Instructions: (pc=0x00007f312edf5615)
0x00007f312edf55f5:   e6 05 49 01 ee 41 8b 46 18 41 2b 46 0c 49 63 56
0x00007f312edf5605:   1c f3 0f 2a c0 48 8b 85 50 a3 0e 00 48 8b 40 60
0x00007f312edf5615:   f3 0f 59 04 90 f3 0f 2c c0 3d 1f 03 00 00 0f 8e
0x00007f312edf5625:   4f ff ff ff 44 89 fe 48 89 ef 89 44 24 08 4c 89 

Register to memory mapping:

RAX=0x00007f3170c82fe0 is an unknown value
RBX=0x00007f3119dc5ff0 is an unknown value
RCX=0x000000000000000a is an unknown value
RDX=0xffffffff80000000 is an unknown value
RSP=0x00007f31775a3470 is pointing into the stack for thread: 0x00007f3170007800
RBP=0x00007f312688ee60 is an unknown value
RSI=0x00007f3119dc7f30 is an unknown value
RDI=0x0000000080000000 is an unknown value
R8 =0x0000000000000000 is an unknown value
R9 =0x0000000080000000 is an unknown value
R10=0x00007f312694da21 is an unknown value
R11=0x00007f3176a55c9c: <offset 0x8bc9c> in /lib/x86_64-linux-gnu/libc.so.6 at 0x00007f31769ca000
R12=0x00007f312f397d88: <offset 0x62dd88> in /usr/lib/libXnVFeatures_1_5_2.so at 0x00007f312ed6a000
R13=0x00007f31775a35d0 is pointing into the stack for thread: 0x00007f3170007800
R14=0x00007f31268ea060 is an unknown value
R15=0x0000000000000000 is an unknown value


Stack: [0x00007f31774a4000,0x00007f31775a5000],  sp=0x00007f31775a3470,  free space=1021k
Native frames: (J=compiled Java code, j=interpreted, Vv=VM code, C=native code)
C  [libXnVFeatures_1_5_2.so+0x8b615]  Segmentation::detectionByPoint(bool, std::vector<Vector2D<int>, std::allocator<Vector2D<int> > > const*)+0x105

Java frames: (J=compiled Java code, j=interpreted, Vv=VM code)
j  org.OpenNI.NativeMethods.xnWaitAnyUpdateAll(J)I+0
j  org.OpenNI.Context.waitAnyUpdateAll()V+4
j  edu.seas.upenn.ese519.UserTracker.updateDepth()V+4
j  edu.seas.upenn.ese519.UserTrackerApplication.run()V+7
j  edu.seas.upenn.ese519.UserTrackerApplication.main([Ljava/lang/String;)V+62
v  ~StubRoutines::call_stub

---------------  P R O C E S S  ---------------

Java Threads: ( => current thread )
  0x00007f3119dc6800 JavaThread "AWT-EventQueue-0" [_thread_blocked, id=26062, stack(0x00007f312c0b4000,0x00007f312c1b5000)]
  0x00007f3119dc5000 JavaThread "AWT-Shutdown" [_thread_blocked, id=26061, stack(0x00007f312c1b5000,0x00007f312c2b6000)]
  0x00007f317024d000 JavaThread "AWT-XAWT" daemon [_thread_in_vm, id=26052, stack(0x00007f3159433000,0x00007f3159534000)]
  0x00007f3170115000 JavaThread "Java2D Disposer" daemon [_thread_blocked, id=26051, stack(0x00007f31597e6000,0x00007f31598e7000)]
  0x00007f317009e000 JavaThread "Low Memory Detector" daemon [_thread_blocked, id=26049, stack(0x00007f315b586000,0x00007f315b687000)]
  0x00007f317009b800 JavaThread "C2 CompilerThread1" daemon [_thread_blocked, id=26048, stack(0x00007f315b687000,0x00007f315b788000)]
  0x00007f3170098800 JavaThread "C2 CompilerThread0" daemon [_thread_blocked, id=26047, stack(0x00007f315b788000,0x00007f315b889000)]
  0x00007f3170097800 JavaThread "Signal Dispatcher" daemon [_thread_blocked, id=26046, stack(0x00007f315b889000,0x00007f315b98a000)]
  0x00007f3170078000 JavaThread "Finalizer" daemon [_thread_blocked, id=26045, stack(0x00007f315bdfe000,0x00007f315beff000)]
  0x00007f3170076000 JavaThread "Reference Handler" daemon [_thread_blocked, id=26044, stack(0x00007f315beff000,0x00007f315c000000)]
=>0x00007f3170007800 JavaThread "main" [_thread_in_native, id=26038, stack(0x00007f31774a4000,0x00007f31775a5000)]

Other Threads:
  0x00007f317006f800 VMThread [stack: 0x00007f316c037000,0x00007f316c138000] [id=26043]
  0x00007f31700a0800 WatcherThread [stack: 0x00007f315b485000,0x00007f315b586000] [id=26050]

VM state:not at safepoint (normal execution)

VM Mutex/Monitor currently owned by a thread: None

Heap
 PSYoungGen      total 36736K, used 5318K [0x00000007d6f60000, 0x00000007d9860000, 0x0000000800000000)
  eden space 31488K, 16% used [0x00000007d6f60000,0x00000007d7491a70,0x00000007d8e20000)
  from space 5248K, 0% used [0x00000007d9340000,0x00000007d9340000,0x00000007d9860000)
  to   space 5248K, 0% used [0x00000007d8e20000,0x00000007d8e20000,0x00000007d9340000)
 PSOldGen        total 84032K, used 0K [0x0000000784e00000, 0x000000078a010000, 0x00000007d6f60000)
  object space 84032K, 0% used [0x0000000784e00000,0x0000000784e00000,0x000000078a010000)
 PSPermGen       total 21248K, used 10486K [0x000000077a800000, 0x000000077bcc0000, 0x0000000784e00000)
  object space 21248K, 49% used [0x000000077a800000,0x000000077b23da60,0x000000077bcc0000)

Code Cache  [0x00007f316d000000, 0x00007f316d270000, 0x00007f3170000000)
 total_blobs=410 nmethods=24 adapters=341 free_code_cache=49772096 largest_free_block=11456

Dynamic libraries:
00400000-00409000 r-xp 00000000 07:00 2884059                            /usr/lib/jvm/java-6-openjdk-amd64/jre/bin/java
00608000-00609000 r--p 00008000 07:00 2884059                            /usr/lib/jvm/java-6-openjdk-amd64/jre/bin/java
00609000-0060a000 rw-p 00009000 07:00 2884059                            /usr/lib/jvm/java-6-openjdk-amd64/jre/bin/java
01e03000-01e24000 rw-p 00000000 00:00 0                                  [heap]
77a800000-77bcc0000 rw-p 00000000 00:00 0 
77bcc0000-784e00000 rw-p 00000000 00:00 0 
784e00000-78a010000 rw-p 00000000 00:00 0 
78a010000-7d6f60000 rw-p 00000000 00:00 0 
7d6f60000-7d9860000 rw-p 00000000 00:00 0 
7d9860000-800000000 rw-p 00000000 00:00 0 
7f3110000000-7f3110021000 rw-p 00000000 00:00 0 
7f3110021000-7f3114000000 ---p 00000000 00:00 0 
7f3114000000-7f3114021000 rw-p 00000000 00:00 0 
7f3114021000-7f3118000000 ---p 00000000 00:00 0 
7f3118000000-7f3119f57000 rw-p 00000000 00:00 0 
7f3119f57000-7f311c000000 ---p 00000000 00:00 0 
7f311e749000-7f311ebaa000 rw-p 00000000 00:00 0 
7f311ebab000-7f3126980000 rw-p 00000000 00:00 0 
7f3126980000-7f3128000000 r--s 00000000 00:12 685017                     /run/shm/26054_045e.02ae@1.24_Image
7f3128000000-7f3128029000 rw-p 00000000 00:00 0 
7f3128029000-7f312c000000 ---p 00000000 00:00 0 
7f312c0b4000-7f312c0b7000 ---p 00000000 00:00 0 
7f312c0b7000-7f312c1b5000 rwxp 00000000 00:00 0 
7f312c1b5000-7f312c1b8000 ---p 00000000 00:00 0 
7f312c1b8000-7f312c2b6000 rwxp 00000000 00:00 0 
7f312c2b6000-7f312c512000 rw-p 00000000 00:00 0 
7f312c512000-7f312cc1a000 r--s 00000000 00:12 686981                     /run/shm/26054_045e.02ae@1.24_Depth
7f312cc1a000-7f312cd47000 rw-p 00000000 00:00 0 
7f312cd47000-7f312cd48000 ---p 00000000 00:00 0 
7f312cd48000-7f312d548000 rwxp 00000000 00:00 0 
7f312d548000-7f312d949000 rw-p 00000000 00:00 0 
7f312d949000-7f312d970000 r-xp 00000000 07:00 2759918                    /usr/lib/libXnDeviceFile.so
7f312d970000-7f312db70000 ---p 00027000 07:00 2759918                    /usr/lib/libXnDeviceFile.so
7f312db70000-7f312db72000 r--p 00027000 07:00 2759918                    /usr/lib/libXnDeviceFile.so
7f312db72000-7f312db73000 rw-p 00029000 07:00 2759918                    /usr/lib/libXnDeviceFile.so
7f312db73000-7f312dbbb000 r-xp 00000000 07:00 2759917                    /usr/lib/libXnDDK.so
7f312dbbb000-7f312ddbb000 ---p 00048000 07:00 2759917                    /usr/lib/libXnDDK.so
7f312ddbb000-7f312ddbe000 r--p 00048000 07:00 2759917                    /usr/lib/libXnDDK.so
7f312ddbe000-7f312ddc0000 rw-p 0004b000 07:00 2759917                    /usr/lib/libXnDDK.so
7f312ddc0000-7f312dde4000 r-xp 00000000 07:00 2759920                    /usr/lib/libXnFormats.so
7f312dde4000-7f312dfe4000 ---p 00024000 07:00 2759920                    /usr/lib/libXnFormats.so
7f312dfe4000-7f312dfe5000 r--p 00024000 07:00 2759920                    /usr/lib/libXnFormats.so
7f312dfe5000-7f312dfe6000 rw-p 00025000 07:00 2759920                    /usr/lib/libXnFormats.so
7f312dfe6000-7f312e006000 rw-p 00000000 00:00 0 
7f312e006000-7f312e009000 r-xp 00000000 07:00 2759916                    /usr/lib/libXnCore.so
7f312e009000-7f312e208000 ---p 00003000 07:00 2759916                    /usr/lib/libXnCore.so
7f312e208000-7f312e209000 r--p 00002000 07:00 2759916                    /usr/lib/libXnCore.so
7f312e209000-7f312e20a000 rw-p 00003000 07:00 2759916                    /usr/lib/libXnCore.so
7f312e20a000-7f312e293000 r-xp 00000000 07:00 2759919                    /usr/lib/libXnDeviceSensorV2KM.so
7f312e293000-7f312e492000 ---p 00089000 07:00 2759919                    /usr/lib/libXnDeviceSensorV2KM.so
7f312e492000-7f312e4a2000 r--p 00088000 07:00 2759919                    /usr/lib/libXnDeviceSensorV2KM.so
7f312e4a2000-7f312e4a3000 rw-p 00098000 07:00 2759919                    /usr/lib/libXnDeviceSensorV2KM.so
7f312e4a3000-7f312e597000 r-xp 00000000 07:00 2759934                    /usr/lib/libXnVHandGenerator_1_5_2.so
7f312e597000-7f312e796000 ---p 000f4000 07:00 2759934                    /usr/lib/libXnVHandGenerator_1_5_2.so
7f312e796000-7f312e79b000 r--p 000f3000 07:00 2759934                    /usr/lib/libXnVHandGenerator_1_5_2.so
7f312e79b000-7f312e79c000 rw-p 000f8000 07:00 2759934                    /usr/lib/libXnVHandGenerator_1_5_2.so
7f312e79c000-7f312e7aa000 rw-p 00000000 00:00 0 
7f312e7aa000-7f312e882000 r-xp 00000000 07:00 2759933                    /usr/lib/libXnVHandGenerator_1_4_2.so
7f312e882000-7f312ea81000 ---p 000d8000 07:00 2759933                    /usr/lib/libXnVHandGenerator_1_4_2.so
7f312ea81000-7f312ea86000 r--p 000d7000 07:00 2759933                    /usr/lib/libXnVHandGenerator_1_4_2.so
7f312ea86000-7f312ea87000 rw-p 000dc000 07:00 2759933                    /usr/lib/libXnVHandGenerator_1_4_2.so
7f312ea87000-7f312ea8a000 rw-p 00000000 00:00 0 
7f312ea8a000-7f312eb62000 r-xp 00000000 07:00 2759932                    /usr/lib/libXnVHandGenerator_1_4_1.so
7f312eb62000-7f312ed61000 ---p 000d8000 07:00 2759932                    /usr/lib/libXnVHandGenerator_1_4_1.so
7f312ed61000-7f312ed66000 r--p 000d7000 07:00 2759932                    /usr/lib/libXnVHandGenerator_1_4_1.so
7f312ed66000-7f312ed67000 rw-p 000dc000 07:00 2759932                    /usr/lib/libXnVHandGenerator_1_4_1.so
7f312ed67000-7f312ed6a000 rw-p 00000000 00:00 0 
7f312ed6a000-7f312f17f000 r-xp 00000000 07:00 2759929                    /usr/lib/libXnVFeatures_1_5_2.so
7f312f17f000-7f312f37f000 ---p 00415000 07:00 2759929                    /usr/lib/libXnVFeatures_1_5_2.so
7f312f37f000-7f312f390000 r--p 00415000 07:00 2759929                    /usr/lib/libXnVFeatures_1_5_2.so
7f312f390000-7f312f392000 rw-p 00426000 07:00 2759929                    /usr/lib/libXnVFeatures_1_5_2.so
7f312f392000-7f312f3a7000 rw-p 00000000 00:00 0 
7f312f3a7000-7f312f59e000 r-xp 00000000 07:00 2759928                    /usr/lib/libXnVFeatures_1_4_2.so
7f312f59e000-7f312f79d000 ---p 001f7000 07:00 2759928                    /usr/lib/libXnVFeatures_1_4_2.so
7f312f79d000-7f312f7a3000 r--p 001f6000 07:00 2759928                    /usr/lib/libXnVFeatures_1_4_2.so
7f312f7a3000-7f312f7a4000 rw-p 001fc000 07:00 2759928                    /usr/lib/libXnVFeatures_1_4_2.so
7f312f7a4000-7f312f7aa000 rw-p 00000000 00:00 0 
7f312f7aa000-7f312f9a1000 r-xp 00000000 07:00 2759927                    /usr/lib/libXnVFeatures_1_4_1.so
7f312f9a1000-7f312fba0000 ---p 001f7000 07:00 2759927                    /usr/lib/libXnVFeatures_1_4_1.so
7f312fba0000-7f312fba6000 r--p 001f6000 07:00 2759927                    /usr/lib/libXnVFeatures_1_4_1.so
7f312fba6000-7f312fba7000 rw-p 001fc000 07:00 2759927                    /usr/lib/libXnVFeatures_1_4_1.so
7f312fba7000-7f312fbad000 rw-p 00000000 00:00 0 
7f312fbad000-7f312fdf2000 r-xp 00000000 07:00 2759926                    /usr/lib/libXnVFeatures_1_3_1.so
7f312fdf2000-7f312fff2000 ---p 00245000 07:00 2759926                    /usr/lib/libXnVFeatures_1_3_1.so
7f312fff2000-7f312fff8000 r--p 00245000 07:00 2759926                    /usr/lib/libXnVFeatures_1_3_1.so
7f312fff8000-7f312fff9000 rw-p 0024b000 07:00 2759926                    /usr/lib/libXnVFeatures_1_3_1.so
7f312fff9000-7f3130000000 rw-p 00000000 00:00 0 
7f3130000000-7f3130021000 rw-p 00000000 00:00 0 
7f3130021000-7f3134000000 ---p 00000000 00:00 0 
7f3134000000-7f3134021000 rw-p 00000000 00:00 0 
7f3134021000-7f3138000000 ---p 00000000 00:00 0 
7f3138000000-7f3138021000 rw-p 00000000 00:00 0 
7f3138021000-7f313c000000 ---p 00000000 00:00 0 
7f313c000000-7f313c021000 rw-p 00000000 00:00 0 
7f313c021000-7f3140000000 ---p 00000000 00:00 0 
7f3140000000-7f314030f000 rw-p 00000000 00:00 0 
7f314030f000-7f3144000000 ---p 00000000 00:00 0 
7f3144000000-7f3144327000 rw-p 00000000 00:00 0 
7f3144327000-7f3148000000 ---p 00000000 00:00 0 
7f3148000000-7f3148021000 rw-p 00000000 00:00 0 
7f3148021000-7f314c000000 ---p 00000000 00:00 0 
7f314c000000-7f314c021000 rw-p 00000000 00:00 0 
7f314c021000-7f3150000000 ---p 00000000 00:00 0 
7f3150000000-7f3150021000 rw-p 00000000 00:00 0 
7f3150021000-7f3154000000 ---p 00000000 00:00 0 
7f3154000000-7f3154021000 rw-p 00000000 00:00 0 
7f3154021000-7f3158000000 ---p 00000000 00:00 0 
7f3158025000-7f3158107000 rw-p 00000000 00:00 0 
7f3158107000-7f31581ea000 r-xp 00000000 07:00 2759931                    /usr/lib/libXnVHandGenerator_1_3_1.so
7f31581ea000-7f31583ea000 ---p 000e3000 07:00 2759931                    /usr/lib/libXnVHandGenerator_1_3_1.so
7f31583ea000-7f31583ef000 r--p 000e3000 07:00 2759931                    /usr/lib/libXnVHandGenerator_1_3_1.so
7f31583ef000-7f31583f0000 rw-p 000e8000 07:00 2759931                    /usr/lib/libXnVHandGenerator_1_3_1.so
7f31583f0000-7f31583f3000 rw-p 00000000 00:00 0 
7f31583f3000-7f3158411000 r-xp 00000000 07:00 2760368                    /usr/lib/libnimRecorder.so
7f3158411000-7f3158610000 ---p 0001e000 07:00 2760368                    /usr/lib/libnimRecorder.so
7f3158610000-7f3158612000 r--p 0001d000 07:00 2760368                    /usr/lib/libnimRecorder.so
7f3158612000-7f3158613000 rw-p 0001f000 07:00 2760368                    /usr/lib/libnimRecorder.so
7f3158613000-7f3158649000 r-xp 00000000 07:00 2760366                    /usr/lib/libnimCodecs.so
7f3158649000-7f3158849000 ---p 00036000 07:00 2760366                    /usr/lib/libnimCodecs.so
7f3158849000-7f315884c000 r--p 00036000 07:00 2760366                    /usr/lib/libnimCodecs.so
7f315884c000-7f315884d000 rw-p 00039000 07:00 2760366                    /usr/lib/libnimCodecs.so
7f315884d000-7f315886d000 rw-p 00000000 00:00 0 
7f315886d000-7f31588a4000 r-xp 00000000 07:00 2760367                    /usr/lib/libnimMockNodes.so
7f31588a4000-7f3158aa3000 ---p 00037000 07:00 2760367                    /usr/lib/libnimMockNodes.so
7f3158aa3000-7f3158ab0000 r--p 00036000 07:00 2760367                    /usr/lib/libnimMockNodes.so
7f3158ab0000-7f3158ab1000 rw-p 00043000 07:00 2760367                    /usr/lib/libnimMockNodes.so
7f3158ab1000-7f3158abf000 r-xp 00000000 07:00 136665                     /lib/x86_64-linux-gnu/libusb-1.0.so.0.1.0
7f3158abf000-7f3158cbe000 ---p 0000e000 07:00 136665                     /lib/x86_64-linux-gnu/libusb-1.0.so.0.1.0
7f3158cbe000-7f3158cbf000 r--p 0000d000 07:00 136665                     /lib/x86_64-linux-gnu/libusb-1.0.so.0.1.0
7f3158cbf000-7f3158cc0000 rw-p 0000e000 07:00 136665                     /lib/x86_64-linux-gnu/libusb-1.0.so.0.1.0
7f3158cc0000-7f3158d3d000 r-xp 00000000 07:00 2759909                    /usr/lib/libOpenNI.so
7f3158d3d000-7f3158f3c000 ---p 0007d000 07:00 2759909                    /usr/lib/libOpenNI.so
7f3158f3c000-7f3158f3f000 r--p 0007c000 07:00 2759909                    /usr/lib/libOpenNI.so
7f3158f3f000-7f3158f42000 rw-p 0007f000 07:00 2759909                    /usr/lib/libOpenNI.so
7f3158f42000-7f3158f43000 rw-p 00000000 00:00 0 
7f3158f43000-7f3158f67000 r-xp 00000000 07:00 2759908                    /usr/lib/libOpenNI.jni.so
7f3158f67000-7f3159166000 ---p 00024000 07:00 2759908                    /usr/lib/libOpenNI.jni.so
7f3159166000-7f3159167000 r--p 00023000 07:00 2759908                    /usr/lib/libOpenNI.jni.so
7f3159167000-7f315916a000 rw-p 00024000 07:00 2759908                    /usr/lib/libOpenNI.jni.so
7f315916a000-7f315916f000 r-xp 00000000 07:00 2766745                    /usr/lib/x86_64-linux-gnu/libXfixes.so.3.1.0
7f315916f000-7f315936e000 ---p 00005000 07:00 2766745                    /usr/lib/x86_64-linux-gnu/libXfixes.so.3.1.0
7f315936e000-7f315936f000 r--p 00004000 07:00 2766745                    /usr/lib/x86_64-linux-gnu/libXfixes.so.3.1.0
7f315936f000-7f3159370000 rw-p 00005000 07:00 2766745                    /usr/lib/x86_64-linux-gnu/libXfixes.so.3.1.0
7f3159370000-7f3159371000 r--s 00000000 07:00 2229118                    /var/cache/fontconfig/c05880de57d1f5e948fdfacc138775d9-le64.cache-3
7f3159371000-7f315937a000 r--s 00000000 07:00 2229112                    /var/cache/fontconfig/945677eb7aeaf62f1d50efc3fb3ec7d8-le64.cache-3
7f315937a000-7f315937e000 r--s 00000000 07:00 2229113                    /var/cache/fontconfig/99e8ed0e538f840c565b6ed5dad60d56-le64.cache-3
7f315937e000-7f3159386000 r--s 00000000 07:00 2229114                    /var/cache/fontconfig/a6d8cf8e4ec09cdbc8633c31745a07dd-le64.cache-3
7f315939c000-7f3159433000 rw-p 00000000 00:00 0 
7f3159433000-7f3159534000 rwxp 00000000 00:00 0 
7f3159534000-7f3159535000 r--s 00000000 07:00 2229118                    /var/cache/fontconfig/c05880de57d1f5e948fdfacc138775d9-le64.cache-3
7f3159535000-7f315953e000 r--s 00000000 07:00 2229112                    /var/cache/fontconfig/945677eb7aeaf62f1d50efc3fb3ec7d8-le64.cache-3
7f315953e000-7f3159542000 r--s 00000000 07:00 2229113                    /var/cache/fontconfig/99e8ed0e538f840c565b6ed5dad60d56-le64.cache-3
7f3159542000-7f315954a000 r--s 00000000 07:00 2229114                    /var/cache/fontconfig/a6d8cf8e4ec09cdbc8633c31745a07dd-le64.cache-3
7f315954a000-7f315954e000 r--s 00000000 07:00 2229098                    /var/cache/fontconfig/2cd17615ca594fa2959ae173292e504c-le64.cache-3
7f315954e000-7f315954f000 r--s 00000000 07:00 2229126                    /var/cache/fontconfig/e7071f4a29fa870f4323321c154eba04-le64.cache-3
7f315954f000-7f3159550000 r--s 00000000 07:00 2229096                    /var/cache/fontconfig/0d8c3b2ac0904cb8a57a757ad11a4a08-le64.cache-3
7f3159550000-7f3159556000 r--s 00000000 07:00 2229115                    /var/cache/fontconfig/a755afe4a08bf5b97852ceb7400b47bc-le64.cache-3
7f3159556000-7f315955f000 r--s 00000000 07:00 2229107                    /var/cache/fontconfig/6d41288fd70b0be22e8c3a91e032eec0-le64.cache-3
7f315955f000-7f315956f000 r--s 00000000 07:00 2229094                    /var/cache/fontconfig/04aabc0a78ac019cf9454389977116d2-le64.cache-3
7f315956f000-7f3159572000 r--s 00000000 07:00 2229101                    /var/cache/fontconfig/385c0604a188198f04d133e54aba7fe7-le64.cache-3
7f3159572000-7f3159573000 r--s 00000000 07:00 2229102                    /var/cache/fontconfig/4794a0821666d79190d59a36cb4f44b5-le64.cache-3
7f3159573000-7f3159576000 r--s 00000000 07:00 2229111                    /var/cache/fontconfig/8801497958630a81b71ace7c5f9b32a8-le64.cache-3
7f3159576000-7f315957b000 r--s 00000000 07:00 2229116                    /var/cache/fontconfig/b47c4e1ecd0709278f4910c18777a504-le64.cache-3
7f315957b000-7f315958b000 r--s 00000000 07:00 2229122                    /var/cache/fontconfig/d52a8644073d54c13679302ca1180695-le64.cache-3
7f315958c000-7f3159595000 r-xp 00000000 07:00 2766737                    /usr/lib/x86_64-linux-gnu/libXcursor.so.1.0.2
7f3159595000-7f3159794000 ---p 00009000 07:00 2766737                    /usr/lib/x86_64-linux-gnu/libXcursor.so.1.0.2
7f3159794000-7f3159795000 r--p 00008000 07:00 2766737                    /usr/lib/x86_64-linux-gnu/libXcursor.so.1.0.2
7f3159795000-7f3159796000 rw-p 00009000 07:00 2766737                    /usr/lib/x86_64-linux-gnu/libXcursor.so.1.0.2
7f31597bb000-7f31597c2000 r--s 000fb000 07:00 2884213                    /usr/lib/jvm/java-6-openjdk-common/jre/lib/resources.jar
7f31597c2000-7f31597c7000 r--s 00000000 07:00 2229099                    /var/cache/fontconfig/3047814df9a2f067bd2d96a2b9c36e5a-le64.cache-3
7f31597c7000-7f31597d3000 r--s 00000000 07:00 2229095                    /var/cache/fontconfig/089dead882dea3570ffc31a9898cfb69-le64.cache-3
7f31597d3000-7f31597e6000 r--s 00000000 07:00 2229124                    /var/cache/fontconfig/e13b20fdb08344e0e664864cc2ede53d-le64.cache-3
7f31597e6000-7f31598e7000 rwxp 00000000 00:00 0 
7f31598e7000-7f315997d000 r-xp 00000000 07:00 2767280                    /usr/lib/x86_64-linux-gnu/libfreetype.so.6.8.0
7f315997d000-7f3159b7c000 ---p 00096000 07:00 2767280                    /usr/lib/x86_64-linux-gnu/libfreetype.so.6.8.0
7f3159b7c000-7f3159b82000 r--p 00095000 07:00 2767280                    /usr/lib/x86_64-linux-gnu/libfreetype.so.6.8.0
7f3159b82000-7f3159b83000 rw-p 0009b000 07:00 2767280                    /usr/lib/x86_64-linux-gnu/libfreetype.so.6.8.0
7f3159b83000-7f3159bbd000 r-xp 00000000 07:00 2884078                    /usr/lib/jvm/java-6-openjdk-amd64/jre/lib/amd64/libfontmanager.so
7f3159bbd000-7f3159dbc000 ---p 0003a000 07:00 2884078                    /usr/lib/jvm/java-6-openjdk-amd64/jre/lib/amd64/libfontmanager.so
7f3159dbc000-7f3159dbe000 r--p 00039000 07:00 2884078                    /usr/lib/jvm/java-6-openjdk-amd64/jre/lib/amd64/libfontmanager.so
7f3159dbe000-7f3159dbf000 rw-p 0003b000 07:00 2884078                    /usr/lib/jvm/java-6-openjdk-amd64/jre/lib/amd64/libfontmanager.so
7f3159dbf000-7f3159dc4000 r-xp 00000000 07:00 2766741                    /usr/lib/x86_64-linux-gnu/libXdmcp.so.6.0.0
7f3159dc4000-7f3159fc3000 ---p 00005000 07:00 2766741                    /usr/lib/x86_64-linux-gnu/libXdmcp.so.6.0.0
7f3159fc3000-7f3159fc4000 r--p 00004000 07:00 2766741                    /usr/lib/x86_64-linux-gnu/libXdmcp.so.6.0.0
7f3159fc4000-7f3159fc5000 rw-p 00005000 07:00 2766741                    /usr/lib/x86_64-linux-gnu/libXdmcp.so.6.0.0
7f3159fc5000-7f3159fc7000 r-xp 00000000 07:00 2766732                    /usr/lib/x86_64-linux-gnu/libXau.so.6.0.0
7f3159fc7000-7f315a1c6000 ---p 00002000 07:00 2766732                    /usr/lib/x86_64-linux-gnu/libXau.so.6.0.0
7f315a1c6000-7f315a1c7000 r--p 00001000 07:00 2766732                    /usr/lib/x86_64-linux-gnu/libXau.so.6.0.0
7f315a1c7000-7f315a1c8000 rw-p 00002000 07:00 2766732                    /usr/lib/x86_64-linux-gnu/libXau.so.6.0.0
7f315a1c8000-7f315a1e5000 r-xp 00000000 07:00 2767626                    /usr/lib/x86_64-linux-gnu/libxcb.so.1.1.0
7f315a1e5000-7f315a3e4000 ---p 0001d000 07:00 2767626                    /usr/lib/x86_64-linux-gnu/libxcb.so.1.1.0
7f315a3e4000-7f315a3e5000 r--p 0001c000 07:00 2767626                    /usr/lib/x86_64-linux-gnu/libxcb.so.1.1.0
7f315a3e5000-7f315a3e6000 rw-p 0001d000 07:00 2767626                    /usr/lib/x86_64-linux-gnu/libxcb.so.1.1.0
7f315a3e6000-7f315a3f4000 r-xp 00000000 07:00 2766749                    /usr/lib/x86_64-linux-gnu/libXi.so.6.1.0
7f315a3f4000-7f315a5f3000 ---p 0000e000 07:00 2766749                    /usr/lib/x86_64-linux-gnu/libXi.so.6.1.0
7f315a5f3000-7f315a5f4000 r--p 0000d000 07:00 2766749                    /usr/lib/x86_64-linux-gnu/libXi.so.6.1.0
7f315a5f4000-7f315a5f5000 rw-p 0000e000 07:00 2766749                    /usr/lib/x86_64-linux-gnu/libXi.so.6.1.0
7f315a5f5000-7f315a5fa000 r-xp 00000000 07:00 2766764                    /usr/lib/x86_64-linux-gnu/libXtst.so.6.1.0
7f315a5fa000-7f315a7f9000 ---p 00005000 07:00 2766764                    /usr/lib/x86_64-linux-gnu/libXtst.so.6.1.0
7f315a7f9000-7f315a7fa000 r--p 00004000 07:00 2766764                    /usr/lib/x86_64-linux-gnu/libXtst.so.6.1.0
7f315a7fa000-7f315a7fb000 rw-p 00005000 07:00 2766764                    /usr/lib/x86_64-linux-gnu/libXtst.so.6.1.0
7f315a7fb000-7f315a804000 r-xp 00000000 07:00 2766760                    /usr/lib/x86_64-linux-gnu/libXrender.so.1.3.0
7f315a804000-7f315aa03000 ---p 00009000 07:00 2766760                    /usr/lib/x86_64-linux-gnu/libXrender.so.1.3.0
7f315aa03000-7f315aa04000 r--p 00008000 07:00 2766760                    /usr/lib/x86_64-linux-gnu/libXrender.so.1.3.0
7f315aa04000-7f315aa05000 rw-p 00009000 07:00 2766760                    /usr/lib/x86_64-linux-gnu/libXrender.so.1.3.0
7f315aa05000-7f315ab34000 r-xp 00000000 07:00 2766730                    /usr/lib/x86_64-linux-gnu/libX11.so.6.3.0
7f315ab34000-7f315ad34000 ---p 0012f000 07:00 2766730                    /usr/lib/x86_64-linux-gnu/libX11.so.6.3.0
7f315ad34000-7f315ad35000 r--p 0012f000 07:00 2766730                    /usr/lib/x86_64-linux-gnu/libX11.so.6.3.0
7f315ad35000-7f315ad39000 rw-p 00130000 07:00 2766730                    /usr/lib/x86_64-linux-gnu/libX11.so.6.3.0
7f315ad39000-7f315ad49000 r-xp 00000000 07:00 2766743                    /usr/lib/x86_64-linux-gnu/libXext.so.6.4.0
7f315ad49000-7f315af48000 ---p 00010000 07:00 2766743                    /usr/lib/x86_64-linux-gnu/libXext.so.6.4.0
7f315af48000-7f315af49000 r--p 0000f000 07:00 2766743                    /usr/lib/x86_64-linux-gnu/libXext.so.6.4.0
7f315af49000-7f315af4a000 rw-p 00010000 07:00 2766743                    /usr/lib/x86_64-linux-gnu/libXext.so.6.4.0
7f315af4a000-7f315af95000 r-xp 00000000 07:00 2884115                    /usr/lib/jvm/java-6-openjdk-amd64/jre/lib/amd64/xawt/libmawt.so
7f315af95000-7f315b195000 ---p 0004b000 07:00 2884115                    /usr/lib/jvm/java-6-openjdk-amd64/jre/lib/amd64/xawt/libmawt.so
7f315b195000-7f315b196000 r--p 0004b000 07:00 2884115                    /usr/lib/jvm/java-6-openjdk-amd64/jre/lib/amd64/xawt/libmawt.so
7f315b196000-7f315b199000 rw-p 0004c000 07:00 2884115                    /usr/lib/jvm/java-6-openjdk-amd64/jre/lib/amd64/xawt/libmawt.so
7f315b199000-7f315b19a000 rw-p 00000000 00:00 0 
7f315b19a000-7f315b246000 r-xp 00000000 07:00 2884076                    /usr/lib/jvm/java-6-openjdk-amd64/jre/lib/amd64/libawt.so
7f315b246000-7f315b445000 ---p 000ac000 07:00 2884076                    /usr/lib/jvm/java-6-openjdk-amd64/jre/lib/amd64/libawt.so
7f315b445000-7f315b446000 r--p 000ab000 07:00 2884076                    /usr/lib/jvm/java-6-openjdk-amd64/jre/lib/amd64/libawt.so
7f315b446000-7f315b451000 rw-p 000ac000 07:00 2884076                    /usr/lib/jvm/java-6-openjdk-amd64/jre/lib/amd64/libawt.so
7f315b451000-7f315b476000 rw-p 00000000 00:00 0 
7f315b476000-7f315b477000 r--s 00007000 07:00 1188646                    /usr/share/java/java-atk-wrapper.jar
7f315b477000-7f315b479000 r--s 00001000 07:00 2884220                    /usr/lib/jvm/java-6-openjdk-common/jre/lib/ext/dnsns.jar
7f315b479000-7f315b47c000 r--s 00031000 07:00 2884223                    /usr/lib/jvm/java-6-openjdk-common/jre/lib/ext/sunjce_provider.jar
7f315b47c000-7f315b47e000 r--s 0000f000 07:00 2884222                    /usr/lib/jvm/java-6-openjdk-common/jre/lib/ext/pulse-java.jar
7f315b47e000-7f315b482000 r--s 00038000 07:00 2884224                    /usr/lib/jvm/java-6-openjdk-common/jre/lib/ext/sunpkcs11.jar
7f315b482000-7f315b485000 r--s 00077000 07:00 2884221                    /usr/lib/jvm/java-6-openjdk-common/jre/lib/ext/localedata.jar
7f315b485000-7f315b486000 ---p 00000000 00:00 0 
7f315b486000-7f315b687000 rwxp 00000000 00:00 0 
7f315b687000-7f315b688000 ---p 00000000 00:00 0 
7f315b688000-7f315b788000 rwxp 00000000 00:00 0 
7f315b788000-7f315b789000 ---p 00000000 00:00 0 
7f315b789000-7f315b98a000 rwxp 00000000 00:00 0 
7f315b98a000-7f315bdfe000 r--p 00000000 07:00 2765053                    /usr/lib/locale/locale-archive
7f315bdfe000-7f315c000000 rwxp 00000000 00:00 0 
7f315c000000-7f315c021000 rw-p 00000000 00:00 0 
7f315c021000-7f3160000000 ---p 00000000 00:00 0 
7f3160000000-7f3160021000 rw-p 00000000 00:00 0 
7f3160021000-7f3164000000 ---p 00000000 00:00 0 
7f3164000000-7f3164021000 rw-p 00000000 00:00 0 
7f3164021000-7f3168000000 ---p 00000000 00:00 0 
7f3168000000-7f3168021000 rw-p 00000000 00:00 0 
7f3168021000-7f316c000000 ---p 00000000 00:00 0 
7f316c000000-7f316c001000 rw-s 00000000 00:12 608064                     /run/shm/045e.02ae@1.24-SM
7f316c001000-7f316c002000 rw-p 00000000 00:00 0 
7f316c002000-7f316c006000 r--s 00000000 07:00 2229098                    /var/cache/fontconfig/2cd17615ca594fa2959ae173292e504c-le64.cache-3
7f316c006000-7f316c007000 r--s 00000000 07:00 2229126                    /var/cache/fontconfig/e7071f4a29fa870f4323321c154eba04-le64.cache-3
7f316c007000-7f316c008000 r--s 00000000 07:00 2229096                    /var/cache/fontconfig/0d8c3b2ac0904cb8a57a757ad11a4a08-le64.cache-3
7f316c008000-7f316c00e000 r--s 00000000 07:00 2229115                    /var/cache/fontconfig/a755afe4a08bf5b97852ceb7400b47bc-le64.cache-3
7f316c00e000-7f316c017000 r--s 00000000 07:00 2229107                    /var/cache/fontconfig/6d41288fd70b0be22e8c3a91e032eec0-le64.cache-3
7f316c017000-7f316c027000 r--s 00000000 07:00 2229094                    /var/cache/fontconfig/04aabc0a78ac019cf9454389977116d2-le64.cache-3
7f316c027000-7f316c037000 r--s 00000000 07:00 2229122                    /var/cache/fontconfig/d52a8644073d54c13679302ca1180695-le64.cache-3
7f316c037000-7f316c038000 ---p 00000000 00:00 0 
7f316c038000-7f316c138000 rwxp 00000000 00:00 0 
7f316c138000-7f316c63d000 rw-p 00000000 00:00 0 
7f316c63d000-7f316c7cf000 r--s 037c2000 07:00 2884073                    /usr/lib/jvm/java-6-openjdk-amd64/jre/lib/rt.jar
7f316c7cf000-7f316c7d0000 ---p 00000000 00:00 0 
7f316c7d0000-7f316c8d0000 rwxp 00000000 00:00 0 
7f316c8d0000-7f316c8d1000 ---p 00000000 00:00 0 
7f316c8d1000-7f316c9d1000 rwxp 00000000 00:00 0 
7f316c9d1000-7f316c9d2000 ---p 00000000 00:00 0 
7f316c9d2000-7f316cad2000 rwxp 00000000 00:00 0 
7f316cad2000-7f316cad3000 ---p 00000000 00:00 0 
7f316cad3000-7f316cbd3000 rwxp 00000000 00:00 0 
7f316cbd3000-7f316cbde000 rw-p 00000000 00:00 0 
7f316cbde000-7f316cc26000 rw-p 00000000 00:00 0 
7f316cc26000-7f316cc50000 rw-p 00000000 00:00 0 
7f316cc50000-7f316ceb6000 rw-p 00000000 00:00 0 
7f316ceb6000-7f316cecc000 rw-p 00000000 00:00 0 
7f316cecc000-7f316cfff000 rw-p 00000000 00:00 0 
7f316cfff000-7f316d000000 rw-p 00000000 00:00 0 
7f316d000000-7f316d270000 rwxp 00000000 00:00 0 
7f316d270000-7f3174000000 rw-p 00000000 00:00 0 
7f3174000000-7f3174001000 r--s 00000000 07:00 2229104                    /var/cache/fontconfig/56cf4f4769d0f4abc89a4895d7bd3ae1-le64.cache-3
7f3174001000-7f3174002000 r--s 00000000 07:00 2229117                    /var/cache/fontconfig/b9d506c9ac06c20b433354fa67a72993-le64.cache-3
7f3174002000-7f3174005000 r--s 00000000 07:00 2229101                    /var/cache/fontconfig/385c0604a188198f04d133e54aba7fe7-le64.cache-3
7f3174005000-7f3174006000 r--s 00000000 07:00 2229102                    /var/cache/fontconfig/4794a0821666d79190d59a36cb4f44b5-le64.cache-3
7f3174006000-7f3174009000 r--s 00000000 07:00 2229111                    /var/cache/fontconfig/8801497958630a81b71ace7c5f9b32a8-le64.cache-3
7f3174009000-7f317400e000 r--s 00000000 07:00 2229099                    /var/cache/fontconfig/3047814df9a2f067bd2d96a2b9c36e5a-le64.cache-3
7f317400e000-7f3174074000 rw-p 00000000 00:00 0 
7f3174074000-7f31740bc000 rw-p 00000000 00:00 0 
7f31740bc000-7f31740e6000 rw-p 00000000 00:00 0 
7f31740e6000-7f317434d000 rw-p 00000000 00:00 0 
7f317434d000-7f3174354000 r-xp 00000000 07:00 2884105                    /usr/lib/jvm/java-6-openjdk-amd64/jre/lib/amd64/libzip.so
7f3174354000-7f3174553000 ---p 00007000 07:00 2884105                    /usr/lib/jvm/java-6-openjdk-amd64/jre/lib/amd64/libzip.so
7f3174553000-7f3174554000 r--p 00006000 07:00 2884105                    /usr/lib/jvm/java-6-openjdk-amd64/jre/lib/amd64/libzip.so
7f3174554000-7f3174555000 rw-p 00007000 07:00 2884105                    /usr/lib/jvm/java-6-openjdk-amd64/jre/lib/amd64/libzip.so
7f3174555000-7f3174561000 r-xp 00000000 07:00 136638                     /lib/x86_64-linux-gnu/libnss_files-2.15.so
7f3174561000-7f3174760000 ---p 0000c000 07:00 136638                     /lib/x86_64-linux-gnu/libnss_files-2.15.so
7f3174760000-7f3174761000 r--p 0000b000 07:00 136638                     /lib/x86_64-linux-gnu/libnss_files-2.15.so
7f3174761000-7f3174762000 rw-p 0000c000 07:00 136638                     /lib/x86_64-linux-gnu/libnss_files-2.15.so
7f3174762000-7f317476c000 r-xp 00000000 07:00 136640                     /lib/x86_64-linux-gnu/libnss_nis-2.15.so
7f317476c000-7f317496c000 ---p 0000a000 07:00 136640                     /lib/x86_64-linux-gnu/libnss_nis-2.15.so
7f317496c000-7f317496d000 r--p 0000a000 07:00 136640                     /lib/x86_64-linux-gnu/libnss_nis-2.15.so
7f317496d000-7f317496e000 rw-p 0000b000 07:00 136640                     /lib/x86_64-linux-gnu/libnss_nis-2.15.so
7f317496e000-7f3174985000 r-xp 00000000 07:00 136635                     /lib/x86_64-linux-gnu/libnsl-2.15.so
7f3174985000-7f3174b84000 ---p 00017000 07:00 136635                     /lib/x86_64-linux-gnu/libnsl-2.15.so
7f3174b84000-7f3174b85000 r--p 00016000 07:00 136635                     /lib/x86_64-linux-gnu/libnsl-2.15.so
7f3174b85000-7f3174b86000 rw-p 00017000 07:00 136635                     /lib/x86_64-linux-gnu/libnsl-2.15.so
7f3174b86000-7f3174b88000 rw-p 00000000 00:00 0 
7f3174b88000-7f3174b90000 r-xp 00000000 07:00 136636                     /lib/x86_64-linux-gnu/libnss_compat-2.15.so
7f3174b90000-7f3174d8f000 ---p 00008000 07:00 136636                     /lib/x86_64-linux-gnu/libnss_compat-2.15.so
7f3174d8f000-7f3174d90000 r--p 00007000 07:00 136636                     /lib/x86_64-linux-gnu/libnss_compat-2.15.so
7f3174d90000-7f3174d91000 rw-p 00008000 07:00 136636                     /lib/x86_64-linux-gnu/libnss_compat-2.15.so
7f3174d91000-7f3174dbd000 r-xp 00000000 07:00 2884085                    /usr/lib/jvm/java-6-openjdk-amd64/jre/lib/amd64/libjava.so
7f3174dbd000-7f3174fbc000 ---p 0002c000 07:00 2884085                    /usr/lib/jvm/java-6-openjdk-amd64/jre/lib/amd64/libjava.so
7f3174fbc000-7f3174fbd000 r--p 0002b000 07:00 2884085                    /usr/lib/jvm/java-6-openjdk-amd64/jre/lib/amd64/libjava.so
7f3174fbd000-7f3174fc0000 rw-p 0002c000 07:00 2884085                    /usr/lib/jvm/java-6-openjdk-amd64/jre/lib/amd64/libjava.so
7f3174fc0000-7f3174fce000 r-xp 00000000 07:00 2884104                    /usr/lib/jvm/java-6-openjdk-amd64/jre/lib/amd64/libverify.so
7f3174fce000-7f31751cd000 ---p 0000e000 07:00 2884104                    /usr/lib/jvm/java-6-openjdk-amd64/jre/lib/amd64/libverify.so
7f31751cd000-7f31751cf000 r--p 0000d000 07:00 2884104                    /usr/lib/jvm/java-6-openjdk-amd64/jre/lib/amd64/libverify.so
7f31751cf000-7f31751d0000 rw-p 0000f000 07:00 2884104                    /usr/lib/jvm/java-6-openjdk-amd64/jre/lib/amd64/libverify.so
7f31751d0000-7f31751d7000 r-xp 00000000 07:00 136656                     /lib/x86_64-linux-gnu/librt-2.15.so
7f31751d7000-7f31753d6000 ---p 00007000 07:00 136656                     /lib/x86_64-linux-gnu/librt-2.15.so
7f31753d6000-7f31753d7000 r--p 00006000 07:00 136656                     /lib/x86_64-linux-gnu/librt-2.15.so
7f31753d7000-7f31753d8000 rw-p 00007000 07:00 136656                     /lib/x86_64-linux-gnu/librt-2.15.so
7f31753d8000-7f31753ed000 r-xp 00000000 07:00 136622                     /lib/x86_64-linux-gnu/libgcc_s.so.1
7f31753ed000-7f31755ec000 ---p 00015000 07:00 136622                     /lib/x86_64-linux-gnu/libgcc_s.so.1
7f31755ec000-7f31755ed000 r--p 00014000 07:00 136622                     /lib/x86_64-linux-gnu/libgcc_s.so.1
7f31755ed000-7f31755ee000 rw-p 00015000 07:00 136622                     /lib/x86_64-linux-gnu/libgcc_s.so.1
7f31755ee000-7f31756e9000 r-xp 00000000 07:00 136628                     /lib/x86_64-linux-gnu/libm-2.15.so
7f31756e9000-7f31758e8000 ---p 000fb000 07:00 136628                     /lib/x86_64-linux-gnu/libm-2.15.so
7f31758e8000-7f31758e9000 r--p 000fa000 07:00 136628                     /lib/x86_64-linux-gnu/libm-2.15.so
7f31758e9000-7f31758ea000 rw-p 000fb000 07:00 136628                     /lib/x86_64-linux-gnu/libm-2.15.so
7f31758ea000-7f31759cc000 r-xp 00000000 07:00 2767523                    /usr/lib/x86_64-linux-gnu/libstdc++.so.6.0.16
7f31759cc000-7f3175bcb000 ---p 000e2000 07:00 2767523                    /usr/lib/x86_64-linux-gnu/libstdc++.so.6.0.16
7f3175bcb000-7f3175bd3000 r--p 000e1000 07:00 2767523                    /usr/lib/x86_64-linux-gnu/libstdc++.so.6.0.16
7f3175bd3000-7f3175bd5000 rw-p 000e9000 07:00 2767523                    /usr/lib/x86_64-linux-gnu/libstdc++.so.6.0.16
7f3175bd5000-7f3175bea000 rw-p 00000000 00:00 0 
7f3175bea000-7f31764ef000 r-xp 00000000 07:00 2884114                    /usr/lib/jvm/java-6-openjdk-amd64/jre/lib/amd64/server/libjvm.so
7f31764ef000-7f31766ef000 ---p 00905000 07:00 2884114                    /usr/lib/jvm/java-6-openjdk-amd64/jre/lib/amd64/server/libjvm.so
7f31766ef000-7f317676f000 r--p 00905000 07:00 2884114                    /usr/lib/jvm/java-6-openjdk-amd64/jre/lib/amd64/server/libjvm.so
7f317676f000-7f317678a000 rw-p 00985000 07:00 2884114                    /usr/lib/jvm/java-6-openjdk-amd64/jre/lib/amd64/server/libjvm.so
7f317678a000-7f31767b3000 rw-p 00000000 00:00 0 
7f31767b3000-7f31767c9000 r-xp 00000000 07:00 136669                     /lib/x86_64-linux-gnu/libz.so.1.2.3.4
7f31767c9000-7f31769c8000 ---p 00016000 07:00 136669                     /lib/x86_64-linux-gnu/libz.so.1.2.3.4
7f31769c8000-7f31769c9000 r--p 00015000 07:00 136669                     /lib/x86_64-linux-gnu/libz.so.1.2.3.4
7f31769c9000-7f31769ca000 rw-p 00016000 07:00 136669                     /lib/x86_64-linux-gnu/libz.so.1.2.3.4
7f31769ca000-7f3176b7f000 r-xp 00000000 07:00 136611                     /lib/x86_64-linux-gnu/libc-2.15.so
7f3176b7f000-7f3176d7e000 ---p 001b5000 07:00 136611                     /lib/x86_64-linux-gnu/libc-2.15.so
7f3176d7e000-7f3176d82000 r--p 001b4000 07:00 136611                     /lib/x86_64-linux-gnu/libc-2.15.so
7f3176d82000-7f3176d84000 rw-p 001b8000 07:00 136611                     /lib/x86_64-linux-gnu/libc-2.15.so
7f3176d84000-7f3176d89000 rw-p 00000000 00:00 0 
7f3176d89000-7f3176d8b000 r-xp 00000000 07:00 136618                     /lib/x86_64-linux-gnu/libdl-2.15.so
7f3176d8b000-7f3176f8b000 ---p 00002000 07:00 136618                     /lib/x86_64-linux-gnu/libdl-2.15.so
7f3176f8b000-7f3176f8c000 r--p 00002000 07:00 136618                     /lib/x86_64-linux-gnu/libdl-2.15.so
7f3176f8c000-7f3176f8d000 rw-p 00003000 07:00 136618                     /lib/x86_64-linux-gnu/libdl-2.15.so
7f3176f8d000-7f3176f91000 r-xp 00000000 07:00 2884111                    /usr/lib/jvm/java-6-openjdk-amd64/jre/lib/amd64/jli/libjli.so
7f3176f91000-7f3177190000 ---p 00004000 07:00 2884111                    /usr/lib/jvm/java-6-openjdk-amd64/jre/lib/amd64/jli/libjli.so
7f3177190000-7f3177191000 r--p 00003000 07:00 2884111                    /usr/lib/jvm/java-6-openjdk-amd64/jre/lib/amd64/jli/libjli.so
7f3177191000-7f3177192000 rw-p 00004000 07:00 2884111                    /usr/lib/jvm/java-6-openjdk-amd64/jre/lib/amd64/jli/libjli.so
7f3177192000-7f31771aa000 r-xp 00000000 07:00 136653                     /lib/x86_64-linux-gnu/libpthread-2.15.so
7f31771aa000-7f31773a9000 ---p 00018000 07:00 136653                     /lib/x86_64-linux-gnu/libpthread-2.15.so
7f31773a9000-7f31773aa000 r--p 00017000 07:00 136653                     /lib/x86_64-linux-gnu/libpthread-2.15.so
7f31773aa000-7f31773ab000 rw-p 00018000 07:00 136653                     /lib/x86_64-linux-gnu/libpthread-2.15.so
7f31773ab000-7f31773af000 rw-p 00000000 00:00 0 
7f31773af000-7f31773d1000 r-xp 00000000 07:00 136601                     /lib/x86_64-linux-gnu/ld-2.15.so
7f31773d1000-7f31773d2000 r--s 00000000 07:00 2229104                    /var/cache/fontconfig/56cf4f4769d0f4abc89a4895d7bd3ae1-le64.cache-3
7f31773d2000-7f31773d3000 r--s 00000000 07:00 2229117                    /var/cache/fontconfig/b9d506c9ac06c20b433354fa67a72993-le64.cache-3
7f31773d3000-7f31773d8000 r--s 00000000 07:00 2229116                    /var/cache/fontconfig/b47c4e1ecd0709278f4910c18777a504-le64.cache-3
7f31773d8000-7f31773e4000 r--s 00000000 07:00 2229095                    /var/cache/fontconfig/089dead882dea3570ffc31a9898cfb69-le64.cache-3
7f31773e4000-7f31773ee000 rw-p 00000000 00:00 0 
7f31773ee000-7f31774a4000 rw-p 00000000 00:00 0 
7f31774a4000-7f31774a5000 ---p 00000000 00:00 0 
7f31774a5000-7f31775a5000 rwxp 00000000 00:00 0 
7f31775a5000-7f31775aa000 rw-p 00000000 00:00 0 
7f31775aa000-7f31775ae000 r--s 00000000 07:00 2229109                    /var/cache/fontconfig/7ef2298fde41cc6eeb7af42e48b7d293-le64.cache-3
7f31775ae000-7f31775c1000 r--s 00000000 07:00 2229124                    /var/cache/fontconfig/e13b20fdb08344e0e664864cc2ede53d-le64.cache-3
7f31775c1000-7f31775c5000 r--s 00000000 07:00 2229109                    /var/cache/fontconfig/7ef2298fde41cc6eeb7af42e48b7d293-le64.cache-3
7f31775c5000-7f31775cd000 rw-s 00000000 07:00 5284                       /tmp/hsperfdata_qyr1987/26033
7f31775cd000-7f31775ce000 rw-p 00000000 00:00 0 
7f31775ce000-7f31775cf000 r--p 00000000 00:00 0 
7f31775cf000-7f31775d1000 rw-p 00000000 00:00 0 
7f31775d1000-7f31775d2000 r--p 00022000 07:00 136601                     /lib/x86_64-linux-gnu/ld-2.15.so
7f31775d2000-7f31775d4000 rw-p 00023000 07:00 136601                     /lib/x86_64-linux-gnu/ld-2.15.so
7ffff1e87000-7ffff1ea7000 rwxp 00000000 00:00 0                          [stack]
7ffff1ea7000-7ffff1ea8000 rw-p 00000000 00:00 0 
7ffff1fff000-7ffff2000000 r-xp 00000000 00:00 0                          [vdso]
ffffffffff600000-ffffffffff601000 r-xp 00000000 00:00 0                  [vsyscall]

VM Arguments:
jvm_args: -Dfile.encoding=UTF-8 
java_command: edu.seas.upenn.ese519.UserTrackerApplication
Launcher Type: SUN_STANDARD

Environment Variables:
PATH=/home/qyr1987/bin:/usr/lib/lightdm/lightdm:/usr/local/sbin:/usr/local/bin:/usr/sbin:/usr/bin:/sbin:/bin:/usr/games
LD_LIBRARY_PATH=/usr/lib/jvm/java-6-openjdk-amd64/jre/lib/amd64/server:/usr/lib/jvm/java-6-openjdk-amd64/jre/lib/amd64:/usr/lib/jvm/java-6-openjdk-amd64/jre/../lib/amd64
SHELL=/bin/bash
DISPLAY=:0

Signal Handlers:
SIGSEGV: [libjvm.so+0x7852e0], sa_mask[0]=0x7ffbfeff, sa_flags=0x10000004
SIGBUS: [libjvm.so+0x7852e0], sa_mask[0]=0x7ffbfeff, sa_flags=0x10000004
SIGFPE: [libjvm.so+0x648d40], sa_mask[0]=0x7ffbfeff, sa_flags=0x10000004
SIGPIPE: [libjvm.so+0x648d40], sa_mask[0]=0x7ffbfeff, sa_flags=0x10000004
SIGXFSZ: [libjvm.so+0x648d40], sa_mask[0]=0x7ffbfeff, sa_flags=0x10000004
SIGILL: [libjvm.so+0x648d40], sa_mask[0]=0x7ffbfeff, sa_flags=0x10000004
SIGUSR1: SIG_DFL, sa_mask[0]=0x00000000, sa_flags=0x00000000
SIGUSR2: [libjvm.so+0x648ef0], sa_mask[0]=0x00000004, sa_flags=0x10000004
SIGHUP: [libjvm.so+0x64ba10], sa_mask[0]=0x7ffbfeff, sa_flags=0x10000004
SIGINT: [libjvm.so+0x64ba10], sa_mask[0]=0x7ffbfeff, sa_flags=0x10000004
SIGTERM: [libjvm.so+0x64ba10], sa_mask[0]=0x7ffbfeff, sa_flags=0x10000004
SIGQUIT: [libjvm.so+0x64ba10], sa_mask[0]=0x7ffbfeff, sa_flags=0x10000004


---------------  S Y S T E M  ---------------

OS:Ubuntu 12.04 (precise)
uname:Linux 3.2.0-33-generic #52-Ubuntu SMP Thu Oct 18 16:29:15 UTC 2012 x86_64
libc:glibc 2.15 NPTL 2.15 
rlimit: STACK 8192k, CORE 0k, NPROC 62854, NOFILE 4096, AS infinity
load average:4.40 2.58 1.13

/proc/meminfo:
MemTotal:        8062936 kB
MemFree:         1450568 kB
Buffers:         1310908 kB
Cached:          2394112 kB
SwapCached:          112 kB
Active:          3412992 kB
Inactive:        2781828 kB
Active(anon):    2108548 kB
Inactive(anon):   746980 kB
Active(file):    1304444 kB
Inactive(file):  2034848 kB
Unevictable:        2708 kB
Mlocked:              32 kB
SwapTotal:        262140 kB
SwapFree:         255428 kB
Dirty:               124 kB
Writeback:             0 kB
AnonPages:       2492508 kB
Mapped:           174212 kB
Shmem:            363048 kB
Slab:             239120 kB
SReclaimable:     187772 kB
SUnreclaim:        51348 kB
KernelStack:        5312 kB
PageTables:        49812 kB
NFS_Unstable:          0 kB
Bounce:                0 kB
WritebackTmp:          0 kB
CommitLimit:     4293608 kB
Committed_AS:    6527472 kB
VmallocTotal:   34359738367 kB
VmallocUsed:      414552 kB
VmallocChunk:   34359284020 kB
HardwareCorrupted:     0 kB
AnonHugePages:         0 kB
HugePages_Total:       0
HugePages_Free:        0
HugePages_Rsvd:        0
HugePages_Surp:        0
Hugepagesize:       2048 kB
DirectMap4k:      137216 kB
DirectMap2M:     8142848 kB


CPU:total 4 (2 cores per cpu, 2 threads per core) family 6 model 42 stepping 7, cmov, cx8, fxsr, mmx, sse, sse2, sse3, ssse3, sse4.1, sse4.2, popcnt, ht

Memory: 4k page, physical 8062936k(1450568k free), swap 262140k(255428k free)

vm_info: OpenJDK 64-Bit Server VM (20.0-b12) for linux-amd64 JRE (1.6.0_24-b24), built on Oct 24 2012 16:17:28 by "buildd" with gcc 4.6.3

time: Sat Nov 24 19:08:19 2012
elapsed time: 1 seconds

