#
# A fatal error has been detected by the Java Runtime Environment:
#
#  SIGSEGV (0xb) at pc=0x00007fc2e963459d, pid=26686, tid=140474029598464
#
# JRE version: 6.0_24-b24
# Java VM: OpenJDK 64-Bit Server VM (20.0-b12 mixed mode linux-amd64 compressed oops)
# Derivative: IcedTea6 1.11.5
# Distribution: Ubuntu 12.04 LTS, package 6b24-1.11.5-0ubuntu1~12.04.1
# Problematic frame:
# C  [libXnVFeatures_1_5_2.so+0x8b59d]  Segmentation::detectionByPoint(bool, std::vector<Vector2D<int>, std::allocator<Vector2D<int> > > const*)+0x8d
#
# If you would like to submit a bug report, please include
# instructions how to reproduce the bug and visit:
#   https://bugs.launchpad.net/ubuntu/+source/openjdk-6/
# The crash happened outside the Java Virtual Machine in native code.
# See problematic frame for where to report the bug.
#

---------------  T H R E A D  ---------------

Current thread (0x00007fc29400b800):  JavaThread "Thread-3" [_thread_in_native, id=26720, stack(0x00007fc2a8926000,0x00007fc2a8a27000)]

siginfo:si_signo=SIGSEGV: si_errno=0, si_code=2 (SEGV_ACCERR), si_addr=0x00007fc2800a3444

Registers:
RAX=0x0000000000000102, RBX=0x00007fc280000c90, RCX=0x00007fc280096cc0, RDX=0x000000000000009e
RSP=0x00007fc2a8a25400, RBP=0x00007fc2ab6d9e60, RSI=0x00000000000063c2, RDI=0x00007fc2ab6d9fe0
R8 =0x0000000000000000, R9 =0x0101010101010101, R10=0x00007fc2ab798a21, R11=0x00007fc2fce17c9c
R12=0x00007fc2e9bd6d88, R13=0x00007fc2a8a25560, R14=0x00007fc2aa749050, R15=0x0000000000000000
RIP=0x00007fc2e963459d, EFLAGS=0x0000000000010202, CSGSFS=0x0000000000000033, ERR=0x0000000000000004
  TRAPNO=0x000000000000000e

Top of Stack: (sp=0x00007fc2a8a25400)
0x00007fc2a8a25400:   00007fc2800a02d0 7fffffff00000000
0x00007fc2a8a25410:   00007fc2800a02d0 00007fc2ab6d9fe0
0x00007fc2a8a25420:   00007fc2ab6db2e0 00007fc2ab6d9e60
0x00007fc2a8a25430:   00007fc2ab6d9fe0 00007fc2ab6d4d80
0x00007fc2a8a25440:   00007fc2a8a25560 00007fc2aa749050
0x00007fc2a8a25450:   0000000000000000 00007fc2e963bbc0
0x00007fc2a8a25460:   00000000002b6b0b 00000000002b6b0b
0x00007fc2a8a25470:   0000000000000000 3ff0000000000000
0x00007fc2a8a25480:   00007fc2e9bd75a8 0000000000000001
0x00007fc2a8a25490:   0000000000000040 00007fc2aa749010
0x00007fc2a8a254a0:   00007fc2ab6d4d80 00007fc2ab6b3f88
0x00007fc2a8a254b0:   00007fc2aa749050 00007fc2aa749028
0x00007fc2a8a254c0:   00007fc2a8a25560 00007fc2e962499b
0x00007fc2a8a254d0:   00007fc2ab7ca190 0000000000000008
0x00007fc2a8a254e0:   00000000002b52d4 00000000002b52d4
0x00007fc2a8a254f0:   0000000000000000 3ff0000000000000
0x00007fc2a8a25500:   0000000000000000 00007fc2e95fe8bd
0x00007fc2a8a25510:   00007fc2a8a25580 00007fc2f000101c
0x00007fc2a8a25520:   0000000000000001 00007fc2f0001000
0x00007fc2a8a25530:   00007fc2f4bb48c0 00007fc2f4212d80
0x00007fc2a8a25540:   00007fc29400b800 00007fc2e95fa03f
0x00007fc2a8a25550:   000000000000013c 00007fc2eb164489
0x00007fc2a8a25560:   00007fc280000c90 00007fc280000c98
0x00007fc2a8a25570:   00007fc280000c98 00007fc280000b71
0x00007fc2a8a25580:   0000009e00000102 00007fc2f4bb48c0
0x00007fc2a8a25590:   00007fc2f4bb48c0 00007fc2f4bb48c0
0x00007fc2a8a255a0:   00007fc2f5227030 0000000000000051
0x00007fc2a8a255b0:   00007fc299d72710 00007fc2e95fa5bf
0x00007fc2a8a255c0:   00007fc2e9bbeaf0 00007fc2fbd634ec
0x00007fc2a8a255d0:   00007fc2e9bc0d10 0000000000000000
0x00007fc2a8a255e0:   0000000000219b02 0009600000000001
0x00007fc2a8a255f0:   ffffffff00000001 00007fc2a8a25634 

Instructions: (pc=0x00007fc2e963459d)
0x00007fc2e963457d:   39 5d 08 0f 84 d2 01 00 00 8b 53 04 41 8b 74 24
0x00007fc2e963458d:   3c 49 8b 4c 24 28 8b 03 0f af f2 48 8b 09 01 c6
0x00007fc2e963459d:   66 83 3c 71 00 74 d4 48 63 8d 88 01 00 00 48 8b
0x00007fc2e96345ad:   7c 24 18 48 69 c9 d8 03 00 00 48 8d 74 0f 10 48 

Register to memory mapping:

RAX=0x0000000000000102 is an unknown value
RBX=0x00007fc280000c90 is an unknown value
RCX=0x00007fc280096cc0 is an unknown value
RDX=0x000000000000009e is an unknown value
RSP=0x00007fc2a8a25400 is pointing into the stack for thread: 0x00007fc29400b800
RBP=0x00007fc2ab6d9e60 is an unknown value
RSI=0x00000000000063c2 is an unknown value
RDI=0x00007fc2ab6d9fe0 is an unknown value
R8 =0x0000000000000000 is an unknown value
R9 =0x0101010101010101 is an unknown value
R10=0x00007fc2ab798a21 is an unknown value
R11=0x00007fc2fce17c9c: <offset 0x8bc9c> in /lib/x86_64-linux-gnu/libc.so.6 at 0x00007fc2fcd8c000
R12=0x00007fc2e9bd6d88: <offset 0x62dd88> in /usr/lib/libXnVFeatures_1_5_2.so at 0x00007fc2e95a9000
R13=0x00007fc2a8a25560 is pointing into the stack for thread: 0x00007fc29400b800
R14=0x00007fc2aa749050 is an unknown value
R15=0x0000000000000000 is an unknown value


Stack: [0x00007fc2a8926000,0x00007fc2a8a27000],  sp=0x00007fc2a8a25400,  free space=1021k
Native frames: (J=compiled Java code, j=interpreted, Vv=VM code, C=native code)
C  [libXnVFeatures_1_5_2.so+0x8b59d]  Segmentation::detectionByPoint(bool, std::vector<Vector2D<int>, std::allocator<Vector2D<int> > > const*)+0x8d

Java frames: (J=compiled Java code, j=interpreted, Vv=VM code)
j  org.OpenNI.NativeMethods.xnWaitAnyUpdateAll(J)I+0
j  org.OpenNI.Context.waitAnyUpdateAll()V+4
j  edu.seas.upenn.ese519.OverlayPanel.run()V+12
j  java.lang.Thread.run()V+11
v  ~StubRoutines::call_stub

---------------  P R O C E S S  ---------------

Java Threads: ( => current thread )
  0x00007fc29400d000 JavaThread "Thread-4" [_thread_blocked, id=26721, stack(0x00007fc2a8825000,0x00007fc2a8926000)]
=>0x00007fc29400b800 JavaThread "Thread-3" [_thread_in_native, id=26720, stack(0x00007fc2a8926000,0x00007fc2a8a27000)]
  0x00007fc29400a000 JavaThread "Thread-2" [_thread_blocked, id=26719, stack(0x00007fc2a8a27000,0x00007fc2a8b28000)]
  0x00007fc294009000 JavaThread "Thread-1" [_thread_blocked, id=26718, stack(0x00007fc2a8b28000,0x00007fc2a8c29000)]
  0x00007fc2f4007800 JavaThread "DestroyJavaVM" [_thread_blocked, id=26688, stack(0x00007fc2fd866000,0x00007fc2fd967000)]
  0x00007fc299d89800 JavaThread "AWT-EventQueue-0" [_thread_blocked, id=26717, stack(0x00007fc2a9048000,0x00007fc2a9149000)]
  0x00007fc299d86000 JavaThread "AWT-Shutdown" [_thread_blocked, id=26716, stack(0x00007fc2e0044000,0x00007fc2e0145000)]
  0x00007fc2f41eb800 JavaThread "AWT-XAWT" daemon [_thread_in_native, id=26705, stack(0x00007fc2eb5b6000,0x00007fc2eb6b7000)]
  0x00007fc2f4130800 JavaThread "Java2D Disposer" daemon [_thread_blocked, id=26704, stack(0x00007fc2f8029000,0x00007fc2f812a000)]
  0x00007fc2f409e000 JavaThread "Low Memory Detector" daemon [_thread_blocked, id=26702, stack(0x00007fc2f898d000,0x00007fc2f8a8e000)]
  0x00007fc2f409b800 JavaThread "C2 CompilerThread1" daemon [_thread_blocked, id=26701, stack(0x00007fc2f8a8e000,0x00007fc2f8b8f000)]
  0x00007fc2f4098800 JavaThread "C2 CompilerThread0" daemon [_thread_blocked, id=26700, stack(0x00007fc2f8b8f000,0x00007fc2f8c90000)]
  0x00007fc2f4097800 JavaThread "Signal Dispatcher" daemon [_thread_blocked, id=26699, stack(0x00007fc2f8c90000,0x00007fc2f8d91000)]
  0x00007fc2f4078000 JavaThread "Finalizer" daemon [_thread_blocked, id=26698, stack(0x00007fc2f9205000,0x00007fc2f9306000)]
  0x00007fc2f4076000 JavaThread "Reference Handler" daemon [_thread_blocked, id=26697, stack(0x00007fc2f9306000,0x00007fc2f9407000)]

Other Threads:
  0x00007fc2f406f000 VMThread [stack: 0x00007fc2f9407000,0x00007fc2f9508000] [id=26696]
  0x00007fc2f40a0800 WatcherThread [stack: 0x00007fc2f888c000,0x00007fc2f898d000] [id=26703]

VM state:not at safepoint (normal execution)

VM Mutex/Monitor currently owned by a thread: None

Heap
 PSYoungGen      total 36736K, used 9338K [0x00000007d6f60000, 0x00000007d9860000, 0x0000000800000000)
  eden space 31488K, 29% used [0x00000007d6f60000,0x00000007d787ebd8,0x00000007d8e20000)
  from space 5248K, 0% used [0x00000007d9340000,0x00000007d9340000,0x00000007d9860000)
  to   space 5248K, 0% used [0x00000007d8e20000,0x00000007d8e20000,0x00000007d9340000)
 PSOldGen        total 84032K, used 0K [0x0000000784e00000, 0x000000078a010000, 0x00000007d6f60000)
  object space 84032K, 0% used [0x0000000784e00000,0x0000000784e00000,0x000000078a010000)
 PSPermGen       total 21248K, used 12912K [0x000000077a800000, 0x000000077bcc0000, 0x0000000784e00000)
  object space 21248K, 60% used [0x000000077a800000,0x000000077b49c3e0,0x000000077bcc0000)

Code Cache  [0x00007fc2f1000000, 0x00007fc2f1270000, 0x00007fc2f4000000)
 total_blobs=477 nmethods=28 adapters=404 free_code_cache=49737216 largest_free_block=6336

Dynamic libraries:
00400000-00409000 r-xp 00000000 07:00 2884059                            /usr/lib/jvm/java-6-openjdk-amd64/jre/bin/java
00608000-00609000 r--p 00008000 07:00 2884059                            /usr/lib/jvm/java-6-openjdk-amd64/jre/bin/java
00609000-0060a000 rw-p 00009000 07:00 2884059                            /usr/lib/jvm/java-6-openjdk-amd64/jre/bin/java
00a75000-00a96000 rw-p 00000000 00:00 0                                  [heap]
77a800000-77bcc0000 rw-p 00000000 00:00 0 
77bcc0000-784e00000 rw-p 00000000 00:00 0 
784e00000-78a010000 rw-p 00000000 00:00 0 
78a010000-7d6f60000 rw-p 00000000 00:00 0 
7d6f60000-7d9860000 rw-p 00000000 00:00 0 
7d9860000-800000000 rw-p 00000000 00:00 0 
7fc280000000-7fc28018a000 rw-p 00000000 00:00 0 
7fc28018a000-7fc284000000 ---p 00000000 00:00 0 
7fc284000000-7fc284021000 rw-p 00000000 00:00 0 
7fc284021000-7fc288000000 ---p 00000000 00:00 0 
7fc288000000-7fc288021000 rw-p 00000000 00:00 0 
7fc288021000-7fc28c000000 ---p 00000000 00:00 0 
7fc28c000000-7fc28c021000 rw-p 00000000 00:00 0 
7fc28c021000-7fc290000000 ---p 00000000 00:00 0 
7fc290000000-7fc290021000 rw-p 00000000 00:00 0 
7fc290021000-7fc294000000 ---p 00000000 00:00 0 
7fc294000000-7fc294021000 rw-p 00000000 00:00 0 
7fc294021000-7fc298000000 ---p 00000000 00:00 0 
7fc298000000-7fc299e04000 rw-p 00000000 00:00 0 
7fc299e04000-7fc29c000000 ---p 00000000 00:00 0 
7fc29e603000-7fc29fc83000 r--s 00000000 00:12 1361833                    /run/shm/26707_045e.02ae@1.52_Image
7fc29fc83000-7fc2a4000000 rw-p 00000000 00:00 0 
7fc2a4000000-7fc2a4029000 rw-p 00000000 00:00 0 
7fc2a4029000-7fc2a8000000 ---p 00000000 00:00 0 
7fc2a8825000-7fc2a8828000 ---p 00000000 00:00 0 
7fc2a8828000-7fc2a8926000 rwxp 00000000 00:00 0 
7fc2a8926000-7fc2a8929000 ---p 00000000 00:00 0 
7fc2a8929000-7fc2a8a27000 rwxp 00000000 00:00 0 
7fc2a8a27000-7fc2a8a2a000 ---p 00000000 00:00 0 
7fc2a8a2a000-7fc2a8b28000 rwxp 00000000 00:00 0 
7fc2a8b28000-7fc2a8b2b000 ---p 00000000 00:00 0 
7fc2a8b2b000-7fc2a8c29000 rwxp 00000000 00:00 0 
7fc2a8c29000-7fc2a8c31000 r-xp 00000000 07:00 2884097                    /usr/lib/jvm/java-6-openjdk-amd64/jre/lib/amd64/libnio.so
7fc2a8c31000-7fc2a8e30000 ---p 00008000 07:00 2884097                    /usr/lib/jvm/java-6-openjdk-amd64/jre/lib/amd64/libnio.so
7fc2a8e30000-7fc2a8e31000 r--p 00007000 07:00 2884097                    /usr/lib/jvm/java-6-openjdk-amd64/jre/lib/amd64/libnio.so
7fc2a8e31000-7fc2a8e32000 rw-p 00008000 07:00 2884097                    /usr/lib/jvm/java-6-openjdk-amd64/jre/lib/amd64/libnio.so
7fc2a8e32000-7fc2a8e47000 r-xp 00000000 07:00 2884096                    /usr/lib/jvm/java-6-openjdk-amd64/jre/lib/amd64/libnet.so
7fc2a8e47000-7fc2a9046000 ---p 00015000 07:00 2884096                    /usr/lib/jvm/java-6-openjdk-amd64/jre/lib/amd64/libnet.so
7fc2a9046000-7fc2a9047000 r--p 00014000 07:00 2884096                    /usr/lib/jvm/java-6-openjdk-amd64/jre/lib/amd64/libnet.so
7fc2a9047000-7fc2a9048000 rw-p 00015000 07:00 2884096                    /usr/lib/jvm/java-6-openjdk-amd64/jre/lib/amd64/libnet.so
7fc2a9048000-7fc2a904b000 ---p 00000000 00:00 0 
7fc2a904b000-7fc2a9149000 rwxp 00000000 00:00 0 
7fc2a9149000-7fc2ab7cb000 rw-p 00000000 00:00 0 
7fc2ab7cb000-7fc2abed3000 r--s 00000000 00:12 1361831                    /run/shm/26707_045e.02ae@1.52_Depth
7fc2abed3000-7fc2ac000000 rw-p 00000000 00:00 0 
7fc2ac000000-7fc2ac021000 rw-p 00000000 00:00 0 
7fc2ac021000-7fc2b0000000 ---p 00000000 00:00 0 
7fc2b0000000-7fc2b0026000 rw-p 00000000 00:00 0 
7fc2b0026000-7fc2b4000000 ---p 00000000 00:00 0 
7fc2b4000000-7fc2b4021000 rw-p 00000000 00:00 0 
7fc2b4021000-7fc2b8000000 ---p 00000000 00:00 0 
7fc2b8000000-7fc2b8021000 rw-p 00000000 00:00 0 
7fc2b8021000-7fc2bc000000 ---p 00000000 00:00 0 
7fc2bc000000-7fc2bc29f000 rw-p 00000000 00:00 0 
7fc2bc29f000-7fc2c0000000 ---p 00000000 00:00 0 
7fc2c0000000-7fc2c0021000 rw-p 00000000 00:00 0 
7fc2c0021000-7fc2c4000000 ---p 00000000 00:00 0 
7fc2c4000000-7fc2c4021000 rw-p 00000000 00:00 0 
7fc2c4021000-7fc2c8000000 ---p 00000000 00:00 0 
7fc2c8000000-7fc2c82da000 rw-p 00000000 00:00 0 
7fc2c82da000-7fc2cc000000 ---p 00000000 00:00 0 
7fc2cc000000-7fc2cc021000 rw-p 00000000 00:00 0 
7fc2cc021000-7fc2d0000000 ---p 00000000 00:00 0 
7fc2d0000000-7fc2d0021000 rw-p 00000000 00:00 0 
7fc2d0021000-7fc2d4000000 ---p 00000000 00:00 0 
7fc2d4000000-7fc2d4021000 rw-p 00000000 00:00 0 
7fc2d4021000-7fc2d8000000 ---p 00000000 00:00 0 
7fc2d8000000-7fc2d8021000 rw-p 00000000 00:00 0 
7fc2d8021000-7fc2dc000000 ---p 00000000 00:00 0 
7fc2dc000000-7fc2dc021000 rw-p 00000000 00:00 0 
7fc2dc021000-7fc2e0000000 ---p 00000000 00:00 0 
7fc2e0044000-7fc2e0047000 ---p 00000000 00:00 0 
7fc2e0047000-7fc2e0145000 rwxp 00000000 00:00 0 
7fc2e0145000-7fc2e1b41000 rw-p 00000000 00:00 0 
7fc2e1b41000-7fc2e1b42000 ---p 00000000 00:00 0 
7fc2e1b42000-7fc2e2342000 rwxp 00000000 00:00 0 
7fc2e2342000-7fc2e299f000 rw-p 00000000 00:00 0 
7fc2e299f000-7fc2e30a7000 r--s 00000000 00:12 1361831                    /run/shm/26707_045e.02ae@1.52_Depth
7fc2e30a7000-7fc2e31d4000 rw-p 00000000 00:00 0 
7fc2e31d4000-7fc2e31d5000 ---p 00000000 00:00 0 
7fc2e31d5000-7fc2e39d5000 rwxp 00000000 00:00 0 
7fc2e39d5000-7fc2e3dd6000 rw-p 00000000 00:00 0 
7fc2e3dd6000-7fc2e3dfd000 r-xp 00000000 07:00 2759918                    /usr/lib/libXnDeviceFile.so
7fc2e3dfd000-7fc2e3ffd000 ---p 00027000 07:00 2759918                    /usr/lib/libXnDeviceFile.so
7fc2e3ffd000-7fc2e3fff000 r--p 00027000 07:00 2759918                    /usr/lib/libXnDeviceFile.so
7fc2e3fff000-7fc2e4000000 rw-p 00029000 07:00 2759918                    /usr/lib/libXnDeviceFile.so
7fc2e4000000-7fc2e4021000 rw-p 00000000 00:00 0 
7fc2e4021000-7fc2e8000000 ---p 00000000 00:00 0 
7fc2e802f000-7fc2e80c6000 rw-p 00000000 00:00 0 
7fc2e80c6000-7fc2e810e000 r-xp 00000000 07:00 2759917                    /usr/lib/libXnDDK.so
7fc2e810e000-7fc2e830e000 ---p 00048000 07:00 2759917                    /usr/lib/libXnDDK.so
7fc2e830e000-7fc2e8311000 r--p 00048000 07:00 2759917                    /usr/lib/libXnDDK.so
7fc2e8311000-7fc2e8313000 rw-p 0004b000 07:00 2759917                    /usr/lib/libXnDDK.so
7fc2e8313000-7fc2e8337000 r-xp 00000000 07:00 2759920                    /usr/lib/libXnFormats.so
7fc2e8337000-7fc2e8537000 ---p 00024000 07:00 2759920                    /usr/lib/libXnFormats.so
7fc2e8537000-7fc2e8538000 r--p 00024000 07:00 2759920                    /usr/lib/libXnFormats.so
7fc2e8538000-7fc2e8539000 rw-p 00025000 07:00 2759920                    /usr/lib/libXnFormats.so
7fc2e8539000-7fc2e8559000 rw-p 00000000 00:00 0 
7fc2e8559000-7fc2e855c000 r-xp 00000000 07:00 2759916                    /usr/lib/libXnCore.so
7fc2e855c000-7fc2e875b000 ---p 00003000 07:00 2759916                    /usr/lib/libXnCore.so
7fc2e875b000-7fc2e875c000 r--p 00002000 07:00 2759916                    /usr/lib/libXnCore.so
7fc2e875c000-7fc2e875d000 rw-p 00003000 07:00 2759916                    /usr/lib/libXnCore.so
7fc2e875d000-7fc2e87e6000 r-xp 00000000 07:00 2759919                    /usr/lib/libXnDeviceSensorV2KM.so
7fc2e87e6000-7fc2e89e5000 ---p 00089000 07:00 2759919                    /usr/lib/libXnDeviceSensorV2KM.so
7fc2e89e5000-7fc2e89f5000 r--p 00088000 07:00 2759919                    /usr/lib/libXnDeviceSensorV2KM.so
7fc2e89f5000-7fc2e89f6000 rw-p 00098000 07:00 2759919                    /usr/lib/libXnDeviceSensorV2KM.so
7fc2e89f6000-7fc2e8aea000 r-xp 00000000 07:00 2759934                    /usr/lib/libXnVHandGenerator_1_5_2.so
7fc2e8aea000-7fc2e8ce9000 ---p 000f4000 07:00 2759934                    /usr/lib/libXnVHandGenerator_1_5_2.so
7fc2e8ce9000-7fc2e8cee000 r--p 000f3000 07:00 2759934                    /usr/lib/libXnVHandGenerator_1_5_2.so
7fc2e8cee000-7fc2e8cef000 rw-p 000f8000 07:00 2759934                    /usr/lib/libXnVHandGenerator_1_5_2.so
7fc2e8cef000-7fc2e8cfd000 rw-p 00000000 00:00 0 
7fc2e8cfd000-7fc2e8dd5000 r-xp 00000000 07:00 2759933                    /usr/lib/libXnVHandGenerator_1_4_2.so
7fc2e8dd5000-7fc2e8fd4000 ---p 000d8000 07:00 2759933                    /usr/lib/libXnVHandGenerator_1_4_2.so
7fc2e8fd4000-7fc2e8fd9000 r--p 000d7000 07:00 2759933                    /usr/lib/libXnVHandGenerator_1_4_2.so
7fc2e8fd9000-7fc2e8fda000 rw-p 000dc000 07:00 2759933                    /usr/lib/libXnVHandGenerator_1_4_2.so
7fc2e8fda000-7fc2e8fdd000 rw-p 00000000 00:00 0 
7fc2e8fdd000-7fc2e90b5000 r-xp 00000000 07:00 2759932                    /usr/lib/libXnVHandGenerator_1_4_1.so
7fc2e90b5000-7fc2e92b4000 ---p 000d8000 07:00 2759932                    /usr/lib/libXnVHandGenerator_1_4_1.so
7fc2e92b4000-7fc2e92b9000 r--p 000d7000 07:00 2759932                    /usr/lib/libXnVHandGenerator_1_4_1.so
7fc2e92b9000-7fc2e92ba000 rw-p 000dc000 07:00 2759932                    /usr/lib/libXnVHandGenerator_1_4_1.so
7fc2e92ba000-7fc2e92bd000 rw-p 00000000 00:00 0 
7fc2e92bd000-7fc2e93a0000 r-xp 00000000 07:00 2759931                    /usr/lib/libXnVHandGenerator_1_3_1.so
7fc2e93a0000-7fc2e95a0000 ---p 000e3000 07:00 2759931                    /usr/lib/libXnVHandGenerator_1_3_1.so
7fc2e95a0000-7fc2e95a5000 r--p 000e3000 07:00 2759931                    /usr/lib/libXnVHandGenerator_1_3_1.so
7fc2e95a5000-7fc2e95a6000 rw-p 000e8000 07:00 2759931                    /usr/lib/libXnVHandGenerator_1_3_1.so
7fc2e95a6000-7fc2e95a9000 rw-p 00000000 00:00 0 
7fc2e95a9000-7fc2e99be000 r-xp 00000000 07:00 2759929                    /usr/lib/libXnVFeatures_1_5_2.so
7fc2e99be000-7fc2e9bbe000 ---p 00415000 07:00 2759929                    /usr/lib/libXnVFeatures_1_5_2.so
7fc2e9bbe000-7fc2e9bcf000 r--p 00415000 07:00 2759929                    /usr/lib/libXnVFeatures_1_5_2.so
7fc2e9bcf000-7fc2e9bd1000 rw-p 00426000 07:00 2759929                    /usr/lib/libXnVFeatures_1_5_2.so
7fc2e9bd1000-7fc2e9be6000 rw-p 00000000 00:00 0 
7fc2e9be6000-7fc2e9ddd000 r-xp 00000000 07:00 2759928                    /usr/lib/libXnVFeatures_1_4_2.so
7fc2e9ddd000-7fc2e9fdc000 ---p 001f7000 07:00 2759928                    /usr/lib/libXnVFeatures_1_4_2.so
7fc2e9fdc000-7fc2e9fe2000 r--p 001f6000 07:00 2759928                    /usr/lib/libXnVFeatures_1_4_2.so
7fc2e9fe2000-7fc2e9fe3000 rw-p 001fc000 07:00 2759928                    /usr/lib/libXnVFeatures_1_4_2.so
7fc2e9fe3000-7fc2e9fe9000 rw-p 00000000 00:00 0 
7fc2e9fe9000-7fc2ea1e0000 r-xp 00000000 07:00 2759927                    /usr/lib/libXnVFeatures_1_4_1.so
7fc2ea1e0000-7fc2ea3df000 ---p 001f7000 07:00 2759927                    /usr/lib/libXnVFeatures_1_4_1.so
7fc2ea3df000-7fc2ea3e5000 r--p 001f6000 07:00 2759927                    /usr/lib/libXnVFeatures_1_4_1.so
7fc2ea3e5000-7fc2ea3e6000 rw-p 001fc000 07:00 2759927                    /usr/lib/libXnVFeatures_1_4_1.so
7fc2ea3e6000-7fc2ea3ec000 rw-p 00000000 00:00 0 
7fc2ea3ec000-7fc2ea631000 r-xp 00000000 07:00 2759926                    /usr/lib/libXnVFeatures_1_3_1.so
7fc2ea631000-7fc2ea831000 ---p 00245000 07:00 2759926                    /usr/lib/libXnVFeatures_1_3_1.so
7fc2ea831000-7fc2ea837000 r--p 00245000 07:00 2759926                    /usr/lib/libXnVFeatures_1_3_1.so
7fc2ea837000-7fc2ea838000 rw-p 0024b000 07:00 2759926                    /usr/lib/libXnVFeatures_1_3_1.so
7fc2ea838000-7fc2ea83f000 rw-p 00000000 00:00 0 
7fc2ea83f000-7fc2ea85d000 r-xp 00000000 07:00 2760368                    /usr/lib/libnimRecorder.so
7fc2ea85d000-7fc2eaa5c000 ---p 0001e000 07:00 2760368                    /usr/lib/libnimRecorder.so
7fc2eaa5c000-7fc2eaa5e000 r--p 0001d000 07:00 2760368                    /usr/lib/libnimRecorder.so
7fc2eaa5e000-7fc2eaa5f000 rw-p 0001f000 07:00 2760368                    /usr/lib/libnimRecorder.so
7fc2eaa5f000-7fc2eaa95000 r-xp 00000000 07:00 2760366                    /usr/lib/libnimCodecs.so
7fc2eaa95000-7fc2eac95000 ---p 00036000 07:00 2760366                    /usr/lib/libnimCodecs.so
7fc2eac95000-7fc2eac98000 r--p 00036000 07:00 2760366                    /usr/lib/libnimCodecs.so
7fc2eac98000-7fc2eac99000 rw-p 00039000 07:00 2760366                    /usr/lib/libnimCodecs.so
7fc2eac99000-7fc2eacb9000 rw-p 00000000 00:00 0 
7fc2eacb9000-7fc2eacf0000 r-xp 00000000 07:00 2760367                    /usr/lib/libnimMockNodes.so
7fc2eacf0000-7fc2eaeef000 ---p 00037000 07:00 2760367                    /usr/lib/libnimMockNodes.so
7fc2eaeef000-7fc2eaefc000 r--p 00036000 07:00 2760367                    /usr/lib/libnimMockNodes.so
7fc2eaefc000-7fc2eaefd000 rw-p 00043000 07:00 2760367                    /usr/lib/libnimMockNodes.so
7fc2eaefd000-7fc2eaf0b000 r-xp 00000000 07:00 136665                     /lib/x86_64-linux-gnu/libusb-1.0.so.0.1.0
7fc2eaf0b000-7fc2eb10a000 ---p 0000e000 07:00 136665                     /lib/x86_64-linux-gnu/libusb-1.0.so.0.1.0
7fc2eb10a000-7fc2eb10b000 r--p 0000d000 07:00 136665                     /lib/x86_64-linux-gnu/libusb-1.0.so.0.1.0
7fc2eb10b000-7fc2eb10c000 rw-p 0000e000 07:00 136665                     /lib/x86_64-linux-gnu/libusb-1.0.so.0.1.0
7fc2eb10c000-7fc2eb189000 r-xp 00000000 07:00 2759909                    /usr/lib/libOpenNI.so
7fc2eb189000-7fc2eb388000 ---p 0007d000 07:00 2759909                    /usr/lib/libOpenNI.so
7fc2eb388000-7fc2eb38b000 r--p 0007c000 07:00 2759909                    /usr/lib/libOpenNI.so
7fc2eb38b000-7fc2eb38e000 rw-p 0007f000 07:00 2759909                    /usr/lib/libOpenNI.so
7fc2eb38e000-7fc2eb38f000 rw-p 00000000 00:00 0 
7fc2eb38f000-7fc2eb3b3000 r-xp 00000000 07:00 2759908                    /usr/lib/libOpenNI.jni.so
7fc2eb3b3000-7fc2eb5b2000 ---p 00024000 07:00 2759908                    /usr/lib/libOpenNI.jni.so
7fc2eb5b2000-7fc2eb5b3000 r--p 00023000 07:00 2759908                    /usr/lib/libOpenNI.jni.so
7fc2eb5b3000-7fc2eb5b6000 rw-p 00024000 07:00 2759908                    /usr/lib/libOpenNI.jni.so
7fc2eb5b6000-7fc2eb6b7000 rwxp 00000000 00:00 0 
7fc2eb6b7000-7fc2eb6c0000 r--s 00000000 07:00 2229112                    /var/cache/fontconfig/945677eb7aeaf62f1d50efc3fb3ec7d8-le64.cache-3
7fc2eb6c0000-7fc2eb6c8000 r--s 00000000 07:00 2229114                    /var/cache/fontconfig/a6d8cf8e4ec09cdbc8633c31745a07dd-le64.cache-3
7fc2eb6ec000-7fc2eb6f1000 r-xp 00000000 07:00 2766745                    /usr/lib/x86_64-linux-gnu/libXfixes.so.3.1.0
7fc2eb6f1000-7fc2eb8f0000 ---p 00005000 07:00 2766745                    /usr/lib/x86_64-linux-gnu/libXfixes.so.3.1.0
7fc2eb8f0000-7fc2eb8f1000 r--p 00004000 07:00 2766745                    /usr/lib/x86_64-linux-gnu/libXfixes.so.3.1.0
7fc2eb8f1000-7fc2eb8f2000 rw-p 00005000 07:00 2766745                    /usr/lib/x86_64-linux-gnu/libXfixes.so.3.1.0
7fc2eb8f2000-7fc2eb8fb000 r-xp 00000000 07:00 2766737                    /usr/lib/x86_64-linux-gnu/libXcursor.so.1.0.2
7fc2eb8fb000-7fc2ebafa000 ---p 00009000 07:00 2766737                    /usr/lib/x86_64-linux-gnu/libXcursor.so.1.0.2
7fc2ebafa000-7fc2ebafb000 r--p 00008000 07:00 2766737                    /usr/lib/x86_64-linux-gnu/libXcursor.so.1.0.2
7fc2ebafb000-7fc2ebafc000 rw-p 00009000 07:00 2766737                    /usr/lib/x86_64-linux-gnu/libXcursor.so.1.0.2
7fc2ebb21000-7fc2ebb28000 r--s 000fb000 07:00 2884213                    /usr/lib/jvm/java-6-openjdk-common/jre/lib/resources.jar
7fc2ebb28000-7fc2ebbbe000 r-xp 00000000 07:00 2767280                    /usr/lib/x86_64-linux-gnu/libfreetype.so.6.8.0
7fc2ebbbe000-7fc2ebdbd000 ---p 00096000 07:00 2767280                    /usr/lib/x86_64-linux-gnu/libfreetype.so.6.8.0
7fc2ebdbd000-7fc2ebdc3000 r--p 00095000 07:00 2767280                    /usr/lib/x86_64-linux-gnu/libfreetype.so.6.8.0
7fc2ebdc3000-7fc2ebdc4000 rw-p 0009b000 07:00 2767280                    /usr/lib/x86_64-linux-gnu/libfreetype.so.6.8.0
7fc2ebdc4000-7fc2ebdfe000 r-xp 00000000 07:00 2884078                    /usr/lib/jvm/java-6-openjdk-amd64/jre/lib/amd64/libfontmanager.so
7fc2ebdfe000-7fc2ebffd000 ---p 0003a000 07:00 2884078                    /usr/lib/jvm/java-6-openjdk-amd64/jre/lib/amd64/libfontmanager.so
7fc2ebffd000-7fc2ebfff000 r--p 00039000 07:00 2884078                    /usr/lib/jvm/java-6-openjdk-amd64/jre/lib/amd64/libfontmanager.so
7fc2ebfff000-7fc2ec000000 rw-p 0003b000 07:00 2884078                    /usr/lib/jvm/java-6-openjdk-amd64/jre/lib/amd64/libfontmanager.so
7fc2ec000000-7fc2ec021000 rw-p 00000000 00:00 0 
7fc2ec021000-7fc2f0000000 ---p 00000000 00:00 0 
7fc2f0001000-7fc2f0002000 rw-s 00000000 00:12 1347094                    /run/shm/045e.02ae@1.52-SM
7fc2f0002000-7fc2f0006000 r--s 00000000 07:00 2229113                    /var/cache/fontconfig/99e8ed0e538f840c565b6ed5dad60d56-le64.cache-3
7fc2f0006000-7fc2f000a000 r--s 00000000 07:00 2229098                    /var/cache/fontconfig/2cd17615ca594fa2959ae173292e504c-le64.cache-3
7fc2f000a000-7fc2f000b000 r--s 00000000 07:00 2229126                    /var/cache/fontconfig/e7071f4a29fa870f4323321c154eba04-le64.cache-3
7fc2f000b000-7fc2f000c000 r--s 00000000 07:00 2229096                    /var/cache/fontconfig/0d8c3b2ac0904cb8a57a757ad11a4a08-le64.cache-3
7fc2f000c000-7fc2f0012000 r--s 00000000 07:00 2229115                    /var/cache/fontconfig/a755afe4a08bf5b97852ceb7400b47bc-le64.cache-3
7fc2f0012000-7fc2f001b000 r--s 00000000 07:00 2229107                    /var/cache/fontconfig/6d41288fd70b0be22e8c3a91e032eec0-le64.cache-3
7fc2f001b000-7fc2f002b000 r--s 00000000 07:00 2229094                    /var/cache/fontconfig/04aabc0a78ac019cf9454389977116d2-le64.cache-3
7fc2f002b000-7fc2f002e000 r--s 00000000 07:00 2229101                    /var/cache/fontconfig/385c0604a188198f04d133e54aba7fe7-le64.cache-3
7fc2f002e000-7fc2f002f000 r--s 00000000 07:00 2229102                    /var/cache/fontconfig/4794a0821666d79190d59a36cb4f44b5-le64.cache-3
7fc2f002f000-7fc2f0032000 r--s 00000000 07:00 2229111                    /var/cache/fontconfig/8801497958630a81b71ace7c5f9b32a8-le64.cache-3
7fc2f0032000-7fc2f0037000 r--s 00000000 07:00 2229099                    /var/cache/fontconfig/3047814df9a2f067bd2d96a2b9c36e5a-le64.cache-3
7fc2f0037000-7fc2f0038000 r--s 00000000 07:00 2229104                    /var/cache/fontconfig/56cf4f4769d0f4abc89a4895d7bd3ae1-le64.cache-3
7fc2f0038000-7fc2f0039000 r--s 00000000 07:00 2229117                    /var/cache/fontconfig/b9d506c9ac06c20b433354fa67a72993-le64.cache-3
7fc2f0039000-7fc2f003e000 r--s 00000000 07:00 2229116                    /var/cache/fontconfig/b47c4e1ecd0709278f4910c18777a504-le64.cache-3
7fc2f003e000-7fc2f004e000 r--s 00000000 07:00 2229122                    /var/cache/fontconfig/d52a8644073d54c13679302ca1180695-le64.cache-3
7fc2f004e000-7fc2f005a000 r--s 00000000 07:00 2229095                    /var/cache/fontconfig/089dead882dea3570ffc31a9898cfb69-le64.cache-3
7fc2f005a000-7fc2f006d000 r--s 00000000 07:00 2229124                    /var/cache/fontconfig/e13b20fdb08344e0e664864cc2ede53d-le64.cache-3
7fc2f006d000-7fc2f0071000 r--s 00000000 07:00 2229109                    /var/cache/fontconfig/7ef2298fde41cc6eeb7af42e48b7d293-le64.cache-3
7fc2f0071000-7fc2f007a000 r--s 00000000 07:00 2229112                    /var/cache/fontconfig/945677eb7aeaf62f1d50efc3fb3ec7d8-le64.cache-3
7fc2f007a000-7fc2f007e000 r--s 00000000 07:00 2229113                    /var/cache/fontconfig/99e8ed0e538f840c565b6ed5dad60d56-le64.cache-3
7fc2f007e000-7fc2f0086000 r--s 00000000 07:00 2229114                    /var/cache/fontconfig/a6d8cf8e4ec09cdbc8633c31745a07dd-le64.cache-3
7fc2f0086000-7fc2f008b000 r-xp 00000000 07:00 2766741                    /usr/lib/x86_64-linux-gnu/libXdmcp.so.6.0.0
7fc2f008b000-7fc2f028a000 ---p 00005000 07:00 2766741                    /usr/lib/x86_64-linux-gnu/libXdmcp.so.6.0.0
7fc2f028a000-7fc2f028b000 r--p 00004000 07:00 2766741                    /usr/lib/x86_64-linux-gnu/libXdmcp.so.6.0.0
7fc2f028b000-7fc2f028c000 rw-p 00005000 07:00 2766741                    /usr/lib/x86_64-linux-gnu/libXdmcp.so.6.0.0
7fc2f028c000-7fc2f028e000 r-xp 00000000 07:00 2766732                    /usr/lib/x86_64-linux-gnu/libXau.so.6.0.0
7fc2f028e000-7fc2f048d000 ---p 00002000 07:00 2766732                    /usr/lib/x86_64-linux-gnu/libXau.so.6.0.0
7fc2f048d000-7fc2f048e000 r--p 00001000 07:00 2766732                    /usr/lib/x86_64-linux-gnu/libXau.so.6.0.0
7fc2f048e000-7fc2f048f000 rw-p 00002000 07:00 2766732                    /usr/lib/x86_64-linux-gnu/libXau.so.6.0.0
7fc2f048f000-7fc2f04ac000 r-xp 00000000 07:00 2767626                    /usr/lib/x86_64-linux-gnu/libxcb.so.1.1.0
7fc2f04ac000-7fc2f06ab000 ---p 0001d000 07:00 2767626                    /usr/lib/x86_64-linux-gnu/libxcb.so.1.1.0
7fc2f06ab000-7fc2f06ac000 r--p 0001c000 07:00 2767626                    /usr/lib/x86_64-linux-gnu/libxcb.so.1.1.0
7fc2f06ac000-7fc2f06ad000 rw-p 0001d000 07:00 2767626                    /usr/lib/x86_64-linux-gnu/libxcb.so.1.1.0
7fc2f06ad000-7fc2f06bb000 r-xp 00000000 07:00 2766749                    /usr/lib/x86_64-linux-gnu/libXi.so.6.1.0
7fc2f06bb000-7fc2f08ba000 ---p 0000e000 07:00 2766749                    /usr/lib/x86_64-linux-gnu/libXi.so.6.1.0
7fc2f08ba000-7fc2f08bb000 r--p 0000d000 07:00 2766749                    /usr/lib/x86_64-linux-gnu/libXi.so.6.1.0
7fc2f08bb000-7fc2f08bc000 rw-p 0000e000 07:00 2766749                    /usr/lib/x86_64-linux-gnu/libXi.so.6.1.0
7fc2f08bc000-7fc2f08c1000 r-xp 00000000 07:00 2766764                    /usr/lib/x86_64-linux-gnu/libXtst.so.6.1.0
7fc2f08c1000-7fc2f0ac0000 ---p 00005000 07:00 2766764                    /usr/lib/x86_64-linux-gnu/libXtst.so.6.1.0
7fc2f0ac0000-7fc2f0ac1000 r--p 00004000 07:00 2766764                    /usr/lib/x86_64-linux-gnu/libXtst.so.6.1.0
7fc2f0ac1000-7fc2f0ac2000 rw-p 00005000 07:00 2766764                    /usr/lib/x86_64-linux-gnu/libXtst.so.6.1.0
7fc2f0ac2000-7fc2f0acb000 r-xp 00000000 07:00 2766760                    /usr/lib/x86_64-linux-gnu/libXrender.so.1.3.0
7fc2f0acb000-7fc2f0cca000 ---p 00009000 07:00 2766760                    /usr/lib/x86_64-linux-gnu/libXrender.so.1.3.0
7fc2f0cca000-7fc2f0ccb000 r--p 00008000 07:00 2766760                    /usr/lib/x86_64-linux-gnu/libXrender.so.1.3.0
7fc2f0ccb000-7fc2f0ccc000 rw-p 00009000 07:00 2766760                    /usr/lib/x86_64-linux-gnu/libXrender.so.1.3.0
7fc2f0ccc000-7fc2f0dfb000 r-xp 00000000 07:00 2766730                    /usr/lib/x86_64-linux-gnu/libX11.so.6.3.0
7fc2f0dfb000-7fc2f0ffb000 ---p 0012f000 07:00 2766730                    /usr/lib/x86_64-linux-gnu/libX11.so.6.3.0
7fc2f0ffb000-7fc2f0ffc000 r--p 0012f000 07:00 2766730                    /usr/lib/x86_64-linux-gnu/libX11.so.6.3.0
7fc2f0ffc000-7fc2f1000000 rw-p 00130000 07:00 2766730                    /usr/lib/x86_64-linux-gnu/libX11.so.6.3.0
7fc2f1000000-7fc2f1270000 rwxp 00000000 00:00 0 
7fc2f1270000-7fc2f8000000 rw-p 00000000 00:00 0 
7fc2f8000000-7fc2f8001000 r--s 00000000 07:00 2229118                    /var/cache/fontconfig/c05880de57d1f5e948fdfacc138775d9-le64.cache-3
7fc2f8001000-7fc2f8002000 r--s 00000000 07:00 2229118                    /var/cache/fontconfig/c05880de57d1f5e948fdfacc138775d9-le64.cache-3
7fc2f8002000-7fc2f8006000 r--s 00000000 07:00 2229098                    /var/cache/fontconfig/2cd17615ca594fa2959ae173292e504c-le64.cache-3
7fc2f8006000-7fc2f8007000 r--s 00000000 07:00 2229126                    /var/cache/fontconfig/e7071f4a29fa870f4323321c154eba04-le64.cache-3
7fc2f8007000-7fc2f800d000 r--s 00000000 07:00 2229115                    /var/cache/fontconfig/a755afe4a08bf5b97852ceb7400b47bc-le64.cache-3
7fc2f800d000-7fc2f8016000 r--s 00000000 07:00 2229107                    /var/cache/fontconfig/6d41288fd70b0be22e8c3a91e032eec0-le64.cache-3
7fc2f8016000-7fc2f8026000 r--s 00000000 07:00 2229094                    /var/cache/fontconfig/04aabc0a78ac019cf9454389977116d2-le64.cache-3
7fc2f8026000-7fc2f8029000 r--s 00000000 07:00 2229101                    /var/cache/fontconfig/385c0604a188198f04d133e54aba7fe7-le64.cache-3
7fc2f8029000-7fc2f812a000 rwxp 00000000 00:00 0 
7fc2f812a000-7fc2f813a000 r-xp 00000000 07:00 2766743                    /usr/lib/x86_64-linux-gnu/libXext.so.6.4.0
7fc2f813a000-7fc2f8339000 ---p 00010000 07:00 2766743                    /usr/lib/x86_64-linux-gnu/libXext.so.6.4.0
7fc2f8339000-7fc2f833a000 r--p 0000f000 07:00 2766743                    /usr/lib/x86_64-linux-gnu/libXext.so.6.4.0
7fc2f833a000-7fc2f833b000 rw-p 00010000 07:00 2766743                    /usr/lib/x86_64-linux-gnu/libXext.so.6.4.0
7fc2f833b000-7fc2f833c000 r--s 00000000 07:00 2229102                    /var/cache/fontconfig/4794a0821666d79190d59a36cb4f44b5-le64.cache-3
7fc2f833c000-7fc2f833f000 r--s 00000000 07:00 2229111                    /var/cache/fontconfig/8801497958630a81b71ace7c5f9b32a8-le64.cache-3
7fc2f833f000-7fc2f8344000 r--s 00000000 07:00 2229099                    /var/cache/fontconfig/3047814df9a2f067bd2d96a2b9c36e5a-le64.cache-3
7fc2f8344000-7fc2f8354000 r--s 00000000 07:00 2229122                    /var/cache/fontconfig/d52a8644073d54c13679302ca1180695-le64.cache-3
7fc2f8354000-7fc2f8360000 r--s 00000000 07:00 2229095                    /var/cache/fontconfig/089dead882dea3570ffc31a9898cfb69-le64.cache-3
7fc2f8360000-7fc2f83ab000 r-xp 00000000 07:00 2884115                    /usr/lib/jvm/java-6-openjdk-amd64/jre/lib/amd64/xawt/libmawt.so
7fc2f83ab000-7fc2f85ab000 ---p 0004b000 07:00 2884115                    /usr/lib/jvm/java-6-openjdk-amd64/jre/lib/amd64/xawt/libmawt.so
7fc2f85ab000-7fc2f85ac000 r--p 0004b000 07:00 2884115                    /usr/lib/jvm/java-6-openjdk-amd64/jre/lib/amd64/xawt/libmawt.so
7fc2f85ac000-7fc2f85af000 rw-p 0004c000 07:00 2884115                    /usr/lib/jvm/java-6-openjdk-amd64/jre/lib/amd64/xawt/libmawt.so
7fc2f85af000-7fc2f85b0000 rw-p 00000000 00:00 0 
7fc2f85b0000-7fc2f865c000 r-xp 00000000 07:00 2884076                    /usr/lib/jvm/java-6-openjdk-amd64/jre/lib/amd64/libawt.so
7fc2f865c000-7fc2f885b000 ---p 000ac000 07:00 2884076                    /usr/lib/jvm/java-6-openjdk-amd64/jre/lib/amd64/libawt.so
7fc2f885b000-7fc2f885c000 r--p 000ab000 07:00 2884076                    /usr/lib/jvm/java-6-openjdk-amd64/jre/lib/amd64/libawt.so
7fc2f885c000-7fc2f8867000 rw-p 000ac000 07:00 2884076                    /usr/lib/jvm/java-6-openjdk-amd64/jre/lib/amd64/libawt.so
7fc2f8867000-7fc2f888c000 rw-p 00000000 00:00 0 
7fc2f888c000-7fc2f888d000 ---p 00000000 00:00 0 
7fc2f888d000-7fc2f8a8e000 rwxp 00000000 00:00 0 
7fc2f8a8e000-7fc2f8a8f000 ---p 00000000 00:00 0 
7fc2f8a8f000-7fc2f8b8f000 rwxp 00000000 00:00 0 
7fc2f8b8f000-7fc2f8b90000 ---p 00000000 00:00 0 
7fc2f8b90000-7fc2f8d91000 rwxp 00000000 00:00 0 
7fc2f8d91000-7fc2f9205000 r--p 00000000 07:00 2765053                    /usr/lib/locale/locale-archive
7fc2f9205000-7fc2f9407000 rwxp 00000000 00:00 0 
7fc2f9407000-7fc2f9408000 ---p 00000000 00:00 0 
7fc2f9408000-7fc2f9508000 rwxp 00000000 00:00 0 
7fc2f9508000-7fc2f9a40000 rw-p 00000000 00:00 0 
7fc2f9a40000-7fc2f9bd2000 r--s 037c2000 07:00 2884073                    /usr/lib/jvm/java-6-openjdk-amd64/jre/lib/rt.jar
7fc2f9bd2000-7fc2f9bfa000 rw-p 00000000 00:00 0 
7fc2f9bfa000-7fc2f9bfb000 ---p 00000000 00:00 0 
7fc2f9bfb000-7fc2f9cfb000 rwxp 00000000 00:00 0 
7fc2f9cfb000-7fc2f9cfc000 ---p 00000000 00:00 0 
7fc2f9cfc000-7fc2f9dfc000 rwxp 00000000 00:00 0 
7fc2f9dfc000-7fc2f9dfd000 ---p 00000000 00:00 0 
7fc2f9dfd000-7fc2f9efd000 rwxp 00000000 00:00 0 
7fc2f9efd000-7fc2f9efe000 ---p 00000000 00:00 0 
7fc2f9efe000-7fc2f9ffe000 rwxp 00000000 00:00 0 
7fc2f9ffe000-7fc2fa009000 rw-p 00000000 00:00 0 
7fc2fa009000-7fc2fa051000 rw-p 00000000 00:00 0 
7fc2fa051000-7fc2fa07b000 rw-p 00000000 00:00 0 
7fc2fa07b000-7fc2fa2e2000 rw-p 00000000 00:00 0 
7fc2fa2e2000-7fc2fa2ed000 rw-p 00000000 00:00 0 
7fc2fa2ed000-7fc2fa335000 rw-p 00000000 00:00 0 
7fc2fa335000-7fc2fa35f000 rw-p 00000000 00:00 0 
7fc2fa35f000-7fc2fa5c5000 rw-p 00000000 00:00 0 
7fc2fa5c5000-7fc2fa5db000 rw-p 00000000 00:00 0 
7fc2fa5db000-7fc2fa70e000 rw-p 00000000 00:00 0 
7fc2fa70e000-7fc2fa70f000 rw-p 00000000 00:00 0 
7fc2fa70f000-7fc2fa716000 r-xp 00000000 07:00 2884105                    /usr/lib/jvm/java-6-openjdk-amd64/jre/lib/amd64/libzip.so
7fc2fa716000-7fc2fa915000 ---p 00007000 07:00 2884105                    /usr/lib/jvm/java-6-openjdk-amd64/jre/lib/amd64/libzip.so
7fc2fa915000-7fc2fa916000 r--p 00006000 07:00 2884105                    /usr/lib/jvm/java-6-openjdk-amd64/jre/lib/amd64/libzip.so
7fc2fa916000-7fc2fa917000 rw-p 00007000 07:00 2884105                    /usr/lib/jvm/java-6-openjdk-amd64/jre/lib/amd64/libzip.so
7fc2fa917000-7fc2fa923000 r-xp 00000000 07:00 136638                     /lib/x86_64-linux-gnu/libnss_files-2.15.so
7fc2fa923000-7fc2fab22000 ---p 0000c000 07:00 136638                     /lib/x86_64-linux-gnu/libnss_files-2.15.so
7fc2fab22000-7fc2fab23000 r--p 0000b000 07:00 136638                     /lib/x86_64-linux-gnu/libnss_files-2.15.so
7fc2fab23000-7fc2fab24000 rw-p 0000c000 07:00 136638                     /lib/x86_64-linux-gnu/libnss_files-2.15.so
7fc2fab24000-7fc2fab2e000 r-xp 00000000 07:00 136640                     /lib/x86_64-linux-gnu/libnss_nis-2.15.so
7fc2fab2e000-7fc2fad2e000 ---p 0000a000 07:00 136640                     /lib/x86_64-linux-gnu/libnss_nis-2.15.so
7fc2fad2e000-7fc2fad2f000 r--p 0000a000 07:00 136640                     /lib/x86_64-linux-gnu/libnss_nis-2.15.so
7fc2fad2f000-7fc2fad30000 rw-p 0000b000 07:00 136640                     /lib/x86_64-linux-gnu/libnss_nis-2.15.so
7fc2fad30000-7fc2fad47000 r-xp 00000000 07:00 136635                     /lib/x86_64-linux-gnu/libnsl-2.15.so
7fc2fad47000-7fc2faf46000 ---p 00017000 07:00 136635                     /lib/x86_64-linux-gnu/libnsl-2.15.so
7fc2faf46000-7fc2faf47000 r--p 00016000 07:00 136635                     /lib/x86_64-linux-gnu/libnsl-2.15.so
7fc2faf47000-7fc2faf48000 rw-p 00017000 07:00 136635                     /lib/x86_64-linux-gnu/libnsl-2.15.so
7fc2faf48000-7fc2faf4a000 rw-p 00000000 00:00 0 
7fc2faf4a000-7fc2faf52000 r-xp 00000000 07:00 136636                     /lib/x86_64-linux-gnu/libnss_compat-2.15.so
7fc2faf52000-7fc2fb151000 ---p 00008000 07:00 136636                     /lib/x86_64-linux-gnu/libnss_compat-2.15.so
7fc2fb151000-7fc2fb152000 r--p 00007000 07:00 136636                     /lib/x86_64-linux-gnu/libnss_compat-2.15.so
7fc2fb152000-7fc2fb153000 rw-p 00008000 07:00 136636                     /lib/x86_64-linux-gnu/libnss_compat-2.15.so
7fc2fb153000-7fc2fb17f000 r-xp 00000000 07:00 2884085                    /usr/lib/jvm/java-6-openjdk-amd64/jre/lib/amd64/libjava.so
7fc2fb17f000-7fc2fb37e000 ---p 0002c000 07:00 2884085                    /usr/lib/jvm/java-6-openjdk-amd64/jre/lib/amd64/libjava.so
7fc2fb37e000-7fc2fb37f000 r--p 0002b000 07:00 2884085                    /usr/lib/jvm/java-6-openjdk-amd64/jre/lib/amd64/libjava.so
7fc2fb37f000-7fc2fb382000 rw-p 0002c000 07:00 2884085                    /usr/lib/jvm/java-6-openjdk-amd64/jre/lib/amd64/libjava.so
7fc2fb382000-7fc2fb390000 r-xp 00000000 07:00 2884104                    /usr/lib/jvm/java-6-openjdk-amd64/jre/lib/amd64/libverify.so
7fc2fb390000-7fc2fb58f000 ---p 0000e000 07:00 2884104                    /usr/lib/jvm/java-6-openjdk-amd64/jre/lib/amd64/libverify.so
7fc2fb58f000-7fc2fb591000 r--p 0000d000 07:00 2884104                    /usr/lib/jvm/java-6-openjdk-amd64/jre/lib/amd64/libverify.so
7fc2fb591000-7fc2fb592000 rw-p 0000f000 07:00 2884104                    /usr/lib/jvm/java-6-openjdk-amd64/jre/lib/amd64/libverify.so
7fc2fb592000-7fc2fb599000 r-xp 00000000 07:00 136656                     /lib/x86_64-linux-gnu/librt-2.15.so
7fc2fb599000-7fc2fb798000 ---p 00007000 07:00 136656                     /lib/x86_64-linux-gnu/librt-2.15.so
7fc2fb798000-7fc2fb799000 r--p 00006000 07:00 136656                     /lib/x86_64-linux-gnu/librt-2.15.so
7fc2fb799000-7fc2fb79a000 rw-p 00007000 07:00 136656                     /lib/x86_64-linux-gnu/librt-2.15.so
7fc2fb79a000-7fc2fb7af000 r-xp 00000000 07:00 136622                     /lib/x86_64-linux-gnu/libgcc_s.so.1
7fc2fb7af000-7fc2fb9ae000 ---p 00015000 07:00 136622                     /lib/x86_64-linux-gnu/libgcc_s.so.1
7fc2fb9ae000-7fc2fb9af000 r--p 00014000 07:00 136622                     /lib/x86_64-linux-gnu/libgcc_s.so.1
7fc2fb9af000-7fc2fb9b0000 rw-p 00015000 07:00 136622                     /lib/x86_64-linux-gnu/libgcc_s.so.1
7fc2fb9b0000-7fc2fbaab000 r-xp 00000000 07:00 136628                     /lib/x86_64-linux-gnu/libm-2.15.so
7fc2fbaab000-7fc2fbcaa000 ---p 000fb000 07:00 136628                     /lib/x86_64-linux-gnu/libm-2.15.so
7fc2fbcaa000-7fc2fbcab000 r--p 000fa000 07:00 136628                     /lib/x86_64-linux-gnu/libm-2.15.so
7fc2fbcab000-7fc2fbcac000 rw-p 000fb000 07:00 136628                     /lib/x86_64-linux-gnu/libm-2.15.so
7fc2fbcac000-7fc2fbd8e000 r-xp 00000000 07:00 2767523                    /usr/lib/x86_64-linux-gnu/libstdc++.so.6.0.16
7fc2fbd8e000-7fc2fbf8d000 ---p 000e2000 07:00 2767523                    /usr/lib/x86_64-linux-gnu/libstdc++.so.6.0.16
7fc2fbf8d000-7fc2fbf95000 r--p 000e1000 07:00 2767523                    /usr/lib/x86_64-linux-gnu/libstdc++.so.6.0.16
7fc2fbf95000-7fc2fbf97000 rw-p 000e9000 07:00 2767523                    /usr/lib/x86_64-linux-gnu/libstdc++.so.6.0.16
7fc2fbf97000-7fc2fbfac000 rw-p 00000000 00:00 0 
7fc2fbfac000-7fc2fc8b1000 r-xp 00000000 07:00 2884114                    /usr/lib/jvm/java-6-openjdk-amd64/jre/lib/amd64/server/libjvm.so
7fc2fc8b1000-7fc2fcab1000 ---p 00905000 07:00 2884114                    /usr/lib/jvm/java-6-openjdk-amd64/jre/lib/amd64/server/libjvm.so
7fc2fcab1000-7fc2fcb31000 r--p 00905000 07:00 2884114                    /usr/lib/jvm/java-6-openjdk-amd64/jre/lib/amd64/server/libjvm.so
7fc2fcb31000-7fc2fcb4c000 rw-p 00985000 07:00 2884114                    /usr/lib/jvm/java-6-openjdk-amd64/jre/lib/amd64/server/libjvm.so
7fc2fcb4c000-7fc2fcb75000 rw-p 00000000 00:00 0 
7fc2fcb75000-7fc2fcb8b000 r-xp 00000000 07:00 136669                     /lib/x86_64-linux-gnu/libz.so.1.2.3.4
7fc2fcb8b000-7fc2fcd8a000 ---p 00016000 07:00 136669                     /lib/x86_64-linux-gnu/libz.so.1.2.3.4
7fc2fcd8a000-7fc2fcd8b000 r--p 00015000 07:00 136669                     /lib/x86_64-linux-gnu/libz.so.1.2.3.4
7fc2fcd8b000-7fc2fcd8c000 rw-p 00016000 07:00 136669                     /lib/x86_64-linux-gnu/libz.so.1.2.3.4
7fc2fcd8c000-7fc2fcf41000 r-xp 00000000 07:00 136611                     /lib/x86_64-linux-gnu/libc-2.15.so
7fc2fcf41000-7fc2fd140000 ---p 001b5000 07:00 136611                     /lib/x86_64-linux-gnu/libc-2.15.so
7fc2fd140000-7fc2fd144000 r--p 001b4000 07:00 136611                     /lib/x86_64-linux-gnu/libc-2.15.so
7fc2fd144000-7fc2fd146000 rw-p 001b8000 07:00 136611                     /lib/x86_64-linux-gnu/libc-2.15.so
7fc2fd146000-7fc2fd14b000 rw-p 00000000 00:00 0 
7fc2fd14b000-7fc2fd14d000 r-xp 00000000 07:00 136618                     /lib/x86_64-linux-gnu/libdl-2.15.so
7fc2fd14d000-7fc2fd34d000 ---p 00002000 07:00 136618                     /lib/x86_64-linux-gnu/libdl-2.15.so
7fc2fd34d000-7fc2fd34e000 r--p 00002000 07:00 136618                     /lib/x86_64-linux-gnu/libdl-2.15.so
7fc2fd34e000-7fc2fd34f000 rw-p 00003000 07:00 136618                     /lib/x86_64-linux-gnu/libdl-2.15.so
7fc2fd34f000-7fc2fd353000 r-xp 00000000 07:00 2884111                    /usr/lib/jvm/java-6-openjdk-amd64/jre/lib/amd64/jli/libjli.so
7fc2fd353000-7fc2fd552000 ---p 00004000 07:00 2884111                    /usr/lib/jvm/java-6-openjdk-amd64/jre/lib/amd64/jli/libjli.so
7fc2fd552000-7fc2fd553000 r--p 00003000 07:00 2884111                    /usr/lib/jvm/java-6-openjdk-amd64/jre/lib/amd64/jli/libjli.so
7fc2fd553000-7fc2fd554000 rw-p 00004000 07:00 2884111                    /usr/lib/jvm/java-6-openjdk-amd64/jre/lib/amd64/jli/libjli.so
7fc2fd554000-7fc2fd56c000 r-xp 00000000 07:00 136653                     /lib/x86_64-linux-gnu/libpthread-2.15.so
7fc2fd56c000-7fc2fd76b000 ---p 00018000 07:00 136653                     /lib/x86_64-linux-gnu/libpthread-2.15.so
7fc2fd76b000-7fc2fd76c000 r--p 00017000 07:00 136653                     /lib/x86_64-linux-gnu/libpthread-2.15.so
7fc2fd76c000-7fc2fd76d000 rw-p 00018000 07:00 136653                     /lib/x86_64-linux-gnu/libpthread-2.15.so
7fc2fd76d000-7fc2fd771000 rw-p 00000000 00:00 0 
7fc2fd771000-7fc2fd793000 r-xp 00000000 07:00 136601                     /lib/x86_64-linux-gnu/ld-2.15.so
7fc2fd793000-7fc2fd7a6000 r--s 00000000 07:00 2229124                    /var/cache/fontconfig/e13b20fdb08344e0e664864cc2ede53d-le64.cache-3
7fc2fd7a6000-7fc2fd7b0000 rw-p 00000000 00:00 0 
7fc2fd7b0000-7fc2fd866000 rw-p 00000000 00:00 0 
7fc2fd866000-7fc2fd869000 ---p 00000000 00:00 0 
7fc2fd869000-7fc2fd967000 rwxp 00000000 00:00 0 
7fc2fd967000-7fc2fd96c000 rw-p 00000000 00:00 0 
7fc2fd96c000-7fc2fd96d000 r--s 00000000 07:00 2229096                    /var/cache/fontconfig/0d8c3b2ac0904cb8a57a757ad11a4a08-le64.cache-3
7fc2fd96d000-7fc2fd96e000 r--s 00000000 07:00 2229104                    /var/cache/fontconfig/56cf4f4769d0f4abc89a4895d7bd3ae1-le64.cache-3
7fc2fd96e000-7fc2fd96f000 r--s 00000000 07:00 2229117                    /var/cache/fontconfig/b9d506c9ac06c20b433354fa67a72993-le64.cache-3
7fc2fd96f000-7fc2fd974000 r--s 00000000 07:00 2229116                    /var/cache/fontconfig/b47c4e1ecd0709278f4910c18777a504-le64.cache-3
7fc2fd974000-7fc2fd978000 r--s 00000000 07:00 2229109                    /var/cache/fontconfig/7ef2298fde41cc6eeb7af42e48b7d293-le64.cache-3
7fc2fd978000-7fc2fd979000 r--s 00007000 07:00 1188646                    /usr/share/java/java-atk-wrapper.jar
7fc2fd979000-7fc2fd97b000 r--s 00001000 07:00 2884220                    /usr/lib/jvm/java-6-openjdk-common/jre/lib/ext/dnsns.jar
7fc2fd97b000-7fc2fd97e000 r--s 00031000 07:00 2884223                    /usr/lib/jvm/java-6-openjdk-common/jre/lib/ext/sunjce_provider.jar
7fc2fd97e000-7fc2fd980000 r--s 0000f000 07:00 2884222                    /usr/lib/jvm/java-6-openjdk-common/jre/lib/ext/pulse-java.jar
7fc2fd980000-7fc2fd984000 r--s 00038000 07:00 2884224                    /usr/lib/jvm/java-6-openjdk-common/jre/lib/ext/sunpkcs11.jar
7fc2fd984000-7fc2fd987000 r--s 00077000 07:00 2884221                    /usr/lib/jvm/java-6-openjdk-common/jre/lib/ext/localedata.jar
7fc2fd987000-7fc2fd98f000 rw-s 00000000 07:00 691                        /tmp/hsperfdata_qyr1987/26686
7fc2fd98f000-7fc2fd990000 rw-p 00000000 00:00 0 
7fc2fd990000-7fc2fd991000 r--p 00000000 00:00 0 
7fc2fd991000-7fc2fd993000 rw-p 00000000 00:00 0 
7fc2fd993000-7fc2fd994000 r--p 00022000 07:00 136601                     /lib/x86_64-linux-gnu/ld-2.15.so
7fc2fd994000-7fc2fd996000 rw-p 00023000 07:00 136601                     /lib/x86_64-linux-gnu/ld-2.15.so
7fff48462000-7fff48483000 rwxp 00000000 00:00 0                          [stack]
7fff484b5000-7fff484b6000 r-xp 00000000 00:00 0                          [vdso]
ffffffffff600000-ffffffffff601000 r-xp 00000000 00:00 0                  [vsyscall]

VM Arguments:
jvm_args: -Dfile.encoding=UTF-8 
java_command: edu.seas.upenn.ese519.MainFrame
Launcher Type: SUN_STANDARD

Environment Variables:
PATH=/home/qyr1987/bin:/usr/lib/lightdm/lightdm:/usr/local/sbin:/usr/local/bin:/usr/sbin:/usr/bin:/sbin:/bin:/usr/games
LD_LIBRARY_PATH=/usr/lib/jvm/java-6-openjdk-amd64/jre/lib/amd64/server:/usr/lib/jvm/java-6-openjdk-amd64/jre/lib/amd64:/usr/lib/jvm/java-6-openjdk-amd64/jre/../lib/amd64
SHELL=/bin/bash
DISPLAY=:0

Signal Handlers:
SIGSEGV: [libjvm.so+0x7852e0], sa_mask[0]=0x7ffbfeff, sa_flags=0x10000004
SIGBUS: [libjvm.so+0x7852e0], sa_mask[0]=0x7ffbfeff, sa_flags=0x10000004
SIGFPE: [libjvm.so+0x648d40], sa_mask[0]=0x7ffbfeff, sa_flags=0x10000004
SIGPIPE: [libjvm.so+0x648d40], sa_mask[0]=0x7ffbfeff, sa_flags=0x10000004
SIGXFSZ: [libjvm.so+0x648d40], sa_mask[0]=0x7ffbfeff, sa_flags=0x10000004
SIGILL: [libjvm.so+0x648d40], sa_mask[0]=0x7ffbfeff, sa_flags=0x10000004
SIGUSR1: SIG_DFL, sa_mask[0]=0x00000000, sa_flags=0x00000000
SIGUSR2: [libjvm.so+0x648ef0], sa_mask[0]=0x00000004, sa_flags=0x10000004
SIGHUP: [libjvm.so+0x64ba10], sa_mask[0]=0x7ffbfeff, sa_flags=0x10000004
SIGINT: [libjvm.so+0x64ba10], sa_mask[0]=0x7ffbfeff, sa_flags=0x10000004
SIGTERM: [libjvm.so+0x64ba10], sa_mask[0]=0x7ffbfeff, sa_flags=0x10000004
SIGQUIT: [libjvm.so+0x64ba10], sa_mask[0]=0x7ffbfeff, sa_flags=0x10000004


---------------  S Y S T E M  ---------------

OS:Ubuntu 12.04 (precise)
uname:Linux 3.2.0-33-generic #52-Ubuntu SMP Thu Oct 18 16:29:15 UTC 2012 x86_64
libc:glibc 2.15 NPTL 2.15 
rlimit: STACK 8192k, CORE 0k, NPROC 62854, NOFILE 4096, AS infinity
load average:0.54 0.47 0.41

/proc/meminfo:
MemTotal:        8062936 kB
MemFree:         1560952 kB
Buffers:         1496624 kB
Cached:          1998452 kB
SwapCached:          188 kB
Active:          3593616 kB
Inactive:        2422632 kB
Active(anon):    2163736 kB
Inactive(anon):   851728 kB
Active(file):    1429880 kB
Inactive(file):  1570904 kB
Unevictable:        2708 kB
Mlocked:              32 kB
SwapTotal:        262140 kB
SwapFree:         230184 kB
Dirty:               216 kB
Writeback:             0 kB
AnonPages:       2523760 kB
Mapped:           212056 kB
Shmem:            491612 kB
Slab:             309692 kB
SReclaimable:     233216 kB
SUnreclaim:        76476 kB
KernelStack:        4920 kB
PageTables:        48524 kB
NFS_Unstable:          0 kB
Bounce:                0 kB
WritebackTmp:          0 kB
CommitLimit:     4293608 kB
Committed_AS:    6525668 kB
VmallocTotal:   34359738367 kB
VmallocUsed:      414572 kB
VmallocChunk:   34359276336 kB
HardwareCorrupted:     0 kB
AnonHugePages:         0 kB
HugePages_Total:       0
HugePages_Free:        0
HugePages_Rsvd:        0
HugePages_Surp:        0
Hugepagesize:       2048 kB
DirectMap4k:      137216 kB
DirectMap2M:     8142848 kB


CPU:total 4 (2 cores per cpu, 2 threads per core) family 6 model 42 stepping 7, cmov, cx8, fxsr, mmx, sse, sse2, sse3, ssse3, sse4.1, sse4.2, popcnt, ht

Memory: 4k page, physical 8062936k(1560952k free), swap 262140k(230184k free)

vm_info: OpenJDK 64-Bit Server VM (20.0-b12) for linux-amd64 JRE (1.6.0_24-b24), built on Oct 24 2012 16:17:28 by "buildd" with gcc 4.6.3

time: Mon Nov 26 15:15:19 2012
elapsed time: 3 seconds

