#
# A fatal error has been detected by the Java Runtime Environment:
#
#  SIGSEGV (0xb) at pc=0x00007fd0a4d3959d, pid=26402, tid=140533008787200
#
# JRE version: 6.0_24-b24
# Java VM: OpenJDK 64-Bit Server VM (20.0-b12 mixed mode linux-amd64 compressed oops)
# Derivative: IcedTea6 1.11.5
# Distribution: Ubuntu 12.04 LTS, package 6b24-1.11.5-0ubuntu1~12.04.1
# Problematic frame:
# C  [libXnVFeatures_1_5_2.so+0x8b59d]  Segmentation::detectionByPoint(bool, std::vector<Vector2D<int>, std::allocator<Vector2D<int> > > const*)+0x8d
#
# If you would like to submit a bug report, please include
# instructions how to reproduce the bug and visit:
#   https://bugs.launchpad.net/ubuntu/+source/openjdk-6/
# The crash happened outside the Java Virtual Machine in native code.
# See problematic frame for where to report the bug.
#

---------------  T H R E A D  ---------------

Current thread (0x00007fd05000d800):  JavaThread "Thread-3" [_thread_in_native, id=26432, stack(0x00007fd064016000,0x00007fd064117000)]

siginfo:si_signo=SIGSEGV: si_errno=0, si_code=2 (SEGV_ACCERR), si_addr=0x00007fd03c0a3444

Registers:
RAX=0x0000000000000102, RBX=0x00007fd03c000c90, RCX=0x00007fd03c096cc0, RDX=0x000000000000009e
RSP=0x00007fd064115600, RBP=0x00007fd0676d9e60, RSI=0x00000000000063c2, RDI=0x00007fd0676d9fe0
R8 =0x0000000000000000, R9 =0x0101010101010101, R10=0x00007fd067798a21, R11=0x00007fd0b8513c9c
R12=0x00007fd0a52dbd88, R13=0x00007fd064115760, R14=0x00007fd066749050, R15=0x0000000000000000
RIP=0x00007fd0a4d3959d, EFLAGS=0x0000000000010202, CSGSFS=0x0000000000000033, ERR=0x0000000000000004
  TRAPNO=0x000000000000000e

Top of Stack: (sp=0x00007fd064115600)
0x00007fd064115600:   00007fd03c0a02d0 7fffffff00000000
0x00007fd064115610:   00007fd03c0a02d0 00007fd0676d9fe0
0x00007fd064115620:   00007fd0676db2e0 00007fd0676d9e60
0x00007fd064115630:   00007fd0676d9fe0 00007fd0676d4d80
0x00007fd064115640:   00007fd064115760 00007fd066749050
0x00007fd064115650:   0000000000000000 00007fd0a4d40bc0
0x00007fd064115660:   000000000032213e 000000000032213e
0x00007fd064115670:   0000000000000000 3ff0000000000000
0x00007fd064115680:   00007fd0a52dc5a8 0000000000000001
0x00007fd064115690:   0000000000000040 00007fd066749010
0x00007fd0641156a0:   00007fd0676d4d80 00007fd0676b3f88
0x00007fd0641156b0:   00007fd066749050 00007fd066749028
0x00007fd0641156c0:   00007fd064115760 00007fd0a4d2999b
0x00007fd0641156d0:   00007fd0677ca190 0000000000000008
0x00007fd0641156e0:   000000000031ff72 000000000031ff72
0x00007fd0641156f0:   0000000000000000 3ff0000000000000
0x00007fd064115700:   0000000000000000 00007fd0a4d038bd
0x00007fd064115710:   00007fd064115780 00007fd0b906801c
0x00007fd064115720:   0000000000000001 00007fd0b9068000
0x00007fd064115730:   00007fd0b0baa9d0 00007fd0b020a8f0
0x00007fd064115740:   00007fd05000d800 00007fd0a4cff03f
0x00007fd064115750:   000000000000013c 00007fd0a6869489
0x00007fd064115760:   00007fd03c000c90 00007fd03c000c98
0x00007fd064115770:   00007fd03c000c98 00007fd03c000b71
0x00007fd064115780:   0000009e00000102 00007fd0b0baa9d0
0x00007fd064115790:   00007fd0b0baa9d0 00007fd0b0baa9d0
0x00007fd0641157a0:   00007fd0b121d140 0000000000000051
0x00007fd0641157b0:   00007fd055d68840 00007fd0a4cff5bf
0x00007fd0641157c0:   00007fd0a52c3af0 00007fd0b745f4ec
0x00007fd0641157d0:   00007fd0a52c5d10 0000000000000000
0x00007fd0641157e0:   000000000778f7d0 0009600000000001
0x00007fd0641157f0:   ffffffff00000001 00007fd064115834 

Instructions: (pc=0x00007fd0a4d3959d)
0x00007fd0a4d3957d:   39 5d 08 0f 84 d2 01 00 00 8b 53 04 41 8b 74 24
0x00007fd0a4d3958d:   3c 49 8b 4c 24 28 8b 03 0f af f2 48 8b 09 01 c6
0x00007fd0a4d3959d:   66 83 3c 71 00 74 d4 48 63 8d 88 01 00 00 48 8b
0x00007fd0a4d395ad:   7c 24 18 48 69 c9 d8 03 00 00 48 8d 74 0f 10 48 

Register to memory mapping:

RAX=0x0000000000000102 is an unknown value
RBX=0x00007fd03c000c90 is an unknown value
RCX=0x00007fd03c096cc0 is an unknown value
RDX=0x000000000000009e is an unknown value
RSP=0x00007fd064115600 is pointing into the stack for thread: 0x00007fd05000d800
RBP=0x00007fd0676d9e60 is an unknown value
RSI=0x00000000000063c2 is an unknown value
RDI=0x00007fd0676d9fe0 is an unknown value
R8 =0x0000000000000000 is an unknown value
R9 =0x0101010101010101 is an unknown value
R10=0x00007fd067798a21 is an unknown value
R11=0x00007fd0b8513c9c: <offset 0x8bc9c> in /lib/x86_64-linux-gnu/libc.so.6 at 0x00007fd0b8488000
R12=0x00007fd0a52dbd88: <offset 0x62dd88> in /usr/lib/libXnVFeatures_1_5_2.so at 0x00007fd0a4cae000
R13=0x00007fd064115760 is pointing into the stack for thread: 0x00007fd05000d800
R14=0x00007fd066749050 is an unknown value
R15=0x0000000000000000 is an unknown value


Stack: [0x00007fd064016000,0x00007fd064117000],  sp=0x00007fd064115600,  free space=1021k
Native frames: (J=compiled Java code, j=interpreted, Vv=VM code, C=native code)
C  [libXnVFeatures_1_5_2.so+0x8b59d]  Segmentation::detectionByPoint(bool, std::vector<Vector2D<int>, std::allocator<Vector2D<int> > > const*)+0x8d

Java frames: (J=compiled Java code, j=interpreted, Vv=VM code)
j  org.OpenNI.NativeMethods.xnWaitAnyUpdateAll(J)I+0
j  org.OpenNI.Context.waitAnyUpdateAll()V+4
j  edu.seas.upenn.ese519.OverlayPanel.run()V+12
j  java.lang.Thread.run()V+11
v  ~StubRoutines::call_stub

---------------  P R O C E S S  ---------------

Java Threads: ( => current thread )
  0x00007fd05000f000 JavaThread "Thread-4" [_thread_blocked, id=26433, stack(0x00007fd05a0aa000,0x00007fd05a1ab000)]
=>0x00007fd05000d800 JavaThread "Thread-3" [_thread_in_native, id=26432, stack(0x00007fd064016000,0x00007fd064117000)]
  0x00007fd05000c000 JavaThread "Thread-2" [_thread_blocked, id=26431, stack(0x00007fd064117000,0x00007fd064218000)]
  0x00007fd05000a800 JavaThread "Thread-1" [_thread_blocked, id=26430, stack(0x00007fd064218000,0x00007fd064319000)]
  0x00007fd0b0007800 JavaThread "DestroyJavaVM" [_thread_blocked, id=26407, stack(0x00007fd0b8f62000,0x00007fd0b9063000)]
  0x00007fd055d81800 JavaThread "AWT-EventQueue-0" [_thread_blocked, id=26429, stack(0x00007fd064738000,0x00007fd064839000)]
  0x00007fd055d7e000 JavaThread "AWT-Shutdown" [_thread_blocked, id=26428, stack(0x00007fd09c023000,0x00007fd09c124000)]
  0x00007fd0b01e4000 JavaThread "AWT-XAWT" daemon [_thread_in_native, id=26421, stack(0x00007fd0a6cbb000,0x00007fd0a6dbc000)]
  0x00007fd0b0130800 JavaThread "Java2D Disposer" daemon [_thread_blocked, id=26420, stack(0x00007fd0a71f1000,0x00007fd0a72f2000)]
  0x00007fd0b009e000 JavaThread "Low Memory Detector" daemon [_thread_blocked, id=26418, stack(0x00007fd0b4089000,0x00007fd0b418a000)]
  0x00007fd0b009b800 JavaThread "C2 CompilerThread1" daemon [_thread_blocked, id=26417, stack(0x00007fd0b418a000,0x00007fd0b428b000)]
  0x00007fd0b0098800 JavaThread "C2 CompilerThread0" daemon [_thread_blocked, id=26416, stack(0x00007fd0b428b000,0x00007fd0b438c000)]
  0x00007fd0b0097800 JavaThread "Signal Dispatcher" daemon [_thread_blocked, id=26415, stack(0x00007fd0b438c000,0x00007fd0b448d000)]
  0x00007fd0b0078000 JavaThread "Finalizer" daemon [_thread_blocked, id=26414, stack(0x00007fd0b4901000,0x00007fd0b4a02000)]
  0x00007fd0b0076000 JavaThread "Reference Handler" daemon [_thread_blocked, id=26413, stack(0x00007fd0b4a02000,0x00007fd0b4b03000)]

Other Threads:
  0x00007fd0b006f000 VMThread [stack: 0x00007fd0b4b03000,0x00007fd0b4c04000] [id=26412]
  0x00007fd0b00a0800 WatcherThread [stack: 0x00007fd0aceff000,0x00007fd0ad000000] [id=26419]

VM state:not at safepoint (normal execution)

VM Mutex/Monitor currently owned by a thread: None

Heap
 PSYoungGen      total 36736K, used 8709K [0x00000007d6f60000, 0x00000007d9860000, 0x0000000800000000)
  eden space 31488K, 27% used [0x00000007d6f60000,0x00000007d77e1458,0x00000007d8e20000)
  from space 5248K, 0% used [0x00000007d9340000,0x00000007d9340000,0x00000007d9860000)
  to   space 5248K, 0% used [0x00000007d8e20000,0x00000007d8e20000,0x00000007d9340000)
 PSOldGen        total 84032K, used 0K [0x0000000784e00000, 0x000000078a010000, 0x00000007d6f60000)
  object space 84032K, 0% used [0x0000000784e00000,0x0000000784e00000,0x000000078a010000)
 PSPermGen       total 21248K, used 12925K [0x000000077a800000, 0x000000077bcc0000, 0x0000000784e00000)
  object space 21248K, 60% used [0x000000077a800000,0x000000077b49f6d0,0x000000077bcc0000)

Code Cache  [0x00007fd0ad000000, 0x00007fd0ad270000, 0x00007fd0b0000000)
 total_blobs=477 nmethods=28 adapters=404 free_code_cache=49737152 largest_free_block=6336

Dynamic libraries:
00400000-00409000 r-xp 00000000 07:00 2884059                            /usr/lib/jvm/java-6-openjdk-amd64/jre/bin/java
00608000-00609000 r--p 00008000 07:00 2884059                            /usr/lib/jvm/java-6-openjdk-amd64/jre/bin/java
00609000-0060a000 rw-p 00009000 07:00 2884059                            /usr/lib/jvm/java-6-openjdk-amd64/jre/bin/java
011ad000-011ce000 rw-p 00000000 00:00 0                                  [heap]
77a800000-77bcc0000 rw-p 00000000 00:00 0 
77bcc0000-784e00000 rw-p 00000000 00:00 0 
784e00000-78a010000 rw-p 00000000 00:00 0 
78a010000-7d6f60000 rw-p 00000000 00:00 0 
7d6f60000-7d9860000 rw-p 00000000 00:00 0 
7d9860000-800000000 rw-p 00000000 00:00 0 
7fd03c000000-7fd03c18a000 rw-p 00000000 00:00 0 
7fd03c18a000-7fd040000000 ---p 00000000 00:00 0 
7fd040000000-7fd040021000 rw-p 00000000 00:00 0 
7fd040021000-7fd044000000 ---p 00000000 00:00 0 
7fd044000000-7fd044021000 rw-p 00000000 00:00 0 
7fd044021000-7fd048000000 ---p 00000000 00:00 0 
7fd048000000-7fd048021000 rw-p 00000000 00:00 0 
7fd048021000-7fd04c000000 ---p 00000000 00:00 0 
7fd04c000000-7fd04c021000 rw-p 00000000 00:00 0 
7fd04c021000-7fd050000000 ---p 00000000 00:00 0 
7fd050000000-7fd050021000 rw-p 00000000 00:00 0 
7fd050021000-7fd054000000 ---p 00000000 00:00 0 
7fd054000000-7fd055dfc000 rw-p 00000000 00:00 0 
7fd055dfc000-7fd058000000 ---p 00000000 00:00 0 
7fd05a0aa000-7fd05a0ad000 ---p 00000000 00:00 0 
7fd05a0ad000-7fd05a1ab000 rwxp 00000000 00:00 0 
7fd05a1ab000-7fd05a2c4000 rw-s 00000000 00:04 1469743292                 /SYSV00000000 (deleted)
7fd05a2c4000-7fd05a603000 rw-s 00000000 00:04 1469710391                 /SYSV00000000 (deleted)
7fd05a603000-7fd05bc83000 r--s 00000000 00:12 1361310                    /run/shm/26294_045e.02ae@1.52_Image
7fd05bc83000-7fd060000000 rw-p 00000000 00:00 0 
7fd060000000-7fd060029000 rw-p 00000000 00:00 0 
7fd060029000-7fd064000000 ---p 00000000 00:00 0 
7fd064016000-7fd064019000 ---p 00000000 00:00 0 
7fd064019000-7fd064117000 rwxp 00000000 00:00 0 
7fd064117000-7fd06411a000 ---p 00000000 00:00 0 
7fd06411a000-7fd064218000 rwxp 00000000 00:00 0 
7fd064218000-7fd06421b000 ---p 00000000 00:00 0 
7fd06421b000-7fd064319000 rwxp 00000000 00:00 0 
7fd064319000-7fd064321000 r-xp 00000000 07:00 2884097                    /usr/lib/jvm/java-6-openjdk-amd64/jre/lib/amd64/libnio.so
7fd064321000-7fd064520000 ---p 00008000 07:00 2884097                    /usr/lib/jvm/java-6-openjdk-amd64/jre/lib/amd64/libnio.so
7fd064520000-7fd064521000 r--p 00007000 07:00 2884097                    /usr/lib/jvm/java-6-openjdk-amd64/jre/lib/amd64/libnio.so
7fd064521000-7fd064522000 rw-p 00008000 07:00 2884097                    /usr/lib/jvm/java-6-openjdk-amd64/jre/lib/amd64/libnio.so
7fd064522000-7fd064537000 r-xp 00000000 07:00 2884096                    /usr/lib/jvm/java-6-openjdk-amd64/jre/lib/amd64/libnet.so
7fd064537000-7fd064736000 ---p 00015000 07:00 2884096                    /usr/lib/jvm/java-6-openjdk-amd64/jre/lib/amd64/libnet.so
7fd064736000-7fd064737000 r--p 00014000 07:00 2884096                    /usr/lib/jvm/java-6-openjdk-amd64/jre/lib/amd64/libnet.so
7fd064737000-7fd064738000 rw-p 00015000 07:00 2884096                    /usr/lib/jvm/java-6-openjdk-amd64/jre/lib/amd64/libnet.so
7fd064738000-7fd06473b000 ---p 00000000 00:00 0 
7fd06473b000-7fd064839000 rwxp 00000000 00:00 0 
7fd064839000-7fd064c9a000 rw-p 00000000 00:00 0 
7fd064c9b000-7fd0677cb000 rw-p 00000000 00:00 0 
7fd0677cb000-7fd067ed3000 r--s 00000000 00:12 1362482                    /run/shm/26294_045e.02ae@1.52_Depth
7fd067ed3000-7fd068000000 rw-p 00000000 00:00 0 
7fd068000000-7fd068021000 rw-p 00000000 00:00 0 
7fd068021000-7fd06c000000 ---p 00000000 00:00 0 
7fd06c000000-7fd06c026000 rw-p 00000000 00:00 0 
7fd06c026000-7fd070000000 ---p 00000000 00:00 0 
7fd070000000-7fd070021000 rw-p 00000000 00:00 0 
7fd070021000-7fd074000000 ---p 00000000 00:00 0 
7fd074000000-7fd074021000 rw-p 00000000 00:00 0 
7fd074021000-7fd078000000 ---p 00000000 00:00 0 
7fd078000000-7fd0781da000 rw-p 00000000 00:00 0 
7fd0781da000-7fd07c000000 ---p 00000000 00:00 0 
7fd07c000000-7fd07c021000 rw-p 00000000 00:00 0 
7fd07c021000-7fd080000000 ---p 00000000 00:00 0 
7fd080000000-7fd080021000 rw-p 00000000 00:00 0 
7fd080021000-7fd084000000 ---p 00000000 00:00 0 
7fd084000000-7fd08438f000 rw-p 00000000 00:00 0 
7fd08438f000-7fd088000000 ---p 00000000 00:00 0 
7fd088000000-7fd088021000 rw-p 00000000 00:00 0 
7fd088021000-7fd08c000000 ---p 00000000 00:00 0 
7fd08c000000-7fd08c021000 rw-p 00000000 00:00 0 
7fd08c021000-7fd090000000 ---p 00000000 00:00 0 
7fd090000000-7fd090021000 rw-p 00000000 00:00 0 
7fd090021000-7fd094000000 ---p 00000000 00:00 0 
7fd094000000-7fd094021000 rw-p 00000000 00:00 0 
7fd094021000-7fd098000000 ---p 00000000 00:00 0 
7fd098000000-7fd098021000 rw-p 00000000 00:00 0 
7fd098021000-7fd09c000000 ---p 00000000 00:00 0 
7fd09c023000-7fd09c026000 ---p 00000000 00:00 0 
7fd09c026000-7fd09c124000 rwxp 00000000 00:00 0 
7fd09c124000-7fd09d211000 rw-p 00000000 00:00 0 
7fd09d211000-7fd09d212000 ---p 00000000 00:00 0 
7fd09d212000-7fd09da12000 rwxp 00000000 00:00 0 
7fd09da12000-7fd09e06f000 rw-p 00000000 00:00 0 
7fd09e06f000-7fd09e777000 r--s 00000000 00:12 1362482                    /run/shm/26294_045e.02ae@1.52_Depth
7fd09e777000-7fd09e8a4000 rw-p 00000000 00:00 0 
7fd09e8a4000-7fd09e8a5000 ---p 00000000 00:00 0 
7fd09e8a5000-7fd09f0a5000 rwxp 00000000 00:00 0 
7fd09f0a5000-7fd09f4a6000 rw-p 00000000 00:00 0 
7fd09f4a6000-7fd09f4cd000 r-xp 00000000 07:00 2759918                    /usr/lib/libXnDeviceFile.so
7fd09f4cd000-7fd09f6cd000 ---p 00027000 07:00 2759918                    /usr/lib/libXnDeviceFile.so
7fd09f6cd000-7fd09f6cf000 r--p 00027000 07:00 2759918                    /usr/lib/libXnDeviceFile.so
7fd09f6cf000-7fd09f6d0000 rw-p 00029000 07:00 2759918                    /usr/lib/libXnDeviceFile.so
7fd09f6d0000-7fd09f718000 r-xp 00000000 07:00 2759917                    /usr/lib/libXnDDK.so
7fd09f718000-7fd09f918000 ---p 00048000 07:00 2759917                    /usr/lib/libXnDDK.so
7fd09f918000-7fd09f91b000 r--p 00048000 07:00 2759917                    /usr/lib/libXnDDK.so
7fd09f91b000-7fd09f91d000 rw-p 0004b000 07:00 2759917                    /usr/lib/libXnDDK.so
7fd09f91d000-7fd09f941000 r-xp 00000000 07:00 2759920                    /usr/lib/libXnFormats.so
7fd09f941000-7fd09fb41000 ---p 00024000 07:00 2759920                    /usr/lib/libXnFormats.so
7fd09fb41000-7fd09fb42000 r--p 00024000 07:00 2759920                    /usr/lib/libXnFormats.so
7fd09fb42000-7fd09fb43000 rw-p 00025000 07:00 2759920                    /usr/lib/libXnFormats.so
7fd09fb43000-7fd09fb63000 rw-p 00000000 00:00 0 
7fd09fb63000-7fd09fb66000 r-xp 00000000 07:00 2759916                    /usr/lib/libXnCore.so
7fd09fb66000-7fd09fd65000 ---p 00003000 07:00 2759916                    /usr/lib/libXnCore.so
7fd09fd65000-7fd09fd66000 r--p 00002000 07:00 2759916                    /usr/lib/libXnCore.so
7fd09fd66000-7fd09fd67000 rw-p 00003000 07:00 2759916                    /usr/lib/libXnCore.so
7fd09fd67000-7fd09fdf0000 r-xp 00000000 07:00 2759919                    /usr/lib/libXnDeviceSensorV2KM.so
7fd09fdf0000-7fd09ffef000 ---p 00089000 07:00 2759919                    /usr/lib/libXnDeviceSensorV2KM.so
7fd09ffef000-7fd09ffff000 r--p 00088000 07:00 2759919                    /usr/lib/libXnDeviceSensorV2KM.so
7fd09ffff000-7fd0a0000000 rw-p 00098000 07:00 2759919                    /usr/lib/libXnDeviceSensorV2KM.so
7fd0a0000000-7fd0a0021000 rw-p 00000000 00:00 0 
7fd0a0021000-7fd0a4000000 ---p 00000000 00:00 0 
7fd0a4064000-7fd0a40fb000 rw-p 00000000 00:00 0 
7fd0a40fb000-7fd0a41ef000 r-xp 00000000 07:00 2759934                    /usr/lib/libXnVHandGenerator_1_5_2.so
7fd0a41ef000-7fd0a43ee000 ---p 000f4000 07:00 2759934                    /usr/lib/libXnVHandGenerator_1_5_2.so
7fd0a43ee000-7fd0a43f3000 r--p 000f3000 07:00 2759934                    /usr/lib/libXnVHandGenerator_1_5_2.so
7fd0a43f3000-7fd0a43f4000 rw-p 000f8000 07:00 2759934                    /usr/lib/libXnVHandGenerator_1_5_2.so
7fd0a43f4000-7fd0a4402000 rw-p 00000000 00:00 0 
7fd0a4402000-7fd0a44da000 r-xp 00000000 07:00 2759933                    /usr/lib/libXnVHandGenerator_1_4_2.so
7fd0a44da000-7fd0a46d9000 ---p 000d8000 07:00 2759933                    /usr/lib/libXnVHandGenerator_1_4_2.so
7fd0a46d9000-7fd0a46de000 r--p 000d7000 07:00 2759933                    /usr/lib/libXnVHandGenerator_1_4_2.so
7fd0a46de000-7fd0a46df000 rw-p 000dc000 07:00 2759933                    /usr/lib/libXnVHandGenerator_1_4_2.so
7fd0a46df000-7fd0a46e2000 rw-p 00000000 00:00 0 
7fd0a46e2000-7fd0a47ba000 r-xp 00000000 07:00 2759932                    /usr/lib/libXnVHandGenerator_1_4_1.so
7fd0a47ba000-7fd0a49b9000 ---p 000d8000 07:00 2759932                    /usr/lib/libXnVHandGenerator_1_4_1.so
7fd0a49b9000-7fd0a49be000 r--p 000d7000 07:00 2759932                    /usr/lib/libXnVHandGenerator_1_4_1.so
7fd0a49be000-7fd0a49bf000 rw-p 000dc000 07:00 2759932                    /usr/lib/libXnVHandGenerator_1_4_1.so
7fd0a49bf000-7fd0a49c2000 rw-p 00000000 00:00 0 
7fd0a49c2000-7fd0a4aa5000 r-xp 00000000 07:00 2759931                    /usr/lib/libXnVHandGenerator_1_3_1.so
7fd0a4aa5000-7fd0a4ca5000 ---p 000e3000 07:00 2759931                    /usr/lib/libXnVHandGenerator_1_3_1.so
7fd0a4ca5000-7fd0a4caa000 r--p 000e3000 07:00 2759931                    /usr/lib/libXnVHandGenerator_1_3_1.so
7fd0a4caa000-7fd0a4cab000 rw-p 000e8000 07:00 2759931                    /usr/lib/libXnVHandGenerator_1_3_1.so
7fd0a4cab000-7fd0a4cae000 rw-p 00000000 00:00 0 
7fd0a4cae000-7fd0a50c3000 r-xp 00000000 07:00 2759929                    /usr/lib/libXnVFeatures_1_5_2.so
7fd0a50c3000-7fd0a52c3000 ---p 00415000 07:00 2759929                    /usr/lib/libXnVFeatures_1_5_2.so
7fd0a52c3000-7fd0a52d4000 r--p 00415000 07:00 2759929                    /usr/lib/libXnVFeatures_1_5_2.so
7fd0a52d4000-7fd0a52d6000 rw-p 00426000 07:00 2759929                    /usr/lib/libXnVFeatures_1_5_2.so
7fd0a52d6000-7fd0a52eb000 rw-p 00000000 00:00 0 
7fd0a52eb000-7fd0a54e2000 r-xp 00000000 07:00 2759928                    /usr/lib/libXnVFeatures_1_4_2.so
7fd0a54e2000-7fd0a56e1000 ---p 001f7000 07:00 2759928                    /usr/lib/libXnVFeatures_1_4_2.so
7fd0a56e1000-7fd0a56e7000 r--p 001f6000 07:00 2759928                    /usr/lib/libXnVFeatures_1_4_2.so
7fd0a56e7000-7fd0a56e8000 rw-p 001fc000 07:00 2759928                    /usr/lib/libXnVFeatures_1_4_2.so
7fd0a56e8000-7fd0a56ee000 rw-p 00000000 00:00 0 
7fd0a56ee000-7fd0a58e5000 r-xp 00000000 07:00 2759927                    /usr/lib/libXnVFeatures_1_4_1.so
7fd0a58e5000-7fd0a5ae4000 ---p 001f7000 07:00 2759927                    /usr/lib/libXnVFeatures_1_4_1.so
7fd0a5ae4000-7fd0a5aea000 r--p 001f6000 07:00 2759927                    /usr/lib/libXnVFeatures_1_4_1.so
7fd0a5aea000-7fd0a5aeb000 rw-p 001fc000 07:00 2759927                    /usr/lib/libXnVFeatures_1_4_1.so
7fd0a5aeb000-7fd0a5af1000 rw-p 00000000 00:00 0 
7fd0a5af1000-7fd0a5d36000 r-xp 00000000 07:00 2759926                    /usr/lib/libXnVFeatures_1_3_1.so
7fd0a5d36000-7fd0a5f36000 ---p 00245000 07:00 2759926                    /usr/lib/libXnVFeatures_1_3_1.so
7fd0a5f36000-7fd0a5f3c000 r--p 00245000 07:00 2759926                    /usr/lib/libXnVFeatures_1_3_1.so
7fd0a5f3c000-7fd0a5f3d000 rw-p 0024b000 07:00 2759926                    /usr/lib/libXnVFeatures_1_3_1.so
7fd0a5f3d000-7fd0a5f44000 rw-p 00000000 00:00 0 
7fd0a5f44000-7fd0a5f62000 r-xp 00000000 07:00 2760368                    /usr/lib/libnimRecorder.so
7fd0a5f62000-7fd0a6161000 ---p 0001e000 07:00 2760368                    /usr/lib/libnimRecorder.so
7fd0a6161000-7fd0a6163000 r--p 0001d000 07:00 2760368                    /usr/lib/libnimRecorder.so
7fd0a6163000-7fd0a6164000 rw-p 0001f000 07:00 2760368                    /usr/lib/libnimRecorder.so
7fd0a6164000-7fd0a619a000 r-xp 00000000 07:00 2760366                    /usr/lib/libnimCodecs.so
7fd0a619a000-7fd0a639a000 ---p 00036000 07:00 2760366                    /usr/lib/libnimCodecs.so
7fd0a639a000-7fd0a639d000 r--p 00036000 07:00 2760366                    /usr/lib/libnimCodecs.so
7fd0a639d000-7fd0a639e000 rw-p 00039000 07:00 2760366                    /usr/lib/libnimCodecs.so
7fd0a639e000-7fd0a63be000 rw-p 00000000 00:00 0 
7fd0a63be000-7fd0a63f5000 r-xp 00000000 07:00 2760367                    /usr/lib/libnimMockNodes.so
7fd0a63f5000-7fd0a65f4000 ---p 00037000 07:00 2760367                    /usr/lib/libnimMockNodes.so
7fd0a65f4000-7fd0a6601000 r--p 00036000 07:00 2760367                    /usr/lib/libnimMockNodes.so
7fd0a6601000-7fd0a6602000 rw-p 00043000 07:00 2760367                    /usr/lib/libnimMockNodes.so
7fd0a6602000-7fd0a6610000 r-xp 00000000 07:00 136665                     /lib/x86_64-linux-gnu/libusb-1.0.so.0.1.0
7fd0a6610000-7fd0a680f000 ---p 0000e000 07:00 136665                     /lib/x86_64-linux-gnu/libusb-1.0.so.0.1.0
7fd0a680f000-7fd0a6810000 r--p 0000d000 07:00 136665                     /lib/x86_64-linux-gnu/libusb-1.0.so.0.1.0
7fd0a6810000-7fd0a6811000 rw-p 0000e000 07:00 136665                     /lib/x86_64-linux-gnu/libusb-1.0.so.0.1.0
7fd0a6811000-7fd0a688e000 r-xp 00000000 07:00 2759909                    /usr/lib/libOpenNI.so
7fd0a688e000-7fd0a6a8d000 ---p 0007d000 07:00 2759909                    /usr/lib/libOpenNI.so
7fd0a6a8d000-7fd0a6a90000 r--p 0007c000 07:00 2759909                    /usr/lib/libOpenNI.so
7fd0a6a90000-7fd0a6a93000 rw-p 0007f000 07:00 2759909                    /usr/lib/libOpenNI.so
7fd0a6a93000-7fd0a6a94000 rw-p 00000000 00:00 0 
7fd0a6a94000-7fd0a6ab8000 r-xp 00000000 07:00 2759908                    /usr/lib/libOpenNI.jni.so
7fd0a6ab8000-7fd0a6cb7000 ---p 00024000 07:00 2759908                    /usr/lib/libOpenNI.jni.so
7fd0a6cb7000-7fd0a6cb8000 r--p 00023000 07:00 2759908                    /usr/lib/libOpenNI.jni.so
7fd0a6cb8000-7fd0a6cbb000 rw-p 00024000 07:00 2759908                    /usr/lib/libOpenNI.jni.so
7fd0a6cbb000-7fd0a6dbc000 rwxp 00000000 00:00 0 
7fd0a6dbc000-7fd0a6dc1000 r-xp 00000000 07:00 2766745                    /usr/lib/x86_64-linux-gnu/libXfixes.so.3.1.0
7fd0a6dc1000-7fd0a6fc0000 ---p 00005000 07:00 2766745                    /usr/lib/x86_64-linux-gnu/libXfixes.so.3.1.0
7fd0a6fc0000-7fd0a6fc1000 r--p 00004000 07:00 2766745                    /usr/lib/x86_64-linux-gnu/libXfixes.so.3.1.0
7fd0a6fc1000-7fd0a6fc2000 rw-p 00005000 07:00 2766745                    /usr/lib/x86_64-linux-gnu/libXfixes.so.3.1.0
7fd0a6fc2000-7fd0a6fcb000 r-xp 00000000 07:00 2766737                    /usr/lib/x86_64-linux-gnu/libXcursor.so.1.0.2
7fd0a6fcb000-7fd0a71ca000 ---p 00009000 07:00 2766737                    /usr/lib/x86_64-linux-gnu/libXcursor.so.1.0.2
7fd0a71ca000-7fd0a71cb000 r--p 00008000 07:00 2766737                    /usr/lib/x86_64-linux-gnu/libXcursor.so.1.0.2
7fd0a71cb000-7fd0a71cc000 rw-p 00009000 07:00 2766737                    /usr/lib/x86_64-linux-gnu/libXcursor.so.1.0.2
7fd0a71f1000-7fd0a72f2000 rwxp 00000000 00:00 0 
7fd0a72f2000-7fd0a7388000 r-xp 00000000 07:00 2767280                    /usr/lib/x86_64-linux-gnu/libfreetype.so.6.8.0
7fd0a7388000-7fd0a7587000 ---p 00096000 07:00 2767280                    /usr/lib/x86_64-linux-gnu/libfreetype.so.6.8.0
7fd0a7587000-7fd0a758d000 r--p 00095000 07:00 2767280                    /usr/lib/x86_64-linux-gnu/libfreetype.so.6.8.0
7fd0a758d000-7fd0a758e000 rw-p 0009b000 07:00 2767280                    /usr/lib/x86_64-linux-gnu/libfreetype.so.6.8.0
7fd0a758e000-7fd0a75c8000 r-xp 00000000 07:00 2884078                    /usr/lib/jvm/java-6-openjdk-amd64/jre/lib/amd64/libfontmanager.so
7fd0a75c8000-7fd0a77c7000 ---p 0003a000 07:00 2884078                    /usr/lib/jvm/java-6-openjdk-amd64/jre/lib/amd64/libfontmanager.so
7fd0a77c7000-7fd0a77c9000 r--p 00039000 07:00 2884078                    /usr/lib/jvm/java-6-openjdk-amd64/jre/lib/amd64/libfontmanager.so
7fd0a77c9000-7fd0a77ca000 rw-p 0003b000 07:00 2884078                    /usr/lib/jvm/java-6-openjdk-amd64/jre/lib/amd64/libfontmanager.so
7fd0a77ca000-7fd0a77cf000 r-xp 00000000 07:00 2766741                    /usr/lib/x86_64-linux-gnu/libXdmcp.so.6.0.0
7fd0a77cf000-7fd0a79ce000 ---p 00005000 07:00 2766741                    /usr/lib/x86_64-linux-gnu/libXdmcp.so.6.0.0
7fd0a79ce000-7fd0a79cf000 r--p 00004000 07:00 2766741                    /usr/lib/x86_64-linux-gnu/libXdmcp.so.6.0.0
7fd0a79cf000-7fd0a79d0000 rw-p 00005000 07:00 2766741                    /usr/lib/x86_64-linux-gnu/libXdmcp.so.6.0.0
7fd0a79d0000-7fd0a79d2000 r-xp 00000000 07:00 2766732                    /usr/lib/x86_64-linux-gnu/libXau.so.6.0.0
7fd0a79d2000-7fd0a7bd1000 ---p 00002000 07:00 2766732                    /usr/lib/x86_64-linux-gnu/libXau.so.6.0.0
7fd0a7bd1000-7fd0a7bd2000 r--p 00001000 07:00 2766732                    /usr/lib/x86_64-linux-gnu/libXau.so.6.0.0
7fd0a7bd2000-7fd0a7bd3000 rw-p 00002000 07:00 2766732                    /usr/lib/x86_64-linux-gnu/libXau.so.6.0.0
7fd0a7bd3000-7fd0a7bf0000 r-xp 00000000 07:00 2767626                    /usr/lib/x86_64-linux-gnu/libxcb.so.1.1.0
7fd0a7bf0000-7fd0a7def000 ---p 0001d000 07:00 2767626                    /usr/lib/x86_64-linux-gnu/libxcb.so.1.1.0
7fd0a7def000-7fd0a7df0000 r--p 0001c000 07:00 2767626                    /usr/lib/x86_64-linux-gnu/libxcb.so.1.1.0
7fd0a7df0000-7fd0a7df1000 rw-p 0001d000 07:00 2767626                    /usr/lib/x86_64-linux-gnu/libxcb.so.1.1.0
7fd0a7df1000-7fd0a7dff000 r-xp 00000000 07:00 2766749                    /usr/lib/x86_64-linux-gnu/libXi.so.6.1.0
7fd0a7dff000-7fd0a7ffe000 ---p 0000e000 07:00 2766749                    /usr/lib/x86_64-linux-gnu/libXi.so.6.1.0
7fd0a7ffe000-7fd0a7fff000 r--p 0000d000 07:00 2766749                    /usr/lib/x86_64-linux-gnu/libXi.so.6.1.0
7fd0a7fff000-7fd0a8000000 rw-p 0000e000 07:00 2766749                    /usr/lib/x86_64-linux-gnu/libXi.so.6.1.0
7fd0a8000000-7fd0a8021000 rw-p 00000000 00:00 0 
7fd0a8021000-7fd0ac000000 ---p 00000000 00:00 0 
7fd0ac019000-7fd0ac020000 r--s 000fb000 07:00 2884213                    /usr/lib/jvm/java-6-openjdk-common/jre/lib/resources.jar
7fd0ac020000-7fd0ac021000 r--s 00000000 07:00 2229118                    /var/cache/fontconfig/c05880de57d1f5e948fdfacc138775d9-le64.cache-3
7fd0ac021000-7fd0ac02a000 r--s 00000000 07:00 2229112                    /var/cache/fontconfig/945677eb7aeaf62f1d50efc3fb3ec7d8-le64.cache-3
7fd0ac02a000-7fd0ac02e000 r--s 00000000 07:00 2229113                    /var/cache/fontconfig/99e8ed0e538f840c565b6ed5dad60d56-le64.cache-3
7fd0ac02e000-7fd0ac036000 r--s 00000000 07:00 2229114                    /var/cache/fontconfig/a6d8cf8e4ec09cdbc8633c31745a07dd-le64.cache-3
7fd0ac036000-7fd0ac03a000 r--s 00000000 07:00 2229098                    /var/cache/fontconfig/2cd17615ca594fa2959ae173292e504c-le64.cache-3
7fd0ac03a000-7fd0ac03b000 r--s 00000000 07:00 2229126                    /var/cache/fontconfig/e7071f4a29fa870f4323321c154eba04-le64.cache-3
7fd0ac03b000-7fd0ac03c000 r--s 00000000 07:00 2229096                    /var/cache/fontconfig/0d8c3b2ac0904cb8a57a757ad11a4a08-le64.cache-3
7fd0ac03c000-7fd0ac042000 r--s 00000000 07:00 2229115                    /var/cache/fontconfig/a755afe4a08bf5b97852ceb7400b47bc-le64.cache-3
7fd0ac042000-7fd0ac04b000 r--s 00000000 07:00 2229107                    /var/cache/fontconfig/6d41288fd70b0be22e8c3a91e032eec0-le64.cache-3
7fd0ac04b000-7fd0ac05b000 r--s 00000000 07:00 2229094                    /var/cache/fontconfig/04aabc0a78ac019cf9454389977116d2-le64.cache-3
7fd0ac05b000-7fd0ac05e000 r--s 00000000 07:00 2229101                    /var/cache/fontconfig/385c0604a188198f04d133e54aba7fe7-le64.cache-3
7fd0ac05e000-7fd0ac05f000 r--s 00000000 07:00 2229102                    /var/cache/fontconfig/4794a0821666d79190d59a36cb4f44b5-le64.cache-3
7fd0ac05f000-7fd0ac062000 r--s 00000000 07:00 2229111                    /var/cache/fontconfig/8801497958630a81b71ace7c5f9b32a8-le64.cache-3
7fd0ac062000-7fd0ac067000 r--s 00000000 07:00 2229099                    /var/cache/fontconfig/3047814df9a2f067bd2d96a2b9c36e5a-le64.cache-3
7fd0ac067000-7fd0ac068000 r--s 00000000 07:00 2229104                    /var/cache/fontconfig/56cf4f4769d0f4abc89a4895d7bd3ae1-le64.cache-3
7fd0ac068000-7fd0ac069000 r--s 00000000 07:00 2229117                    /var/cache/fontconfig/b9d506c9ac06c20b433354fa67a72993-le64.cache-3
7fd0ac069000-7fd0ac06e000 r--s 00000000 07:00 2229116                    /var/cache/fontconfig/b47c4e1ecd0709278f4910c18777a504-le64.cache-3
7fd0ac06e000-7fd0ac07e000 r--s 00000000 07:00 2229122                    /var/cache/fontconfig/d52a8644073d54c13679302ca1180695-le64.cache-3
7fd0ac07e000-7fd0ac083000 r-xp 00000000 07:00 2766764                    /usr/lib/x86_64-linux-gnu/libXtst.so.6.1.0
7fd0ac083000-7fd0ac282000 ---p 00005000 07:00 2766764                    /usr/lib/x86_64-linux-gnu/libXtst.so.6.1.0
7fd0ac282000-7fd0ac283000 r--p 00004000 07:00 2766764                    /usr/lib/x86_64-linux-gnu/libXtst.so.6.1.0
7fd0ac283000-7fd0ac284000 rw-p 00005000 07:00 2766764                    /usr/lib/x86_64-linux-gnu/libXtst.so.6.1.0
7fd0ac284000-7fd0ac28d000 r-xp 00000000 07:00 2766760                    /usr/lib/x86_64-linux-gnu/libXrender.so.1.3.0
7fd0ac28d000-7fd0ac48c000 ---p 00009000 07:00 2766760                    /usr/lib/x86_64-linux-gnu/libXrender.so.1.3.0
7fd0ac48c000-7fd0ac48d000 r--p 00008000 07:00 2766760                    /usr/lib/x86_64-linux-gnu/libXrender.so.1.3.0
7fd0ac48d000-7fd0ac48e000 rw-p 00009000 07:00 2766760                    /usr/lib/x86_64-linux-gnu/libXrender.so.1.3.0
7fd0ac48e000-7fd0ac5bd000 r-xp 00000000 07:00 2766730                    /usr/lib/x86_64-linux-gnu/libX11.so.6.3.0
7fd0ac5bd000-7fd0ac7bd000 ---p 0012f000 07:00 2766730                    /usr/lib/x86_64-linux-gnu/libX11.so.6.3.0
7fd0ac7bd000-7fd0ac7be000 r--p 0012f000 07:00 2766730                    /usr/lib/x86_64-linux-gnu/libX11.so.6.3.0
7fd0ac7be000-7fd0ac7c2000 rw-p 00130000 07:00 2766730                    /usr/lib/x86_64-linux-gnu/libX11.so.6.3.0
7fd0ac7c2000-7fd0ac7d2000 r-xp 00000000 07:00 2766743                    /usr/lib/x86_64-linux-gnu/libXext.so.6.4.0
7fd0ac7d2000-7fd0ac9d1000 ---p 00010000 07:00 2766743                    /usr/lib/x86_64-linux-gnu/libXext.so.6.4.0
7fd0ac9d1000-7fd0ac9d2000 r--p 0000f000 07:00 2766743                    /usr/lib/x86_64-linux-gnu/libXext.so.6.4.0
7fd0ac9d2000-7fd0ac9d3000 rw-p 00010000 07:00 2766743                    /usr/lib/x86_64-linux-gnu/libXext.so.6.4.0
7fd0ac9d3000-7fd0aca1e000 r-xp 00000000 07:00 2884115                    /usr/lib/jvm/java-6-openjdk-amd64/jre/lib/amd64/xawt/libmawt.so
7fd0aca1e000-7fd0acc1e000 ---p 0004b000 07:00 2884115                    /usr/lib/jvm/java-6-openjdk-amd64/jre/lib/amd64/xawt/libmawt.so
7fd0acc1e000-7fd0acc1f000 r--p 0004b000 07:00 2884115                    /usr/lib/jvm/java-6-openjdk-amd64/jre/lib/amd64/xawt/libmawt.so
7fd0acc1f000-7fd0acc22000 rw-p 0004c000 07:00 2884115                    /usr/lib/jvm/java-6-openjdk-amd64/jre/lib/amd64/xawt/libmawt.so
7fd0acc22000-7fd0acc23000 rw-p 00000000 00:00 0 
7fd0acc23000-7fd0acccf000 r-xp 00000000 07:00 2884076                    /usr/lib/jvm/java-6-openjdk-amd64/jre/lib/amd64/libawt.so
7fd0acccf000-7fd0acece000 ---p 000ac000 07:00 2884076                    /usr/lib/jvm/java-6-openjdk-amd64/jre/lib/amd64/libawt.so
7fd0acece000-7fd0acecf000 r--p 000ab000 07:00 2884076                    /usr/lib/jvm/java-6-openjdk-amd64/jre/lib/amd64/libawt.so
7fd0acecf000-7fd0aceda000 rw-p 000ac000 07:00 2884076                    /usr/lib/jvm/java-6-openjdk-amd64/jre/lib/amd64/libawt.so
7fd0aceda000-7fd0aceff000 rw-p 00000000 00:00 0 
7fd0aceff000-7fd0acf00000 ---p 00000000 00:00 0 
7fd0acf00000-7fd0ad270000 rwxp 00000000 00:00 0 
7fd0ad270000-7fd0b4000000 rw-p 00000000 00:00 0 
7fd0b4003000-7fd0b400f000 r--s 00000000 07:00 2229095                    /var/cache/fontconfig/089dead882dea3570ffc31a9898cfb69-le64.cache-3
7fd0b400f000-7fd0b4022000 r--s 00000000 07:00 2229124                    /var/cache/fontconfig/e13b20fdb08344e0e664864cc2ede53d-le64.cache-3
7fd0b4022000-7fd0b4026000 r--s 00000000 07:00 2229109                    /var/cache/fontconfig/7ef2298fde41cc6eeb7af42e48b7d293-le64.cache-3
7fd0b4026000-7fd0b4027000 r--s 00000000 07:00 2229118                    /var/cache/fontconfig/c05880de57d1f5e948fdfacc138775d9-le64.cache-3
7fd0b4027000-7fd0b4030000 r--s 00000000 07:00 2229112                    /var/cache/fontconfig/945677eb7aeaf62f1d50efc3fb3ec7d8-le64.cache-3
7fd0b4030000-7fd0b4034000 r--s 00000000 07:00 2229113                    /var/cache/fontconfig/99e8ed0e538f840c565b6ed5dad60d56-le64.cache-3
7fd0b4034000-7fd0b403c000 r--s 00000000 07:00 2229114                    /var/cache/fontconfig/a6d8cf8e4ec09cdbc8633c31745a07dd-le64.cache-3
7fd0b403c000-7fd0b4040000 r--s 00000000 07:00 2229098                    /var/cache/fontconfig/2cd17615ca594fa2959ae173292e504c-le64.cache-3
7fd0b4040000-7fd0b4041000 r--s 00000000 07:00 2229126                    /var/cache/fontconfig/e7071f4a29fa870f4323321c154eba04-le64.cache-3
7fd0b4041000-7fd0b4042000 r--s 00000000 07:00 2229096                    /var/cache/fontconfig/0d8c3b2ac0904cb8a57a757ad11a4a08-le64.cache-3
7fd0b4042000-7fd0b4048000 r--s 00000000 07:00 2229115                    /var/cache/fontconfig/a755afe4a08bf5b97852ceb7400b47bc-le64.cache-3
7fd0b4048000-7fd0b4051000 r--s 00000000 07:00 2229107                    /var/cache/fontconfig/6d41288fd70b0be22e8c3a91e032eec0-le64.cache-3
7fd0b4051000-7fd0b4061000 r--s 00000000 07:00 2229094                    /var/cache/fontconfig/04aabc0a78ac019cf9454389977116d2-le64.cache-3
7fd0b4061000-7fd0b4064000 r--s 00000000 07:00 2229101                    /var/cache/fontconfig/385c0604a188198f04d133e54aba7fe7-le64.cache-3
7fd0b4064000-7fd0b4065000 r--s 00000000 07:00 2229102                    /var/cache/fontconfig/4794a0821666d79190d59a36cb4f44b5-le64.cache-3
7fd0b4065000-7fd0b4068000 r--s 00000000 07:00 2229111                    /var/cache/fontconfig/8801497958630a81b71ace7c5f9b32a8-le64.cache-3
7fd0b4068000-7fd0b406d000 r--s 00000000 07:00 2229099                    /var/cache/fontconfig/3047814df9a2f067bd2d96a2b9c36e5a-le64.cache-3
7fd0b406d000-7fd0b407d000 r--s 00000000 07:00 2229122                    /var/cache/fontconfig/d52a8644073d54c13679302ca1180695-le64.cache-3
7fd0b407d000-7fd0b4089000 r--s 00000000 07:00 2229095                    /var/cache/fontconfig/089dead882dea3570ffc31a9898cfb69-le64.cache-3
7fd0b4089000-7fd0b418a000 rwxp 00000000 00:00 0 
7fd0b418a000-7fd0b418b000 ---p 00000000 00:00 0 
7fd0b418b000-7fd0b428b000 rwxp 00000000 00:00 0 
7fd0b428b000-7fd0b428c000 ---p 00000000 00:00 0 
7fd0b428c000-7fd0b448d000 rwxp 00000000 00:00 0 
7fd0b448d000-7fd0b4901000 r--p 00000000 07:00 2765053                    /usr/lib/locale/locale-archive
7fd0b4901000-7fd0b4b03000 rwxp 00000000 00:00 0 
7fd0b4b03000-7fd0b4b04000 ---p 00000000 00:00 0 
7fd0b4b04000-7fd0b4c04000 rwxp 00000000 00:00 0 
7fd0b4c04000-7fd0b513c000 rw-p 00000000 00:00 0 
7fd0b513c000-7fd0b52ce000 r--s 037c2000 07:00 2884073                    /usr/lib/jvm/java-6-openjdk-amd64/jre/lib/rt.jar
7fd0b52ce000-7fd0b52f6000 rw-p 00000000 00:00 0 
7fd0b52f6000-7fd0b52f7000 ---p 00000000 00:00 0 
7fd0b52f7000-7fd0b53f7000 rwxp 00000000 00:00 0 
7fd0b53f7000-7fd0b53f8000 ---p 00000000 00:00 0 
7fd0b53f8000-7fd0b54f8000 rwxp 00000000 00:00 0 
7fd0b54f8000-7fd0b54f9000 ---p 00000000 00:00 0 
7fd0b54f9000-7fd0b55f9000 rwxp 00000000 00:00 0 
7fd0b55f9000-7fd0b55fa000 ---p 00000000 00:00 0 
7fd0b55fa000-7fd0b56fa000 rwxp 00000000 00:00 0 
7fd0b56fa000-7fd0b5705000 rw-p 00000000 00:00 0 
7fd0b5705000-7fd0b574d000 rw-p 00000000 00:00 0 
7fd0b574d000-7fd0b5777000 rw-p 00000000 00:00 0 
7fd0b5777000-7fd0b59de000 rw-p 00000000 00:00 0 
7fd0b59de000-7fd0b59e9000 rw-p 00000000 00:00 0 
7fd0b59e9000-7fd0b5a31000 rw-p 00000000 00:00 0 
7fd0b5a31000-7fd0b5a5b000 rw-p 00000000 00:00 0 
7fd0b5a5b000-7fd0b5cc1000 rw-p 00000000 00:00 0 
7fd0b5cc1000-7fd0b5cd7000 rw-p 00000000 00:00 0 
7fd0b5cd7000-7fd0b5e0a000 rw-p 00000000 00:00 0 
7fd0b5e0a000-7fd0b5e0b000 rw-p 00000000 00:00 0 
7fd0b5e0b000-7fd0b5e12000 r-xp 00000000 07:00 2884105                    /usr/lib/jvm/java-6-openjdk-amd64/jre/lib/amd64/libzip.so
7fd0b5e12000-7fd0b6011000 ---p 00007000 07:00 2884105                    /usr/lib/jvm/java-6-openjdk-amd64/jre/lib/amd64/libzip.so
7fd0b6011000-7fd0b6012000 r--p 00006000 07:00 2884105                    /usr/lib/jvm/java-6-openjdk-amd64/jre/lib/amd64/libzip.so
7fd0b6012000-7fd0b6013000 rw-p 00007000 07:00 2884105                    /usr/lib/jvm/java-6-openjdk-amd64/jre/lib/amd64/libzip.so
7fd0b6013000-7fd0b601f000 r-xp 00000000 07:00 136638                     /lib/x86_64-linux-gnu/libnss_files-2.15.so
7fd0b601f000-7fd0b621e000 ---p 0000c000 07:00 136638                     /lib/x86_64-linux-gnu/libnss_files-2.15.so
7fd0b621e000-7fd0b621f000 r--p 0000b000 07:00 136638                     /lib/x86_64-linux-gnu/libnss_files-2.15.so
7fd0b621f000-7fd0b6220000 rw-p 0000c000 07:00 136638                     /lib/x86_64-linux-gnu/libnss_files-2.15.so
7fd0b6220000-7fd0b622a000 r-xp 00000000 07:00 136640                     /lib/x86_64-linux-gnu/libnss_nis-2.15.so
7fd0b622a000-7fd0b642a000 ---p 0000a000 07:00 136640                     /lib/x86_64-linux-gnu/libnss_nis-2.15.so
7fd0b642a000-7fd0b642b000 r--p 0000a000 07:00 136640                     /lib/x86_64-linux-gnu/libnss_nis-2.15.so
7fd0b642b000-7fd0b642c000 rw-p 0000b000 07:00 136640                     /lib/x86_64-linux-gnu/libnss_nis-2.15.so
7fd0b642c000-7fd0b6443000 r-xp 00000000 07:00 136635                     /lib/x86_64-linux-gnu/libnsl-2.15.so
7fd0b6443000-7fd0b6642000 ---p 00017000 07:00 136635                     /lib/x86_64-linux-gnu/libnsl-2.15.so
7fd0b6642000-7fd0b6643000 r--p 00016000 07:00 136635                     /lib/x86_64-linux-gnu/libnsl-2.15.so
7fd0b6643000-7fd0b6644000 rw-p 00017000 07:00 136635                     /lib/x86_64-linux-gnu/libnsl-2.15.so
7fd0b6644000-7fd0b6646000 rw-p 00000000 00:00 0 
7fd0b6646000-7fd0b664e000 r-xp 00000000 07:00 136636                     /lib/x86_64-linux-gnu/libnss_compat-2.15.so
7fd0b664e000-7fd0b684d000 ---p 00008000 07:00 136636                     /lib/x86_64-linux-gnu/libnss_compat-2.15.so
7fd0b684d000-7fd0b684e000 r--p 00007000 07:00 136636                     /lib/x86_64-linux-gnu/libnss_compat-2.15.so
7fd0b684e000-7fd0b684f000 rw-p 00008000 07:00 136636                     /lib/x86_64-linux-gnu/libnss_compat-2.15.so
7fd0b684f000-7fd0b687b000 r-xp 00000000 07:00 2884085                    /usr/lib/jvm/java-6-openjdk-amd64/jre/lib/amd64/libjava.so
7fd0b687b000-7fd0b6a7a000 ---p 0002c000 07:00 2884085                    /usr/lib/jvm/java-6-openjdk-amd64/jre/lib/amd64/libjava.so
7fd0b6a7a000-7fd0b6a7b000 r--p 0002b000 07:00 2884085                    /usr/lib/jvm/java-6-openjdk-amd64/jre/lib/amd64/libjava.so
7fd0b6a7b000-7fd0b6a7e000 rw-p 0002c000 07:00 2884085                    /usr/lib/jvm/java-6-openjdk-amd64/jre/lib/amd64/libjava.so
7fd0b6a7e000-7fd0b6a8c000 r-xp 00000000 07:00 2884104                    /usr/lib/jvm/java-6-openjdk-amd64/jre/lib/amd64/libverify.so
7fd0b6a8c000-7fd0b6c8b000 ---p 0000e000 07:00 2884104                    /usr/lib/jvm/java-6-openjdk-amd64/jre/lib/amd64/libverify.so
7fd0b6c8b000-7fd0b6c8d000 r--p 0000d000 07:00 2884104                    /usr/lib/jvm/java-6-openjdk-amd64/jre/lib/amd64/libverify.so
7fd0b6c8d000-7fd0b6c8e000 rw-p 0000f000 07:00 2884104                    /usr/lib/jvm/java-6-openjdk-amd64/jre/lib/amd64/libverify.so
7fd0b6c8e000-7fd0b6c95000 r-xp 00000000 07:00 136656                     /lib/x86_64-linux-gnu/librt-2.15.so
7fd0b6c95000-7fd0b6e94000 ---p 00007000 07:00 136656                     /lib/x86_64-linux-gnu/librt-2.15.so
7fd0b6e94000-7fd0b6e95000 r--p 00006000 07:00 136656                     /lib/x86_64-linux-gnu/librt-2.15.so
7fd0b6e95000-7fd0b6e96000 rw-p 00007000 07:00 136656                     /lib/x86_64-linux-gnu/librt-2.15.so
7fd0b6e96000-7fd0b6eab000 r-xp 00000000 07:00 136622                     /lib/x86_64-linux-gnu/libgcc_s.so.1
7fd0b6eab000-7fd0b70aa000 ---p 00015000 07:00 136622                     /lib/x86_64-linux-gnu/libgcc_s.so.1
7fd0b70aa000-7fd0b70ab000 r--p 00014000 07:00 136622                     /lib/x86_64-linux-gnu/libgcc_s.so.1
7fd0b70ab000-7fd0b70ac000 rw-p 00015000 07:00 136622                     /lib/x86_64-linux-gnu/libgcc_s.so.1
7fd0b70ac000-7fd0b71a7000 r-xp 00000000 07:00 136628                     /lib/x86_64-linux-gnu/libm-2.15.so
7fd0b71a7000-7fd0b73a6000 ---p 000fb000 07:00 136628                     /lib/x86_64-linux-gnu/libm-2.15.so
7fd0b73a6000-7fd0b73a7000 r--p 000fa000 07:00 136628                     /lib/x86_64-linux-gnu/libm-2.15.so
7fd0b73a7000-7fd0b73a8000 rw-p 000fb000 07:00 136628                     /lib/x86_64-linux-gnu/libm-2.15.so
7fd0b73a8000-7fd0b748a000 r-xp 00000000 07:00 2767523                    /usr/lib/x86_64-linux-gnu/libstdc++.so.6.0.16
7fd0b748a000-7fd0b7689000 ---p 000e2000 07:00 2767523                    /usr/lib/x86_64-linux-gnu/libstdc++.so.6.0.16
7fd0b7689000-7fd0b7691000 r--p 000e1000 07:00 2767523                    /usr/lib/x86_64-linux-gnu/libstdc++.so.6.0.16
7fd0b7691000-7fd0b7693000 rw-p 000e9000 07:00 2767523                    /usr/lib/x86_64-linux-gnu/libstdc++.so.6.0.16
7fd0b7693000-7fd0b76a8000 rw-p 00000000 00:00 0 
7fd0b76a8000-7fd0b7fad000 r-xp 00000000 07:00 2884114                    /usr/lib/jvm/java-6-openjdk-amd64/jre/lib/amd64/server/libjvm.so
7fd0b7fad000-7fd0b81ad000 ---p 00905000 07:00 2884114                    /usr/lib/jvm/java-6-openjdk-amd64/jre/lib/amd64/server/libjvm.so
7fd0b81ad000-7fd0b822d000 r--p 00905000 07:00 2884114                    /usr/lib/jvm/java-6-openjdk-amd64/jre/lib/amd64/server/libjvm.so
7fd0b822d000-7fd0b8248000 rw-p 00985000 07:00 2884114                    /usr/lib/jvm/java-6-openjdk-amd64/jre/lib/amd64/server/libjvm.so
7fd0b8248000-7fd0b8271000 rw-p 00000000 00:00 0 
7fd0b8271000-7fd0b8287000 r-xp 00000000 07:00 136669                     /lib/x86_64-linux-gnu/libz.so.1.2.3.4
7fd0b8287000-7fd0b8486000 ---p 00016000 07:00 136669                     /lib/x86_64-linux-gnu/libz.so.1.2.3.4
7fd0b8486000-7fd0b8487000 r--p 00015000 07:00 136669                     /lib/x86_64-linux-gnu/libz.so.1.2.3.4
7fd0b8487000-7fd0b8488000 rw-p 00016000 07:00 136669                     /lib/x86_64-linux-gnu/libz.so.1.2.3.4
7fd0b8488000-7fd0b863d000 r-xp 00000000 07:00 136611                     /lib/x86_64-linux-gnu/libc-2.15.so
7fd0b863d000-7fd0b883c000 ---p 001b5000 07:00 136611                     /lib/x86_64-linux-gnu/libc-2.15.so
7fd0b883c000-7fd0b8840000 r--p 001b4000 07:00 136611                     /lib/x86_64-linux-gnu/libc-2.15.so
7fd0b8840000-7fd0b8842000 rw-p 001b8000 07:00 136611                     /lib/x86_64-linux-gnu/libc-2.15.so
7fd0b8842000-7fd0b8847000 rw-p 00000000 00:00 0 
7fd0b8847000-7fd0b8849000 r-xp 00000000 07:00 136618                     /lib/x86_64-linux-gnu/libdl-2.15.so
7fd0b8849000-7fd0b8a49000 ---p 00002000 07:00 136618                     /lib/x86_64-linux-gnu/libdl-2.15.so
7fd0b8a49000-7fd0b8a4a000 r--p 00002000 07:00 136618                     /lib/x86_64-linux-gnu/libdl-2.15.so
7fd0b8a4a000-7fd0b8a4b000 rw-p 00003000 07:00 136618                     /lib/x86_64-linux-gnu/libdl-2.15.so
7fd0b8a4b000-7fd0b8a4f000 r-xp 00000000 07:00 2884111                    /usr/lib/jvm/java-6-openjdk-amd64/jre/lib/amd64/jli/libjli.so
7fd0b8a4f000-7fd0b8c4e000 ---p 00004000 07:00 2884111                    /usr/lib/jvm/java-6-openjdk-amd64/jre/lib/amd64/jli/libjli.so
7fd0b8c4e000-7fd0b8c4f000 r--p 00003000 07:00 2884111                    /usr/lib/jvm/java-6-openjdk-amd64/jre/lib/amd64/jli/libjli.so
7fd0b8c4f000-7fd0b8c50000 rw-p 00004000 07:00 2884111                    /usr/lib/jvm/java-6-openjdk-amd64/jre/lib/amd64/jli/libjli.so
7fd0b8c50000-7fd0b8c68000 r-xp 00000000 07:00 136653                     /lib/x86_64-linux-gnu/libpthread-2.15.so
7fd0b8c68000-7fd0b8e67000 ---p 00018000 07:00 136653                     /lib/x86_64-linux-gnu/libpthread-2.15.so
7fd0b8e67000-7fd0b8e68000 r--p 00017000 07:00 136653                     /lib/x86_64-linux-gnu/libpthread-2.15.so
7fd0b8e68000-7fd0b8e69000 rw-p 00018000 07:00 136653                     /lib/x86_64-linux-gnu/libpthread-2.15.so
7fd0b8e69000-7fd0b8e6d000 rw-p 00000000 00:00 0 
7fd0b8e6d000-7fd0b8e8f000 r-xp 00000000 07:00 136601                     /lib/x86_64-linux-gnu/ld-2.15.so
7fd0b8e8f000-7fd0b8ea2000 r--s 00000000 07:00 2229124                    /var/cache/fontconfig/e13b20fdb08344e0e664864cc2ede53d-le64.cache-3
7fd0b8ea2000-7fd0b8eac000 rw-p 00000000 00:00 0 
7fd0b8eac000-7fd0b8f62000 rw-p 00000000 00:00 0 
7fd0b8f62000-7fd0b8f65000 ---p 00000000 00:00 0 
7fd0b8f65000-7fd0b9063000 rwxp 00000000 00:00 0 
7fd0b9063000-7fd0b9068000 rw-p 00000000 00:00 0 
7fd0b9068000-7fd0b9069000 rw-s 00000000 00:12 1347094                    /run/shm/045e.02ae@1.52-SM
7fd0b9069000-7fd0b906a000 r--s 00000000 07:00 2229104                    /var/cache/fontconfig/56cf4f4769d0f4abc89a4895d7bd3ae1-le64.cache-3
7fd0b906a000-7fd0b906b000 r--s 00000000 07:00 2229117                    /var/cache/fontconfig/b9d506c9ac06c20b433354fa67a72993-le64.cache-3
7fd0b906b000-7fd0b9070000 r--s 00000000 07:00 2229116                    /var/cache/fontconfig/b47c4e1ecd0709278f4910c18777a504-le64.cache-3
7fd0b9070000-7fd0b9074000 r--s 00000000 07:00 2229109                    /var/cache/fontconfig/7ef2298fde41cc6eeb7af42e48b7d293-le64.cache-3
7fd0b9074000-7fd0b9075000 r--s 00007000 07:00 1188646                    /usr/share/java/java-atk-wrapper.jar
7fd0b9075000-7fd0b9077000 r--s 00001000 07:00 2884220                    /usr/lib/jvm/java-6-openjdk-common/jre/lib/ext/dnsns.jar
7fd0b9077000-7fd0b907a000 r--s 00031000 07:00 2884223                    /usr/lib/jvm/java-6-openjdk-common/jre/lib/ext/sunjce_provider.jar
7fd0b907a000-7fd0b907c000 r--s 0000f000 07:00 2884222                    /usr/lib/jvm/java-6-openjdk-common/jre/lib/ext/pulse-java.jar
7fd0b907c000-7fd0b9080000 r--s 00038000 07:00 2884224                    /usr/lib/jvm/java-6-openjdk-common/jre/lib/ext/sunpkcs11.jar
7fd0b9080000-7fd0b9083000 r--s 00077000 07:00 2884221                    /usr/lib/jvm/java-6-openjdk-common/jre/lib/ext/localedata.jar
7fd0b9083000-7fd0b908b000 rw-s 00000000 07:00 691                        /tmp/hsperfdata_qyr1987/26402
7fd0b908b000-7fd0b908c000 rw-p 00000000 00:00 0 
7fd0b908c000-7fd0b908d000 r--p 00000000 00:00 0 
7fd0b908d000-7fd0b908f000 rw-p 00000000 00:00 0 
7fd0b908f000-7fd0b9090000 r--p 00022000 07:00 136601                     /lib/x86_64-linux-gnu/ld-2.15.so
7fd0b9090000-7fd0b9092000 rw-p 00023000 07:00 136601                     /lib/x86_64-linux-gnu/ld-2.15.so
7fffe432f000-7fffe434f000 rwxp 00000000 00:00 0                          [stack]
7fffe434f000-7fffe4350000 rw-p 00000000 00:00 0 
7fffe43ff000-7fffe4400000 r-xp 00000000 00:00 0                          [vdso]
ffffffffff600000-ffffffffff601000 r-xp 00000000 00:00 0                  [vsyscall]

VM Arguments:
jvm_args: -Dfile.encoding=UTF-8 
java_command: edu.seas.upenn.ese519.MainFrame
Launcher Type: SUN_STANDARD

Environment Variables:
PATH=/home/qyr1987/bin:/usr/lib/lightdm/lightdm:/usr/local/sbin:/usr/local/bin:/usr/sbin:/usr/bin:/sbin:/bin:/usr/games
LD_LIBRARY_PATH=/usr/lib/jvm/java-6-openjdk-amd64/jre/lib/amd64/server:/usr/lib/jvm/java-6-openjdk-amd64/jre/lib/amd64:/usr/lib/jvm/java-6-openjdk-amd64/jre/../lib/amd64
SHELL=/bin/bash
DISPLAY=:0

Signal Handlers:
SIGSEGV: [libjvm.so+0x7852e0], sa_mask[0]=0x7ffbfeff, sa_flags=0x10000004
SIGBUS: [libjvm.so+0x7852e0], sa_mask[0]=0x7ffbfeff, sa_flags=0x10000004
SIGFPE: [libjvm.so+0x648d40], sa_mask[0]=0x7ffbfeff, sa_flags=0x10000004
SIGPIPE: [libjvm.so+0x648d40], sa_mask[0]=0x7ffbfeff, sa_flags=0x10000004
SIGXFSZ: [libjvm.so+0x648d40], sa_mask[0]=0x7ffbfeff, sa_flags=0x10000004
SIGILL: [libjvm.so+0x648d40], sa_mask[0]=0x7ffbfeff, sa_flags=0x10000004
SIGUSR1: SIG_DFL, sa_mask[0]=0x00000000, sa_flags=0x00000000
SIGUSR2: [libjvm.so+0x648ef0], sa_mask[0]=0x00000004, sa_flags=0x10000004
SIGHUP: [libjvm.so+0x64ba10], sa_mask[0]=0x7ffbfeff, sa_flags=0x10000004
SIGINT: [libjvm.so+0x64ba10], sa_mask[0]=0x7ffbfeff, sa_flags=0x10000004
SIGTERM: [libjvm.so+0x64ba10], sa_mask[0]=0x7ffbfeff, sa_flags=0x10000004
SIGQUIT: [libjvm.so+0x64ba10], sa_mask[0]=0x7ffbfeff, sa_flags=0x10000004


---------------  S Y S T E M  ---------------

OS:Ubuntu 12.04 (precise)
uname:Linux 3.2.0-33-generic #52-Ubuntu SMP Thu Oct 18 16:29:15 UTC 2012 x86_64
libc:glibc 2.15 NPTL 2.15 
rlimit: STACK 8192k, CORE 0k, NPROC 62854, NOFILE 4096, AS infinity
load average:0.76 0.54 0.42

/proc/meminfo:
MemTotal:        8062936 kB
MemFree:         1555276 kB
Buffers:         1496084 kB
Cached:          2005668 kB
SwapCached:          188 kB
Active:          3589800 kB
Inactive:        2432312 kB
Active(anon):    2162700 kB
Inactive(anon):   859664 kB
Active(file):    1427100 kB
Inactive(file):  1572648 kB
Unevictable:        2708 kB
Mlocked:              32 kB
SwapTotal:        262140 kB
SwapFree:         230184 kB
Dirty:               132 kB
Writeback:             0 kB
AnonPages:       2522920 kB
Mapped:           216532 kB
Shmem:            499328 kB
Slab:             309652 kB
SReclaimable:     233216 kB
SUnreclaim:        76436 kB
KernelStack:        4960 kB
PageTables:        48552 kB
NFS_Unstable:          0 kB
Bounce:                0 kB
WritebackTmp:          0 kB
CommitLimit:     4293608 kB
Committed_AS:    6535252 kB
VmallocTotal:   34359738367 kB
VmallocUsed:      414584 kB
VmallocChunk:   34359277060 kB
HardwareCorrupted:     0 kB
AnonHugePages:         0 kB
HugePages_Total:       0
HugePages_Free:        0
HugePages_Rsvd:        0
HugePages_Surp:        0
Hugepagesize:       2048 kB
DirectMap4k:      137216 kB
DirectMap2M:     8142848 kB


CPU:total 4 (2 cores per cpu, 2 threads per core) family 6 model 42 stepping 7, cmov, cx8, fxsr, mmx, sse, sse2, sse3, ssse3, sse4.1, sse4.2, popcnt, ht

Memory: 4k page, physical 8062936k(1555276k free), swap 262140k(230184k free)

vm_info: OpenJDK 64-Bit Server VM (20.0-b12) for linux-amd64 JRE (1.6.0_24-b24), built on Oct 24 2012 16:17:28 by "buildd" with gcc 4.6.3

time: Mon Nov 26 15:11:25 2012
elapsed time: 3 seconds

