#
# A fatal error has been detected by the Java Runtime Environment:
#
#  SIGSEGV (0xb) at pc=0x00007fae088c3615, pid=27647, tid=140384330020608
#
# JRE version: 6.0_24-b24
# Java VM: OpenJDK 64-Bit Server VM (20.0-b12 mixed mode linux-amd64 compressed oops)
# Derivative: IcedTea6 1.11.5
# Distribution: Ubuntu 12.04 LTS, package 6b24-1.11.5-0ubuntu1~12.04.1
# Problematic frame:
# C  [libXnVFeatures_1_5_2.so+0x8b615]  Segmentation::detectionByPoint(bool, std::vector<Vector2D<int>, std::allocator<Vector2D<int> > > const*)+0x105
#
# If you would like to submit a bug report, please include
# instructions how to reproduce the bug and visit:
#   https://bugs.launchpad.net/ubuntu/+source/openjdk-6/
# The crash happened outside the Java Virtual Machine in native code.
# See problematic frame for where to report the bug.
#

---------------  T H R E A D  ---------------

Current thread (0x00007fadbc00f800):  JavaThread "Thread-3" [_thread_in_native, id=27685, stack(0x00007fadc60f7000,0x00007fadc61f8000)]

siginfo:si_signo=SIGSEGV: si_errno=0, si_code=1 (SEGV_MAPERR), si_addr=0x00007fac1cc15350

Registers:
RAX=0x00007fae1cc15350, RBX=0x00007fada8000c90, RCX=0x000000000000000a, RDX=0xffffffff80000000
RSP=0x00007fadc61f6380, RBP=0x00007fadd36d9e60, RSI=0x00007fada8096cc0, RDI=0x0000000080000000
R8 =0x0000000000000000, R9 =0x0000000080000000, R10=0x00007fadd3798a21, R11=0x00007fae240b0c9c
R12=0x00007fae08e65d88, R13=0x00007fadc61f64e0, R14=0x00007fadd3735060, R15=0x0000000000000000
RIP=0x00007fae088c3615, EFLAGS=0x0000000000010a12, CSGSFS=0x0000000000000033, ERR=0x0000000000000004
  TRAPNO=0x000000000000000e

Top of Stack: (sp=0x00007fadc61f6380)
0x00007fadc61f6380:   00007fada80a02d0 7fffffff00000000
0x00007fadc61f6390:   00007fada80a02d0 00007fadd36d9fe0
0x00007fadc61f63a0:   00007fadd36db2e0 00007fadd36d9e60
0x00007fadc61f63b0:   00007fadd36d9fe0 00007fadd36d4d80
0x00007fadc61f63c0:   00007fadc61f64e0 00007fadd2749050
0x00007fadc61f63d0:   0000000000000000 00007fae088cabc0
0x00007fadc61f63e0:   000000000023224b 000000000023224b
0x00007fadc61f63f0:   0000000000000000 3ff0000000000000
0x00007fadc61f6400:   00007fae08e665a8 0000000000000001
0x00007fadc61f6410:   0000000000000040 00007fadd2749010
0x00007fadc61f6420:   00007fadd36d4d80 00007fadd36b3f88
0x00007fadc61f6430:   00007fadd2749050 00007fadd2749028
0x00007fadc61f6440:   00007fadc61f64e0 00007fae088b399b
0x00007fadc61f6450:   00007fadd37ca190 0000000000000008
0x00007fadc61f6460:   000000000022f768 000000000022f768
0x00007fadc61f6470:   0000000000000000 3ff0000000000000
0x00007fadc61f6480:   0000000000000000 00007fae0888d8bd
0x00007fadc61f6490:   00007fadc61f6500 00007fae2000101c
0x00007fadc61f64a0:   0000000000000001 00007fae20001000
0x00007fadc61f64b0:   00007fae1cb94f30 00007fae1c1f3990
0x00007fadc61f64c0:   00007fadbc00f800 00007fae0888903f
0x00007fadc61f64d0:   000000000000013c 00007fae0a3f3489
0x00007fadc61f64e0:   00007fada8000c90 00007fada8000c98
0x00007fadc61f64f0:   00007fada8000c98 00007fada8000b71
0x00007fadc61f6500:   0000009e00000102 00007fae1cb94f30
0x00007fadc61f6510:   00007fae1cb94f30 00007fae1cb94f30
0x00007fadc61f6520:   00007fae1d2076a0 0000000000000051
0x00007fadc61f6530:   00007fadc1d52d90 00007fae088895bf
0x00007fadc61f6540:   00007fae08e4daf0 00007fae22ffc4ec
0x00007fadc61f6550:   00007fae08e4fd10 0000000000000000
0x00007fadc61f6560:   000000000019756e 0009600000000001
0x00007fadc61f6570:   ffffffff00000001 00007fadc61f65b4 

Instructions: (pc=0x00007fae088c3615)
0x00007fae088c35f5:   e6 05 49 01 ee 41 8b 46 18 41 2b 46 0c 49 63 56
0x00007fae088c3605:   1c f3 0f 2a c0 48 8b 85 50 a3 0e 00 48 8b 40 60
0x00007fae088c3615:   f3 0f 59 04 90 f3 0f 2c c0 3d 1f 03 00 00 0f 8e
0x00007fae088c3625:   4f ff ff ff 44 89 fe 48 89 ef 89 44 24 08 4c 89 

Register to memory mapping:

RAX=0x00007fae1cc15350 is an unknown value
RBX=0x00007fada8000c90 is an unknown value
RCX=0x000000000000000a is an unknown value
RDX=0xffffffff80000000 is an unknown value
RSP=0x00007fadc61f6380 is pointing into the stack for thread: 0x00007fadbc00f800
RBP=0x00007fadd36d9e60 is an unknown value
RSI=0x00007fada8096cc0 is an unknown value
RDI=0x0000000080000000 is an unknown value
R8 =0x0000000000000000 is an unknown value
R9 =0x0000000080000000 is an unknown value
R10=0x00007fadd3798a21 is an unknown value
R11=0x00007fae240b0c9c: <offset 0x8bc9c> in /lib/x86_64-linux-gnu/libc.so.6 at 0x00007fae24025000
R12=0x00007fae08e65d88: <offset 0x62dd88> in /usr/lib/libXnVFeatures_1_5_2.so at 0x00007fae08838000
R13=0x00007fadc61f64e0 is pointing into the stack for thread: 0x00007fadbc00f800
R14=0x00007fadd3735060 is an unknown value
R15=0x0000000000000000 is an unknown value


Stack: [0x00007fadc60f7000,0x00007fadc61f8000],  sp=0x00007fadc61f6380,  free space=1020k
Native frames: (J=compiled Java code, j=interpreted, Vv=VM code, C=native code)
C  [libXnVFeatures_1_5_2.so+0x8b615]  Segmentation::detectionByPoint(bool, std::vector<Vector2D<int>, std::allocator<Vector2D<int> > > const*)+0x105

Java frames: (J=compiled Java code, j=interpreted, Vv=VM code)
j  org.OpenNI.NativeMethods.xnWaitAnyUpdateAll(J)I+0
j  org.OpenNI.Context.waitAnyUpdateAll()V+4
j  edu.seas.upenn.ese519.OverlayPanel.run()V+12
j  java.lang.Thread.run()V+11
v  ~StubRoutines::call_stub

---------------  P R O C E S S  ---------------

Java Threads: ( => current thread )
  0x00007fadbc011000 JavaThread "Thread-4" [_thread_blocked, id=27686, stack(0x00007fadc5ff6000,0x00007fadc60f7000)]
=>0x00007fadbc00f800 JavaThread "Thread-3" [_thread_in_native, id=27685, stack(0x00007fadc60f7000,0x00007fadc61f8000)]
  0x00007fadbc00e000 JavaThread "Thread-2" [_thread_blocked, id=27684, stack(0x00007fadc61f8000,0x00007fadc62f9000)]
  0x00007fadbc00d000 JavaThread "Thread-1" [_thread_blocked, id=27683, stack(0x00007fadc62f9000,0x00007fadc63fa000)]
  0x00007fae1c007800 JavaThread "DestroyJavaVM" [_thread_blocked, id=27652, stack(0x00007fae24aff000,0x00007fae24c00000)]
  0x00007fadc1d6a000 JavaThread "AWT-EventQueue-0" [_thread_blocked, id=27679, stack(0x00007fadd806a000,0x00007fadd816b000)]
  0x00007fadc1d66800 JavaThread "AWT-Shutdown" [_thread_blocked, id=27678, stack(0x00007fadd816b000,0x00007fadd826c000)]
  0x00007fae1c1cc000 JavaThread "AWT-XAWT" daemon [_thread_in_native, id=27667, stack(0x00007fae0a845000,0x00007fae0a946000)]
  0x00007fae1c134000 JavaThread "Java2D Disposer" daemon [_thread_blocked, id=27665, stack(0x00007fae0ade1000,0x00007fae0aee2000)]
  0x00007fae1c09e000 JavaThread "Low Memory Detector" daemon [_thread_blocked, id=27663, stack(0x00007fae18bfc000,0x00007fae18cfd000)]
  0x00007fae1c09b800 JavaThread "C2 CompilerThread1" daemon [_thread_blocked, id=27662, stack(0x00007fae18cfd000,0x00007fae18dfe000)]
  0x00007fae1c098800 JavaThread "C2 CompilerThread0" daemon [_thread_blocked, id=27661, stack(0x00007fae18dfe000,0x00007fae18eff000)]
  0x00007fae1c097800 JavaThread "Signal Dispatcher" daemon [_thread_blocked, id=27660, stack(0x00007fae18eff000,0x00007fae19000000)]
  0x00007fae1c078000 JavaThread "Finalizer" daemon [_thread_blocked, id=27659, stack(0x00007fae2049e000,0x00007fae2059f000)]
  0x00007fae1c076000 JavaThread "Reference Handler" daemon [_thread_blocked, id=27658, stack(0x00007fae2059f000,0x00007fae206a0000)]

Other Threads:
  0x00007fae1c06f000 VMThread [stack: 0x00007fae206a0000,0x00007fae207a1000] [id=27657]
  0x00007fae1c0a8800 WatcherThread [stack: 0x00007fae18afb000,0x00007fae18bfc000] [id=27664]

VM state:not at safepoint (normal execution)

VM Mutex/Monitor currently owned by a thread: None

Heap
 PSYoungGen      total 36736K, used 8709K [0x00000007d6f60000, 0x00000007d9860000, 0x0000000800000000)
  eden space 31488K, 27% used [0x00000007d6f60000,0x00000007d77e1490,0x00000007d8e20000)
  from space 5248K, 0% used [0x00000007d9340000,0x00000007d9340000,0x00000007d9860000)
  to   space 5248K, 0% used [0x00000007d8e20000,0x00000007d8e20000,0x00000007d9340000)
 PSOldGen        total 84032K, used 0K [0x0000000784e00000, 0x000000078a010000, 0x00000007d6f60000)
  object space 84032K, 0% used [0x0000000784e00000,0x0000000784e00000,0x000000078a010000)
 PSPermGen       total 21248K, used 12907K [0x000000077a800000, 0x000000077bcc0000, 0x0000000784e00000)
  object space 21248K, 60% used [0x000000077a800000,0x000000077b49aeb0,0x000000077bcc0000)

Code Cache  [0x00007fae19000000, 0x00007fae19270000, 0x00007fae1c000000)
 total_blobs=475 nmethods=26 adapters=404 free_code_cache=49738560 largest_free_block=6336

Dynamic libraries:
00400000-00409000 r-xp 00000000 07:00 2884059                            /usr/lib/jvm/java-6-openjdk-amd64/jre/bin/java
00608000-00609000 r--p 00008000 07:00 2884059                            /usr/lib/jvm/java-6-openjdk-amd64/jre/bin/java
00609000-0060a000 rw-p 00009000 07:00 2884059                            /usr/lib/jvm/java-6-openjdk-amd64/jre/bin/java
00d2c000-00d4d000 rw-p 00000000 00:00 0                                  [heap]
77a800000-77bcc0000 rw-p 00000000 00:00 0 
77bcc0000-784e00000 rw-p 00000000 00:00 0 
784e00000-78a010000 rw-p 00000000 00:00 0 
78a010000-7d6f60000 rw-p 00000000 00:00 0 
7d6f60000-7d9860000 rw-p 00000000 00:00 0 
7d9860000-800000000 rw-p 00000000 00:00 0 
7fada8000000-7fada818e000 rw-p 00000000 00:00 0 
7fada818e000-7fadac000000 ---p 00000000 00:00 0 
7fadac000000-7fadac021000 rw-p 00000000 00:00 0 
7fadac021000-7fadb0000000 ---p 00000000 00:00 0 
7fadb0000000-7fadb0021000 rw-p 00000000 00:00 0 
7fadb0021000-7fadb4000000 ---p 00000000 00:00 0 
7fadb4000000-7fadb4021000 rw-p 00000000 00:00 0 
7fadb4021000-7fadb8000000 ---p 00000000 00:00 0 
7fadb8000000-7fadb8021000 rw-p 00000000 00:00 0 
7fadb8021000-7fadbc000000 ---p 00000000 00:00 0 
7fadbc000000-7fadbc021000 rw-p 00000000 00:00 0 
7fadbc021000-7fadc0000000 ---p 00000000 00:00 0 
7fadc0000000-7fadc1de1000 rw-p 00000000 00:00 0 
7fadc1de1000-7fadc4000000 ---p 00000000 00:00 0 
7fadc5ff6000-7fadc5ff9000 ---p 00000000 00:00 0 
7fadc5ff9000-7fadc60f7000 rwxp 00000000 00:00 0 
7fadc60f7000-7fadc60fa000 ---p 00000000 00:00 0 
7fadc60fa000-7fadc61f8000 rwxp 00000000 00:00 0 
7fadc61f8000-7fadc61fb000 ---p 00000000 00:00 0 
7fadc61fb000-7fadc62f9000 rwxp 00000000 00:00 0 
7fadc62f9000-7fadc62fc000 ---p 00000000 00:00 0 
7fadc62fc000-7fadc63fa000 rwxp 00000000 00:00 0 
7fadc63fa000-7fadc6402000 r-xp 00000000 07:00 2884097                    /usr/lib/jvm/java-6-openjdk-amd64/jre/lib/amd64/libnio.so
7fadc6402000-7fadc6601000 ---p 00008000 07:00 2884097                    /usr/lib/jvm/java-6-openjdk-amd64/jre/lib/amd64/libnio.so
7fadc6601000-7fadc6602000 r--p 00007000 07:00 2884097                    /usr/lib/jvm/java-6-openjdk-amd64/jre/lib/amd64/libnio.so
7fadc6602000-7fadc6603000 rw-p 00008000 07:00 2884097                    /usr/lib/jvm/java-6-openjdk-amd64/jre/lib/amd64/libnio.so
7fadc6603000-7fadc7c83000 r--s 00000000 00:12 1375596                    /run/shm/27669_045e.02ae@1.52_Image
7fadc7c83000-7fadcc000000 rw-p 00000000 00:00 0 
7fadcc000000-7fadcc029000 rw-p 00000000 00:00 0 
7fadcc029000-7fadd0000000 ---p 00000000 00:00 0 
7fadd0061000-7fadd0076000 r-xp 00000000 07:00 2884096                    /usr/lib/jvm/java-6-openjdk-amd64/jre/lib/amd64/libnet.so
7fadd0076000-7fadd0275000 ---p 00015000 07:00 2884096                    /usr/lib/jvm/java-6-openjdk-amd64/jre/lib/amd64/libnet.so
7fadd0275000-7fadd0276000 r--p 00014000 07:00 2884096                    /usr/lib/jvm/java-6-openjdk-amd64/jre/lib/amd64/libnet.so
7fadd0276000-7fadd0277000 rw-p 00015000 07:00 2884096                    /usr/lib/jvm/java-6-openjdk-amd64/jre/lib/amd64/libnet.so
7fadd0277000-7fadd06d8000 rw-p 00000000 00:00 0 
7fadd06d9000-7fadd37cb000 rw-p 00000000 00:00 0 
7fadd37cb000-7fadd3ed3000 r--s 00000000 00:12 1375595                    /run/shm/27669_045e.02ae@1.52_Depth
7fadd3ed3000-7fadd4000000 rw-p 00000000 00:00 0 
7fadd4000000-7fadd4026000 rw-p 00000000 00:00 0 
7fadd4026000-7fadd8000000 ---p 00000000 00:00 0 
7fadd806a000-7fadd806d000 ---p 00000000 00:00 0 
7fadd806d000-7fadd816b000 rwxp 00000000 00:00 0 
7fadd816b000-7fadd816e000 ---p 00000000 00:00 0 
7fadd816e000-7fadd826c000 rwxp 00000000 00:00 0 
7fadd826c000-7fadd8d97000 rw-p 00000000 00:00 0 
7fadd8d97000-7fadd8d98000 ---p 00000000 00:00 0 
7fadd8d98000-7fadd9598000 rwxp 00000000 00:00 0 
7fadd9598000-7fadd9c8c000 rw-p 00000000 00:00 0 
7fadd9c8c000-7fadda394000 r--s 00000000 00:12 1375595                    /run/shm/27669_045e.02ae@1.52_Depth
7fadda394000-7fadda4c1000 rw-p 00000000 00:00 0 
7fadda4c1000-7fadda4c2000 ---p 00000000 00:00 0 
7fadda4c2000-7faddacc2000 rwxp 00000000 00:00 0 
7faddacc2000-7faddb0c3000 rw-p 00000000 00:00 0 
7faddb0c3000-7faddb0ea000 r-xp 00000000 07:00 2759918                    /usr/lib/libXnDeviceFile.so
7faddb0ea000-7faddb2ea000 ---p 00027000 07:00 2759918                    /usr/lib/libXnDeviceFile.so
7faddb2ea000-7faddb2ec000 r--p 00027000 07:00 2759918                    /usr/lib/libXnDeviceFile.so
7faddb2ec000-7faddb2ed000 rw-p 00029000 07:00 2759918                    /usr/lib/libXnDeviceFile.so
7faddb2ed000-7faddb335000 r-xp 00000000 07:00 2759917                    /usr/lib/libXnDDK.so
7faddb335000-7faddb535000 ---p 00048000 07:00 2759917                    /usr/lib/libXnDDK.so
7faddb535000-7faddb538000 r--p 00048000 07:00 2759917                    /usr/lib/libXnDDK.so
7faddb538000-7faddb53a000 rw-p 0004b000 07:00 2759917                    /usr/lib/libXnDDK.so
7faddb53a000-7faddb55e000 r-xp 00000000 07:00 2759920                    /usr/lib/libXnFormats.so
7faddb55e000-7faddb75e000 ---p 00024000 07:00 2759920                    /usr/lib/libXnFormats.so
7faddb75e000-7faddb75f000 r--p 00024000 07:00 2759920                    /usr/lib/libXnFormats.so
7faddb75f000-7faddb760000 rw-p 00025000 07:00 2759920                    /usr/lib/libXnFormats.so
7faddb760000-7faddb780000 rw-p 00000000 00:00 0 
7faddb780000-7faddb809000 r-xp 00000000 07:00 2759919                    /usr/lib/libXnDeviceSensorV2KM.so
7faddb809000-7faddba08000 ---p 00089000 07:00 2759919                    /usr/lib/libXnDeviceSensorV2KM.so
7faddba08000-7faddba18000 r--p 00088000 07:00 2759919                    /usr/lib/libXnDeviceSensorV2KM.so
7faddba18000-7faddba19000 rw-p 00098000 07:00 2759919                    /usr/lib/libXnDeviceSensorV2KM.so
7faddba19000-7faddbb0d000 r-xp 00000000 07:00 2759934                    /usr/lib/libXnVHandGenerator_1_5_2.so
7faddbb0d000-7faddbd0c000 ---p 000f4000 07:00 2759934                    /usr/lib/libXnVHandGenerator_1_5_2.so
7faddbd0c000-7faddbd11000 r--p 000f3000 07:00 2759934                    /usr/lib/libXnVHandGenerator_1_5_2.so
7faddbd11000-7faddbd12000 rw-p 000f8000 07:00 2759934                    /usr/lib/libXnVHandGenerator_1_5_2.so
7faddbd12000-7faddbd20000 rw-p 00000000 00:00 0 
7faddbd20000-7faddbdf8000 r-xp 00000000 07:00 2759933                    /usr/lib/libXnVHandGenerator_1_4_2.so
7faddbdf8000-7faddbff7000 ---p 000d8000 07:00 2759933                    /usr/lib/libXnVHandGenerator_1_4_2.so
7faddbff7000-7faddbffc000 r--p 000d7000 07:00 2759933                    /usr/lib/libXnVHandGenerator_1_4_2.so
7faddbffc000-7faddbffd000 rw-p 000dc000 07:00 2759933                    /usr/lib/libXnVHandGenerator_1_4_2.so
7faddbffd000-7faddc000000 rw-p 00000000 00:00 0 
7faddc000000-7faddc021000 rw-p 00000000 00:00 0 
7faddc021000-7fade0000000 ---p 00000000 00:00 0 
7fade0000000-7fade0021000 rw-p 00000000 00:00 0 
7fade0021000-7fade4000000 ---p 00000000 00:00 0 
7fade4000000-7fade4021000 rw-p 00000000 00:00 0 
7fade4021000-7fade8000000 ---p 00000000 00:00 0 
7fade8000000-7fade8021000 rw-p 00000000 00:00 0 
7fade8021000-7fadec000000 ---p 00000000 00:00 0 
7fadec000000-7fadec2c7000 rw-p 00000000 00:00 0 
7fadec2c7000-7fadf0000000 ---p 00000000 00:00 0 
7fadf0000000-7fadf02e7000 rw-p 00000000 00:00 0 
7fadf02e7000-7fadf4000000 ---p 00000000 00:00 0 
7fadf4000000-7fadf4021000 rw-p 00000000 00:00 0 
7fadf4021000-7fadf8000000 ---p 00000000 00:00 0 
7fadf8000000-7fadf8021000 rw-p 00000000 00:00 0 
7fadf8021000-7fadfc000000 ---p 00000000 00:00 0 
7fadfc000000-7fadfc021000 rw-p 00000000 00:00 0 
7fadfc021000-7fae00000000 ---p 00000000 00:00 0 
7fae00000000-7fae00021000 rw-p 00000000 00:00 0 
7fae00021000-7fae04000000 ---p 00000000 00:00 0 
7fae04000000-7fae04021000 rw-p 00000000 00:00 0 
7fae04021000-7fae08000000 ---p 00000000 00:00 0 
7fae08068000-7fae0806b000 r-xp 00000000 07:00 2759916                    /usr/lib/libXnCore.so
7fae0806b000-7fae0826a000 ---p 00003000 07:00 2759916                    /usr/lib/libXnCore.so
7fae0826a000-7fae0826b000 r--p 00002000 07:00 2759916                    /usr/lib/libXnCore.so
7fae0826b000-7fae0826c000 rw-p 00003000 07:00 2759916                    /usr/lib/libXnCore.so
7fae0826c000-7fae08344000 r-xp 00000000 07:00 2759932                    /usr/lib/libXnVHandGenerator_1_4_1.so
7fae08344000-7fae08543000 ---p 000d8000 07:00 2759932                    /usr/lib/libXnVHandGenerator_1_4_1.so
7fae08543000-7fae08548000 r--p 000d7000 07:00 2759932                    /usr/lib/libXnVHandGenerator_1_4_1.so
7fae08548000-7fae08549000 rw-p 000dc000 07:00 2759932                    /usr/lib/libXnVHandGenerator_1_4_1.so
7fae08549000-7fae0854c000 rw-p 00000000 00:00 0 
7fae0854c000-7fae0862f000 r-xp 00000000 07:00 2759931                    /usr/lib/libXnVHandGenerator_1_3_1.so
7fae0862f000-7fae0882f000 ---p 000e3000 07:00 2759931                    /usr/lib/libXnVHandGenerator_1_3_1.so
7fae0882f000-7fae08834000 r--p 000e3000 07:00 2759931                    /usr/lib/libXnVHandGenerator_1_3_1.so
7fae08834000-7fae08835000 rw-p 000e8000 07:00 2759931                    /usr/lib/libXnVHandGenerator_1_3_1.so
7fae08835000-7fae08838000 rw-p 00000000 00:00 0 
7fae08838000-7fae08c4d000 r-xp 00000000 07:00 2759929                    /usr/lib/libXnVFeatures_1_5_2.so
7fae08c4d000-7fae08e4d000 ---p 00415000 07:00 2759929                    /usr/lib/libXnVFeatures_1_5_2.so
7fae08e4d000-7fae08e5e000 r--p 00415000 07:00 2759929                    /usr/lib/libXnVFeatures_1_5_2.so
7fae08e5e000-7fae08e60000 rw-p 00426000 07:00 2759929                    /usr/lib/libXnVFeatures_1_5_2.so
7fae08e60000-7fae08e75000 rw-p 00000000 00:00 0 
7fae08e75000-7fae0906c000 r-xp 00000000 07:00 2759928                    /usr/lib/libXnVFeatures_1_4_2.so
7fae0906c000-7fae0926b000 ---p 001f7000 07:00 2759928                    /usr/lib/libXnVFeatures_1_4_2.so
7fae0926b000-7fae09271000 r--p 001f6000 07:00 2759928                    /usr/lib/libXnVFeatures_1_4_2.so
7fae09271000-7fae09272000 rw-p 001fc000 07:00 2759928                    /usr/lib/libXnVFeatures_1_4_2.so
7fae09272000-7fae09278000 rw-p 00000000 00:00 0 
7fae09278000-7fae0946f000 r-xp 00000000 07:00 2759927                    /usr/lib/libXnVFeatures_1_4_1.so
7fae0946f000-7fae0966e000 ---p 001f7000 07:00 2759927                    /usr/lib/libXnVFeatures_1_4_1.so
7fae0966e000-7fae09674000 r--p 001f6000 07:00 2759927                    /usr/lib/libXnVFeatures_1_4_1.so
7fae09674000-7fae09675000 rw-p 001fc000 07:00 2759927                    /usr/lib/libXnVFeatures_1_4_1.so
7fae09675000-7fae0967b000 rw-p 00000000 00:00 0 
7fae0967b000-7fae098c0000 r-xp 00000000 07:00 2759926                    /usr/lib/libXnVFeatures_1_3_1.so
7fae098c0000-7fae09ac0000 ---p 00245000 07:00 2759926                    /usr/lib/libXnVFeatures_1_3_1.so
7fae09ac0000-7fae09ac6000 r--p 00245000 07:00 2759926                    /usr/lib/libXnVFeatures_1_3_1.so
7fae09ac6000-7fae09ac7000 rw-p 0024b000 07:00 2759926                    /usr/lib/libXnVFeatures_1_3_1.so
7fae09ac7000-7fae09ace000 rw-p 00000000 00:00 0 
7fae09ace000-7fae09aec000 r-xp 00000000 07:00 2760368                    /usr/lib/libnimRecorder.so
7fae09aec000-7fae09ceb000 ---p 0001e000 07:00 2760368                    /usr/lib/libnimRecorder.so
7fae09ceb000-7fae09ced000 r--p 0001d000 07:00 2760368                    /usr/lib/libnimRecorder.so
7fae09ced000-7fae09cee000 rw-p 0001f000 07:00 2760368                    /usr/lib/libnimRecorder.so
7fae09cee000-7fae09d24000 r-xp 00000000 07:00 2760366                    /usr/lib/libnimCodecs.so
7fae09d24000-7fae09f24000 ---p 00036000 07:00 2760366                    /usr/lib/libnimCodecs.so
7fae09f24000-7fae09f27000 r--p 00036000 07:00 2760366                    /usr/lib/libnimCodecs.so
7fae09f27000-7fae09f28000 rw-p 00039000 07:00 2760366                    /usr/lib/libnimCodecs.so
7fae09f28000-7fae09f48000 rw-p 00000000 00:00 0 
7fae09f48000-7fae09f7f000 r-xp 00000000 07:00 2760367                    /usr/lib/libnimMockNodes.so
7fae09f7f000-7fae0a17e000 ---p 00037000 07:00 2760367                    /usr/lib/libnimMockNodes.so
7fae0a17e000-7fae0a18b000 r--p 00036000 07:00 2760367                    /usr/lib/libnimMockNodes.so
7fae0a18b000-7fae0a18c000 rw-p 00043000 07:00 2760367                    /usr/lib/libnimMockNodes.so
7fae0a18c000-7fae0a19a000 r-xp 00000000 07:00 136665                     /lib/x86_64-linux-gnu/libusb-1.0.so.0.1.0
7fae0a19a000-7fae0a399000 ---p 0000e000 07:00 136665                     /lib/x86_64-linux-gnu/libusb-1.0.so.0.1.0
7fae0a399000-7fae0a39a000 r--p 0000d000 07:00 136665                     /lib/x86_64-linux-gnu/libusb-1.0.so.0.1.0
7fae0a39a000-7fae0a39b000 rw-p 0000e000 07:00 136665                     /lib/x86_64-linux-gnu/libusb-1.0.so.0.1.0
7fae0a39b000-7fae0a418000 r-xp 00000000 07:00 2759909                    /usr/lib/libOpenNI.so
7fae0a418000-7fae0a617000 ---p 0007d000 07:00 2759909                    /usr/lib/libOpenNI.so
7fae0a617000-7fae0a61a000 r--p 0007c000 07:00 2759909                    /usr/lib/libOpenNI.so
7fae0a61a000-7fae0a61d000 rw-p 0007f000 07:00 2759909                    /usr/lib/libOpenNI.so
7fae0a61d000-7fae0a61e000 rw-p 00000000 00:00 0 
7fae0a61e000-7fae0a642000 r-xp 00000000 07:00 2759908                    /usr/lib/libOpenNI.jni.so
7fae0a642000-7fae0a841000 ---p 00024000 07:00 2759908                    /usr/lib/libOpenNI.jni.so
7fae0a841000-7fae0a842000 r--p 00023000 07:00 2759908                    /usr/lib/libOpenNI.jni.so
7fae0a842000-7fae0a845000 rw-p 00024000 07:00 2759908                    /usr/lib/libOpenNI.jni.so
7fae0a845000-7fae0a946000 rwxp 00000000 00:00 0 
7fae0a946000-7fae0a947000 r--s 00000000 07:00 2229118                    /var/cache/fontconfig/c05880de57d1f5e948fdfacc138775d9-le64.cache-3
7fae0a947000-7fae0a950000 r--s 00000000 07:00 2229112                    /var/cache/fontconfig/945677eb7aeaf62f1d50efc3fb3ec7d8-le64.cache-3
7fae0a950000-7fae0a954000 r--s 00000000 07:00 2229113                    /var/cache/fontconfig/99e8ed0e538f840c565b6ed5dad60d56-le64.cache-3
7fae0a954000-7fae0a95c000 r--s 00000000 07:00 2229114                    /var/cache/fontconfig/a6d8cf8e4ec09cdbc8633c31745a07dd-le64.cache-3
7fae0a95c000-7fae0a960000 r--s 00000000 07:00 2229098                    /var/cache/fontconfig/2cd17615ca594fa2959ae173292e504c-le64.cache-3
7fae0a960000-7fae0a961000 r--s 00000000 07:00 2229126                    /var/cache/fontconfig/e7071f4a29fa870f4323321c154eba04-le64.cache-3
7fae0a961000-7fae0a962000 r--s 00000000 07:00 2229096                    /var/cache/fontconfig/0d8c3b2ac0904cb8a57a757ad11a4a08-le64.cache-3
7fae0a962000-7fae0a968000 r--s 00000000 07:00 2229115                    /var/cache/fontconfig/a755afe4a08bf5b97852ceb7400b47bc-le64.cache-3
7fae0a968000-7fae0a971000 r--s 00000000 07:00 2229107                    /var/cache/fontconfig/6d41288fd70b0be22e8c3a91e032eec0-le64.cache-3
7fae0a971000-7fae0a981000 r--s 00000000 07:00 2229094                    /var/cache/fontconfig/04aabc0a78ac019cf9454389977116d2-le64.cache-3
7fae0a9a5000-7fae0a9aa000 r-xp 00000000 07:00 2766745                    /usr/lib/x86_64-linux-gnu/libXfixes.so.3.1.0
7fae0a9aa000-7fae0aba9000 ---p 00005000 07:00 2766745                    /usr/lib/x86_64-linux-gnu/libXfixes.so.3.1.0
7fae0aba9000-7fae0abaa000 r--p 00004000 07:00 2766745                    /usr/lib/x86_64-linux-gnu/libXfixes.so.3.1.0
7fae0abaa000-7fae0abab000 rw-p 00005000 07:00 2766745                    /usr/lib/x86_64-linux-gnu/libXfixes.so.3.1.0
7fae0abab000-7fae0abb4000 r-xp 00000000 07:00 2766737                    /usr/lib/x86_64-linux-gnu/libXcursor.so.1.0.2
7fae0abb4000-7fae0adb3000 ---p 00009000 07:00 2766737                    /usr/lib/x86_64-linux-gnu/libXcursor.so.1.0.2
7fae0adb3000-7fae0adb4000 r--p 00008000 07:00 2766737                    /usr/lib/x86_64-linux-gnu/libXcursor.so.1.0.2
7fae0adb4000-7fae0adb5000 rw-p 00009000 07:00 2766737                    /usr/lib/x86_64-linux-gnu/libXcursor.so.1.0.2
7fae0adda000-7fae0ade1000 r--s 000fb000 07:00 2884213                    /usr/lib/jvm/java-6-openjdk-common/jre/lib/resources.jar
7fae0ade1000-7fae0aee2000 rwxp 00000000 00:00 0 
7fae0aee2000-7fae0af78000 r-xp 00000000 07:00 2767280                    /usr/lib/x86_64-linux-gnu/libfreetype.so.6.8.0
7fae0af78000-7fae0b177000 ---p 00096000 07:00 2767280                    /usr/lib/x86_64-linux-gnu/libfreetype.so.6.8.0
7fae0b177000-7fae0b17d000 r--p 00095000 07:00 2767280                    /usr/lib/x86_64-linux-gnu/libfreetype.so.6.8.0
7fae0b17d000-7fae0b17e000 rw-p 0009b000 07:00 2767280                    /usr/lib/x86_64-linux-gnu/libfreetype.so.6.8.0
7fae0b17e000-7fae0b1b8000 r-xp 00000000 07:00 2884078                    /usr/lib/jvm/java-6-openjdk-amd64/jre/lib/amd64/libfontmanager.so
7fae0b1b8000-7fae0b3b7000 ---p 0003a000 07:00 2884078                    /usr/lib/jvm/java-6-openjdk-amd64/jre/lib/amd64/libfontmanager.so
7fae0b3b7000-7fae0b3b9000 r--p 00039000 07:00 2884078                    /usr/lib/jvm/java-6-openjdk-amd64/jre/lib/amd64/libfontmanager.so
7fae0b3b9000-7fae0b3ba000 rw-p 0003b000 07:00 2884078                    /usr/lib/jvm/java-6-openjdk-amd64/jre/lib/amd64/libfontmanager.so
7fae0b3ba000-7fae0b3bf000 r-xp 00000000 07:00 2766741                    /usr/lib/x86_64-linux-gnu/libXdmcp.so.6.0.0
7fae0b3bf000-7fae0b5be000 ---p 00005000 07:00 2766741                    /usr/lib/x86_64-linux-gnu/libXdmcp.so.6.0.0
7fae0b5be000-7fae0b5bf000 r--p 00004000 07:00 2766741                    /usr/lib/x86_64-linux-gnu/libXdmcp.so.6.0.0
7fae0b5bf000-7fae0b5c0000 rw-p 00005000 07:00 2766741                    /usr/lib/x86_64-linux-gnu/libXdmcp.so.6.0.0
7fae0b5c0000-7fae0b5c2000 r-xp 00000000 07:00 2766732                    /usr/lib/x86_64-linux-gnu/libXau.so.6.0.0
7fae0b5c2000-7fae0b7c1000 ---p 00002000 07:00 2766732                    /usr/lib/x86_64-linux-gnu/libXau.so.6.0.0
7fae0b7c1000-7fae0b7c2000 r--p 00001000 07:00 2766732                    /usr/lib/x86_64-linux-gnu/libXau.so.6.0.0
7fae0b7c2000-7fae0b7c3000 rw-p 00002000 07:00 2766732                    /usr/lib/x86_64-linux-gnu/libXau.so.6.0.0
7fae0b7c3000-7fae0b7e0000 r-xp 00000000 07:00 2767626                    /usr/lib/x86_64-linux-gnu/libxcb.so.1.1.0
7fae0b7e0000-7fae0b9df000 ---p 0001d000 07:00 2767626                    /usr/lib/x86_64-linux-gnu/libxcb.so.1.1.0
7fae0b9df000-7fae0b9e0000 r--p 0001c000 07:00 2767626                    /usr/lib/x86_64-linux-gnu/libxcb.so.1.1.0
7fae0b9e0000-7fae0b9e1000 rw-p 0001d000 07:00 2767626                    /usr/lib/x86_64-linux-gnu/libxcb.so.1.1.0
7fae0b9e1000-7fae0b9ef000 r-xp 00000000 07:00 2766749                    /usr/lib/x86_64-linux-gnu/libXi.so.6.1.0
7fae0b9ef000-7fae0bbee000 ---p 0000e000 07:00 2766749                    /usr/lib/x86_64-linux-gnu/libXi.so.6.1.0
7fae0bbee000-7fae0bbef000 r--p 0000d000 07:00 2766749                    /usr/lib/x86_64-linux-gnu/libXi.so.6.1.0
7fae0bbef000-7fae0bbf0000 rw-p 0000e000 07:00 2766749                    /usr/lib/x86_64-linux-gnu/libXi.so.6.1.0
7fae0bbf0000-7fae0bbf5000 r-xp 00000000 07:00 2766764                    /usr/lib/x86_64-linux-gnu/libXtst.so.6.1.0
7fae0bbf5000-7fae0bdf4000 ---p 00005000 07:00 2766764                    /usr/lib/x86_64-linux-gnu/libXtst.so.6.1.0
7fae0bdf4000-7fae0bdf5000 r--p 00004000 07:00 2766764                    /usr/lib/x86_64-linux-gnu/libXtst.so.6.1.0
7fae0bdf5000-7fae0bdf6000 rw-p 00005000 07:00 2766764                    /usr/lib/x86_64-linux-gnu/libXtst.so.6.1.0
7fae0bdf6000-7fae0bdff000 r-xp 00000000 07:00 2766760                    /usr/lib/x86_64-linux-gnu/libXrender.so.1.3.0
7fae0bdff000-7fae0bffe000 ---p 00009000 07:00 2766760                    /usr/lib/x86_64-linux-gnu/libXrender.so.1.3.0
7fae0bffe000-7fae0bfff000 r--p 00008000 07:00 2766760                    /usr/lib/x86_64-linux-gnu/libXrender.so.1.3.0
7fae0bfff000-7fae0c000000 rw-p 00009000 07:00 2766760                    /usr/lib/x86_64-linux-gnu/libXrender.so.1.3.0
7fae0c000000-7fae0c021000 rw-p 00000000 00:00 0 
7fae0c021000-7fae10000000 ---p 00000000 00:00 0 
7fae10000000-7fae10021000 rw-p 00000000 00:00 0 
7fae10021000-7fae14000000 ---p 00000000 00:00 0 
7fae14000000-7fae14021000 rw-p 00000000 00:00 0 
7fae14021000-7fae18000000 ---p 00000000 00:00 0 
7fae1800a000-7fae1800d000 r--s 00000000 07:00 2229101                    /var/cache/fontconfig/385c0604a188198f04d133e54aba7fe7-le64.cache-3
7fae1800d000-7fae1800e000 r--s 00000000 07:00 2229102                    /var/cache/fontconfig/4794a0821666d79190d59a36cb4f44b5-le64.cache-3
7fae1800e000-7fae18011000 r--s 00000000 07:00 2229111                    /var/cache/fontconfig/8801497958630a81b71ace7c5f9b32a8-le64.cache-3
7fae18011000-7fae18016000 r--s 00000000 07:00 2229099                    /var/cache/fontconfig/3047814df9a2f067bd2d96a2b9c36e5a-le64.cache-3
7fae18016000-7fae1801b000 r--s 00000000 07:00 2229116                    /var/cache/fontconfig/b47c4e1ecd0709278f4910c18777a504-le64.cache-3
7fae1801b000-7fae1802b000 r--s 00000000 07:00 2229122                    /var/cache/fontconfig/d52a8644073d54c13679302ca1180695-le64.cache-3
7fae1802b000-7fae18037000 r--s 00000000 07:00 2229095                    /var/cache/fontconfig/089dead882dea3570ffc31a9898cfb69-le64.cache-3
7fae18037000-7fae1804a000 r--s 00000000 07:00 2229124                    /var/cache/fontconfig/e13b20fdb08344e0e664864cc2ede53d-le64.cache-3
7fae1804a000-7fae1804e000 r--s 00000000 07:00 2229109                    /var/cache/fontconfig/7ef2298fde41cc6eeb7af42e48b7d293-le64.cache-3
7fae1804e000-7fae1804f000 r--s 00000000 07:00 2229118                    /var/cache/fontconfig/c05880de57d1f5e948fdfacc138775d9-le64.cache-3
7fae1804f000-7fae18058000 r--s 00000000 07:00 2229112                    /var/cache/fontconfig/945677eb7aeaf62f1d50efc3fb3ec7d8-le64.cache-3
7fae18058000-7fae1805c000 r--s 00000000 07:00 2229113                    /var/cache/fontconfig/99e8ed0e538f840c565b6ed5dad60d56-le64.cache-3
7fae1805c000-7fae18062000 r--s 00000000 07:00 2229115                    /var/cache/fontconfig/a755afe4a08bf5b97852ceb7400b47bc-le64.cache-3
7fae18062000-7fae1806b000 r--s 00000000 07:00 2229107                    /var/cache/fontconfig/6d41288fd70b0be22e8c3a91e032eec0-le64.cache-3
7fae1806b000-7fae1807b000 r--s 00000000 07:00 2229094                    /var/cache/fontconfig/04aabc0a78ac019cf9454389977116d2-le64.cache-3
7fae1807b000-7fae181aa000 r-xp 00000000 07:00 2766730                    /usr/lib/x86_64-linux-gnu/libX11.so.6.3.0
7fae181aa000-7fae183aa000 ---p 0012f000 07:00 2766730                    /usr/lib/x86_64-linux-gnu/libX11.so.6.3.0
7fae183aa000-7fae183ab000 r--p 0012f000 07:00 2766730                    /usr/lib/x86_64-linux-gnu/libX11.so.6.3.0
7fae183ab000-7fae183af000 rw-p 00130000 07:00 2766730                    /usr/lib/x86_64-linux-gnu/libX11.so.6.3.0
7fae183af000-7fae183bf000 r-xp 00000000 07:00 2766743                    /usr/lib/x86_64-linux-gnu/libXext.so.6.4.0
7fae183bf000-7fae185be000 ---p 00010000 07:00 2766743                    /usr/lib/x86_64-linux-gnu/libXext.so.6.4.0
7fae185be000-7fae185bf000 r--p 0000f000 07:00 2766743                    /usr/lib/x86_64-linux-gnu/libXext.so.6.4.0
7fae185bf000-7fae185c0000 rw-p 00010000 07:00 2766743                    /usr/lib/x86_64-linux-gnu/libXext.so.6.4.0
7fae185c0000-7fae1860b000 r-xp 00000000 07:00 2884115                    /usr/lib/jvm/java-6-openjdk-amd64/jre/lib/amd64/xawt/libmawt.so
7fae1860b000-7fae1880b000 ---p 0004b000 07:00 2884115                    /usr/lib/jvm/java-6-openjdk-amd64/jre/lib/amd64/xawt/libmawt.so
7fae1880b000-7fae1880c000 r--p 0004b000 07:00 2884115                    /usr/lib/jvm/java-6-openjdk-amd64/jre/lib/amd64/xawt/libmawt.so
7fae1880c000-7fae1880f000 rw-p 0004c000 07:00 2884115                    /usr/lib/jvm/java-6-openjdk-amd64/jre/lib/amd64/xawt/libmawt.so
7fae1880f000-7fae18810000 rw-p 00000000 00:00 0 
7fae18810000-7fae188bc000 r-xp 00000000 07:00 2884076                    /usr/lib/jvm/java-6-openjdk-amd64/jre/lib/amd64/libawt.so
7fae188bc000-7fae18abb000 ---p 000ac000 07:00 2884076                    /usr/lib/jvm/java-6-openjdk-amd64/jre/lib/amd64/libawt.so
7fae18abb000-7fae18abc000 r--p 000ab000 07:00 2884076                    /usr/lib/jvm/java-6-openjdk-amd64/jre/lib/amd64/libawt.so
7fae18abc000-7fae18ac7000 rw-p 000ac000 07:00 2884076                    /usr/lib/jvm/java-6-openjdk-amd64/jre/lib/amd64/libawt.so
7fae18ac7000-7fae18aec000 rw-p 00000000 00:00 0 
7fae18aec000-7fae18aed000 r--s 00007000 07:00 1188646                    /usr/share/java/java-atk-wrapper.jar
7fae18aed000-7fae18aef000 r--s 00001000 07:00 2884220                    /usr/lib/jvm/java-6-openjdk-common/jre/lib/ext/dnsns.jar
7fae18aef000-7fae18af2000 r--s 00031000 07:00 2884223                    /usr/lib/jvm/java-6-openjdk-common/jre/lib/ext/sunjce_provider.jar
7fae18af2000-7fae18af4000 r--s 0000f000 07:00 2884222                    /usr/lib/jvm/java-6-openjdk-common/jre/lib/ext/pulse-java.jar
7fae18af4000-7fae18af8000 r--s 00038000 07:00 2884224                    /usr/lib/jvm/java-6-openjdk-common/jre/lib/ext/sunpkcs11.jar
7fae18af8000-7fae18afb000 r--s 00077000 07:00 2884221                    /usr/lib/jvm/java-6-openjdk-common/jre/lib/ext/localedata.jar
7fae18afb000-7fae18afc000 ---p 00000000 00:00 0 
7fae18afc000-7fae18cfd000 rwxp 00000000 00:00 0 
7fae18cfd000-7fae18cfe000 ---p 00000000 00:00 0 
7fae18cfe000-7fae18dfe000 rwxp 00000000 00:00 0 
7fae18dfe000-7fae18dff000 ---p 00000000 00:00 0 
7fae18dff000-7fae19270000 rwxp 00000000 00:00 0 
7fae19270000-7fae20000000 rw-p 00000000 00:00 0 
7fae20001000-7fae20002000 rw-s 00000000 00:12 1347094                    /run/shm/045e.02ae@1.52-SM
7fae20002000-7fae20003000 r--s 00000000 07:00 2229104                    /var/cache/fontconfig/56cf4f4769d0f4abc89a4895d7bd3ae1-le64.cache-3
7fae20003000-7fae2000b000 r--s 00000000 07:00 2229114                    /var/cache/fontconfig/a6d8cf8e4ec09cdbc8633c31745a07dd-le64.cache-3
7fae2000b000-7fae2000f000 r--s 00000000 07:00 2229098                    /var/cache/fontconfig/2cd17615ca594fa2959ae173292e504c-le64.cache-3
7fae2000f000-7fae20012000 r--s 00000000 07:00 2229101                    /var/cache/fontconfig/385c0604a188198f04d133e54aba7fe7-le64.cache-3
7fae20012000-7fae20015000 r--s 00000000 07:00 2229111                    /var/cache/fontconfig/8801497958630a81b71ace7c5f9b32a8-le64.cache-3
7fae20015000-7fae2001a000 r--s 00000000 07:00 2229116                    /var/cache/fontconfig/b47c4e1ecd0709278f4910c18777a504-le64.cache-3
7fae2001a000-7fae2002a000 r--s 00000000 07:00 2229122                    /var/cache/fontconfig/d52a8644073d54c13679302ca1180695-le64.cache-3
7fae2002a000-7fae2049e000 r--p 00000000 07:00 2765053                    /usr/lib/locale/locale-archive
7fae2049e000-7fae206a0000 rwxp 00000000 00:00 0 
7fae206a0000-7fae206a1000 ---p 00000000 00:00 0 
7fae206a1000-7fae207a1000 rwxp 00000000 00:00 0 
7fae207a1000-7fae20cd9000 rw-p 00000000 00:00 0 
7fae20cd9000-7fae20e6b000 r--s 037c2000 07:00 2884073                    /usr/lib/jvm/java-6-openjdk-amd64/jre/lib/rt.jar
7fae20e6b000-7fae20e93000 rw-p 00000000 00:00 0 
7fae20e93000-7fae20e94000 ---p 00000000 00:00 0 
7fae20e94000-7fae20f94000 rwxp 00000000 00:00 0 
7fae20f94000-7fae20f95000 ---p 00000000 00:00 0 
7fae20f95000-7fae21095000 rwxp 00000000 00:00 0 
7fae21095000-7fae21096000 ---p 00000000 00:00 0 
7fae21096000-7fae21196000 rwxp 00000000 00:00 0 
7fae21196000-7fae21197000 ---p 00000000 00:00 0 
7fae21197000-7fae21297000 rwxp 00000000 00:00 0 
7fae21297000-7fae212a2000 rw-p 00000000 00:00 0 
7fae212a2000-7fae212ea000 rw-p 00000000 00:00 0 
7fae212ea000-7fae21314000 rw-p 00000000 00:00 0 
7fae21314000-7fae2157b000 rw-p 00000000 00:00 0 
7fae2157b000-7fae21586000 rw-p 00000000 00:00 0 
7fae21586000-7fae215ce000 rw-p 00000000 00:00 0 
7fae215ce000-7fae215f8000 rw-p 00000000 00:00 0 
7fae215f8000-7fae2185e000 rw-p 00000000 00:00 0 
7fae2185e000-7fae21874000 rw-p 00000000 00:00 0 
7fae21874000-7fae219a7000 rw-p 00000000 00:00 0 
7fae219a7000-7fae219a8000 rw-p 00000000 00:00 0 
7fae219a8000-7fae219af000 r-xp 00000000 07:00 2884105                    /usr/lib/jvm/java-6-openjdk-amd64/jre/lib/amd64/libzip.so
7fae219af000-7fae21bae000 ---p 00007000 07:00 2884105                    /usr/lib/jvm/java-6-openjdk-amd64/jre/lib/amd64/libzip.so
7fae21bae000-7fae21baf000 r--p 00006000 07:00 2884105                    /usr/lib/jvm/java-6-openjdk-amd64/jre/lib/amd64/libzip.so
7fae21baf000-7fae21bb0000 rw-p 00007000 07:00 2884105                    /usr/lib/jvm/java-6-openjdk-amd64/jre/lib/amd64/libzip.so
7fae21bb0000-7fae21bbc000 r-xp 00000000 07:00 136638                     /lib/x86_64-linux-gnu/libnss_files-2.15.so
7fae21bbc000-7fae21dbb000 ---p 0000c000 07:00 136638                     /lib/x86_64-linux-gnu/libnss_files-2.15.so
7fae21dbb000-7fae21dbc000 r--p 0000b000 07:00 136638                     /lib/x86_64-linux-gnu/libnss_files-2.15.so
7fae21dbc000-7fae21dbd000 rw-p 0000c000 07:00 136638                     /lib/x86_64-linux-gnu/libnss_files-2.15.so
7fae21dbd000-7fae21dc7000 r-xp 00000000 07:00 136640                     /lib/x86_64-linux-gnu/libnss_nis-2.15.so
7fae21dc7000-7fae21fc7000 ---p 0000a000 07:00 136640                     /lib/x86_64-linux-gnu/libnss_nis-2.15.so
7fae21fc7000-7fae21fc8000 r--p 0000a000 07:00 136640                     /lib/x86_64-linux-gnu/libnss_nis-2.15.so
7fae21fc8000-7fae21fc9000 rw-p 0000b000 07:00 136640                     /lib/x86_64-linux-gnu/libnss_nis-2.15.so
7fae21fc9000-7fae21fe0000 r-xp 00000000 07:00 136635                     /lib/x86_64-linux-gnu/libnsl-2.15.so
7fae21fe0000-7fae221df000 ---p 00017000 07:00 136635                     /lib/x86_64-linux-gnu/libnsl-2.15.so
7fae221df000-7fae221e0000 r--p 00016000 07:00 136635                     /lib/x86_64-linux-gnu/libnsl-2.15.so
7fae221e0000-7fae221e1000 rw-p 00017000 07:00 136635                     /lib/x86_64-linux-gnu/libnsl-2.15.so
7fae221e1000-7fae221e3000 rw-p 00000000 00:00 0 
7fae221e3000-7fae221eb000 r-xp 00000000 07:00 136636                     /lib/x86_64-linux-gnu/libnss_compat-2.15.so
7fae221eb000-7fae223ea000 ---p 00008000 07:00 136636                     /lib/x86_64-linux-gnu/libnss_compat-2.15.so
7fae223ea000-7fae223eb000 r--p 00007000 07:00 136636                     /lib/x86_64-linux-gnu/libnss_compat-2.15.so
7fae223eb000-7fae223ec000 rw-p 00008000 07:00 136636                     /lib/x86_64-linux-gnu/libnss_compat-2.15.so
7fae223ec000-7fae22418000 r-xp 00000000 07:00 2884085                    /usr/lib/jvm/java-6-openjdk-amd64/jre/lib/amd64/libjava.so
7fae22418000-7fae22617000 ---p 0002c000 07:00 2884085                    /usr/lib/jvm/java-6-openjdk-amd64/jre/lib/amd64/libjava.so
7fae22617000-7fae22618000 r--p 0002b000 07:00 2884085                    /usr/lib/jvm/java-6-openjdk-amd64/jre/lib/amd64/libjava.so
7fae22618000-7fae2261b000 rw-p 0002c000 07:00 2884085                    /usr/lib/jvm/java-6-openjdk-amd64/jre/lib/amd64/libjava.so
7fae2261b000-7fae22629000 r-xp 00000000 07:00 2884104                    /usr/lib/jvm/java-6-openjdk-amd64/jre/lib/amd64/libverify.so
7fae22629000-7fae22828000 ---p 0000e000 07:00 2884104                    /usr/lib/jvm/java-6-openjdk-amd64/jre/lib/amd64/libverify.so
7fae22828000-7fae2282a000 r--p 0000d000 07:00 2884104                    /usr/lib/jvm/java-6-openjdk-amd64/jre/lib/amd64/libverify.so
7fae2282a000-7fae2282b000 rw-p 0000f000 07:00 2884104                    /usr/lib/jvm/java-6-openjdk-amd64/jre/lib/amd64/libverify.so
7fae2282b000-7fae22832000 r-xp 00000000 07:00 136656                     /lib/x86_64-linux-gnu/librt-2.15.so
7fae22832000-7fae22a31000 ---p 00007000 07:00 136656                     /lib/x86_64-linux-gnu/librt-2.15.so
7fae22a31000-7fae22a32000 r--p 00006000 07:00 136656                     /lib/x86_64-linux-gnu/librt-2.15.so
7fae22a32000-7fae22a33000 rw-p 00007000 07:00 136656                     /lib/x86_64-linux-gnu/librt-2.15.so
7fae22a33000-7fae22a48000 r-xp 00000000 07:00 136622                     /lib/x86_64-linux-gnu/libgcc_s.so.1
7fae22a48000-7fae22c47000 ---p 00015000 07:00 136622                     /lib/x86_64-linux-gnu/libgcc_s.so.1
7fae22c47000-7fae22c48000 r--p 00014000 07:00 136622                     /lib/x86_64-linux-gnu/libgcc_s.so.1
7fae22c48000-7fae22c49000 rw-p 00015000 07:00 136622                     /lib/x86_64-linux-gnu/libgcc_s.so.1
7fae22c49000-7fae22d44000 r-xp 00000000 07:00 136628                     /lib/x86_64-linux-gnu/libm-2.15.so
7fae22d44000-7fae22f43000 ---p 000fb000 07:00 136628                     /lib/x86_64-linux-gnu/libm-2.15.so
7fae22f43000-7fae22f44000 r--p 000fa000 07:00 136628                     /lib/x86_64-linux-gnu/libm-2.15.so
7fae22f44000-7fae22f45000 rw-p 000fb000 07:00 136628                     /lib/x86_64-linux-gnu/libm-2.15.so
7fae22f45000-7fae23027000 r-xp 00000000 07:00 2767523                    /usr/lib/x86_64-linux-gnu/libstdc++.so.6.0.16
7fae23027000-7fae23226000 ---p 000e2000 07:00 2767523                    /usr/lib/x86_64-linux-gnu/libstdc++.so.6.0.16
7fae23226000-7fae2322e000 r--p 000e1000 07:00 2767523                    /usr/lib/x86_64-linux-gnu/libstdc++.so.6.0.16
7fae2322e000-7fae23230000 rw-p 000e9000 07:00 2767523                    /usr/lib/x86_64-linux-gnu/libstdc++.so.6.0.16
7fae23230000-7fae23245000 rw-p 00000000 00:00 0 
7fae23245000-7fae23b4a000 r-xp 00000000 07:00 2884114                    /usr/lib/jvm/java-6-openjdk-amd64/jre/lib/amd64/server/libjvm.so
7fae23b4a000-7fae23d4a000 ---p 00905000 07:00 2884114                    /usr/lib/jvm/java-6-openjdk-amd64/jre/lib/amd64/server/libjvm.so
7fae23d4a000-7fae23dca000 r--p 00905000 07:00 2884114                    /usr/lib/jvm/java-6-openjdk-amd64/jre/lib/amd64/server/libjvm.so
7fae23dca000-7fae23de5000 rw-p 00985000 07:00 2884114                    /usr/lib/jvm/java-6-openjdk-amd64/jre/lib/amd64/server/libjvm.so
7fae23de5000-7fae23e0e000 rw-p 00000000 00:00 0 
7fae23e0e000-7fae23e24000 r-xp 00000000 07:00 136669                     /lib/x86_64-linux-gnu/libz.so.1.2.3.4
7fae23e24000-7fae24023000 ---p 00016000 07:00 136669                     /lib/x86_64-linux-gnu/libz.so.1.2.3.4
7fae24023000-7fae24024000 r--p 00015000 07:00 136669                     /lib/x86_64-linux-gnu/libz.so.1.2.3.4
7fae24024000-7fae24025000 rw-p 00016000 07:00 136669                     /lib/x86_64-linux-gnu/libz.so.1.2.3.4
7fae24025000-7fae241da000 r-xp 00000000 07:00 136611                     /lib/x86_64-linux-gnu/libc-2.15.so
7fae241da000-7fae243d9000 ---p 001b5000 07:00 136611                     /lib/x86_64-linux-gnu/libc-2.15.so
7fae243d9000-7fae243dd000 r--p 001b4000 07:00 136611                     /lib/x86_64-linux-gnu/libc-2.15.so
7fae243dd000-7fae243df000 rw-p 001b8000 07:00 136611                     /lib/x86_64-linux-gnu/libc-2.15.so
7fae243df000-7fae243e4000 rw-p 00000000 00:00 0 
7fae243e4000-7fae243e6000 r-xp 00000000 07:00 136618                     /lib/x86_64-linux-gnu/libdl-2.15.so
7fae243e6000-7fae245e6000 ---p 00002000 07:00 136618                     /lib/x86_64-linux-gnu/libdl-2.15.so
7fae245e6000-7fae245e7000 r--p 00002000 07:00 136618                     /lib/x86_64-linux-gnu/libdl-2.15.so
7fae245e7000-7fae245e8000 rw-p 00003000 07:00 136618                     /lib/x86_64-linux-gnu/libdl-2.15.so
7fae245e8000-7fae245ec000 r-xp 00000000 07:00 2884111                    /usr/lib/jvm/java-6-openjdk-amd64/jre/lib/amd64/jli/libjli.so
7fae245ec000-7fae247eb000 ---p 00004000 07:00 2884111                    /usr/lib/jvm/java-6-openjdk-amd64/jre/lib/amd64/jli/libjli.so
7fae247eb000-7fae247ec000 r--p 00003000 07:00 2884111                    /usr/lib/jvm/java-6-openjdk-amd64/jre/lib/amd64/jli/libjli.so
7fae247ec000-7fae247ed000 rw-p 00004000 07:00 2884111                    /usr/lib/jvm/java-6-openjdk-amd64/jre/lib/amd64/jli/libjli.so
7fae247ed000-7fae24805000 r-xp 00000000 07:00 136653                     /lib/x86_64-linux-gnu/libpthread-2.15.so
7fae24805000-7fae24a04000 ---p 00018000 07:00 136653                     /lib/x86_64-linux-gnu/libpthread-2.15.so
7fae24a04000-7fae24a05000 r--p 00017000 07:00 136653                     /lib/x86_64-linux-gnu/libpthread-2.15.so
7fae24a05000-7fae24a06000 rw-p 00018000 07:00 136653                     /lib/x86_64-linux-gnu/libpthread-2.15.so
7fae24a06000-7fae24a0a000 rw-p 00000000 00:00 0 
7fae24a0a000-7fae24a2c000 r-xp 00000000 07:00 136601                     /lib/x86_64-linux-gnu/ld-2.15.so
7fae24a2c000-7fae24a2d000 r--s 00000000 07:00 2229117                    /var/cache/fontconfig/b9d506c9ac06c20b433354fa67a72993-le64.cache-3
7fae24a2d000-7fae24a2e000 r--s 00000000 07:00 2229126                    /var/cache/fontconfig/e7071f4a29fa870f4323321c154eba04-le64.cache-3
7fae24a2e000-7fae24a33000 r--s 00000000 07:00 2229099                    /var/cache/fontconfig/3047814df9a2f067bd2d96a2b9c36e5a-le64.cache-3
7fae24a33000-7fae24a3f000 r--s 00000000 07:00 2229095                    /var/cache/fontconfig/089dead882dea3570ffc31a9898cfb69-le64.cache-3
7fae24a3f000-7fae24a49000 rw-p 00000000 00:00 0 
7fae24a49000-7fae24aff000 rw-p 00000000 00:00 0 
7fae24aff000-7fae24b02000 ---p 00000000 00:00 0 
7fae24b02000-7fae24c00000 rwxp 00000000 00:00 0 
7fae24c00000-7fae24c05000 rw-p 00000000 00:00 0 
7fae24c05000-7fae24c06000 r--s 00000000 07:00 2229096                    /var/cache/fontconfig/0d8c3b2ac0904cb8a57a757ad11a4a08-le64.cache-3
7fae24c06000-7fae24c07000 r--s 00000000 07:00 2229102                    /var/cache/fontconfig/4794a0821666d79190d59a36cb4f44b5-le64.cache-3
7fae24c07000-7fae24c08000 r--s 00000000 07:00 2229104                    /var/cache/fontconfig/56cf4f4769d0f4abc89a4895d7bd3ae1-le64.cache-3
7fae24c08000-7fae24c09000 r--s 00000000 07:00 2229117                    /var/cache/fontconfig/b9d506c9ac06c20b433354fa67a72993-le64.cache-3
7fae24c09000-7fae24c1c000 r--s 00000000 07:00 2229124                    /var/cache/fontconfig/e13b20fdb08344e0e664864cc2ede53d-le64.cache-3
7fae24c1c000-7fae24c20000 r--s 00000000 07:00 2229109                    /var/cache/fontconfig/7ef2298fde41cc6eeb7af42e48b7d293-le64.cache-3
7fae24c20000-7fae24c28000 rw-s 00000000 07:00 691                        /tmp/hsperfdata_qyr1987/27647
7fae24c28000-7fae24c29000 rw-p 00000000 00:00 0 
7fae24c29000-7fae24c2a000 r--p 00000000 00:00 0 
7fae24c2a000-7fae24c2c000 rw-p 00000000 00:00 0 
7fae24c2c000-7fae24c2d000 r--p 00022000 07:00 136601                     /lib/x86_64-linux-gnu/ld-2.15.so
7fae24c2d000-7fae24c2f000 rw-p 00023000 07:00 136601                     /lib/x86_64-linux-gnu/ld-2.15.so
7fff82bdb000-7fff82bfb000 rwxp 00000000 00:00 0                          [stack]
7fff82bfb000-7fff82bfc000 rw-p 00000000 00:00 0 
7fff82bff000-7fff82c00000 r-xp 00000000 00:00 0                          [vdso]
ffffffffff600000-ffffffffff601000 r-xp 00000000 00:00 0                  [vsyscall]

VM Arguments:
jvm_args: -Dfile.encoding=UTF-8 
java_command: edu.seas.upenn.ese519.MainFrame
Launcher Type: SUN_STANDARD

Environment Variables:
PATH=/home/qyr1987/bin:/usr/lib/lightdm/lightdm:/usr/local/sbin:/usr/local/bin:/usr/sbin:/usr/bin:/sbin:/bin:/usr/games
LD_LIBRARY_PATH=/usr/lib/jvm/java-6-openjdk-amd64/jre/lib/amd64/server:/usr/lib/jvm/java-6-openjdk-amd64/jre/lib/amd64:/usr/lib/jvm/java-6-openjdk-amd64/jre/../lib/amd64
SHELL=/bin/bash
DISPLAY=:0

Signal Handlers:
SIGSEGV: [libjvm.so+0x7852e0], sa_mask[0]=0x7ffbfeff, sa_flags=0x10000004
SIGBUS: [libjvm.so+0x7852e0], sa_mask[0]=0x7ffbfeff, sa_flags=0x10000004
SIGFPE: [libjvm.so+0x648d40], sa_mask[0]=0x7ffbfeff, sa_flags=0x10000004
SIGPIPE: [libjvm.so+0x648d40], sa_mask[0]=0x7ffbfeff, sa_flags=0x10000004
SIGXFSZ: [libjvm.so+0x648d40], sa_mask[0]=0x7ffbfeff, sa_flags=0x10000004
SIGILL: [libjvm.so+0x648d40], sa_mask[0]=0x7ffbfeff, sa_flags=0x10000004
SIGUSR1: SIG_DFL, sa_mask[0]=0x00000000, sa_flags=0x00000000
SIGUSR2: [libjvm.so+0x648ef0], sa_mask[0]=0x00000004, sa_flags=0x10000004
SIGHUP: [libjvm.so+0x64ba10], sa_mask[0]=0x7ffbfeff, sa_flags=0x10000004
SIGINT: [libjvm.so+0x64ba10], sa_mask[0]=0x7ffbfeff, sa_flags=0x10000004
SIGTERM: [libjvm.so+0x64ba10], sa_mask[0]=0x7ffbfeff, sa_flags=0x10000004
SIGQUIT: [libjvm.so+0x64ba10], sa_mask[0]=0x7ffbfeff, sa_flags=0x10000004


---------------  S Y S T E M  ---------------

OS:Ubuntu 12.04 (precise)
uname:Linux 3.2.0-33-generic #52-Ubuntu SMP Thu Oct 18 16:29:15 UTC 2012 x86_64
libc:glibc 2.15 NPTL 2.15 
rlimit: STACK 8192k, CORE 0k, NPROC 62854, NOFILE 4096, AS infinity
load average:0.27 0.30 0.34

/proc/meminfo:
MemTotal:        8062936 kB
MemFree:         1502392 kB
Buffers:         1502128 kB
Cached:          2018196 kB
SwapCached:          188 kB
Active:          3640400 kB
Inactive:        2432752 kB
Active(anon):    2196596 kB
Inactive(anon):   866140 kB
Active(file):    1443804 kB
Inactive(file):  1566612 kB
Unevictable:        2708 kB
Mlocked:              32 kB
SwapTotal:        262140 kB
SwapFree:         230184 kB
Dirty:               248 kB
Writeback:             0 kB
AnonPages:       2555304 kB
Mapped:           212236 kB
Shmem:            507232 kB
Slab:             309840 kB
SReclaimable:     233264 kB
SUnreclaim:        76576 kB
KernelStack:        5080 kB
PageTables:        49328 kB
NFS_Unstable:          0 kB
Bounce:                0 kB
WritebackTmp:          0 kB
CommitLimit:     4293608 kB
Committed_AS:    6635620 kB
VmallocTotal:   34359738367 kB
VmallocUsed:      414664 kB
VmallocChunk:   34359271644 kB
HardwareCorrupted:     0 kB
AnonHugePages:         0 kB
HugePages_Total:       0
HugePages_Free:        0
HugePages_Rsvd:        0
HugePages_Surp:        0
Hugepagesize:       2048 kB
DirectMap4k:      137216 kB
DirectMap2M:     8142848 kB


CPU:total 4 (2 cores per cpu, 2 threads per core) family 6 model 42 stepping 7, cmov, cx8, fxsr, mmx, sse, sse2, sse3, ssse3, sse4.1, sse4.2, popcnt, ht

Memory: 4k page, physical 8062936k(1502392k free), swap 262140k(230184k free)

vm_info: OpenJDK 64-Bit Server VM (20.0-b12) for linux-amd64 JRE (1.6.0_24-b24), built on Oct 24 2012 16:17:28 by "buildd" with gcc 4.6.3

time: Mon Nov 26 15:27:57 2012
elapsed time: 2 seconds

