#
# A fatal error has been detected by the Java Runtime Environment:
#
#  SIGSEGV (0xb) at pc=0x00007f0bb49c359d, pid=27259, tid=139686998411008
#
# JRE version: 6.0_24-b24
# Java VM: OpenJDK 64-Bit Server VM (20.0-b12 mixed mode linux-amd64 compressed oops)
# Derivative: IcedTea6 1.11.5
# Distribution: Ubuntu 12.04 LTS, package 6b24-1.11.5-0ubuntu1~12.04.1
# Problematic frame:
# C  [libXnVFeatures_1_5_2.so+0x8b59d]  Segmentation::detectionByPoint(bool, std::vector<Vector2D<int>, std::allocator<Vector2D<int> > > const*)+0x8d
#
# If you would like to submit a bug report, please include
# instructions how to reproduce the bug and visit:
#   https://bugs.launchpad.net/ubuntu/+source/openjdk-6/
# The crash happened outside the Java Virtual Machine in native code.
# See problematic frame for where to report the bug.
#

---------------  T H R E A D  ---------------

Current thread (0x00007f0b60013800):  JavaThread "Thread-3" [_thread_in_native, id=27297, stack(0x00007f0b69db8000,0x00007f0b69eb9000)]

siginfo:si_signo=SIGSEGV: si_errno=0, si_code=2 (SEGV_ACCERR), si_addr=0x00007f0b4c0a3444

Registers:
RAX=0x0000000000000102, RBX=0x00007f0b4c000c90, RCX=0x00007f0b4c096cc0, RDX=0x000000000000009e
RSP=0x00007f0b69eb7580, RBP=0x00007f0b776d9e60, RSI=0x00000000000063c2, RDI=0x00007f0b776d9fe0
R8 =0x0000000000000000, R9 =0x0101010101010101, R10=0x00007f0b77798a21, R11=0x00007f0bc81a5c9c
R12=0x00007f0bb4f65d88, R13=0x00007f0b69eb76e0, R14=0x00007f0b76749050, R15=0x0000000000000000
RIP=0x00007f0bb49c359d, EFLAGS=0x0000000000010202, CSGSFS=0x0000000000000033, ERR=0x0000000000000004
  TRAPNO=0x000000000000000e

Top of Stack: (sp=0x00007f0b69eb7580)
0x00007f0b69eb7580:   00007f0b4c0a02d0 7fffffff00000000
0x00007f0b69eb7590:   00007f0b4c0a02d0 00007f0b776d9fe0
0x00007f0b69eb75a0:   00007f0b776db2e0 00007f0b776d9e60
0x00007f0b69eb75b0:   00007f0b776d9fe0 00007f0b776d4d80
0x00007f0b69eb75c0:   00007f0b69eb76e0 00007f0b76749050
0x00007f0b69eb75d0:   0000000000000000 00007f0bb49cabc0
0x00007f0b69eb75e0:   000000000072075d 000000000072075d
0x00007f0b69eb75f0:   0000000000000000 3ff0000000000000
0x00007f0b69eb7600:   00007f0bb4f665a8 0000000000000001
0x00007f0b69eb7610:   0000000000000040 00007f0b76749010
0x00007f0b69eb7620:   00007f0b776d4d80 00007f0b776b3f88
0x00007f0b69eb7630:   00007f0b76749050 00007f0b76749028
0x00007f0b69eb7640:   00007f0b69eb76e0 00007f0bb49b399b
0x00007f0b69eb7650:   00007f0b777ca190 0000000000000008
0x00007f0b69eb7660:   000000000071ebeb 000000000071ebeb
0x00007f0b69eb7670:   0000000000000000 3ff0000000000000
0x00007f0b69eb7680:   0000000000000000 00007f0bb498d8bd
0x00007f0b69eb7690:   00007f0b69eb7700 00007f0bbc00001c
0x00007f0b69eb76a0:   0000000000000001 00007f0bbc000000
0x00007f0b69eb76b0:   00007f0bc0bbae00 00007f0bc0219c40
0x00007f0b69eb76c0:   00007f0b60013800 00007f0bb498903f
0x00007f0b69eb76d0:   000000000000013c 00007f0bb64f3489
0x00007f0b69eb76e0:   00007f0b4c000c90 00007f0b4c000c98
0x00007f0b69eb76f0:   00007f0b4c000c98 00007f0b4c000b71
0x00007f0b69eb7700:   0000009e00000102 00007f0bc0bbae00
0x00007f0b69eb7710:   00007f0bc0bbae00 00007f0bc0bbae00
0x00007f0b69eb7720:   00007f0bc122d570 0000000000000051
0x00007f0b69eb7730:   00007f0b65d78c70 00007f0bb49895bf
0x00007f0b69eb7740:   00007f0bb4f4daf0 00007f0bc70f14ec
0x00007f0b69eb7750:   00007f0bb4f4fd10 0000000000000000
0x00007f0b69eb7760:   0000000000686178 0009600000000001
0x00007f0b69eb7770:   ffffffff00000001 00007f0b69eb77b4 

Instructions: (pc=0x00007f0bb49c359d)
0x00007f0bb49c357d:   39 5d 08 0f 84 d2 01 00 00 8b 53 04 41 8b 74 24
0x00007f0bb49c358d:   3c 49 8b 4c 24 28 8b 03 0f af f2 48 8b 09 01 c6
0x00007f0bb49c359d:   66 83 3c 71 00 74 d4 48 63 8d 88 01 00 00 48 8b
0x00007f0bb49c35ad:   7c 24 18 48 69 c9 d8 03 00 00 48 8d 74 0f 10 48 

Register to memory mapping:

RAX=0x0000000000000102 is an unknown value
RBX=0x00007f0b4c000c90 is an unknown value
RCX=0x00007f0b4c096cc0 is an unknown value
RDX=0x000000000000009e is an unknown value
RSP=0x00007f0b69eb7580 is pointing into the stack for thread: 0x00007f0b60013800
RBP=0x00007f0b776d9e60 is an unknown value
RSI=0x00000000000063c2 is an unknown value
RDI=0x00007f0b776d9fe0 is an unknown value
R8 =0x0000000000000000 is an unknown value
R9 =0x0101010101010101 is an unknown value
R10=0x00007f0b77798a21 is an unknown value
R11=0x00007f0bc81a5c9c: <offset 0x8bc9c> in /lib/x86_64-linux-gnu/libc.so.6 at 0x00007f0bc811a000
R12=0x00007f0bb4f65d88: <offset 0x62dd88> in /usr/lib/libXnVFeatures_1_5_2.so at 0x00007f0bb4938000
R13=0x00007f0b69eb76e0 is pointing into the stack for thread: 0x00007f0b60013800
R14=0x00007f0b76749050 is an unknown value
R15=0x0000000000000000 is an unknown value


Stack: [0x00007f0b69db8000,0x00007f0b69eb9000],  sp=0x00007f0b69eb7580,  free space=1021k
Native frames: (J=compiled Java code, j=interpreted, Vv=VM code, C=native code)
C  [libXnVFeatures_1_5_2.so+0x8b59d]  Segmentation::detectionByPoint(bool, std::vector<Vector2D<int>, std::allocator<Vector2D<int> > > const*)+0x8d

Java frames: (J=compiled Java code, j=interpreted, Vv=VM code)
j  org.OpenNI.NativeMethods.xnWaitAnyUpdateAll(J)I+0
j  org.OpenNI.Context.waitAnyUpdateAll()V+4
j  edu.seas.upenn.ese519.OverlayPanel.run()V+12
j  java.lang.Thread.run()V+11
v  ~StubRoutines::call_stub

---------------  P R O C E S S  ---------------

Java Threads: ( => current thread )
  0x00007f0b60015000 JavaThread "Thread-4" [_thread_blocked, id=27298, stack(0x00007f0b69cb7000,0x00007f0b69db8000)]
=>0x00007f0b60013800 JavaThread "Thread-3" [_thread_in_native, id=27297, stack(0x00007f0b69db8000,0x00007f0b69eb9000)]
  0x00007f0b60012000 JavaThread "Thread-2" [_thread_blocked, id=27296, stack(0x00007f0b69eb9000,0x00007f0b69fba000)]
  0x00007f0b60010800 JavaThread "Thread-1" [_thread_blocked, id=27295, stack(0x00007f0b69fba000,0x00007f0b6a0bb000)]
  0x00007f0bc0007800 JavaThread "DestroyJavaVM" [_thread_blocked, id=27264, stack(0x00007f0bc8bf4000,0x00007f0bc8cf5000)]
  0x00007f0b65d92000 JavaThread "AWT-EventQueue-0" [_thread_blocked, id=27290, stack(0x00007f0bac146000,0x00007f0bac247000)]
  0x00007f0b65d8e800 JavaThread "AWT-Shutdown" [_thread_blocked, id=27289, stack(0x00007f0bac247000,0x00007f0bac348000)]
  0x00007f0bc01f3000 JavaThread "AWT-XAWT" daemon [_thread_in_native, id=27278, stack(0x00007f0bb6945000,0x00007f0bb6a46000)]
  0x00007f0bc012c000 JavaThread "Java2D Disposer" daemon [_thread_blocked, id=27277, stack(0x00007f0bbc065000,0x00007f0bbc166000)]
  0x00007f0bc009e000 JavaThread "Low Memory Detector" daemon [_thread_blocked, id=27275, stack(0x00007f0bbccfd000,0x00007f0bbcdfe000)]
  0x00007f0bc009b800 JavaThread "C2 CompilerThread1" daemon [_thread_in_native, id=27274, stack(0x00007f0bbcdfe000,0x00007f0bbceff000)]
  0x00007f0bc0098800 JavaThread "C2 CompilerThread0" daemon [_thread_blocked, id=27273, stack(0x00007f0bbceff000,0x00007f0bbd000000)]
  0x00007f0bc0097800 JavaThread "Signal Dispatcher" daemon [_thread_blocked, id=27272, stack(0x00007f0bc401e000,0x00007f0bc411f000)]
  0x00007f0bc0078000 JavaThread "Finalizer" daemon [_thread_blocked, id=27271, stack(0x00007f0bc4593000,0x00007f0bc4694000)]
  0x00007f0bc0076000 JavaThread "Reference Handler" daemon [_thread_blocked, id=27270, stack(0x00007f0bc4694000,0x00007f0bc4795000)]

Other Threads:
  0x00007f0bc006f000 VMThread [stack: 0x00007f0bc4795000,0x00007f0bc4896000] [id=27269]
  0x00007f0bc00a0800 WatcherThread [stack: 0x00007f0bbcbfc000,0x00007f0bbccfd000] [id=27276]

VM state:not at safepoint (normal execution)

VM Mutex/Monitor currently owned by a thread: None

Heap
 PSYoungGen      total 36736K, used 8709K [0x00000007d6f60000, 0x00000007d9860000, 0x0000000800000000)
  eden space 31488K, 27% used [0x00000007d6f60000,0x00000007d77e1410,0x00000007d8e20000)
  from space 5248K, 0% used [0x00000007d9340000,0x00000007d9340000,0x00000007d9860000)
  to   space 5248K, 0% used [0x00000007d8e20000,0x00000007d8e20000,0x00000007d9340000)
 PSOldGen        total 84032K, used 0K [0x0000000784e00000, 0x000000078a010000, 0x00000007d6f60000)
  object space 84032K, 0% used [0x0000000784e00000,0x0000000784e00000,0x000000078a010000)
 PSPermGen       total 21248K, used 12947K [0x000000077a800000, 0x000000077bcc0000, 0x0000000784e00000)
  object space 21248K, 60% used [0x000000077a800000,0x000000077b4a4dd0,0x000000077bcc0000)

Code Cache  [0x00007f0bbd000000, 0x00007f0bbd270000, 0x00007f0bc0000000)
 total_blobs=487 nmethods=37 adapters=404 free_code_cache=49724544 largest_free_block=14912

Dynamic libraries:
00400000-00409000 r-xp 00000000 07:00 2884059                            /usr/lib/jvm/java-6-openjdk-amd64/jre/bin/java
00608000-00609000 r--p 00008000 07:00 2884059                            /usr/lib/jvm/java-6-openjdk-amd64/jre/bin/java
00609000-0060a000 rw-p 00009000 07:00 2884059                            /usr/lib/jvm/java-6-openjdk-amd64/jre/bin/java
01a9c000-01abd000 rw-p 00000000 00:00 0                                  [heap]
77a800000-77bcc0000 rw-p 00000000 00:00 0 
77bcc0000-784e00000 rw-p 00000000 00:00 0 
784e00000-78a010000 rw-p 00000000 00:00 0 
78a010000-7d6f60000 rw-p 00000000 00:00 0 
7d6f60000-7d9860000 rw-p 00000000 00:00 0 
7d9860000-800000000 rw-p 00000000 00:00 0 
7f0b4c000000-7f0b4c18a000 rw-p 00000000 00:00 0 
7f0b4c18a000-7f0b50000000 ---p 00000000 00:00 0 
7f0b50000000-7f0b50021000 rw-p 00000000 00:00 0 
7f0b50021000-7f0b54000000 ---p 00000000 00:00 0 
7f0b54000000-7f0b54021000 rw-p 00000000 00:00 0 
7f0b54021000-7f0b58000000 ---p 00000000 00:00 0 
7f0b58000000-7f0b58021000 rw-p 00000000 00:00 0 
7f0b58021000-7f0b5c000000 ---p 00000000 00:00 0 
7f0b5c000000-7f0b5c021000 rw-p 00000000 00:00 0 
7f0b5c021000-7f0b60000000 ---p 00000000 00:00 0 
7f0b60000000-7f0b60021000 rw-p 00000000 00:00 0 
7f0b60021000-7f0b64000000 ---p 00000000 00:00 0 
7f0b64000000-7f0b65e09000 rw-p 00000000 00:00 0 
7f0b65e09000-7f0b68000000 ---p 00000000 00:00 0 
7f0b69cb7000-7f0b69cba000 ---p 00000000 00:00 0 
7f0b69cba000-7f0b69db8000 rwxp 00000000 00:00 0 
7f0b69db8000-7f0b69dbb000 ---p 00000000 00:00 0 
7f0b69dbb000-7f0b69eb9000 rwxp 00000000 00:00 0 
7f0b69eb9000-7f0b69ebc000 ---p 00000000 00:00 0 
7f0b69ebc000-7f0b69fba000 rwxp 00000000 00:00 0 
7f0b69fba000-7f0b69fbd000 ---p 00000000 00:00 0 
7f0b69fbd000-7f0b6a0bb000 rwxp 00000000 00:00 0 
7f0b6a0bb000-7f0b6a3fa000 rw-s 00000000 00:04 1470496823                 /SYSV00000000 (deleted)
7f0b6a3fa000-7f0b6a402000 r-xp 00000000 07:00 2884097                    /usr/lib/jvm/java-6-openjdk-amd64/jre/lib/amd64/libnio.so
7f0b6a402000-7f0b6a601000 ---p 00008000 07:00 2884097                    /usr/lib/jvm/java-6-openjdk-amd64/jre/lib/amd64/libnio.so
7f0b6a601000-7f0b6a602000 r--p 00007000 07:00 2884097                    /usr/lib/jvm/java-6-openjdk-amd64/jre/lib/amd64/libnio.so
7f0b6a602000-7f0b6a603000 rw-p 00008000 07:00 2884097                    /usr/lib/jvm/java-6-openjdk-amd64/jre/lib/amd64/libnio.so
7f0b6a603000-7f0b6bc83000 r--s 00000000 00:12 1371324                    /run/shm/27280_045e.02ae@1.52_Image
7f0b6bc83000-7f0b70000000 rw-p 00000000 00:00 0 
7f0b70000000-7f0b70029000 rw-p 00000000 00:00 0 
7f0b70029000-7f0b74000000 ---p 00000000 00:00 0 
7f0b74061000-7f0b74076000 r-xp 00000000 07:00 2884096                    /usr/lib/jvm/java-6-openjdk-amd64/jre/lib/amd64/libnet.so
7f0b74076000-7f0b74275000 ---p 00015000 07:00 2884096                    /usr/lib/jvm/java-6-openjdk-amd64/jre/lib/amd64/libnet.so
7f0b74275000-7f0b74276000 r--p 00014000 07:00 2884096                    /usr/lib/jvm/java-6-openjdk-amd64/jre/lib/amd64/libnet.so
7f0b74276000-7f0b74277000 rw-p 00015000 07:00 2884096                    /usr/lib/jvm/java-6-openjdk-amd64/jre/lib/amd64/libnet.so
7f0b74277000-7f0b746d8000 rw-p 00000000 00:00 0 
7f0b746d9000-7f0b777cb000 rw-p 00000000 00:00 0 
7f0b777cb000-7f0b77ed3000 r--s 00000000 00:12 1371322                    /run/shm/27280_045e.02ae@1.52_Depth
7f0b77ed3000-7f0b78000000 rw-p 00000000 00:00 0 
7f0b78000000-7f0b78021000 rw-p 00000000 00:00 0 
7f0b78021000-7f0b7c000000 ---p 00000000 00:00 0 
7f0b7c000000-7f0b7c026000 rw-p 00000000 00:00 0 
7f0b7c026000-7f0b80000000 ---p 00000000 00:00 0 
7f0b80000000-7f0b80021000 rw-p 00000000 00:00 0 
7f0b80021000-7f0b84000000 ---p 00000000 00:00 0 
7f0b84000000-7f0b84021000 rw-p 00000000 00:00 0 
7f0b84021000-7f0b88000000 ---p 00000000 00:00 0 
7f0b88000000-7f0b88341000 rw-p 00000000 00:00 0 
7f0b88341000-7f0b8c000000 ---p 00000000 00:00 0 
7f0b8c000000-7f0b8c021000 rw-p 00000000 00:00 0 
7f0b8c021000-7f0b90000000 ---p 00000000 00:00 0 
7f0b90000000-7f0b90021000 rw-p 00000000 00:00 0 
7f0b90021000-7f0b94000000 ---p 00000000 00:00 0 
7f0b94000000-7f0b942ce000 rw-p 00000000 00:00 0 
7f0b942ce000-7f0b98000000 ---p 00000000 00:00 0 
7f0b98000000-7f0b98021000 rw-p 00000000 00:00 0 
7f0b98021000-7f0b9c000000 ---p 00000000 00:00 0 
7f0b9c000000-7f0b9c021000 rw-p 00000000 00:00 0 
7f0b9c021000-7f0ba0000000 ---p 00000000 00:00 0 
7f0ba0000000-7f0ba0021000 rw-p 00000000 00:00 0 
7f0ba0021000-7f0ba4000000 ---p 00000000 00:00 0 
7f0ba4000000-7f0ba4021000 rw-p 00000000 00:00 0 
7f0ba4021000-7f0ba8000000 ---p 00000000 00:00 0 
7f0ba8000000-7f0ba8021000 rw-p 00000000 00:00 0 
7f0ba8021000-7f0bac000000 ---p 00000000 00:00 0 
7f0bac02d000-7f0bac146000 rw-s 00000000 00:04 1470529724                 /SYSV00000000 (deleted)
7f0bac146000-7f0bac149000 ---p 00000000 00:00 0 
7f0bac149000-7f0bac247000 rwxp 00000000 00:00 0 
7f0bac247000-7f0bac24a000 ---p 00000000 00:00 0 
7f0bac24a000-7f0bac348000 rwxp 00000000 00:00 0 
7f0bac348000-7f0bace73000 rw-p 00000000 00:00 0 
7f0bace73000-7f0bace74000 ---p 00000000 00:00 0 
7f0bace74000-7f0bad674000 rwxp 00000000 00:00 0 
7f0bad674000-7f0badd68000 rw-p 00000000 00:00 0 
7f0badd68000-7f0bae470000 r--s 00000000 00:12 1371322                    /run/shm/27280_045e.02ae@1.52_Depth
7f0bae470000-7f0bae59d000 rw-p 00000000 00:00 0 
7f0bae59d000-7f0bae59e000 ---p 00000000 00:00 0 
7f0bae59e000-7f0baed9e000 rwxp 00000000 00:00 0 
7f0baed9e000-7f0baf19f000 rw-p 00000000 00:00 0 
7f0baf19f000-7f0baf1c6000 r-xp 00000000 07:00 2759918                    /usr/lib/libXnDeviceFile.so
7f0baf1c6000-7f0baf3c6000 ---p 00027000 07:00 2759918                    /usr/lib/libXnDeviceFile.so
7f0baf3c6000-7f0baf3c8000 r--p 00027000 07:00 2759918                    /usr/lib/libXnDeviceFile.so
7f0baf3c8000-7f0baf3c9000 rw-p 00029000 07:00 2759918                    /usr/lib/libXnDeviceFile.so
7f0baf3c9000-7f0baf411000 r-xp 00000000 07:00 2759917                    /usr/lib/libXnDDK.so
7f0baf411000-7f0baf611000 ---p 00048000 07:00 2759917                    /usr/lib/libXnDDK.so
7f0baf611000-7f0baf614000 r--p 00048000 07:00 2759917                    /usr/lib/libXnDDK.so
7f0baf614000-7f0baf616000 rw-p 0004b000 07:00 2759917                    /usr/lib/libXnDDK.so
7f0baf616000-7f0baf63a000 r-xp 00000000 07:00 2759920                    /usr/lib/libXnFormats.so
7f0baf63a000-7f0baf83a000 ---p 00024000 07:00 2759920                    /usr/lib/libXnFormats.so
7f0baf83a000-7f0baf83b000 r--p 00024000 07:00 2759920                    /usr/lib/libXnFormats.so
7f0baf83b000-7f0baf83c000 rw-p 00025000 07:00 2759920                    /usr/lib/libXnFormats.so
7f0baf83c000-7f0baf85c000 rw-p 00000000 00:00 0 
7f0baf85c000-7f0baf85f000 r-xp 00000000 07:00 2759916                    /usr/lib/libXnCore.so
7f0baf85f000-7f0bafa5e000 ---p 00003000 07:00 2759916                    /usr/lib/libXnCore.so
7f0bafa5e000-7f0bafa5f000 r--p 00002000 07:00 2759916                    /usr/lib/libXnCore.so
7f0bafa5f000-7f0bafa60000 rw-p 00003000 07:00 2759916                    /usr/lib/libXnCore.so
7f0bafa60000-7f0bafae9000 r-xp 00000000 07:00 2759919                    /usr/lib/libXnDeviceSensorV2KM.so
7f0bafae9000-7f0bafce8000 ---p 00089000 07:00 2759919                    /usr/lib/libXnDeviceSensorV2KM.so
7f0bafce8000-7f0bafcf8000 r--p 00088000 07:00 2759919                    /usr/lib/libXnDeviceSensorV2KM.so
7f0bafcf8000-7f0bafcf9000 rw-p 00098000 07:00 2759919                    /usr/lib/libXnDeviceSensorV2KM.so
7f0bafcf9000-7f0bafded000 r-xp 00000000 07:00 2759934                    /usr/lib/libXnVHandGenerator_1_5_2.so
7f0bafded000-7f0baffec000 ---p 000f4000 07:00 2759934                    /usr/lib/libXnVHandGenerator_1_5_2.so
7f0baffec000-7f0bafff1000 r--p 000f3000 07:00 2759934                    /usr/lib/libXnVHandGenerator_1_5_2.so
7f0bafff1000-7f0bafff2000 rw-p 000f8000 07:00 2759934                    /usr/lib/libXnVHandGenerator_1_5_2.so
7f0bafff2000-7f0bb0000000 rw-p 00000000 00:00 0 
7f0bb0000000-7f0bb0021000 rw-p 00000000 00:00 0 
7f0bb0021000-7f0bb4000000 ---p 00000000 00:00 0 
7f0bb408c000-7f0bb4164000 r-xp 00000000 07:00 2759933                    /usr/lib/libXnVHandGenerator_1_4_2.so
7f0bb4164000-7f0bb4363000 ---p 000d8000 07:00 2759933                    /usr/lib/libXnVHandGenerator_1_4_2.so
7f0bb4363000-7f0bb4368000 r--p 000d7000 07:00 2759933                    /usr/lib/libXnVHandGenerator_1_4_2.so
7f0bb4368000-7f0bb4369000 rw-p 000dc000 07:00 2759933                    /usr/lib/libXnVHandGenerator_1_4_2.so
7f0bb4369000-7f0bb436c000 rw-p 00000000 00:00 0 
7f0bb436c000-7f0bb4444000 r-xp 00000000 07:00 2759932                    /usr/lib/libXnVHandGenerator_1_4_1.so
7f0bb4444000-7f0bb4643000 ---p 000d8000 07:00 2759932                    /usr/lib/libXnVHandGenerator_1_4_1.so
7f0bb4643000-7f0bb4648000 r--p 000d7000 07:00 2759932                    /usr/lib/libXnVHandGenerator_1_4_1.so
7f0bb4648000-7f0bb4649000 rw-p 000dc000 07:00 2759932                    /usr/lib/libXnVHandGenerator_1_4_1.so
7f0bb4649000-7f0bb464c000 rw-p 00000000 00:00 0 
7f0bb464c000-7f0bb472f000 r-xp 00000000 07:00 2759931                    /usr/lib/libXnVHandGenerator_1_3_1.so
7f0bb472f000-7f0bb492f000 ---p 000e3000 07:00 2759931                    /usr/lib/libXnVHandGenerator_1_3_1.so
7f0bb492f000-7f0bb4934000 r--p 000e3000 07:00 2759931                    /usr/lib/libXnVHandGenerator_1_3_1.so
7f0bb4934000-7f0bb4935000 rw-p 000e8000 07:00 2759931                    /usr/lib/libXnVHandGenerator_1_3_1.so
7f0bb4935000-7f0bb4938000 rw-p 00000000 00:00 0 
7f0bb4938000-7f0bb4d4d000 r-xp 00000000 07:00 2759929                    /usr/lib/libXnVFeatures_1_5_2.so
7f0bb4d4d000-7f0bb4f4d000 ---p 00415000 07:00 2759929                    /usr/lib/libXnVFeatures_1_5_2.so
7f0bb4f4d000-7f0bb4f5e000 r--p 00415000 07:00 2759929                    /usr/lib/libXnVFeatures_1_5_2.so
7f0bb4f5e000-7f0bb4f60000 rw-p 00426000 07:00 2759929                    /usr/lib/libXnVFeatures_1_5_2.so
7f0bb4f60000-7f0bb4f75000 rw-p 00000000 00:00 0 
7f0bb4f75000-7f0bb516c000 r-xp 00000000 07:00 2759928                    /usr/lib/libXnVFeatures_1_4_2.so
7f0bb516c000-7f0bb536b000 ---p 001f7000 07:00 2759928                    /usr/lib/libXnVFeatures_1_4_2.so
7f0bb536b000-7f0bb5371000 r--p 001f6000 07:00 2759928                    /usr/lib/libXnVFeatures_1_4_2.so
7f0bb5371000-7f0bb5372000 rw-p 001fc000 07:00 2759928                    /usr/lib/libXnVFeatures_1_4_2.so
7f0bb5372000-7f0bb5378000 rw-p 00000000 00:00 0 
7f0bb5378000-7f0bb556f000 r-xp 00000000 07:00 2759927                    /usr/lib/libXnVFeatures_1_4_1.so
7f0bb556f000-7f0bb576e000 ---p 001f7000 07:00 2759927                    /usr/lib/libXnVFeatures_1_4_1.so
7f0bb576e000-7f0bb5774000 r--p 001f6000 07:00 2759927                    /usr/lib/libXnVFeatures_1_4_1.so
7f0bb5774000-7f0bb5775000 rw-p 001fc000 07:00 2759927                    /usr/lib/libXnVFeatures_1_4_1.so
7f0bb5775000-7f0bb577b000 rw-p 00000000 00:00 0 
7f0bb577b000-7f0bb59c0000 r-xp 00000000 07:00 2759926                    /usr/lib/libXnVFeatures_1_3_1.so
7f0bb59c0000-7f0bb5bc0000 ---p 00245000 07:00 2759926                    /usr/lib/libXnVFeatures_1_3_1.so
7f0bb5bc0000-7f0bb5bc6000 r--p 00245000 07:00 2759926                    /usr/lib/libXnVFeatures_1_3_1.so
7f0bb5bc6000-7f0bb5bc7000 rw-p 0024b000 07:00 2759926                    /usr/lib/libXnVFeatures_1_3_1.so
7f0bb5bc7000-7f0bb5bce000 rw-p 00000000 00:00 0 
7f0bb5bce000-7f0bb5bec000 r-xp 00000000 07:00 2760368                    /usr/lib/libnimRecorder.so
7f0bb5bec000-7f0bb5deb000 ---p 0001e000 07:00 2760368                    /usr/lib/libnimRecorder.so
7f0bb5deb000-7f0bb5ded000 r--p 0001d000 07:00 2760368                    /usr/lib/libnimRecorder.so
7f0bb5ded000-7f0bb5dee000 rw-p 0001f000 07:00 2760368                    /usr/lib/libnimRecorder.so
7f0bb5dee000-7f0bb5e24000 r-xp 00000000 07:00 2760366                    /usr/lib/libnimCodecs.so
7f0bb5e24000-7f0bb6024000 ---p 00036000 07:00 2760366                    /usr/lib/libnimCodecs.so
7f0bb6024000-7f0bb6027000 r--p 00036000 07:00 2760366                    /usr/lib/libnimCodecs.so
7f0bb6027000-7f0bb6028000 rw-p 00039000 07:00 2760366                    /usr/lib/libnimCodecs.so
7f0bb6028000-7f0bb6048000 rw-p 00000000 00:00 0 
7f0bb6048000-7f0bb607f000 r-xp 00000000 07:00 2760367                    /usr/lib/libnimMockNodes.so
7f0bb607f000-7f0bb627e000 ---p 00037000 07:00 2760367                    /usr/lib/libnimMockNodes.so
7f0bb627e000-7f0bb628b000 r--p 00036000 07:00 2760367                    /usr/lib/libnimMockNodes.so
7f0bb628b000-7f0bb628c000 rw-p 00043000 07:00 2760367                    /usr/lib/libnimMockNodes.so
7f0bb628c000-7f0bb629a000 r-xp 00000000 07:00 136665                     /lib/x86_64-linux-gnu/libusb-1.0.so.0.1.0
7f0bb629a000-7f0bb6499000 ---p 0000e000 07:00 136665                     /lib/x86_64-linux-gnu/libusb-1.0.so.0.1.0
7f0bb6499000-7f0bb649a000 r--p 0000d000 07:00 136665                     /lib/x86_64-linux-gnu/libusb-1.0.so.0.1.0
7f0bb649a000-7f0bb649b000 rw-p 0000e000 07:00 136665                     /lib/x86_64-linux-gnu/libusb-1.0.so.0.1.0
7f0bb649b000-7f0bb6518000 r-xp 00000000 07:00 2759909                    /usr/lib/libOpenNI.so
7f0bb6518000-7f0bb6717000 ---p 0007d000 07:00 2759909                    /usr/lib/libOpenNI.so
7f0bb6717000-7f0bb671a000 r--p 0007c000 07:00 2759909                    /usr/lib/libOpenNI.so
7f0bb671a000-7f0bb671d000 rw-p 0007f000 07:00 2759909                    /usr/lib/libOpenNI.so
7f0bb671d000-7f0bb671e000 rw-p 00000000 00:00 0 
7f0bb671e000-7f0bb6742000 r-xp 00000000 07:00 2759908                    /usr/lib/libOpenNI.jni.so
7f0bb6742000-7f0bb6941000 ---p 00024000 07:00 2759908                    /usr/lib/libOpenNI.jni.so
7f0bb6941000-7f0bb6942000 r--p 00023000 07:00 2759908                    /usr/lib/libOpenNI.jni.so
7f0bb6942000-7f0bb6945000 rw-p 00024000 07:00 2759908                    /usr/lib/libOpenNI.jni.so
7f0bb6945000-7f0bb6a46000 rwxp 00000000 00:00 0 
7f0bb6a46000-7f0bb6a47000 r--s 00000000 07:00 2229118                    /var/cache/fontconfig/c05880de57d1f5e948fdfacc138775d9-le64.cache-3
7f0bb6a47000-7f0bb6a50000 r--s 00000000 07:00 2229112                    /var/cache/fontconfig/945677eb7aeaf62f1d50efc3fb3ec7d8-le64.cache-3
7f0bb6a50000-7f0bb6a54000 r--s 00000000 07:00 2229113                    /var/cache/fontconfig/99e8ed0e538f840c565b6ed5dad60d56-le64.cache-3
7f0bb6a54000-7f0bb6a5c000 r--s 00000000 07:00 2229114                    /var/cache/fontconfig/a6d8cf8e4ec09cdbc8633c31745a07dd-le64.cache-3
7f0bb6a5c000-7f0bb6a60000 r--s 00000000 07:00 2229098                    /var/cache/fontconfig/2cd17615ca594fa2959ae173292e504c-le64.cache-3
7f0bb6a60000-7f0bb6a66000 r--s 00000000 07:00 2229115                    /var/cache/fontconfig/a755afe4a08bf5b97852ceb7400b47bc-le64.cache-3
7f0bb6a66000-7f0bb6a6f000 r--s 00000000 07:00 2229107                    /var/cache/fontconfig/6d41288fd70b0be22e8c3a91e032eec0-le64.cache-3
7f0bb6a6f000-7f0bb6a7f000 r--s 00000000 07:00 2229094                    /var/cache/fontconfig/04aabc0a78ac019cf9454389977116d2-le64.cache-3
7f0bb6a7f000-7f0bb6a82000 r--s 00000000 07:00 2229101                    /var/cache/fontconfig/385c0604a188198f04d133e54aba7fe7-le64.cache-3
7f0bb6aa6000-7f0bb6aab000 r-xp 00000000 07:00 2766745                    /usr/lib/x86_64-linux-gnu/libXfixes.so.3.1.0
7f0bb6aab000-7f0bb6caa000 ---p 00005000 07:00 2766745                    /usr/lib/x86_64-linux-gnu/libXfixes.so.3.1.0
7f0bb6caa000-7f0bb6cab000 r--p 00004000 07:00 2766745                    /usr/lib/x86_64-linux-gnu/libXfixes.so.3.1.0
7f0bb6cab000-7f0bb6cac000 rw-p 00005000 07:00 2766745                    /usr/lib/x86_64-linux-gnu/libXfixes.so.3.1.0
7f0bb6cac000-7f0bb6cb5000 r-xp 00000000 07:00 2766737                    /usr/lib/x86_64-linux-gnu/libXcursor.so.1.0.2
7f0bb6cb5000-7f0bb6eb4000 ---p 00009000 07:00 2766737                    /usr/lib/x86_64-linux-gnu/libXcursor.so.1.0.2
7f0bb6eb4000-7f0bb6eb5000 r--p 00008000 07:00 2766737                    /usr/lib/x86_64-linux-gnu/libXcursor.so.1.0.2
7f0bb6eb5000-7f0bb6eb6000 rw-p 00009000 07:00 2766737                    /usr/lib/x86_64-linux-gnu/libXcursor.so.1.0.2
7f0bb6edb000-7f0bb6ee2000 r--s 000fb000 07:00 2884213                    /usr/lib/jvm/java-6-openjdk-common/jre/lib/resources.jar
7f0bb6ee2000-7f0bb6f78000 r-xp 00000000 07:00 2767280                    /usr/lib/x86_64-linux-gnu/libfreetype.so.6.8.0
7f0bb6f78000-7f0bb7177000 ---p 00096000 07:00 2767280                    /usr/lib/x86_64-linux-gnu/libfreetype.so.6.8.0
7f0bb7177000-7f0bb717d000 r--p 00095000 07:00 2767280                    /usr/lib/x86_64-linux-gnu/libfreetype.so.6.8.0
7f0bb717d000-7f0bb717e000 rw-p 0009b000 07:00 2767280                    /usr/lib/x86_64-linux-gnu/libfreetype.so.6.8.0
7f0bb717e000-7f0bb71b8000 r-xp 00000000 07:00 2884078                    /usr/lib/jvm/java-6-openjdk-amd64/jre/lib/amd64/libfontmanager.so
7f0bb71b8000-7f0bb73b7000 ---p 0003a000 07:00 2884078                    /usr/lib/jvm/java-6-openjdk-amd64/jre/lib/amd64/libfontmanager.so
7f0bb73b7000-7f0bb73b9000 r--p 00039000 07:00 2884078                    /usr/lib/jvm/java-6-openjdk-amd64/jre/lib/amd64/libfontmanager.so
7f0bb73b9000-7f0bb73ba000 rw-p 0003b000 07:00 2884078                    /usr/lib/jvm/java-6-openjdk-amd64/jre/lib/amd64/libfontmanager.so
7f0bb73ba000-7f0bb73bf000 r-xp 00000000 07:00 2766741                    /usr/lib/x86_64-linux-gnu/libXdmcp.so.6.0.0
7f0bb73bf000-7f0bb75be000 ---p 00005000 07:00 2766741                    /usr/lib/x86_64-linux-gnu/libXdmcp.so.6.0.0
7f0bb75be000-7f0bb75bf000 r--p 00004000 07:00 2766741                    /usr/lib/x86_64-linux-gnu/libXdmcp.so.6.0.0
7f0bb75bf000-7f0bb75c0000 rw-p 00005000 07:00 2766741                    /usr/lib/x86_64-linux-gnu/libXdmcp.so.6.0.0
7f0bb75c0000-7f0bb75c2000 r-xp 00000000 07:00 2766732                    /usr/lib/x86_64-linux-gnu/libXau.so.6.0.0
7f0bb75c2000-7f0bb77c1000 ---p 00002000 07:00 2766732                    /usr/lib/x86_64-linux-gnu/libXau.so.6.0.0
7f0bb77c1000-7f0bb77c2000 r--p 00001000 07:00 2766732                    /usr/lib/x86_64-linux-gnu/libXau.so.6.0.0
7f0bb77c2000-7f0bb77c3000 rw-p 00002000 07:00 2766732                    /usr/lib/x86_64-linux-gnu/libXau.so.6.0.0
7f0bb77c3000-7f0bb77e0000 r-xp 00000000 07:00 2767626                    /usr/lib/x86_64-linux-gnu/libxcb.so.1.1.0
7f0bb77e0000-7f0bb79df000 ---p 0001d000 07:00 2767626                    /usr/lib/x86_64-linux-gnu/libxcb.so.1.1.0
7f0bb79df000-7f0bb79e0000 r--p 0001c000 07:00 2767626                    /usr/lib/x86_64-linux-gnu/libxcb.so.1.1.0
7f0bb79e0000-7f0bb79e1000 rw-p 0001d000 07:00 2767626                    /usr/lib/x86_64-linux-gnu/libxcb.so.1.1.0
7f0bb79e1000-7f0bb79ef000 r-xp 00000000 07:00 2766749                    /usr/lib/x86_64-linux-gnu/libXi.so.6.1.0
7f0bb79ef000-7f0bb7bee000 ---p 0000e000 07:00 2766749                    /usr/lib/x86_64-linux-gnu/libXi.so.6.1.0
7f0bb7bee000-7f0bb7bef000 r--p 0000d000 07:00 2766749                    /usr/lib/x86_64-linux-gnu/libXi.so.6.1.0
7f0bb7bef000-7f0bb7bf0000 rw-p 0000e000 07:00 2766749                    /usr/lib/x86_64-linux-gnu/libXi.so.6.1.0
7f0bb7bf0000-7f0bb7bf5000 r-xp 00000000 07:00 2766764                    /usr/lib/x86_64-linux-gnu/libXtst.so.6.1.0
7f0bb7bf5000-7f0bb7df4000 ---p 00005000 07:00 2766764                    /usr/lib/x86_64-linux-gnu/libXtst.so.6.1.0
7f0bb7df4000-7f0bb7df5000 r--p 00004000 07:00 2766764                    /usr/lib/x86_64-linux-gnu/libXtst.so.6.1.0
7f0bb7df5000-7f0bb7df6000 rw-p 00005000 07:00 2766764                    /usr/lib/x86_64-linux-gnu/libXtst.so.6.1.0
7f0bb7df6000-7f0bb7dff000 r-xp 00000000 07:00 2766760                    /usr/lib/x86_64-linux-gnu/libXrender.so.1.3.0
7f0bb7dff000-7f0bb7ffe000 ---p 00009000 07:00 2766760                    /usr/lib/x86_64-linux-gnu/libXrender.so.1.3.0
7f0bb7ffe000-7f0bb7fff000 r--p 00008000 07:00 2766760                    /usr/lib/x86_64-linux-gnu/libXrender.so.1.3.0
7f0bb7fff000-7f0bb8000000 rw-p 00009000 07:00 2766760                    /usr/lib/x86_64-linux-gnu/libXrender.so.1.3.0
7f0bb8000000-7f0bb8021000 rw-p 00000000 00:00 0 
7f0bb8021000-7f0bbc000000 ---p 00000000 00:00 0 
7f0bbc000000-7f0bbc001000 rw-s 00000000 00:12 1347094                    /run/shm/045e.02ae@1.52-SM
7f0bbc001000-7f0bbc002000 r--s 00000000 07:00 2229126                    /var/cache/fontconfig/e7071f4a29fa870f4323321c154eba04-le64.cache-3
7f0bbc002000-7f0bbc003000 r--s 00000000 07:00 2229102                    /var/cache/fontconfig/4794a0821666d79190d59a36cb4f44b5-le64.cache-3
7f0bbc003000-7f0bbc006000 r--s 00000000 07:00 2229111                    /var/cache/fontconfig/8801497958630a81b71ace7c5f9b32a8-le64.cache-3
7f0bbc006000-7f0bbc00b000 r--s 00000000 07:00 2229099                    /var/cache/fontconfig/3047814df9a2f067bd2d96a2b9c36e5a-le64.cache-3
7f0bbc00b000-7f0bbc00c000 r--s 00000000 07:00 2229104                    /var/cache/fontconfig/56cf4f4769d0f4abc89a4895d7bd3ae1-le64.cache-3
7f0bbc00c000-7f0bbc00d000 r--s 00000000 07:00 2229117                    /var/cache/fontconfig/b9d506c9ac06c20b433354fa67a72993-le64.cache-3
7f0bbc00d000-7f0bbc012000 r--s 00000000 07:00 2229116                    /var/cache/fontconfig/b47c4e1ecd0709278f4910c18777a504-le64.cache-3
7f0bbc012000-7f0bbc022000 r--s 00000000 07:00 2229122                    /var/cache/fontconfig/d52a8644073d54c13679302ca1180695-le64.cache-3
7f0bbc022000-7f0bbc02e000 r--s 00000000 07:00 2229095                    /var/cache/fontconfig/089dead882dea3570ffc31a9898cfb69-le64.cache-3
7f0bbc02e000-7f0bbc041000 r--s 00000000 07:00 2229124                    /var/cache/fontconfig/e13b20fdb08344e0e664864cc2ede53d-le64.cache-3
7f0bbc041000-7f0bbc045000 r--s 00000000 07:00 2229109                    /var/cache/fontconfig/7ef2298fde41cc6eeb7af42e48b7d293-le64.cache-3
7f0bbc045000-7f0bbc046000 r--s 00000000 07:00 2229118                    /var/cache/fontconfig/c05880de57d1f5e948fdfacc138775d9-le64.cache-3
7f0bbc046000-7f0bbc04f000 r--s 00000000 07:00 2229112                    /var/cache/fontconfig/945677eb7aeaf62f1d50efc3fb3ec7d8-le64.cache-3
7f0bbc04f000-7f0bbc053000 r--s 00000000 07:00 2229113                    /var/cache/fontconfig/99e8ed0e538f840c565b6ed5dad60d56-le64.cache-3
7f0bbc053000-7f0bbc05b000 r--s 00000000 07:00 2229114                    /var/cache/fontconfig/a6d8cf8e4ec09cdbc8633c31745a07dd-le64.cache-3
7f0bbc05b000-7f0bbc05f000 r--s 00000000 07:00 2229098                    /var/cache/fontconfig/2cd17615ca594fa2959ae173292e504c-le64.cache-3
7f0bbc05f000-7f0bbc065000 r--s 00000000 07:00 2229115                    /var/cache/fontconfig/a755afe4a08bf5b97852ceb7400b47bc-le64.cache-3
7f0bbc065000-7f0bbc166000 rwxp 00000000 00:00 0 
7f0bbc166000-7f0bbc295000 r-xp 00000000 07:00 2766730                    /usr/lib/x86_64-linux-gnu/libX11.so.6.3.0
7f0bbc295000-7f0bbc495000 ---p 0012f000 07:00 2766730                    /usr/lib/x86_64-linux-gnu/libX11.so.6.3.0
7f0bbc495000-7f0bbc496000 r--p 0012f000 07:00 2766730                    /usr/lib/x86_64-linux-gnu/libX11.so.6.3.0
7f0bbc496000-7f0bbc49a000 rw-p 00130000 07:00 2766730                    /usr/lib/x86_64-linux-gnu/libX11.so.6.3.0
7f0bbc49a000-7f0bbc4aa000 r-xp 00000000 07:00 2766743                    /usr/lib/x86_64-linux-gnu/libXext.so.6.4.0
7f0bbc4aa000-7f0bbc6a9000 ---p 00010000 07:00 2766743                    /usr/lib/x86_64-linux-gnu/libXext.so.6.4.0
7f0bbc6a9000-7f0bbc6aa000 r--p 0000f000 07:00 2766743                    /usr/lib/x86_64-linux-gnu/libXext.so.6.4.0
7f0bbc6aa000-7f0bbc6ab000 rw-p 00010000 07:00 2766743                    /usr/lib/x86_64-linux-gnu/libXext.so.6.4.0
7f0bbc6ab000-7f0bbc6b4000 r--s 00000000 07:00 2229107                    /var/cache/fontconfig/6d41288fd70b0be22e8c3a91e032eec0-le64.cache-3
7f0bbc6b4000-7f0bbc6c4000 r--s 00000000 07:00 2229094                    /var/cache/fontconfig/04aabc0a78ac019cf9454389977116d2-le64.cache-3
7f0bbc6c4000-7f0bbc6c7000 r--s 00000000 07:00 2229101                    /var/cache/fontconfig/385c0604a188198f04d133e54aba7fe7-le64.cache-3
7f0bbc6c7000-7f0bbc6c8000 r--s 00000000 07:00 2229102                    /var/cache/fontconfig/4794a0821666d79190d59a36cb4f44b5-le64.cache-3
7f0bbc6c8000-7f0bbc6cb000 r--s 00000000 07:00 2229111                    /var/cache/fontconfig/8801497958630a81b71ace7c5f9b32a8-le64.cache-3
7f0bbc6cb000-7f0bbc6d0000 r--s 00000000 07:00 2229099                    /var/cache/fontconfig/3047814df9a2f067bd2d96a2b9c36e5a-le64.cache-3
7f0bbc6d0000-7f0bbc71b000 r-xp 00000000 07:00 2884115                    /usr/lib/jvm/java-6-openjdk-amd64/jre/lib/amd64/xawt/libmawt.so
7f0bbc71b000-7f0bbc91b000 ---p 0004b000 07:00 2884115                    /usr/lib/jvm/java-6-openjdk-amd64/jre/lib/amd64/xawt/libmawt.so
7f0bbc91b000-7f0bbc91c000 r--p 0004b000 07:00 2884115                    /usr/lib/jvm/java-6-openjdk-amd64/jre/lib/amd64/xawt/libmawt.so
7f0bbc91c000-7f0bbc91f000 rw-p 0004c000 07:00 2884115                    /usr/lib/jvm/java-6-openjdk-amd64/jre/lib/amd64/xawt/libmawt.so
7f0bbc91f000-7f0bbc920000 rw-p 00000000 00:00 0 
7f0bbc920000-7f0bbc9cc000 r-xp 00000000 07:00 2884076                    /usr/lib/jvm/java-6-openjdk-amd64/jre/lib/amd64/libawt.so
7f0bbc9cc000-7f0bbcbcb000 ---p 000ac000 07:00 2884076                    /usr/lib/jvm/java-6-openjdk-amd64/jre/lib/amd64/libawt.so
7f0bbcbcb000-7f0bbcbcc000 r--p 000ab000 07:00 2884076                    /usr/lib/jvm/java-6-openjdk-amd64/jre/lib/amd64/libawt.so
7f0bbcbcc000-7f0bbcbd7000 rw-p 000ac000 07:00 2884076                    /usr/lib/jvm/java-6-openjdk-amd64/jre/lib/amd64/libawt.so
7f0bbcbd7000-7f0bbcbfc000 rw-p 00000000 00:00 0 
7f0bbcbfc000-7f0bbcbfd000 ---p 00000000 00:00 0 
7f0bbcbfd000-7f0bbcdfe000 rwxp 00000000 00:00 0 
7f0bbcdfe000-7f0bbcdff000 ---p 00000000 00:00 0 
7f0bbcdff000-7f0bbceff000 rwxp 00000000 00:00 0 
7f0bbceff000-7f0bbcf00000 ---p 00000000 00:00 0 
7f0bbcf00000-7f0bbd270000 rwxp 00000000 00:00 0 
7f0bbd270000-7f0bc4000000 rw-p 00000000 00:00 0 
7f0bc4000000-7f0bc4001000 r--s 00000000 07:00 2229096                    /var/cache/fontconfig/0d8c3b2ac0904cb8a57a757ad11a4a08-le64.cache-3
7f0bc4001000-7f0bc4002000 r--s 00000000 07:00 2229126                    /var/cache/fontconfig/e7071f4a29fa870f4323321c154eba04-le64.cache-3
7f0bc4002000-7f0bc4012000 r--s 00000000 07:00 2229122                    /var/cache/fontconfig/d52a8644073d54c13679302ca1180695-le64.cache-3
7f0bc4012000-7f0bc401e000 r--s 00000000 07:00 2229095                    /var/cache/fontconfig/089dead882dea3570ffc31a9898cfb69-le64.cache-3
7f0bc401e000-7f0bc411f000 rwxp 00000000 00:00 0 
7f0bc411f000-7f0bc4593000 r--p 00000000 07:00 2765053                    /usr/lib/locale/locale-archive
7f0bc4593000-7f0bc4795000 rwxp 00000000 00:00 0 
7f0bc4795000-7f0bc4796000 ---p 00000000 00:00 0 
7f0bc4796000-7f0bc4896000 rwxp 00000000 00:00 0 
7f0bc4896000-7f0bc4dce000 rw-p 00000000 00:00 0 
7f0bc4dce000-7f0bc4f60000 r--s 037c2000 07:00 2884073                    /usr/lib/jvm/java-6-openjdk-amd64/jre/lib/rt.jar
7f0bc4f60000-7f0bc4f88000 rw-p 00000000 00:00 0 
7f0bc4f88000-7f0bc4f89000 ---p 00000000 00:00 0 
7f0bc4f89000-7f0bc5089000 rwxp 00000000 00:00 0 
7f0bc5089000-7f0bc508a000 ---p 00000000 00:00 0 
7f0bc508a000-7f0bc518a000 rwxp 00000000 00:00 0 
7f0bc518a000-7f0bc518b000 ---p 00000000 00:00 0 
7f0bc518b000-7f0bc528b000 rwxp 00000000 00:00 0 
7f0bc528b000-7f0bc528c000 ---p 00000000 00:00 0 
7f0bc528c000-7f0bc538c000 rwxp 00000000 00:00 0 
7f0bc538c000-7f0bc5397000 rw-p 00000000 00:00 0 
7f0bc5397000-7f0bc53df000 rw-p 00000000 00:00 0 
7f0bc53df000-7f0bc5409000 rw-p 00000000 00:00 0 
7f0bc5409000-7f0bc5670000 rw-p 00000000 00:00 0 
7f0bc5670000-7f0bc567b000 rw-p 00000000 00:00 0 
7f0bc567b000-7f0bc56c3000 rw-p 00000000 00:00 0 
7f0bc56c3000-7f0bc56ed000 rw-p 00000000 00:00 0 
7f0bc56ed000-7f0bc5953000 rw-p 00000000 00:00 0 
7f0bc5953000-7f0bc5969000 rw-p 00000000 00:00 0 
7f0bc5969000-7f0bc5a9c000 rw-p 00000000 00:00 0 
7f0bc5a9c000-7f0bc5a9d000 rw-p 00000000 00:00 0 
7f0bc5a9d000-7f0bc5aa4000 r-xp 00000000 07:00 2884105                    /usr/lib/jvm/java-6-openjdk-amd64/jre/lib/amd64/libzip.so
7f0bc5aa4000-7f0bc5ca3000 ---p 00007000 07:00 2884105                    /usr/lib/jvm/java-6-openjdk-amd64/jre/lib/amd64/libzip.so
7f0bc5ca3000-7f0bc5ca4000 r--p 00006000 07:00 2884105                    /usr/lib/jvm/java-6-openjdk-amd64/jre/lib/amd64/libzip.so
7f0bc5ca4000-7f0bc5ca5000 rw-p 00007000 07:00 2884105                    /usr/lib/jvm/java-6-openjdk-amd64/jre/lib/amd64/libzip.so
7f0bc5ca5000-7f0bc5cb1000 r-xp 00000000 07:00 136638                     /lib/x86_64-linux-gnu/libnss_files-2.15.so
7f0bc5cb1000-7f0bc5eb0000 ---p 0000c000 07:00 136638                     /lib/x86_64-linux-gnu/libnss_files-2.15.so
7f0bc5eb0000-7f0bc5eb1000 r--p 0000b000 07:00 136638                     /lib/x86_64-linux-gnu/libnss_files-2.15.so
7f0bc5eb1000-7f0bc5eb2000 rw-p 0000c000 07:00 136638                     /lib/x86_64-linux-gnu/libnss_files-2.15.so
7f0bc5eb2000-7f0bc5ebc000 r-xp 00000000 07:00 136640                     /lib/x86_64-linux-gnu/libnss_nis-2.15.so
7f0bc5ebc000-7f0bc60bc000 ---p 0000a000 07:00 136640                     /lib/x86_64-linux-gnu/libnss_nis-2.15.so
7f0bc60bc000-7f0bc60bd000 r--p 0000a000 07:00 136640                     /lib/x86_64-linux-gnu/libnss_nis-2.15.so
7f0bc60bd000-7f0bc60be000 rw-p 0000b000 07:00 136640                     /lib/x86_64-linux-gnu/libnss_nis-2.15.so
7f0bc60be000-7f0bc60d5000 r-xp 00000000 07:00 136635                     /lib/x86_64-linux-gnu/libnsl-2.15.so
7f0bc60d5000-7f0bc62d4000 ---p 00017000 07:00 136635                     /lib/x86_64-linux-gnu/libnsl-2.15.so
7f0bc62d4000-7f0bc62d5000 r--p 00016000 07:00 136635                     /lib/x86_64-linux-gnu/libnsl-2.15.so
7f0bc62d5000-7f0bc62d6000 rw-p 00017000 07:00 136635                     /lib/x86_64-linux-gnu/libnsl-2.15.so
7f0bc62d6000-7f0bc62d8000 rw-p 00000000 00:00 0 
7f0bc62d8000-7f0bc62e0000 r-xp 00000000 07:00 136636                     /lib/x86_64-linux-gnu/libnss_compat-2.15.so
7f0bc62e0000-7f0bc64df000 ---p 00008000 07:00 136636                     /lib/x86_64-linux-gnu/libnss_compat-2.15.so
7f0bc64df000-7f0bc64e0000 r--p 00007000 07:00 136636                     /lib/x86_64-linux-gnu/libnss_compat-2.15.so
7f0bc64e0000-7f0bc64e1000 rw-p 00008000 07:00 136636                     /lib/x86_64-linux-gnu/libnss_compat-2.15.so
7f0bc64e1000-7f0bc650d000 r-xp 00000000 07:00 2884085                    /usr/lib/jvm/java-6-openjdk-amd64/jre/lib/amd64/libjava.so
7f0bc650d000-7f0bc670c000 ---p 0002c000 07:00 2884085                    /usr/lib/jvm/java-6-openjdk-amd64/jre/lib/amd64/libjava.so
7f0bc670c000-7f0bc670d000 r--p 0002b000 07:00 2884085                    /usr/lib/jvm/java-6-openjdk-amd64/jre/lib/amd64/libjava.so
7f0bc670d000-7f0bc6710000 rw-p 0002c000 07:00 2884085                    /usr/lib/jvm/java-6-openjdk-amd64/jre/lib/amd64/libjava.so
7f0bc6710000-7f0bc671e000 r-xp 00000000 07:00 2884104                    /usr/lib/jvm/java-6-openjdk-amd64/jre/lib/amd64/libverify.so
7f0bc671e000-7f0bc691d000 ---p 0000e000 07:00 2884104                    /usr/lib/jvm/java-6-openjdk-amd64/jre/lib/amd64/libverify.so
7f0bc691d000-7f0bc691f000 r--p 0000d000 07:00 2884104                    /usr/lib/jvm/java-6-openjdk-amd64/jre/lib/amd64/libverify.so
7f0bc691f000-7f0bc6920000 rw-p 0000f000 07:00 2884104                    /usr/lib/jvm/java-6-openjdk-amd64/jre/lib/amd64/libverify.so
7f0bc6920000-7f0bc6927000 r-xp 00000000 07:00 136656                     /lib/x86_64-linux-gnu/librt-2.15.so
7f0bc6927000-7f0bc6b26000 ---p 00007000 07:00 136656                     /lib/x86_64-linux-gnu/librt-2.15.so
7f0bc6b26000-7f0bc6b27000 r--p 00006000 07:00 136656                     /lib/x86_64-linux-gnu/librt-2.15.so
7f0bc6b27000-7f0bc6b28000 rw-p 00007000 07:00 136656                     /lib/x86_64-linux-gnu/librt-2.15.so
7f0bc6b28000-7f0bc6b3d000 r-xp 00000000 07:00 136622                     /lib/x86_64-linux-gnu/libgcc_s.so.1
7f0bc6b3d000-7f0bc6d3c000 ---p 00015000 07:00 136622                     /lib/x86_64-linux-gnu/libgcc_s.so.1
7f0bc6d3c000-7f0bc6d3d000 r--p 00014000 07:00 136622                     /lib/x86_64-linux-gnu/libgcc_s.so.1
7f0bc6d3d000-7f0bc6d3e000 rw-p 00015000 07:00 136622                     /lib/x86_64-linux-gnu/libgcc_s.so.1
7f0bc6d3e000-7f0bc6e39000 r-xp 00000000 07:00 136628                     /lib/x86_64-linux-gnu/libm-2.15.so
7f0bc6e39000-7f0bc7038000 ---p 000fb000 07:00 136628                     /lib/x86_64-linux-gnu/libm-2.15.so
7f0bc7038000-7f0bc7039000 r--p 000fa000 07:00 136628                     /lib/x86_64-linux-gnu/libm-2.15.so
7f0bc7039000-7f0bc703a000 rw-p 000fb000 07:00 136628                     /lib/x86_64-linux-gnu/libm-2.15.so
7f0bc703a000-7f0bc711c000 r-xp 00000000 07:00 2767523                    /usr/lib/x86_64-linux-gnu/libstdc++.so.6.0.16
7f0bc711c000-7f0bc731b000 ---p 000e2000 07:00 2767523                    /usr/lib/x86_64-linux-gnu/libstdc++.so.6.0.16
7f0bc731b000-7f0bc7323000 r--p 000e1000 07:00 2767523                    /usr/lib/x86_64-linux-gnu/libstdc++.so.6.0.16
7f0bc7323000-7f0bc7325000 rw-p 000e9000 07:00 2767523                    /usr/lib/x86_64-linux-gnu/libstdc++.so.6.0.16
7f0bc7325000-7f0bc733a000 rw-p 00000000 00:00 0 
7f0bc733a000-7f0bc7c3f000 r-xp 00000000 07:00 2884114                    /usr/lib/jvm/java-6-openjdk-amd64/jre/lib/amd64/server/libjvm.so
7f0bc7c3f000-7f0bc7e3f000 ---p 00905000 07:00 2884114                    /usr/lib/jvm/java-6-openjdk-amd64/jre/lib/amd64/server/libjvm.so
7f0bc7e3f000-7f0bc7ebf000 r--p 00905000 07:00 2884114                    /usr/lib/jvm/java-6-openjdk-amd64/jre/lib/amd64/server/libjvm.so
7f0bc7ebf000-7f0bc7eda000 rw-p 00985000 07:00 2884114                    /usr/lib/jvm/java-6-openjdk-amd64/jre/lib/amd64/server/libjvm.so
7f0bc7eda000-7f0bc7f03000 rw-p 00000000 00:00 0 
7f0bc7f03000-7f0bc7f19000 r-xp 00000000 07:00 136669                     /lib/x86_64-linux-gnu/libz.so.1.2.3.4
7f0bc7f19000-7f0bc8118000 ---p 00016000 07:00 136669                     /lib/x86_64-linux-gnu/libz.so.1.2.3.4
7f0bc8118000-7f0bc8119000 r--p 00015000 07:00 136669                     /lib/x86_64-linux-gnu/libz.so.1.2.3.4
7f0bc8119000-7f0bc811a000 rw-p 00016000 07:00 136669                     /lib/x86_64-linux-gnu/libz.so.1.2.3.4
7f0bc811a000-7f0bc82cf000 r-xp 00000000 07:00 136611                     /lib/x86_64-linux-gnu/libc-2.15.so
7f0bc82cf000-7f0bc84ce000 ---p 001b5000 07:00 136611                     /lib/x86_64-linux-gnu/libc-2.15.so
7f0bc84ce000-7f0bc84d2000 r--p 001b4000 07:00 136611                     /lib/x86_64-linux-gnu/libc-2.15.so
7f0bc84d2000-7f0bc84d4000 rw-p 001b8000 07:00 136611                     /lib/x86_64-linux-gnu/libc-2.15.so
7f0bc84d4000-7f0bc84d9000 rw-p 00000000 00:00 0 
7f0bc84d9000-7f0bc84db000 r-xp 00000000 07:00 136618                     /lib/x86_64-linux-gnu/libdl-2.15.so
7f0bc84db000-7f0bc86db000 ---p 00002000 07:00 136618                     /lib/x86_64-linux-gnu/libdl-2.15.so
7f0bc86db000-7f0bc86dc000 r--p 00002000 07:00 136618                     /lib/x86_64-linux-gnu/libdl-2.15.so
7f0bc86dc000-7f0bc86dd000 rw-p 00003000 07:00 136618                     /lib/x86_64-linux-gnu/libdl-2.15.so
7f0bc86dd000-7f0bc86e1000 r-xp 00000000 07:00 2884111                    /usr/lib/jvm/java-6-openjdk-amd64/jre/lib/amd64/jli/libjli.so
7f0bc86e1000-7f0bc88e0000 ---p 00004000 07:00 2884111                    /usr/lib/jvm/java-6-openjdk-amd64/jre/lib/amd64/jli/libjli.so
7f0bc88e0000-7f0bc88e1000 r--p 00003000 07:00 2884111                    /usr/lib/jvm/java-6-openjdk-amd64/jre/lib/amd64/jli/libjli.so
7f0bc88e1000-7f0bc88e2000 rw-p 00004000 07:00 2884111                    /usr/lib/jvm/java-6-openjdk-amd64/jre/lib/amd64/jli/libjli.so
7f0bc88e2000-7f0bc88fa000 r-xp 00000000 07:00 136653                     /lib/x86_64-linux-gnu/libpthread-2.15.so
7f0bc88fa000-7f0bc8af9000 ---p 00018000 07:00 136653                     /lib/x86_64-linux-gnu/libpthread-2.15.so
7f0bc8af9000-7f0bc8afa000 r--p 00017000 07:00 136653                     /lib/x86_64-linux-gnu/libpthread-2.15.so
7f0bc8afa000-7f0bc8afb000 rw-p 00018000 07:00 136653                     /lib/x86_64-linux-gnu/libpthread-2.15.so
7f0bc8afb000-7f0bc8aff000 rw-p 00000000 00:00 0 
7f0bc8aff000-7f0bc8b21000 r-xp 00000000 07:00 136601                     /lib/x86_64-linux-gnu/ld-2.15.so
7f0bc8b21000-7f0bc8b34000 r--s 00000000 07:00 2229124                    /var/cache/fontconfig/e13b20fdb08344e0e664864cc2ede53d-le64.cache-3
7f0bc8b34000-7f0bc8b3e000 rw-p 00000000 00:00 0 
7f0bc8b3e000-7f0bc8bf4000 rw-p 00000000 00:00 0 
7f0bc8bf4000-7f0bc8bf7000 ---p 00000000 00:00 0 
7f0bc8bf7000-7f0bc8cf5000 rwxp 00000000 00:00 0 
7f0bc8cf5000-7f0bc8cfa000 rw-p 00000000 00:00 0 
7f0bc8cfa000-7f0bc8cfb000 r--s 00000000 07:00 2229096                    /var/cache/fontconfig/0d8c3b2ac0904cb8a57a757ad11a4a08-le64.cache-3
7f0bc8cfb000-7f0bc8cfc000 r--s 00000000 07:00 2229104                    /var/cache/fontconfig/56cf4f4769d0f4abc89a4895d7bd3ae1-le64.cache-3
7f0bc8cfc000-7f0bc8cfd000 r--s 00000000 07:00 2229117                    /var/cache/fontconfig/b9d506c9ac06c20b433354fa67a72993-le64.cache-3
7f0bc8cfd000-7f0bc8d02000 r--s 00000000 07:00 2229116                    /var/cache/fontconfig/b47c4e1ecd0709278f4910c18777a504-le64.cache-3
7f0bc8d02000-7f0bc8d06000 r--s 00000000 07:00 2229109                    /var/cache/fontconfig/7ef2298fde41cc6eeb7af42e48b7d293-le64.cache-3
7f0bc8d06000-7f0bc8d07000 r--s 00007000 07:00 1188646                    /usr/share/java/java-atk-wrapper.jar
7f0bc8d07000-7f0bc8d09000 r--s 00001000 07:00 2884220                    /usr/lib/jvm/java-6-openjdk-common/jre/lib/ext/dnsns.jar
7f0bc8d09000-7f0bc8d0c000 r--s 00031000 07:00 2884223                    /usr/lib/jvm/java-6-openjdk-common/jre/lib/ext/sunjce_provider.jar
7f0bc8d0c000-7f0bc8d0e000 r--s 0000f000 07:00 2884222                    /usr/lib/jvm/java-6-openjdk-common/jre/lib/ext/pulse-java.jar
7f0bc8d0e000-7f0bc8d12000 r--s 00038000 07:00 2884224                    /usr/lib/jvm/java-6-openjdk-common/jre/lib/ext/sunpkcs11.jar
7f0bc8d12000-7f0bc8d15000 r--s 00077000 07:00 2884221                    /usr/lib/jvm/java-6-openjdk-common/jre/lib/ext/localedata.jar
7f0bc8d15000-7f0bc8d1d000 rw-s 00000000 07:00 691                        /tmp/hsperfdata_qyr1987/27259
7f0bc8d1d000-7f0bc8d1e000 rw-p 00000000 00:00 0 
7f0bc8d1e000-7f0bc8d1f000 r--p 00000000 00:00 0 
7f0bc8d1f000-7f0bc8d21000 rw-p 00000000 00:00 0 
7f0bc8d21000-7f0bc8d22000 r--p 00022000 07:00 136601                     /lib/x86_64-linux-gnu/ld-2.15.so
7f0bc8d22000-7f0bc8d24000 rw-p 00023000 07:00 136601                     /lib/x86_64-linux-gnu/ld-2.15.so
7fff4f964000-7fff4f983000 rwxp 00000000 00:00 0                          [stack]
7fff4f983000-7fff4f985000 rw-p 00000000 00:00 0 
7fff4f9ff000-7fff4fa00000 r-xp 00000000 00:00 0                          [vdso]
ffffffffff600000-ffffffffff601000 r-xp 00000000 00:00 0                  [vsyscall]

VM Arguments:
jvm_args: -Dfile.encoding=UTF-8 
java_command: edu.seas.upenn.ese519.MainFrame
Launcher Type: SUN_STANDARD

Environment Variables:
PATH=/home/qyr1987/bin:/usr/lib/lightdm/lightdm:/usr/local/sbin:/usr/local/bin:/usr/sbin:/usr/bin:/sbin:/bin:/usr/games
LD_LIBRARY_PATH=/usr/lib/jvm/java-6-openjdk-amd64/jre/lib/amd64/server:/usr/lib/jvm/java-6-openjdk-amd64/jre/lib/amd64:/usr/lib/jvm/java-6-openjdk-amd64/jre/../lib/amd64
SHELL=/bin/bash
DISPLAY=:0

Signal Handlers:
SIGSEGV: [libjvm.so+0x7852e0], sa_mask[0]=0x7ffbfeff, sa_flags=0x10000004
SIGBUS: [libjvm.so+0x7852e0], sa_mask[0]=0x7ffbfeff, sa_flags=0x10000004
SIGFPE: [libjvm.so+0x648d40], sa_mask[0]=0x7ffbfeff, sa_flags=0x10000004
SIGPIPE: [libjvm.so+0x648d40], sa_mask[0]=0x7ffbfeff, sa_flags=0x10000004
SIGXFSZ: [libjvm.so+0x648d40], sa_mask[0]=0x7ffbfeff, sa_flags=0x10000004
SIGILL: [libjvm.so+0x648d40], sa_mask[0]=0x7ffbfeff, sa_flags=0x10000004
SIGUSR1: SIG_DFL, sa_mask[0]=0x00000000, sa_flags=0x00000000
SIGUSR2: [libjvm.so+0x648ef0], sa_mask[0]=0x00000004, sa_flags=0x10000004
SIGHUP: [libjvm.so+0x64ba10], sa_mask[0]=0x7ffbfeff, sa_flags=0x10000004
SIGINT: [libjvm.so+0x64ba10], sa_mask[0]=0x7ffbfeff, sa_flags=0x10000004
SIGTERM: [libjvm.so+0x64ba10], sa_mask[0]=0x7ffbfeff, sa_flags=0x10000004
SIGQUIT: [libjvm.so+0x64ba10], sa_mask[0]=0x7ffbfeff, sa_flags=0x10000004


---------------  S Y S T E M  ---------------

OS:Ubuntu 12.04 (precise)
uname:Linux 3.2.0-33-generic #52-Ubuntu SMP Thu Oct 18 16:29:15 UTC 2012 x86_64
libc:glibc 2.15 NPTL 2.15 
rlimit: STACK 8192k, CORE 0k, NPROC 62854, NOFILE 4096, AS infinity
load average:0.36 0.32 0.35

/proc/meminfo:
MemTotal:        8062936 kB
MemFree:         1552732 kB
Buffers:         1497708 kB
Cached:          2008624 kB
SwapCached:          188 kB
Active:          3596376 kB
Inactive:        2427932 kB
Active(anon):    2161320 kB
Inactive(anon):   859996 kB
Active(file):    1435056 kB
Inactive(file):  1567936 kB
Unevictable:        2708 kB
Mlocked:              32 kB
SwapTotal:        262140 kB
SwapFree:         230184 kB
Dirty:               152 kB
Writeback:             0 kB
AnonPages:       2520388 kB
Mapped:           216664 kB
Shmem:            500664 kB
Slab:             309776 kB
SReclaimable:     233232 kB
SUnreclaim:        76544 kB
KernelStack:        4952 kB
PageTables:        48596 kB
NFS_Unstable:          0 kB
Bounce:                0 kB
WritebackTmp:          0 kB
CommitLimit:     4293608 kB
Committed_AS:    6533436 kB
VmallocTotal:   34359738367 kB
VmallocUsed:      414592 kB
VmallocChunk:   34359273976 kB
HardwareCorrupted:     0 kB
AnonHugePages:         0 kB
HugePages_Total:       0
HugePages_Free:        0
HugePages_Rsvd:        0
HugePages_Surp:        0
Hugepagesize:       2048 kB
DirectMap4k:      137216 kB
DirectMap2M:     8142848 kB


CPU:total 4 (2 cores per cpu, 2 threads per core) family 6 model 42 stepping 7, cmov, cx8, fxsr, mmx, sse, sse2, sse3, ssse3, sse4.1, sse4.2, popcnt, ht

Memory: 4k page, physical 8062936k(1552732k free), swap 262140k(230184k free)

vm_info: OpenJDK 64-Bit Server VM (20.0-b12) for linux-amd64 JRE (1.6.0_24-b24), built on Oct 24 2012 16:17:28 by "buildd" with gcc 4.6.3

time: Mon Nov 26 15:21:54 2012
elapsed time: 7 seconds

