#
# A fatal error has been detected by the Java Runtime Environment:
#
#  SIGSEGV (0xb) at pc=0x00007f810ba4e59d, pid=25685, tid=140191848797952
#
# JRE version: 6.0_24-b24
# Java VM: OpenJDK 64-Bit Server VM (20.0-b12 mixed mode linux-amd64 compressed oops)
# Derivative: IcedTea6 1.11.5
# Distribution: Ubuntu 12.04 LTS, package 6b24-1.11.5-0ubuntu1~12.04.1
# Problematic frame:
# C  [libXnVFeatures_1_5_2.so+0x8b59d]  Segmentation::detectionByPoint(bool, std::vector<Vector2D<int>, std::allocator<Vector2D<int> > > const*)+0x8d
#
# If you would like to submit a bug report, please include
# instructions how to reproduce the bug and visit:
#   https://bugs.launchpad.net/ubuntu/+source/openjdk-6/
# The crash happened outside the Java Virtual Machine in native code.
# See problematic frame for where to report the bug.
#

---------------  T H R E A D  ---------------

Current thread (0x00007f80ec00b800):  JavaThread "Thread-3" [_thread_in_native, id=25724, stack(0x00007f80f5491000,0x00007f80f5592000)]

siginfo:si_signo=SIGSEGV: si_errno=0, si_code=2 (SEGV_ACCERR), si_addr=0x00007f80d80a459a

Registers:
RAX=0x00000000000000ed, RBX=0x00007f80d8000c90, RCX=0x00007f80d8096cc0, RDX=0x00000000000000ac
RSP=0x00007f80f5590280, RBP=0x00007f8103806e60, RSI=0x0000000000006c6d, RDI=0x00007f8103806fe0
R8 =0x0000000000000000, R9 =0x0101010101010101, R10=0x00007f81038c5a21, R11=0x00007f8153493c9c
R12=0x00007f810bff0d88, R13=0x00007f80f55903e0, R14=0x00007f8102876050, R15=0x0000000000000000
RIP=0x00007f810ba4e59d, EFLAGS=0x0000000000010202, CSGSFS=0x0000000000000033, ERR=0x0000000000000004
  TRAPNO=0x000000000000000e

Top of Stack: (sp=0x00007f80f5590280)
0x00007f80f5590280:   00007f80d80a02d0 7fffffff00000000
0x00007f80f5590290:   00007f80d80a02d0 00007f8103806fe0
0x00007f80f55902a0:   00007f81038082e0 00007f8103806e60
0x00007f80f55902b0:   00007f8103806fe0 00007f8103801d80
0x00007f80f55902c0:   00007f80f55903e0 00007f8102876050
0x00007f80f55902d0:   0000000000000000 00007f810ba55bc0
0x00007f80f55902e0:   000000000023aaf2 000000000023aaf2
0x00007f80f55902f0:   0000000000000000 3ff0000000000000
0x00007f80f5590300:   00007f810bff15a8 0000000000000001
0x00007f80f5590310:   0000000000000040 00007f8102876010
0x00007f80f5590320:   00007f8103801d80 00007f81037e0f88
0x00007f80f5590330:   00007f8102876050 00007f8102876028
0x00007f80f5590340:   00007f80f55903e0 00007f810ba3e99b
0x00007f80f5590350:   00007f81038f7190 0000000000000008
0x00007f80f5590360:   0000000000238ac2 0000000000238ac2
0x00007f80f5590370:   0000000000000000 3ff0000000000000
0x00007f80f5590380:   0000000000000000 00007f810ba188bd
0x00007f80f5590390:   00007f80f5590400 00007f8153fe801c
0x00007f80f55903a0:   0000000000000001 00007f8153fe8000
0x00007f80f55903b0:   00007f814cbfd310 00007f814c25b010
0x00007f80f55903c0:   00007f80ec00b800 00007f810ba1403f
0x00007f80f55903d0:   0000000000000158 00007f81397e6489
0x00007f80f55903e0:   00007f80d8000c90 00007f80d8000c98
0x00007f80f55903f0:   00007f80d8000c98 00007f80d8000b71
0x00007f80f5590400:   000000ac000000ed 00007f814cbfd310
0x00007f80f5590410:   00007f814cbfd310 00007f814cbfd310
0x00007f80f5590420:   00007f814d26fa80 0000000000000051
0x00007f80f5590430:   00007f80f1dbb160 00007f810ba145bf
0x00007f80f5590440:   00007f810bfd8af0 00007f81523df4ec
0x00007f80f5590450:   00007f810bfdad10 0000000000000000
0x00007f80f5590460:   000000000019f7c7 0009600000000001
0x00007f80f5590470:   ffffffff00000001 00007f80f55904b4 

Instructions: (pc=0x00007f810ba4e59d)
0x00007f810ba4e57d:   39 5d 08 0f 84 d2 01 00 00 8b 53 04 41 8b 74 24
0x00007f810ba4e58d:   3c 49 8b 4c 24 28 8b 03 0f af f2 48 8b 09 01 c6
0x00007f810ba4e59d:   66 83 3c 71 00 74 d4 48 63 8d 88 01 00 00 48 8b
0x00007f810ba4e5ad:   7c 24 18 48 69 c9 d8 03 00 00 48 8d 74 0f 10 48 

Register to memory mapping:

RAX=0x00000000000000ed is an unknown value
RBX=0x00007f80d8000c90 is an unknown value
RCX=0x00007f80d8096cc0 is an unknown value
RDX=0x00000000000000ac is an unknown value
RSP=0x00007f80f5590280 is pointing into the stack for thread: 0x00007f80ec00b800
RBP=0x00007f8103806e60 is an unknown value
RSI=0x0000000000006c6d is an unknown value
RDI=0x00007f8103806fe0 is an unknown value
R8 =0x0000000000000000 is an unknown value
R9 =0x0101010101010101 is an unknown value
R10=0x00007f81038c5a21 is an unknown value
R11=0x00007f8153493c9c: <offset 0x8bc9c> in /lib/x86_64-linux-gnu/libc.so.6 at 0x00007f8153408000
R12=0x00007f810bff0d88: <offset 0x62dd88> in /usr/lib/libXnVFeatures_1_5_2.so at 0x00007f810b9c3000
R13=0x00007f80f55903e0 is pointing into the stack for thread: 0x00007f80ec00b800
R14=0x00007f8102876050 is an unknown value
R15=0x0000000000000000 is an unknown value


Stack: [0x00007f80f5491000,0x00007f80f5592000],  sp=0x00007f80f5590280,  free space=1020k
Native frames: (J=compiled Java code, j=interpreted, Vv=VM code, C=native code)
C  [libXnVFeatures_1_5_2.so+0x8b59d]  Segmentation::detectionByPoint(bool, std::vector<Vector2D<int>, std::allocator<Vector2D<int> > > const*)+0x8d

Java frames: (J=compiled Java code, j=interpreted, Vv=VM code)
j  org.OpenNI.NativeMethods.xnWaitAnyUpdateAll(J)I+0
j  org.OpenNI.Context.waitAnyUpdateAll()V+4
j  edu.seas.upenn.ese519.OverlayPanel.run()V+12
j  java.lang.Thread.run()V+11
v  ~StubRoutines::call_stub

---------------  P R O C E S S  ---------------

Java Threads: ( => current thread )
  0x00007f80ec00d800 JavaThread "Thread-4" [_thread_blocked, id=25725, stack(0x00007f80f5390000,0x00007f80f5491000)]
=>0x00007f80ec00b800 JavaThread "Thread-3" [_thread_in_native, id=25724, stack(0x00007f80f5491000,0x00007f80f5592000)]
  0x00007f80ec00a000 JavaThread "Thread-2" [_thread_blocked, id=25723, stack(0x00007f80f5592000,0x00007f80f5693000)]
  0x00007f80ec009000 JavaThread "Thread-1" [_thread_blocked, id=25722, stack(0x00007f80f5693000,0x00007f80f5794000)]
  0x00007f814c007800 JavaThread "DestroyJavaVM" [_thread_blocked, id=25691, stack(0x00007f8153ee2000,0x00007f8153fe3000)]
  0x00007f80f1dd2000 JavaThread "AWT-EventQueue-0" [_thread_blocked, id=25718, stack(0x00007f81002dd000,0x00007f81003de000)]
  0x00007f80f1dce800 JavaThread "AWT-Shutdown" [_thread_blocked, id=25717, stack(0x00007f81003de000,0x00007f81004df000)]
  0x00007f814c233800 JavaThread "AWT-XAWT" daemon [_thread_in_native, id=25706, stack(0x00007f8139c38000,0x00007f8139d39000)]
  0x00007f814c134000 JavaThread "Java2D Disposer" daemon [_thread_blocked, id=25704, stack(0x00007f813a16e000,0x00007f813a26f000)]
  0x00007f814c09e000 JavaThread "Low Memory Detector" daemon [_thread_blocked, id=25702, stack(0x00007f813beff000,0x00007f813c000000)]
  0x00007f814c09b800 JavaThread "C2 CompilerThread1" daemon [_thread_blocked, id=25701, stack(0x00007f8148081000,0x00007f8148182000)]
  0x00007f814c098800 JavaThread "C2 CompilerThread0" daemon [_thread_blocked, id=25700, stack(0x00007f8148182000,0x00007f8148283000)]
  0x00007f814c097800 JavaThread "Signal Dispatcher" daemon [_thread_blocked, id=25699, stack(0x00007f8148283000,0x00007f8148384000)]
  0x00007f814c078000 JavaThread "Finalizer" daemon [_thread_blocked, id=25698, stack(0x00007f81487f8000,0x00007f81488f9000)]
  0x00007f814c076000 JavaThread "Reference Handler" daemon [_thread_blocked, id=25697, stack(0x00007f81488f9000,0x00007f81489fa000)]

Other Threads:
  0x00007f814c06f000 VMThread [stack: 0x00007f81489fa000,0x00007f8148afb000] [id=25696]
  0x00007f814c0a8800 WatcherThread [stack: 0x00007f813bdfe000,0x00007f813beff000] [id=25703]

VM state:not at safepoint (normal execution)

VM Mutex/Monitor currently owned by a thread: None

Heap
 PSYoungGen      total 36736K, used 9338K [0x00000007d6f60000, 0x00000007d9860000, 0x0000000800000000)
  eden space 31488K, 29% used [0x00000007d6f60000,0x00000007d787ebd8,0x00000007d8e20000)
  from space 5248K, 0% used [0x00000007d9340000,0x00000007d9340000,0x00000007d9860000)
  to   space 5248K, 0% used [0x00000007d8e20000,0x00000007d8e20000,0x00000007d9340000)
 PSOldGen        total 84032K, used 0K [0x0000000784e00000, 0x000000078a010000, 0x00000007d6f60000)
  object space 84032K, 0% used [0x0000000784e00000,0x0000000784e00000,0x000000078a010000)
 PSPermGen       total 21248K, used 12919K [0x000000077a800000, 0x000000077bcc0000, 0x0000000784e00000)
  object space 21248K, 60% used [0x000000077a800000,0x000000077b49dda0,0x000000077bcc0000)

Code Cache  [0x00007f8149000000, 0x00007f8149270000, 0x00007f814c000000)
 total_blobs=478 nmethods=29 adapters=404 free_code_cache=49724992 largest_free_block=12480

Dynamic libraries:
00400000-00409000 r-xp 00000000 07:00 2884059                            /usr/lib/jvm/java-6-openjdk-amd64/jre/bin/java
00608000-00609000 r--p 00008000 07:00 2884059                            /usr/lib/jvm/java-6-openjdk-amd64/jre/bin/java
00609000-0060a000 rw-p 00009000 07:00 2884059                            /usr/lib/jvm/java-6-openjdk-amd64/jre/bin/java
00aa0000-00ac1000 rw-p 00000000 00:00 0                                  [heap]
77a800000-77bcc0000 rw-p 00000000 00:00 0 
77bcc0000-784e00000 rw-p 00000000 00:00 0 
784e00000-78a010000 rw-p 00000000 00:00 0 
78a010000-7d6f60000 rw-p 00000000 00:00 0 
7d6f60000-7d9860000 rw-p 00000000 00:00 0 
7d9860000-800000000 rw-p 00000000 00:00 0 
7f80d8000000-7f80d8188000 rw-p 00000000 00:00 0 
7f80d8188000-7f80dc000000 ---p 00000000 00:00 0 
7f80dc000000-7f80dc021000 rw-p 00000000 00:00 0 
7f80dc021000-7f80e0000000 ---p 00000000 00:00 0 
7f80e0000000-7f80e0021000 rw-p 00000000 00:00 0 
7f80e0021000-7f80e4000000 ---p 00000000 00:00 0 
7f80e4000000-7f80e4021000 rw-p 00000000 00:00 0 
7f80e4021000-7f80e8000000 ---p 00000000 00:00 0 
7f80e8000000-7f80e8021000 rw-p 00000000 00:00 0 
7f80e8021000-7f80ec000000 ---p 00000000 00:00 0 
7f80ec000000-7f80ec021000 rw-p 00000000 00:00 0 
7f80ec021000-7f80f0000000 ---p 00000000 00:00 0 
7f80f0000000-7f80f1e4d000 rw-p 00000000 00:00 0 
7f80f1e4d000-7f80f4000000 ---p 00000000 00:00 0 
7f80f5390000-7f80f5393000 ---p 00000000 00:00 0 
7f80f5393000-7f80f5491000 rwxp 00000000 00:00 0 
7f80f5491000-7f80f5494000 ---p 00000000 00:00 0 
7f80f5494000-7f80f5592000 rwxp 00000000 00:00 0 
7f80f5592000-7f80f5595000 ---p 00000000 00:00 0 
7f80f5595000-7f80f5693000 rwxp 00000000 00:00 0 
7f80f5693000-7f80f5696000 ---p 00000000 00:00 0 
7f80f5696000-7f80f5794000 rwxp 00000000 00:00 0 
7f80f5794000-7f80f579c000 r-xp 00000000 07:00 2884097                    /usr/lib/jvm/java-6-openjdk-amd64/jre/lib/amd64/libnio.so
7f80f579c000-7f80f599b000 ---p 00008000 07:00 2884097                    /usr/lib/jvm/java-6-openjdk-amd64/jre/lib/amd64/libnio.so
7f80f599b000-7f80f599c000 r--p 00007000 07:00 2884097                    /usr/lib/jvm/java-6-openjdk-amd64/jre/lib/amd64/libnio.so
7f80f599c000-7f80f599d000 rw-p 00008000 07:00 2884097                    /usr/lib/jvm/java-6-openjdk-amd64/jre/lib/amd64/libnio.so
7f80f599d000-7f80f701d000 r--s 00000000 00:12 1355827                    /run/shm/25708_045e.02ae@1.52_Image
7f80f701d000-7f80f747e000 rw-p 00000000 00:00 0 
7f80f747f000-7f80fc000000 rw-p 00000000 00:00 0 
7f80fc000000-7f80fc029000 rw-p 00000000 00:00 0 
7f80fc029000-7f8100000000 ---p 00000000 00:00 0 
7f81000c7000-7f81000dc000 r-xp 00000000 07:00 2884096                    /usr/lib/jvm/java-6-openjdk-amd64/jre/lib/amd64/libnet.so
7f81000dc000-7f81002db000 ---p 00015000 07:00 2884096                    /usr/lib/jvm/java-6-openjdk-amd64/jre/lib/amd64/libnet.so
7f81002db000-7f81002dc000 r--p 00014000 07:00 2884096                    /usr/lib/jvm/java-6-openjdk-amd64/jre/lib/amd64/libnet.so
7f81002dc000-7f81002dd000 rw-p 00015000 07:00 2884096                    /usr/lib/jvm/java-6-openjdk-amd64/jre/lib/amd64/libnet.so
7f81002dd000-7f81002e0000 ---p 00000000 00:00 0 
7f81002e0000-7f81003de000 rwxp 00000000 00:00 0 
7f81003de000-7f81003e1000 ---p 00000000 00:00 0 
7f81003e1000-7f81004df000 rwxp 00000000 00:00 0 
7f81004df000-7f81038f8000 rw-p 00000000 00:00 0 
7f81038f8000-7f8104000000 r--s 00000000 00:12 1355824                    /run/shm/25708_045e.02ae@1.52_Depth
7f8104000000-7f8104026000 rw-p 00000000 00:00 0 
7f8104026000-7f8108000000 ---p 00000000 00:00 0 
7f8108061000-7f810818e000 rw-p 00000000 00:00 0 
7f810818e000-7f810818f000 ---p 00000000 00:00 0 
7f810818f000-7f810898f000 rwxp 00000000 00:00 0 
7f810898f000-7f8109083000 rw-p 00000000 00:00 0 
7f8109083000-7f810978b000 r--s 00000000 00:12 1355824                    /run/shm/25708_045e.02ae@1.52_Depth
7f810978b000-7f81098b8000 rw-p 00000000 00:00 0 
7f81098b8000-7f81098b9000 ---p 00000000 00:00 0 
7f81098b9000-7f810a0b9000 rwxp 00000000 00:00 0 
7f810a0b9000-7f810a4ba000 rw-p 00000000 00:00 0 
7f810a4ba000-7f810a4e1000 r-xp 00000000 07:00 2759918                    /usr/lib/libXnDeviceFile.so
7f810a4e1000-7f810a6e1000 ---p 00027000 07:00 2759918                    /usr/lib/libXnDeviceFile.so
7f810a6e1000-7f810a6e3000 r--p 00027000 07:00 2759918                    /usr/lib/libXnDeviceFile.so
7f810a6e3000-7f810a6e4000 rw-p 00029000 07:00 2759918                    /usr/lib/libXnDeviceFile.so
7f810a6e4000-7f810a72c000 r-xp 00000000 07:00 2759917                    /usr/lib/libXnDDK.so
7f810a72c000-7f810a92c000 ---p 00048000 07:00 2759917                    /usr/lib/libXnDDK.so
7f810a92c000-7f810a92f000 r--p 00048000 07:00 2759917                    /usr/lib/libXnDDK.so
7f810a92f000-7f810a931000 rw-p 0004b000 07:00 2759917                    /usr/lib/libXnDDK.so
7f810a931000-7f810a955000 r-xp 00000000 07:00 2759920                    /usr/lib/libXnFormats.so
7f810a955000-7f810ab55000 ---p 00024000 07:00 2759920                    /usr/lib/libXnFormats.so
7f810ab55000-7f810ab56000 r--p 00024000 07:00 2759920                    /usr/lib/libXnFormats.so
7f810ab56000-7f810ab57000 rw-p 00025000 07:00 2759920                    /usr/lib/libXnFormats.so
7f810ab57000-7f810ab77000 rw-p 00000000 00:00 0 
7f810ab77000-7f810ac00000 r-xp 00000000 07:00 2759919                    /usr/lib/libXnDeviceSensorV2KM.so
7f810ac00000-7f810adff000 ---p 00089000 07:00 2759919                    /usr/lib/libXnDeviceSensorV2KM.so
7f810adff000-7f810ae0f000 r--p 00088000 07:00 2759919                    /usr/lib/libXnDeviceSensorV2KM.so
7f810ae0f000-7f810ae10000 rw-p 00098000 07:00 2759919                    /usr/lib/libXnDeviceSensorV2KM.so
7f810ae10000-7f810af04000 r-xp 00000000 07:00 2759934                    /usr/lib/libXnVHandGenerator_1_5_2.so
7f810af04000-7f810b103000 ---p 000f4000 07:00 2759934                    /usr/lib/libXnVHandGenerator_1_5_2.so
7f810b103000-7f810b108000 r--p 000f3000 07:00 2759934                    /usr/lib/libXnVHandGenerator_1_5_2.so
7f810b108000-7f810b109000 rw-p 000f8000 07:00 2759934                    /usr/lib/libXnVHandGenerator_1_5_2.so
7f810b109000-7f810b117000 rw-p 00000000 00:00 0 
7f810b117000-7f810b1ef000 r-xp 00000000 07:00 2759933                    /usr/lib/libXnVHandGenerator_1_4_2.so
7f810b1ef000-7f810b3ee000 ---p 000d8000 07:00 2759933                    /usr/lib/libXnVHandGenerator_1_4_2.so
7f810b3ee000-7f810b3f3000 r--p 000d7000 07:00 2759933                    /usr/lib/libXnVHandGenerator_1_4_2.so
7f810b3f3000-7f810b3f4000 rw-p 000dc000 07:00 2759933                    /usr/lib/libXnVHandGenerator_1_4_2.so
7f810b3f4000-7f810b3f7000 rw-p 00000000 00:00 0 
7f810b3f7000-7f810b4cf000 r-xp 00000000 07:00 2759932                    /usr/lib/libXnVHandGenerator_1_4_1.so
7f810b4cf000-7f810b6ce000 ---p 000d8000 07:00 2759932                    /usr/lib/libXnVHandGenerator_1_4_1.so
7f810b6ce000-7f810b6d3000 r--p 000d7000 07:00 2759932                    /usr/lib/libXnVHandGenerator_1_4_1.so
7f810b6d3000-7f810b6d4000 rw-p 000dc000 07:00 2759932                    /usr/lib/libXnVHandGenerator_1_4_1.so
7f810b6d4000-7f810b6d7000 rw-p 00000000 00:00 0 
7f810b6d7000-7f810b7ba000 r-xp 00000000 07:00 2759931                    /usr/lib/libXnVHandGenerator_1_3_1.so
7f810b7ba000-7f810b9ba000 ---p 000e3000 07:00 2759931                    /usr/lib/libXnVHandGenerator_1_3_1.so
7f810b9ba000-7f810b9bf000 r--p 000e3000 07:00 2759931                    /usr/lib/libXnVHandGenerator_1_3_1.so
7f810b9bf000-7f810b9c0000 rw-p 000e8000 07:00 2759931                    /usr/lib/libXnVHandGenerator_1_3_1.so
7f810b9c0000-7f810b9c3000 rw-p 00000000 00:00 0 
7f810b9c3000-7f810bdd8000 r-xp 00000000 07:00 2759929                    /usr/lib/libXnVFeatures_1_5_2.so
7f810bdd8000-7f810bfd8000 ---p 00415000 07:00 2759929                    /usr/lib/libXnVFeatures_1_5_2.so
7f810bfd8000-7f810bfe9000 r--p 00415000 07:00 2759929                    /usr/lib/libXnVFeatures_1_5_2.so
7f810bfe9000-7f810bfeb000 rw-p 00426000 07:00 2759929                    /usr/lib/libXnVFeatures_1_5_2.so
7f810bfeb000-7f810c000000 rw-p 00000000 00:00 0 
7f810c000000-7f810c021000 rw-p 00000000 00:00 0 
7f810c021000-7f8110000000 ---p 00000000 00:00 0 
7f8110000000-7f8110021000 rw-p 00000000 00:00 0 
7f8110021000-7f8114000000 ---p 00000000 00:00 0 
7f8114000000-7f8114021000 rw-p 00000000 00:00 0 
7f8114021000-7f8118000000 ---p 00000000 00:00 0 
7f8118000000-7f8118021000 rw-p 00000000 00:00 0 
7f8118021000-7f811c000000 ---p 00000000 00:00 0 
7f811c000000-7f811c37a000 rw-p 00000000 00:00 0 
7f811c37a000-7f8120000000 ---p 00000000 00:00 0 
7f8120000000-7f812035d000 rw-p 00000000 00:00 0 
7f812035d000-7f8124000000 ---p 00000000 00:00 0 
7f8124000000-7f8124021000 rw-p 00000000 00:00 0 
7f8124021000-7f8128000000 ---p 00000000 00:00 0 
7f8128000000-7f8128021000 rw-p 00000000 00:00 0 
7f8128021000-7f812c000000 ---p 00000000 00:00 0 
7f812c000000-7f812c021000 rw-p 00000000 00:00 0 
7f812c021000-7f8130000000 ---p 00000000 00:00 0 
7f8130000000-7f8130021000 rw-p 00000000 00:00 0 
7f8130021000-7f8134000000 ---p 00000000 00:00 0 
7f8134000000-7f8134021000 rw-p 00000000 00:00 0 
7f8134021000-7f8138000000 ---p 00000000 00:00 0 
7f8138064000-7f8138067000 r-xp 00000000 07:00 2759916                    /usr/lib/libXnCore.so
7f8138067000-7f8138266000 ---p 00003000 07:00 2759916                    /usr/lib/libXnCore.so
7f8138266000-7f8138267000 r--p 00002000 07:00 2759916                    /usr/lib/libXnCore.so
7f8138267000-7f8138268000 rw-p 00003000 07:00 2759916                    /usr/lib/libXnCore.so
7f8138268000-7f813845f000 r-xp 00000000 07:00 2759928                    /usr/lib/libXnVFeatures_1_4_2.so
7f813845f000-7f813865e000 ---p 001f7000 07:00 2759928                    /usr/lib/libXnVFeatures_1_4_2.so
7f813865e000-7f8138664000 r--p 001f6000 07:00 2759928                    /usr/lib/libXnVFeatures_1_4_2.so
7f8138664000-7f8138665000 rw-p 001fc000 07:00 2759928                    /usr/lib/libXnVFeatures_1_4_2.so
7f8138665000-7f813866b000 rw-p 00000000 00:00 0 
7f813866b000-7f8138862000 r-xp 00000000 07:00 2759927                    /usr/lib/libXnVFeatures_1_4_1.so
7f8138862000-7f8138a61000 ---p 001f7000 07:00 2759927                    /usr/lib/libXnVFeatures_1_4_1.so
7f8138a61000-7f8138a67000 r--p 001f6000 07:00 2759927                    /usr/lib/libXnVFeatures_1_4_1.so
7f8138a67000-7f8138a68000 rw-p 001fc000 07:00 2759927                    /usr/lib/libXnVFeatures_1_4_1.so
7f8138a68000-7f8138a6e000 rw-p 00000000 00:00 0 
7f8138a6e000-7f8138cb3000 r-xp 00000000 07:00 2759926                    /usr/lib/libXnVFeatures_1_3_1.so
7f8138cb3000-7f8138eb3000 ---p 00245000 07:00 2759926                    /usr/lib/libXnVFeatures_1_3_1.so
7f8138eb3000-7f8138eb9000 r--p 00245000 07:00 2759926                    /usr/lib/libXnVFeatures_1_3_1.so
7f8138eb9000-7f8138eba000 rw-p 0024b000 07:00 2759926                    /usr/lib/libXnVFeatures_1_3_1.so
7f8138eba000-7f8138ec1000 rw-p 00000000 00:00 0 
7f8138ec1000-7f8138edf000 r-xp 00000000 07:00 2760368                    /usr/lib/libnimRecorder.so
7f8138edf000-7f81390de000 ---p 0001e000 07:00 2760368                    /usr/lib/libnimRecorder.so
7f81390de000-7f81390e0000 r--p 0001d000 07:00 2760368                    /usr/lib/libnimRecorder.so
7f81390e0000-7f81390e1000 rw-p 0001f000 07:00 2760368                    /usr/lib/libnimRecorder.so
7f81390e1000-7f8139117000 r-xp 00000000 07:00 2760366                    /usr/lib/libnimCodecs.so
7f8139117000-7f8139317000 ---p 00036000 07:00 2760366                    /usr/lib/libnimCodecs.so
7f8139317000-7f813931a000 r--p 00036000 07:00 2760366                    /usr/lib/libnimCodecs.so
7f813931a000-7f813931b000 rw-p 00039000 07:00 2760366                    /usr/lib/libnimCodecs.so
7f813931b000-7f813933b000 rw-p 00000000 00:00 0 
7f813933b000-7f8139372000 r-xp 00000000 07:00 2760367                    /usr/lib/libnimMockNodes.so
7f8139372000-7f8139571000 ---p 00037000 07:00 2760367                    /usr/lib/libnimMockNodes.so
7f8139571000-7f813957e000 r--p 00036000 07:00 2760367                    /usr/lib/libnimMockNodes.so
7f813957e000-7f813957f000 rw-p 00043000 07:00 2760367                    /usr/lib/libnimMockNodes.so
7f813957f000-7f813958d000 r-xp 00000000 07:00 136665                     /lib/x86_64-linux-gnu/libusb-1.0.so.0.1.0
7f813958d000-7f813978c000 ---p 0000e000 07:00 136665                     /lib/x86_64-linux-gnu/libusb-1.0.so.0.1.0
7f813978c000-7f813978d000 r--p 0000d000 07:00 136665                     /lib/x86_64-linux-gnu/libusb-1.0.so.0.1.0
7f813978d000-7f813978e000 rw-p 0000e000 07:00 136665                     /lib/x86_64-linux-gnu/libusb-1.0.so.0.1.0
7f813978e000-7f813980b000 r-xp 00000000 07:00 2759909                    /usr/lib/libOpenNI.so
7f813980b000-7f8139a0a000 ---p 0007d000 07:00 2759909                    /usr/lib/libOpenNI.so
7f8139a0a000-7f8139a0d000 r--p 0007c000 07:00 2759909                    /usr/lib/libOpenNI.so
7f8139a0d000-7f8139a10000 rw-p 0007f000 07:00 2759909                    /usr/lib/libOpenNI.so
7f8139a10000-7f8139a11000 rw-p 00000000 00:00 0 
7f8139a11000-7f8139a35000 r-xp 00000000 07:00 2759908                    /usr/lib/libOpenNI.jni.so
7f8139a35000-7f8139c34000 ---p 00024000 07:00 2759908                    /usr/lib/libOpenNI.jni.so
7f8139c34000-7f8139c35000 r--p 00023000 07:00 2759908                    /usr/lib/libOpenNI.jni.so
7f8139c35000-7f8139c38000 rw-p 00024000 07:00 2759908                    /usr/lib/libOpenNI.jni.so
7f8139c38000-7f8139d39000 rwxp 00000000 00:00 0 
7f8139d39000-7f8139d3e000 r-xp 00000000 07:00 2766745                    /usr/lib/x86_64-linux-gnu/libXfixes.so.3.1.0
7f8139d3e000-7f8139f3d000 ---p 00005000 07:00 2766745                    /usr/lib/x86_64-linux-gnu/libXfixes.so.3.1.0
7f8139f3d000-7f8139f3e000 r--p 00004000 07:00 2766745                    /usr/lib/x86_64-linux-gnu/libXfixes.so.3.1.0
7f8139f3e000-7f8139f3f000 rw-p 00005000 07:00 2766745                    /usr/lib/x86_64-linux-gnu/libXfixes.so.3.1.0
7f8139f3f000-7f8139f48000 r-xp 00000000 07:00 2766737                    /usr/lib/x86_64-linux-gnu/libXcursor.so.1.0.2
7f8139f48000-7f813a147000 ---p 00009000 07:00 2766737                    /usr/lib/x86_64-linux-gnu/libXcursor.so.1.0.2
7f813a147000-7f813a148000 r--p 00008000 07:00 2766737                    /usr/lib/x86_64-linux-gnu/libXcursor.so.1.0.2
7f813a148000-7f813a149000 rw-p 00009000 07:00 2766737                    /usr/lib/x86_64-linux-gnu/libXcursor.so.1.0.2
7f813a16e000-7f813a26f000 rwxp 00000000 00:00 0 
7f813a26f000-7f813a305000 r-xp 00000000 07:00 2767280                    /usr/lib/x86_64-linux-gnu/libfreetype.so.6.8.0
7f813a305000-7f813a504000 ---p 00096000 07:00 2767280                    /usr/lib/x86_64-linux-gnu/libfreetype.so.6.8.0
7f813a504000-7f813a50a000 r--p 00095000 07:00 2767280                    /usr/lib/x86_64-linux-gnu/libfreetype.so.6.8.0
7f813a50a000-7f813a50b000 rw-p 0009b000 07:00 2767280                    /usr/lib/x86_64-linux-gnu/libfreetype.so.6.8.0
7f813a50b000-7f813a545000 r-xp 00000000 07:00 2884078                    /usr/lib/jvm/java-6-openjdk-amd64/jre/lib/amd64/libfontmanager.so
7f813a545000-7f813a744000 ---p 0003a000 07:00 2884078                    /usr/lib/jvm/java-6-openjdk-amd64/jre/lib/amd64/libfontmanager.so
7f813a744000-7f813a746000 r--p 00039000 07:00 2884078                    /usr/lib/jvm/java-6-openjdk-amd64/jre/lib/amd64/libfontmanager.so
7f813a746000-7f813a747000 rw-p 0003b000 07:00 2884078                    /usr/lib/jvm/java-6-openjdk-amd64/jre/lib/amd64/libfontmanager.so
7f813a747000-7f813a74c000 r-xp 00000000 07:00 2766741                    /usr/lib/x86_64-linux-gnu/libXdmcp.so.6.0.0
7f813a74c000-7f813a94b000 ---p 00005000 07:00 2766741                    /usr/lib/x86_64-linux-gnu/libXdmcp.so.6.0.0
7f813a94b000-7f813a94c000 r--p 00004000 07:00 2766741                    /usr/lib/x86_64-linux-gnu/libXdmcp.so.6.0.0
7f813a94c000-7f813a94d000 rw-p 00005000 07:00 2766741                    /usr/lib/x86_64-linux-gnu/libXdmcp.so.6.0.0
7f813a94d000-7f813a94f000 r-xp 00000000 07:00 2766732                    /usr/lib/x86_64-linux-gnu/libXau.so.6.0.0
7f813a94f000-7f813ab4e000 ---p 00002000 07:00 2766732                    /usr/lib/x86_64-linux-gnu/libXau.so.6.0.0
7f813ab4e000-7f813ab4f000 r--p 00001000 07:00 2766732                    /usr/lib/x86_64-linux-gnu/libXau.so.6.0.0
7f813ab4f000-7f813ab50000 rw-p 00002000 07:00 2766732                    /usr/lib/x86_64-linux-gnu/libXau.so.6.0.0
7f813ab50000-7f813ab6d000 r-xp 00000000 07:00 2767626                    /usr/lib/x86_64-linux-gnu/libxcb.so.1.1.0
7f813ab6d000-7f813ad6c000 ---p 0001d000 07:00 2767626                    /usr/lib/x86_64-linux-gnu/libxcb.so.1.1.0
7f813ad6c000-7f813ad6d000 r--p 0001c000 07:00 2767626                    /usr/lib/x86_64-linux-gnu/libxcb.so.1.1.0
7f813ad6d000-7f813ad6e000 rw-p 0001d000 07:00 2767626                    /usr/lib/x86_64-linux-gnu/libxcb.so.1.1.0
7f813ad6e000-7f813ad7c000 r-xp 00000000 07:00 2766749                    /usr/lib/x86_64-linux-gnu/libXi.so.6.1.0
7f813ad7c000-7f813af7b000 ---p 0000e000 07:00 2766749                    /usr/lib/x86_64-linux-gnu/libXi.so.6.1.0
7f813af7b000-7f813af7c000 r--p 0000d000 07:00 2766749                    /usr/lib/x86_64-linux-gnu/libXi.so.6.1.0
7f813af7c000-7f813af7d000 rw-p 0000e000 07:00 2766749                    /usr/lib/x86_64-linux-gnu/libXi.so.6.1.0
7f813af7d000-7f813af82000 r-xp 00000000 07:00 2766764                    /usr/lib/x86_64-linux-gnu/libXtst.so.6.1.0
7f813af82000-7f813b181000 ---p 00005000 07:00 2766764                    /usr/lib/x86_64-linux-gnu/libXtst.so.6.1.0
7f813b181000-7f813b182000 r--p 00004000 07:00 2766764                    /usr/lib/x86_64-linux-gnu/libXtst.so.6.1.0
7f813b182000-7f813b183000 rw-p 00005000 07:00 2766764                    /usr/lib/x86_64-linux-gnu/libXtst.so.6.1.0
7f813b183000-7f813b18c000 r-xp 00000000 07:00 2766760                    /usr/lib/x86_64-linux-gnu/libXrender.so.1.3.0
7f813b18c000-7f813b38b000 ---p 00009000 07:00 2766760                    /usr/lib/x86_64-linux-gnu/libXrender.so.1.3.0
7f813b38b000-7f813b38c000 r--p 00008000 07:00 2766760                    /usr/lib/x86_64-linux-gnu/libXrender.so.1.3.0
7f813b38c000-7f813b38d000 rw-p 00009000 07:00 2766760                    /usr/lib/x86_64-linux-gnu/libXrender.so.1.3.0
7f813b38d000-7f813b4bc000 r-xp 00000000 07:00 2766730                    /usr/lib/x86_64-linux-gnu/libX11.so.6.3.0
7f813b4bc000-7f813b6bc000 ---p 0012f000 07:00 2766730                    /usr/lib/x86_64-linux-gnu/libX11.so.6.3.0
7f813b6bc000-7f813b6bd000 r--p 0012f000 07:00 2766730                    /usr/lib/x86_64-linux-gnu/libX11.so.6.3.0
7f813b6bd000-7f813b6c1000 rw-p 00130000 07:00 2766730                    /usr/lib/x86_64-linux-gnu/libX11.so.6.3.0
7f813b6c1000-7f813b6d1000 r-xp 00000000 07:00 2766743                    /usr/lib/x86_64-linux-gnu/libXext.so.6.4.0
7f813b6d1000-7f813b8d0000 ---p 00010000 07:00 2766743                    /usr/lib/x86_64-linux-gnu/libXext.so.6.4.0
7f813b8d0000-7f813b8d1000 r--p 0000f000 07:00 2766743                    /usr/lib/x86_64-linux-gnu/libXext.so.6.4.0
7f813b8d1000-7f813b8d2000 rw-p 00010000 07:00 2766743                    /usr/lib/x86_64-linux-gnu/libXext.so.6.4.0
7f813b8d2000-7f813b91d000 r-xp 00000000 07:00 2884115                    /usr/lib/jvm/java-6-openjdk-amd64/jre/lib/amd64/xawt/libmawt.so
7f813b91d000-7f813bb1d000 ---p 0004b000 07:00 2884115                    /usr/lib/jvm/java-6-openjdk-amd64/jre/lib/amd64/xawt/libmawt.so
7f813bb1d000-7f813bb1e000 r--p 0004b000 07:00 2884115                    /usr/lib/jvm/java-6-openjdk-amd64/jre/lib/amd64/xawt/libmawt.so
7f813bb1e000-7f813bb21000 rw-p 0004c000 07:00 2884115                    /usr/lib/jvm/java-6-openjdk-amd64/jre/lib/amd64/xawt/libmawt.so
7f813bb21000-7f813bb22000 rw-p 00000000 00:00 0 
7f813bb22000-7f813bbce000 r-xp 00000000 07:00 2884076                    /usr/lib/jvm/java-6-openjdk-amd64/jre/lib/amd64/libawt.so
7f813bbce000-7f813bdcd000 ---p 000ac000 07:00 2884076                    /usr/lib/jvm/java-6-openjdk-amd64/jre/lib/amd64/libawt.so
7f813bdcd000-7f813bdce000 r--p 000ab000 07:00 2884076                    /usr/lib/jvm/java-6-openjdk-amd64/jre/lib/amd64/libawt.so
7f813bdce000-7f813bdd9000 rw-p 000ac000 07:00 2884076                    /usr/lib/jvm/java-6-openjdk-amd64/jre/lib/amd64/libawt.so
7f813bdd9000-7f813bdfe000 rw-p 00000000 00:00 0 
7f813bdfe000-7f813bdff000 ---p 00000000 00:00 0 
7f813bdff000-7f813c000000 rwxp 00000000 00:00 0 
7f813c000000-7f813c021000 rw-p 00000000 00:00 0 
7f813c021000-7f8140000000 ---p 00000000 00:00 0 
7f8140000000-7f8140021000 rw-p 00000000 00:00 0 
7f8140021000-7f8144000000 ---p 00000000 00:00 0 
7f8144000000-7f8144021000 rw-p 00000000 00:00 0 
7f8144021000-7f8148000000 ---p 00000000 00:00 0 
7f8148018000-7f814801c000 rw-s 00000000 00:04 1469153330                 /SYSV00000000 (deleted)
7f814801c000-7f8148023000 r--s 000fb000 07:00 2884213                    /usr/lib/jvm/java-6-openjdk-common/jre/lib/resources.jar
7f8148023000-7f8148024000 r--s 00000000 07:00 2229118                    /var/cache/fontconfig/c05880de57d1f5e948fdfacc138775d9-le64.cache-3
7f8148024000-7f814802d000 r--s 00000000 07:00 2229112                    /var/cache/fontconfig/945677eb7aeaf62f1d50efc3fb3ec7d8-le64.cache-3
7f814802d000-7f8148031000 r--s 00000000 07:00 2229113                    /var/cache/fontconfig/99e8ed0e538f840c565b6ed5dad60d56-le64.cache-3
7f8148031000-7f8148039000 r--s 00000000 07:00 2229114                    /var/cache/fontconfig/a6d8cf8e4ec09cdbc8633c31745a07dd-le64.cache-3
7f8148039000-7f814803d000 r--s 00000000 07:00 2229098                    /var/cache/fontconfig/2cd17615ca594fa2959ae173292e504c-le64.cache-3
7f814803d000-7f814803e000 r--s 00000000 07:00 2229126                    /var/cache/fontconfig/e7071f4a29fa870f4323321c154eba04-le64.cache-3
7f814803e000-7f814803f000 r--s 00000000 07:00 2229096                    /var/cache/fontconfig/0d8c3b2ac0904cb8a57a757ad11a4a08-le64.cache-3
7f814803f000-7f8148045000 r--s 00000000 07:00 2229115                    /var/cache/fontconfig/a755afe4a08bf5b97852ceb7400b47bc-le64.cache-3
7f8148045000-7f814804e000 r--s 00000000 07:00 2229107                    /var/cache/fontconfig/6d41288fd70b0be22e8c3a91e032eec0-le64.cache-3
7f814804e000-7f814805e000 r--s 00000000 07:00 2229094                    /var/cache/fontconfig/04aabc0a78ac019cf9454389977116d2-le64.cache-3
7f814805e000-7f8148061000 r--s 00000000 07:00 2229101                    /var/cache/fontconfig/385c0604a188198f04d133e54aba7fe7-le64.cache-3
7f8148061000-7f8148062000 r--s 00000000 07:00 2229102                    /var/cache/fontconfig/4794a0821666d79190d59a36cb4f44b5-le64.cache-3
7f8148062000-7f8148065000 r--s 00000000 07:00 2229111                    /var/cache/fontconfig/8801497958630a81b71ace7c5f9b32a8-le64.cache-3
7f8148065000-7f814806a000 r--s 00000000 07:00 2229099                    /var/cache/fontconfig/3047814df9a2f067bd2d96a2b9c36e5a-le64.cache-3
7f814806a000-7f814806b000 r--s 00000000 07:00 2229104                    /var/cache/fontconfig/56cf4f4769d0f4abc89a4895d7bd3ae1-le64.cache-3
7f814806b000-7f814806c000 r--s 00000000 07:00 2229117                    /var/cache/fontconfig/b9d506c9ac06c20b433354fa67a72993-le64.cache-3
7f814806c000-7f8148071000 r--s 00000000 07:00 2229116                    /var/cache/fontconfig/b47c4e1ecd0709278f4910c18777a504-le64.cache-3
7f8148071000-7f8148081000 r--s 00000000 07:00 2229122                    /var/cache/fontconfig/d52a8644073d54c13679302ca1180695-le64.cache-3
7f8148081000-7f8148082000 ---p 00000000 00:00 0 
7f8148082000-7f8148182000 rwxp 00000000 00:00 0 
7f8148182000-7f8148183000 ---p 00000000 00:00 0 
7f8148183000-7f8148384000 rwxp 00000000 00:00 0 
7f8148384000-7f81487f8000 r--p 00000000 07:00 2765053                    /usr/lib/locale/locale-archive
7f81487f8000-7f81489fa000 rwxp 00000000 00:00 0 
7f81489fa000-7f81489fb000 ---p 00000000 00:00 0 
7f81489fb000-7f8148afb000 rwxp 00000000 00:00 0 
7f8148afb000-7f8149000000 rw-p 00000000 00:00 0 
7f8149000000-7f8149270000 rwxp 00000000 00:00 0 
7f8149270000-7f8150000000 rw-p 00000000 00:00 0 
7f8150003000-7f815000f000 r--s 00000000 07:00 2229095                    /var/cache/fontconfig/089dead882dea3570ffc31a9898cfb69-le64.cache-3
7f815000f000-7f8150022000 r--s 00000000 07:00 2229124                    /var/cache/fontconfig/e13b20fdb08344e0e664864cc2ede53d-le64.cache-3
7f8150022000-7f8150026000 r--s 00000000 07:00 2229109                    /var/cache/fontconfig/7ef2298fde41cc6eeb7af42e48b7d293-le64.cache-3
7f8150026000-7f8150027000 r--s 00000000 07:00 2229118                    /var/cache/fontconfig/c05880de57d1f5e948fdfacc138775d9-le64.cache-3
7f8150027000-7f8150030000 r--s 00000000 07:00 2229112                    /var/cache/fontconfig/945677eb7aeaf62f1d50efc3fb3ec7d8-le64.cache-3
7f8150030000-7f8150034000 r--s 00000000 07:00 2229113                    /var/cache/fontconfig/99e8ed0e538f840c565b6ed5dad60d56-le64.cache-3
7f8150034000-7f815003c000 r--s 00000000 07:00 2229114                    /var/cache/fontconfig/a6d8cf8e4ec09cdbc8633c31745a07dd-le64.cache-3
7f815003c000-7f8150040000 r--s 00000000 07:00 2229098                    /var/cache/fontconfig/2cd17615ca594fa2959ae173292e504c-le64.cache-3
7f8150040000-7f8150041000 r--s 00000000 07:00 2229126                    /var/cache/fontconfig/e7071f4a29fa870f4323321c154eba04-le64.cache-3
7f8150041000-7f8150042000 r--s 00000000 07:00 2229096                    /var/cache/fontconfig/0d8c3b2ac0904cb8a57a757ad11a4a08-le64.cache-3
7f8150042000-7f8150048000 r--s 00000000 07:00 2229115                    /var/cache/fontconfig/a755afe4a08bf5b97852ceb7400b47bc-le64.cache-3
7f8150048000-7f8150051000 r--s 00000000 07:00 2229107                    /var/cache/fontconfig/6d41288fd70b0be22e8c3a91e032eec0-le64.cache-3
7f8150051000-7f8150061000 r--s 00000000 07:00 2229094                    /var/cache/fontconfig/04aabc0a78ac019cf9454389977116d2-le64.cache-3
7f8150061000-7f8150064000 r--s 00000000 07:00 2229101                    /var/cache/fontconfig/385c0604a188198f04d133e54aba7fe7-le64.cache-3
7f8150064000-7f8150065000 r--s 00000000 07:00 2229102                    /var/cache/fontconfig/4794a0821666d79190d59a36cb4f44b5-le64.cache-3
7f8150065000-7f8150068000 r--s 00000000 07:00 2229111                    /var/cache/fontconfig/8801497958630a81b71ace7c5f9b32a8-le64.cache-3
7f8150068000-7f815006d000 r--s 00000000 07:00 2229099                    /var/cache/fontconfig/3047814df9a2f067bd2d96a2b9c36e5a-le64.cache-3
7f815006d000-7f815007d000 r--s 00000000 07:00 2229122                    /var/cache/fontconfig/d52a8644073d54c13679302ca1180695-le64.cache-3
7f815007d000-7f8150089000 r--s 00000000 07:00 2229095                    /var/cache/fontconfig/089dead882dea3570ffc31a9898cfb69-le64.cache-3
7f8150089000-7f81500bc000 rw-p 00000000 00:00 0 
7f81500bc000-7f815024e000 r--s 037c2000 07:00 2884073                    /usr/lib/jvm/java-6-openjdk-amd64/jre/lib/rt.jar
7f815024e000-7f8150276000 rw-p 00000000 00:00 0 
7f8150276000-7f8150277000 ---p 00000000 00:00 0 
7f8150277000-7f8150377000 rwxp 00000000 00:00 0 
7f8150377000-7f8150378000 ---p 00000000 00:00 0 
7f8150378000-7f8150478000 rwxp 00000000 00:00 0 
7f8150478000-7f8150479000 ---p 00000000 00:00 0 
7f8150479000-7f8150579000 rwxp 00000000 00:00 0 
7f8150579000-7f815057a000 ---p 00000000 00:00 0 
7f815057a000-7f815067a000 rwxp 00000000 00:00 0 
7f815067a000-7f8150685000 rw-p 00000000 00:00 0 
7f8150685000-7f81506cd000 rw-p 00000000 00:00 0 
7f81506cd000-7f81506f7000 rw-p 00000000 00:00 0 
7f81506f7000-7f815095e000 rw-p 00000000 00:00 0 
7f815095e000-7f8150969000 rw-p 00000000 00:00 0 
7f8150969000-7f81509b1000 rw-p 00000000 00:00 0 
7f81509b1000-7f81509db000 rw-p 00000000 00:00 0 
7f81509db000-7f8150c41000 rw-p 00000000 00:00 0 
7f8150c41000-7f8150c57000 rw-p 00000000 00:00 0 
7f8150c57000-7f8150d8a000 rw-p 00000000 00:00 0 
7f8150d8a000-7f8150d8b000 rw-p 00000000 00:00 0 
7f8150d8b000-7f8150d92000 r-xp 00000000 07:00 2884105                    /usr/lib/jvm/java-6-openjdk-amd64/jre/lib/amd64/libzip.so
7f8150d92000-7f8150f91000 ---p 00007000 07:00 2884105                    /usr/lib/jvm/java-6-openjdk-amd64/jre/lib/amd64/libzip.so
7f8150f91000-7f8150f92000 r--p 00006000 07:00 2884105                    /usr/lib/jvm/java-6-openjdk-amd64/jre/lib/amd64/libzip.so
7f8150f92000-7f8150f93000 rw-p 00007000 07:00 2884105                    /usr/lib/jvm/java-6-openjdk-amd64/jre/lib/amd64/libzip.so
7f8150f93000-7f8150f9f000 r-xp 00000000 07:00 136638                     /lib/x86_64-linux-gnu/libnss_files-2.15.so
7f8150f9f000-7f815119e000 ---p 0000c000 07:00 136638                     /lib/x86_64-linux-gnu/libnss_files-2.15.so
7f815119e000-7f815119f000 r--p 0000b000 07:00 136638                     /lib/x86_64-linux-gnu/libnss_files-2.15.so
7f815119f000-7f81511a0000 rw-p 0000c000 07:00 136638                     /lib/x86_64-linux-gnu/libnss_files-2.15.so
7f81511a0000-7f81511aa000 r-xp 00000000 07:00 136640                     /lib/x86_64-linux-gnu/libnss_nis-2.15.so
7f81511aa000-7f81513aa000 ---p 0000a000 07:00 136640                     /lib/x86_64-linux-gnu/libnss_nis-2.15.so
7f81513aa000-7f81513ab000 r--p 0000a000 07:00 136640                     /lib/x86_64-linux-gnu/libnss_nis-2.15.so
7f81513ab000-7f81513ac000 rw-p 0000b000 07:00 136640                     /lib/x86_64-linux-gnu/libnss_nis-2.15.so
7f81513ac000-7f81513c3000 r-xp 00000000 07:00 136635                     /lib/x86_64-linux-gnu/libnsl-2.15.so
7f81513c3000-7f81515c2000 ---p 00017000 07:00 136635                     /lib/x86_64-linux-gnu/libnsl-2.15.so
7f81515c2000-7f81515c3000 r--p 00016000 07:00 136635                     /lib/x86_64-linux-gnu/libnsl-2.15.so
7f81515c3000-7f81515c4000 rw-p 00017000 07:00 136635                     /lib/x86_64-linux-gnu/libnsl-2.15.so
7f81515c4000-7f81515c6000 rw-p 00000000 00:00 0 
7f81515c6000-7f81515ce000 r-xp 00000000 07:00 136636                     /lib/x86_64-linux-gnu/libnss_compat-2.15.so
7f81515ce000-7f81517cd000 ---p 00008000 07:00 136636                     /lib/x86_64-linux-gnu/libnss_compat-2.15.so
7f81517cd000-7f81517ce000 r--p 00007000 07:00 136636                     /lib/x86_64-linux-gnu/libnss_compat-2.15.so
7f81517ce000-7f81517cf000 rw-p 00008000 07:00 136636                     /lib/x86_64-linux-gnu/libnss_compat-2.15.so
7f81517cf000-7f81517fb000 r-xp 00000000 07:00 2884085                    /usr/lib/jvm/java-6-openjdk-amd64/jre/lib/amd64/libjava.so
7f81517fb000-7f81519fa000 ---p 0002c000 07:00 2884085                    /usr/lib/jvm/java-6-openjdk-amd64/jre/lib/amd64/libjava.so
7f81519fa000-7f81519fb000 r--p 0002b000 07:00 2884085                    /usr/lib/jvm/java-6-openjdk-amd64/jre/lib/amd64/libjava.so
7f81519fb000-7f81519fe000 rw-p 0002c000 07:00 2884085                    /usr/lib/jvm/java-6-openjdk-amd64/jre/lib/amd64/libjava.so
7f81519fe000-7f8151a0c000 r-xp 00000000 07:00 2884104                    /usr/lib/jvm/java-6-openjdk-amd64/jre/lib/amd64/libverify.so
7f8151a0c000-7f8151c0b000 ---p 0000e000 07:00 2884104                    /usr/lib/jvm/java-6-openjdk-amd64/jre/lib/amd64/libverify.so
7f8151c0b000-7f8151c0d000 r--p 0000d000 07:00 2884104                    /usr/lib/jvm/java-6-openjdk-amd64/jre/lib/amd64/libverify.so
7f8151c0d000-7f8151c0e000 rw-p 0000f000 07:00 2884104                    /usr/lib/jvm/java-6-openjdk-amd64/jre/lib/amd64/libverify.so
7f8151c0e000-7f8151c15000 r-xp 00000000 07:00 136656                     /lib/x86_64-linux-gnu/librt-2.15.so
7f8151c15000-7f8151e14000 ---p 00007000 07:00 136656                     /lib/x86_64-linux-gnu/librt-2.15.so
7f8151e14000-7f8151e15000 r--p 00006000 07:00 136656                     /lib/x86_64-linux-gnu/librt-2.15.so
7f8151e15000-7f8151e16000 rw-p 00007000 07:00 136656                     /lib/x86_64-linux-gnu/librt-2.15.so
7f8151e16000-7f8151e2b000 r-xp 00000000 07:00 136622                     /lib/x86_64-linux-gnu/libgcc_s.so.1
7f8151e2b000-7f815202a000 ---p 00015000 07:00 136622                     /lib/x86_64-linux-gnu/libgcc_s.so.1
7f815202a000-7f815202b000 r--p 00014000 07:00 136622                     /lib/x86_64-linux-gnu/libgcc_s.so.1
7f815202b000-7f815202c000 rw-p 00015000 07:00 136622                     /lib/x86_64-linux-gnu/libgcc_s.so.1
7f815202c000-7f8152127000 r-xp 00000000 07:00 136628                     /lib/x86_64-linux-gnu/libm-2.15.so
7f8152127000-7f8152326000 ---p 000fb000 07:00 136628                     /lib/x86_64-linux-gnu/libm-2.15.so
7f8152326000-7f8152327000 r--p 000fa000 07:00 136628                     /lib/x86_64-linux-gnu/libm-2.15.so
7f8152327000-7f8152328000 rw-p 000fb000 07:00 136628                     /lib/x86_64-linux-gnu/libm-2.15.so
7f8152328000-7f815240a000 r-xp 00000000 07:00 2767523                    /usr/lib/x86_64-linux-gnu/libstdc++.so.6.0.16
7f815240a000-7f8152609000 ---p 000e2000 07:00 2767523                    /usr/lib/x86_64-linux-gnu/libstdc++.so.6.0.16
7f8152609000-7f8152611000 r--p 000e1000 07:00 2767523                    /usr/lib/x86_64-linux-gnu/libstdc++.so.6.0.16
7f8152611000-7f8152613000 rw-p 000e9000 07:00 2767523                    /usr/lib/x86_64-linux-gnu/libstdc++.so.6.0.16
7f8152613000-7f8152628000 rw-p 00000000 00:00 0 
7f8152628000-7f8152f2d000 r-xp 00000000 07:00 2884114                    /usr/lib/jvm/java-6-openjdk-amd64/jre/lib/amd64/server/libjvm.so
7f8152f2d000-7f815312d000 ---p 00905000 07:00 2884114                    /usr/lib/jvm/java-6-openjdk-amd64/jre/lib/amd64/server/libjvm.so
7f815312d000-7f81531ad000 r--p 00905000 07:00 2884114                    /usr/lib/jvm/java-6-openjdk-amd64/jre/lib/amd64/server/libjvm.so
7f81531ad000-7f81531c8000 rw-p 00985000 07:00 2884114                    /usr/lib/jvm/java-6-openjdk-amd64/jre/lib/amd64/server/libjvm.so
7f81531c8000-7f81531f1000 rw-p 00000000 00:00 0 
7f81531f1000-7f8153207000 r-xp 00000000 07:00 136669                     /lib/x86_64-linux-gnu/libz.so.1.2.3.4
7f8153207000-7f8153406000 ---p 00016000 07:00 136669                     /lib/x86_64-linux-gnu/libz.so.1.2.3.4
7f8153406000-7f8153407000 r--p 00015000 07:00 136669                     /lib/x86_64-linux-gnu/libz.so.1.2.3.4
7f8153407000-7f8153408000 rw-p 00016000 07:00 136669                     /lib/x86_64-linux-gnu/libz.so.1.2.3.4
7f8153408000-7f81535bd000 r-xp 00000000 07:00 136611                     /lib/x86_64-linux-gnu/libc-2.15.so
7f81535bd000-7f81537bc000 ---p 001b5000 07:00 136611                     /lib/x86_64-linux-gnu/libc-2.15.so
7f81537bc000-7f81537c0000 r--p 001b4000 07:00 136611                     /lib/x86_64-linux-gnu/libc-2.15.so
7f81537c0000-7f81537c2000 rw-p 001b8000 07:00 136611                     /lib/x86_64-linux-gnu/libc-2.15.so
7f81537c2000-7f81537c7000 rw-p 00000000 00:00 0 
7f81537c7000-7f81537c9000 r-xp 00000000 07:00 136618                     /lib/x86_64-linux-gnu/libdl-2.15.so
7f81537c9000-7f81539c9000 ---p 00002000 07:00 136618                     /lib/x86_64-linux-gnu/libdl-2.15.so
7f81539c9000-7f81539ca000 r--p 00002000 07:00 136618                     /lib/x86_64-linux-gnu/libdl-2.15.so
7f81539ca000-7f81539cb000 rw-p 00003000 07:00 136618                     /lib/x86_64-linux-gnu/libdl-2.15.so
7f81539cb000-7f81539cf000 r-xp 00000000 07:00 2884111                    /usr/lib/jvm/java-6-openjdk-amd64/jre/lib/amd64/jli/libjli.so
7f81539cf000-7f8153bce000 ---p 00004000 07:00 2884111                    /usr/lib/jvm/java-6-openjdk-amd64/jre/lib/amd64/jli/libjli.so
7f8153bce000-7f8153bcf000 r--p 00003000 07:00 2884111                    /usr/lib/jvm/java-6-openjdk-amd64/jre/lib/amd64/jli/libjli.so
7f8153bcf000-7f8153bd0000 rw-p 00004000 07:00 2884111                    /usr/lib/jvm/java-6-openjdk-amd64/jre/lib/amd64/jli/libjli.so
7f8153bd0000-7f8153be8000 r-xp 00000000 07:00 136653                     /lib/x86_64-linux-gnu/libpthread-2.15.so
7f8153be8000-7f8153de7000 ---p 00018000 07:00 136653                     /lib/x86_64-linux-gnu/libpthread-2.15.so
7f8153de7000-7f8153de8000 r--p 00017000 07:00 136653                     /lib/x86_64-linux-gnu/libpthread-2.15.so
7f8153de8000-7f8153de9000 rw-p 00018000 07:00 136653                     /lib/x86_64-linux-gnu/libpthread-2.15.so
7f8153de9000-7f8153ded000 rw-p 00000000 00:00 0 
7f8153ded000-7f8153e0f000 r-xp 00000000 07:00 136601                     /lib/x86_64-linux-gnu/ld-2.15.so
7f8153e0f000-7f8153e22000 r--s 00000000 07:00 2229124                    /var/cache/fontconfig/e13b20fdb08344e0e664864cc2ede53d-le64.cache-3
7f8153e22000-7f8153e2c000 rw-p 00000000 00:00 0 
7f8153e2c000-7f8153ee2000 rw-p 00000000 00:00 0 
7f8153ee2000-7f8153ee5000 ---p 00000000 00:00 0 
7f8153ee5000-7f8153fe3000 rwxp 00000000 00:00 0 
7f8153fe3000-7f8153fe8000 rw-p 00000000 00:00 0 
7f8153fe8000-7f8153fe9000 rw-s 00000000 00:12 1347094                    /run/shm/045e.02ae@1.52-SM
7f8153fe9000-7f8153fea000 r--s 00000000 07:00 2229104                    /var/cache/fontconfig/56cf4f4769d0f4abc89a4895d7bd3ae1-le64.cache-3
7f8153fea000-7f8153feb000 r--s 00000000 07:00 2229117                    /var/cache/fontconfig/b9d506c9ac06c20b433354fa67a72993-le64.cache-3
7f8153feb000-7f8153ff0000 r--s 00000000 07:00 2229116                    /var/cache/fontconfig/b47c4e1ecd0709278f4910c18777a504-le64.cache-3
7f8153ff0000-7f8153ff4000 r--s 00000000 07:00 2229109                    /var/cache/fontconfig/7ef2298fde41cc6eeb7af42e48b7d293-le64.cache-3
7f8153ff4000-7f8153ff5000 r--s 00007000 07:00 1188646                    /usr/share/java/java-atk-wrapper.jar
7f8153ff5000-7f8153ff7000 r--s 00001000 07:00 2884220                    /usr/lib/jvm/java-6-openjdk-common/jre/lib/ext/dnsns.jar
7f8153ff7000-7f8153ffa000 r--s 00031000 07:00 2884223                    /usr/lib/jvm/java-6-openjdk-common/jre/lib/ext/sunjce_provider.jar
7f8153ffa000-7f8153ffc000 r--s 0000f000 07:00 2884222                    /usr/lib/jvm/java-6-openjdk-common/jre/lib/ext/pulse-java.jar
7f8153ffc000-7f8154000000 r--s 00038000 07:00 2884224                    /usr/lib/jvm/java-6-openjdk-common/jre/lib/ext/sunpkcs11.jar
7f8154000000-7f8154003000 r--s 00077000 07:00 2884221                    /usr/lib/jvm/java-6-openjdk-common/jre/lib/ext/localedata.jar
7f8154003000-7f815400b000 rw-s 00000000 07:00 691                        /tmp/hsperfdata_qyr1987/25685
7f815400b000-7f815400c000 rw-p 00000000 00:00 0 
7f815400c000-7f815400d000 r--p 00000000 00:00 0 
7f815400d000-7f815400f000 rw-p 00000000 00:00 0 
7f815400f000-7f8154010000 r--p 00022000 07:00 136601                     /lib/x86_64-linux-gnu/ld-2.15.so
7f8154010000-7f8154012000 rw-p 00023000 07:00 136601                     /lib/x86_64-linux-gnu/ld-2.15.so
7fff6541f000-7fff6543f000 rwxp 00000000 00:00 0                          [stack]
7fff6543f000-7fff65440000 rw-p 00000000 00:00 0 
7fff65526000-7fff65527000 r-xp 00000000 00:00 0                          [vdso]
ffffffffff600000-ffffffffff601000 r-xp 00000000 00:00 0                  [vsyscall]

VM Arguments:
jvm_args: -Dfile.encoding=UTF-8 
java_command: edu.seas.upenn.ese519.MainFrame
Launcher Type: SUN_STANDARD

Environment Variables:
PATH=/home/qyr1987/bin:/usr/lib/lightdm/lightdm:/usr/local/sbin:/usr/local/bin:/usr/sbin:/usr/bin:/sbin:/bin:/usr/games
LD_LIBRARY_PATH=/usr/lib/jvm/java-6-openjdk-amd64/jre/lib/amd64/server:/usr/lib/jvm/java-6-openjdk-amd64/jre/lib/amd64:/usr/lib/jvm/java-6-openjdk-amd64/jre/../lib/amd64
SHELL=/bin/bash
DISPLAY=:0

Signal Handlers:
SIGSEGV: [libjvm.so+0x7852e0], sa_mask[0]=0x7ffbfeff, sa_flags=0x10000004
SIGBUS: [libjvm.so+0x7852e0], sa_mask[0]=0x7ffbfeff, sa_flags=0x10000004
SIGFPE: [libjvm.so+0x648d40], sa_mask[0]=0x7ffbfeff, sa_flags=0x10000004
SIGPIPE: [libjvm.so+0x648d40], sa_mask[0]=0x7ffbfeff, sa_flags=0x10000004
SIGXFSZ: [libjvm.so+0x648d40], sa_mask[0]=0x7ffbfeff, sa_flags=0x10000004
SIGILL: [libjvm.so+0x648d40], sa_mask[0]=0x7ffbfeff, sa_flags=0x10000004
SIGUSR1: SIG_DFL, sa_mask[0]=0x00000000, sa_flags=0x00000000
SIGUSR2: [libjvm.so+0x648ef0], sa_mask[0]=0x00000004, sa_flags=0x10000004
SIGHUP: [libjvm.so+0x64ba10], sa_mask[0]=0x7ffbfeff, sa_flags=0x10000004
SIGINT: [libjvm.so+0x64ba10], sa_mask[0]=0x7ffbfeff, sa_flags=0x10000004
SIGTERM: [libjvm.so+0x64ba10], sa_mask[0]=0x7ffbfeff, sa_flags=0x10000004
SIGQUIT: [libjvm.so+0x64ba10], sa_mask[0]=0x7ffbfeff, sa_flags=0x10000004


---------------  S Y S T E M  ---------------

OS:Ubuntu 12.04 (precise)
uname:Linux 3.2.0-33-generic #52-Ubuntu SMP Thu Oct 18 16:29:15 UTC 2012 x86_64
libc:glibc 2.15 NPTL 2.15 
rlimit: STACK 8192k, CORE 0k, NPROC 62854, NOFILE 4096, AS infinity
load average:0.24 0.30 0.31

/proc/meminfo:
MemTotal:        8062936 kB
MemFree:         1563364 kB
Buffers:         1493076 kB
Cached:          2000668 kB
SwapCached:          188 kB
Active:          3581824 kB
Inactive:        2431636 kB
Active(anon):    2161140 kB
Inactive(anon):   858116 kB
Active(file):    1420684 kB
Inactive(file):  1573520 kB
Unevictable:        2708 kB
Mlocked:              32 kB
SwapTotal:        262140 kB
SwapFree:         230184 kB
Dirty:               272 kB
Writeback:             0 kB
AnonPages:       2522252 kB
Mapped:           212196 kB
Shmem:            496864 kB
Slab:             309648 kB
SReclaimable:     233212 kB
SUnreclaim:        76436 kB
KernelStack:        4960 kB
PageTables:        48836 kB
NFS_Unstable:          0 kB
Bounce:                0 kB
WritebackTmp:          0 kB
CommitLimit:     4293608 kB
Committed_AS:    6532076 kB
VmallocTotal:   34359738367 kB
VmallocUsed:      414608 kB
VmallocChunk:   34359279728 kB
HardwareCorrupted:     0 kB
AnonHugePages:         0 kB
HugePages_Total:       0
HugePages_Free:        0
HugePages_Rsvd:        0
HugePages_Surp:        0
Hugepagesize:       2048 kB
DirectMap4k:      137216 kB
DirectMap2M:     8142848 kB


CPU:total 4 (2 cores per cpu, 2 threads per core) family 6 model 42 stepping 7, cmov, cx8, fxsr, mmx, sse, sse2, sse3, ssse3, sse4.1, sse4.2, popcnt, ht

Memory: 4k page, physical 8062936k(1563364k free), swap 262140k(230184k free)

vm_info: OpenJDK 64-Bit Server VM (20.0-b12) for linux-amd64 JRE (1.6.0_24-b24), built on Oct 24 2012 16:17:28 by "buildd" with gcc 4.6.3

time: Mon Nov 26 14:59:46 2012
elapsed time: 2 seconds

