#
# A fatal error has been detected by the Java Runtime Environment:
#
#  SIGSEGV (0xb) at pc=0x00007f5f7697b615, pid=30241, tid=140047546660608
#
# JRE version: 6.0_24-b24
# Java VM: OpenJDK 64-Bit Server VM (20.0-b12 mixed mode linux-amd64 compressed oops)
# Derivative: IcedTea6 1.11.5
# Distribution: Ubuntu 12.04 LTS, package 6b24-1.11.5-0ubuntu1~12.04.1
# Problematic frame:
# C  [libXnVFeatures_1_5_2.so+0x8b615]  Segmentation::detectionByPoint(bool, std::vector<Vector2D<int>, std::allocator<Vector2D<int> > > const*)+0x105
#
# If you would like to submit a bug report, please include
# instructions how to reproduce the bug and visit:
#   https://bugs.launchpad.net/ubuntu/+source/openjdk-6/
# The crash happened outside the Java Virtual Machine in native code.
# See problematic frame for where to report the bug.
#

---------------  T H R E A D  ---------------

Current thread (0x00007f5f54010000):  JavaThread "Thread-3" [_thread_in_native, id=30280, stack(0x00007f5f5c353000,0x00007f5f5c454000)]

siginfo:si_signo=SIGSEGV: si_errno=0, si_code=1 (SEGV_MAPERR), si_addr=0x00007f5db4c1d290

Registers:
RAX=0x00007f5fb4c1d290, RBX=0x00007f5f40000c90, RCX=0x000000000000000a, RDX=0xffffffff80000000
RSP=0x00007f5f5c452480, RBP=0x00007f5f6a3cfe60, RSI=0x00007f5f40096cc0, RDI=0x0000000080000000
R8 =0x0000000000000000, R9 =0x0000000080000000, R10=0x00007f5f6a48ea21, R11=0x00007f5fba308c9c
R12=0x00007f5f76f1dd88, R13=0x00007f5f5c4525e0, R14=0x00007f5f6a42b060, R15=0x0000000000000000
RIP=0x00007f5f7697b615, EFLAGS=0x0000000000010a12, CSGSFS=0x0000000000000033, ERR=0x0000000000000004
  TRAPNO=0x000000000000000e

Top of Stack: (sp=0x00007f5f5c452480)
0x00007f5f5c452480:   00007f5f400a02d0 7fffffff00000000
0x00007f5f5c452490:   00007f5f400a02d0 00007f5f6a3cffe0
0x00007f5f5c4524a0:   00007f5f6a3d12e0 00007f5f6a3cfe60
0x00007f5f5c4524b0:   00007f5f6a3cffe0 00007f5f6a3cad80
0x00007f5f5c4524c0:   00007f5f5c4525e0 00007f5f6943f050
0x00007f5f5c4524d0:   0000000000000000 00007f5f76982bc0
0x00007f5f5c4524e0:   000000000062ce41 000000000062ce41
0x00007f5f5c4524f0:   0000000000000000 3ff0000000000000
0x00007f5f5c452500:   00007f5f76f1e5a8 0000000000000001
0x00007f5f5c452510:   0000000000000040 00007f5f6943f010
0x00007f5f5c452520:   00007f5f6a3cad80 00007f5f6a3a9f88
0x00007f5f5c452530:   00007f5f6943f050 00007f5f6943f028
0x00007f5f5c452540:   00007f5f5c4525e0 00007f5f7696b99b
0x00007f5f5c452550:   00007f5f6a4c0190 0000000000000008
0x00007f5f5c452560:   000000000062ad0e 000000000062ad0e
0x00007f5f5c452570:   0000000000000000 3ff0000000000000
0x00007f5f5c452580:   0000000000000000 00007f5f769458bd
0x00007f5f5c452590:   00007f5f5c452600 00007f5fa105101c
0x00007f5f5c4525a0:   0000000000000001 00007f5fa1051000
0x00007f5f5c4525b0:   00007f5fb4b9ce70 00007f5fb41fb8a0
0x00007f5f5c4525c0:   00007f5f54010000 00007f5f7694103f
0x00007f5f5c4525d0:   0000000000000102 00007f5fa0657489
0x00007f5f5c4525e0:   00007f5f40000c90 00007f5f40000c98
0x00007f5f5c4525f0:   00007f5f40000c98 00007f5f40000b71
0x00007f5f5c452600:   00000081000000ad 00007f5fb4b9ce70
0x00007f5f5c452610:   00007f5fb4b9ce70 00007f5fb4b9ce70
0x00007f5f5c452620:   00007f5fb520f5e0 0000000000000051
0x00007f5f5c452630:   00007f5f59d5bce0 00007f5f769415bf
0x00007f5f5c452640:   00007f5f76f05af0 00007f5fb92544ec
0x00007f5f5c452650:   00007f5f76f07d10 0000000000000000
0x00007f5f5c452660:   0000000000591b02 0009600000000001
0x00007f5f5c452670:   ffffffff00000001 00007f5f5c4526b4 

Instructions: (pc=0x00007f5f7697b615)
0x00007f5f7697b5f5:   e6 05 49 01 ee 41 8b 46 18 41 2b 46 0c 49 63 56
0x00007f5f7697b605:   1c f3 0f 2a c0 48 8b 85 50 a3 0e 00 48 8b 40 60
0x00007f5f7697b615:   f3 0f 59 04 90 f3 0f 2c c0 3d 1f 03 00 00 0f 8e
0x00007f5f7697b625:   4f ff ff ff 44 89 fe 48 89 ef 89 44 24 08 4c 89 

Register to memory mapping:

RAX=0x00007f5fb4c1d290 is an unknown value
RBX=0x00007f5f40000c90 is an unknown value
RCX=0x000000000000000a is an unknown value
RDX=0xffffffff80000000 is an unknown value
RSP=0x00007f5f5c452480 is pointing into the stack for thread: 0x00007f5f54010000
RBP=0x00007f5f6a3cfe60 is an unknown value
RSI=0x00007f5f40096cc0 is an unknown value
RDI=0x0000000080000000 is an unknown value
R8 =0x0000000000000000 is an unknown value
R9 =0x0000000080000000 is an unknown value
R10=0x00007f5f6a48ea21 is an unknown value
R11=0x00007f5fba308c9c: <offset 0x8bc9c> in /lib/x86_64-linux-gnu/libc.so.6 at 0x00007f5fba27d000
R12=0x00007f5f76f1dd88: <offset 0x62dd88> in /usr/lib/libXnVFeatures_1_5_2.so at 0x00007f5f768f0000
R13=0x00007f5f5c4525e0 is pointing into the stack for thread: 0x00007f5f54010000
R14=0x00007f5f6a42b060 is an unknown value
R15=0x0000000000000000 is an unknown value


Stack: [0x00007f5f5c353000,0x00007f5f5c454000],  sp=0x00007f5f5c452480,  free space=1021k
Native frames: (J=compiled Java code, j=interpreted, Vv=VM code, C=native code)
C  [libXnVFeatures_1_5_2.so+0x8b615]  Segmentation::detectionByPoint(bool, std::vector<Vector2D<int>, std::allocator<Vector2D<int> > > const*)+0x105

Java frames: (J=compiled Java code, j=interpreted, Vv=VM code)
j  org.OpenNI.NativeMethods.xnWaitAnyUpdateAll(J)I+0
j  org.OpenNI.Context.waitAnyUpdateAll()V+4
j  edu.seas.upenn.ese519.OverlayPanel.run()V+12
j  java.lang.Thread.run()V+11
v  ~StubRoutines::call_stub

---------------  P R O C E S S  ---------------

Java Threads: ( => current thread )
  0x00007f5f54012000 JavaThread "Thread-4" [_thread_blocked, id=30281, stack(0x00007f5f5c252000,0x00007f5f5c353000)]
=>0x00007f5f54010000 JavaThread "Thread-3" [_thread_in_native, id=30280, stack(0x00007f5f5c353000,0x00007f5f5c454000)]
  0x00007f5f5400e800 JavaThread "Thread-2" [_thread_blocked, id=30279, stack(0x00007f5f5c454000,0x00007f5f5c555000)]
  0x00007f5f5400d000 JavaThread "Thread-1" [_thread_blocked, id=30278, stack(0x00007f5f5c555000,0x00007f5f5c656000)]
  0x00007f5fb4007800 JavaThread "DestroyJavaVM" [_thread_blocked, id=30246, stack(0x00007f5fbad57000,0x00007f5fbae58000)]
  0x00007f5f59d73000 JavaThread "AWT-EventQueue-0" [_thread_blocked, id=30274, stack(0x00007f5f6802a000,0x00007f5f6812b000)]
  0x00007f5f59d6f800 JavaThread "AWT-Shutdown" [_thread_blocked, id=30273, stack(0x00007f5f6812b000,0x00007f5f6822c000)]
  0x00007f5fb41d4000 JavaThread "AWT-XAWT" daemon [_thread_in_native, id=30261, stack(0x00007f5fa0aa9000,0x00007f5fa0baa000)]
  0x00007f5fb4130800 JavaThread "Java2D Disposer" daemon [_thread_blocked, id=30259, stack(0x00007f5fa105d000,0x00007f5fa115e000)]
  0x00007f5fb409e000 JavaThread "Low Memory Detector" daemon [_thread_blocked, id=30257, stack(0x00007f5fa2dee000,0x00007f5fa2eef000)]
  0x00007f5fb409b800 JavaThread "C2 CompilerThread1" daemon [_thread_blocked, id=30256, stack(0x00007f5fa2eef000,0x00007f5fa2ff0000)]
  0x00007f5fb4098800 JavaThread "C2 CompilerThread0" daemon [_thread_blocked, id=30255, stack(0x00007f5fa2ff0000,0x00007f5fa30f1000)]
  0x00007f5fb4097800 JavaThread "Signal Dispatcher" daemon [_thread_blocked, id=30254, stack(0x00007f5fa30f1000,0x00007f5fa31f2000)]
  0x00007f5fb4078000 JavaThread "Finalizer" daemon [_thread_blocked, id=30253, stack(0x00007f5fa3666000,0x00007f5fa3767000)]
  0x00007f5fb4076000 JavaThread "Reference Handler" daemon [_thread_blocked, id=30252, stack(0x00007f5fa3767000,0x00007f5fa3868000)]

Other Threads:
  0x00007f5fb406f000 VMThread [stack: 0x00007f5fa3868000,0x00007f5fa3969000] [id=30251]
  0x00007f5fb40a8800 WatcherThread [stack: 0x00007f5fa2ced000,0x00007f5fa2dee000] [id=30258]

VM state:not at safepoint (normal execution)

VM Mutex/Monitor currently owned by a thread: None

Heap
 PSYoungGen      total 36736K, used 9338K [0x00000007d6f60000, 0x00000007d9860000, 0x0000000800000000)
  eden space 31488K, 29% used [0x00000007d6f60000,0x00000007d787eb60,0x00000007d8e20000)
  from space 5248K, 0% used [0x00000007d9340000,0x00000007d9340000,0x00000007d9860000)
  to   space 5248K, 0% used [0x00000007d8e20000,0x00000007d8e20000,0x00000007d9340000)
 PSOldGen        total 84032K, used 0K [0x0000000784e00000, 0x000000078a010000, 0x00000007d6f60000)
  object space 84032K, 0% used [0x0000000784e00000,0x0000000784e00000,0x000000078a010000)
 PSPermGen       total 21248K, used 13028K [0x000000077a800000, 0x000000077bcc0000, 0x0000000784e00000)
  object space 21248K, 61% used [0x000000077a800000,0x000000077b4b93a0,0x000000077bcc0000)

Code Cache  [0x00007f5fb0beb000, 0x00007f5fb0e5b000, 0x00007f5fb3beb000)
 total_blobs=489 nmethods=36 adapters=407 free_code_cache=49724608 largest_free_block=14912

Dynamic libraries:
00400000-00409000 r-xp 00000000 07:00 2884059                            /usr/lib/jvm/java-6-openjdk-amd64/jre/bin/java
00608000-00609000 r--p 00008000 07:00 2884059                            /usr/lib/jvm/java-6-openjdk-amd64/jre/bin/java
00609000-0060a000 rw-p 00009000 07:00 2884059                            /usr/lib/jvm/java-6-openjdk-amd64/jre/bin/java
00eb8000-00ed9000 rw-p 00000000 00:00 0                                  [heap]
77a800000-77bcc0000 rw-p 00000000 00:00 0 
77bcc0000-784e00000 rw-p 00000000 00:00 0 
784e00000-78a010000 rw-p 00000000 00:00 0 
78a010000-7d6f60000 rw-p 00000000 00:00 0 
7d6f60000-7d9860000 rw-p 00000000 00:00 0 
7d9860000-800000000 rw-p 00000000 00:00 0 
7f5f40000000-7f5f4018a000 rw-p 00000000 00:00 0 
7f5f4018a000-7f5f44000000 ---p 00000000 00:00 0 
7f5f44000000-7f5f44021000 rw-p 00000000 00:00 0 
7f5f44021000-7f5f48000000 ---p 00000000 00:00 0 
7f5f48000000-7f5f48021000 rw-p 00000000 00:00 0 
7f5f48021000-7f5f4c000000 ---p 00000000 00:00 0 
7f5f4c000000-7f5f4c021000 rw-p 00000000 00:00 0 
7f5f4c021000-7f5f50000000 ---p 00000000 00:00 0 
7f5f50000000-7f5f50021000 rw-p 00000000 00:00 0 
7f5f50021000-7f5f54000000 ---p 00000000 00:00 0 
7f5f54000000-7f5f54021000 rw-p 00000000 00:00 0 
7f5f54021000-7f5f58000000 ---p 00000000 00:00 0 
7f5f58000000-7f5f59dec000 rw-p 00000000 00:00 0 
7f5f59dec000-7f5f5c000000 ---p 00000000 00:00 0 
7f5f5c252000-7f5f5c255000 ---p 00000000 00:00 0 
7f5f5c255000-7f5f5c353000 rwxp 00000000 00:00 0 
7f5f5c353000-7f5f5c356000 ---p 00000000 00:00 0 
7f5f5c356000-7f5f5c454000 rwxp 00000000 00:00 0 
7f5f5c454000-7f5f5c457000 ---p 00000000 00:00 0 
7f5f5c457000-7f5f5c555000 rwxp 00000000 00:00 0 
7f5f5c555000-7f5f5c558000 ---p 00000000 00:00 0 
7f5f5c558000-7f5f5c656000 rwxp 00000000 00:00 0 
7f5f5c656000-7f5f5c65e000 r-xp 00000000 07:00 2884097                    /usr/lib/jvm/java-6-openjdk-amd64/jre/lib/amd64/libnio.so
7f5f5c65e000-7f5f5c85d000 ---p 00008000 07:00 2884097                    /usr/lib/jvm/java-6-openjdk-amd64/jre/lib/amd64/libnio.so
7f5f5c85d000-7f5f5c85e000 r--p 00007000 07:00 2884097                    /usr/lib/jvm/java-6-openjdk-amd64/jre/lib/amd64/libnio.so
7f5f5c85e000-7f5f5c85f000 rw-p 00008000 07:00 2884097                    /usr/lib/jvm/java-6-openjdk-amd64/jre/lib/amd64/libnio.so
7f5f5c85f000-7f5f5c874000 r-xp 00000000 07:00 2884096                    /usr/lib/jvm/java-6-openjdk-amd64/jre/lib/amd64/libnet.so
7f5f5c874000-7f5f5ca73000 ---p 00015000 07:00 2884096                    /usr/lib/jvm/java-6-openjdk-amd64/jre/lib/amd64/libnet.so
7f5f5ca73000-7f5f5ca74000 r--p 00014000 07:00 2884096                    /usr/lib/jvm/java-6-openjdk-amd64/jre/lib/amd64/libnet.so
7f5f5ca74000-7f5f5ca75000 rw-p 00015000 07:00 2884096                    /usr/lib/jvm/java-6-openjdk-amd64/jre/lib/amd64/libnet.so
7f5f5ca75000-7f5f5e0f5000 r--s 00000000 00:12 1411220                    /run/shm/30263_045e.02ae@1.56_Image
7f5f5e0f5000-7f5f5e556000 rw-p 00000000 00:00 0 
7f5f5e557000-7f5f64000000 rw-p 00000000 00:00 0 
7f5f64000000-7f5f64029000 rw-p 00000000 00:00 0 
7f5f64029000-7f5f68000000 ---p 00000000 00:00 0 
7f5f6802a000-7f5f6802d000 ---p 00000000 00:00 0 
7f5f6802d000-7f5f6812b000 rwxp 00000000 00:00 0 
7f5f6812b000-7f5f6812e000 ---p 00000000 00:00 0 
7f5f6812e000-7f5f6822c000 rwxp 00000000 00:00 0 
7f5f6822c000-7f5f6a4c1000 rw-p 00000000 00:00 0 
7f5f6a4c1000-7f5f6abc9000 r--s 00000000 00:12 1412298                    /run/shm/30263_045e.02ae@1.56_Depth
7f5f6abc9000-7f5f6acf6000 rw-p 00000000 00:00 0 
7f5f6acf6000-7f5f6acf7000 ---p 00000000 00:00 0 
7f5f6acf7000-7f5f6b4f7000 rwxp 00000000 00:00 0 
7f5f6b4f7000-7f5f6b8f8000 rw-p 00000000 00:00 0 
7f5f6b8f8000-7f5f6c000000 r--s 00000000 00:12 1412298                    /run/shm/30263_045e.02ae@1.56_Depth
7f5f6c000000-7f5f6c026000 rw-p 00000000 00:00 0 
7f5f6c026000-7f5f70000000 ---p 00000000 00:00 0 
7f5f70000000-7f5f70021000 rw-p 00000000 00:00 0 
7f5f70021000-7f5f74000000 ---p 00000000 00:00 0 
7f5f74092000-7f5f745e1000 rw-p 00000000 00:00 0 
7f5f745e1000-7f5f745e2000 ---p 00000000 00:00 0 
7f5f745e2000-7f5f74de2000 rwxp 00000000 00:00 0 
7f5f74de2000-7f5f751e3000 rw-p 00000000 00:00 0 
7f5f751e3000-7f5f7520a000 r-xp 00000000 07:00 2759918                    /usr/lib/libXnDeviceFile.so
7f5f7520a000-7f5f7540a000 ---p 00027000 07:00 2759918                    /usr/lib/libXnDeviceFile.so
7f5f7540a000-7f5f7540c000 r--p 00027000 07:00 2759918                    /usr/lib/libXnDeviceFile.so
7f5f7540c000-7f5f7540d000 rw-p 00029000 07:00 2759918                    /usr/lib/libXnDeviceFile.so
7f5f7540d000-7f5f75455000 r-xp 00000000 07:00 2759917                    /usr/lib/libXnDDK.so
7f5f75455000-7f5f75655000 ---p 00048000 07:00 2759917                    /usr/lib/libXnDDK.so
7f5f75655000-7f5f75658000 r--p 00048000 07:00 2759917                    /usr/lib/libXnDDK.so
7f5f75658000-7f5f7565a000 rw-p 0004b000 07:00 2759917                    /usr/lib/libXnDDK.so
7f5f7565a000-7f5f7567e000 r-xp 00000000 07:00 2759920                    /usr/lib/libXnFormats.so
7f5f7567e000-7f5f7587e000 ---p 00024000 07:00 2759920                    /usr/lib/libXnFormats.so
7f5f7587e000-7f5f7587f000 r--p 00024000 07:00 2759920                    /usr/lib/libXnFormats.so
7f5f7587f000-7f5f75880000 rw-p 00025000 07:00 2759920                    /usr/lib/libXnFormats.so
7f5f75880000-7f5f758a0000 rw-p 00000000 00:00 0 
7f5f758a0000-7f5f758a3000 r-xp 00000000 07:00 2759916                    /usr/lib/libXnCore.so
7f5f758a3000-7f5f75aa2000 ---p 00003000 07:00 2759916                    /usr/lib/libXnCore.so
7f5f75aa2000-7f5f75aa3000 r--p 00002000 07:00 2759916                    /usr/lib/libXnCore.so
7f5f75aa3000-7f5f75aa4000 rw-p 00003000 07:00 2759916                    /usr/lib/libXnCore.so
7f5f75aa4000-7f5f75b2d000 r-xp 00000000 07:00 2759919                    /usr/lib/libXnDeviceSensorV2KM.so
7f5f75b2d000-7f5f75d2c000 ---p 00089000 07:00 2759919                    /usr/lib/libXnDeviceSensorV2KM.so
7f5f75d2c000-7f5f75d3c000 r--p 00088000 07:00 2759919                    /usr/lib/libXnDeviceSensorV2KM.so
7f5f75d3c000-7f5f75d3d000 rw-p 00098000 07:00 2759919                    /usr/lib/libXnDeviceSensorV2KM.so
7f5f75d3d000-7f5f75e31000 r-xp 00000000 07:00 2759934                    /usr/lib/libXnVHandGenerator_1_5_2.so
7f5f75e31000-7f5f76030000 ---p 000f4000 07:00 2759934                    /usr/lib/libXnVHandGenerator_1_5_2.so
7f5f76030000-7f5f76035000 r--p 000f3000 07:00 2759934                    /usr/lib/libXnVHandGenerator_1_5_2.so
7f5f76035000-7f5f76036000 rw-p 000f8000 07:00 2759934                    /usr/lib/libXnVHandGenerator_1_5_2.so
7f5f76036000-7f5f76044000 rw-p 00000000 00:00 0 
7f5f76044000-7f5f7611c000 r-xp 00000000 07:00 2759933                    /usr/lib/libXnVHandGenerator_1_4_2.so
7f5f7611c000-7f5f7631b000 ---p 000d8000 07:00 2759933                    /usr/lib/libXnVHandGenerator_1_4_2.so
7f5f7631b000-7f5f76320000 r--p 000d7000 07:00 2759933                    /usr/lib/libXnVHandGenerator_1_4_2.so
7f5f76320000-7f5f76321000 rw-p 000dc000 07:00 2759933                    /usr/lib/libXnVHandGenerator_1_4_2.so
7f5f76321000-7f5f76324000 rw-p 00000000 00:00 0 
7f5f76324000-7f5f763fc000 r-xp 00000000 07:00 2759932                    /usr/lib/libXnVHandGenerator_1_4_1.so
7f5f763fc000-7f5f765fb000 ---p 000d8000 07:00 2759932                    /usr/lib/libXnVHandGenerator_1_4_1.so
7f5f765fb000-7f5f76600000 r--p 000d7000 07:00 2759932                    /usr/lib/libXnVHandGenerator_1_4_1.so
7f5f76600000-7f5f76601000 rw-p 000dc000 07:00 2759932                    /usr/lib/libXnVHandGenerator_1_4_1.so
7f5f76601000-7f5f76604000 rw-p 00000000 00:00 0 
7f5f76604000-7f5f766e7000 r-xp 00000000 07:00 2759931                    /usr/lib/libXnVHandGenerator_1_3_1.so
7f5f766e7000-7f5f768e7000 ---p 000e3000 07:00 2759931                    /usr/lib/libXnVHandGenerator_1_3_1.so
7f5f768e7000-7f5f768ec000 r--p 000e3000 07:00 2759931                    /usr/lib/libXnVHandGenerator_1_3_1.so
7f5f768ec000-7f5f768ed000 rw-p 000e8000 07:00 2759931                    /usr/lib/libXnVHandGenerator_1_3_1.so
7f5f768ed000-7f5f768f0000 rw-p 00000000 00:00 0 
7f5f768f0000-7f5f76d05000 r-xp 00000000 07:00 2759929                    /usr/lib/libXnVFeatures_1_5_2.so
7f5f76d05000-7f5f76f05000 ---p 00415000 07:00 2759929                    /usr/lib/libXnVFeatures_1_5_2.so
7f5f76f05000-7f5f76f16000 r--p 00415000 07:00 2759929                    /usr/lib/libXnVFeatures_1_5_2.so
7f5f76f16000-7f5f76f18000 rw-p 00426000 07:00 2759929                    /usr/lib/libXnVFeatures_1_5_2.so
7f5f76f18000-7f5f76f2d000 rw-p 00000000 00:00 0 
7f5f76f2d000-7f5f77124000 r-xp 00000000 07:00 2759928                    /usr/lib/libXnVFeatures_1_4_2.so
7f5f77124000-7f5f77323000 ---p 001f7000 07:00 2759928                    /usr/lib/libXnVFeatures_1_4_2.so
7f5f77323000-7f5f77329000 r--p 001f6000 07:00 2759928                    /usr/lib/libXnVFeatures_1_4_2.so
7f5f77329000-7f5f7732a000 rw-p 001fc000 07:00 2759928                    /usr/lib/libXnVFeatures_1_4_2.so
7f5f7732a000-7f5f77330000 rw-p 00000000 00:00 0 
7f5f77330000-7f5f77527000 r-xp 00000000 07:00 2759927                    /usr/lib/libXnVFeatures_1_4_1.so
7f5f77527000-7f5f77726000 ---p 001f7000 07:00 2759927                    /usr/lib/libXnVFeatures_1_4_1.so
7f5f77726000-7f5f7772c000 r--p 001f6000 07:00 2759927                    /usr/lib/libXnVFeatures_1_4_1.so
7f5f7772c000-7f5f7772d000 rw-p 001fc000 07:00 2759927                    /usr/lib/libXnVFeatures_1_4_1.so
7f5f7772d000-7f5f77733000 rw-p 00000000 00:00 0 
7f5f77733000-7f5f77978000 r-xp 00000000 07:00 2759926                    /usr/lib/libXnVFeatures_1_3_1.so
7f5f77978000-7f5f77b78000 ---p 00245000 07:00 2759926                    /usr/lib/libXnVFeatures_1_3_1.so
7f5f77b78000-7f5f77b7e000 r--p 00245000 07:00 2759926                    /usr/lib/libXnVFeatures_1_3_1.so
7f5f77b7e000-7f5f77b7f000 rw-p 0024b000 07:00 2759926                    /usr/lib/libXnVFeatures_1_3_1.so
7f5f77b7f000-7f5f77b86000 rw-p 00000000 00:00 0 
7f5f77b86000-7f5f77ba4000 r-xp 00000000 07:00 2760368                    /usr/lib/libnimRecorder.so
7f5f77ba4000-7f5f77da3000 ---p 0001e000 07:00 2760368                    /usr/lib/libnimRecorder.so
7f5f77da3000-7f5f77da5000 r--p 0001d000 07:00 2760368                    /usr/lib/libnimRecorder.so
7f5f77da5000-7f5f77da6000 rw-p 0001f000 07:00 2760368                    /usr/lib/libnimRecorder.so
7f5f77da6000-7f5f77ddc000 r-xp 00000000 07:00 2760366                    /usr/lib/libnimCodecs.so
7f5f77ddc000-7f5f77fdc000 ---p 00036000 07:00 2760366                    /usr/lib/libnimCodecs.so
7f5f77fdc000-7f5f77fdf000 r--p 00036000 07:00 2760366                    /usr/lib/libnimCodecs.so
7f5f77fdf000-7f5f77fe0000 rw-p 00039000 07:00 2760366                    /usr/lib/libnimCodecs.so
7f5f77fe0000-7f5f78000000 rw-p 00000000 00:00 0 
7f5f78000000-7f5f78021000 rw-p 00000000 00:00 0 
7f5f78021000-7f5f7c000000 ---p 00000000 00:00 0 
7f5f7c000000-7f5f7c021000 rw-p 00000000 00:00 0 
7f5f7c021000-7f5f80000000 ---p 00000000 00:00 0 
7f5f80000000-7f5f80297000 rw-p 00000000 00:00 0 
7f5f80297000-7f5f84000000 ---p 00000000 00:00 0 
7f5f84000000-7f5f84021000 rw-p 00000000 00:00 0 
7f5f84021000-7f5f88000000 ---p 00000000 00:00 0 
7f5f88000000-7f5f88021000 rw-p 00000000 00:00 0 
7f5f88021000-7f5f8c000000 ---p 00000000 00:00 0 
7f5f8c000000-7f5f8c353000 rw-p 00000000 00:00 0 
7f5f8c353000-7f5f90000000 ---p 00000000 00:00 0 
7f5f90000000-7f5f90021000 rw-p 00000000 00:00 0 
7f5f90021000-7f5f94000000 ---p 00000000 00:00 0 
7f5f94000000-7f5f94021000 rw-p 00000000 00:00 0 
7f5f94021000-7f5f98000000 ---p 00000000 00:00 0 
7f5f98000000-7f5f98021000 rw-p 00000000 00:00 0 
7f5f98021000-7f5f9c000000 ---p 00000000 00:00 0 
7f5f9c000000-7f5f9c021000 rw-p 00000000 00:00 0 
7f5f9c021000-7f5fa0000000 ---p 00000000 00:00 0 
7f5fa007f000-7f5fa01ac000 rw-p 00000000 00:00 0 
7f5fa01ac000-7f5fa01e3000 r-xp 00000000 07:00 2760367                    /usr/lib/libnimMockNodes.so
7f5fa01e3000-7f5fa03e2000 ---p 00037000 07:00 2760367                    /usr/lib/libnimMockNodes.so
7f5fa03e2000-7f5fa03ef000 r--p 00036000 07:00 2760367                    /usr/lib/libnimMockNodes.so
7f5fa03ef000-7f5fa03f0000 rw-p 00043000 07:00 2760367                    /usr/lib/libnimMockNodes.so
7f5fa03f0000-7f5fa03fe000 r-xp 00000000 07:00 136665                     /lib/x86_64-linux-gnu/libusb-1.0.so.0.1.0
7f5fa03fe000-7f5fa05fd000 ---p 0000e000 07:00 136665                     /lib/x86_64-linux-gnu/libusb-1.0.so.0.1.0
7f5fa05fd000-7f5fa05fe000 r--p 0000d000 07:00 136665                     /lib/x86_64-linux-gnu/libusb-1.0.so.0.1.0
7f5fa05fe000-7f5fa05ff000 rw-p 0000e000 07:00 136665                     /lib/x86_64-linux-gnu/libusb-1.0.so.0.1.0
7f5fa05ff000-7f5fa067c000 r-xp 00000000 07:00 2759909                    /usr/lib/libOpenNI.so
7f5fa067c000-7f5fa087b000 ---p 0007d000 07:00 2759909                    /usr/lib/libOpenNI.so
7f5fa087b000-7f5fa087e000 r--p 0007c000 07:00 2759909                    /usr/lib/libOpenNI.so
7f5fa087e000-7f5fa0881000 rw-p 0007f000 07:00 2759909                    /usr/lib/libOpenNI.so
7f5fa0881000-7f5fa0882000 rw-p 00000000 00:00 0 
7f5fa0882000-7f5fa08a6000 r-xp 00000000 07:00 2759908                    /usr/lib/libOpenNI.jni.so
7f5fa08a6000-7f5fa0aa5000 ---p 00024000 07:00 2759908                    /usr/lib/libOpenNI.jni.so
7f5fa0aa5000-7f5fa0aa6000 r--p 00023000 07:00 2759908                    /usr/lib/libOpenNI.jni.so
7f5fa0aa6000-7f5fa0aa9000 rw-p 00024000 07:00 2759908                    /usr/lib/libOpenNI.jni.so
7f5fa0aa9000-7f5fa0baa000 rwxp 00000000 00:00 0 
7f5fa0baa000-7f5fa0bab000 r--s 00000000 07:00 2229118                    /var/cache/fontconfig/c05880de57d1f5e948fdfacc138775d9-le64.cache-3
7f5fa0bab000-7f5fa0bb4000 r--s 00000000 07:00 2229112                    /var/cache/fontconfig/945677eb7aeaf62f1d50efc3fb3ec7d8-le64.cache-3
7f5fa0bb4000-7f5fa0bb8000 r--s 00000000 07:00 2229113                    /var/cache/fontconfig/99e8ed0e538f840c565b6ed5dad60d56-le64.cache-3
7f5fa0bb8000-7f5fa0bc0000 r--s 00000000 07:00 2229114                    /var/cache/fontconfig/a6d8cf8e4ec09cdbc8633c31745a07dd-le64.cache-3
7f5fa0bc0000-7f5fa0bc4000 r--s 00000000 07:00 2229098                    /var/cache/fontconfig/2cd17615ca594fa2959ae173292e504c-le64.cache-3
7f5fa0bc4000-7f5fa0bc5000 r--s 00000000 07:00 2229126                    /var/cache/fontconfig/e7071f4a29fa870f4323321c154eba04-le64.cache-3
7f5fa0bc5000-7f5fa0bc6000 r--s 00000000 07:00 2229096                    /var/cache/fontconfig/0d8c3b2ac0904cb8a57a757ad11a4a08-le64.cache-3
7f5fa0bc6000-7f5fa0bcc000 r--s 00000000 07:00 2229115                    /var/cache/fontconfig/a755afe4a08bf5b97852ceb7400b47bc-le64.cache-3
7f5fa0bcc000-7f5fa0bd5000 r--s 00000000 07:00 2229107                    /var/cache/fontconfig/6d41288fd70b0be22e8c3a91e032eec0-le64.cache-3
7f5fa0bd5000-7f5fa0be5000 r--s 00000000 07:00 2229094                    /var/cache/fontconfig/04aabc0a78ac019cf9454389977116d2-le64.cache-3
7f5fa0be5000-7f5fa0be8000 r--s 00000000 07:00 2229101                    /var/cache/fontconfig/385c0604a188198f04d133e54aba7fe7-le64.cache-3
7f5fa0be8000-7f5fa0bed000 r--s 00000000 07:00 2229116                    /var/cache/fontconfig/b47c4e1ecd0709278f4910c18777a504-le64.cache-3
7f5fa0bed000-7f5fa0bfd000 r--s 00000000 07:00 2229122                    /var/cache/fontconfig/d52a8644073d54c13679302ca1180695-le64.cache-3
7f5fa0c21000-7f5fa0c26000 r-xp 00000000 07:00 2766745                    /usr/lib/x86_64-linux-gnu/libXfixes.so.3.1.0
7f5fa0c26000-7f5fa0e25000 ---p 00005000 07:00 2766745                    /usr/lib/x86_64-linux-gnu/libXfixes.so.3.1.0
7f5fa0e25000-7f5fa0e26000 r--p 00004000 07:00 2766745                    /usr/lib/x86_64-linux-gnu/libXfixes.so.3.1.0
7f5fa0e26000-7f5fa0e27000 rw-p 00005000 07:00 2766745                    /usr/lib/x86_64-linux-gnu/libXfixes.so.3.1.0
7f5fa0e27000-7f5fa0e30000 r-xp 00000000 07:00 2766737                    /usr/lib/x86_64-linux-gnu/libXcursor.so.1.0.2
7f5fa0e30000-7f5fa102f000 ---p 00009000 07:00 2766737                    /usr/lib/x86_64-linux-gnu/libXcursor.so.1.0.2
7f5fa102f000-7f5fa1030000 r--p 00008000 07:00 2766737                    /usr/lib/x86_64-linux-gnu/libXcursor.so.1.0.2
7f5fa1030000-7f5fa1031000 rw-p 00009000 07:00 2766737                    /usr/lib/x86_64-linux-gnu/libXcursor.so.1.0.2
7f5fa1051000-7f5fa1052000 rw-s 00000000 00:12 1379749                    /run/shm/045e.02ae@1.56-SM
7f5fa1052000-7f5fa1056000 rw-s 00000000 00:04 1475444786                 /SYSV00000000 (deleted)
7f5fa1056000-7f5fa105d000 r--s 000fb000 07:00 2884213                    /usr/lib/jvm/java-6-openjdk-common/jre/lib/resources.jar
7f5fa105d000-7f5fa115e000 rwxp 00000000 00:00 0 
7f5fa115e000-7f5fa11f4000 r-xp 00000000 07:00 2767280                    /usr/lib/x86_64-linux-gnu/libfreetype.so.6.8.0
7f5fa11f4000-7f5fa13f3000 ---p 00096000 07:00 2767280                    /usr/lib/x86_64-linux-gnu/libfreetype.so.6.8.0
7f5fa13f3000-7f5fa13f9000 r--p 00095000 07:00 2767280                    /usr/lib/x86_64-linux-gnu/libfreetype.so.6.8.0
7f5fa13f9000-7f5fa13fa000 rw-p 0009b000 07:00 2767280                    /usr/lib/x86_64-linux-gnu/libfreetype.so.6.8.0
7f5fa13fa000-7f5fa1434000 r-xp 00000000 07:00 2884078                    /usr/lib/jvm/java-6-openjdk-amd64/jre/lib/amd64/libfontmanager.so
7f5fa1434000-7f5fa1633000 ---p 0003a000 07:00 2884078                    /usr/lib/jvm/java-6-openjdk-amd64/jre/lib/amd64/libfontmanager.so
7f5fa1633000-7f5fa1635000 r--p 00039000 07:00 2884078                    /usr/lib/jvm/java-6-openjdk-amd64/jre/lib/amd64/libfontmanager.so
7f5fa1635000-7f5fa1636000 rw-p 0003b000 07:00 2884078                    /usr/lib/jvm/java-6-openjdk-amd64/jre/lib/amd64/libfontmanager.so
7f5fa1636000-7f5fa163b000 r-xp 00000000 07:00 2766741                    /usr/lib/x86_64-linux-gnu/libXdmcp.so.6.0.0
7f5fa163b000-7f5fa183a000 ---p 00005000 07:00 2766741                    /usr/lib/x86_64-linux-gnu/libXdmcp.so.6.0.0
7f5fa183a000-7f5fa183b000 r--p 00004000 07:00 2766741                    /usr/lib/x86_64-linux-gnu/libXdmcp.so.6.0.0
7f5fa183b000-7f5fa183c000 rw-p 00005000 07:00 2766741                    /usr/lib/x86_64-linux-gnu/libXdmcp.so.6.0.0
7f5fa183c000-7f5fa183e000 r-xp 00000000 07:00 2766732                    /usr/lib/x86_64-linux-gnu/libXau.so.6.0.0
7f5fa183e000-7f5fa1a3d000 ---p 00002000 07:00 2766732                    /usr/lib/x86_64-linux-gnu/libXau.so.6.0.0
7f5fa1a3d000-7f5fa1a3e000 r--p 00001000 07:00 2766732                    /usr/lib/x86_64-linux-gnu/libXau.so.6.0.0
7f5fa1a3e000-7f5fa1a3f000 rw-p 00002000 07:00 2766732                    /usr/lib/x86_64-linux-gnu/libXau.so.6.0.0
7f5fa1a3f000-7f5fa1a5c000 r-xp 00000000 07:00 2767626                    /usr/lib/x86_64-linux-gnu/libxcb.so.1.1.0
7f5fa1a5c000-7f5fa1c5b000 ---p 0001d000 07:00 2767626                    /usr/lib/x86_64-linux-gnu/libxcb.so.1.1.0
7f5fa1c5b000-7f5fa1c5c000 r--p 0001c000 07:00 2767626                    /usr/lib/x86_64-linux-gnu/libxcb.so.1.1.0
7f5fa1c5c000-7f5fa1c5d000 rw-p 0001d000 07:00 2767626                    /usr/lib/x86_64-linux-gnu/libxcb.so.1.1.0
7f5fa1c5d000-7f5fa1c6b000 r-xp 00000000 07:00 2766749                    /usr/lib/x86_64-linux-gnu/libXi.so.6.1.0
7f5fa1c6b000-7f5fa1e6a000 ---p 0000e000 07:00 2766749                    /usr/lib/x86_64-linux-gnu/libXi.so.6.1.0
7f5fa1e6a000-7f5fa1e6b000 r--p 0000d000 07:00 2766749                    /usr/lib/x86_64-linux-gnu/libXi.so.6.1.0
7f5fa1e6b000-7f5fa1e6c000 rw-p 0000e000 07:00 2766749                    /usr/lib/x86_64-linux-gnu/libXi.so.6.1.0
7f5fa1e6c000-7f5fa1e71000 r-xp 00000000 07:00 2766764                    /usr/lib/x86_64-linux-gnu/libXtst.so.6.1.0
7f5fa1e71000-7f5fa2070000 ---p 00005000 07:00 2766764                    /usr/lib/x86_64-linux-gnu/libXtst.so.6.1.0
7f5fa2070000-7f5fa2071000 r--p 00004000 07:00 2766764                    /usr/lib/x86_64-linux-gnu/libXtst.so.6.1.0
7f5fa2071000-7f5fa2072000 rw-p 00005000 07:00 2766764                    /usr/lib/x86_64-linux-gnu/libXtst.so.6.1.0
7f5fa2072000-7f5fa207b000 r-xp 00000000 07:00 2766760                    /usr/lib/x86_64-linux-gnu/libXrender.so.1.3.0
7f5fa207b000-7f5fa227a000 ---p 00009000 07:00 2766760                    /usr/lib/x86_64-linux-gnu/libXrender.so.1.3.0
7f5fa227a000-7f5fa227b000 r--p 00008000 07:00 2766760                    /usr/lib/x86_64-linux-gnu/libXrender.so.1.3.0
7f5fa227b000-7f5fa227c000 rw-p 00009000 07:00 2766760                    /usr/lib/x86_64-linux-gnu/libXrender.so.1.3.0
7f5fa227c000-7f5fa23ab000 r-xp 00000000 07:00 2766730                    /usr/lib/x86_64-linux-gnu/libX11.so.6.3.0
7f5fa23ab000-7f5fa25ab000 ---p 0012f000 07:00 2766730                    /usr/lib/x86_64-linux-gnu/libX11.so.6.3.0
7f5fa25ab000-7f5fa25ac000 r--p 0012f000 07:00 2766730                    /usr/lib/x86_64-linux-gnu/libX11.so.6.3.0
7f5fa25ac000-7f5fa25b0000 rw-p 00130000 07:00 2766730                    /usr/lib/x86_64-linux-gnu/libX11.so.6.3.0
7f5fa25b0000-7f5fa25c0000 r-xp 00000000 07:00 2766743                    /usr/lib/x86_64-linux-gnu/libXext.so.6.4.0
7f5fa25c0000-7f5fa27bf000 ---p 00010000 07:00 2766743                    /usr/lib/x86_64-linux-gnu/libXext.so.6.4.0
7f5fa27bf000-7f5fa27c0000 r--p 0000f000 07:00 2766743                    /usr/lib/x86_64-linux-gnu/libXext.so.6.4.0
7f5fa27c0000-7f5fa27c1000 rw-p 00010000 07:00 2766743                    /usr/lib/x86_64-linux-gnu/libXext.so.6.4.0
7f5fa27c1000-7f5fa280c000 r-xp 00000000 07:00 2884115                    /usr/lib/jvm/java-6-openjdk-amd64/jre/lib/amd64/xawt/libmawt.so
7f5fa280c000-7f5fa2a0c000 ---p 0004b000 07:00 2884115                    /usr/lib/jvm/java-6-openjdk-amd64/jre/lib/amd64/xawt/libmawt.so
7f5fa2a0c000-7f5fa2a0d000 r--p 0004b000 07:00 2884115                    /usr/lib/jvm/java-6-openjdk-amd64/jre/lib/amd64/xawt/libmawt.so
7f5fa2a0d000-7f5fa2a10000 rw-p 0004c000 07:00 2884115                    /usr/lib/jvm/java-6-openjdk-amd64/jre/lib/amd64/xawt/libmawt.so
7f5fa2a10000-7f5fa2a11000 rw-p 00000000 00:00 0 
7f5fa2a11000-7f5fa2abd000 r-xp 00000000 07:00 2884076                    /usr/lib/jvm/java-6-openjdk-amd64/jre/lib/amd64/libawt.so
7f5fa2abd000-7f5fa2cbc000 ---p 000ac000 07:00 2884076                    /usr/lib/jvm/java-6-openjdk-amd64/jre/lib/amd64/libawt.so
7f5fa2cbc000-7f5fa2cbd000 r--p 000ab000 07:00 2884076                    /usr/lib/jvm/java-6-openjdk-amd64/jre/lib/amd64/libawt.so
7f5fa2cbd000-7f5fa2cc8000 rw-p 000ac000 07:00 2884076                    /usr/lib/jvm/java-6-openjdk-amd64/jre/lib/amd64/libawt.so
7f5fa2cc8000-7f5fa2ced000 rw-p 00000000 00:00 0 
7f5fa2ced000-7f5fa2cee000 ---p 00000000 00:00 0 
7f5fa2cee000-7f5fa2eef000 rwxp 00000000 00:00 0 
7f5fa2eef000-7f5fa2ef0000 ---p 00000000 00:00 0 
7f5fa2ef0000-7f5fa2ff0000 rwxp 00000000 00:00 0 
7f5fa2ff0000-7f5fa2ff1000 ---p 00000000 00:00 0 
7f5fa2ff1000-7f5fa31f2000 rwxp 00000000 00:00 0 
7f5fa31f2000-7f5fa3666000 r--p 00000000 07:00 2765053                    /usr/lib/locale/locale-archive
7f5fa3666000-7f5fa3868000 rwxp 00000000 00:00 0 
7f5fa3868000-7f5fa3869000 ---p 00000000 00:00 0 
7f5fa3869000-7f5fa3969000 rwxp 00000000 00:00 0 
7f5fa3969000-7f5fa3e6e000 rw-p 00000000 00:00 0 
7f5fa3e6e000-7f5fa4000000 r--s 037c2000 07:00 2884073                    /usr/lib/jvm/java-6-openjdk-amd64/jre/lib/rt.jar
7f5fa4000000-7f5fa4021000 rw-p 00000000 00:00 0 
7f5fa4021000-7f5fa8000000 ---p 00000000 00:00 0 
7f5fa8000000-7f5fa8021000 rw-p 00000000 00:00 0 
7f5fa8021000-7f5fac000000 ---p 00000000 00:00 0 
7f5fac000000-7f5fac021000 rw-p 00000000 00:00 0 
7f5fac021000-7f5fb0000000 ---p 00000000 00:00 0 
7f5fb0000000-7f5fb0001000 r--s 00000000 07:00 2229102                    /var/cache/fontconfig/4794a0821666d79190d59a36cb4f44b5-le64.cache-3
7f5fb0001000-7f5fb0004000 r--s 00000000 07:00 2229111                    /var/cache/fontconfig/8801497958630a81b71ace7c5f9b32a8-le64.cache-3
7f5fb0004000-7f5fb0009000 r--s 00000000 07:00 2229099                    /var/cache/fontconfig/3047814df9a2f067bd2d96a2b9c36e5a-le64.cache-3
7f5fb0009000-7f5fb000a000 r--s 00000000 07:00 2229104                    /var/cache/fontconfig/56cf4f4769d0f4abc89a4895d7bd3ae1-le64.cache-3
7f5fb000a000-7f5fb000b000 r--s 00000000 07:00 2229117                    /var/cache/fontconfig/b9d506c9ac06c20b433354fa67a72993-le64.cache-3
7f5fb000b000-7f5fb0017000 r--s 00000000 07:00 2229095                    /var/cache/fontconfig/089dead882dea3570ffc31a9898cfb69-le64.cache-3
7f5fb0017000-7f5fb002a000 r--s 00000000 07:00 2229124                    /var/cache/fontconfig/e13b20fdb08344e0e664864cc2ede53d-le64.cache-3
7f5fb002a000-7f5fb002e000 r--s 00000000 07:00 2229109                    /var/cache/fontconfig/7ef2298fde41cc6eeb7af42e48b7d293-le64.cache-3
7f5fb002e000-7f5fb002f000 r--s 00000000 07:00 2229118                    /var/cache/fontconfig/c05880de57d1f5e948fdfacc138775d9-le64.cache-3
7f5fb002f000-7f5fb0038000 r--s 00000000 07:00 2229112                    /var/cache/fontconfig/945677eb7aeaf62f1d50efc3fb3ec7d8-le64.cache-3
7f5fb0038000-7f5fb003c000 r--s 00000000 07:00 2229113                    /var/cache/fontconfig/99e8ed0e538f840c565b6ed5dad60d56-le64.cache-3
7f5fb003c000-7f5fb0044000 r--s 00000000 07:00 2229114                    /var/cache/fontconfig/a6d8cf8e4ec09cdbc8633c31745a07dd-le64.cache-3
7f5fb0044000-7f5fb0048000 r--s 00000000 07:00 2229098                    /var/cache/fontconfig/2cd17615ca594fa2959ae173292e504c-le64.cache-3
7f5fb0048000-7f5fb0049000 r--s 00000000 07:00 2229126                    /var/cache/fontconfig/e7071f4a29fa870f4323321c154eba04-le64.cache-3
7f5fb0049000-7f5fb004f000 r--s 00000000 07:00 2229115                    /var/cache/fontconfig/a755afe4a08bf5b97852ceb7400b47bc-le64.cache-3
7f5fb004f000-7f5fb0058000 r--s 00000000 07:00 2229107                    /var/cache/fontconfig/6d41288fd70b0be22e8c3a91e032eec0-le64.cache-3
7f5fb0058000-7f5fb0068000 r--s 00000000 07:00 2229094                    /var/cache/fontconfig/04aabc0a78ac019cf9454389977116d2-le64.cache-3
7f5fb0068000-7f5fb006b000 r--s 00000000 07:00 2229101                    /var/cache/fontconfig/385c0604a188198f04d133e54aba7fe7-le64.cache-3
7f5fb006b000-7f5fb007b000 r--s 00000000 07:00 2229122                    /var/cache/fontconfig/d52a8644073d54c13679302ca1180695-le64.cache-3
7f5fb007b000-7f5fb00d6000 rw-p 00000000 00:00 0 
7f5fb00d6000-7f5fb00d7000 ---p 00000000 00:00 0 
7f5fb00d7000-7f5fb01d7000 rwxp 00000000 00:00 0 
7f5fb01d7000-7f5fb01d8000 ---p 00000000 00:00 0 
7f5fb01d8000-7f5fb02d8000 rwxp 00000000 00:00 0 
7f5fb02d8000-7f5fb02d9000 ---p 00000000 00:00 0 
7f5fb02d9000-7f5fb03d9000 rwxp 00000000 00:00 0 
7f5fb03d9000-7f5fb03da000 ---p 00000000 00:00 0 
7f5fb03da000-7f5fb04da000 rwxp 00000000 00:00 0 
7f5fb04da000-7f5fb04e5000 rw-p 00000000 00:00 0 
7f5fb04e5000-7f5fb052d000 rw-p 00000000 00:00 0 
7f5fb052d000-7f5fb0557000 rw-p 00000000 00:00 0 
7f5fb0557000-7f5fb07be000 rw-p 00000000 00:00 0 
7f5fb07be000-7f5fb07c9000 rw-p 00000000 00:00 0 
7f5fb07c9000-7f5fb0811000 rw-p 00000000 00:00 0 
7f5fb0811000-7f5fb083b000 rw-p 00000000 00:00 0 
7f5fb083b000-7f5fb0aa1000 rw-p 00000000 00:00 0 
7f5fb0aa1000-7f5fb0ab7000 rw-p 00000000 00:00 0 
7f5fb0ab7000-7f5fb0bea000 rw-p 00000000 00:00 0 
7f5fb0bea000-7f5fb0beb000 rw-p 00000000 00:00 0 
7f5fb0beb000-7f5fb0e5b000 rwxp 00000000 00:00 0 
7f5fb0e5b000-7f5fb3beb000 rw-p 00000000 00:00 0 
7f5fb3beb000-7f5fb3bf2000 r-xp 00000000 07:00 2884105                    /usr/lib/jvm/java-6-openjdk-amd64/jre/lib/amd64/libzip.so
7f5fb3bf2000-7f5fb3df1000 ---p 00007000 07:00 2884105                    /usr/lib/jvm/java-6-openjdk-amd64/jre/lib/amd64/libzip.so
7f5fb3df1000-7f5fb3df2000 r--p 00006000 07:00 2884105                    /usr/lib/jvm/java-6-openjdk-amd64/jre/lib/amd64/libzip.so
7f5fb3df2000-7f5fb3df3000 rw-p 00007000 07:00 2884105                    /usr/lib/jvm/java-6-openjdk-amd64/jre/lib/amd64/libzip.so
7f5fb3df3000-7f5fb3dff000 r-xp 00000000 07:00 136638                     /lib/x86_64-linux-gnu/libnss_files-2.15.so
7f5fb3dff000-7f5fb3ffe000 ---p 0000c000 07:00 136638                     /lib/x86_64-linux-gnu/libnss_files-2.15.so
7f5fb3ffe000-7f5fb3fff000 r--p 0000b000 07:00 136638                     /lib/x86_64-linux-gnu/libnss_files-2.15.so
7f5fb3fff000-7f5fb4000000 rw-p 0000c000 07:00 136638                     /lib/x86_64-linux-gnu/libnss_files-2.15.so
7f5fb4000000-7f5fb7fff000 rw-p 00000000 00:00 0 
7f5fb7fff000-7f5fb8000000 ---p 00000000 00:00 0 
7f5fb8000000-7f5fb8001000 r--s 00000000 07:00 2229102                    /var/cache/fontconfig/4794a0821666d79190d59a36cb4f44b5-le64.cache-3
7f5fb8001000-7f5fb8004000 r--s 00000000 07:00 2229111                    /var/cache/fontconfig/8801497958630a81b71ace7c5f9b32a8-le64.cache-3
7f5fb8004000-7f5fb8009000 r--s 00000000 07:00 2229099                    /var/cache/fontconfig/3047814df9a2f067bd2d96a2b9c36e5a-le64.cache-3
7f5fb8009000-7f5fb8015000 r--s 00000000 07:00 2229095                    /var/cache/fontconfig/089dead882dea3570ffc31a9898cfb69-le64.cache-3
7f5fb8015000-7f5fb801f000 r-xp 00000000 07:00 136640                     /lib/x86_64-linux-gnu/libnss_nis-2.15.so
7f5fb801f000-7f5fb821f000 ---p 0000a000 07:00 136640                     /lib/x86_64-linux-gnu/libnss_nis-2.15.so
7f5fb821f000-7f5fb8220000 r--p 0000a000 07:00 136640                     /lib/x86_64-linux-gnu/libnss_nis-2.15.so
7f5fb8220000-7f5fb8221000 rw-p 0000b000 07:00 136640                     /lib/x86_64-linux-gnu/libnss_nis-2.15.so
7f5fb8221000-7f5fb8238000 r-xp 00000000 07:00 136635                     /lib/x86_64-linux-gnu/libnsl-2.15.so
7f5fb8238000-7f5fb8437000 ---p 00017000 07:00 136635                     /lib/x86_64-linux-gnu/libnsl-2.15.so
7f5fb8437000-7f5fb8438000 r--p 00016000 07:00 136635                     /lib/x86_64-linux-gnu/libnsl-2.15.so
7f5fb8438000-7f5fb8439000 rw-p 00017000 07:00 136635                     /lib/x86_64-linux-gnu/libnsl-2.15.so
7f5fb8439000-7f5fb843b000 rw-p 00000000 00:00 0 
7f5fb843b000-7f5fb8443000 r-xp 00000000 07:00 136636                     /lib/x86_64-linux-gnu/libnss_compat-2.15.so
7f5fb8443000-7f5fb8642000 ---p 00008000 07:00 136636                     /lib/x86_64-linux-gnu/libnss_compat-2.15.so
7f5fb8642000-7f5fb8643000 r--p 00007000 07:00 136636                     /lib/x86_64-linux-gnu/libnss_compat-2.15.so
7f5fb8643000-7f5fb8644000 rw-p 00008000 07:00 136636                     /lib/x86_64-linux-gnu/libnss_compat-2.15.so
7f5fb8644000-7f5fb8670000 r-xp 00000000 07:00 2884085                    /usr/lib/jvm/java-6-openjdk-amd64/jre/lib/amd64/libjava.so
7f5fb8670000-7f5fb886f000 ---p 0002c000 07:00 2884085                    /usr/lib/jvm/java-6-openjdk-amd64/jre/lib/amd64/libjava.so
7f5fb886f000-7f5fb8870000 r--p 0002b000 07:00 2884085                    /usr/lib/jvm/java-6-openjdk-amd64/jre/lib/amd64/libjava.so
7f5fb8870000-7f5fb8873000 rw-p 0002c000 07:00 2884085                    /usr/lib/jvm/java-6-openjdk-amd64/jre/lib/amd64/libjava.so
7f5fb8873000-7f5fb8881000 r-xp 00000000 07:00 2884104                    /usr/lib/jvm/java-6-openjdk-amd64/jre/lib/amd64/libverify.so
7f5fb8881000-7f5fb8a80000 ---p 0000e000 07:00 2884104                    /usr/lib/jvm/java-6-openjdk-amd64/jre/lib/amd64/libverify.so
7f5fb8a80000-7f5fb8a82000 r--p 0000d000 07:00 2884104                    /usr/lib/jvm/java-6-openjdk-amd64/jre/lib/amd64/libverify.so
7f5fb8a82000-7f5fb8a83000 rw-p 0000f000 07:00 2884104                    /usr/lib/jvm/java-6-openjdk-amd64/jre/lib/amd64/libverify.so
7f5fb8a83000-7f5fb8a8a000 r-xp 00000000 07:00 136656                     /lib/x86_64-linux-gnu/librt-2.15.so
7f5fb8a8a000-7f5fb8c89000 ---p 00007000 07:00 136656                     /lib/x86_64-linux-gnu/librt-2.15.so
7f5fb8c89000-7f5fb8c8a000 r--p 00006000 07:00 136656                     /lib/x86_64-linux-gnu/librt-2.15.so
7f5fb8c8a000-7f5fb8c8b000 rw-p 00007000 07:00 136656                     /lib/x86_64-linux-gnu/librt-2.15.so
7f5fb8c8b000-7f5fb8ca0000 r-xp 00000000 07:00 136622                     /lib/x86_64-linux-gnu/libgcc_s.so.1
7f5fb8ca0000-7f5fb8e9f000 ---p 00015000 07:00 136622                     /lib/x86_64-linux-gnu/libgcc_s.so.1
7f5fb8e9f000-7f5fb8ea0000 r--p 00014000 07:00 136622                     /lib/x86_64-linux-gnu/libgcc_s.so.1
7f5fb8ea0000-7f5fb8ea1000 rw-p 00015000 07:00 136622                     /lib/x86_64-linux-gnu/libgcc_s.so.1
7f5fb8ea1000-7f5fb8f9c000 r-xp 00000000 07:00 136628                     /lib/x86_64-linux-gnu/libm-2.15.so
7f5fb8f9c000-7f5fb919b000 ---p 000fb000 07:00 136628                     /lib/x86_64-linux-gnu/libm-2.15.so
7f5fb919b000-7f5fb919c000 r--p 000fa000 07:00 136628                     /lib/x86_64-linux-gnu/libm-2.15.so
7f5fb919c000-7f5fb919d000 rw-p 000fb000 07:00 136628                     /lib/x86_64-linux-gnu/libm-2.15.so
7f5fb919d000-7f5fb927f000 r-xp 00000000 07:00 2767523                    /usr/lib/x86_64-linux-gnu/libstdc++.so.6.0.16
7f5fb927f000-7f5fb947e000 ---p 000e2000 07:00 2767523                    /usr/lib/x86_64-linux-gnu/libstdc++.so.6.0.16
7f5fb947e000-7f5fb9486000 r--p 000e1000 07:00 2767523                    /usr/lib/x86_64-linux-gnu/libstdc++.so.6.0.16
7f5fb9486000-7f5fb9488000 rw-p 000e9000 07:00 2767523                    /usr/lib/x86_64-linux-gnu/libstdc++.so.6.0.16
7f5fb9488000-7f5fb949d000 rw-p 00000000 00:00 0 
7f5fb949d000-7f5fb9da2000 r-xp 00000000 07:00 2884114                    /usr/lib/jvm/java-6-openjdk-amd64/jre/lib/amd64/server/libjvm.so
7f5fb9da2000-7f5fb9fa2000 ---p 00905000 07:00 2884114                    /usr/lib/jvm/java-6-openjdk-amd64/jre/lib/amd64/server/libjvm.so
7f5fb9fa2000-7f5fba022000 r--p 00905000 07:00 2884114                    /usr/lib/jvm/java-6-openjdk-amd64/jre/lib/amd64/server/libjvm.so
7f5fba022000-7f5fba03d000 rw-p 00985000 07:00 2884114                    /usr/lib/jvm/java-6-openjdk-amd64/jre/lib/amd64/server/libjvm.so
7f5fba03d000-7f5fba066000 rw-p 00000000 00:00 0 
7f5fba066000-7f5fba07c000 r-xp 00000000 07:00 136669                     /lib/x86_64-linux-gnu/libz.so.1.2.3.4
7f5fba07c000-7f5fba27b000 ---p 00016000 07:00 136669                     /lib/x86_64-linux-gnu/libz.so.1.2.3.4
7f5fba27b000-7f5fba27c000 r--p 00015000 07:00 136669                     /lib/x86_64-linux-gnu/libz.so.1.2.3.4
7f5fba27c000-7f5fba27d000 rw-p 00016000 07:00 136669                     /lib/x86_64-linux-gnu/libz.so.1.2.3.4
7f5fba27d000-7f5fba432000 r-xp 00000000 07:00 136611                     /lib/x86_64-linux-gnu/libc-2.15.so
7f5fba432000-7f5fba631000 ---p 001b5000 07:00 136611                     /lib/x86_64-linux-gnu/libc-2.15.so
7f5fba631000-7f5fba635000 r--p 001b4000 07:00 136611                     /lib/x86_64-linux-gnu/libc-2.15.so
7f5fba635000-7f5fba637000 rw-p 001b8000 07:00 136611                     /lib/x86_64-linux-gnu/libc-2.15.so
7f5fba637000-7f5fba63c000 rw-p 00000000 00:00 0 
7f5fba63c000-7f5fba63e000 r-xp 00000000 07:00 136618                     /lib/x86_64-linux-gnu/libdl-2.15.so
7f5fba63e000-7f5fba83e000 ---p 00002000 07:00 136618                     /lib/x86_64-linux-gnu/libdl-2.15.so
7f5fba83e000-7f5fba83f000 r--p 00002000 07:00 136618                     /lib/x86_64-linux-gnu/libdl-2.15.so
7f5fba83f000-7f5fba840000 rw-p 00003000 07:00 136618                     /lib/x86_64-linux-gnu/libdl-2.15.so
7f5fba840000-7f5fba844000 r-xp 00000000 07:00 2884111                    /usr/lib/jvm/java-6-openjdk-amd64/jre/lib/amd64/jli/libjli.so
7f5fba844000-7f5fbaa43000 ---p 00004000 07:00 2884111                    /usr/lib/jvm/java-6-openjdk-amd64/jre/lib/amd64/jli/libjli.so
7f5fbaa43000-7f5fbaa44000 r--p 00003000 07:00 2884111                    /usr/lib/jvm/java-6-openjdk-amd64/jre/lib/amd64/jli/libjli.so
7f5fbaa44000-7f5fbaa45000 rw-p 00004000 07:00 2884111                    /usr/lib/jvm/java-6-openjdk-amd64/jre/lib/amd64/jli/libjli.so
7f5fbaa45000-7f5fbaa5d000 r-xp 00000000 07:00 136653                     /lib/x86_64-linux-gnu/libpthread-2.15.so
7f5fbaa5d000-7f5fbac5c000 ---p 00018000 07:00 136653                     /lib/x86_64-linux-gnu/libpthread-2.15.so
7f5fbac5c000-7f5fbac5d000 r--p 00017000 07:00 136653                     /lib/x86_64-linux-gnu/libpthread-2.15.so
7f5fbac5d000-7f5fbac5e000 rw-p 00018000 07:00 136653                     /lib/x86_64-linux-gnu/libpthread-2.15.so
7f5fbac5e000-7f5fbac62000 rw-p 00000000 00:00 0 
7f5fbac62000-7f5fbac84000 r-xp 00000000 07:00 136601                     /lib/x86_64-linux-gnu/ld-2.15.so
7f5fbac84000-7f5fbac97000 r--s 00000000 07:00 2229124                    /var/cache/fontconfig/e13b20fdb08344e0e664864cc2ede53d-le64.cache-3
7f5fbac97000-7f5fbaca1000 rw-p 00000000 00:00 0 
7f5fbaca1000-7f5fbad57000 rw-p 00000000 00:00 0 
7f5fbad57000-7f5fbad5a000 ---p 00000000 00:00 0 
7f5fbad5a000-7f5fbae58000 rwxp 00000000 00:00 0 
7f5fbae58000-7f5fbae5d000 rw-p 00000000 00:00 0 
7f5fbae5d000-7f5fbae5e000 r--s 00000000 07:00 2229096                    /var/cache/fontconfig/0d8c3b2ac0904cb8a57a757ad11a4a08-le64.cache-3
7f5fbae5e000-7f5fbae5f000 r--s 00000000 07:00 2229104                    /var/cache/fontconfig/56cf4f4769d0f4abc89a4895d7bd3ae1-le64.cache-3
7f5fbae5f000-7f5fbae60000 r--s 00000000 07:00 2229117                    /var/cache/fontconfig/b9d506c9ac06c20b433354fa67a72993-le64.cache-3
7f5fbae60000-7f5fbae65000 r--s 00000000 07:00 2229116                    /var/cache/fontconfig/b47c4e1ecd0709278f4910c18777a504-le64.cache-3
7f5fbae65000-7f5fbae69000 r--s 00000000 07:00 2229109                    /var/cache/fontconfig/7ef2298fde41cc6eeb7af42e48b7d293-le64.cache-3
7f5fbae69000-7f5fbae6a000 r--s 00007000 07:00 1188646                    /usr/share/java/java-atk-wrapper.jar
7f5fbae6a000-7f5fbae6c000 r--s 00001000 07:00 2884220                    /usr/lib/jvm/java-6-openjdk-common/jre/lib/ext/dnsns.jar
7f5fbae6c000-7f5fbae6f000 r--s 00031000 07:00 2884223                    /usr/lib/jvm/java-6-openjdk-common/jre/lib/ext/sunjce_provider.jar
7f5fbae6f000-7f5fbae71000 r--s 0000f000 07:00 2884222                    /usr/lib/jvm/java-6-openjdk-common/jre/lib/ext/pulse-java.jar
7f5fbae71000-7f5fbae75000 r--s 00038000 07:00 2884224                    /usr/lib/jvm/java-6-openjdk-common/jre/lib/ext/sunpkcs11.jar
7f5fbae75000-7f5fbae78000 r--s 00077000 07:00 2884221                    /usr/lib/jvm/java-6-openjdk-common/jre/lib/ext/localedata.jar
7f5fbae78000-7f5fbae80000 rw-s 00000000 07:00 691                        /tmp/hsperfdata_qyr1987/30241
7f5fbae80000-7f5fbae81000 rw-p 00000000 00:00 0 
7f5fbae81000-7f5fbae82000 r--p 00000000 00:00 0 
7f5fbae82000-7f5fbae84000 rw-p 00000000 00:00 0 
7f5fbae84000-7f5fbae85000 r--p 00022000 07:00 136601                     /lib/x86_64-linux-gnu/ld-2.15.so
7f5fbae85000-7f5fbae87000 rw-p 00023000 07:00 136601                     /lib/x86_64-linux-gnu/ld-2.15.so
7fff78cdd000-7fff78cfc000 rwxp 00000000 00:00 0                          [stack]
7fff78cfc000-7fff78cfe000 rw-p 00000000 00:00 0 
7fff78dff000-7fff78e00000 r-xp 00000000 00:00 0                          [vdso]
ffffffffff600000-ffffffffff601000 r-xp 00000000 00:00 0                  [vsyscall]

VM Arguments:
jvm_args: -Dfile.encoding=UTF-8 
java_command: edu.seas.upenn.ese519.MainFrame
Launcher Type: SUN_STANDARD

Environment Variables:
PATH=/home/qyr1987/bin:/usr/lib/lightdm/lightdm:/usr/local/sbin:/usr/local/bin:/usr/sbin:/usr/bin:/sbin:/bin:/usr/games
LD_LIBRARY_PATH=/usr/lib/jvm/java-6-openjdk-amd64/jre/lib/amd64/server:/usr/lib/jvm/java-6-openjdk-amd64/jre/lib/amd64:/usr/lib/jvm/java-6-openjdk-amd64/jre/../lib/amd64
SHELL=/bin/bash
DISPLAY=:0

Signal Handlers:
SIGSEGV: [libjvm.so+0x7852e0], sa_mask[0]=0x7ffbfeff, sa_flags=0x10000004
SIGBUS: [libjvm.so+0x7852e0], sa_mask[0]=0x7ffbfeff, sa_flags=0x10000004
SIGFPE: [libjvm.so+0x648d40], sa_mask[0]=0x7ffbfeff, sa_flags=0x10000004
SIGPIPE: [libjvm.so+0x648d40], sa_mask[0]=0x7ffbfeff, sa_flags=0x10000004
SIGXFSZ: [libjvm.so+0x648d40], sa_mask[0]=0x7ffbfeff, sa_flags=0x10000004
SIGILL: [libjvm.so+0x648d40], sa_mask[0]=0x7ffbfeff, sa_flags=0x10000004
SIGUSR1: SIG_DFL, sa_mask[0]=0x00000000, sa_flags=0x00000000
SIGUSR2: [libjvm.so+0x648ef0], sa_mask[0]=0x00000004, sa_flags=0x10000004
SIGHUP: [libjvm.so+0x64ba10], sa_mask[0]=0x7ffbfeff, sa_flags=0x10000004
SIGINT: [libjvm.so+0x64ba10], sa_mask[0]=0x7ffbfeff, sa_flags=0x10000004
SIGTERM: [libjvm.so+0x64ba10], sa_mask[0]=0x7ffbfeff, sa_flags=0x10000004
SIGQUIT: [libjvm.so+0x64ba10], sa_mask[0]=0x7ffbfeff, sa_flags=0x10000004


---------------  S Y S T E M  ---------------

OS:Ubuntu 12.04 (precise)
uname:Linux 3.2.0-33-generic #52-Ubuntu SMP Thu Oct 18 16:29:15 UTC 2012 x86_64
libc:glibc 2.15 NPTL 2.15 
rlimit: STACK 8192k, CORE 0k, NPROC 62854, NOFILE 4096, AS infinity
load average:0.35 0.31 0.32

/proc/meminfo:
MemTotal:        8062936 kB
MemFree:         1538748 kB
Buffers:         1514480 kB
Cached:          2023836 kB
SwapCached:          188 kB
Active:          3606948 kB
Inactive:        2430348 kB
Active(anon):    2143180 kB
Inactive(anon):   860944 kB
Active(file):    1463768 kB
Inactive(file):  1569404 kB
Unevictable:        2708 kB
Mlocked:              32 kB
SwapTotal:        262140 kB
SwapFree:         230184 kB
Dirty:               316 kB
Writeback:             0 kB
AnonPages:       2501772 kB
Mapped:           212676 kB
Shmem:            502468 kB
Slab:             310048 kB
SReclaimable:     233244 kB
SUnreclaim:        76804 kB
KernelStack:        4992 kB
PageTables:        48464 kB
NFS_Unstable:          0 kB
Bounce:                0 kB
WritebackTmp:          0 kB
CommitLimit:     4293608 kB
Committed_AS:    6482052 kB
VmallocTotal:   34359738367 kB
VmallocUsed:      414636 kB
VmallocChunk:   34359259784 kB
HardwareCorrupted:     0 kB
AnonHugePages:         0 kB
HugePages_Total:       0
HugePages_Free:        0
HugePages_Rsvd:        0
HugePages_Surp:        0
Hugepagesize:       2048 kB
DirectMap4k:      137216 kB
DirectMap2M:     8142848 kB


CPU:total 4 (2 cores per cpu, 2 threads per core) family 6 model 42 stepping 7, cmov, cx8, fxsr, mmx, sse, sse2, sse3, ssse3, sse4.1, sse4.2, popcnt, ht

Memory: 4k page, physical 8062936k(1538748k free), swap 262140k(230184k free)

vm_info: OpenJDK 64-Bit Server VM (20.0-b12) for linux-amd64 JRE (1.6.0_24-b24), built on Oct 24 2012 16:17:28 by "buildd" with gcc 4.6.3

time: Mon Nov 26 16:18:09 2012
elapsed time: 6 seconds

